<?xml version="1.0" standalone="no"?>
<!-- State output file for the DCT growth modeling-->
<SimState>
   <Matrix name="radiiHistory" type="complete" rows="3" columns="10000" multiplier="1.0">
   0.4 0.4 0.4 0.4 0.4 0.4 0.4 0.4 0.4 0.4 0.4 0.4 0.4 0.4 0.4 0.4 0.4 0.4 0.4 0.4 0.4 0.4 0.4 0.4 0.4 0.4 0.4 0.4 0.4 0.4 0.4 0.4 0.4 0.4 0.4 0.4 0.4 0.4 0.4 0.4 0.4 0.4 0.4 0.4 0.4 0.4 0.4 0.4 0.4 0.4 0.4 0.4 0.4 0.4 0.4 0.4 0.4 0.4 0.4 0.4 0.4 0.4 0.4 0.4 0.4 0.4 0.4 0.4 0.4 0.4 0.4 0.4 0.4 0.4 0.4 0.4 0.4 0.4 0.4 0.4 0.4 0.4 0.4 0.4 0.4 0.4 0.4 0.4 0.4 0.4 0.4 0.4 0.4 0.4 0.4 0.4 0.4 0.4 0.4 0.4 0.4 0.4 0.4 0.4 0.4 0.4 0.4 0.4 0.4 0.4 0.4 0.4 0.4 0.4 0.4 0.4 0.4 0.4 0.4 0.4 0.4 0.4 0.4 0.4 0.4 0.4 0.4 0.4 0.4 0.4 0.4 0.4 0.4 0.4 0.4 0.4 0.4 0.4 0.4 0.4 0.4 0.4 0.4 0.4 0.4 0.4 0.4 0.4 0.4 0.4 0.4 0.4 0.4 0.4 0.4 0.4 0.4 0.4 0.4 0.4 0.4 0.4 0.4 0.4 0.4 0.4 0.4 0.4 0.4 0.4 0.4 0.4 0.4 0.4 0.4 0.4 0.4 0.4 0.4 0.4 0.4 0.4 0.4 0.4 0.4 0.4 0.4 0.4 0.4 0.4 0.4 0.4 0.4 0.4 0.4 0.4 0.4 0.4 0.4 0.4 0.4 0.4 0.4 0.4 0.4 0.4 0.4 0.4 0.4 0.4 0.4 0.4 0.4 0.4 0.4 0.4 0.4 0.4 0.4 0.4 0.4 0.4 0.4 0.4 0.4 0.4 0.4 0.4 0.4 0.4 0.4 0.4 0.4 0.4 0.4 0.4 0.4 0.4 0.4 0.4 0.4 0.4 0.4 0.4 0.4 0.4 0.4 0.4 0.4 0.4 0.4 0.4 0.4 0.4 0.4 0.4 0.4 0.4 0.4 0.4 0.4 0.4 0.4 0.4 0.4 0.4 0.4 0.4 0.4 0.4 0.4 0.4 0.4 0.4 0.4 0.4 0.4 0.4 0.4 0.4 0.4 0.4 0.4 0.4 0.4 0.4 0.4 0.4 0.4 0.4 0.4 0.4 0.4 0.4 0.4 0.4 0.4 0.4 0.4 0.4 0.4 0.4 0.4 0.4 0.4 0.4 0.4 0.4 0.4 0.4 0.4 0.4 0.4 0.4 0.4 0.4 0.4 0.4 0.4 0.4 0.4 0.4 0.4 0.4 0.4 0.4 0.4 0.4 0.4 0.4 0.4 0.4 0.4 0.4 0.4 0.4 0.4 0.4 0.4 0.4 0.4 0.4 0.4 0.4 0.4 0.4 0.4 0.4 0.4 0.4 0.4 0.4 0.4 0.4 0.4 0.4 0.4 0.4 0.4 0.4 0.4 0.4 0.4 0.4 0.4 0.4 0.4 0.4 0.4 0.4 0.4 0.4 0.4 0.4 0.4 0.4 0.4 0.4 0.4 0.4 0.4 0.4 0.4 0.4 0.4 0.4 0.4 0.4 0.4 0.4 0.4 0.4 0.4 0.4 0.4 0.4 0.4 0.4 0.4 0.4 0.4 0.4 0.4 0.4 0.4 0.4 0.4 0.4 0.4 0.4 0.4 0.4 0.4 0.4 0.4 0.4 0.4 0.4 0.4 0.4 0.4 0.4 0.4 0.4 0.4 0.4 0.4 0.4 0.4 0.4 0.4 0.4 0.4 0.4 0.4 0.4 0.4 0.4 0.4 0.4 0.4 0.4 0.4 0.4 0.4 0.4 0.4 0.4 0.4 0.4 0.4 0.4 0.4 0.4 0.4 0.4 0.4 0.4 0.4 0.4 0.4 0.4 0.4 0.4 0.4 0.4 0.4 0.4 0.4 0.4 0.4 0.4 0.4 0.4 0.4 0.4 0.4 0.4 0.4 0.4 0.4 0.4 0.4 0.4 0.4 0.4 0.4 0.4 0.4 0.4 0.4 0.4 0.4 0.4 0.4 0.4 0.4 0.4 0.4 0.4 0.4 0.4 0.4 0.4 0.4 0.4 0.4 0.4 0.4 0.4 0.4 0.4 0.4 0.4 0.4 0.4 0.4 0.4 0.4 0.4 0.4 0.4 0.4 0.4 0.4 0.4 0.4 0.4 0.4 0.4 0.4 0.4 0.4 0.4 0.4 0.4 0.4 0.4 0.4 0.4 0.4 0.4 0.4 0.4 0.4 0.4 0.4 0.4 0.4 0.4 0.4 0.4 0.4 0.4 0.4 0.4 0.4 0.4 0.4 0.4 0.4 0.4 0.4 0.4 0.4 0.4 0.4 0.4 0.4 0.4 0.4 0.4 0.4 0.4 0.4 0.4 0.4 0.4 0.4 0.4 0.4 0.4 0.4 0.4 0.4 0.4 0.4 0.4 0.4 0.4 0.4 0.4 0.4 0.4 0.4 0.4 0.4 0.4 0.4 0.4 0.4 0.4 0.4 0.4 0.4 0.4 0.4 0.4 0.4 0.4 0.4 0.4 0.4 0.4 0.4 0.4 0.4 0.4 0.4 0.4 0.4 0.4 0.4 0.4 0.4 0.4 0.4 0.4 0.4 0.4 0.4 0.4 0.4 0.4 0.4 0.4 0.4 0.4 0.4 0.4 0.4 0.4 0.4 0.4 0.4 0.4 0.4 0.4 0.4 0.4 0.4 0.4 0.4 0.4 0.4 0.4 0.4 0.4 0.4 0.4 0.4 0.4 0.4 0.4 0.4 0.4 0.4 0.4 0.4 0.4 0.4 0.4 0.4 0.4 0.4 0.4 0.4 0.4 0.4 0.4 0.4 0.4 0.4 0.4 0.4 0.4 0.4 0.4 0.4 0.4 0.4 0.4 0.4 0.4 0.4 0.4 0.4 0.4 0.4 0.4 0.4 0.4 0.4 0.4 0.4 0.4 0.4 0.4 0.4 0.4 0.4 0.4 0.4 0.4 0.4 0.4 0.4 0.4 0.4 0.4 0.4 0.4 0.4 0.4 0.4 0.4 0.4 0.4 0.4 0.4 0.4 0.4 0.4 0.4 0.4 0.4 0.4 0.4 0.4 0.4 0.4 0.4 0.4 0.4 0.4 0.4 0.4 0.4 0.4 0.4 0.4 0.4 0.4 0.4 0.4 0.4 0.4 0.4 0.4 0.4 0.4 0.4 0.4 0.4 0.4 0.4 0.4 0.4 0.4 0.4 0.4 0.4 0.4 0.4 0.4 0.4 0.4 0.4 0.4 0.4 0.4 0.4 0.4 0.4 0.4 0.4 0.4 0.4 0.4 0.4 0.4 0.4 0.4 0.4 0.4 0.4 0.4 0.4 0.4 0.4 0.4 0.4 0.4 0.4 0.4 0.4 0.4 0.4 0.4 0.4 0.4 0.4 0.4 0.4 0.4 0.4 0.4 0.4 0.4 0.4 0.4 0.4 0.4 0.4 0.4 0.4 0.4 0.4 0.4 0.4 0.4 0.4 0.4 0.4 0.4 0.4 0.4 0.4 0.4 0.4 0.4 0.4 0.4 0.4 0.4 0.4 0.4 0.4 0.4 0.4 0.4 0.4 0.4 0.4 0.4 0.4 0.4 0.4 0.4 0.4 0.4 0.4 0.4 0.4 0.4 0.4 0.4 0.4 0.4 0.4 0.4 0.4 0.4 0.4 0.4 0.4 0.4 0.4 0.4 0.4 0.4 0.4 0.4 0.4 0.4 0.4 0.4 0.4 0.4 0.4 0.4 0.4 0.4 0.4 0.4 0.4 0.4 0.4 0.4 0.4 0.4 0.4 0.4 0.4 0.4 0.4 0.4 0.4 0.4 0.4 0.4 0.4 0.4 0.4 0.4 0.4 0.4 0.4 0.4 0.4 0.4 0.4 0.4 0.4 0.4 0.4 0.4 0.4 0.4 0.4 0.4 0.4 0.4 0.4 0.4 0.4 0.4 0.4 0.4 0.4 0.4 0.4 0.4 0.4 0.4 0.4 0.4 0.4 0.4 0.4 0.4 0.4 0.4 0.4 0.4 0.4 0.4 0.4 0.4 0.4 0.4 0.4 0.4 0.4 0.4 0.4 0.4 0.4 0.4 0.4 0.4 0.4 0.4 0.4 0.4 0.4 0.4 0.4 0.4 0.4 0.4 0.4 0.4 0.4 0.4 0.4 0.4 0.4 0.4 0.4 0.4 0.4 0.4 0.4 0.4 0.4 0.4 0.4 0.4 0.4 0.4 0.4 0.4 0.4 0.4 0.4 0.4 0.4 0.4 0.4 0.4 0.4 0.4 0.4 0.4 0.4 0.4 0.4 0.4 0.4 0.4 0.4 0.4 0.4 0.4 0.4 0.4 0.4 0.4 0.4 0.4 0.4 0.4 0.4 0.4 0.4 0.4 0.4 0.4 0.4 0.4 0.4 0.4 0.4 0.4 0.4 0.4 0.4 0.4 0.4 0.4 0.4 0.4 0.4 0.4 0.4 0.4 0.4 0.4 0.4 0.4 0.4 0.4 0.4 0.4 0.4 0.4 0.4 0.4 0.4 0.4 0.4 0.4 0.4 0.4 0.4 0.4 0.4 0.4 0.4 0.4 0.4 0.4 0.4 0.4 0.4 0.4 0.4 0.4 0.4 0.4 0.4 0.4 0.4 0.4 0.4 0.4 0.4 0.4 0.4 0.4 0.4 0.4 0.4 0.4 0.4 0.4 0.4 0.4 0.4 0.4 0.4 0.4 0.4 0.4 0.4 0.4 0.4 0.4 0.4 0.4 0.4 0.4 0.4 0.4 0.4 0.4 0.4 0.4 0.4 0.4 0.4 0.4 0.4 0.4 0.4 0.4 0.4 0.4 0.4 0.4 0.4 0.4 0.4 0.4 0.4 0.4 0.4 0.4 0.4 0.4 0.4 0.4 0.4 0.4 0.4 0.4 0.4 0.4 0.4 0.4 0.4 0.4 0.4 0.4 0.4 0.4 0.4 0.4 0.4 0.4 0.4 0.4 0.4 0.4 0.4 0.4 0.4 0.4 0.4 0.4 0.4 0.4 0.4 0.4 0.4 0.4 0.4 0.4 0.4 0.4 0.4 0.4 0.4 0.4 0.4 0.4 0.4 0.4 0.4 0.4 0.4 0.4 0.4 0.4 0.4 0.4 0.4 0.4 0.4 0.4 0.4 0.4 0.4 0.4 0.4 0.4 0.4 0.4 0.4 0.4 0.4 0.4 0.4 0.4 0.4 0.4 0.4 0.4 0.4 0.4 0.4 0.4 0.4 0.4 0.4 0.4 0.4 0.4 0.4 0.4 0.4 0.4 0.4 0.4 0.4 0.4 0.4 0.4 0.4 0.4 0.4 0.4 0.4 0.4 0.4 0.4 0.4 0.4 0.4 0.4 0.4 0.4 0.4 0.4 0.4 0.4 0.4 0.4 0.4 0.4 0.4 0.4 0.4 0.4 0.4 0.4 0.4 0.4 0.4 0.4 0.4 0.4 0.4 0.4 0.4 0.4 0.4 0.4 0.4 0.4 0.4 0.4 0.4 0.4 0.4 0.4 0.4 0.4 0.4 0.4 0.4 0.4 0.4 0.4 0.4 0.4 0.4 0.4 0.4 0.4 0.4 0.4 0.4 0.4 0.4 0.4 0.4 0.4 0.4 0.4 0.4 0.4 0.4 0.4 0.4 0.4 0.4 0.4 0.4 0.4 0.4 0.4 0.4 0.4 0.4 0.4 0.4 0.4 0.4 0.4 0.4 0.4 0.4 0.4 0.4 0.4 0.4 0.4 0.4 0.4 0.4 0.4 0.4 0.4 0.4 0.4 0.4 0.4 0.4 0.4 0.4 0.4 0.4 0.4 0.4 0.4 0.4 0.4 0.4 0.4 0.4 0.4 0.4 0.4 0.4 0.4 0.4 0.4 0.4 0.4 0.4 0.4 0.4 0.4 0.4 0.4 0.4 0.4 0.4 0.4 0.4 0.4 0.4 0.4 0.4 0.4 0.4 0.4 0.4 0.4 0.4 0.4 0.4 0.4 0.4 0.4 0.4 0.4 0.4 0.4 0.4 0.4 0.4 0.4 0.4 0.4 0.4 0.4 0.4 0.4 0.4 0.4 0.4 0.4 0.4 0.4 0.4 0.4 0.4 0.4 0.4 0.4 0.4 0.4 0.4 0.4 0.4 0.4 0.4 0.4 0.4 0.4 0.4 0.4 0.4 0.4 0.4 0.4 0.4 0.4 0.4 0.4 0.4 0.4 0.4 0.4 0.4 0.4 0.4 0.4 0.4 0.4 0.4 0.4 0.4 0.4 0.4 0.4 0.4 0.4 0.4 0.4 0.4 0.4 0.4 0.4 0.4 0.4 0.4 0.4 0.4 0.4 0.4 0.4 0.4 0.4 0.4 0.4 0.4 0.4 0.4 0.4 0.4 0.4 0.4 0.4 0.4 0.4 0.4 0.4 0.4 0.4 0.4 0.4 0.4 0.4 0.4 0.4 0.4 0.4 0.4 0.4 0.4 0.4 0.4 0.4 0.4 0.4 0.4 0.4 0.4 0.4 0.4 0.4 0.4 0.4 0.4 0.4 0.4 0.4 0.4 0.4 0.4 0.4 0.4 0.4 0.4 0.4 0.4 0.4 0.4 0.4 0.4 0.4 0.4 0.4 0.4 0.4 0.4 0.4 0.4 0.4 0.4 0.4 0.4 0.4 0.4 0.4 0.4 0.4 0.4 0.4 0.4 0.4 0.4 0.4 0.4 0.4 0.4 0.4 0.4 0.4 0.4 0.4 0.4 0.4 0.4 0.4 0.4 0.4 0.4 0.4 0.4 0.4 0.4 0.4 0.4 0.4 0.4 0.4 0.4 0.4 0.4 0.4 0.4 0.4 0.4 0.4 0.4 0.4 0.4 0.4 0.4 0.4 0.4 0.4 0.4 0.4 0.4 0.4 0.4 0.4 0.4 0.4 0.4 0.4 0.4 0.4 0.4 0.4 0.4 0.4 0.4 0.4 0.4 0.4 0.4 0.4 0.4 0.4 0.4 0.4 0.4 0.4 0.4 0.4 0.4 0.4 0.4 0.4 0.4 0.4 0.4 0.4 0.4 0.4 0.4 0.4 0.4 0.4 0.4 0.4 0.4 0.4 0.4 0.4 0.4 0.4 0.4 0.4 0.4 0.4 0.4 0.4 0.4 0.4 0.4 0.4 0.4 0.4 0.4 0.4 0.4 0.4 0.4 0.4 0.4 0.4 0.4 0.4 0.4 0.4 0.4 0.4 0.4 0.4 0.4 0.4 0.4 0.4 0.4 0.4 0.4 0.4 0.4 0.4 0.4 0.4 0.4 0.4 0.4 0.4 0.4 0.4 0.4 0.4 0.4 0.4 0.4 0.4 0.4 0.4 0.4 0.4 0.4 0.4 0.4 0.4 0.4 0.4 0.4 0.4 0.4 0.4 0.4 0.4 0.4 0.4 0.4 0.4 0.4 0.4 0.4 0.4 0.4 0.4 0.4 0.4 0.4 0.4 0.4 0.4 0.4 0.4 0.4 0.4 0.4 0.4 0.4 0.4 0.4 0.4 0.4 0.4 0.4 0.4 0.4 0.4 0.4 0.4 0.4 0.4 0.4 0.4 0.4 0.4 0.4 0.4 0.4 0.4 0.4 0.4 0.4 0.4 0.4 0.4 0.4 0.4 0.4 0.4 0.4 0.4 0.4 0.4 0.4 0.4 0.4 0.4 0.4 0.4 0.4 0.4 0.4 0.4 0.4 0.4 0.4 0.4 0.4 0.4 0.4 0.4 0.4 0.4 0.4 0.4 0.4 0.4 0.4 0.4 0.4 0.4 0.4 0.4 0.4 0.4 0.4 0.4 0.4 0.4 0.4 0.4 0.4 0.4 0.4 0.4 0.4 0.4 0.4 0.4 0.4 0.4 0.4 0.4 0.4 0.4 0.4 0.4 0.4 0.4 0.4 0.4 0.4 0.4 0.4 0.4 0.4 0.4 0.4 0.4 0.4 0.4 0.4 0.4 0.4 0.4 0.4 0.4 0.4 0.4 0.4 0.4 0.4 0.4 0.4 0.4 0.4 0.4 0.4 0.4 0.4 0.4 0.4 0.4 0.4 0.4 0.4 0.4 0.4 0.4 0.4 0.4 0.4 0.4 0.4 0.4 0.4 0.4 0.4 0.4 0.4 0.4 0.4 0.4 0.4 0.4 0.4 0.4 0.4 0.4 0.4 0.4 0.4 0.4 0.4 0.4 0.4 0.4 0.4 0.4 0.4 0.4 0.4 0.4 0.4 0.4 0.4 0.4 0.4 0.4 0.4 0.4 0.4 0.4 0.4 0.4 0.4 0.4 0.4 0.4 0.4 0.4 0.4 0.4 0.4 0.4 0.4 0.4 0.4 0.4 0.4 0.4 0.4 0.4 0.4 0.4 0.4 0.4 0.4 0.4 0.4 0.4 0.4 0.4 0.4 0.4 0.4 0.4 0.4 0.4 0.4 0.4 0.4 0.4 0.4 0.4 0.4 0.4 0.4 0.4 0.4 0.4 0.4 0.4 0.4 0.4 0.4 0.4 0.4 0.4 0.4 0.4 0.4 0.4 0.4 0.4 0.4 0.4 0.4 0.4 0.4 0.4 0.4 0.4 0.4 0.4 0.4 0.4 0.4 0.4 0.4 0.4 0.4 0.4 0.4 0.4 0.4 0.4 0.4 0.4 0.4 0.4 0.4 0.4 0.4 0.4 0.4 0.4 0.4 0.4 0.4 0.4 0.4 0.4 0.4 0.4 0.4 0.4 0.4 0.4 0.4 0.4 0.4 0.4 0.4 0.4 0.4 0.4 0.4 0.4 0.4 0.4 0.4 0.4 0.4 0.4 0.4 0.4 0.4 0.4 0.4 0.4 0.4 0.4 0.4 0.4 0.4 0.4 0.4 0.4 0.4 0.4 0.4 0.4 0.4 0.4 0.4 0.4 0.4 0.4 0.4 0.4 0.4 0.4 0.4 0.4 0.4 0.4 0.4 0.4 0.4 0.4 0.4 0.4 0.4 0.4 0.4 0.4 0.4 0.4 0.4 0.4 0.4 0.4 0.4 0.4 0.4 0.4 0.4 0.4 0.4 0.4 0.4 0.4 0.4 0.4 0.4 0.4 0.4 0.4 0.4 0.4 0.4 0.4 0.4 0.4 0.4 0.4 0.4 0.4 0.4 0.4 0.4 0.4 0.4 0.4 0.4 0.4 0.4 0.4 0.4 0.4 0.4 0.4 0.4 0.4 0.4 0.4 0.4 0.4 0.4 0.4 0.4 0.4 0.4 0.4 0.4 0.4 0.4 0.4 0.4 0.4 0.4 0.4 0.4 0.4 0.4 0.4 0.4 0.4 0.4 0.4 0.4 0.4 0.4 0.4 0.4 0.4 0.4 0.4 0.4 0.4 0.4 0.4 0.4 0.4 0.4 0.4 0.4 0.4 0.4 0.4 0.4 0.4 0.4 0.4 0.4 0.4 0.4 0.4 0.4 0.4 0.4 0.4 0.4 0.4 0.4 0.4 0.4 0.4 0.4 0.4 0.4 0.4 0.4 0.4 0.4 0.4 0.4 0.4 0.4 0.4 0.4 0.4 0.4 0.4 0.4 0.4 0.4 0.4 0.4 0.4 0.4 0.4 0.4 0.4 0.4 0.4 0.4 0.4 0.4 0.4 0.4 0.4 0.4 0.4 0.4 0.4 0.4 0.4 0.4 0.4 0.4 0.4 0.4 0.4 0.4 0.4 0.4 0.4 0.4 0.4 0.4 0.4 0.4 0.4 0.4 0.4 0.4 0.4 0.4 0.4 0.4 0.4 0.4 0.4 0.4 0.4 0.4 0.4 0.4 0.4 0.4 0.4 0.4 0.4 0.4 0.4 0.4 0.4 0.4 0.4 0.4 0.4 0.4 0.4 0.4 0.4 0.4 0.4 0.4 0.4 0.4 0.4 0.4 0.4 0.4 0.4 0.4 0.4 0.4 0.4 0.4 0.4 0.4 0.4 0.4 0.4 0.4 0.4 0.4 0.4 0.4 0.4 0.4 0.4 0.4 0.4 0.4 0.4 0.4 0.4 0.4 0.4 0.4 0.4 0.4 0.4 0.4 0.4 0.4 0.4 0.4 0.4 0.4 0.4 0.4 0.4 0.4 0.4 0.4 0.4 0.4 0.4 0.4 0.4 0.4 0.4 0.4 0.4 0.4 0.4 0.4 0.4 0.4 0.4 0.4 0.4 0.4 0.4 0.4 0.4 0.4 0.4 0.4 0.4 0.4 0.4 0.4 0.4 0.4 0.4 0.4 0.4 0.4 0.4 0.4 0.4 0.4 0.4 0.4 0.4 0.4 0.4 0.4 0.4 0.4 0.4 0.4 0.4 0.4 0.4 0.4 0.4 0.4 0.4 0.4 0.4 0.4 0.4 0.4 0.4 0.4 0.4 0.4 0.4 0.4 0.4 0.4 0.4 0.4 0.4 0.4 0.4 0.4 0.4 0.4 0.4 0.4 0.4 0.4 0.4 0.4 0.4 0.4 0.4 0.4 0.4 0.4 0.4 0.4 0.4 0.4 0.4 0.4 0.4 0.4 0.4 0.4 0.4 0.4 0.4 0.4 0.4 0.4 0.4 0.4 0.4 0.4 0.4 0.4 0.4 0.4 0.4 0.4 0.4 0.4 0.4 0.4 0.4 0.4 0.4 0.4 0.4 0.4 0.4 0.4 0.4 0.4 0.4 0.4 0.4 0.4 0.4 0.4 0.4 0.4 0.4 0.4 0.4 0.4 0.4 0.4 0.4 0.4 0.4 0.4 0.4 0.4 0.4 0.4 0.4 0.4 0.4 0.4 0.4 0.4 0.4 0.4 0.4 0.4 0.4 0.4 0.4 0.4 0.4 0.4 0.4 0.4 0.4 0.4 0.4 0.4 0.4 0.4 0.4 0.4 0.4 0.4 0.4 0.4 0.4 0.4 0.4 0.4 0.4 0.4 0.4 0.4 0.4 0.4 0.4 0.4 0.4 0.4 0.4 0.4 0.4 0.4 0.4 0.4 0.4 0.4 0.4 0.4 0.4 0.4 0.4 0.4 0.4 0.4 0.4 0.4 0.4 0.4 0.4 0.4 0.4 0.4 0.4 0.4 0.4 0.4 0.4 0.4 0.4 0.4 0.4 0.4 0.4 0.4 0.4 0.4 0.4 0.4 0.4 0.4 0.4 0.4 0.4 0.4 0.4 0.4 0.4 0.4 0.4 0.4 0.4 0.4 0.4 0.4 0.4 0.4 0.4 0.4 0.4 0.4 0.4 0.4 0.4 0.4 0.4 0.4 0.4 0.4 0.4 0.4 0.4 0.4 0.4 0.4 0.4 0.4 0.4 0.4 0.4 0.4 0.4 0.4 0.4 0.4 0.4 0.4 0.4 0.4 0.4 0.4 0.4 0.4 0.4 0.4 0.4 0.4 0.4 0.4 0.4 0.4 0.4 0.4 0.4 0.4 0.4 0.4 0.4 0.4 0.4 0.4 0.4 0.4 0.4 0.4 0.4 0.4 0.4 0.4 0.4 0.4 0.4 0.4 0.4 0.4 0.4 0.4 0.4 0.4 0.4 0.4 0.4 0.4 0.4 0.4 0.4 0.4 0.4 0.4 0.4 0.4 0.4 0.4 0.4 0.4 0.4 0.4 0.4 0.4 0.4 0.4 0.4 0.4 0.4 0.4 0.4 0.4 0.4 0.4 0.4 0.4 0.4 0.4 0.4 0.4 0.4 0.4 0.4 0.4 0.4 0.4 0.4 0.4 0.4 0.4 0.4 0.4 0.4 0.4 0.4 0.4 0.4 0.4 0.4 0.4 0.4 0.4 0.4 0.4 0.4 0.4 0.4 0.4 0.4 0.4 0.4 0.4 0.4 0.4 0.4 0.4 0.4 0.4 0.4 0.4 0.4 0.4 0.4 0.4 0.4 0.4 0.4 0.4 0.4 0.4 0.4 0.4 0.4 0.4 0.4 0.4 0.4 0.4 0.4 0.4 0.4 0.4 0.4 0.4 0.4 0.4 0.4 0.4 0.4 0.4 0.4 0.4 0.4 0.4 0.4 0.4 0.4 0.4 0.4 0.4 0.4 0.4 0.4 0.4 0.4 0.4 0.4 0.4 0.4 0.4 0.4 0.4 0.4 0.4 0.4 0.4 0.4 0.4 0.4 0.4 0.4 0.4 0.4 0.4 0.4 0.4 0.4 0.4 0.4 0.4 0.4 0.4 0.4 0.4 0.4 0.4 0.4 0.4 0.4 0.4 0.4 0.4 0.4 0.4 0.4 0.4 0.4 0.4 0.4 0.4 0.4 0.4 0.4 0.4 0.4 0.4 0.4 0.4 0.4 0.4 0.4 0.4 0.4 0.4 0.4 0.4 0.4 0.4 0.4 0.4 0.4 0.4 0.4 0.4 0.4 0.4 0.4 0.4 0.4 0.4 0.4 0.4 0.4 0.4 0.4 0.4 0.4 0.4 0.4 0.4 0.4 0.4 0.4 0.4 0.4 0.4 0.4 0.4 0.4 0.4 0.4 0.4 0.4 0.4 0.4 0.4 0.4 0.4 0.4 0.4 0.4 0.4 0.4 0.4 0.4 0.4 0.4 0.4 0.4 0.4 0.4 0.4 0.4 0.4 0.4 0.4 0.4 0.4 0.4 0.4 0.4 0.4 0.4 0.4 0.4 0.4 0.4 0.4 0.4 0.4 0.4 0.4 0.4 0.4 0.4 0.4 0.4 0.4 0.4 0.4 0.4 0.4 0.4 0.4 0.4 0.4 0.4 0.4 0.4 0.4 0.4 0.4 0.4 0.4 0.4 0.4 0.4 0.4 0.4 0.4 0.4 0.4 0.4 0.4 0.4 0.4 0.4 0.4 0.4 0.4 0.4 0.4 0.4 0.4 0.4 0.4 0.4 0.4 0.4 0.4 0.4 0.4 0.4 0.4 0.4 0.4 0.4 0.4 0.4 0.4 0.4 0.4 0.4 0.4 0.4 0.4 0.4 0.4 0.4 0.4 0.4 0.4 0.4 0.4 0.4 0.4 0.4 0.4 0.4 0.4 0.4 0.4 0.4 0.4 0.4 0.4 0.4 0.4 0.4 0.4 0.4 0.4 0.4 0.4 0.4 0.4 0.4 0.4 0.4 0.4 0.4 0.4 0.4 0.4 0.4 0.4 0.4 0.4 0.4 0.4 0.4 0.4 0.4 0.4 0.4 0.4 0.4 0.4 0.4 0.4 0.4 0.4 0.4 0.4 0.4 0.4 0.4 0.4 0.4 0.4 0.4 0.4 0.4 0.4 0.4 0.4 0.4 0.4 0.4 0.4 0.4 0.4 0.4 0.4 0.4 0.4 0.4 0.4 0.4 0.4 0.4 0.4 0.4 0.4 0.4 0.4 0.4 0.4 0.4 0.4 0.4 0.4 0.4 0.4 0.4 0.4 0.4 0.4 0.4 0.4 0.4 0.4 0.4 0.4 0.4 0.4 0.4 0.4 0.4 0.4 0.4 0.4 0.4 0.4 0.4 0.4 0.4 0.4 0.4 0.4 0.4 0.4 0.4 0.4 0.4 0.4 0.4 0.4 0.4 0.4 0.4 0.4 0.4 0.4 0.4 0.4 0.4 0.4 0.4 0.4 0.4 0.4 0.4 0.4 0.4 0.4 0.4 0.4 0.4 0.4 0.4 0.4 0.4 0.4 0.4 0.4 0.4 0.4 0.4 0.4 0.4 0.4 0.4 0.4 0.4 0.4 0.4 0.4 0.4 0.4 0.4 0.4 0.4 0.4 0.4 0.4 0.4 0.4 0.4 0.4 0.4 0.4 0.4 0.4 0.4 0.4 0.4 0.4 0.4 0.4 0.4 0.4 0.4 0.4 0.4 0.4 0.4 0.4 0.4 0.4 0.4 0.4 0.4 0.4 0.4 0.4 0.4 0.4 0.4 0.4 0.4 0.4 0.4 0.4 0.4 0.4 0.4 0.4 0.4 0.4 0.4 0.4 0.4 0.4 0.4 0.4 0.4 0.4 0.4 0.4 0.4 0.4 0.4 0.4 0.4 0.4 0.4 0.4 0.4 0.4 0.4 0.4 0.4 0.4 0.4 0.4 0.4 0.4 0.4 0.4 0.4 0.4 0.4 0.4 0.4 0.4 0.4 0.4 0.4 0.4 0.4 0.4 0.4 0.4 0.4 0.4 0.4 0.4 0.4 0.4 0.4 0.4 0.4 0.4 0.4 0.4 0.4 0.4 0.4 0.4 0.4 0.4 0.4 0.4 0.4 0.4 0.4 0.4 0.4 0.4 0.4 0.4 0.4 0.4 0.4 0.4 0.4 0.4 0.4 0.4 0.4 0.4 0.4 0.4 0.4 0.4 0.4 0.4 0.4 0.4 0.4 0.4 0.4 0.4 0.4 0.4 0.4 0.4 0.4 0.4 0.4 0.4 0.4 0.4 0.4 0.4 0.4 0.4 0.4 0.4 0.4 0.4 0.4 0.4 0.4 0.4 0.4 0.4 0.4 0.4 0.4 0.4 0.4 0.4 0.4 0.4 0.4 0.4 0.4 0.4 0.4 0.4 0.4 0.4 0.4 0.4 0.4 0.4 0.4 0.4 0.4 0.4 0.4 0.4 0.4 0.4 0.4 0.4 0.4 0.4 0.4 0.4 0.4 0.4 0.4 0.4 0.4 0.4 0.4 0.4 0.4 0.4 0.4 0.4 0.4 0.4 0.4 0.4 0.4 0.4 0.4 0.4 0.4 0.4 0.4 0.4 0.4 0.4 0.4 0.4 0.4 0.4 0.4 0.4 0.4 0.4 0.4 0.4 0.4 0.4 0.4 0.4 0.4 0.4 0.4 0.4 0.4 0.4 0.4 0.4 0.4 0.4 0.4 0.4 0.4 0.4 0.4 0.4 0.4 0.4 0.4 0.4 0.4 0.4 0.4 0.4 0.4 0.4 0.4 0.4 0.4 0.4 0.4 0.4 0.4 0.4 0.4 0.4 0.4 0.4 0.4 0.4 0.4 0.4 0.4 0.4 0.4 0.4 0.4 0.4 0.4 0.4 0.4 0.4 0.4 0.4 0.4 0.4 0.4 0.4 0.4 0.4 0.4 0.4 0.4 0.4 0.4 0.4 0.4 0.4 0.4 0.4 0.4 0.4 0.4 0.4 0.4 0.4 0.4 0.4 0.4 0.4 0.4 0.4 0.4 0.4 0.4 0.4 0.4 0.4 0.4 0.4 0.4 0.4 0.4 0.4 0.4 0.4 0.4 0.4 0.4 0.4 0.4 0.4 0.4 0.4 0.4 0.4 0.4 0.4 0.4 0.4 0.4 0.4 0.4 0.4 0.4 0.4 0.4 0.4 0.4 0.4 0.4 0.4 0.4 0.4 0.4 0.4 0.4 0.4 0.4 0.4 0.4 0.4 0.4 0.4 0.4 0.4 0.4 0.4 0.4 0.4 0.4 0.4 0.4 0.4 0.4 0.4 0.4 0.4 0.4 0.4 0.4 0.4 0.4 0.4 0.4 0.4 0.4 0.4 0.4 0.4 0.4 0.4 0.4 0.4 0.4 0.4 0.4 0.4 0.4 0.4 0.4 0.4 0.4 0.4 0.4 0.4 0.4 0.4 0.4 0.4 0.4 0.4 0.4 0.4 0.4 0.4 0.4 0.4 0.4 0.4 0.4 0.4 0.4 0.4 0.4 0.4 0.4 0.4 0.4 0.4 0.4 0.4 0.4 0.4 0.4 0.4 0.4 0.4 0.4 0.4 0.4 0.4 0.4 0.4 0.4 0.4 0.4 0.4 0.4 0.4 0.4 0.4 0.4 0.4 0.4 0.4 0.4 0.4 0.4 0.4 0.4 0.4 0.4 0.4 0.4 0.4 0.4 0.4 0.4 0.4 0.4 0.4 0.4 0.4 0.4 0.4 0.4 0.4 0.4 0.4 0.4 0.4 0.4 0.4 0.4 0.4 0.4 0.4 0.4 0.4 0.4 0.4 0.4 0.4 0.4 0.4 0.4 0.4 0.4 0.4 0.4 0.4 0.4 0.4 0.4 0.4 0.4 0.4 0.4 0.4 0.4 0.4 0.4 0.4 0.4 0.4 0.4 0.4 0.4 0.4 0.4 0.4 0.4 0.4 0.4 0.4 0.4 0.4 0.4 0.4 0.4 0.4 0.4 0.4 0.4 0.4 0.4 0.4 0.4 0.4 0.4 0.4 0.4 0.4 0.4 0.4 0.4 0.4 0.4 0.4 0.4 0.4 0.4 0.4 0.4 0.4 0.4 0.4 0.4 0.4 0.4 0.4 0.4 0.4 0.4 0.4 0.4 0.4 0.4 0.4 0.4 0.4 0.4 0.4 0.4 0.4 0.4 0.4 0.4 0.4 0.4 0.4 0.4 0.4 0.4 0.4 0.4 0.4 0.4 0.4 0.4 0.4 0.4 0.4 0.4 0.4 0.4 0.4 0.4 0.4 0.4 0.4 0.4 0.4 0.4 0.4 0.4 0.4 0.4 0.4 0.4 0.4 0.4 0.4 0.4 0.4 0.4 0.4 0.4 0.4 0.4 0.4 0.4 0.4 0.4 0.4 0.4 0.4 0.4 0.4 0.4 0.4 0.4 0.4 0.4 0.4 0.4 0.4 0.4 0.4 0.4 0.4 0.4 0.4 0.4 0.4 0.4 0.4 0.4 0.4 0.4 0.4 0.4 0.4 0.4 0.4 0.4 0.4 0.4 0.4 0.4 0.4 0.4 0.4 0.4 0.4 0.4 0.4 0.4 0.4 0.4 0.4 0.4 0.4 0.4 0.4 0.4 0.4 0.4 0.4 0.4 0.4 0.4 0.4 0.4 0.4 0.4 0.4 0.4 0.4 0.4 0.4 0.4 0.4 0.4 0.4 0.4 0.4 0.4 0.4 0.4 0.4 0.4 0.4 0.4 0.4 0.4 0.4 0.4 0.4 0.4 0.4 0.4 0.4 0.4 0.4 0.4 0.4 0.4 0.4 0.4 0.4 0.4 0.4 0.4 0.4 0.4 0.4 0.4 0.4 0.4 0.4 0.4 0.4 0.4 0.4 0.4 0.4 0.4 0.4 0.4 0.4 0.4 0.4 0.4 0.4 0.4 0.4 0.4 0.4 0.4 0.4 0.4 0.4 0.4 0.4 0.4 0.4 0.4 0.4 0.4 0.4 0.4 0.4 0.4 0.4 0.4 0.4 0.4 0.4 0.4 0.4 0.4 0.4 0.4 0.4 0.4 0.4 0.4 0.4 0.4 0.4 0.4 0.4 0.4 0.4 0.4 0.4 0.4 0.4 0.4 0.4 0.4 0.4 0.4 0.4 0.4 0.4 0.4 0.4 0.4 0.4 0.4 0.4 0.4 0.4 0.4 0.4 0.4 0.4 0.4 0.4 0.4 0.4 0.4 0.4 0.4 0.4 0.4 0.4 0.4 0.4 0.4 0.4 0.4 0.4 0.4 0.4 0.4 0.4 0.4 0.4 0.4 0.4 0.4 0.4 0.4 0.4 0.4 0.4 0.4 0.4 0.4 0.4 0.4 0.4 0.4 0.4 0.4 0.4 0.4 0.4 0.4 0.4 0.4 0.4 0.4 0.4 0.4 0.4 0.4 0.4 0.4 0.4 0.4 0.4 0.4 0.4 0.4 0.4 0.4 0.4 0.4 0.4 0.4 0.4 0.4 0.4 0.4 0.4 0.4 0.4 0.4 0.4 0.4 0.4 0.4 0.4 0.4 0.4 0.4 0.4 0.4 0.4 0.4 0.4 0.4 0.4 0.4 0.4 0.4 0.4 0.4 0.4 0.4 0.4 0.4 0.4 0.4 0.4 0.4 0.4 0.4 0.4 0.4 0.4 0.4 0.4 0.4 0.4 0.4 0.4 0.4 0.4 0.4 0.4 0.4 0.4 0.4 0.4 0.4 0.4 0.4 0.4 0.4 0.4 0.4 0.4 0.4 0.4 0.4 0.4 0.4 0.4 0.4 0.4 0.4 0.4 0.4 0.4 0.4 0.4 0.4 0.4 0.4 0.4 0.4 0.4 0.4 0.4 0.4 0.4 0.4 0.4 0.4 0.4 0.4 0.4 0.4 0.4 0.4 0.4 0.4 0.4 0.4 0.4 0.4 0.4 0.4 0.4 0.4 0.4 0.4 0.4 0.4 0.4 0.4 0.4 0.4 0.4 0.4 0.4 0.4 0.4 0.4 0.4 0.4 0.4 0.4 0.4 0.4 0.4 0.4 0.4 0.4 0.4 0.4 0.4 0.4 0.4 0.4 0.4 0.4 0.4 0.4 0.4 0.4 0.4 0.4 0.4 0.4 0.4 0.4 0.4 0.4 0.4 0.4 0.4 0.4 0.4 0.4 0.4 0.4 0.4 0.4 0.4 0.4 0.4 0.4 0.4 0.4 0.4 0.4 0.4 0.4 0.4 0.4 0.4 0.4 0.4 0.4 0.4 0.4 0.4 0.4 0.4 0.4 0.4 0.4 0.4 0.4 0.4 0.4 0.4 0.4 0.4 0.4 0.4 0.4 0.4 0.4 0.4 0.4 0.4 0.4 0.4 0.4 0.4 0.4 0.4 0.4 0.4 0.4 0.4 0.4 0.4 0.4 0.4 0.4 0.4 0.4 0.4 0.4 0.4 0.4 0.4 0.4 0.4 0.4 0.4 0.4 0.4 0.4 0.4 0.4 0.4 0.4 0.4 0.4 0.4 0.4 0.4 0.4 0.4 0.4 0.4 0.4 0.4 0.4 0.4 0.4 0.4 0.4 0.4 0.4 0.4 0.4 0.4 0.4 0.4 0.4 0.4 0.4 0.4 0.4 0.4 0.4 0.4 0.4 0.4 0.4 0.4 0.4 0.4 0.4 0.4 0.4 0.4 0.4 0.4 0.4 0.4 0.4 0.4 0.4 0.4 0.4 0.4 0.4 0.4 0.4 0.4 0.4 0.4 0.4 0.4 0.4 0.4 0.4 0.4 0.4 0.4 0.4 0.4 0.4 0.4 0.4 0.4 0.4 0.4 0.4 0.4 0.4 0.4 0.4 0.4 0.4 0.4 0.4 0.4 0.4 0.4 0.4 0.4 0.4 0.4 0.4 0.4 0.4 0.4 0.4 0.4 0.4 0.4 0.4 0.4 0.4 0.4 0.4 0.4 0.4 0.4 0.4 0.4 0.4 0.4 0.4 0.4 0.4 0.4 0.4 0.4 0.4 0.4 0.4 0.4 0.4 0.4 0.4 0.4 0.4 0.4 0.4 0.4 0.4 0.4 0.4 0.4 0.4 0.4 0.4 0.4 0.4 0.4 0.4 0.4 0.4 0.4 0.4 0.4 0.4 0.4 0.4 0.4 0.4 0.4 0.4 0.4 0.4 0.4 0.4 0.4 0.4 0.4 0.4 0.4 0.4 0.4 0.4 0.4 0.4 0.4 0.4 0.4 0.4 0.4 0.4 0.4 0.4 0.4 0.4 0.4 0.4 0.4 0.4 0.4 0.4 0.4 0.4 0.4 0.4 0.4 0.4 0.4 0.4 0.4 0.4 0.4 0.4 0.4 0.4 0.4 0.4 0.4 0.4 0.4 0.4 0.4 0.4 0.4 0.4 0.4 0.4 0.4 0.4 0.4 0.4 0.4 0.4 0.4 0.4 0.4 0.4 0.4 0.4 0.4 0.4 0.4 0.4 0.4 0.4 0.4 0.4 0.4 0.4 0.4 0.4 0.4 0.4 0.4 0.4 0.4 0.4 0.4 0.4 0.4 0.4 0.4 0.4 0.4 0.4 0.4 0.4 0.4 0.4 0.4 0.4 0.4 0.4 0.4 0.4 0.4 0.4 0.4 0.4 0.4 0.4 0.4 0.4 0.4 0.4 0.4 0.4 0.4 0.4 0.4 0.4 0.4 0.4 0.4 0.4 0.4 0.4 0.4 0.4 0.4 0.4 0.4 0.4 0.4 0.4 0.4 0.4 0.4 0.4 0.4 0.4 0.4 0.4 0.4 0.4 0.4 0.4 0.4 0.4 0.4 0.4 0.4 0.4 0.4 0.4 0.4 0.4 0.4 0.4 0.4 0.4 0.4 0.4 0.4 0.4 0.4 0.4 0.4 0.4 0.4 0.4 0.4 0.4 0.4 0.4 0.4 0.4 0.4 0.4 0.4 0.4 0.4 0.4 0.4 0.4 0.4 0.4 0.4 0.4 0.4 0.4 0.4 0.4 0.4 0.4 0.4 0.4 0.4 0.4 0.4 0.4 0.4 0.4 0.4 0.4 0.4 0.4 0.4 0.4 0.4 0.4 0.4 0.4 0.4 0.4 0.4 0.4 0.4 0.4 0.4 0.4 0.4 0.4 0.4 0.4 0.4 0.4 0.4 0.4 0.4 0.4 0.4 0.4 0.4 0.4 0.4 0.4 0.4 0.4 0.4 0.4 0.4 0.4 0.4 0.4 0.4 0.4 0.4 0.4 0.4 0.4 0.4 0.4 0.4 0.4 0.4 0.4 0.4 0.4 0.4 0.4 0.4 0.4 0.4 0.4 0.4 0.4 0.4 0.4 0.4 0.4 0.4 0.4 0.4 0.4 0.4 0.4 0.4 0.4 0.4 0.4 0.4 0.4 0.4 0.4 0.4 0.4 0.4 0.4 0.4 0.4 0.4 0.4 0.4 0.4 0.4 0.4 0.4 0.4 0.4 0.4 0.4 0.4 0.4 0.4 0.4 0.4 0.4 0.4 0.4 0.4 0.4 0.4 0.4 0.4 0.4 0.4 0.4 0.4 0.4 0.4 0.4 0.4 0.4 0.4 0.4 0.4 0.4 0.4 0.4 0.4 0.4 0.4 0.4 0.4 0.4 0.4 0.4 0.4 0.4 0.4 0.4 0.4 0.4 0.4 0.4 0.4 0.4 0.4 0.4 0.4 0.4 0.4 0.4 0.4 0.4 0.4 0.4 0.4 0.4 0.4 0.4 0.4 0.4 0.4 0.4 0.4 0.4 0.4 0.4 0.4 0.4 0.4 0.4 0.4 0.4 0.4 0.4 0.4 0.4 0.4 0.4 0.4 0.4 0.4 0.4 0.4 0.4 0.4 0.4 0.4 0.4 0.4 0.4 0.4 0.4 0.4 0.4 0.4 0.4 0.4 0.4 0.4 0.4 0.4 0.4 0.4 0.4 0.4 0.4 0.4 0.4 0.4 0.4 0.4 0.4 0.4 0.4 0.4 0.4 0.4 0.4 0.4 0.4 0.4 0.4 0.4 0.4 0.4 0.4 0.4 0.4 0.4 0.4 0.4 0.4 0.4 0.4 0.4 0.4 0.4 0.4 0.4 0.4 0.4 0.4 0.4 0.4 0.4 0.4 0.4 0.4 0.4 0.4 0.4 0.4 0.4 0.4 0.4 0.4 0.4 0.4 0.4 0.4 0.4 0.4 0.4 0.4 0.4 0.4 0.4 0.4 0.4 0.4 0.4 0.4 0.4 0.4 0.4 0.4 0.4 0.4 0.4 0.4 0.4 0.4 0.4 0.4 0.4 0.4 0.4 0.4 0.4 0.4 0.4 0.4 0.4 0.4 0.4 0.4 0.4 0.4 0.4 0.4 0.4 0.4 0.4 0.4 0.4 0.4 0.4 0.4 0.4 0.4 0.4 0.4 0.4 0.4 0.4 0.4 0.4 0.4 0.4 0.4 0.4 0.4 0.4 0.4 0.4 0.4 0.4 0.4 0.4 0.4 0.4 0.4 0.4 0.4 0.4 0.4 0.4 0.4 0.4 0.4 0.4 0.4 0.4 0.4 0.4 0.4 0.4 0.4 0.4 0.4 0.4 0.4 0.4 0.4 0.4 0.4 0.4 0.4 0.4 0.4 0.4 0.4 0.4 0.4 0.4 0.4 0.4 0.4 0.4 0.4 0.4 0.4 0.4 0.4 0.4 0.4 0.4 0.4 0.4 0.4 0.4 0.4 0.4 0.4 0.4 0.4 0.4 0.4 0.4 0.4 0.4 0.4 0.4 0.4 0.4 0.4 0.4 0.4 0.4 0.4 0.4 0.4 0.4 0.4 0.4 0.4 0.4 0.4 0.4 0.4 0.4 0.4 0.4 0.4 0.4 0.4 0.4 0.4 0.4 0.4 0.4 0.4 0.4 0.4 0.4 0.4 0.4 0.4 0.4 0.4 0.4 0.4 0.4 0.4 0.4 0.4 0.4 0.4 0.4 0.4 0.4 0.4 0.4 0.4 0.4 0.4 0.4 0.4 0.4 0.4 0.4 0.4 0.4 0.4 0.4 0.4 0.4 0.4 0.4 0.4 0.4 0.4 0.4 0.4 0.4 0.4 0.4 0.4 0.4 0.4 0.4 0.4 0.4 0.4 0.4 0.4 0.4 0.4 0.4 0.4 0.4 0.4 0.4 0.4 0.4 0.4 0.4 0.4 0.4 0.4 0.4 0.4 0.4 0.4 0.4 0.4 0.4 0.4 0.4 0.4 0.4 0.4 0.4 0.4 0.4 0.4 0.4 0.4 0.4 0.4 0.4 0.4 0.4 0.4 0.4 0.4 0.4 0.4 0.4 0.4 0.4 0.4 0.4 0.4 0.4 0.4 0.4 0.4 0.4 0.4 0.4 0.4 0.4 0.4 0.4 0.4 0.4 0.4 0.4 0.4 0.4 0.4 0.4 0.4 0.4 0.4 0.4 0.4 0.4 0.4 0.4 0.4 0.4 0.4 0.4 0.4 0.4 0.4 0.4 0.4 0.4 0.4 0.4 0.4 0.4 0.4 0.4 0.4 0.4 0.4 0.4 0.4 0.4 0.4 0.4 0.4 0.4 0.4 0.4 0.4 0.4 0.4 0.4 0.4 0.4 0.4 0.4 0.4 0.4 0.4 0.4 0.4 0.4 0.4 0.4 0.4 0.4 0.4 0.4 0.4 0.4 0.4 0.4 0.4 0.4 0.4 0.4 0.4 0.4 0.4 0.4 0.4 0.4 0.4 0.4 0.4 0.4 0.4 0.4 0.4 0.4 0.4 0.4 0.4 0.4 0.4 0.4 0.4 0.4 0.4 0.4 0.4 0.4 0.4 0.4 0.4 0.4 0.4 0.4 0.4 0.4 0.4 0.4 0.4 0.4 0.4 0.4 0.4 0.4 0.4 0.4 0.4 0.4 0.4 0.4 0.4 0.4 0.4 0.4 0.4 0.4 0.4 0.4 0.4 0.4 0.4 0.4 0.4 0.4 0.4 0.4 0.4 0.4 0.4 0.4 0.4 0.4 0.4 0.4 0.4 0.4 0.4 0.4 0.4 0.4 0.4 0.4 0.4 0.4 0.4 0.4 0.4 0.4 0.4 0.4 0.4 0.4 0.4 0.4 0.4 0.4 0.4 0.4 0.4 0.4 0.4 0.4 0.4 0.4 0.4 0.4 0.4 0.4 0.4 0.4 0.4 0.4 0.4 0.4 0.4 0.4 0.4 0.4 0.4 0.4 0.4 0.4 0.4 0.4 0.4 0.4 0.4 0.4 0.4 0.4 0.4 0.4 0.4 0.4 0.4 0.4 0.4 0.4 0.4 0.4 0.4 0.4 0.4 0.4 0.4 0.4 0.4 0.4 0.4 0.4 0.4 0.4 0.4 0.4 0.4 0.4 0.4 0.4 0.4 0.4 0.4 0.4 0.4 0.4 0.4 0.4 0.4 0.4 0.4 0.4 0.4 0.4 0.4 0.4 0.4 0.4 0.4 0.4 0.4 0.4 0.4 0.4 0.4 0.4 0.4 0.4 0.4 0.4 0.4 0.4 0.4 0.4 0.4 0.4 0.4 0.4 0.4 0.4 0.4 0.4 0.4 0.4 0.4 0.4 0.4 0.4 0.4 0.4 0.4 0.4 0.4 0.4 0.4 0.4 0.4 0.4 0.4 0.4 0.4 0.4 0.4 0.4 0.4 0.4 0.4 0.4 0.4 0.4 0.4 0.4 0.4 0.4 0.4 0.4 0.4 0.4 0.4 0.4 0.4 0.4 0.4 0.4 0.4 0.4 0.4 0.4 0.4 0.4 0.4 0.4 0.4 0.4 0.4 0.4 0.4 0.4 0.4 0.4 0.4 0.4 0.4 0.4 0.4 0.4 0.4 0.4 0.4 0.4 0.4 0.4 0.4 0.4 0.4 0.4 0.4 0.4 0.4 0.4 0.4 0.4 0.4 0.4 0.4 0.4 0.4 0.4 0.4 0.4 0.4 0.4 0.4 0.4 0.4 0.4 0.4 0.4 0.4 0.4 0.4 0.4 0.4 0.4 0.4 0.4 0.4 0.4 0.4 0.4 0.4 0.4 0.4 0.4 0.4 0.4 0.4 0.4 0.4 0.4 0.4 0.4 0.4 0.4 0.4 0.4 0.4 0.4 0.4 0.4 0.4 0.4 0.4 0.4 0.4 0.4 0.4 0.4 0.4 0.4 0.4 0.4 0.4 0.4 0.4 0.4 0.4 0.4 0.4 0.4 0.4 0.4 0.4 0.4 0.4 0.4 0.4 0.4 0.4 0.4 0.4 0.4 0.4 0.4 0.4 0.4 0.4 0.4 0.4 0.4 0.4 0.4 0.4 0.4 0.4 0.4 0.4 0.4 0.4 0.4 0.4 0.4 0.4 0.4 0.4 0.4 0.4 0.4 0.4 0.4 0.4 0.4 0.4 0.4 0.4 0.4 0.4 0.4 0.4 0.4 0.4 0.4 0.4 0.4 0.4 0.4 0.4 0.4 0.4 0.4 0.4 0.4 0.4 0.4 0.4 0.4 0.4 0.4 0.4 0.4 0.4 0.4 0.4 0.4 0.4 0.4 0.4 0.4 0.4 0.4 0.4 0.4 0.4 0.4 0.4 0.4 0.4 0.4 0.4 0.4 0.4 0.4 0.4 0.4 0.4 0.4 0.4 0.4 0.4 0.4 0.4 0.4 0.4 0.4 0.4 0.4 0.4 0.4 0.4 0.4 0.4 0.4 0.4 0.4 0.4 0.4 0.4 0.4 0.4 0.4 0.4 0.4 0.4 0.4 0.4 0.4 0.4 0.4 0.4 0.4 0.4 0.4 0.4 0.4 0.4 0.4 0.4 0.4 0.4 0.4 0.4 0.4 0.4 0.4 0.4 0.4 0.4 0.4 0.4 0.4 0.4 0.4 0.4 0.4 0.4 0.4 0.4 0.4 0.4 0.4 0.4 0.4 0.4 0.4 0.4 0.4 0.4 0.4 0.4 0.4 0.4 0.4 0.4 0.4 0.4 0.4 0.4 0.4 0.4 0.4 0.4 0.4 0.4 0.4 0.4 0.4 0.4 0.4 0.4 0.4 0.4 0.4 0.4 0.4 0.4 0.4 0.4 0.4 0.4 0.4 0.4 0.4 0.4 0.4 0.4 0.4 0.4 0.4 0.4 0.4 0.4 0.4 0.4 0.4 0.4 0.4 0.4 0.4 0.4 0.4 0.4 0.4 0.4 0.4 0.4 0.4 0.4 0.4 0.4 0.4 0.4 0.4 0.4 0.4 0.4 0.4 0.4 0.4 0.4 0.4 0.4 0.4 0.4 0.4 0.4 0.4 0.4 0.4 0.4 0.4 0.4 0.4 0.4 0.4 0.4 0.4 0.4 0.4 0.4 0.4 0.4 0.4 0.4 0.4 0.4 0.4 0.4 0.4 0.4 0.4 0.4 0.4 0.4 0.4 0.4 0.4 0.4 0.4 0.4 0.4 0.4 0.4 0.4 0.4 0.4 0.4 0.4 0.4 0.4 0.4 0.4 0.4 0.4 0.4 0.4 0.4 0.4 0.4 0.4 0.4 0.4 0.4 0.4 0.4 0.4 0.4 0.4 0.4 0.4 0.4 0.4 0.4 0.4 0.4 0.4 0.4 0.4 0.4 0.4 0.4 0.4 0.4 0.4 0.4 0.4 0.4 0.4 0.4 0.4 0.4 0.4 0.4 0.4 0.4 0.4 0.4 0.4 0.4 0.4 0.4 0.4 0.4 0.4 0.4 0.4 0.4 0.4 0.4 0.4 0.4 0.4 0.4 0.4 0.4 0.4 0.4 0.4 0.4 0.4 0.4 0.4 0.4 0.4 0.4 0.4 0.4 0.4 0.4 0.4 0.4 0.4 0.4 0.4 0.4 0.4 0.4 0.4 0.4 0.4 0.4 0.4 0.4 0.4 0.4 0.4 0.4 0.4 0.4 0.4 0.4 0.4 0.4 0.4 0.4 0.4 0.4 0.4 0.4 0.4 0.4 0.4 0.4 0.4 0.4 0.4 0.4 0.4 0.4 0.4 0.4 0.4 0.4 0.4 0.4 0.4 0.4 0.4 0.4 0.4 0.4 0.4 0.4 0.4 0.4 0.4 0.4 0.4 0.4 0.4 0.4 0.4 0.4 0.4 0.4 0.4 0.4 0.4 0.4 0.4 0.4 0.4 0.4 0.4 0.4 0.4 0.4 0.4 0.4 0.4 0.4 0.4 0.4 0.4 0.4 0.4 0.4 0.4 0.4 0.4 0.4 0.4 0.4 0.4 0.4 0.4 0.4 0.4 0.4 0.4 0.4 0.4 0.4 0.4 0.4 0.4 0.4 0.4 0.4 0.4 0.4 0.4 0.4 0.4 0.4 0.4 0.4 0.4 0.4 0.4 0.4 0.4 0.4 0.4 0.4 0.4 0.4 0.4 0.4 0.4 0.4 0.4 0.4 0.4 0.4 0.4 0.4 0.4 0.4 0.4 0.4 0.4 0.4 0.4 0.4 0.4 0.4 0.4 0.4 0.4 0.4 0.4 0.4 0.4 0.4 0.4 0.4 0.4 0.4 0.4 0.4 0.4 0.4 0.4 0.4 0.4 0.4 0.4 0.4 0.4 0.4 0.4 0.4 0.4 0.4 0.4 0.4 0.4 0.4 0.4 0.4 0.4 0.4 0.4 0.4 0.4 0.4 0.4 0.4 0.4 0.4 0.4 0.4 0.4 0.4 0.4 0.4 0.4 0.4 0.4 0.4 0.4 0.4 0.4 0.4 0.4 0.4 0.4 0.4 0.4 0.4 0.4 0.4 0.4 0.4 0.4 0.4 0.4 0.4 0.4 0.4 0.4 0.4 0.4 0.4 0.4 0.4 0.4 0.4 0.4 0.4 0.4 0.4 0.4 0.4 0.4 0.4 0.4 0.4 0.4 0.4 0.4 0.4 0.4 0.4 0.4 0.4 0.4 0.4 0.4 0.4 0.4 0.4 0.4 0.4 0.4 0.4 0.4 0.4 0.4 0.4 0.4 0.4 0.4 0.4 0.4 0.4 0.4 0.4 0.4 0.4 0.4 0.4 0.4 0.4 0.4 0.4 0.4 0.4 0.4 0.4 0.4 0.4 0.4 0.4 0.4 0.4 0.4 0.4 0.4 0.4 0.4 0.4 0.4 0.4 0.4 0.4 0.4 0.4 0.4 0.4 0.4 0.4 0.4 0.4 0.4 0.4 0.4 0.4 0.4 0.4 0.4 0.4 0.4 0.4 0.4 0.4 0.4 0.4 0.4 0.4 0.4 0.4 0.4 0.4 0.4 0.4 0.4 0.4 0.4 0.4 0.4 0.4 0.4 0.4 0.4 0.4 0.4 0.4 0.4 0.4 0.4 0.4 0.4 0.4 0.4 0.4 0.4 0.4 0.4 0.4 0.4 0.4 0.4 0.4 0.4 0.4 0.4 0.4 0.4 0.4 0.4 0.4 0.4 0.4 0.4 0.4 0.4 0.4 0.4 0.4 0.4 0.4 0.4 0.4 0.4 0.4 0.4 0.4 0.4 0.4 0.4 0.4 0.4 0.4 0.4 0.4 0.4 0.4 0.4 0.4 0.4 0.4 0.4 0.4 0.4 0.4 0.4 0.4 0.4 0.4 0.4 0.4 0.4 0.4 0.4 0.4 0.4 0.4 0.4 0.4 0.4 0.4 0.4 0.4 0.4 0.4 0.4 0.4 0.4 0.4 0.4 0.4 0.4 0.4 0.4 0.4 0.4 0.4 0.4 0.4 0.4 0.4 0.4 0.4 0.4 0.4 0.4 0.4 0.4 0.4 0.4 0.4 0.4 0.4 0.4 0.4 0.4 0.4 0.4 0.4 0.4 0.4 0.4 0.4 0.4 0.4 0.4 0.4 0.4 0.4 0.4 0.4 0.4 0.4 0.4 0.4 0.4 0.4 0.4 0.4 0.4 0.4 0.4 0.4 0.4 0.4 0.4 0.4 0.4 0.4 0.4 0.4 0.4 0.4 0.4 0.4 0.4 0.4 0.4 0.4 0.4 0.4 0.4 0.4 0.4 0.4 0.4 0.4 0.4 0.4 0.4 0.4 0.4 0.4 0.4 0.4 0.4 0.4 0.4 0.4 0.4 0.4 0.4 0.4 0.4 0.4 0.4 0.4 0.4 0.4 0.4 0.4 0.4 0.4 0.4 0.4 0.4 0.4 0.4 0.4 0.4 0.4 0.4 0.4 0.4 0.4 0.4 0.4 0.4 0.4 0.4 0.4 0.4 0.4 0.4 0.4 0.4 0.4 0.4 0.4 0.4 0.4 0.4 0.4 0.4 0.4 0.4 0.4 0.4 0.4 0.4 0.4 0.4 0.4 0.4 0.4 0.4 0.4 0.4 0.4 0.4 0.4 0.4 0.4 0.4 0.4 0.4 0.4 0.4 0.4 0.4 0.4 0.4 0.4 0.4 0.4 0.4 0.4 0.4 0.4 0.4 0.4 0.4 0.4 0.4 0.4 0.4 0.4 0.4 0.4 0.4 0.4 0.4 0.4 0.4 0.4 0.4 0.4 0.4 0.4 0.4 0.4 0.4 0.4 0.4 0.4 0.4 0.4 0.4 0.4 0.4 0.4 0.4 0.4 0.4 0.4 0.4 0.4 0.4 0.4 0.4 0.4 0.4 0.4 0.4 0.4 0.4 0.4 0.4 0.4 0.4 0.4 0.4 0.4 0.4 0.4 0.4 0.4 0.4 0.4 0.4 0.4 0.4 0.4 0.4 0.4 0.4 0.4 0.4 0.4 0.4 0.4 0.4 0.4 0.4 0.4 0.4 0.4 0.4 0.4 0.4 0.4 0.4 0.4 0.4 0.4 0.4 0.4 0.4 0.4 0.4 0.4 0.4 0.4 0.4 0.4 0.4 0.4 0.4 0.4 0.4 0.4 0.4 0.4 0.4 0.4 0.4 0.4 0.4 0.4 0.4 0.4 0.4 0.4 0.4 0.4 0.4 0.4 0.4 0.4 0.4 0.4 0.4 0.4 0.4 0.4 0.4 0.4 0.4 0.4 0.4 0.4 0.4 0.4 0.4 0.4 0.4 0.4 0.4 0.4 0.4 0.4 0.4 0.4 0.4 0.4 0.4 0.4 0.4 0.4 0.4 0.4 0.4 0.4 0.4 0.4 0.4 0.4 0.4 0.4 0.4 0.4 0.4 0.4 0.4 0.4 0.4 0.4 0.4 0.4 0.4 0.4 0.4 0.4 0.4 0.4 0.4 0.4 0.4 0.4 0.4 0.4 0.4 0.4 0.4 0.4 0.4 0.4 0.4 0.4 0.4 0.4 0.4 0.4 0.4 0.4 0.4 0.4 0.4 0.4 0.4 0.4 0.4 0.4 0.4 0.4 0.4 0.4 0.4 0.4 0.4 0.4 0.4 0.4 0.4 0.4 0.4 0.4 0.4 0.4 0.4 0.4 0.4 0.4 0.4 0.4 0.4 0.4 0.4 0.4 0.4 0.4 0.4 0.4 0.4 0.4 0.4 0.4 0.4 0.4 0.4 0.4 0.4 0.4 0.4 0.4 0.4 0.4 0.4 0.4 0.4 0.4 0.4 0.4 0.4 0.4 0.4 0.4 0.4 0.4 0.4 0.4 0.4 0.4 0.4 0.4 0.4 0.4 0.4 0.4 0.4 0.4 0.4 0.4 0.4 0.4 0.4 0.4 0.4 0.4 0.4 0.4 0.4 0.4 0.4 0.4 0.4 0.4 0.4 0.4 0.4 0.4 0.4 0.4 0.4 0.4 0.4 0.4 0.4 0.4 0.4 0.4 0.4 0.4 0.4 0.4 0.4 0.4 0.4 0.4 0.4 0.4 0.4 0.4 0.4 0.4 0.4 0.4 0.4 0.4 0.4 0.4 0.4 0.4 0.4 0.4 0.4 0.4 0.4 0.4 0.4 0.4 0.4 0.4 0.4 0.4 0.4 0.4 0.4 0.4 0.4 0.4 0.4 0.4 0.4 0.4 0.4 0.4 0.4 0.4 0.4 0.4 0.4 0.4 0.4 0.4 0.4 0.4 0.4 0.4 0.4 0.4 0.4 0.4 0.4 0.4 0.4 0.4 0.4 0.4 0.4 0.4 0.4 0.4 0.4 0.4 0.4 0.4 0.4 0.4 0.4 0.4 0.4 0.4 0.4 0.4 0.4 0.4 0.4 0.4 0.4 0.4 0.4 0.4 0.4 0.4 0.4 0.4 0.4 0.4 0.4 0.4 0.4 0.4 0.4 0.4 0.4 0.4 0.4 0.4 0.4 0.4 0.4 0.4 0.4 0.4 0.4 0.4 0.4 0.4 0.4 0.4 0.4 0.4 0.4 0.4 0.4 0.4 0.4 0.4 0.4 0.4 0.4 0.4 0.4 0.4 0.4 0.4 0.4 0.4 0.4 0.4 0.4 0.4 0.4 0.4 0.4 0.4 0.4 0.4 0.4 0.4 0.4 0.4 0.4 0.4 0.4 0.4 0.4 0.4 0.4 0.4 0.4 0.4 0.4 0.4 0.4 0.4 0.4 0.4 0.4 0.4 0.4 0.4 0.4 0.4 0.4 0.4 0.4 0.4 0.4 0.4 0.4 0.4 0.4 0.4 0.4 0.4 0.4 0.4 0.4 0.4 0.4 0.4 0.4 0.4 0.4 0.4 0.4 0.4 0.4 0.4 0.4 0.4 0.4 0.4 0.4 0.4 0.4 0.4 0.4 0.4 0.4 0.4 0.4 0.4 0.4 0.4 0.4 0.4 0.4 0.4 0.4 0.4 0.4 0.4 0.4 0.4 0.4 0.4 0.4 0.4 0.4 0.4 0.4 0.4 0.4 0.4 0.4 0.4 0.4 0.4 0.4 0.4 0.4 0.4 0.4 0.4 0.4 0.4 0.4 0.4 0.4 0.4 0.4 0.4 0.4 0.4 0.4 0.4 0.4 0.4 0.4 0.4 0.4 0.4 0.4 0.4 0.4 0.4 0.4 0.4 0.4 0.4 0.4 0.4 0.4 0.4 0.4 0.4 0.4 0.4 0.4 0.4 0.4 0.4 0.4 0.4 0.4 0.4 0.4 0.4 0.4 0.4 0.4 0.4 0.4 0.4 0.4 0.4 0.4 0.4 0.4 0.4 0.4 0.4 0.4 0.4 0.4 0.4 0.4 0.4 0.4 0.4 0.4 0.4 0.4 0.4 0.4 0.4 0.4 0.4 0.4 0.4 0.4 0.4 0.4 0.4 0.4 0.4 0.4 0.4 0.4 0.4 0.4 0.4 0.4 0.4 0.4 0.4 0.4 0.4 0.4 0.4 0.4 0.4 0.4 0.4 0.4 0.4 0.4 0.4 0.4 0.4 0.4 0.4 0.4 0.4 0.4 0.4 0.4 0.4 0.4 0.4 0.4 0.4 0.4 0.4 0.4 0.4 0.4 0.4 0.4 0.4 0.4 0.4 0.4 0.4 0.4 0.4 0.4 0.4 0.4 0.4 0.4 0.4 0.4 0.4 0.4 0.4 0.4 0.4 0.4 0.4 0.4 0.4 0.4 0.4 0.4 0.4 0.4 0.4 0.4 0.4 0.4 0.4 0.4 0.4 0.4 0.4 0.4 0.4 0.4 0.4 0.4 0.4 0.4 0.4 0.4 0.4 0.4 0.4 0.4 0.4 0.4 0.4 0.4 0.4 0.4 0.4 0.4 0.4 0.4 0.4 0.4 0.4 0.4 0.4 0.4 0.4 0.4 0.4 0.4 0.4 0.4 0.4 0.4 0.4 0.4 0.4 0.4 0.4 0.4 0.4 0.4 0.4 0.4 0.4 0.4 0.4 0.4 0.4 0.4 0.4 0.4 0.4 0.4 0.4 0.4 0.4 0.4 0.4 0.4 0.4 0.4 0.4 0.4 0.4 0.4 0.4 0.4 0.4 0.4 0.4 0.4 0.4 0.4 0.4 0.4 0.4 0.4 0.4 0.4 0.4 0.4 0.4 0.4 0.4 0.4 0.4 0.4 0.4 0.4 0.4 0.4 0.4 0.4 0.4 0.4 0.4 0.4 0.4 0.4 0.4 0.4 0.4 0.4 0.4 0.4 0.4 0.4 0.4 0.4 0.4 0.4 0.4 0.4 0.4 0.4 0.4 0.4 0.4 0.4 0.4 0.4 0.4 0.4 0.4 0.4 0.4 0.4 0.4 0.4 0.4 0.4 0.4 0.4 0.4 0.4 0.4 0.4 0.4 0.4 0.4 0.4 0.4 0.4 0.4 0.4 0.4 0.4 0.4 0.4 0.4 0.4 0.4 0.4 0.4 0.4 0.4 0.4 0.4 0.4 0.4 0.4 0.4 0.4 0.4 0.4 0.4 0.4 0.4 0.4 0.4 0.4 0.4 0.4 0.4 0.4 0.4 0.4 0.4 0.4 0.4 0.4 0.4 0.4 0.4 0.4 0.4 0.4 0.4 0.4 0.4 0.4 0.4 0.4 0.4 0.4 0.4 0.4 0.4 0.4 0.4 0.4 0.4 0.4 0.4 0.4 0.4 0.4 0.4 0.4 0.4 0.4 0.4 0.4 0.4 0.4 0.4 0.4 0.4 0.4 0.4 0.4 0.4 0.4 0.4 0.4 0.4 0.4 0.4 0.4 0.4 0.4 0.4 0.4 0.4 0.4 0.4 0.4 0.4 0.4 0.4 0.4 0.4 0.4 0.4 0.4 0.4 0.4 0.4 0.4 0.4 0.4 0.4 0.4 0.4 0.4 0.4 0.4 0.4 0.4 0.4 0.4 0.4 0.4 0.4 0.4 0.4 0.4 0.4 0.4 0.4 0.4 0.4 0.4 0.4 0.4 0.4 0.4 0.4 0.4 0.4 0.4 0.4 0.4 0.4 0.4 0.4 0.4 0.4 0.4 0.4 0.4 0.4 0.4 0.4 0.4 0.4 0.4 0.4 0.4 0.4 0.4 0.4 0.4 0.4 0.4 0.4 0.4 0.4 0.4 0.4 0.4 0.4 0.4 0.4 0.4 0.4 0.4 0.4 0.4 0.4 0.4 0.4 0.4 0.4 0.4 0.4 0.4 0.4 0.4 0.4 0.4 0.4 0.4 0.4 0.4 0.4 0.4 0.4 0.4 0.4 0.4 0.4 0.4 0.4 0.4 0.4 0.4 0.4 0.4 0.4 0.4 0.4 0.4 0.4 0.4 0.4 0.4 0.4 0.4 0.4 0.4 0.4 0.4 0.4 0.4 0.4 0.4 0.4 0.4 0.4 0.4 0.4 0.4 0.4 0.4 0.4 0.4 0.4 0.4 0.4 0.4 0.4 0.4 0.4 0.4 0.4 0.4 0.4 0.4 0.4 0.4 0.4 0.4 0.4 0.4 0.4 0.4 0.4 0.4 0.4 0.4 0.4 0.4 0.4 0.4 0.4 0.4 0.4 0.4 0.4 0.4 0.4 0.4 0.4 0.4 0.4 0.4 0.4 0.4 0.4 0.4 0.4 0.4 0.4 0.4 0.4 0.4 0.4 0.4 0.4 0.4 0.4 0.4 0.4 0.4 0.4 0.4 0.4 0.4 0.4 0.4 0.4 0.4 0.4 0.4 0.4 0.4 0.4 0.4 0.4 0.4 0.4 0.4 0.4 0.4 0.4 0.4 0.4 0.4 0.4 0.4 0.4 0.4 0.4 0.4 0.4 0.4 0.4 0.4 0.4 0.4 0.4 0.4 0.4 0.4 0.4 0.4 0.4 0.4 0.4 0.4 0.4 0.4 0.4 0.4 0.4 0.4 0.4 0.4 0.4 0.4 0.4 0.4 0.4 0.4 0.4 0.4 0.4 0.4 0.4 0.4 0.4 0.4 0.4 0.4 0.4 0.4 0.4 0.4 0.4 0.4 0.4 0.4 0.4 0.4 0.4 0.4 0.4 0.4 0.4 0.4 0.4 0.4 0.4 0.4 0.4 0.4 0.4 0.4 0.4 0.4 0.4 0.4 0.4 0.4 0.4 0.4 0.4 0.4 0.4 0.4 0.4 0.4 0.4 0.4 0.4 0.4 0.4 0.4 0.4 0.4 0.4 0.4 0.4 0.4 0.4 0.4 0.4 0.4 0.4 0.4 0.4 0.4 0.4 0.4 0.4 0.4 0.4 0.4 0.4 0.4 0.4 0.4 0.4 0.4 0.4 0.4 0.4 0.4 0.4 0.4 0.4 0.4 0.4 0.4 0.4 0.4 0.4 0.4 0.4 0.4 0.4 0.4 0.4 0.4 0.4 0.4 0.4 0.4 0.4 0.4 0.4 0.4 0.4 0.4 0.4 0.4 0.4 0.4 0.4 0.4 0.4 0.4 0.4 0.4 0.4 0.4 0.4 0.4 0.4 0.4 0.4 0.4 0.4 0.4 0.4 0.4 0.4 0.4 0.4 0.4 0.4 0.4 0.4 0.4 0.4 0.4 0.4 0.4 0.4 0.4 0.4 0.4 0.4 0.4 0.4 0.4 0.4 0.4 0.4 0.4 0.4 0.4 0.4 0.4 0.4 0.4 0.4 0.4 0.4 0.4 0.4 0.4 0.4 0.4 0.4 0.4 0.4 0.4 0.4 0.4 0.4 0.4 0.4 0.4 0.4 0.4 0.4 0.4 0.4 0.4 0.4 0.4 0.4 0.4 0.4 0.4 0.4 0.4 0.4 0.4 0.4 0.4 0.4 0.4 0.4 0.4 0.4 0.4 0.4 0.4 0.4 0.4 0.4 0.4 0.4 0.4 0.4 0.4 0.4 0.4 0.4 0.4 0.4 0.4 0.4 0.4 0.4 0.4 0.4 0.4 0.4 0.4 0.4 0.4 0.4 0.4 0.4 0.4 0.4 0.4 0.4 0.4 0.4 0.4 0.4 0.4 0.4 0.4 0.4 0.4 0.4 0.4 0.4 0.4 0.4 0.4 0.4 0.4 0.4 0.4 0.4 0.4 0.4 0.4 0.4 0.4 0.4 0.4 0.4 0.4 0.4 0.4 0.4 0.4 0.4 0.4 0.4 0.4 0.4 0.4 0.4 0.4 0.4 0.4 0.4 0.4 0.4 0.4 0.4 0.4 0.4 0.4 0.4 0.4 0.4 0.4 0.4 0.4 0.4 0.4 0.4 0.4 0.4 0.4 0.4 0.4 0.4 0.4 0.4 0.4 0.4 0.4 0.4 0.4 0.4 0.4 0.4 0.4 0.4 0.4 0.4 0.4 0.4 0.4 0.4 0.4 0.4 0.4 0.4 0.4 0.4 0.4 0.4 0.4 0.4 0.4 0.4 0.4 0.4 0.4 0.4 0.4 0.4 0.4 0.4 0.4 0.4 0.4 0.4 0.4 0.4 0.4 0.4 0.4 0.4 0.4 0.4 0.4 0.4 0.4 0.4 0.4 0.4 0.4 0.4 0.4 0.4 0.4 0.4 0.4 0.4 0.4 0.4 0.4 0.4 0.4 0.4 0.4 0.4 0.4 0.4 0.4 0.4 0.4 0.4 0.4 0.4 0.4 0.4 0.4 0.4 0.4 0.4 0.4 0.4 0.4 0.4 0.4 0.4 0.4 0.4 0.4 0.4 0.4 0.4 0.4 0.4 0.4 0.4 0.4 0.4 0.4 0.4 0.4 0.4 0.4 0.4 0.4 0.4 0.4 0.4 0.4 0.4 0.4 0.4 0.4 0.4 0.4 0.4 0.4 0.4 0.4 0.4 0.4 0.4 0.4 0.4 0.4 0.4 0.4 0.4 0.4 0.4 0.4 0.4 0.4 0.4 0.4 0.4 0.4 0.4 0.4 0.4 0.4 0.4 0.4 0.4 0.4 0.4 0.4 0.4 0.4 0.4 0.4 0.4 0.4 0.4 0.4 0.4 0.4 0.4 0.4 0.4 0.4 0.4 0.4 0.4 0.4 0.4 0.4 0.4 0.4 0.4 0.4 0.4 0.4 0.4 0.4 0.4 0.4 0.4 0.4 0.4 0.4 0.4 0.4 0.4 0.4 0.4 0.4 0.4 0.4 0.4 0.4 0.4 0.4 0.4 0.4 0.4 0.4 0.4 0.4 0.4 0.4 0.4 0.4 0.4 0.4 0.4 0.4 0.4 0.4 0.4 0.4 0.4 0.4 0.4 0.4 0.4 0.4 0.4 0.4 0.4 0.4 0.4 0.4 0.4 0.4 0.4 0.4 0.4 0.4 0.4 0.4 0.4 0.4 0.4 0.4 0.4 0.4 0.4 0.4 0.4 0.4 0.4 0.4 0.4 0.4 0.4 0.4 0.4 0.4 0.4 0.4 0.4 0.4 0.4 0.4 0.4 0.4 0.4 0.4 0.4 0.4 0.4 0.4 0.4 0.4 0.4 0.4 0.4 0.4 0.4 0.4 0.4 0.4 0.4 0.4 0.4 0.4 0.4 0.4 0.4 0.4 0.4 0.4 0.4 0.4 0.4 0.4 0.4 0.4 0.4 0.4 0.4 0.4 0.4 0.4 0.4 0.4 0.4 0.4 0.4 0.4 0.4 0.4 0.4 0.4 0.4 0.4 0.4 0.4 0.4 0.4 0.4 0.4 0.4 0.4 0.4 0.4 0.4 0.4 0.4 0.4 0.4 0.4 0.4 0.4 0.4 0.4 0.4 0.4 0.4 0.4 0.4 0.4 0.4 0.4 0.4 0.4 0.4 0.4 0.4 0.4 0.4 0.4 0.4 0.4 0.4 0.4 0.4 0.4 0.4 0.4 0.4 0.4 0.4 0.4 0.4 0.4 0.4 0.4 0.4 0.4 0.4 0.4 0.4 0.4 0.4 0.4 0.4 0.4 0.4 0.4 0.4 0.4 0.4 0.4 0.4 0.4 0.4 0.4 0.4 0.4 0.4 0.4 0.4 0.4 0.4 0.4 0.4 0.4 0.4 0.4 0.4 0.4 0.4 0.4 0.4 0.4 0.4 0.4 0.4 0.4 0.4 0.4 0.4 0.4 0.4 0.4 0.4 0.4 0.4 0.4 0.4 0.4 0.4 0.4 0.4 0.4 0.4 0.4 0.4 0.4 0.4 0.4 0.4 0.4 0.4 0.4 0.4 0.4 0.4 0.4 0.4 0.4 0.4 0.4 0.4 0.4 0.4 0.4 0.4 0.4 0.4 0.4 0.4 0.4 0.4 0.4 0.4 0.4 0.4 0.4 0.4 0.4 0.4 0.4 0.4 0.4 0.4 0.4 0.4 0.4 0.4 0.4 0.4 0.4 0.4 0.4 0.4 0.4 0.4 0.4 0.4 0.4 0.4 0.4 0.4 0.4 0.4 0.4 0.4 0.4 0.4 0.4 0.4 0.4 0.4 0.4 0.4 0.4 0.4 0.4 0.4 0.4 0.4 0.4 0.4 0.4 0.4 0.4 0.4 0.4 0.4 0.4 0.4 0.4 0.4 0.4 0.4 0.4 0.4 0.4 0.4 0.4 0.4 0.4 0.4 0.4 0.4 0.4 0.4 0.4 0.4 0.4 0.4 0.4 0.4 0.4 0.4 0.4 0.4 0.4 0.4 0.4 0.4 0.4 0.4 0.4 0.4 0.4 0.4 0.4 0.4 0.4 0.4 0.4 0.4 0.4 0.4 0.4 0.4 0.4 0.4 0.4 0.4 0.4 0.4 0.4 0.4 0.4 0.4 0.4 0.4 0.4 0.4 0.4 0.4 0.4 0.4 0.4 0.4 0.4 0.4 0.4 0.4 0.4 0.4 0.4 0.4 0.4 0.4 0.4 0.4 0.4 0.4 0.4 0.4 0.4 0.4 0.4 0.4 0.4 0.4 0.4 0.4 0.4 0.4 0.4 0.4 0.4 0.4 0.4 0.4 0.4 0.4 0.4 0.4 0.4 0.4 0.4 0.4 0.4 0.4 0.4 0.4 0.4 0.4 0.4 0.4 0.4 0.4 0.4 0.4 0.4 0.4 0.4 0.4 0.4 0.4 0.4 0.4 0.4 0.4 0.4 0.4 0.4 0.4 0.4 0.4 0.4 0.4 0.4 0.4 0.4 0.4 0.4 0.4 0.4 0.4 0.4 0.4 0.4 0.4 0.4 0.4 0.4 0.4 0.4 0.4 0.4 0.4 0.4 0.4 0.4 0.4 0.4 0.4 0.4 0.4 0.4 0.4 0.4 0.4 0.4 0.4 0.4 0.4 0.4 0.4 0.4 0.4 0.4 0.4 0.4 0.4 0.4 0.4 0.4 0.4 0.4 0.4 0.4 0.4 0.4 0.4 0.4 0.4 0.4 0.4 0.4 0.4 0.4 0.4 0.4 0.4 0.4 0.4 0.4 0.4 0.4 0.4 0.4 0.4 0.4 0.4 0.4 0.4 0.4 0.4 0.4 0.4 0.4 0.4 0.4 0.4 0.4 0.4 0.4 0.4 0.4 0.4 0.4 0.4 0.4 0.4 0.4 0.4 0.4 0.4 0.4 0.4 0.4 0.4 0.4 0.4 0.4 0.4 0.4 0.4 0.4 0.4 0.4 0.4 0.4 0.4 0.4 0.4 0.4 0.4 0.4 0.4 0.4 0.4 0.4 0.4 0.4 0.4 0.4 0.4 0.4 0.4 0.4 0.4 0.4 0.4 0.4 0.4 0.4 0.4 0.4 0.4 0.4 0.4 0.4 0.4 0.4 0.4 0.4 0.4 0.4 0.4 0.4 0.4 0.4 0.4 0.4 0.4 0.4 0.4 0.4 0.4 0.4 0.4 0.4 0.4 0.4 0.4 0.4 0.4 0.4 0.4 0.4 0.4 0.4 0.4 0.4 0.4 0.4 0.4 0.4 0.4 0.4 0.4 0.4 0.4 0.4 0.4 0.4 0.4 0.4 0.4 0.4 0.4 0.4 0.4 0.4 0.4 0.4 0.4 0.4 0.4 0.4 0.4 0.4 0.4 0.4 0.4 0.4 0.4 0.4 0.4 0.4 0.4 0.4 0.4 0.4 0.4 0.4 0.4 0.4 0.4 0.4 0.4 0.4 0.4 0.4 0.4 0.4 0.4 0.4 0.4 0.4 0.4 0.4 0.4 0.4 0.4 0.4 0.4 0.4 0.4 0.4 0.4 0.4 0.4 0.4 0.4 0.4 0.4 0.4 0.4 0.4 0.4 0.4 0.4 0.4 0.4 0.4 0.4 0.4 0.4 0.4 0.4 0.4 0.4 0.4 0.4 0.4 0.4 0.4 0.4 0.4 0.4 0.4 0.4 0.4 0.4 0.4 0.4 0.4 0.4 0.4 0.4 0.4 0.4 0.4 0.4 0.4 0.4 0.4 0.4 0.4 0.4 0.4 0.4 0.4 0.4 0.4 0.4 0.4 0.4 0.4 0.4 0.4 0.4 0.4 0.4 0.4 0.4 0.4 0.4 0.4 0.4 0.4 0.4 0.4 0.4 0.4 0.4 0.4 0.4 0.4 0.4 0.4 0.4 0.4 0.4 0.4 0.4 0.4 0.4 0.4 0.4 0.4 0.4 0.4 0.4 0.4 0.4 0.4 0.4 0.4 0.4 0.4 0.4 0.4 0.4 0.4 0.4 0.4 0.4 0.4 0.4 0.4 0.4 0.4 0.4 0.4 0.4 0.4 0.4 0.4 0.4 0.4 0.4 0.4 0.4 0.4 0.4 0.4 0.4 0.4 0.4 0.4 0.4 0.4 0.4 0.4 0.4 0.4 0.4 0.4 0.4 0.4 0.4 0.4 0.4 0.4 0.4 0.4 0.4 0.4 0.4 0.4 0.4 0.4 0.4 0.4 0.4 0.4 0.4 0.4 0.4 0.4 0.4 0.4 0.4 0.4 0.4 0.4 0.4 0.4 0.4 0.4 0.4 0.4 0.4 0.4 0.4 0.4 0.4 0.4 0.4 0.4 0.4 0.4 0.4 0.4 0.4 0.4 0.4 0.4 0.4 0.4 0.4 0.4 0.4 0.4 0.4 0.4 0.4 0.4 0.4 0.4 0.4 0.4 0.4 0.4 0.4 0.4 0.4 0.4 0.4 0.4 0.4 0.4 0.4 0.4 0.4 0.4 0.4 0.4 0.4 0.4 0.4 0.4 0.4 0.4 0.4 0.4 0.4 0.4 0.4 0.4 0.4 0.4 0.4 0.4 0.4 0.4 0.4 0.4 0.4 0.4 0.4 0.4 0.4 0.4 0.4 0.4 0.4 0.4 0.4 0.4 0.4 0.4 0.4 0.4 0.4 0.4 0.4 0.4 0.4 0.4 0.4 0.4 0.4 0.4 0.4 0.4 0.4 0.4 0.4 0.4 0.4 0.4 0.4 0.4 0.4 0.4 0.4 0.4 0.4 0.4 0.4 0.4 0.4 0.4 0.4 0.4 0.4 0.4 0.4 0.4 0.4 0.4 0.4 0.4 0.4 0.4 0.4 0.4 0.4 0.4 0.4 0.4 0.4 0.4 0.4 0.4 0.4 0.4 0.4 0.4 0.4 0.4 0.4 0.4 0.4 0.4 0.4 0.4 0.4 0.4 0.4 0.4 0.4 0.4 0.4 0.4 0.4 0.4 0.4 0.4 0.4 0.4 0.4 0.4 0.4 0.4 0.4 0.4 0.4 0.4 0.4 0.4 0.4 0.4 0.4 0.4 0.4 0.4 0.4 0.4 0.4 0.4 0.4 0.4 0.4 0.4 0.4 0.4 0.4 0.4 0.4 0.4 0.4 0.4 0.4 0.4 0.4 0.4 0.4 0.4 0.4 0.4 0.4 0.4 0.4 0.4 0.4 0.4 0.4 0.4 0.4 0.4 0.4 0.4 0.4 0.4 0.4 0.4 0.4 0.4 0.4 0.4 0.4 0.4 0.4 0.4 0.4 0.4 0.4 0.4 0.4 0.4 0.4 0.4 0.4 0.4 0.4 0.4 0.4 0.4 0.4 0.4 0.4 0.4 0.4 0.4 0.4 0.4 0.4 0.4 0.4 0.4 0.4 0.4 0.4 0.4 0.4 0.4 0.4 0.4 0.4 0.4 0.4 0.4 0.4 0.4 0.4 0.4 0.4 0.4 0.4 0.4 0.4 0.4 0.4 0.4 0.4 0.4 0.4 0.4 0.4 0.4 0.4 0.4 0.4 0.4 0.4 0.4 0.4 0.4 0.4 0.4 0.4 0.4 0.4 0.4 0.4 0.4 0.4 0.4 0.4 0.4 0.4 0.4 0.4 0.4 0.4 0.4 0.4 0.4 0.4 0.4 0.4 0.4 0.4 0.4 0.4 0.4 0.4 0.4 0.4 0.4 0.4 0.4 0.4 0.4 0.4 0.4 0.4 0.4 0.4 0.4 0.4 0.4 0.4 0.4 0.4 0.4 0.4 0.4 0.4 0.4 0.4 0.4 0.4 0.4 0.4 0.4 0.4 0.4 0.4 0.4 0.4 0.4 0.4 0.4 0.4 0.4 0.4 0.4 0.4 0.4 0.4 0.4 0.4 0.4 0.4 0.4 0.4 0.4 0.4 0.4 0.4 0.4 0.4 0.4 0.4 0.4 0.4 0.4 0.4 0.4 0.4 0.4 0.4 0.4 0.4 0.4 0.4 0.4 0.4 0.4 0.4 0.4 0.4 0.4 0.4 0.4 0.4 0.4 0.4 0.4 0.4 0.4 0.4 0.4 0.4 0.4 0.4 0.4 0.4 0.4 0.4 0.4 0.4 0.4 0.4 0.4 0.4 0.4 0.4 0.4 0.4 0.4 0.4 0.4 0.4 0.4 0.4 0.4 0.4 0.4 0.4 0.4 0.4 0.4 0.4 0.4 0.4 0.4 0.4 0.4 0.4 0.4 0.4 0.4 0.4 0.4 0.4 0.4 0.4 0.4 0.4 0.4 0.4 0.4 0.4 0.4 0.4 0.4 0.4 0.4 0.4 0.4 0.4 0.4 0.4 0.4 0.4 0.4 0.4 0.4 0.4 0.4 0.4 0.4 0.4 0.4 0.4 0.4 0.4 0.4 0.4 0.4 0.4 0.4 0.4 0.4 0.4 0.4 0.4 0.4 0.4 0.4 0.4 0.4 0.4 0.4 0.4 0.4 0.4 0.4 0.4 0.4 0.4 0.4 0.4 0.4 0.4 0.4 0.4 0.4 0.4 0.4 0.4 0.4 0.4 0.4 0.4 0.4 0.4 0.4 0.4 0.4 0.4 0.4 0.4 0.4 0.4 0.4 0.4 0.4 0.4 0.4 0.4 0.4 0.4 0.4 0.4 0.4 0.4 0.4 0.4 0.4 0.4 0.4 0.4 0.4 0.4 0.4 0.4 0.4 0.4 0.4 0.4 0.4 0.4 0.4 0.4 0.4 0.4 0.4 0.4 0.4 0.4 0.4 0.4 0.4 0.4 0.4 0.4 0.4 0.4 0.4 0.4 0.4 0.4 0.4 0.4 0.4 0.4 0.4 0.4 0.4 0.4 0.4 0.4 0.4 0.4 0.4 0.4 0.4 0.4 0.4 0.4 0.4 0.4 0.4 0.4 0.4 0.4 0.4 0.4 0.4 0.4 0.4 0.4 0.4 0.4 0.4 0.4 0.4 0.4 0.4 0.4 0.4 0.4 0.4 0.4 0.4 0.4 0.4 0.4 0.4 0.4 0.4 0.4 0.4 0.4 0.4 0.4 0.4 0.4 0.4 0.4 0.4 0.4 0.4 0.4 0.4 0.4 0.4 0.4 0.4 0.4 0.4 0.4 0.4 0.4 0.4 0.4 0.4 0.4 0.4 0.4 0.4 0.4 0.4 0.4 0.4 0.4 0.4 0.4 0.4 0.4 0.4 0.4 0.4 0.4 0.4 0.4 0.4 0.4 0.4 0.4 0.4 0.4 0.4 0.4 0.4 0.4 0.4 0.4 0.4 0.4 0.4 0.4 0.4 0.4 0.4 0.4 0.4 0.4 0.4 0.4 0.4 0.4 0.4 0.4 0.4 0.4 0.4 0.4 0.4 0.4 0.4 0.4 0.4 0.4 0.4 0.4 0.4 0.4 0.4 0.4 0.4 0.4 0.4 0.4 0.4 0.4 0.4 0.4 0.4 0.4 0.4 0.4 0.4 0.4 0.4 0.4 0.4 0.4 0.4 0.4 0.4 0.4 0.4 0.4 0.4 0.4 0.4 0.4 0.4 0.4 0.4 0.4 0.4 0.4 0.4 0.4 0.4 0.4 0.4 0.4 0.4 0.4 0.4 0.4 0.4 0.4 0.4 0.4 0.4 0.4 0.4 0.4 0.4 0.4 0.4 0.4 0.4 0.4 0.4 0.4 0.4 0.4 0.4 0.4 0.4 0.4 0.4 0.4 0.4 0.4 0.4 0.4 0.4 0.4 0.4 0.4 0.4 0.4 0.4 0.4 0.4 0.4 0.4 0.4 0.4 0.4 0.4 0.4 0.4 0.4 0.4 0.4 0.4 0.4 0.4 0.4 0.4 0.4 0.4 0.4 0.4 0.4 0.4 0.4 0.4 0.4 0.4 0.4 0.4 0.4 0.4 0.4 0.4 0.4 0.4 0.4 0.4 0.4 0.4 0.4 0.4 0.4 0.4 0.4 0.4 0.4 0.4 0.4 0.4 0.4 0.4 0.4 0.4 0.4 0.4 0.4 0.4 0.4 0.4 0.4 0.4 0.4 0.4 0.4 0.4 0.4 0.4 0.4 0.4 0.4 0.4 0.4 0.4 0.4 0.4 0.4 0.4 0.4 0.4 0.4 0.4 0.4 0.4 0.4 0.4 0.4 0.4 
0.400995 0.400995 0.400995 0.400995 0.400995 0.400995 0.400995 0.400834 0.400995 0.400995 0.400995 0.400995 0.400995 0.400995 0.400995 0.400995 0.400995 0.399 0.400995 0.400995 0.400995 0.400995 0.400995 0.400995 0.400995 0.400995 0.400995 0.399 0.400995 0.400995 0.400995 0.400995 0.400995 0.400995 0.400995 0.400995 0.400995 0.400995 0.400995 0.400995 0.400995 0.400995 0.400995 0.400995 0.400995 0.400995 0.400995 0.399284 0.400995 0.400995 0.400995 0.400995 0.400995 0.400995 0.400995 0.400995 0.400995 0.399 0.400995 0.400995 0.400995 0.400995 0.400995 0.400995 0.400995 0.400995 0.400995 0.399 0.400995 0.400995 0.400995 0.400995 0.400995 0.400995 0.400995 0.400995 0.400995 0.400984 0.400995 0.400995 0.400995 0.400995 0.400995 0.400995 0.400995 0.400995 0.400995 0.400537 0.400995 0.400995 0.400995 0.400995 0.400995 0.400995 0.400995 0.400995 0.400995 0.399002 0.400995 0.400995 0.400995 0.400291 0.400995 0.400995 0.399 0.400995 0.400995 0.400995 0.400995 0.400995 0.400995 0.4 0.400995 0.400995 0.39903 0.400995 0.400995 0.400995 0.400995 0.400995 0.400995 0.399005 0.400995 0.400995 0.399003 0.400995 0.400995 0.400995 0.400995 0.400995 0.400995 0.400947 0.400995 0.400995 0.399 0.400995 0.400995 0.400995 0.400995 0.400995 0.400995 0.400905 0.400995 0.400995 0.399166 0.400995 0.400995 0.400995 0.400995 0.400995 0.400995 0.400984 0.400995 0.400995 0.399 0.400995 0.400995 0.400995 0.400995 0.400995 0.400995 0.399095 0.400995 0.400995 0.399 0.400995 0.400995 0.400995 0.400995 0.400995 0.400995 0.399009 0.400995 0.400995 0.399 0.400995 0.400995 0.400995 0.400995 0.400995 0.400995 0.400995 0.400995 0.400995 0.400947 0.400995 0.400995 0.400995 0.400995 0.400995 0.400995 0.399 0.400995 0.400995 0.399 0.400995 0.400995 0.400995 0.400995 0.400995 0.400995 0.400995 0.400995 0.400995 0.400995 0.400995 0.400995 0.400995 0.400995 0.400995 0.400995 0.400995 0.400995 0.400995 0.400995 0.400995 0.400995 0.400995 0.400995 0.400995 0.400995 0.400995 0.400995 0.400995 0.400995 0.400995 0.400995 0.400995 0.400995 0.400995 0.400995 0.400995 0.400995 0.400995 0.400995 0.400995 0.400995 0.400995 0.400995 0.400995 0.400995 0.400995 0.400995 0.400995 0.400995 0.400995 0.400995 0.400995 0.400995 0.400995 0.400995 0.400995 0.400995 0.400995 0.400995 0.400995 0.400995 0.400995 0.400995 0.400995 0.400995 0.400995 0.400995 0.400995 0.400995 0.400995 0.400995 0.400995 0.400995 0.400995 0.400995 0.400995 0.400995 0.400995 0.400995 0.400995 0.400995 0.400995 0.400995 0.400995 0.400995 0.400995 0.400995 0.400995 0.400995 0.400995 0.400995 0.400995 0.400995 0.400995 0.400995 0.400995 0.400995 0.400995 0.400995 0.400995 0.400995 0.400995 0.400995 0.400995 0.400995 0.400995 0.400995 0.400995 0.400995 0.400995 0.400995 0.399 0.400995 0.400995 0.400995 0.400995 0.400995 0.400995 0.400995 0.400995 0.400995 0.4 0.400995 0.400995 0.400995 0.400995 0.400995 0.400995 0.400995 0.400995 0.400995 0.399 0.400995 0.400995 0.400995 0.400995 0.400995 0.400995 0.400995 0.400995 0.400995 0.399 0.400995 0.400995 0.400995 0.400995 0.400995 0.400995 0.400995 0.400995 0.400995 0.400984 0.400995 0.400995 0.400995 0.400995 0.400995 0.400995 0.400995 0.400995 0.400995 0.399463 0.400995 0.400995 0.400995 0.400995 0.400995 0.400995 0.400995 0.400995 0.400995 0.399 0.400995 0.400995 0.400995 0.400995 0.400995 0.400995 0.400995 0.400995 0.400995 0.399463 0.400995 0.400995 0.400995 0.400995 0.400995 0.400995 0.400995 0.400995 0.400995 0.400991 0.400995 0.400995 0.400995 0.400995 0.400995 0.400995 0.400995 0.400995 0.400995 0.400991 0.400995 0.400995 0.400995 0.399709 0.400995 0.400995 0.400834 0.400995 0.400995 0.400995 0.400995 0.400995 0.400995 0.399 0.400995 0.400995 0.399009 0.400995 0.400995 0.400995 0.400995 0.400995 0.400995 0.39903 0.400995 0.400995 0.399709 0.400995 0.400995 0.400995 0.400995 0.400995 0.400995 0.399002 0.400995 0.400995 0.400834 0.400995 0.400995 0.400995 0.400995 0.400995 0.400995 0.399 0.400995 0.400995 0.400537 0.400995 0.400995 0.400995 0.400995 0.400995 0.400995 0.400991 0.400995 0.400995 0.400947 0.400995 0.400995 0.400995 0.400995 0.400995 0.400995 0.399 0.400995 0.400995 0.39903 0.400995 0.400995 0.400995 0.400995 0.400995 0.400995 0.399 0.400995 0.400995 0.399 0.400995 0.400995 0.400995 0.400995 0.400995 0.400995 0.399166 0.400995 0.400995 0.400291 0.400995 0.400995 0.400995 0.400995 0.400995 0.400995 0.399 0.400995 0.400995 0.399 0.400995 0.400995 0.400995 0.400995 0.400995 0.400995 0.400995 0.400995 0.400995 0.400995 0.400995 0.400995 0.400995 0.400995 0.400995 0.400995 0.400995 0.400995 0.400995 0.400995 0.400995 0.400995 0.400995 0.400995 0.400995 0.400995 0.400995 0.400995 0.400995 0.400995 0.400995 0.400995 0.400995 0.400995 0.400995 0.400995 0.400995 0.400995 0.400995 0.400995 0.400995 0.400995 0.400995 0.400995 0.400995 0.400995 0.400995 0.400995 0.400995 0.400995 0.400995 0.400995 0.400995 0.400995 0.400995 0.400995 0.400995 0.400995 0.400995 0.400995 0.400995 0.400995 0.400995 0.400995 0.400995 0.400995 0.400995 0.400995 0.400995 0.400995 0.400995 0.400995 0.400995 0.400995 0.400995 0.400995 0.400995 0.400995 0.400995 0.400995 0.400995 0.400995 0.400995 0.400995 0.400995 0.400995 0.400995 0.400995 0.400995 0.400995 0.400995 0.400995 0.400995 0.400995 0.400995 0.400995 0.400995 0.400995 0.400995 0.400995 0.400995 0.400995 0.400995 0.400995 0.400995 0.400995 0.400995 0.400995 0.400995 0.400995 0.400995 0.400995 0.399003 0.400995 0.400995 0.400995 0.400995 0.400995 0.400995 0.400995 0.400995 0.400995 0.399 0.400995 0.400995 0.400995 0.400995 0.400995 0.400995 0.400995 0.400995 0.400995 0.399 0.400995 0.400995 0.400995 0.400995 0.400995 0.400995 0.400995 0.400995 0.400995 0.399009 0.400995 0.400995 0.400995 0.400995 0.400995 0.400995 0.400995 0.400995 0.400995 0.400716 0.400995 0.400995 0.400995 0.400995 0.400995 0.400995 0.400995 0.400995 0.400995 0.400991 0.400995 0.400995 0.400995 0.400995 0.400995 0.400995 0.400995 0.400995 0.400995 0.399001 0.400995 0.400995 0.400995 0.400995 0.400995 0.400995 0.400995 0.400995 0.400995 0.400716 0.400995 0.400995 0.400995 0.400995 0.400995 0.400995 0.400995 0.400995 0.400995 0.399 0.400995 0.400995 0.400995 0.400995 0.400995 0.400995 0.400995 0.400995 0.400995 0.399003 0.400995 0.400995 0.400995 0.399 0.400995 0.400995 0.399463 0.400995 0.400995 0.400995 0.400995 0.400995 0.400995 0.399709 0.400995 0.400995 0.399 0.400995 0.400995 0.400995 0.400995 0.400995 0.400995 0.400984 0.400995 0.400995 0.400834 0.400995 0.400995 0.400995 0.400995 0.400995 0.400995 0.400716 0.400995 0.400995 0.400984 0.400995 0.400995 0.400995 0.400995 0.400995 0.400995 0.400905 0.400995 0.400995 0.399 0.400995 0.400995 0.400995 0.400995 0.400995 0.400995 0.399 0.400995 0.400995 0.39903 0.400995 0.400995 0.400995 0.400995 0.400995 0.400995 0.399003 0.400995 0.400995 0.399 0.400995 0.400995 0.400995 0.400995 0.400995 0.400995 0.400995 0.400995 0.400995 0.399 0.400995 0.400995 0.400995 0.400995 0.400995 0.400995 0.399 0.400995 0.400995 0.399 0.400995 0.400995 0.400995 0.400995 0.400995 0.400995 0.399 0.400995 0.400995 0.400291 0.400995 0.400995 0.400995 0.400995 0.400995 0.400995 0.400995 0.400995 0.400995 0.400995 0.400995 0.400995 0.400995 0.400995 0.400995 0.400995 0.400995 0.400995 0.400995 0.400995 0.400995 0.400995 0.400995 0.400995 0.400995 0.400995 0.400995 0.400995 0.400995 0.400995 0.400995 0.400995 0.400995 0.400995 0.400995 0.400995 0.400995 0.400995 0.400995 0.400995 0.400995 0.400995 0.400995 0.400995 0.400995 0.400995 0.400995 0.400995 0.400995 0.400995 0.400995 0.400995 0.400995 0.400995 0.400995 0.400995 0.400995 0.400995 0.400995 0.400995 0.400995 0.400995 0.400995 0.400995 0.400995 0.400995 0.400995 0.400995 0.400995 0.400995 0.400995 0.400995 0.400995 0.400995 0.400995 0.400995 0.400995 0.400995 0.400995 0.400995 0.400995 0.400995 0.400995 0.400995 0.400995 0.400995 0.400995 0.400995 0.400995 0.400995 0.400995 0.400995 0.400995 0.400995 0.400995 0.400995 0.400995 0.400995 0.400995 0.400995 0.400995 0.400995 0.400995 0.400995 0.400995 0.400995 0.400995 0.400995 0.400995 0.400995 0.400995 0.400995 0.399709 0.400995 0.400995 0.400995 0.400995 0.400995 0.400995 0.400995 0.400995 0.400995 0.400716 0.400995 0.400995 0.400995 0.400995 0.400995 0.400995 0.400995 0.400995 0.400995 0.399 0.400995 0.400995 0.400995 0.400995 0.400995 0.400995 0.400995 0.400995 0.400995 0.399095 0.400995 0.400995 0.400995 0.400995 0.400995 0.400995 0.400995 0.400995 0.400995 0.400905 0.400995 0.400995 0.400995 0.400995 0.400995 0.400995 0.400995 0.400995 0.400995 0.40097 0.400995 0.400995 0.400995 0.400995 0.400995 0.400995 0.400995 0.400995 0.400995 0.400834 0.400995 0.400995 0.400995 0.400995 0.400995 0.400995 0.400995 0.400995 0.400995 0.400905 0.400995 0.400995 0.400995 0.400995 0.400995 0.400995 0.400995 0.400995 0.400995 0.399 0.400995 0.400995 0.400995 0.400995 0.400995 0.400995 0.400995 0.400995 0.400995 0.400947 0.400995 0.400995 0.400995 0.400995 0.400995 0.400995 0.400995 0.400995 0.400995 0.399095 0.400995 0.400995 0.400995 0.400995 0.400995 0.400995 0.400995 0.400995 0.400995 0.399 0.400995 0.400995 0.400995 0.400995 0.400995 0.400995 0.400995 0.400995 0.400995 0.399 0.400995 0.400995 0.400995 0.400995 0.400995 0.400995 0.400995 0.400995 0.400995 0.399 0.400995 0.400995 0.400995 0.400995 0.400995 0.400995 0.400995 0.400995 0.400995 0.399 0.400995 0.400995 0.400995 0.400995 0.400995 0.400995 0.400995 0.400995 0.400995 0.399709 0.400995 0.400995 0.400995 0.400995 0.400995 0.400995 0.400995 0.400995 0.400995 0.4 0.400995 0.400995 0.400995 0.400995 0.400995 0.400995 0.400995 0.400995 0.400995 0.399 0.400995 0.400995 0.400995 0.400995 0.400995 0.400995 0.400995 0.400995 0.400995 0.399 0.400995 0.400995 0.400995 0.400995 0.400995 0.400995 0.400995 0.400995 0.400995 0.399005 0.400995 0.400995 0.400995 0.399 0.400995 0.400995 0.4 0.400995 0.400995 0.400995 0.400995 0.400995 0.400995 0.399463 0.400995 0.400995 0.399003 0.400995 0.400995 0.400995 0.400995 0.400995 0.400995 0.399002 0.400995 0.400995 0.399 0.400995 0.400995 0.400995 0.400995 0.400995 0.400995 0.399 0.400995 0.400995 0.399 0.400995 0.400995 0.400995 0.400995 0.400995 0.400995 0.399009 0.400995 0.400995 0.399463 0.400995 0.400995 0.400995 0.400995 0.400995 0.400995 0.399 0.400995 0.400995 0.399 0.400995 0.400995 0.400995 0.400995 0.400995 0.400995 0.399 0.400995 0.400995 0.399 0.400995 0.400995 0.400995 0.400995 0.400995 0.400995 0.399 0.400995 0.400995 0.399 0.400995 0.400995 0.400995 0.400995 0.400995 0.400995 0.400947 0.400995 0.400995 0.399016 0.400995 0.400995 0.400995 0.400995 0.400995 0.400995 0.399 0.400995 0.400995 0.399 0.400995 0.400995 0.400995 0.400995 0.400995 0.400995 0.400995 0.400995 0.400995 0.400995 0.400995 0.400995 0.400995 0.400995 0.400995 0.400995 0.400995 0.400995 0.400995 0.400995 0.400995 0.400995 0.400995 0.400995 0.400995 0.400995 0.400995 0.400995 0.400995 0.400995 0.400995 0.400995 0.400995 0.400995 0.400995 0.400995 0.400995 0.400995 0.400995 0.400995 0.400995 0.400995 0.400995 0.400995 0.400995 0.400995 0.400995 0.400995 0.400995 0.400995 0.400995 0.400995 0.400995 0.400995 0.400995 0.400995 0.400995 0.400995 0.400995 0.400995 0.400995 0.400995 0.400995 0.400995 0.400995 0.400995 0.400995 0.400995 0.400995 0.400995 0.400995 0.400995 0.400995 0.400995 0.400995 0.400995 0.400995 0.400995 0.400995 0.400995 0.400995 0.400995 0.400995 0.400995 0.400995 0.400995 0.400995 0.400995 0.400995 0.400995 0.400995 0.400995 0.400995 0.400995 0.400995 0.400995 0.400995 0.400995 0.400995 0.400995 0.400995 0.400995 0.400995 0.400995 0.400995 0.400995 0.400995 0.400995 0.400995 0.400995 0.400995 0.400995 0.399 0.400995 0.400995 0.400995 0.400995 0.400995 0.400995 0.400995 0.400995 0.400995 0.40097 0.400995 0.400995 0.400995 0.400995 0.400995 0.400995 0.400995 0.400995 0.400995 0.399 0.400995 0.400995 0.400995 0.400995 0.400995 0.400995 0.400995 0.400995 0.400995 0.400947 0.400995 0.400995 0.400995 0.400995 0.400995 0.400995 0.400995 0.400995 0.400995 0.399 0.400995 0.400995 0.400995 0.400995 0.400995 0.400995 0.400995 0.400995 0.400995 0.399 0.400995 0.400995 0.400995 0.400995 0.400995 0.400995 0.400995 0.400995 0.400995 0.399284 0.400995 0.400995 0.400995 0.400995 0.400995 0.400995 0.400995 0.400995 0.400995 0.400834 0.400995 0.400995 0.400995 0.400995 0.400995 0.400995 0.400995 0.400995 0.400995 0.4 0.400995 0.400995 0.400995 0.400995 0.400995 0.400995 0.400995 0.400995 0.400995 0.399016 0.400995 0.400995 0.400995 0.399 0.400995 0.400995 0.400537 0.400995 0.400995 0.400995 0.400995 0.400995 0.400995 0.399 0.400995 0.400995 0.400995 0.400995 0.400995 0.400995 0.400995 0.400995 0.400995 0.39903 0.400995 0.400995 0.399 0.400995 0.400995 0.400995 0.400995 0.400995 0.400995 0.399 0.400995 0.400995 0.399 0.400995 0.400995 0.400995 0.400995 0.400995 0.400995 0.399 0.400995 0.400995 0.399 0.400995 0.400995 0.400995 0.400995 0.400995 0.400995 0.399 0.400995 0.400995 0.399 0.400995 0.400995 0.400995 0.400995 0.400995 0.400995 0.399 0.400995 0.400995 0.400291 0.400995 0.400995 0.400995 0.400995 0.400995 0.400995 0.399 0.400995 0.400995 0.400291 0.400995 0.400995 0.400995 0.400995 0.400995 0.400995 0.40097 0.400995 0.400995 0.399 0.400995 0.400995 0.400995 0.400995 0.400995 0.400995 0.40097 0.400995 0.400995 0.399 0.400995 0.400995 0.400995 0.400995 0.400995 0.400995 0.400995 0.400995 0.400995 0.400995 0.400995 0.400995 0.400995 0.400995 0.400995 0.400995 0.400995 0.400995 0.400995 0.400995 0.400995 0.400995 0.400995 0.400995 0.400995 0.400995 0.400995 0.400995 0.400995 0.400995 0.400995 0.400995 0.400995 0.400995 0.400995 0.400995 0.400995 0.400995 0.400995 0.400995 0.400995 0.400995 0.400995 0.400995 0.400995 0.400995 0.400995 0.400995 0.400995 0.400995 0.400995 0.400995 0.400995 0.400995 0.400995 0.400995 0.400995 0.400995 0.400995 0.400995 0.400995 0.400995 0.400995 0.400995 0.400995 0.400995 0.400995 0.400995 0.400995 0.400995 0.400995 0.400995 0.400995 0.400995 0.400995 0.400995 0.400995 0.400995 0.400995 0.400995 0.400995 0.400995 0.400995 0.400995 0.400995 0.400995 0.400995 0.400995 0.400995 0.400995 0.400995 0.400995 0.400995 0.400995 0.400995 0.400995 0.400995 0.400995 0.400995 0.400995 0.400995 0.400995 0.400995 0.400995 0.400995 0.400995 0.400995 0.400995 0.400995 0.400995 0.400995 0.400995 0.399 0.400995 0.400995 0.400995 0.400995 0.400995 0.400995 0.400995 0.400995 0.400995 0.400984 0.400995 0.400995 0.400995 0.400995 0.400995 0.400995 0.400995 0.400995 0.400995 0.399 0.400995 0.400995 0.400995 0.400995 0.400995 0.400995 0.400995 0.400995 0.400995 0.399 0.400995 0.400995 0.400995 0.400995 0.400995 0.400995 0.400995 0.400995 0.400995 0.4 0.400995 0.400995 0.400995 0.400995 0.400995 0.400995 0.400995 0.400995 0.400995 0.399 0.400995 0.400995 0.400995 0.400995 0.400995 0.400995 0.400995 0.400995 0.400995 0.399 0.400995 0.400995 0.400995 0.400995 0.400995 0.400995 0.400995 0.400995 0.400995 0.4 0.400995 0.400995 0.400995 0.400995 0.400995 0.400995 0.400995 0.400995 0.400995 0.399 0.400995 0.400995 0.400995 0.400995 0.400995 0.400995 0.400995 0.400995 0.400995 0.399 0.400995 0.400995 0.400995 0.399 0.400995 0.400995 0.399016 0.400995 0.400995 0.400995 0.400995 0.400995 0.400995 0.399009 0.400995 0.400995 0.399 0.400995 0.400995 0.400995 0.400995 0.400995 0.400995 0.399 0.400995 0.400995 0.399 0.400995 0.400995 0.400995 0.400995 0.400995 0.400995 0.399053 0.400995 0.400995 0.399 0.400995 0.400995 0.400995 0.400995 0.400995 0.400995 0.40097 0.400995 0.400995 0.39903 0.400995 0.400995 0.400995 0.400995 0.400995 0.400995 0.399463 0.400995 0.400995 0.399 0.400995 0.400995 0.400995 0.400995 0.400995 0.400995 0.400984 0.400995 0.400995 0.40097 0.400995 0.400995 0.400995 0.400995 0.400995 0.400995 0.399 0.400995 0.400995 0.400537 0.400995 0.400995 0.400995 0.400995 0.400995 0.400995 0.40097 0.400995 0.400995 0.399709 0.400995 0.400995 0.400995 0.400995 0.400995 0.400995 0.399 0.400995 0.400995 0.400991 0.400995 0.400995 0.400995 0.400995 0.400995 0.400995 0.400995 0.400995 0.400995 0.400995 0.400995 0.400995 0.400995 0.400995 0.400995 0.400995 0.400995 0.400995 0.400995 0.400995 0.400995 0.400995 0.400995 0.400995 0.400995 0.400995 0.400995 0.400995 0.400995 0.400995 0.400995 0.400995 0.400995 0.400995 0.400995 0.400995 0.400995 0.400995 0.400995 0.400995 0.400995 0.400995 0.400995 0.400995 0.400995 0.400995 0.400995 0.400995 0.400995 0.400995 0.400995 0.400995 0.400995 0.400995 0.400995 0.400995 0.400995 0.400995 0.400995 0.400995 0.400995 0.400995 0.400995 0.400995 0.400995 0.400995 0.400995 0.400995 0.400995 0.400995 0.400995 0.400995 0.400995 0.400995 0.400995 0.400995 0.400995 0.400995 0.400995 0.400995 0.400995 0.400995 0.400995 0.400995 0.400995 0.400995 0.400995 0.400995 0.400995 0.400995 0.400995 0.400995 0.400995 0.400995 0.400995 0.400995 0.400995 0.400995 0.400995 0.400995 0.400995 0.400995 0.400995 0.400995 0.400995 0.400995 0.400995 0.400995 0.400995 0.400995 0.400995 0.400995 0.400834 0.400995 0.400995 0.400995 0.400995 0.400995 0.400995 0.400995 0.400995 0.400995 0.400905 0.400995 0.400995 0.400995 0.400995 0.400995 0.400995 0.400995 0.400995 0.400995 0.399002 0.400995 0.400995 0.400995 0.400995 0.400995 0.400995 0.400995 0.400995 0.400995 0.399 0.400995 0.400995 0.400995 0.400995 0.400995 0.400995 0.400995 0.400995 0.400995 0.399016 0.400995 0.400995 0.400995 0.400995 0.400995 0.400995 0.400995 0.400995 0.400995 0.399 0.400995 0.400995 0.400995 0.400995 0.400995 0.400995 0.400995 0.400995 0.400995 0.400834 0.400995 0.400995 0.400995 0.400995 0.400995 0.400995 0.400995 0.400995 0.400995 0.400947 0.400995 0.400995 0.400995 0.400995 0.400995 0.400995 0.400995 0.400995 0.400995 0.399 0.400995 0.400995 0.400995 0.400995 0.400995 0.400995 0.400995 0.400995 0.400995 0.399 0.400995 0.400995 0.400995 0.400995 0.400995 0.400995 0.400995 0.400995 0.400995 0.399 0.400995 0.400995 0.400995 0.400995 0.400995 0.400995 0.400995 0.400995 0.400995 0.400537 0.400995 0.400995 0.400995 0.400995 0.400995 0.400995 0.400995 0.400995 0.400995 0.400291 0.400995 0.400995 0.400995 0.400995 0.400995 0.400995 0.400995 0.400995 0.400995 0.399 0.400995 0.400995 0.400995 0.400995 0.400995 0.400995 0.400995 0.400995 0.400995 0.399095 0.400995 0.400995 0.400995 0.400995 0.400995 0.400995 0.400995 0.400995 0.400995 0.400984 0.400995 0.400995 0.400995 0.400995 0.400995 0.400995 0.400995 0.400995 0.400995 0.399 0.400995 0.400995 0.400995 0.400995 0.400995 0.400995 0.400995 0.400995 0.400995 0.399 0.400995 0.400995 0.400995 0.400995 0.400995 0.400995 0.400995 0.400995 0.400995 0.399 0.400995 0.400995 0.400995 0.400995 0.400995 0.400995 0.400995 0.400995 0.400995 0.399003 0.400995 0.400995 0.400995 0.399 0.400995 0.400995 0.40097 0.400995 0.400995 0.400995 0.400995 0.400995 0.400995 0.400984 0.400995 0.400995 0.399 0.400995 0.400995 0.400995 0.400995 0.400995 0.400995 0.399003 0.400995 0.400995 0.399463 0.400995 0.400995 0.400995 0.400995 0.400995 0.400995 0.399003 0.400995 0.400995 0.399 0.400995 0.400995 0.400995 0.400995 0.400995 0.400995 0.400716 0.400995 0.400995 0.399 0.400995 0.400995 0.400995 0.400995 0.400995 0.400995 0.399 0.400995 0.400995 0.399 0.400995 0.400995 0.400995 0.400995 0.400995 0.400995 0.399001 0.400995 0.400995 0.399016 0.400995 0.400995 0.400995 0.400995 0.400995 0.400995 0.399002 0.400995 0.400995 0.400947 0.400995 0.400995 0.400995 0.400995 0.400995 0.400995 0.399 0.400995 0.400995 0.400291 0.400995 0.400995 0.400995 0.400995 0.400995 0.400995 0.399 0.400995 0.400995 0.399463 0.400995 0.400995 0.400995 0.400995 0.400995 0.400995 0.400995 0.400995 0.400995 0.400995 0.400995 0.400995 0.400995 0.400995 0.400995 0.400995 0.400995 0.400995 0.400995 0.400995 0.400995 0.400995 0.400995 0.400995 0.400995 0.400995 0.400995 0.400995 0.400995 0.400995 0.400995 0.400995 0.400995 0.400995 0.400995 0.400995 0.400995 0.400995 0.400995 0.400995 0.400995 0.400995 0.400995 0.400995 0.400995 0.400995 0.400995 0.400995 0.400995 0.400995 0.400995 0.400995 0.400995 0.400995 0.400995 0.400995 0.400995 0.400995 0.400995 0.400995 0.400995 0.400995 0.400995 0.400995 0.400995 0.400995 0.400995 0.400995 0.400995 0.400995 0.400995 0.400995 0.400995 0.400995 0.400995 0.400995 0.400995 0.400995 0.400995 0.400995 0.400995 0.400995 0.400995 0.400995 0.400995 0.400995 0.400995 0.400995 0.400995 0.400995 0.400995 0.400995 0.400995 0.400995 0.400995 0.400995 0.400995 0.400995 0.400995 0.400995 0.400995 0.400995 0.400995 0.400995 0.400995 0.400995 0.400995 0.400995 0.400995 0.400995 0.400995 0.400995 0.399 0.400995 0.400995 0.400995 0.400995 0.400995 0.400995 0.400995 0.400995 0.400995 0.400834 0.400995 0.400995 0.400995 0.400995 0.400995 0.400995 0.400995 0.400995 0.400995 0.399166 0.400995 0.400995 0.400995 0.400995 0.400995 0.400995 0.400995 0.400995 0.400995 0.39903 0.400995 0.400995 0.400995 0.400995 0.400995 0.400995 0.400995 0.400995 0.400995 0.400291 0.400995 0.400995 0.400995 0.400995 0.400995 0.400995 0.400995 0.400995 0.400995 0.400995 0.400995 0.400995 0.400995 0.400995 0.400995 0.400995 0.400995 0.400995 0.400995 0.399 0.400995 0.400995 0.400995 0.400995 0.400995 0.400995 0.400995 0.400995 0.400995 0.400984 0.400995 0.400995 0.400995 0.400995 0.400995 0.400995 0.400995 0.400995 0.400995 0.399 0.400995 0.400995 0.400995 0.400995 0.400995 0.400995 0.400995 0.400995 0.400995 0.399 0.400995 0.400995 0.400995 0.399 0.400995 0.400995 0.400991 0.400995 0.400995 0.400995 0.400995 0.400995 0.400995 0.400291 0.400995 0.400995 0.399 0.400995 0.400995 0.400995 0.400995 0.400995 0.400995 0.400291 0.400995 0.400995 0.399 0.400995 0.400995 0.400995 0.400995 0.400995 0.400995 0.399 0.400995 0.400995 0.399095 0.400995 0.400995 0.400995 0.400995 0.400995 0.400995 0.400716 0.400995 0.400995 0.40097 0.400995 0.400995 0.400995 0.400995 0.400995 0.400995 0.400834 0.400995 0.400995 0.399 0.400995 0.400995 0.400995 0.400995 0.400995 0.400995 0.399 0.400995 0.400995 0.399 0.400995 0.400995 0.400995 0.400995 0.400995 0.400995 0.399 0.400995 0.400995 0.399053 0.400995 0.400995 0.400995 0.400995 0.400995 0.400995 0.399 0.400995 0.400995 0.399 0.400995 0.400995 0.400995 0.400995 0.400995 0.400995 0.399709 0.400995 0.400995 0.399016 0.400995 0.400995 0.400995 0.400995 0.400995 0.400995 0.400995 0.400995 0.400995 0.400995 0.400995 0.400995 0.400995 0.400995 0.400995 0.400995 0.400995 0.400995 0.400995 0.400995 0.400995 0.400995 0.400995 0.400995 0.400995 0.400995 0.400995 0.400995 0.400995 0.400995 0.400995 0.400995 0.400995 0.400995 0.400995 0.400995 0.400995 0.400995 0.400995 0.400995 0.400995 0.400995 0.400995 0.400995 0.400995 0.400995 0.400995 0.400995 0.400995 0.400995 0.400995 0.400995 0.400995 0.400995 0.400995 0.400995 0.400995 0.400995 0.400995 0.400995 0.400995 0.400995 0.400995 0.400995 0.400995 0.400995 0.400995 0.400995 0.400995 0.400995 0.400995 0.400995 0.400995 0.400995 0.400995 0.400995 0.400995 0.400995 0.400995 0.400995 0.400995 0.400995 0.400995 0.400995 0.400995 0.400995 0.400995 0.400995 0.400995 0.400995 0.400995 0.400995 0.400995 0.400995 0.400995 0.400995 0.400995 0.400995 0.400995 0.400995 0.400995 0.400995 0.400995 0.400995 0.400995 0.400995 0.400995 0.400995 0.400995 0.400995 0.400995 0.400995 0.399 0.400995 0.400995 0.400995 0.400995 0.400995 0.400995 0.400995 0.400995 0.400995 0.400991 0.400995 0.400995 0.400995 0.400995 0.400995 0.400995 0.400995 0.400995 0.400995 0.40097 0.400995 0.400995 0.400995 0.400995 0.400995 0.400995 0.400995 0.400995 0.400995 0.399001 0.400995 0.400995 0.400995 0.400995 0.400995 0.400995 0.400995 0.400995 0.400995 0.399 0.400995 0.400995 0.400995 0.400995 0.400995 0.400995 0.400995 0.400995 0.400995 0.399 0.400995 0.400995 0.400995 0.400995 0.400995 0.400995 0.400995 0.400995 0.400995 0.400984 0.400995 0.400995 0.400995 0.400995 0.400995 0.400995 0.400995 0.400995 0.400995 0.399 0.400995 0.400995 0.400995 0.400995 0.400995 0.400995 0.400995 0.400995 0.400995 0.399 0.400995 0.400995 0.400995 0.400995 0.400995 0.400995 0.400995 0.400995 0.400995 0.399 0.400995 0.400995 0.400995 0.4 0.400995 0.400995 0.400995 0.400995 0.400995 0.400995 0.400995 0.400995 0.400995 0.400905 0.400995 0.400995 0.400991 0.400995 0.400995 0.400995 0.400995 0.400995 0.400995 0.399 0.400995 0.400995 0.399 0.400995 0.400995 0.400995 0.400995 0.400995 0.400995 0.400991 0.400995 0.400995 0.399284 0.400995 0.400995 0.400995 0.400995 0.400995 0.400995 0.399 0.400995 0.400995 0.40097 0.400995 0.400995 0.400995 0.400995 0.400995 0.400995 0.399 0.400995 0.400995 0.399 0.400995 0.400995 0.400995 0.400995 0.400995 0.400995 0.400984 0.400995 0.400995 0.400984 0.400995 0.400995 0.400995 0.400995 0.400995 0.400995 0.399005 0.400995 0.400995 0.399 0.400995 0.400995 0.400995 0.400995 0.400995 0.400995 0.4 0.400995 0.400995 0.399 0.400995 0.400995 0.400995 0.400995 0.400995 0.400995 0.399095 0.400995 0.400995 0.399 0.400995 0.400995 0.400995 0.400995 0.400995 0.400995 0.400995 0.400995 0.400995 0.400995 0.400995 0.400995 0.400995 0.400995 0.400995 0.400995 0.400995 0.400995 0.400995 0.400995 0.400995 0.400995 0.400995 0.400995 0.400995 0.400995 0.400995 0.400995 0.400995 0.400995 0.400995 0.400995 0.400995 0.400995 0.400995 0.400995 0.400995 0.400995 0.400995 0.400995 0.400995 0.400995 0.400995 0.400995 0.400995 0.400995 0.400995 0.400995 0.400995 0.400995 0.400995 0.400995 0.400995 0.400995 0.400995 0.400995 0.400995 0.400995 0.400995 0.400995 0.400995 0.400995 0.400995 0.400995 0.400995 0.400995 0.400995 0.400995 0.400995 0.400995 0.400995 0.400995 0.400995 0.400995 0.400995 0.400995 0.400995 0.400995 0.400995 0.400995 0.400995 0.400995 0.400995 0.400995 0.400995 0.400995 0.400995 0.400995 0.400995 0.400995 0.400995 0.400995 0.400995 0.400995 0.400995 0.400995 0.400995 0.400995 0.400995 0.400995 0.400995 0.400995 0.400995 0.400995 0.400995 0.400995 0.400995 0.400995 0.400995 0.400995 0.400995 0.400995 0.399709 0.400995 0.400995 0.400995 0.400995 0.400995 0.400995 0.400995 0.400995 0.400995 0.400716 0.400995 0.400995 0.400995 0.400995 0.400995 0.400995 0.400995 0.400995 0.400995 0.399 0.400995 0.400995 0.400995 0.400995 0.400995 0.400995 0.400995 0.400995 0.400995 0.399002 0.400995 0.400995 0.400995 0.400995 0.400995 0.400995 0.400995 0.400995 0.400995 0.399003 0.400995 0.400995 0.400995 0.400995 0.400995 0.400995 0.400995 0.400995 0.400995 0.399001 0.400995 0.400995 0.400995 0.400995 0.400995 0.400995 0.400995 0.400995 0.400995 0.400537 0.400995 0.400995 0.400995 0.400995 0.400995 0.400995 0.400995 0.400995 0.400995 0.399 0.400995 0.400995 0.400995 0.400995 0.400995 0.400995 0.400995 0.400995 0.400995 0.399 0.400995 0.400995 0.400995 0.400995 0.400995 0.400995 0.400995 0.400995 0.400995 0.399284 0.400995 0.400995 0.400995 0.400995 0.400995 0.400995 0.400995 0.400995 0.400995 0.399 0.400995 0.400995 0.400995 0.400995 0.400995 0.400995 0.400995 0.400995 0.400995 0.399005 0.400995 0.400995 0.400995 0.400995 0.400995 0.400995 0.400995 0.400995 0.400995 0.399 0.400995 0.400995 0.400995 0.400995 0.400995 0.400995 0.400995 0.400995 0.400995 0.399 0.400995 0.400995 0.400995 0.400995 0.400995 0.400995 0.400995 0.400995 0.400995 0.399 0.400995 0.400995 0.400995 0.400995 0.400995 0.400995 0.400995 0.400995 0.400995 0.40097 0.400995 0.400995 0.400995 0.400995 0.400995 0.400995 0.400995 0.400995 0.400995 0.399 0.400995 0.400995 0.400995 0.400995 0.400995 0.400995 0.400995 0.400995 0.400995 0.399 0.400995 0.400995 0.400995 0.400995 0.400995 0.400995 0.400995 0.400995 0.400995 0.399 0.400995 0.400995 0.400995 0.400995 0.400995 0.400995 0.400995 0.400995 0.400995 0.4 0.400995 0.400995 0.400995 0.4 0.400995 0.400995 0.39903 0.400995 0.400995 0.400995 0.400995 0.400995 0.400995 0.399 0.400995 0.400995 0.4 0.400995 0.400995 0.400995 0.400995 0.400995 0.400995 0.399 0.400995 0.400995 0.400991 0.400995 0.400995 0.400995 0.400995 0.400995 0.400995 0.40097 0.400995 0.400995 0.400291 0.400995 0.400995 0.400995 0.400995 0.400995 0.400995 0.399 0.400995 0.400995 0.40097 0.400995 0.400995 0.400995 0.400995 0.400995 0.400995 0.400905 0.400995 0.400995 0.400991 0.400995 0.400995 0.400995 0.400995 0.400995 0.400995 0.399 0.400995 0.400995 0.399284 0.400995 0.400995 0.400995 0.400995 0.400995 0.400995 0.399 0.400995 0.400995 0.399 0.400995 0.400995 0.400995 0.400995 0.400995 0.400995 0.400947 0.400995 0.400995 0.400537 0.400995 0.400995 0.400995 0.400995 0.400995 0.400995 0.40097 0.400995 0.400995 0.399284 0.400995 0.400995 0.400995 0.400995 0.400995 0.400995 0.400995 0.400995 0.400995 0.400995 0.400995 0.400995 0.400995 0.400995 0.400995 0.400995 0.400995 0.400995 0.400995 0.400995 0.400995 0.400995 0.400995 0.400995 0.400995 0.400995 0.400995 0.400995 0.400995 0.400995 0.400995 0.400995 0.400995 0.400995 0.400995 0.400995 0.400995 0.400995 0.400995 0.400995 0.400995 0.400995 0.400995 0.400995 0.400995 0.400995 0.400995 0.400995 0.400995 0.400995 0.400995 0.400995 0.400995 0.400995 0.400995 0.400995 0.400995 0.400995 0.400995 0.400995 0.400995 0.400995 0.400995 0.400995 0.400995 0.400995 0.400995 0.400995 0.400995 0.400995 0.400995 0.400995 0.400995 0.400995 0.400995 0.400995 0.400995 0.400995 0.400995 0.400995 0.400995 0.400995 0.400995 0.400995 0.400995 0.400995 0.400995 0.400995 0.400995 0.400995 0.400995 0.400995 0.400995 0.400995 0.400995 0.400995 0.400995 0.400995 0.400995 0.400995 0.400995 0.400995 0.400995 0.400995 0.400995 0.400995 0.400995 0.400995 0.400995 0.400995 0.400995 0.400995 0.399709 0.400995 0.400995 0.400995 0.400995 0.400995 0.400995 0.400995 0.400995 0.400995 0.399166 0.400995 0.400995 0.400995 0.400995 0.400995 0.400995 0.400995 0.400995 0.400995 0.399 0.400995 0.400995 0.400995 0.400995 0.400995 0.400995 0.400995 0.400995 0.400995 0.399 0.400995 0.400995 0.400995 0.400995 0.400995 0.400995 0.400995 0.400995 0.400995 0.399 0.400995 0.400995 0.400995 0.400995 0.400995 0.400995 0.400995 0.400995 0.400995 0.399 0.400995 0.400995 0.400995 0.400995 0.400995 0.400995 0.400995 0.400995 0.400995 0.400905 0.400995 0.400995 0.400995 0.400995 0.400995 0.400995 0.400995 0.400995 0.400995 0.399709 0.400995 0.400995 0.400995 0.400995 0.400995 0.400995 0.400995 0.400995 0.400995 0.399 0.400995 0.400995 0.400995 0.400995 0.400995 0.400995 0.400995 0.400995 0.400995 0.40097 0.400995 0.400995 0.400995 0.399284 0.400995 0.400995 0.399003 0.400995 0.400995 0.400995 0.400995 0.400995 0.400995 0.400905 0.400995 0.400995 0.400834 0.400995 0.400995 0.400995 0.400995 0.400995 0.400995 0.399 0.400995 0.400995 0.399002 0.400995 0.400995 0.400995 0.400995 0.400995 0.400995 0.399709 0.400995 0.400995 0.400716 0.400995 0.400995 0.400995 0.400995 0.400995 0.400995 0.399 0.400995 0.400995 0.399 0.400995 0.400995 0.400995 0.400995 0.400995 0.400995 0.399 0.400995 0.400995 0.399 0.400995 0.400995 0.400995 0.400995 0.400995 0.400995 0.399 0.400995 0.400995 0.399 0.400995 0.400995 0.400995 0.400995 0.400995 0.400995 0.399005 0.400995 0.400995 0.399 0.400995 0.400995 0.400995 0.400995 0.400995 0.400995 0.399 0.400995 0.400995 0.400905 0.400995 0.400995 0.400995 0.400995 0.400995 0.400995 0.399 0.400995 0.400995 0.400537 0.400995 0.400995 0.400995 0.400995 0.400995 0.400995 0.400995 0.400995 0.400995 0.400995 0.400995 0.400995 0.400995 0.400995 0.400995 0.400995 0.400995 0.400995 0.400995 0.400995 0.400995 0.400995 0.400995 0.400995 0.400995 0.400995 0.400995 0.400995 0.400995 0.400995 0.400995 0.400995 0.400995 0.400995 0.400995 0.400995 0.400995 0.400995 0.400995 0.400995 0.400995 0.400995 0.400995 0.400995 0.400995 0.400995 0.400995 0.400995 0.400995 0.400995 0.400995 0.400995 0.400995 0.400995 0.400995 0.400995 0.400995 0.400995 0.400995 0.400995 0.400995 0.400995 0.400995 0.400995 0.400995 0.400995 0.400995 0.400995 0.400995 0.400995 0.400995 0.400995 0.400995 0.400995 0.400995 0.400995 0.400995 0.400995 0.400995 0.400995 0.400995 0.400995 0.400995 0.400995 0.400995 0.400995 0.400995 0.400995 0.400995 0.400995 0.400995 0.400995 0.400995 0.400995 0.400995 0.400995 0.400995 0.400995 0.400995 0.400995 0.400995 0.400995 0.400995 0.400995 0.400995 0.400995 0.400995 0.400995 0.400995 0.400995 0.400995 0.400995 0.399 0.400995 0.400995 0.400995 0.400995 0.400995 0.400995 0.400995 0.400995 0.400995 0.400947 0.400995 0.400995 0.400995 0.400995 0.400995 0.400995 0.400995 0.400995 0.400995 0.400905 0.400995 0.400995 0.400995 0.400995 0.400995 0.400995 0.400995 0.400995 0.400995 0.400905 0.400995 0.400995 0.400995 0.400995 0.400995 0.400995 0.400995 0.400995 0.400995 0.399166 0.400995 0.400995 0.400995 0.400995 0.400995 0.400995 0.400995 0.400995 0.400995 0.400995 0.400995 0.400995 0.400995 0.400995 0.400995 0.400995 0.400995 0.400995 0.400995 0.400947 0.400995 0.400995 0.400995 0.400995 0.400995 0.400995 0.400995 0.400995 0.400995 0.399003 0.400995 0.400995 0.400995 0.400995 0.400995 0.400995 0.400995 0.400995 0.400995 0.400984 0.400995 0.400995 0.400995 0.400995 0.400995 0.400995 0.400995 0.400995 0.400995 0.399 0.400995 0.400995 0.400995 0.399 0.400995 0.400995 0.399 0.400995 0.400995 0.400995 0.400995 0.400995 0.400995 0.399 0.400995 0.400995 0.399 0.400995 0.400995 0.400995 0.400995 0.400995 0.400995 0.400905 0.400995 0.400995 0.400947 0.400995 0.400995 0.400995 0.400995 0.400995 0.400995 0.40097 0.400995 0.400995 0.400995 0.400995 0.400995 0.400995 0.400995 0.400995 0.400995 0.399 0.400995 0.400995 0.400984 0.400995 0.400995 0.400995 0.400995 0.400995 0.400995 0.399003 0.400995 0.400995 0.399709 0.400995 0.400995 0.400995 0.400995 0.400995 0.400995 0.399 0.400995 0.400995 0.399 0.400995 0.400995 0.400995 0.400995 0.400995 0.400995 0.399 0.400995 0.400995 0.399053 0.400995 0.400995 0.400995 0.400995 0.400995 0.400995 0.399 0.400995 0.400995 0.399 0.400995 0.400995 0.400995 0.400995 0.400995 0.400995 0.400716 0.400995 0.400995 0.399016 0.400995 0.400995 0.400995 0.400995 0.400995 0.400995 0.400995 0.400995 0.400995 0.400995 0.400995 0.400995 0.400995 0.400995 0.400995 0.400995 0.400995 0.400995 0.400995 0.400995 0.400995 0.400995 0.400995 0.400995 0.400995 0.400995 0.400995 0.400995 0.400995 0.400995 0.400995 0.400995 0.400995 0.400995 0.400995 0.400995 0.400995 0.400995 0.400995 0.400995 0.400995 0.400995 0.400995 0.400995 0.400995 0.400995 0.400995 0.400995 0.400995 0.400995 0.400995 0.400995 0.400995 0.400995 0.400995 0.400995 0.400995 0.400995 0.400995 0.400995 0.400995 0.400995 0.400995 0.400995 0.400995 0.400995 0.400995 0.400995 0.400995 0.400995 0.400995 0.400995 0.400995 0.400995 0.400995 0.400995 0.400995 0.400995 0.400995 0.400995 0.400995 0.400995 0.400995 0.400995 0.400995 0.400995 0.400995 0.400995 0.400995 0.400995 0.400995 0.400995 0.400995 0.400995 0.400995 0.400995 0.400995 0.400995 0.400995 0.400995 0.400995 0.400995 0.400995 0.400995 0.400995 0.400995 0.400995 0.400995 0.400995 0.400995 0.400995 0.400995 0.399709 0.400995 0.400995 0.400995 0.400995 0.400995 0.400995 0.400995 0.400995 0.400995 0.400537 0.400995 0.400995 0.400995 0.400995 0.400995 0.400995 0.400995 0.400995 0.400995 0.399 0.400995 0.400995 0.400995 0.400995 0.400995 0.400995 0.400995 0.400995 0.400995 0.400905 0.400995 0.400995 0.400995 0.400995 0.400995 0.400995 0.400995 0.400995 0.400995 0.399 0.400995 0.400995 0.400995 0.400995 0.400995 0.400995 0.400995 0.400995 0.400995 0.399002 0.400995 0.400995 0.400995 0.400995 0.400995 0.400995 0.400995 0.400995 0.400995 0.399284 0.400995 0.400995 0.400995 0.400995 0.400995 0.400995 0.400995 0.400995 0.400995 0.400834 0.400995 0.400995 0.400995 0.400995 0.400995 0.400995 0.400995 0.400995 0.400995 0.399709 0.400995 0.400995 0.400995 0.400995 0.400995 0.400995 0.400995 0.400995 0.400995 0.399003 0.400995 0.400995 0.400995 0.400995 0.400995 0.400995 0.400995 0.400995 0.400995 0.399053 0.400995 0.400995 0.400995 0.400995 0.400995 0.400995 0.400995 0.400995 0.400995 0.400947 0.400995 0.400995 0.400995 0.400995 0.400995 0.400995 0.400995 0.400995 0.400995 0.39903 0.400995 0.400995 0.400995 0.400995 0.400995 0.400995 0.400995 0.400995 0.400995 0.399003 0.400995 0.400995 0.400995 0.400995 0.400995 0.400995 0.400995 0.400995 0.400995 0.399016 0.400995 0.400995 0.400995 0.400995 0.400995 0.400995 0.400995 0.400995 0.400995 0.399 0.400995 0.400995 0.400995 0.400995 0.400995 0.400995 0.400995 0.400995 0.400995 0.399016 0.400995 0.400995 0.400995 0.400995 0.400995 0.400995 0.400995 0.400995 0.400995 0.399 0.400995 0.400995 0.400995 0.400995 0.400995 0.400995 0.400995 0.400995 0.400995 0.399 0.400995 0.400995 0.400995 0.400995 0.400995 0.400995 0.400995 0.400995 0.400995 0.399002 0.400995 0.400995 0.400995 0.4 0.400995 0.400995 0.399 0.400995 0.400995 0.400995 0.400995 0.400995 0.400995 0.399 0.400995 0.400995 0.399166 0.400995 0.400995 0.400995 0.400995 0.400995 0.400995 0.400947 0.400995 0.400995 0.400834 0.400995 0.400995 0.400995 0.400995 0.400995 0.400995 0.399 0.400995 0.400995 0.400834 0.400995 0.400995 0.400995 0.400995 0.400995 0.400995 0.400947 0.400995 0.400995 0.399 0.400995 0.400995 0.400995 0.400995 0.400995 0.400995 0.399 0.400995 0.400995 0.39903 0.400995 0.400995 0.400995 0.400995 0.400995 0.400995 0.400716 0.400995 0.400995 0.400834 0.400995 0.400995 0.400995 0.400995 0.400995 0.400995 0.400716 0.400995 0.400995 0.399 0.400995 0.400995 0.400995 0.400995 0.400995 0.400995 0.400947 0.400995 0.400995 0.399003 0.400995 0.400995 0.400995 0.400995 0.400995 0.400995 0.399 0.400995 0.400995 0.400834 0.400995 0.400995 0.400995 0.400995 0.400995 0.400995 0.400995 0.400995 0.400995 0.400995 0.400995 0.400995 0.400995 0.400995 0.400995 0.400995 0.400995 0.400995 0.400995 0.400995 0.400995 0.400995 0.400995 0.400995 0.400995 0.400995 0.400995 0.400995 0.400995 0.400995 0.400995 0.400995 0.400995 0.400995 0.400995 0.400995 0.400995 0.400995 0.400995 0.400995 0.400995 0.400995 0.400995 0.400995 0.400995 0.400995 0.400995 0.400995 0.400995 0.400995 0.400995 0.400995 0.400995 0.400995 0.400995 0.400995 0.400995 0.400995 0.400995 0.400995 0.400995 0.400995 0.400995 0.400995 0.400995 0.400995 0.400995 0.400995 0.400995 0.400995 0.400995 0.400995 0.400995 0.400995 0.400995 0.400995 0.400995 0.400995 0.400995 0.400995 0.400995 0.400995 0.400995 0.400995 0.400995 0.400995 0.400995 0.400995 0.400995 0.400995 0.400995 0.400995 0.400995 0.400995 0.400995 0.400995 0.400995 0.400995 0.400995 0.400995 0.400995 0.400995 0.400995 0.400995 0.400995 0.400995 0.400995 0.400995 0.400995 0.400995 0.400995 0.400995 0.400834 0.400995 0.400995 0.400995 0.400995 0.400995 0.400995 0.400995 0.400995 0.400995 0.399 0.400995 0.400995 0.400995 0.400995 0.400995 0.400995 0.400995 0.400995 0.400995 0.399053 0.400995 0.400995 0.400995 0.400995 0.400995 0.400995 0.400995 0.400995 0.400995 0.399 0.400995 0.400995 0.400995 0.400995 0.400995 0.400995 0.400995 0.400995 0.400995 0.400984 0.400995 0.400995 0.400995 0.400995 0.400995 0.400995 0.400995 0.400995 0.400995 0.400291 0.400995 0.400995 0.400995 0.400995 0.400995 0.400995 0.400995 0.400995 0.400995 0.400984 0.400995 0.400995 0.400995 0.400995 0.400995 0.400995 0.400995 0.400995 0.400995 0.400984 0.400995 0.400995 0.400995 0.400995 0.400995 0.400995 0.400995 0.400995 0.400995 0.399001 0.400995 0.400995 0.400995 0.400995 0.400995 0.400995 0.400995 0.400995 0.400995 0.400984 0.400995 0.400995 0.400995 0.399005 0.400995 0.400995 0.399 0.400995 0.400995 0.400995 0.400995 0.400995 0.400995 0.399 0.400995 0.400995 0.400991 0.400995 0.400995 0.400995 0.400995 0.400995 0.400995 0.399 0.400995 0.400995 0.399 0.400995 0.400995 0.400995 0.400995 0.400995 0.400995 0.40097 0.400995 0.400995 0.399 0.400995 0.400995 0.400995 0.400995 0.400995 0.400995 0.399005 0.400995 0.400995 0.399005 0.400995 0.400995 0.400995 0.400995 0.400995 0.400995 0.399 0.400995 0.400995 0.400991 0.400995 0.400995 0.400995 0.400995 0.400995 0.400995 0.399709 0.400995 0.400995 0.39903 0.400995 0.400995 0.400995 0.400995 0.400995 0.400995 0.400995 0.400995 0.400995 0.399463 0.400995 0.400995 0.400995 0.400995 0.400995 0.400995 0.40097 0.400995 0.400995 0.399009 0.400995 0.400995 0.400995 0.400995 0.400995 0.400995 0.399 0.400995 0.400995 0.399053 0.400995 0.400995 0.400995 0.400995 0.400995 0.400995 0.400995 0.400995 0.400995 0.400995 0.400995 0.400995 0.400995 0.400995 0.400995 0.400995 0.400995 0.400995 0.400995 0.400995 0.400995 0.400995 0.400995 0.400995 0.400995 0.400995 0.400995 0.400995 0.400995 0.400995 0.400995 0.400995 0.400995 0.400995 0.400995 0.400995 0.400995 0.400995 0.400995 0.400995 0.400995 0.400995 0.400995 0.400995 0.400995 0.400995 0.400995 0.400995 0.400995 0.400995 0.400995 0.400995 0.400995 0.400995 0.400995 0.400995 0.400995 0.400995 0.400995 0.400995 0.400995 0.400995 0.400995 0.400995 0.400995 0.400995 0.400995 0.400995 0.400995 0.400995 0.400995 0.400995 0.400995 0.400995 0.400995 0.400995 0.400995 0.400995 0.400995 0.400995 0.400995 0.400995 0.400995 0.400995 0.400995 0.400995 0.400995 0.400995 0.400995 0.400995 0.400995 0.400995 0.400995 0.400995 0.400995 0.400995 0.400995 0.400995 0.400995 0.400995 0.400995 0.400995 0.400995 0.400995 0.400995 0.400995 0.400995 0.400995 0.400995 0.400995 0.400995 0.400995 0.399 0.400995 0.400995 0.400995 0.400995 0.400995 0.400995 0.400995 0.400995 0.400995 0.399166 0.400995 0.400995 0.400995 0.400995 0.400995 0.400995 0.400995 0.400995 0.400995 0.399005 0.400995 0.400995 0.400995 0.400995 0.400995 0.400995 0.400995 0.400995 0.400995 0.399 0.400995 0.400995 0.400995 0.400995 0.400995 0.400995 0.400995 0.400995 0.400995 0.399 0.400995 0.400995 0.400995 0.400995 0.400995 0.400995 0.400995 0.400995 0.400995 0.399 0.400995 0.400995 0.400995 0.400995 0.400995 0.400995 0.400995 0.400995 0.400995 0.399 0.400995 0.400995 0.400995 0.400995 0.400995 0.400995 0.400995 0.400995 0.400995 0.399053 0.400995 0.400995 0.400995 0.400995 0.400995 0.400995 0.400995 0.400995 0.400995 0.399009 0.400995 0.400995 0.400995 0.400995 0.400995 0.400995 0.400995 0.400995 0.400995 0.399 0.400995 0.400995 0.400995 0.399 0.400995 0.400995 0.400537 0.400995 0.400995 0.400995 0.400995 0.400995 0.400995 0.399 0.400995 0.400995 0.399095 0.400995 0.400995 0.400995 0.400995 0.400995 0.400995 0.399 0.400995 0.400995 0.400984 0.400995 0.400995 0.400995 0.400995 0.400995 0.400995 0.400291 0.400995 0.400995 0.400905 0.400995 0.400995 0.400995 0.400995 0.400995 0.400995 0.399095 0.400995 0.400995 0.399 0.400995 0.400995 0.400995 0.400995 0.400995 0.400995 0.399463 0.400995 0.400995 0.400984 0.400995 0.400995 0.400995 0.400995 0.400995 0.400995 0.399002 0.400995 0.400995 0.400716 0.400995 0.400995 0.400995 0.400995 0.400995 0.400995 0.400291 0.400995 0.400995 0.399 0.400995 0.400995 0.400995 0.400995 0.400995 0.400995 0.400834 0.400995 0.400995 0.399709 0.400995 0.400995 0.400995 0.400995 0.400995 0.400995 0.399 0.400995 0.400995 0.399 0.400995 0.400995 0.400995 0.400995 0.400995 0.400995 0.400995 0.400995 0.400995 0.400995 0.400995 0.400995 0.400995 0.400995 0.400995 0.400995 0.400995 0.400995 0.400995 0.400995 0.400995 0.400995 0.400995 0.400995 0.400995 0.400995 0.400995 0.400995 0.400995 0.400995 0.400995 0.400995 0.400995 0.400995 0.400995 0.400995 0.400995 0.400995 0.400995 0.400995 0.400995 0.400995 0.400995 0.400995 0.400995 0.400995 0.400995 0.400995 0.400995 0.400995 0.400995 0.400995 0.400995 0.400995 0.400995 0.400995 0.400995 0.400995 0.400995 0.400995 0.400995 0.400995 0.400995 0.400995 0.400995 0.400995 0.400995 0.400995 0.400995 0.400995 0.400995 0.400995 0.400995 0.400995 0.400995 0.400995 0.400995 0.400995 0.400995 0.400995 0.400995 0.400995 0.400995 0.400995 0.400995 0.400995 0.400995 0.400995 0.400995 0.400995 0.400995 0.400995 0.400995 0.400995 0.400995 0.400995 0.400995 0.400995 0.400995 0.400995 0.400995 0.400995 0.400995 0.400995 0.400995 0.400995 0.400995 0.400995 0.400995 0.400995 0.400995 0.400995 0.399 0.400995 0.400995 0.400995 0.400995 0.400995 0.400995 0.400995 0.400995 0.400995 0.399463 0.400995 0.400995 0.400995 0.400995 0.400995 0.400995 0.400995 0.400995 0.400995 0.4 0.400995 0.400995 0.400995 0.400995 0.400995 0.400995 0.400995 0.400995 0.400995 0.399095 0.400995 0.400995 0.400995 0.400995 0.400995 0.400995 0.400995 0.400995 0.400995 0.399095 0.400995 0.400995 0.400995 0.400995 0.400995 0.400995 0.400995 0.400995 0.400995 0.399005 0.400995 0.400995 0.400995 0.400995 0.400995 0.400995 0.400995 0.400995 0.400995 0.399 0.400995 0.400995 0.400995 0.400995 0.400995 0.400995 0.400995 0.400995 0.400995 0.399 0.400995 0.400995 0.400995 0.400995 0.400995 0.400995 0.400995 0.400995 0.400995 0.40097 0.400995 0.400995 0.400995 0.400995 0.400995 0.400995 0.400995 0.400995 0.400995 0.400291 0.400995 0.400995 0.400995 0.400995 0.400995 0.400995 0.400995 0.400995 0.400995 0.399001 0.400995 0.400995 0.400995 0.400995 0.400995 0.400995 0.400995 0.400995 0.400995 0.400291 0.400995 0.400995 0.400995 0.400995 0.400995 0.400995 0.400995 0.400995 0.400995 0.399002 0.400995 0.400995 0.400995 0.400995 0.400995 0.400995 0.400995 0.400995 0.400995 0.399003 0.400995 0.400995 0.400995 0.400995 0.400995 0.400995 0.400995 0.400995 0.400995 0.399 0.400995 0.400995 0.400995 0.400995 0.400995 0.400995 0.400995 0.400995 0.400995 0.399002 0.400995 0.400995 0.400995 0.400995 0.400995 0.400995 0.400995 0.400995 0.400995 0.399 0.400995 0.400995 0.400995 0.400995 0.400995 0.400995 0.400995 0.400995 0.400995 0.400537 0.400995 0.400995 0.400995 0.400995 0.400995 0.400995 0.400995 0.400995 0.400995 0.399 0.400995 0.400995 0.400995 0.400995 0.400995 0.400995 0.400995 0.400995 0.400995 0.399709 0.400995 0.400995 0.400995 0.400995 0.400995 0.400995 0.399 0.400995 0.400995 0.400995 0.400995 0.400995 0.400995 0.399166 0.400995 0.400995 0.399 0.400995 0.400995 0.400995 0.400995 0.400995 0.400995 0.399 0.400995 0.400995 0.399 0.400995 0.400995 0.400995 0.400995 0.400995 0.400995 0.400984 0.400995 0.400995 0.400984 0.400995 0.400995 0.400995 0.400995 0.400995 0.400995 0.399284 0.400995 0.400995 0.400984 0.400995 0.400995 0.400995 0.400995 0.400995 0.400995 0.400947 0.400995 0.400995 0.399 0.400995 0.400995 0.400995 0.400995 0.400995 0.400995 0.400984 0.400995 0.400995 0.400291 0.400995 0.400995 0.400995 0.400995 0.400995 0.400995 0.399 0.400995 0.400995 0.399166 0.400995 0.400995 0.400995 0.400995 0.400995 0.400995 0.400984 0.400995 0.400995 0.399 0.400995 0.400995 0.400995 0.400995 0.400995 0.400995 0.4 0.400995 0.400995 0.400947 0.400995 0.400995 0.400995 0.400995 0.400995 0.400995 0.400995 0.400995 0.400995 0.400995 0.400995 0.400995 0.400995 0.400995 0.400995 0.400995 0.400995 0.400995 0.400995 0.400995 0.400995 0.400995 0.400995 0.400995 0.400995 0.400995 0.400995 0.400995 0.400995 0.400995 0.400995 0.400995 0.400995 0.400995 0.400995 0.400995 0.400995 0.400995 0.400995 0.400995 0.400995 0.400995 0.400995 0.400995 0.400995 0.400995 0.400995 0.400995 0.400995 0.400995 0.400995 0.400995 0.400995 0.400995 0.400995 0.400995 0.400995 0.400995 0.400995 0.400995 0.400995 0.400995 0.400995 0.400995 0.400995 0.400995 0.400995 0.400995 0.400995 0.400995 0.400995 0.400995 0.400995 0.400995 0.400995 0.400995 0.400995 0.400995 0.400995 0.400995 0.400995 0.400995 0.400995 0.400995 0.400995 0.400995 0.400995 0.400995 0.400995 0.400995 0.400995 0.400995 0.400995 0.400995 0.400995 0.400995 0.400995 0.400995 0.400995 0.400995 0.400995 0.400995 0.400995 0.400995 0.400995 0.400995 0.400995 0.400995 0.400995 0.400995 0.400995 0.400995 0.399166 0.400995 0.400995 0.400995 0.400995 0.400995 0.400995 0.400995 0.400995 0.400995 0.399 0.400995 0.400995 0.400995 0.400995 0.400995 0.400995 0.400995 0.400995 0.400995 0.399 0.400995 0.400995 0.400995 0.400995 0.400995 0.400995 0.400995 0.400995 0.400995 0.400984 0.400995 0.400995 0.400995 0.400995 0.400995 0.400995 0.400995 0.400995 0.400995 0.399 0.400995 0.400995 0.400995 0.400995 0.400995 0.400995 0.400995 0.400995 0.400995 0.399 0.400995 0.400995 0.400995 0.400995 0.400995 0.400995 0.400995 0.400995 0.400995 0.400905 0.400995 0.400995 0.400995 0.400995 0.400995 0.400995 0.400995 0.400995 0.400995 0.399 0.400995 0.400995 0.400995 0.400995 0.400995 0.400995 0.400995 0.400995 0.400995 0.399709 0.400995 0.400995 0.400995 0.400995 0.400995 0.400995 0.400995 0.400995 0.400995 0.399 0.400995 0.400995 0.400995 0.399001 0.400995 0.400995 0.400947 0.400995 0.400995 0.400995 0.400995 0.400995 0.400995 0.400716 0.400995 0.400995 0.399 0.400995 0.400995 0.400995 0.400995 0.400995 0.400995 0.399 0.400995 0.400995 0.400537 0.400995 0.400995 0.400995 0.400995 0.400995 0.400995 0.399 0.400995 0.400995 0.400984 0.400995 0.400995 0.400995 0.400995 0.400995 0.400995 0.399 0.400995 0.400995 0.400834 0.400995 0.400995 0.400995 0.400995 0.400995 0.400995 0.399 0.400995 0.400995 0.400947 0.400995 0.400995 0.400995 0.400995 0.400995 0.400995 0.399 0.400995 0.400995 0.399 0.400995 0.400995 0.400995 0.400995 0.400995 0.400995 0.399 0.400995 0.400995 0.399001 0.400995 0.400995 0.400995 0.400995 0.400995 0.400995 0.399 0.400995 0.400995 0.399095 0.400995 0.400995 0.400995 0.400995 0.400995 0.400995 0.399 0.400995 0.400995 0.399463 0.400995 0.400995 0.400995 0.400995 0.400995 0.400995 0.400995 0.400995 0.400995 0.400995 0.400995 0.400995 0.400995 0.400995 0.400995 0.400995 0.400995 0.400995 0.400995 0.400995 0.400995 0.400995 0.400995 0.400995 0.400995 0.400995 0.400995 0.400995 0.400995 0.400995 0.400995 0.400995 0.400995 0.400995 0.400995 0.400995 0.400995 0.400995 0.400995 0.400995 0.400995 0.400995 0.400995 0.400995 0.400995 0.400995 0.400995 0.400995 0.400995 0.400995 0.400995 0.400995 0.400995 0.400995 0.400995 0.400995 0.400995 0.400995 0.400995 0.400995 0.400995 0.400995 0.400995 0.400995 0.400995 0.400995 0.400995 0.400995 0.400995 0.400995 0.400995 0.400995 0.400995 0.400995 0.400995 0.400995 0.400995 0.400995 0.400995 0.400995 0.400995 0.400995 0.400995 0.400995 0.400995 0.400995 0.400995 0.400995 0.400995 0.400995 0.400995 0.400995 0.400995 0.400995 0.400995 0.400995 0.400995 0.400995 0.400995 0.400995 0.400995 0.400995 0.400995 0.400995 0.400995 0.400995 0.400995 0.400995 0.400995 0.400995 0.400995 0.400995 0.399 0.400995 0.400995 0.400995 0.400995 0.400995 0.400995 0.400995 0.400995 0.400995 0.399 0.400995 0.400995 0.400995 0.400995 0.400995 0.400995 0.400995 0.400995 0.400995 0.399 0.400995 0.400995 0.400995 0.400995 0.400995 0.400995 0.400995 0.400995 0.400995 0.399 0.400995 0.400995 0.400995 0.400995 0.400995 0.400995 0.400995 0.400995 0.400995 0.400834 0.400995 0.400995 0.400995 0.400995 0.400995 0.400995 0.400995 0.400995 0.400995 0.400291 0.400995 0.400995 0.400995 0.400995 0.400995 0.400995 0.400995 0.400995 0.400995 0.40097 0.400995 0.400995 0.400995 0.400995 0.400995 0.400995 0.400995 0.400995 0.400995 0.399003 0.400995 0.400995 0.400995 0.400995 0.400995 0.400995 0.400995 0.400995 0.400995 0.399 0.400995 0.400995 0.400995 0.400995 0.400995 0.400995 0.400995 0.400995 0.400995 0.399 0.400995 0.400995 0.400995 0.400947 0.400995 0.400995 0.400984 0.400995 0.400995 0.400995 0.400995 0.400995 0.400995 0.400537 0.400995 0.400995 0.400947 0.400995 0.400995 0.400995 0.400995 0.400995 0.400995 0.400991 0.400995 0.400995 0.400947 0.400995 0.400995 0.400995 0.400995 0.400995 0.400995 0.39903 0.400995 0.400995 0.399 0.400995 0.400995 0.400995 0.400995 0.400995 0.400995 0.399016 0.400995 0.400995 0.399001 0.400995 0.400995 0.400995 0.400995 0.400995 0.400995 0.399009 0.400995 0.400995 0.399095 0.400995 0.400995 0.400995 0.400995 0.400995 0.400995 0.399003 0.400995 0.400995 0.400905 0.400995 0.400995 0.400995 0.400995 0.400995 0.400995 0.399 0.400995 0.400995 0.399053 0.400995 0.400995 0.400995 0.400995 0.400995 0.400995 0.400947 0.400995 0.400995 0.400834 0.400995 0.400995 0.400995 0.400995 0.400995 0.400995 0.40097 0.400995 0.400995 0.39903 0.400995 0.400995 0.400995 0.400995 0.400995 0.400995 0.400995 0.400995 0.400995 0.400995 0.400995 0.400995 0.400995 0.400995 0.400995 0.400995 0.400995 0.400995 0.400995 0.400995 0.400995 0.400995 0.400995 0.400995 0.400995 0.400995 0.400995 0.400995 0.400995 0.400995 0.400995 0.400995 0.400995 0.400995 0.400995 0.400995 0.400995 0.400995 0.400995 0.400995 0.400995 0.400995 0.400995 0.400995 0.400995 0.400995 0.400995 0.400995 0.400995 0.400995 0.400995 0.400995 0.400995 0.400995 0.400995 0.400995 0.400995 0.400995 0.400995 0.400995 0.400995 0.400995 0.400995 0.400995 0.400995 0.400995 0.400995 0.400995 0.400995 0.400995 0.400995 0.400995 0.400995 0.400995 0.400995 0.400995 0.400995 0.400995 0.400995 0.400995 0.400995 0.400995 0.400995 0.400995 0.400995 0.400995 0.400995 0.400995 0.400995 0.400995 0.400995 0.400995 0.400995 0.400995 0.400995 0.400995 0.400995 0.400995 0.400995 0.400995 0.400995 0.400995 0.400995 0.400995 0.400995 0.400995 0.400995 0.400995 0.400995 0.400995 0.400995 0.400995 0.399 0.400995 0.400995 0.400995 0.400995 0.400995 0.400995 0.400995 0.400995 0.400995 0.400291 0.400995 0.400995 0.400995 0.400995 0.400995 0.400995 0.400995 0.400995 0.400995 0.400291 0.400995 0.400995 0.400995 0.400995 0.400995 0.400995 0.400995 0.400995 0.400995 0.4 0.400995 0.400995 0.400995 0.400995 0.400995 0.400995 0.400995 0.400995 0.400995 0.399009 0.400995 0.400995 0.400995 0.400995 0.400995 0.400995 0.400995 0.400995 0.400995 0.399 0.400995 0.400995 0.400995 0.400995 0.400995 0.400995 0.400995 0.400995 0.400995 0.399 0.400995 0.400995 0.400995 0.400995 0.400995 0.400995 0.400995 0.400995 0.400995 0.39903 0.400995 0.400995 0.400995 0.400995 0.400995 0.400995 0.400995 0.400995 0.400995 0.399284 0.400995 0.400995 0.400995 0.400995 0.400995 0.400995 0.400995 0.400995 0.400995 0.399 0.400995 0.400995 0.400995 0.400995 0.400995 0.400995 0.400995 0.400995 0.400995 0.399 0.400995 0.400995 0.400995 0.400995 0.400995 0.400995 0.400995 0.400995 0.400995 0.399 0.400995 0.400995 0.400995 0.400995 0.400995 0.400995 0.400995 0.400995 0.400995 0.39903 0.400995 0.400995 0.400995 0.400995 0.400995 0.400995 0.400995 0.400995 0.400995 0.399 0.400995 0.400995 0.400995 0.400995 0.400995 0.400995 0.400995 0.400995 0.400995 0.400947 0.400995 0.400995 0.400995 0.400995 0.400995 0.400995 0.400995 0.400995 0.400995 0.399 0.400995 0.400995 0.400995 0.400995 0.400995 0.400995 0.400995 0.400995 0.400995 0.399003 0.400995 0.400995 0.400995 0.400995 0.400995 0.400995 0.400995 0.400995 0.400995 0.399 0.400995 0.400995 0.400995 0.400995 0.400995 0.400995 0.400995 0.400995 0.400995 0.399 0.400995 0.400995 0.400995 0.400995 0.400995 0.400995 0.400995 0.400995 0.400995 0.399 0.400995 0.400995 0.400995 0.399005 0.400995 0.400995 0.400291 0.400995 0.400995 0.400995 0.400995 0.400995 0.400995 0.399009 0.400995 0.400995 0.399 0.400995 0.400995 0.400995 0.400995 0.400995 0.400995 0.400984 0.400995 0.400995 0.399463 0.400995 0.400995 0.400995 0.400995 0.400995 0.400995 0.399002 0.400995 0.400995 0.399 0.400995 0.400995 0.400995 0.400995 0.400995 0.400995 0.399016 0.400995 0.400995 0.399 0.400995 0.400995 0.400995 0.400995 0.400995 0.400995 0.399 0.400995 0.400995 0.399 0.400995 0.400995 0.400995 0.400995 0.400995 0.400995 0.39903 0.400995 0.400995 0.399 0.400995 0.400995 0.400995 0.400995 0.400995 0.400995 0.399016 0.400995 0.400995 0.399 0.400995 0.400995 0.400995 0.400995 0.400995 0.400995 0.399 0.400995 0.400995 0.400537 0.400995 0.400995 0.400995 0.400995 0.400995 0.400995 0.400291 0.400995 0.400995 0.39903 0.400995 0.400995 0.400995 0.400995 0.400995 0.400995 0.400995 0.400995 0.400995 0.400995 0.400995 0.400995 0.400995 0.400995 0.400995 0.400995 0.400995 0.400995 0.400995 0.400995 0.400995 0.400995 0.400995 0.400995 0.400995 0.400995 0.400995 0.400995 0.400995 0.400995 0.400995 0.400995 0.400995 0.400995 0.400995 0.400995 0.400995 0.400995 0.400995 0.400995 0.400995 0.400995 0.400995 0.400995 0.400995 0.400995 0.400995 0.400995 0.400995 0.400995 0.400995 0.400995 0.400995 0.400995 0.400995 0.400995 0.400995 0.400995 0.400995 0.400995 0.400995 0.400995 0.400995 0.400995 0.400995 0.400995 0.400995 0.400995 0.400995 0.400995 0.400995 0.400995 0.400995 0.400995 0.400995 0.400995 0.400995 0.400995 0.400995 0.400995 0.400995 0.400995 0.400995 0.400995 0.400995 0.400995 0.400995 0.400995 0.400995 0.400995 0.400995 0.400995 0.400995 0.400995 0.400995 0.400995 0.400995 0.400995 0.400995 0.400995 0.400995 0.400995 0.400995 0.400995 0.400995 0.400995 0.400995 0.400995 0.400995 0.400995 0.400995 0.400995 0.400995 0.400995 0.400995 0.400995 0.400995 0.400995 0.400995 0.400995 0.400995 0.400995 0.400991 0.400995 0.400995 0.400995 0.400995 0.400995 0.400995 0.400995 0.400995 0.400995 0.399001 0.400995 0.400995 0.400995 0.400995 0.400995 0.400995 0.400995 0.400995 0.400995 0.4 0.400995 0.400995 0.400995 0.400995 0.400995 0.400995 0.400995 0.400995 0.400995 0.399709 0.400995 0.400995 0.400995 0.400995 0.400995 0.400995 0.400995 0.400995 0.400995 0.399 0.400995 0.400995 0.400995 0.400995 0.400995 0.400995 0.400995 0.400995 0.400995 0.399166 0.400995 0.400995 0.400995 0.400995 0.400995 0.400995 0.400995 0.400995 0.400995 0.399009 0.400995 0.400995 0.400995 0.400995 0.400995 0.400995 0.400995 0.400995 0.400995 0.399284 0.400995 0.400995 0.400995 0.400995 0.400995 0.400995 0.400995 0.400995 0.400995 0.399 0.400995 0.400995 0.400995 0.400984 0.400995 0.400995 0.400716 0.400995 0.400995 0.400995 0.400995 0.400995 0.400995 0.399 0.400995 0.400995 0.40097 0.400995 0.400995 0.400995 0.400995 0.400995 0.400995 0.399053 0.400995 0.400995 0.399166 0.400995 0.400995 0.400995 0.400995 0.400995 0.400995 0.399709 0.400995 0.400995 0.400947 0.400995 0.400995 0.400995 0.400995 0.400995 0.400995 0.399 0.400995 0.400995 0.399709 0.400995 0.400995 0.400995 0.400995 0.400995 0.400995 0.400834 0.400995 0.400995 0.399001 0.400995 0.400995 0.400995 0.400995 0.400995 0.400995 0.399053 0.400995 0.400995 0.399 0.400995 0.400995 0.400995 0.400995 0.400995 0.400995 0.399463 0.400995 0.400995 0.40097 0.400995 0.400995 0.400995 0.400995 0.400995 0.400995 0.399 0.400995 0.400995 0.399 0.400995 0.400995 0.400995 0.400995 0.400995 0.400995 0.400716 0.400995 0.400995 0.399 0.400995 0.400995 0.400995 0.400995 0.400995 0.400995 0.400995 0.400995 0.400995 0.400995 0.400995 0.400995 0.400995 0.400995 0.400995 0.400995 0.400995 0.400995 0.400995 0.400995 0.400995 0.400995 0.400995 0.400995 0.400995 0.400995 0.400995 0.400995 0.400995 0.400995 0.400995 0.400995 0.400995 0.400995 0.400995 0.400995 0.400995 0.400995 0.400995 0.400995 0.400995 0.400995 0.400995 0.400995 0.400995 0.400995 0.400995 0.400995 0.400995 0.400995 0.400995 0.400995 0.400995 0.400995 0.400995 0.400995 0.400995 0.400995 0.400995 0.400995 0.400995 0.400995 0.400995 0.400995 0.400995 0.400995 0.400995 0.400995 0.400995 0.400995 0.400995 0.400995 0.400995 0.400995 0.400995 0.400995 0.400995 0.400995 0.400995 0.400995 0.400995 0.400995 0.400995 0.400995 0.400995 0.400995 0.400995 0.400995 0.400995 0.400995 0.400995 0.400995 0.400995 0.400995 0.400995 0.400995 0.400995 0.400995 0.400995 0.400995 0.400995 0.400995 0.400995 0.400995 0.400995 0.400995 0.400995 0.400995 0.400995 0.400995 0.400995 0.400995 0.399 0.400995 0.400995 0.400995 0.400995 0.400995 0.400995 0.400995 0.400995 0.400995 0.399 0.400995 0.400995 0.400995 0.400995 0.400995 0.400995 0.400995 0.400995 0.400995 0.399 0.400995 0.400995 0.400995 0.400995 0.400995 0.400995 0.400995 0.400995 0.400995 0.399 0.400995 0.400995 0.400995 0.400995 0.400995 0.400995 0.400995 0.400995 0.400995 0.399 0.400995 0.400995 0.400995 0.400995 0.400995 0.400995 0.400995 0.400995 0.400995 0.399 0.400995 0.400995 0.400995 0.400995 0.400995 0.400995 0.400995 0.400995 0.400995 0.399 0.400995 0.400995 0.400995 0.400995 0.400995 0.400995 0.400995 0.400995 0.400995 0.399284 0.400995 0.400995 0.400995 0.400995 0.400995 0.400995 0.400995 0.400995 0.400995 0.400984 0.400995 0.400995 0.400995 0.400995 0.400995 0.400995 0.400995 0.400995 0.400995 0.400291 0.400995 0.400995 0.400995 0.400834 0.400995 0.400995 0.399009 0.400995 0.400995 0.400995 0.400995 0.400995 0.400995 0.400291 0.400995 0.400995 0.399053 0.400995 0.400995 0.400995 0.400995 0.400995 0.400995 0.400537 0.400995 0.400995 0.399095 0.400995 0.400995 0.400995 0.400995 0.400995 0.400995 0.399002 0.400995 0.400995 0.4 0.400995 0.400995 0.400995 0.400995 0.400995 0.400995 0.399 0.400995 0.400995 0.399001 0.400995 0.400995 0.400995 0.400995 0.400995 0.400995 0.400716 0.400995 0.400995 0.399 0.400995 0.400995 0.400995 0.400995 0.400995 0.400995 0.399 0.400995 0.400995 0.399002 0.400995 0.400995 0.400995 0.400995 0.400995 0.400995 0.400716 0.400995 0.400995 0.400947 0.400995 0.400995 0.400995 0.400995 0.400995 0.400995 0.400905 0.400995 0.400995 0.399 0.400995 0.400995 0.400995 0.400995 0.400995 0.400995 0.399016 0.400995 0.400995 0.400905 0.400995 0.400995 0.400995 0.400995 0.400995 0.400995 0.400995 0.400995 0.400995 0.400995 0.400995 0.400995 0.400995 0.400995 0.400995 0.400995 0.400995 0.400995 0.400995 0.400995 0.400995 0.400995 0.400995 0.400995 0.400995 0.400995 0.400995 0.400995 0.400995 0.400995 0.400995 0.400995 0.400995 0.400995 0.400995 0.400995 0.400995 0.400995 0.400995 0.400995 0.400995 0.400995 0.400995 0.400995 0.400995 0.400995 0.400995 0.400995 0.400995 0.400995 0.400995 0.400995 0.400995 0.400995 0.400995 0.400995 0.400995 0.400995 0.400995 0.400995 0.400995 0.400995 0.400995 0.400995 0.400995 0.400995 0.400995 0.400995 0.400995 0.400995 0.400995 0.400995 0.400995 0.400995 0.400995 0.400995 0.400995 0.400995 0.400995 0.400995 0.400995 0.400995 0.400995 0.400995 0.400995 0.400995 0.400995 0.400995 0.400995 0.400995 0.400995 0.400995 0.400995 0.400995 0.400995 0.400995 0.400995 0.400995 0.400995 0.400995 0.400995 0.400995 0.400995 0.400995 0.400995 0.400995 0.400995 0.400995 0.400995 0.400995 0.400995 0.400995 0.399 0.400995 0.400995 0.400995 0.400995 0.400995 0.400995 0.400995 0.400995 0.400995 0.400995 0.400995 0.400995 0.400995 0.400995 0.400995 0.400995 0.400995 0.400995 0.400995 0.4 0.400995 0.400995 0.400995 0.400995 0.400995 0.400995 0.400995 0.400995 0.400995 0.399095 0.400995 0.400995 0.400995 0.400995 0.400995 0.400995 0.400995 0.400995 0.400995 0.399 0.400995 0.400995 0.400995 0.400995 0.400995 0.400995 0.400995 0.400995 0.400995 0.399 0.400995 0.400995 0.400995 0.400995 0.400995 0.400995 0.400995 0.400995 0.400995 0.399095 0.400995 0.400995 0.400995 0.400995 0.400995 0.400995 0.400995 0.400995 0.400995 0.399 0.400995 0.400995 0.400995 0.400995 0.400995 0.400995 0.400995 0.400995 0.400995 0.399 0.400995 0.400995 0.400995 0.400995 0.400995 0.400995 0.400995 0.400995 0.400995 0.399 0.400995 0.400995 0.400995 0.400995 0.400995 0.400995 0.400995 0.400995 0.400995 0.39903 0.400995 0.400995 0.400995 0.400995 0.400995 0.400995 0.400995 0.400995 0.400995 0.399009 0.400995 0.400995 0.400995 0.400995 0.400995 0.400995 0.400995 0.400995 0.400995 0.399709 0.400995 0.400995 0.400995 0.400995 0.400995 0.400995 0.400995 0.400995 0.400995 0.399 0.400995 0.400995 0.400995 0.400995 0.400995 0.400995 0.400995 0.400995 0.400995 0.400291 0.400995 0.400995 0.400995 0.400995 0.400995 0.400995 0.400995 0.400995 0.400995 0.400991 0.400995 0.400995 0.400995 0.400995 0.400995 0.400995 0.400995 0.400995 0.400995 0.399 0.400995 0.400995 0.400995 0.400995 0.400995 0.400995 0.400995 0.400995 0.400995 0.399284 0.400995 0.400995 0.400995 0.400995 0.400995 0.400995 0.400995 0.400995 0.400995 0.400995 0.400995 0.400995 0.400995 0.400995 0.400995 0.400995 0.400995 0.400995 0.400995 0.400905 0.400995 0.400995 0.400995 0.400834 0.400995 0.400995 0.399 0.400995 0.400995 0.400995 0.400995 0.400995 0.400995 0.399 0.400995 0.400995 0.399 0.400995 0.400995 0.400995 0.400995 0.400995 0.400995 0.399 0.400995 0.400995 0.400537 0.400995 0.400995 0.400995 0.400995 0.400995 0.400995 0.399 0.400995 0.400995 0.400947 0.400995 0.400995 0.400995 0.400995 0.400995 0.400995 0.400537 0.400995 0.400995 0.400537 0.400995 0.400995 0.400995 0.400995 0.400995 0.400995 0.399 0.400995 0.400995 0.40097 0.400995 0.400995 0.400995 0.400995 0.400995 0.400995 0.399 0.400995 0.400995 0.400291 0.400995 0.400995 0.400995 0.400995 0.400995 0.400995 0.399 0.400995 0.400995 0.399 0.400995 0.400995 0.400995 0.400995 0.400995 0.400995 0.400905 0.400995 0.400995 0.399 0.400995 0.400995 0.400995 0.400995 0.400995 0.400995 0.399016 0.400995 0.400995 0.399463 0.400995 0.400995 0.400995 0.400995 0.400995 0.400995 0.400995 0.400995 0.400995 0.400995 0.400995 0.400995 0.400995 0.400995 0.400995 0.400995 0.400995 0.400995 0.400995 0.400995 0.400995 0.400995 0.400995 0.400995 0.400995 0.400995 0.400995 0.400995 0.400995 0.400995 0.400995 0.400995 0.400995 0.400995 0.400995 0.400995 0.400995 0.400995 0.400995 0.400995 0.400995 0.400995 0.400995 0.400995 0.400995 0.400995 0.400995 0.400995 0.400995 0.400995 0.400995 0.400995 0.400995 0.400995 0.400995 0.400995 0.400995 0.400995 0.400995 0.400995 0.400995 0.400995 0.400995 0.400995 0.400995 0.400995 0.400995 0.400995 0.400995 0.400995 0.400995 0.400995 0.400995 0.400995 0.400995 0.400995 0.400995 0.400995 0.400995 0.400995 0.400995 0.400995 0.400995 0.400995 0.400995 0.400995 0.400995 0.400995 0.400995 0.400995 0.400995 0.400995 0.400995 0.400995 0.400995 0.400995 0.400995 0.400995 0.400995 0.400995 0.400995 0.400995 0.400995 0.400995 0.400995 0.400995 0.400995 0.400995 0.400995 0.400995 0.400995 0.400995 0.399463 0.400995 0.400995 0.400995 0.400995 0.400995 0.400995 0.400995 0.400995 0.400995 0.400291 0.400995 0.400995 0.400995 0.400995 0.400995 0.400995 0.400995 0.400995 0.400995 0.399 0.400995 0.400995 0.400995 0.400995 0.400995 0.400995 0.400995 0.400995 0.400995 0.400947 0.400995 0.400995 0.400995 0.400995 0.400995 0.400995 0.400995 0.400995 0.400995 0.399005 0.400995 0.400995 0.400995 0.400995 0.400995 0.400995 0.400995 0.400995 0.400995 0.399463 0.400995 0.400995 0.400995 0.400995 0.400995 0.400995 0.400995 0.400995 0.400995 0.400291 0.400995 0.400995 0.400995 0.400995 0.400995 0.400995 0.400995 0.400995 0.400995 0.399 0.400995 0.400995 0.400995 0.400995 0.400995 0.400995 0.400995 0.400995 0.400995 0.399 0.400995 0.400995 0.400995 0.400995 0.400995 0.400995 0.400995 0.400995 0.400995 0.399284 0.400995 0.400995 0.400995 0.399709 0.400995 0.400995 0.400537 0.400995 0.400995 0.400995 0.400995 0.400995 0.400995 0.399016 0.400995 0.400995 0.400947 0.400995 0.400995 0.400995 0.400995 0.400995 0.400995 0.4 0.400995 0.400995 0.399002 0.400995 0.400995 0.400995 0.400995 0.400995 0.400995 0.40097 0.400995 0.400995 0.40097 0.400995 0.400995 0.400995 0.400995 0.400995 0.400995 0.399 0.400995 0.400995 0.400947 0.400995 0.400995 0.400995 0.400995 0.400995 0.400995 0.399 0.400995 0.400995 0.399463 0.400995 0.400995 0.400995 0.400995 0.400995 0.400995 0.400991 0.400995 0.400995 0.400905 0.400995 0.400995 0.400995 0.400995 0.400995 0.400995 0.399166 0.400995 0.400995 0.399284 0.400995 0.400995 0.400995 0.400995 0.400995 0.400995 0.400991 0.400995 0.400995 0.399 0.400995 0.400995 0.400995 0.400995 0.400995 0.400995 0.400947 0.400995 0.400995 0.399003 0.400995 0.400995 0.400995 0.400995 0.400995 0.400995 0.400995 0.400995 0.400995 0.400995 0.400995 0.400995 0.400995 0.400995 0.400995 0.400995 0.400995 0.400995 0.400995 0.400995 0.400995 0.400995 0.400995 0.400995 0.400995 0.400995 0.400995 0.400995 0.400995 0.400995 0.400995 0.400995 0.400995 0.400995 0.400995 0.400995 0.400995 0.400995 0.400995 0.400995 0.400995 0.400995 0.400995 0.400995 0.400995 0.400995 0.400995 0.400995 0.400995 0.400995 0.400995 0.400995 0.400995 0.400995 0.400995 0.400995 0.400995 0.400995 0.400995 0.400995 0.400995 0.400995 0.400995 0.400995 0.400995 0.400995 0.400995 0.400995 0.400995 0.400995 0.400995 0.400995 0.400995 0.400995 0.400995 0.400995 0.400995 0.400995 0.400995 0.400995 0.400995 0.400995 0.400995 0.400995 0.400995 0.400995 0.400995 0.400995 0.400995 0.400995 0.400995 0.400995 0.400995 0.400995 0.400995 0.400995 0.400995 0.400995 0.400995 0.400995 0.400995 0.400995 0.400995 0.400995 0.400995 0.400995 0.400995 0.400995 0.400995 0.400995 0.400995 0.400995 0.399284 0.400995 0.400995 0.400995 0.400995 0.400995 0.400995 0.400995 0.400995 0.400995 0.400537 0.400995 0.400995 0.400995 0.400995 0.400995 0.400995 0.400995 0.400995 0.400995 0.400537 0.400995 0.400995 0.400995 0.400995 0.400995 0.400995 0.400995 0.400995 0.400995 0.399166 0.400995 0.400995 0.400995 0.400995 0.400995 0.400995 0.400995 0.400995 0.400995 0.400995 0.400995 0.400995 0.400995 0.400995 0.400995 0.400995 0.400995 0.400995 0.400995 0.399709 0.400995 0.400995 0.400995 0.400995 0.400995 0.400995 0.400995 0.400995 0.400995 0.399166 0.400995 0.400995 0.400995 0.400995 0.400995 0.400995 0.400995 0.400995 0.400995 0.399 0.400995 0.400995 0.400995 0.400995 0.400995 0.400995 0.400995 0.400995 0.400995 0.40097 0.400995 0.400995 0.400995 0.400995 0.400995 0.400995 0.400995 0.400995 0.400995 0.400905 0.400995 0.400995 0.400995 0.399 0.400995 0.400995 0.399095 0.400995 0.400995 0.400995 0.400995 0.400995 0.400995 0.399709 0.400995 0.400995 0.399 0.400995 0.400995 0.400995 0.400995 0.400995 0.400995 0.399 0.400995 0.400995 0.399 0.400995 0.400995 0.400995 0.400995 0.400995 0.400995 0.400905 0.400995 0.400995 0.400905 0.400995 0.400995 0.400995 0.400995 0.400995 0.400995 0.399 0.400995 0.400995 0.400834 0.400995 0.400995 0.400995 0.400995 0.400995 0.400995 0.399284 0.400995 0.400995 0.399 0.400995 0.400995 0.400995 0.400995 0.400995 0.400995 0.399016 0.400995 0.400995 0.39903 0.400995 0.400995 0.400995 0.400995 0.400995 0.400995 0.399 0.400995 0.400995 0.400905 0.400995 0.400995 0.400995 0.400995 0.400995 0.400995 0.400537 0.400995 0.400995 0.399 0.400995 0.400995 0.400995 0.400995 0.400995 0.400995 0.399 0.400995 0.400995 0.400291 0.400995 0.400995 0.400995 0.400995 0.400995 0.400995 0.400995 0.400995 0.400995 0.400995 0.400995 0.400995 0.400995 0.400995 0.400995 0.400995 0.400995 0.400995 0.400995 0.400995 0.400995 0.400995 0.400995 0.400995 0.400995 0.400995 0.400995 0.400995 0.400995 0.400995 0.400995 0.400995 0.400995 0.400995 0.400995 0.400995 0.400995 0.400995 0.400995 0.400995 0.400995 0.400995 0.400995 0.400995 0.400995 0.400995 0.400995 0.400995 0.400995 0.400995 0.400995 0.400995 0.400995 0.400995 0.400995 0.400995 0.400995 0.400995 0.400995 0.400995 0.400995 0.400995 0.400995 0.400995 0.400995 0.400995 0.400995 0.400995 0.400995 0.400995 0.400995 0.400995 0.400995 0.400995 0.400995 0.400995 0.400995 0.400995 0.400995 0.400995 0.400995 0.400995 0.400995 0.400995 0.400995 0.400995 0.400995 0.400995 0.400995 0.400995 0.400995 0.400995 0.400995 0.400995 0.400995 0.400995 0.400995 0.400995 0.400995 0.400995 0.400995 0.400995 0.400995 0.400995 0.400995 0.400995 0.400995 0.400995 0.400995 0.400995 0.400995 0.400995 0.399 0.400995 0.400995 0.400995 0.400995 0.400995 0.400995 0.400995 0.400995 0.400995 0.399 0.400995 0.400995 0.400995 0.400995 0.400995 0.400995 0.400995 0.400995 0.400995 0.400947 0.400995 0.400995 0.400995 0.400995 0.400995 0.400995 0.400995 0.400995 0.400995 0.399 0.400995 0.400995 0.400995 0.400995 0.400995 0.400995 0.400995 0.400995 0.400995 0.4 0.400995 0.400995 0.400995 0.400995 0.400995 0.400995 0.400995 0.400995 0.400995 0.400995 0.400995 0.400995 0.400995 0.400995 0.400995 0.400995 0.400995 0.400995 0.400995 0.399095 0.400995 0.400995 0.400995 0.400995 0.400995 0.400995 0.400995 0.400995 0.400995 0.399 0.400995 0.400995 0.400995 0.400995 0.400995 0.400995 0.400995 0.400995 0.400995 0.399 0.400995 0.400995 0.400995 0.400995 0.400995 0.400995 0.400995 0.400995 0.400995 0.400984 0.400995 0.400995 0.400995 0.400995 0.400995 0.400995 0.400995 0.400995 0.400995 0.399463 0.400995 0.400995 0.400995 0.400995 0.400995 0.400995 0.400995 0.400995 0.400995 0.400291 0.400995 0.400995 0.400995 0.400995 0.400995 0.400995 0.400995 0.400995 0.400995 0.399053 0.400995 0.400995 0.400995 0.400995 0.400995 0.400995 0.400995 0.400995 0.400995 0.399709 0.400995 0.400995 0.400995 0.400995 0.400995 0.400995 0.400995 0.400995 0.400995 0.399 0.400995 0.400995 0.400995 0.400995 0.400995 0.400995 0.400995 0.400995 0.400995 0.399 0.400995 0.400995 0.400995 0.400995 0.400995 0.400995 0.400995 0.400995 0.400995 0.399001 0.400995 0.400995 0.400995 0.400995 0.400995 0.400995 0.400995 0.400995 0.400995 0.400834 0.400995 0.400995 0.400995 0.400995 0.400995 0.400995 0.400995 0.400995 0.400995 0.399 0.400995 0.400995 0.400995 0.400995 0.400995 0.400995 0.400995 0.400995 0.400995 0.399 0.400995 0.400995 0.400995 0.400537 0.400995 0.400995 0.400716 0.400995 0.400995 0.400995 0.400995 0.400995 0.400995 0.400991 0.400995 0.400995 0.399 0.400995 0.400995 0.400995 0.400995 0.400995 0.400995 0.399 0.400995 0.400995 0.399 0.400995 0.400995 0.400995 0.400995 0.400995 0.400995 0.399 0.400995 0.400995 0.399 0.400995 0.400995 0.400995 0.400995 0.400995 0.400995 0.399 0.400995 0.400995 0.400984 0.400995 0.400995 0.400995 0.400995 0.400995 0.400995 0.399709 0.400995 0.400995 0.400716 0.400995 0.400995 0.400995 0.400995 0.400995 0.400995 0.400834 0.400995 0.400995 0.399001 0.400995 0.400995 0.400995 0.400995 0.400995 0.400995 0.400984 0.400995 0.400995 0.399 0.400995 0.400995 0.400995 0.400995 0.400995 0.400995 0.399463 0.400995 0.400995 0.400834 0.400995 0.400995 0.400995 0.400995 0.400995 0.400995 0.400984 0.400995 0.400995 0.40097 0.400995 0.400995 0.400995 0.400995 0.400995 0.400995 0.400995 0.400995 0.400995 0.400995 0.400995 0.400995 0.400995 0.400995 0.400995 0.400995 0.400995 0.400995 0.400995 0.400995 0.400995 0.400995 0.400995 0.400995 0.400995 0.400995 0.400995 0.400995 0.400995 0.400995 0.400995 0.400995 0.400995 0.400995 0.400995 0.400995 0.400995 0.400995 0.400995 0.400995 0.400995 0.400995 0.400995 0.400995 0.400995 0.400995 0.400995 0.400995 0.400995 0.400995 0.400995 0.400995 0.400995 0.400995 0.400995 0.400995 0.400995 0.400995 0.400995 0.400995 0.400995 0.400995 0.400995 0.400995 0.400995 0.400995 0.400995 0.400995 0.400995 0.400995 0.400995 0.400995 0.400995 0.400995 0.400995 0.400995 0.400995 0.400995 0.400995 0.400995 0.400995 0.400995 0.400995 0.400995 0.400995 0.400995 0.400995 0.400995 0.400995 0.400995 0.400995 0.400995 0.400995 0.400995 0.400995 0.400995 0.400995 0.400995 0.400995 0.400995 0.400995 0.400995 0.400995 0.400995 0.400995 0.400995 0.400995 0.400995 0.400995 0.400995 0.400995 0.400995 0.399 0.400995 0.400995 0.400995 0.400995 0.400995 0.400995 0.400995 0.400995 0.400995 0.400995 0.400995 0.400995 0.400995 0.400995 0.400995 0.400995 0.400995 0.400995 0.400995 0.399 0.400995 0.400995 0.400995 0.400995 0.400995 0.400995 0.400995 0.400995 0.400995 0.400905 0.400995 0.400995 0.400995 0.400995 0.400995 0.400995 0.400995 0.400995 0.400995 0.400991 0.400995 0.400995 0.400995 0.400995 0.400995 0.400995 0.400995 0.400995 0.400995 0.40097 0.400995 0.400995 0.400995 0.400995 0.400995 0.400995 0.400995 0.400995 0.400995 0.400947 0.400995 0.400995 0.400995 0.400995 0.400995 0.400995 0.400995 0.400995 0.400995 0.400291 0.400995 0.400995 0.400995 0.400995 0.400995 0.400995 0.400995 0.400995 0.400995 0.399166 0.400995 0.400995 0.400995 0.400995 0.400995 0.400995 0.400995 0.400995 0.400995 0.399 0.400995 0.400995 0.400995 0.399 0.400995 0.400995 0.399166 0.400995 0.400995 0.400995 0.400995 0.400995 0.400995 0.399 0.400995 0.400995 0.399 0.400995 0.400995 0.400995 0.400995 0.400995 0.400995 0.399 0.400995 0.400995 0.40097 0.400995 0.400995 0.400995 0.400995 0.400995 0.400995 0.399005 0.400995 0.400995 0.399 0.400995 0.400995 0.400995 0.400995 0.400995 0.400995 0.399 0.400995 0.400995 0.400291 0.400995 0.400995 0.400995 0.400995 0.400995 0.400995 0.399 0.400995 0.400995 0.400537 0.400995 0.400995 0.400995 0.400995 0.400995 0.400995 0.399 0.400995 0.400995 0.399 0.400995 0.400995 0.400995 0.400995 0.400995 0.400995 0.399095 0.400995 0.400995 0.399 0.400995 0.400995 0.400995 0.400995 0.400995 0.400995 0.399053 0.400995 0.400995 0.399 0.400995 0.400995 0.400995 0.400995 0.400995 0.400995 0.399709 0.400995 0.400995 0.400834 0.400995 0.400995 0.400995 0.400995 0.400995 0.400995 0.400995 0.400995 0.400995 0.400995 0.400995 0.400995 0.400995 0.400995 0.400995 0.400995 0.400995 0.400995 0.400995 0.400995 0.400995 0.400995 0.400995 0.400995 0.400995 0.400995 0.400995 0.400995 0.400995 0.400995 0.400995 0.400995 0.400995 0.400995 0.400995 0.400995 0.400995 0.400995 0.400995 0.400995 0.400995 0.400995 0.400995 0.400995 0.400995 0.400995 0.400995 0.400995 0.400995 0.400995 0.400995 0.400995 0.400995 0.400995 0.400995 0.400995 0.400995 0.400995 0.400995 0.400995 0.400995 0.400995 0.400995 0.400995 0.400995 0.400995 0.400995 0.400995 0.400995 0.400995 0.400995 0.400995 0.400995 0.400995 0.400995 0.400995 0.400995 0.400995 0.400995 0.400995 0.400995 0.400995 0.400995 0.400995 0.400995 0.400995 0.400995 0.400995 0.400995 0.400995 0.400995 0.400995 0.400995 0.400995 0.400995 0.400995 0.400995 0.400995 0.400995 0.400995 0.400995 0.400995 0.400995 0.400995 0.400995 0.400995 0.400995 0.400995 0.400995 0.400995 0.400995 0.400995 0.399463 0.400995 0.400995 0.400995 0.400995 0.400995 0.400995 0.400995 0.400995 0.400995 0.399 0.400995 0.400995 0.400995 0.400995 0.400995 0.400995 0.400995 0.400995 0.400995 0.399 0.400995 0.400995 0.400995 0.400995 0.400995 0.400995 0.400995 0.400995 0.400995 0.399053 0.400995 0.400995 0.400995 0.400995 0.400995 0.400995 0.400995 0.400995 0.400995 0.399009 0.400995 0.400995 0.400995 0.400995 0.400995 0.400995 0.400995 0.400995 0.400995 0.400716 0.400995 0.400995 0.400995 0.400995 0.400995 0.400995 0.400995 0.400995 0.400995 0.399003 0.400995 0.400995 0.400995 0.400995 0.400995 0.400995 0.400995 0.400995 0.400995 0.399 0.400995 0.400995 0.400995 0.400995 0.400995 0.400995 0.400995 0.400995 0.400995 0.399709 0.400995 0.400995 0.400995 0.400995 0.400995 0.400995 0.400995 0.400995 0.400995 0.399284 0.400995 0.400995 0.400995 0.400995 0.400995 0.400995 0.400834 0.400995 0.400995 0.400995 0.400995 0.400995 0.400995 0.399 0.400995 0.400995 0.399 0.400995 0.400995 0.400995 0.400995 0.400995 0.400995 0.400716 0.400995 0.400995 0.399 0.400995 0.400995 0.400995 0.400995 0.400995 0.400995 0.399 0.400995 0.400995 0.39903 0.400995 0.400995 0.400995 0.400995 0.400995 0.400995 0.399 0.400995 0.400995 0.399001 0.400995 0.400995 0.400995 0.400995 0.400995 0.400995 0.399463 0.400995 0.400995 0.4 0.400995 0.400995 0.400995 0.400995 0.400995 0.400995 0.399 0.400995 0.400995 0.400834 0.400995 0.400995 0.400995 0.400995 0.400995 0.400995 0.399 0.400995 0.400995 0.400834 0.400995 0.400995 0.400995 0.400995 0.400995 0.400995 0.399284 0.400995 0.400995 0.399 0.400995 0.400995 0.400995 0.400995 0.400995 0.400995 0.399 0.400995 0.400995 0.399 0.400995 0.400995 0.400995 0.400995 0.400995 0.400995 0.400995 0.400995 0.400995 0.400995 0.400995 0.400995 0.400995 0.400995 0.400995 0.400995 0.400995 0.400995 0.400995 0.400995 0.400995 0.400995 0.400995 0.400995 0.400995 0.400995 0.400995 0.400995 0.400995 0.400995 0.400995 0.400995 0.400995 0.400995 0.400995 0.400995 0.400995 0.400995 0.400995 0.400995 0.400995 0.400995 0.400995 0.400995 0.400995 0.400995 0.400995 0.400995 0.400995 0.400995 0.400995 0.400995 0.400995 0.400995 0.400995 0.400995 0.400995 0.400995 0.400995 0.400995 0.400995 0.400995 0.400995 0.400995 0.400995 0.400995 0.400995 0.400995 0.400995 0.400995 0.400995 0.400995 0.400995 0.400995 0.400995 0.400995 0.400995 0.400995 0.400995 0.400995 0.400995 0.400995 0.400995 0.400995 0.400995 0.400995 0.400995 0.400995 0.400995 0.400995 0.400995 0.400995 0.400995 0.400995 0.400995 0.400995 0.400995 0.400995 0.400995 0.400995 0.400995 0.400995 0.400995 0.400995 0.400995 0.400995 0.400995 0.400995 0.400995 0.400995 0.400995 0.400995 0.400291 0.400995 0.400995 0.400995 0.400995 0.400995 0.400995 0.400995 0.400995 0.400995 0.399284 0.400995 0.400995 0.400995 0.400995 0.400995 0.400995 0.400995 0.400995 0.400995 0.399009 0.400995 0.400995 0.400995 0.400995 0.400995 0.400995 0.400995 0.400995 0.400995 0.399 0.400995 0.400995 0.400995 0.400995 0.400995 0.400995 0.400995 0.400995 0.400995 0.400834 0.400995 0.400995 0.400995 0.400995 0.400995 0.400995 0.400995 0.400995 0.400995 0.399053 0.400995 0.400995 0.400995 0.400995 0.400995 0.400995 0.400995 0.400995 0.400995 0.399053 0.400995 0.400995 0.400995 0.400995 0.400995 0.400995 0.400995 0.400995 0.400995 0.400991 0.400995 0.400995 0.400995 0.400995 0.400995 0.400995 0.400995 0.400995 0.400995 0.39903 0.400995 0.400995 0.400995 0.400995 0.400995 0.400995 0.400995 0.400995 0.400995 0.399 0.400995 0.400995 0.400995 0.400995 0.400995 0.400995 0.400995 0.400995 0.400995 0.399016 0.400995 0.400995 0.400995 0.400995 0.400995 0.400995 0.400995 0.400995 0.400995 0.399 0.400995 0.400995 0.400995 0.400995 0.400995 0.400995 0.400995 0.400995 0.400995 0.400716 0.400995 0.400995 0.400995 0.400995 0.400995 0.400995 0.400995 0.400995 0.400995 0.399 0.400995 0.400995 0.400995 0.400995 0.400995 0.400995 0.400995 0.400995 0.400995 0.400905 0.400995 0.400995 0.400995 0.400995 0.400995 0.400995 0.400995 0.400995 0.400995 0.399009 0.400995 0.400995 0.400995 0.400995 0.400995 0.400995 0.400995 0.400995 0.400995 0.400834 0.400995 0.400995 0.400995 0.400995 0.400995 0.400995 0.400995 0.400995 0.400995 0.399 0.400995 0.400995 0.400995 0.400995 0.400995 0.400995 0.400995 0.400995 0.400995 0.400947 0.400995 0.400995 0.400995 0.400995 0.400995 0.400995 0.400995 0.400995 0.400995 0.399284 0.400995 0.400995 0.400995 0.399016 0.400995 0.400995 0.399003 0.400995 0.400995 0.400995 0.400995 0.400995 0.400995 0.400291 0.400995 0.400995 0.399 0.400995 0.400995 0.400995 0.400995 0.400995 0.400995 0.400291 0.400995 0.400995 0.399 0.400995 0.400995 0.400995 0.400995 0.400995 0.400995 0.399 0.400995 0.400995 0.39903 0.400995 0.400995 0.400995 0.400995 0.400995 0.400995 0.400991 0.400995 0.400995 0.399 0.400995 0.400995 0.400995 0.400995 0.400995 0.400995 0.400716 0.400995 0.400995 0.399 0.400995 0.400995 0.400995 0.400995 0.400995 0.400995 0.399 0.400995 0.400995 0.399 0.400995 0.400995 0.400995 0.400995 0.400995 0.400995 0.399284 0.400995 0.400995 0.399053 0.400995 0.400995 0.400995 0.400995 0.400995 0.400995 0.399002 0.400995 0.400995 0.399003 0.400995 0.400995 0.400995 0.400995 0.400995 0.400995 0.399 0.400995 0.400995 0.400947 0.400995 0.400995 0.400995 0.400995 0.400995 0.400995 0.400995 0.400995 0.400995 0.400995 0.400995 0.400995 0.400995 0.400995 0.400995 0.400995 0.400995 0.400995 0.400995 0.400995 0.400995 0.400995 0.400995 0.400995 0.400995 0.400995 0.400995 0.400995 0.400995 0.400995 0.400995 0.400995 0.400995 0.400995 0.400995 0.400995 0.400995 0.400995 0.400995 0.400995 0.400995 0.400995 0.400995 0.400995 0.400995 0.400995 0.400995 0.400995 0.400995 0.400995 0.400995 0.400995 0.400995 0.400995 0.400995 0.400995 0.400995 0.400995 0.400995 0.400995 0.400995 0.400995 0.400995 0.400995 0.400995 0.400995 0.400995 0.400995 0.400995 0.400995 0.400995 0.400995 0.400995 0.400995 0.400995 0.400995 0.400995 0.400995 0.400995 0.400995 0.400995 0.400995 0.400995 0.400995 0.400995 0.400995 0.400995 0.400995 0.400995 0.400995 0.400995 0.400995 0.400995 0.400995 0.400995 0.400995 0.400995 0.400995 0.400995 0.400995 0.400995 0.400995 0.400995 0.400995 0.400995 0.400995 0.400995 0.400995 0.400995 0.400995 0.400995 0.400995 0.400716 0.400995 0.400995 0.400995 0.400995 0.400995 0.400995 0.400995 0.400995 0.400995 0.399709 0.400995 0.400995 0.400995 0.400995 0.400995 0.400995 0.400995 0.400995 0.400995 0.399 0.400995 0.400995 0.400995 0.400995 0.400995 0.400995 0.400995 0.400995 0.400995 0.40097 0.400995 0.400995 0.400995 0.400995 0.400995 0.400995 0.400995 0.400995 0.400995 0.399166 0.400995 0.400995 0.400995 0.400995 0.400995 0.400995 0.400995 0.400995 0.400995 0.399463 0.400995 0.400995 0.400995 0.400995 0.400995 0.400995 0.400995 0.400995 0.400995 0.400905 0.400995 0.400995 0.400995 0.400995 0.400995 0.400995 0.400995 0.400995 0.400995 0.399 0.400995 0.400995 0.400995 0.400995 0.400995 0.400995 0.400995 0.400995 0.400995 0.400991 0.400995 0.400995 0.400995 0.400995 0.400995 0.400995 0.400995 0.400995 0.400995 0.4 0.400995 0.400995 0.400995 0.399284 0.400995 0.400995 0.400834 0.400995 0.400995 0.400995 0.400995 0.400995 0.400995 0.399 0.400995 0.400995 0.399009 0.400995 0.400995 0.400995 0.400995 0.400995 0.400995 0.399009 0.400995 0.400995 0.399 0.400995 0.400995 0.400995 0.400995 0.400995 0.400995 0.399 0.400995 0.400995 0.399709 0.400995 0.400995 0.400995 0.400995 0.400995 0.400995 0.40097 0.400995 0.400995 0.399 0.400995 0.400995 0.400995 0.400995 0.400995 0.400995 0.40097 0.400995 0.400995 0.399016 0.400995 0.400995 0.400995 0.400995 0.400995 0.400995 0.400947 0.400995 0.400995 0.400291 0.400995 0.400995 0.400995 0.400995 0.400995 0.400995 0.399284 0.400995 0.400995 0.400291 0.400995 0.400995 0.400995 0.400995 0.400995 0.400995 0.399 0.400995 0.400995 0.400834 0.400995 0.400995 0.400995 0.400995 0.400995 0.400995 0.399016 0.400995 0.400995 0.399 0.400995 0.400995 0.400995 0.400995 0.400995 0.400995 0.400995 0.400995 0.400995 0.400995 0.400995 0.400995 0.400995 0.400995 0.400995 0.400995 0.400995 0.400995 0.400995 0.400995 0.400995 0.400995 0.400995 0.400995 0.400995 0.400995 0.400995 0.400995 0.400995 0.400995 0.400995 0.400995 0.400995 0.400995 0.400995 0.400995 0.400995 0.400995 0.400995 0.400995 0.400995 0.400995 0.400995 0.400995 0.400995 0.400995 0.400995 0.400995 0.400995 0.400995 0.400995 0.400995 0.400995 0.400995 0.400995 0.400995 0.400995 0.400995 0.400995 0.400995 0.400995 0.400995 0.400995 0.400995 0.400995 0.400995 0.400995 0.400995 0.400995 0.400995 0.400995 0.400995 0.400995 0.400995 0.400995 0.400995 0.400995 0.400995 0.400995 0.400995 0.400995 0.400995 0.400995 0.400995 0.400995 0.400995 0.400995 0.400995 0.400995 0.400995 0.400995 0.400995 0.400995 0.400995 0.400995 0.400995 0.400995 0.400995 0.400995 0.400995 0.400995 0.400995 0.400995 0.400995 0.400995 0.400995 0.400995 0.400995 0.400995 0.400995 0.400995 0.400995 0.40097 0.400995 0.400995 0.400995 0.400995 0.400995 0.400995 0.400995 0.400995 0.400995 0.400291 0.400995 0.400995 0.400995 0.400995 0.400995 0.400995 0.400995 0.400995 0.400995 0.399016 0.400995 0.400995 0.400995 0.400995 0.400995 0.400995 0.400995 0.400995 0.400995 0.39903 0.400995 0.400995 0.400995 0.400995 0.400995 0.400995 0.400995 0.400995 0.400995 0.399 0.400995 0.400995 0.400995 0.400995 0.400995 0.400995 0.400995 0.400995 0.400995 0.399053 0.400995 0.400995 0.400995 0.400995 0.400995 0.400995 0.400995 0.400995 0.400995 0.400905 0.400995 0.400995 0.400995 0.400995 0.400995 0.400995 0.400995 0.400995 0.400995 0.400537 0.400995 0.400995 0.400995 0.400995 0.400995 0.400995 0.400995 0.400995 0.400995 0.399005 0.400995 0.400995 0.400995 0.400995 0.400995 0.400995 0.400995 0.400995 0.400995 0.399 0.400995 0.400995 0.400995 0.399 0.400995 0.400995 0.40097 0.400995 0.400995 0.400995 0.400995 0.400995 0.400995 0.399009 0.400995 0.400995 0.400991 0.400995 0.400995 0.400995 0.400995 0.400995 0.400995 0.399 0.400995 0.400995 0.400834 0.400995 0.400995 0.400995 0.400995 0.400995 0.400995 0.399 0.400995 0.400995 0.400991 0.400995 0.400995 0.400995 0.400995 0.400995 0.400995 0.399284 0.400995 0.400995 0.399009 0.400995 0.400995 0.400995 0.400995 0.400995 0.400995 0.400716 0.400995 0.400995 0.399 0.400995 0.400995 0.400995 0.400995 0.400995 0.400995 0.399 0.400995 0.400995 0.399 0.400995 0.400995 0.400995 0.400995 0.400995 0.400995 0.39903 0.400995 0.400995 0.40097 0.400995 0.400995 0.400995 0.400995 0.400995 0.400995 0.399053 0.400995 0.400995 0.399 0.400995 0.400995 0.400995 0.400995 0.400995 0.400995 0.399 0.400995 0.400995 0.399 0.400995 0.400995 0.400995 0.400995 0.400995 0.400995 0.400995 0.400995 0.400995 0.400995 0.400995 0.400995 0.400995 0.400995 0.400995 0.400995 0.400995 0.400995 0.400995 0.400995 0.400995 0.400995 0.400995 0.400995 0.400995 0.400995 0.400995 0.400995 0.400995 0.400995 0.400995 0.400995 0.400995 0.400995 0.400995 0.400995 0.400995 0.400995 0.400995 0.400995 0.400995 0.400995 0.400995 0.400995 0.400995 0.400995 0.400995 0.400995 0.400995 0.400995 0.400995 0.400995 0.400995 0.400995 0.400995 0.400995 0.400995 0.400995 0.400995 0.400995 0.400995 0.400995 0.400995 0.400995 0.400995 0.400995 0.400995 0.400995 0.400995 0.400995 0.400995 0.400995 0.400995 0.400995 0.400995 0.400995 0.400995 0.400995 0.400995 0.400995 0.400995 0.400995 0.400995 0.400995 0.400995 0.400995 0.400995 0.400995 0.400995 0.400995 0.400995 0.400995 0.400995 0.400995 0.400995 0.400995 0.400995 0.400995 0.400995 0.400995 0.400995 0.400995 0.400995 0.400995 0.400995 0.400995 0.400995 0.400995 0.400995 0.400995 0.400995 0.400995 0.400291 0.400995 0.400995 0.400995 0.400995 0.400995 0.400995 0.400995 0.400995 0.400995 0.399709 0.400995 0.400995 0.400995 0.400995 0.400995 0.400995 0.400995 0.400995 0.400995 0.400991 0.400995 0.400995 0.400995 0.400995 0.400995 0.400995 0.400995 0.400995 0.400995 0.400905 0.400995 0.400995 0.400995 0.400995 0.400995 0.400995 0.400995 0.400995 0.400995 0.399 0.400995 0.400995 0.400995 0.400995 0.400995 0.400995 0.400995 0.400995 0.400995 0.399 0.400995 0.400995 0.400995 0.400995 0.400995 0.400995 0.400995 0.400995 0.400995 0.399 0.400995 0.400995 0.400995 0.400995 0.400995 0.400995 0.400995 0.400995 0.400995 0.399 0.400995 0.400995 0.400995 0.400995 0.400995 0.400995 0.400995 0.400995 0.400995 0.399001 0.400995 0.400995 0.400995 0.400995 0.400995 0.400995 0.400995 0.400995 0.400995 0.400947 0.400995 0.400995 
0.40199 0.40199 0.40199 0.40199 0.40199 0.40199 0.40199 0.400542 0.40199 0.40199 0.40199 0.40199 0.40199 0.40199 0.40199 0.40199 0.40199 0.398 0.40199 0.40199 0.40199 0.40199 0.40199 0.40199 0.40199 0.40199 0.40199 0.398 0.40199 0.40199 0.40199 0.40199 0.40199 0.40199 0.40199 0.40199 0.40199 0.401986 0.40199 0.40199 0.40199 0.40199 0.40199 0.40199 0.40199 0.40199 0.40199 0.398284 0.40199 0.40199 0.40199 0.40199 0.40199 0.40199 0.40199 0.40199 0.40199 0.398002 0.40199 0.40199 0.40199 0.40199 0.40199 0.40199 0.40199 0.40199 0.40199 0.398003 0.40199 0.40199 0.40199 0.40199 0.40199 0.40199 0.40199 0.40199 0.40199 0.401931 0.40199 0.40199 0.40199 0.40199 0.40199 0.40199 0.40199 0.40199 0.40199 0.401371 0.40199 0.40199 0.40199 0.40199 0.40199 0.40199 0.40199 0.40199 0.40199 0.398006 0.40199 0.40199 0.40199 0.400583 0.40199 0.40199 0.398 0.40199 0.40199 0.40199 0.40199 0.40199 0.40199 0.399709 0.40199 0.40199 0.399321 0.40199 0.40199 0.40199 0.40199 0.40199 0.40199 0.398005 0.40199 0.40199 0.398003 0.40199 0.40199 0.40199 0.40199 0.40199 0.40199 0.401917 0.40199 0.40199 0.398 0.40199 0.40199 0.40199 0.40199 0.40199 0.40199 0.401852 0.40199 0.40199 0.398196 0.40199 0.40199 0.40199 0.40199 0.40199 0.40199 0.401889 0.40199 0.40199 0.398009 0.40199 0.40199 0.40199 0.40199 0.40199 0.40199 0.398096 0.40199 0.40199 0.398054 0.40199 0.40199 0.40199 0.40199 0.40199 0.40199 0.398293 0.40199 0.40199 0.398 0.40199 0.40199 0.40199 0.40199 0.40199 0.40199 0.401986 0.40199 0.40199 0.401917 0.40199 0.40199 0.40199 0.40199 0.40199 0.40199 0.398 0.40199 0.40199 0.398 0.40199 0.40199 0.40199 0.40199 0.40199 0.40199 0.40199 0.40199 0.40199 0.40199 0.40199 0.40199 0.40199 0.40199 0.40199 0.40199 0.40199 0.40199 0.40199 0.40199 0.40199 0.40199 0.40199 0.40199 0.40199 0.40199 0.40199 0.40199 0.40199 0.40199 0.40199 0.40199 0.40199 0.40199 0.40199 0.40199 0.40199 0.40199 0.40199 0.40199 0.40199 0.40199 0.40199 0.40199 0.40199 0.40199 0.40199 0.40199 0.40199 0.40199 0.40199 0.40199 0.40199 0.40199 0.40199 0.40199 0.40199 0.40199 0.40199 0.40199 0.40199 0.40199 0.40199 0.40199 0.40199 0.40199 0.40199 0.40199 0.40199 0.40199 0.40199 0.40199 0.40199 0.40199 0.40199 0.40199 0.40199 0.40199 0.40199 0.40199 0.40199 0.40199 0.40199 0.40199 0.40199 0.40199 0.40199 0.40199 0.40199 0.40199 0.40199 0.40199 0.40199 0.40199 0.40199 0.40199 0.40199 0.40199 0.40199 0.40199 0.40199 0.40199 0.40199 0.40199 0.40199 0.40199 0.40199 0.40199 0.40199 0.40199 0.40199 0.40199 0.398 0.40199 0.40199 0.40199 0.40199 0.40199 0.40199 0.40199 0.40199 0.40199 0.400716 0.40199 0.40199 0.40199 0.40199 0.40199 0.40199 0.40199 0.40199 0.40199 0.398 0.40199 0.40199 0.40199 0.40199 0.40199 0.40199 0.40199 0.40199 0.40199 0.398 0.40199 0.40199 0.40199 0.40199 0.40199 0.40199 0.40199 0.40199 0.40199 0.4017 0.40199 0.40199 0.40199 0.40199 0.40199 0.40199 0.40199 0.40199 0.40199 0.399754 0.40199 0.40199 0.40199 0.40199 0.40199 0.40199 0.40199 0.40199 0.40199 0.398 0.40199 0.40199 0.40199 0.40199 0.40199 0.40199 0.40199 0.40199 0.40199 0.399172 0.40199 0.40199 0.40199 0.40199 0.40199 0.40199 0.40199 0.40199 0.40199 0.401986 0.40199 0.40199 0.40199 0.40199 0.40199 0.40199 0.40199 0.40199 0.40199 0.401982 0.40199 0.40199 0.40199 0.400425 0.40199 0.40199 0.400834 0.40199 0.40199 0.40199 0.40199 0.40199 0.40199 0.398 0.40199 0.40199 0.39801 0.40199 0.40199 0.40199 0.40199 0.40199 0.40199 0.398059 0.40199 0.40199 0.400656 0.40199 0.40199 0.40199 0.40199 0.40199 0.40199 0.398006 0.40199 0.40199 0.401125 0.40199 0.40199 0.40199 0.40199 0.40199 0.40199 0.398 0.40199 0.40199 0.400246 0.40199 0.40199 0.40199 0.40199 0.40199 0.40199 0.401975 0.40199 0.40199 0.401663 0.40199 0.40199 0.40199 0.40199 0.40199 0.40199 0.398 0.40199 0.40199 0.39803 0.40199 0.40199 0.40199 0.40199 0.40199 0.40199 0.398 0.40199 0.40199 0.398 0.40199 0.40199 0.40199 0.40199 0.40199 0.40199 0.399458 0.40199 0.40199 0.401196 0.40199 0.40199 0.40199 0.40199 0.40199 0.40199 0.398 0.40199 0.40199 0.398002 0.40199 0.40199 0.40199 0.40199 0.40199 0.40199 0.40199 0.40199 0.40199 0.40199 0.40199 0.40199 0.40199 0.40199 0.40199 0.40199 0.40199 0.40199 0.40199 0.40199 0.40199 0.40199 0.40199 0.40199 0.40199 0.40199 0.40199 0.40199 0.40199 0.40199 0.40199 0.40199 0.40199 0.40199 0.40199 0.40199 0.40199 0.40199 0.40199 0.40199 0.40199 0.40199 0.40199 0.40199 0.40199 0.40199 0.40199 0.40199 0.40199 0.40199 0.40199 0.40199 0.40199 0.40199 0.40199 0.40199 0.40199 0.40199 0.40199 0.40199 0.40199 0.40199 0.40199 0.40199 0.40199 0.40199 0.40199 0.40199 0.40199 0.40199 0.40199 0.40199 0.40199 0.40199 0.40199 0.40199 0.40199 0.40199 0.40199 0.40199 0.40199 0.40199 0.40199 0.40199 0.40199 0.40199 0.40199 0.40199 0.40199 0.40199 0.40199 0.40199 0.40199 0.40199 0.40199 0.40199 0.40199 0.40199 0.40199 0.40199 0.40199 0.40199 0.40199 0.40199 0.40199 0.40199 0.40199 0.40199 0.40199 0.40199 0.40199 0.40199 0.398005 0.40199 0.40199 0.40199 0.40199 0.40199 0.40199 0.40199 0.40199 0.40199 0.398 0.40199 0.40199 0.40199 0.40199 0.40199 0.40199 0.40199 0.40199 0.40199 0.398 0.40199 0.40199 0.40199 0.40199 0.40199 0.40199 0.40199 0.40199 0.40199 0.398025 0.40199 0.40199 0.40199 0.40199 0.40199 0.40199 0.40199 0.40199 0.40199 0.40155 0.40199 0.40199 0.40199 0.40199 0.40199 0.40199 0.40199 0.40199 0.40199 0.401961 0.40199 0.40199 0.40199 0.40199 0.40199 0.40199 0.40199 0.40199 0.40199 0.39801 0.40199 0.40199 0.40199 0.40199 0.40199 0.40199 0.40199 0.40199 0.40199 0.400716 0.40199 0.40199 0.40199 0.40199 0.40199 0.40199 0.40199 0.40199 0.40199 0.398 0.40199 0.40199 0.40199 0.40199 0.40199 0.40199 0.40199 0.40199 0.40199 0.398012 0.40199 0.40199 0.40199 0.398 0.40199 0.40199 0.398472 0.40199 0.40199 0.40199 0.40199 0.40199 0.40199 0.398725 0.40199 0.40199 0.398 0.40199 0.40199 0.40199 0.40199 0.40199 0.40199 0.401889 0.40199 0.40199 0.401125 0.40199 0.40199 0.40199 0.40199 0.40199 0.40199 0.401621 0.40199 0.40199 0.401954 0.40199 0.40199 0.40199 0.40199 0.40199 0.40199 0.401621 0.40199 0.40199 0.398 0.40199 0.40199 0.40199 0.40199 0.40199 0.40199 0.398 0.40199 0.40199 0.398083 0.40199 0.40199 0.40199 0.40199 0.40199 0.40199 0.398005 0.40199 0.40199 0.398 0.40199 0.40199 0.40199 0.40199 0.40199 0.40199 0.401986 0.40199 0.40199 0.398053 0.40199 0.40199 0.40199 0.40199 0.40199 0.40199 0.398 0.40199 0.40199 0.398 0.40199 0.40199 0.40199 0.40199 0.40199 0.40199 0.398 0.40199 0.40199 0.4 0.40199 0.40199 0.40199 0.40199 0.40199 0.40199 0.40199 0.40199 0.40199 0.40199 0.40199 0.40199 0.40199 0.40199 0.40199 0.40199 0.40199 0.40199 0.40199 0.40199 0.40199 0.40199 0.40199 0.40199 0.40199 0.40199 0.40199 0.40199 0.40199 0.40199 0.40199 0.40199 0.40199 0.40199 0.40199 0.40199 0.40199 0.40199 0.40199 0.40199 0.40199 0.40199 0.40199 0.40199 0.40199 0.40199 0.40199 0.40199 0.40199 0.40199 0.40199 0.40199 0.40199 0.40199 0.40199 0.40199 0.40199 0.40199 0.40199 0.40199 0.40199 0.40199 0.40199 0.40199 0.40199 0.40199 0.40199 0.40199 0.40199 0.40199 0.40199 0.40199 0.40199 0.40199 0.40199 0.40199 0.40199 0.40199 0.40199 0.40199 0.40199 0.40199 0.40199 0.40199 0.40199 0.40199 0.40199 0.40199 0.40199 0.40199 0.40199 0.40199 0.40199 0.40199 0.40199 0.40199 0.40199 0.40199 0.40199 0.40199 0.40199 0.40199 0.40199 0.40199 0.40199 0.40199 0.40199 0.40199 0.40199 0.40199 0.40199 0.40199 0.400425 0.40199 0.40199 0.40199 0.40199 0.40199 0.40199 0.40199 0.40199 0.40199 0.401253 0.40199 0.40199 0.40199 0.40199 0.40199 0.40199 0.40199 0.40199 0.40199 0.398 0.40199 0.40199 0.40199 0.40199 0.40199 0.40199 0.40199 0.40199 0.40199 0.398124 0.40199 0.40199 0.40199 0.40199 0.40199 0.40199 0.40199 0.40199 0.40199 0.401621 0.40199 0.40199 0.40199 0.40199 0.40199 0.40199 0.40199 0.40199 0.40199 0.401687 0.40199 0.40199 0.40199 0.40199 0.40199 0.40199 0.40199 0.40199 0.40199 0.401667 0.40199 0.40199 0.40199 0.40199 0.40199 0.40199 0.40199 0.40199 0.40199 0.401621 0.40199 0.40199 0.40199 0.40199 0.40199 0.40199 0.40199 0.40199 0.40199 0.398 0.40199 0.40199 0.40199 0.40199 0.40199 0.40199 0.40199 0.40199 0.40199 0.401894 0.40199 0.40199 0.40199 0.40199 0.40199 0.40199 0.40199 0.40199 0.40199 0.398379 0.40199 0.40199 0.40199 0.40199 0.40199 0.40199 0.40199 0.40199 0.40199 0.398 0.40199 0.40199 0.40199 0.40199 0.40199 0.40199 0.40199 0.40199 0.40199 0.398 0.40199 0.40199 0.40199 0.40199 0.40199 0.40199 0.40199 0.40199 0.40199 0.398 0.40199 0.40199 0.40199 0.40199 0.40199 0.40199 0.40199 0.40199 0.40199 0.398 0.40199 0.40199 0.40199 0.40199 0.40199 0.40199 0.40199 0.40199 0.40199 0.399417 0.40199 0.40199 0.40199 0.40199 0.40199 0.40199 0.40199 0.40199 0.40199 0.4 0.40199 0.40199 0.40199 0.40199 0.40199 0.40199 0.40199 0.40199 0.40199 0.398 0.40199 0.40199 0.40199 0.40199 0.40199 0.40199 0.40199 0.40199 0.40199 0.398 0.40199 0.40199 0.40199 0.40199 0.40199 0.40199 0.40199 0.40199 0.40199 0.39801 0.40199 0.40199 0.40199 0.398 0.40199 0.40199 0.399053 0.40199 0.40199 0.40199 0.40199 0.40199 0.40199 0.398747 0.40199 0.40199 0.398466 0.40199 0.40199 0.40199 0.40199 0.40199 0.40199 0.398003 0.40199 0.40199 0.398 0.40199 0.40199 0.40199 0.40199 0.40199 0.40199 0.398 0.40199 0.40199 0.398 0.40199 0.40199 0.40199 0.40199 0.40199 0.40199 0.398014 0.40199 0.40199 0.398479 0.40199 0.40199 0.40199 0.40199 0.40199 0.40199 0.398 0.40199 0.40199 0.398 0.40199 0.40199 0.40199 0.40199 0.40199 0.40199 0.398 0.40199 0.40199 0.398 0.40199 0.40199 0.40199 0.40199 0.40199 0.40199 0.398 0.40199 0.40199 0.398 0.40199 0.40199 0.40199 0.40199 0.40199 0.40199 0.401942 0.40199 0.40199 0.39807 0.40199 0.40199 0.40199 0.40199 0.40199 0.40199 0.398001 0.40199 0.40199 0.398001 0.40199 0.40199 0.40199 0.40199 0.40199 0.40199 0.40199 0.40199 0.40199 0.40199 0.40199 0.40199 0.40199 0.40199 0.40199 0.40199 0.40199 0.40199 0.40199 0.40199 0.40199 0.40199 0.40199 0.40199 0.40199 0.40199 0.40199 0.40199 0.40199 0.40199 0.40199 0.40199 0.40199 0.40199 0.40199 0.40199 0.40199 0.40199 0.40199 0.40199 0.40199 0.40199 0.40199 0.40199 0.40199 0.40199 0.40199 0.40199 0.40199 0.40199 0.40199 0.40199 0.40199 0.40199 0.40199 0.40199 0.40199 0.40199 0.40199 0.40199 0.40199 0.40199 0.40199 0.40199 0.40199 0.40199 0.40199 0.40199 0.40199 0.40199 0.40199 0.40199 0.40199 0.40199 0.40199 0.40199 0.40199 0.40199 0.40199 0.40199 0.40199 0.40199 0.40199 0.40199 0.40199 0.40199 0.40199 0.40199 0.40199 0.40199 0.40199 0.40199 0.40199 0.40199 0.40199 0.40199 0.40199 0.40199 0.40199 0.40199 0.40199 0.40199 0.40199 0.40199 0.40199 0.40199 0.40199 0.40199 0.40199 0.40199 0.40199 0.40199 0.398 0.40199 0.40199 0.40199 0.40199 0.40199 0.40199 0.40199 0.40199 0.40199 0.400024 0.40199 0.40199 0.40199 0.40199 0.40199 0.40199 0.40199 0.40199 0.40199 0.398 0.40199 0.40199 0.40199 0.40199 0.40199 0.40199 0.40199 0.40199 0.40199 0.401917 0.40199 0.40199 0.40199 0.40199 0.40199 0.40199 0.40199 0.40199 0.40199 0.398 0.40199 0.40199 0.40199 0.40199 0.40199 0.40199 0.40199 0.40199 0.40199 0.398 0.40199 0.40199 0.40199 0.40199 0.40199 0.40199 0.40199 0.40199 0.40199 0.399575 0.40199 0.40199 0.40199 0.40199 0.40199 0.40199 0.40199 0.40199 0.40199 0.401371 0.40199 0.40199 0.40199 0.40199 0.40199 0.40199 0.40199 0.40199 0.40199 0.399166 0.40199 0.40199 0.40199 0.40199 0.40199 0.40199 0.40199 0.40199 0.40199 0.398183 0.40199 0.40199 0.40199 0.398 0.40199 0.40199 0.401253 0.40199 0.40199 0.40199 0.40199 0.40199 0.40199 0.398009 0.40199 0.40199 0.401965 0.40199 0.40199 0.40199 0.40199 0.40199 0.40199 0.39803 0.40199 0.40199 0.398 0.40199 0.40199 0.40199 0.40199 0.40199 0.40199 0.398 0.40199 0.40199 0.398 0.40199 0.40199 0.40199 0.40199 0.40199 0.40199 0.398 0.40199 0.40199 0.398 0.40199 0.40199 0.40199 0.40199 0.40199 0.40199 0.398 0.40199 0.40199 0.398 0.40199 0.40199 0.40199 0.40199 0.40199 0.40199 0.398 0.40199 0.40199 0.400828 0.40199 0.40199 0.40199 0.40199 0.40199 0.40199 0.398 0.40199 0.40199 0.400583 0.40199 0.40199 0.40199 0.40199 0.40199 0.40199 0.401954 0.40199 0.40199 0.398 0.40199 0.40199 0.40199 0.40199 0.40199 0.40199 0.401876 0.40199 0.40199 0.398 0.40199 0.40199 0.40199 0.40199 0.40199 0.40199 0.40199 0.40199 0.40199 0.40199 0.40199 0.40199 0.40199 0.40199 0.40199 0.40199 0.40199 0.40199 0.40199 0.40199 0.40199 0.40199 0.40199 0.40199 0.40199 0.40199 0.40199 0.40199 0.40199 0.40199 0.40199 0.40199 0.40199 0.40199 0.40199 0.40199 0.40199 0.40199 0.40199 0.40199 0.40199 0.40199 0.40199 0.40199 0.40199 0.40199 0.40199 0.40199 0.40199 0.40199 0.40199 0.40199 0.40199 0.40199 0.40199 0.40199 0.40199 0.40199 0.40199 0.40199 0.40199 0.40199 0.40199 0.40199 0.40199 0.40199 0.40199 0.40199 0.40199 0.40199 0.40199 0.40199 0.40199 0.40199 0.40199 0.40199 0.40199 0.40199 0.40199 0.40199 0.40199 0.40199 0.40199 0.40199 0.40199 0.40199 0.40199 0.40199 0.40199 0.40199 0.40199 0.40199 0.40199 0.40199 0.40199 0.40199 0.40199 0.40199 0.40199 0.40199 0.40199 0.40199 0.40199 0.40199 0.40199 0.40199 0.40199 0.40199 0.40199 0.40199 0.40199 0.40199 0.398 0.40199 0.40199 0.40199 0.40199 0.40199 0.40199 0.40199 0.40199 0.40199 0.401954 0.40199 0.40199 0.40199 0.40199 0.40199 0.40199 0.40199 0.40199 0.40199 0.398 0.40199 0.40199 0.40199 0.40199 0.40199 0.40199 0.40199 0.40199 0.40199 0.398 0.40199 0.40199 0.40199 0.40199 0.40199 0.40199 0.40199 0.40199 0.40199 0.400716 0.40199 0.40199 0.40199 0.40199 0.40199 0.40199 0.40199 0.40199 0.40199 0.398 0.40199 0.40199 0.40199 0.40199 0.40199 0.40199 0.40199 0.40199 0.40199 0.398 0.40199 0.40199 0.40199 0.40199 0.40199 0.40199 0.40199 0.40199 0.40199 0.400537 0.40199 0.40199 0.40199 0.40199 0.40199 0.40199 0.40199 0.40199 0.40199 0.398 0.40199 0.40199 0.40199 0.40199 0.40199 0.40199 0.40199 0.40199 0.40199 0.398001 0.40199 0.40199 0.40199 0.398 0.40199 0.40199 0.398021 0.40199 0.40199 0.40199 0.40199 0.40199 0.40199 0.398009 0.40199 0.40199 0.398 0.40199 0.40199 0.40199 0.40199 0.40199 0.40199 0.398 0.40199 0.40199 0.398 0.40199 0.40199 0.40199 0.40199 0.40199 0.40199 0.39959 0.40199 0.40199 0.398 0.40199 0.40199 0.40199 0.40199 0.40199 0.40199 0.401941 0.40199 0.40199 0.399321 0.40199 0.40199 0.40199 0.40199 0.40199 0.40199 0.398472 0.40199 0.40199 0.398 0.40199 0.40199 0.40199 0.40199 0.40199 0.40199 0.401967 0.40199 0.40199 0.401961 0.40199 0.40199 0.40199 0.40199 0.40199 0.40199 0.398 0.40199 0.40199 0.401253 0.40199 0.40199 0.40199 0.40199 0.40199 0.40199 0.401876 0.40199 0.40199 0.400246 0.40199 0.40199 0.40199 0.40199 0.40199 0.40199 0.398 0.40199 0.40199 0.401896 0.40199 0.40199 0.40199 0.40199 0.40199 0.40199 0.40199 0.40199 0.40199 0.40199 0.40199 0.40199 0.40199 0.40199 0.40199 0.40199 0.40199 0.40199 0.40199 0.40199 0.40199 0.40199 0.40199 0.40199 0.40199 0.40199 0.40199 0.40199 0.40199 0.40199 0.40199 0.40199 0.40199 0.40199 0.40199 0.40199 0.40199 0.40199 0.40199 0.40199 0.40199 0.40199 0.40199 0.40199 0.40199 0.40199 0.40199 0.40199 0.40199 0.40199 0.40199 0.40199 0.40199 0.40199 0.40199 0.40199 0.40199 0.40199 0.40199 0.40199 0.40199 0.40199 0.40199 0.40199 0.40199 0.40199 0.40199 0.40199 0.40199 0.40199 0.40199 0.40199 0.40199 0.40199 0.40199 0.40199 0.40199 0.40199 0.40199 0.40199 0.40199 0.40199 0.40199 0.40199 0.40199 0.40199 0.40199 0.40199 0.40199 0.40199 0.40199 0.40199 0.40199 0.40199 0.40199 0.40199 0.40199 0.40199 0.40199 0.40199 0.40199 0.40199 0.40199 0.40199 0.40199 0.40199 0.40199 0.40199 0.40199 0.40199 0.40199 0.40199 0.401817 0.40199 0.40199 0.40199 0.40199 0.40199 0.40199 0.40199 0.40199 0.40199 0.401621 0.40199 0.40199 0.40199 0.40199 0.40199 0.40199 0.40199 0.40199 0.40199 0.398031 0.40199 0.40199 0.40199 0.40199 0.40199 0.40199 0.40199 0.40199 0.40199 0.398 0.40199 0.40199 0.40199 0.40199 0.40199 0.40199 0.40199 0.40199 0.40199 0.398017 0.40199 0.40199 0.40199 0.40199 0.40199 0.40199 0.40199 0.40199 0.40199 0.398 0.40199 0.40199 0.40199 0.40199 0.40199 0.40199 0.40199 0.40199 0.40199 0.401371 0.40199 0.40199 0.40199 0.40199 0.40199 0.40199 0.40199 0.40199 0.40199 0.40178 0.40199 0.40199 0.40199 0.40199 0.40199 0.40199 0.40199 0.40199 0.40199 0.398 0.40199 0.40199 0.40199 0.40199 0.40199 0.40199 0.40199 0.40199 0.40199 0.398002 0.40199 0.40199 0.40199 0.40199 0.40199 0.40199 0.40199 0.40199 0.40199 0.398 0.40199 0.40199 0.40199 0.40199 0.40199 0.40199 0.40199 0.40199 0.40199 0.401074 0.40199 0.40199 0.40199 0.40199 0.40199 0.40199 0.40199 0.40199 0.40199 0.400583 0.40199 0.40199 0.40199 0.40199 0.40199 0.40199 0.40199 0.40199 0.40199 0.398 0.40199 0.40199 0.40199 0.40199 0.40199 0.40199 0.40199 0.40199 0.40199 0.398379 0.40199 0.40199 0.40199 0.40199 0.40199 0.40199 0.40199 0.40199 0.40199 0.401954 0.40199 0.40199 0.40199 0.40199 0.40199 0.40199 0.40199 0.40199 0.40199 0.398 0.40199 0.40199 0.40199 0.40199 0.40199 0.40199 0.40199 0.40199 0.40199 0.398 0.40199 0.40199 0.40199 0.40199 0.40199 0.40199 0.40199 0.40199 0.40199 0.398 0.40199 0.40199 0.40199 0.40199 0.40199 0.40199 0.40199 0.40199 0.40199 0.398003 0.40199 0.40199 0.40199 0.398167 0.40199 0.40199 0.401687 0.40199 0.40199 0.40199 0.40199 0.40199 0.40199 0.401979 0.40199 0.40199 0.398 0.40199 0.40199 0.40199 0.40199 0.40199 0.40199 0.398004 0.40199 0.40199 0.398926 0.40199 0.40199 0.40199 0.40199 0.40199 0.40199 0.398711 0.40199 0.40199 0.398 0.40199 0.40199 0.40199 0.40199 0.40199 0.40199 0.401008 0.40199 0.40199 0.398 0.40199 0.40199 0.40199 0.40199 0.40199 0.40199 0.398 0.40199 0.40199 0.398 0.40199 0.40199 0.40199 0.40199 0.40199 0.40199 0.398001 0.40199 0.40199 0.398183 0.40199 0.40199 0.40199 0.40199 0.40199 0.40199 0.398285 0.40199 0.40199 0.401484 0.40199 0.40199 0.40199 0.40199 0.40199 0.40199 0.398 0.40199 0.40199 0.401262 0.40199 0.40199 0.40199 0.40199 0.40199 0.40199 0.398001 0.40199 0.40199 0.398516 0.40199 0.40199 0.40199 0.40199 0.40199 0.40199 0.40199 0.40199 0.40199 0.40199 0.40199 0.40199 0.40199 0.40199 0.40199 0.40199 0.40199 0.40199 0.40199 0.40199 0.40199 0.40199 0.40199 0.40199 0.40199 0.40199 0.40199 0.40199 0.40199 0.40199 0.40199 0.40199 0.40199 0.40199 0.40199 0.40199 0.40199 0.40199 0.40199 0.40199 0.40199 0.40199 0.40199 0.40199 0.40199 0.40199 0.40199 0.40199 0.40199 0.40199 0.40199 0.40199 0.40199 0.40199 0.40199 0.40199 0.40199 0.40199 0.40199 0.40199 0.40199 0.40199 0.40199 0.40199 0.40199 0.40199 0.40199 0.40199 0.40199 0.40199 0.40199 0.40199 0.40199 0.40199 0.40199 0.40199 0.40199 0.40199 0.40199 0.40199 0.40199 0.40199 0.40199 0.40199 0.40199 0.40199 0.40199 0.40199 0.40199 0.40199 0.40199 0.40199 0.40199 0.40199 0.40199 0.40199 0.40199 0.40199 0.40199 0.40199 0.40199 0.40199 0.40199 0.40199 0.40199 0.40199 0.40199 0.40199 0.40199 0.40199 0.40199 0.40199 0.398005 0.40199 0.40199 0.40199 0.40199 0.40199 0.40199 0.40199 0.40199 0.40199 0.401667 0.40199 0.40199 0.40199 0.40199 0.40199 0.40199 0.40199 0.40199 0.40199 0.398629 0.40199 0.40199 0.40199 0.40199 0.40199 0.40199 0.40199 0.40199 0.40199 0.398059 0.40199 0.40199 0.40199 0.40199 0.40199 0.40199 0.40199 0.40199 0.40199 0.399575 0.40199 0.40199 0.40199 0.40199 0.40199 0.40199 0.40199 0.40199 0.40199 0.401965 0.40199 0.40199 0.40199 0.40199 0.40199 0.40199 0.40199 0.40199 0.40199 0.398 0.40199 0.40199 0.40199 0.40199 0.40199 0.40199 0.40199 0.40199 0.40199 0.401975 0.40199 0.40199 0.40199 0.40199 0.40199 0.40199 0.40199 0.40199 0.40199 0.398 0.40199 0.40199 0.40199 0.40199 0.40199 0.40199 0.40199 0.40199 0.40199 0.398 0.40199 0.40199 0.40199 0.398 0.40199 0.40199 0.401982 0.40199 0.40199 0.40199 0.40199 0.40199 0.40199 0.400291 0.40199 0.40199 0.398054 0.40199 0.40199 0.40199 0.40199 0.40199 0.40199 0.399292 0.40199 0.40199 0.398 0.40199 0.40199 0.40199 0.40199 0.40199 0.40199 0.398 0.40199 0.40199 0.398804 0.40199 0.40199 0.40199 0.40199 0.40199 0.40199 0.401663 0.40199 0.40199 0.401954 0.40199 0.40199 0.40199 0.40199 0.40199 0.40199 0.401817 0.40199 0.40199 0.398 0.40199 0.40199 0.40199 0.40199 0.40199 0.40199 0.398 0.40199 0.40199 0.398 0.40199 0.40199 0.40199 0.40199 0.40199 0.40199 0.398 0.40199 0.40199 0.398062 0.40199 0.40199 0.40199 0.40199 0.40199 0.40199 0.398 0.40199 0.40199 0.398 0.40199 0.40199 0.40199 0.40199 0.40199 0.40199 0.400246 0.40199 0.40199 0.398046 0.40199 0.40199 0.40199 0.40199 0.40199 0.40199 0.40199 0.40199 0.40199 0.40199 0.40199 0.40199 0.40199 0.40199 0.40199 0.40199 0.40199 0.40199 0.40199 0.40199 0.40199 0.40199 0.40199 0.40199 0.40199 0.40199 0.40199 0.40199 0.40199 0.40199 0.40199 0.40199 0.40199 0.40199 0.40199 0.40199 0.40199 0.40199 0.40199 0.40199 0.40199 0.40199 0.40199 0.40199 0.40199 0.40199 0.40199 0.40199 0.40199 0.40199 0.40199 0.40199 0.40199 0.40199 0.40199 0.40199 0.40199 0.40199 0.40199 0.40199 0.40199 0.40199 0.40199 0.40199 0.40199 0.40199 0.40199 0.40199 0.40199 0.40199 0.40199 0.40199 0.40199 0.40199 0.40199 0.40199 0.40199 0.40199 0.40199 0.40199 0.40199 0.40199 0.40199 0.40199 0.40199 0.40199 0.40199 0.40199 0.40199 0.40199 0.40199 0.40199 0.40199 0.40199 0.40199 0.40199 0.40199 0.40199 0.40199 0.40199 0.40199 0.40199 0.40199 0.40199 0.40199 0.40199 0.40199 0.40199 0.40199 0.40199 0.40199 0.40199 0.398 0.40199 0.40199 0.40199 0.40199 0.40199 0.40199 0.40199 0.40199 0.40199 0.401938 0.40199 0.40199 0.40199 0.40199 0.40199 0.40199 0.40199 0.40199 0.40199 0.401961 0.40199 0.40199 0.40199 0.40199 0.40199 0.40199 0.40199 0.40199 0.40199 0.398001 0.40199 0.40199 0.40199 0.40199 0.40199 0.40199 0.40199 0.40199 0.40199 0.398 0.40199 0.40199 0.40199 0.40199 0.40199 0.40199 0.40199 0.40199 0.40199 0.398 0.40199 0.40199 0.40199 0.40199 0.40199 0.40199 0.40199 0.40199 0.40199 0.401954 0.40199 0.40199 0.40199 0.40199 0.40199 0.40199 0.40199 0.40199 0.40199 0.398 0.40199 0.40199 0.40199 0.40199 0.40199 0.40199 0.40199 0.40199 0.40199 0.398 0.40199 0.40199 0.40199 0.40199 0.40199 0.40199 0.40199 0.40199 0.40199 0.398 0.40199 0.40199 0.40199 0.400716 0.40199 0.40199 0.40199 0.40199 0.40199 0.40199 0.40199 0.40199 0.40199 0.401889 0.40199 0.40199 0.401982 0.40199 0.40199 0.40199 0.40199 0.40199 0.40199 0.398001 0.40199 0.40199 0.398 0.40199 0.40199 0.40199 0.40199 0.40199 0.40199 0.401986 0.40199 0.40199 0.39845 0.40199 0.40199 0.40199 0.40199 0.40199 0.40199 0.398 0.40199 0.40199 0.401941 0.40199 0.40199 0.40199 0.40199 0.40199 0.40199 0.398 0.40199 0.40199 0.398 0.40199 0.40199 0.40199 0.40199 0.40199 0.40199 0.401954 0.40199 0.40199 0.401967 0.40199 0.40199 0.40199 0.40199 0.40199 0.40199 0.398005 0.40199 0.40199 0.398 0.40199 0.40199 0.40199 0.40199 0.40199 0.40199 0.399709 0.40199 0.40199 0.398 0.40199 0.40199 0.40199 0.40199 0.40199 0.40199 0.3981 0.40199 0.40199 0.398 0.40199 0.40199 0.40199 0.40199 0.40199 0.40199 0.40199 0.40199 0.40199 0.40199 0.40199 0.40199 0.40199 0.40199 0.40199 0.40199 0.40199 0.40199 0.40199 0.40199 0.40199 0.40199 0.40199 0.40199 0.40199 0.40199 0.40199 0.40199 0.40199 0.40199 0.40199 0.40199 0.40199 0.40199 0.40199 0.40199 0.40199 0.40199 0.40199 0.40199 0.40199 0.40199 0.40199 0.40199 0.40199 0.40199 0.40199 0.40199 0.40199 0.40199 0.40199 0.40199 0.40199 0.40199 0.40199 0.40199 0.40199 0.40199 0.40199 0.40199 0.40199 0.40199 0.40199 0.40199 0.40199 0.40199 0.40199 0.40199 0.40199 0.40199 0.40199 0.40199 0.40199 0.40199 0.40199 0.40199 0.40199 0.40199 0.40199 0.40199 0.40199 0.40199 0.40199 0.40199 0.40199 0.40199 0.40199 0.40199 0.40199 0.40199 0.40199 0.40199 0.40199 0.40199 0.40199 0.40199 0.40199 0.40199 0.40199 0.40199 0.40199 0.40199 0.40199 0.40199 0.40199 0.40199 0.40199 0.40199 0.40199 0.40199 0.40199 0.40199 0.399709 0.40199 0.40199 0.40199 0.40199 0.40199 0.40199 0.40199 0.40199 0.40199 0.401253 0.40199 0.40199 0.40199 0.40199 0.40199 0.40199 0.40199 0.40199 0.40199 0.398 0.40199 0.40199 0.40199 0.40199 0.40199 0.40199 0.40199 0.40199 0.40199 0.398096 0.40199 0.40199 0.40199 0.40199 0.40199 0.40199 0.40199 0.40199 0.40199 0.398004 0.40199 0.40199 0.40199 0.40199 0.40199 0.40199 0.40199 0.40199 0.40199 0.398001 0.40199 0.40199 0.40199 0.40199 0.40199 0.40199 0.40199 0.40199 0.40199 0.401253 0.40199 0.40199 0.40199 0.40199 0.40199 0.40199 0.40199 0.40199 0.40199 0.398 0.40199 0.40199 0.40199 0.40199 0.40199 0.40199 0.40199 0.40199 0.40199 0.398 0.40199 0.40199 0.40199 0.40199 0.40199 0.40199 0.40199 0.40199 0.40199 0.398337 0.40199 0.40199 0.40199 0.40199 0.40199 0.40199 0.40199 0.40199 0.40199 0.398 0.40199 0.40199 0.40199 0.40199 0.40199 0.40199 0.40199 0.40199 0.40199 0.398058 0.40199 0.40199 0.40199 0.40199 0.40199 0.40199 0.40199 0.40199 0.40199 0.398 0.40199 0.40199 0.40199 0.40199 0.40199 0.40199 0.40199 0.40199 0.40199 0.398 0.40199 0.40199 0.40199 0.40199 0.40199 0.40199 0.40199 0.40199 0.40199 0.398 0.40199 0.40199 0.40199 0.40199 0.40199 0.40199 0.40199 0.40199 0.40199 0.401804 0.40199 0.40199 0.40199 0.40199 0.40199 0.40199 0.40199 0.40199 0.40199 0.398 0.40199 0.40199 0.40199 0.40199 0.40199 0.40199 0.40199 0.40199 0.40199 0.398 0.40199 0.40199 0.40199 0.40199 0.40199 0.40199 0.40199 0.40199 0.40199 0.398 0.40199 0.40199 0.40199 0.40199 0.40199 0.40199 0.40199 0.40199 0.40199 0.399709 0.40199 0.40199 0.40199 0.400291 0.40199 0.40199 0.398039 0.40199 0.40199 0.40199 0.40199 0.40199 0.40199 0.398003 0.40199 0.40199 0.399463 0.40199 0.40199 0.40199 0.40199 0.40199 0.40199 0.398 0.40199 0.40199 0.401982 0.40199 0.40199 0.40199 0.40199 0.40199 0.40199 0.401876 0.40199 0.40199 0.400583 0.40199 0.40199 0.40199 0.40199 0.40199 0.40199 0.398 0.40199 0.40199 0.401965 0.40199 0.40199 0.40199 0.40199 0.40199 0.40199 0.401889 0.40199 0.40199 0.401982 0.40199 0.40199 0.40199 0.40199 0.40199 0.40199 0.398005 0.40199 0.40199 0.398747 0.40199 0.40199 0.40199 0.40199 0.40199 0.40199 0.398 0.40199 0.40199 0.398001 0.40199 0.40199 0.40199 0.40199 0.40199 0.40199 0.401931 0.40199 0.40199 0.400828 0.40199 0.40199 0.40199 0.40199 0.40199 0.40199 0.401965 0.40199 0.40199 0.398747 0.40199 0.40199 0.40199 0.40199 0.40199 0.40199 0.40199 0.40199 0.40199 0.40199 0.40199 0.40199 0.40199 0.40199 0.40199 0.40199 0.40199 0.40199 0.40199 0.40199 0.40199 0.40199 0.40199 0.40199 0.40199 0.40199 0.40199 0.40199 0.40199 0.40199 0.40199 0.40199 0.40199 0.40199 0.40199 0.40199 0.40199 0.40199 0.40199 0.40199 0.40199 0.40199 0.40199 0.40199 0.40199 0.40199 0.40199 0.40199 0.40199 0.40199 0.40199 0.40199 0.40199 0.40199 0.40199 0.40199 0.40199 0.40199 0.40199 0.40199 0.40199 0.40199 0.40199 0.40199 0.40199 0.40199 0.40199 0.40199 0.40199 0.40199 0.40199 0.40199 0.40199 0.40199 0.40199 0.40199 0.40199 0.40199 0.40199 0.40199 0.40199 0.40199 0.40199 0.40199 0.40199 0.40199 0.40199 0.40199 0.40199 0.40199 0.40199 0.40199 0.40199 0.40199 0.40199 0.40199 0.40199 0.40199 0.40199 0.40199 0.40199 0.40199 0.40199 0.40199 0.40199 0.40199 0.40199 0.40199 0.40199 0.40199 0.40199 0.40199 0.398804 0.40199 0.40199 0.40199 0.40199 0.40199 0.40199 0.40199 0.40199 0.40199 0.39845 0.40199 0.40199 0.40199 0.40199 0.40199 0.40199 0.40199 0.40199 0.40199 0.398 0.40199 0.40199 0.40199 0.40199 0.40199 0.40199 0.40199 0.40199 0.40199 0.398 0.40199 0.40199 0.40199 0.40199 0.40199 0.40199 0.40199 0.40199 0.40199 0.398 0.40199 0.40199 0.40199 0.40199 0.40199 0.40199 0.40199 0.40199 0.40199 0.398 0.40199 0.40199 0.40199 0.40199 0.40199 0.40199 0.40199 0.40199 0.40199 0.401889 0.40199 0.40199 0.40199 0.40199 0.40199 0.40199 0.40199 0.40199 0.40199 0.399417 0.40199 0.40199 0.40199 0.40199 0.40199 0.40199 0.40199 0.40199 0.40199 0.398 0.40199 0.40199 0.40199 0.40199 0.40199 0.40199 0.40199 0.40199 0.40199 0.401954 0.40199 0.40199 0.40199 0.398992 0.40199 0.40199 0.398005 0.40199 0.40199 0.40199 0.40199 0.40199 0.40199 0.40181 0.40199 0.40199 0.40178 0.40199 0.40199 0.40199 0.40199 0.40199 0.40199 0.398 0.40199 0.40199 0.398031 0.40199 0.40199 0.40199 0.40199 0.40199 0.40199 0.399417 0.40199 0.40199 0.401687 0.40199 0.40199 0.40199 0.40199 0.40199 0.40199 0.398 0.40199 0.40199 0.398 0.40199 0.40199 0.40199 0.40199 0.40199 0.40199 0.398 0.40199 0.40199 0.398 0.40199 0.40199 0.40199 0.40199 0.40199 0.40199 0.398 0.40199 0.40199 0.398 0.40199 0.40199 0.40199 0.40199 0.40199 0.40199 0.398021 0.40199 0.40199 0.398 0.40199 0.40199 0.40199 0.40199 0.40199 0.40199 0.398 0.40199 0.40199 0.401896 0.40199 0.40199 0.40199 0.40199 0.40199 0.40199 0.398 0.40199 0.40199 0.400246 0.40199 0.40199 0.40199 0.40199 0.40199 0.40199 0.40199 0.40199 0.40199 0.40199 0.40199 0.40199 0.40199 0.40199 0.40199 0.40199 0.40199 0.40199 0.40199 0.40199 0.40199 0.40199 0.40199 0.40199 0.40199 0.40199 0.40199 0.40199 0.40199 0.40199 0.40199 0.40199 0.40199 0.40199 0.40199 0.40199 0.40199 0.40199 0.40199 0.40199 0.40199 0.40199 0.40199 0.40199 0.40199 0.40199 0.40199 0.40199 0.40199 0.40199 0.40199 0.40199 0.40199 0.40199 0.40199 0.40199 0.40199 0.40199 0.40199 0.40199 0.40199 0.40199 0.40199 0.40199 0.40199 0.40199 0.40199 0.40199 0.40199 0.40199 0.40199 0.40199 0.40199 0.40199 0.40199 0.40199 0.40199 0.40199 0.40199 0.40199 0.40199 0.40199 0.40199 0.40199 0.40199 0.40199 0.40199 0.40199 0.40199 0.40199 0.40199 0.40199 0.40199 0.40199 0.40199 0.40199 0.40199 0.40199 0.40199 0.40199 0.40199 0.40199 0.40199 0.40199 0.40199 0.40199 0.40199 0.40199 0.40199 0.40199 0.40199 0.40199 0.398 0.40199 0.40199 0.40199 0.40199 0.40199 0.40199 0.40199 0.40199 0.40199 0.401852 0.40199 0.40199 0.40199 0.40199 0.40199 0.40199 0.40199 0.40199 0.40199 0.401889 0.40199 0.40199 0.40199 0.40199 0.40199 0.40199 0.40199 0.40199 0.40199 0.401621 0.40199 0.40199 0.40199 0.40199 0.40199 0.40199 0.40199 0.40199 0.40199 0.398196 0.40199 0.40199 0.40199 0.40199 0.40199 0.40199 0.40199 0.40199 0.40199 0.40199 0.40199 0.40199 0.40199 0.40199 0.40199 0.40199 0.40199 0.40199 0.40199 0.401917 0.40199 0.40199 0.40199 0.40199 0.40199 0.40199 0.40199 0.40199 0.40199 0.398004 0.40199 0.40199 0.40199 0.40199 0.40199 0.40199 0.40199 0.40199 0.40199 0.401979 0.40199 0.40199 0.40199 0.40199 0.40199 0.40199 0.40199 0.40199 0.40199 0.398 0.40199 0.40199 0.40199 0.398 0.40199 0.40199 0.398 0.40199 0.40199 0.40199 0.40199 0.40199 0.40199 0.398001 0.40199 0.40199 0.398 0.40199 0.40199 0.40199 0.40199 0.40199 0.40199 0.399958 0.40199 0.40199 0.401663 0.40199 0.40199 0.40199 0.40199 0.40199 0.40199 0.401954 0.40199 0.40199 0.401986 0.40199 0.40199 0.40199 0.40199 0.40199 0.40199 0.398 0.40199 0.40199 0.401931 0.40199 0.40199 0.40199 0.40199 0.40199 0.40199 0.398008 0.40199 0.40199 0.399417 0.40199 0.40199 0.40199 0.40199 0.40199 0.40199 0.398 0.40199 0.40199 0.398 0.40199 0.40199 0.40199 0.40199 0.40199 0.40199 0.398 0.40199 0.40199 0.399769 0.40199 0.40199 0.40199 0.40199 0.40199 0.40199 0.398 0.40199 0.40199 0.398 0.40199 0.40199 0.40199 0.40199 0.40199 0.40199 0.400179 0.40199 0.40199 0.398111 0.40199 0.40199 0.40199 0.40199 0.40199 0.40199 0.40199 0.40199 0.40199 0.40199 0.40199 0.40199 0.40199 0.40199 0.40199 0.40199 0.40199 0.40199 0.40199 0.40199 0.40199 0.40199 0.40199 0.40199 0.40199 0.40199 0.40199 0.40199 0.40199 0.40199 0.40199 0.40199 0.40199 0.40199 0.40199 0.40199 0.40199 0.40199 0.40199 0.40199 0.40199 0.40199 0.40199 0.40199 0.40199 0.40199 0.40199 0.40199 0.40199 0.40199 0.40199 0.40199 0.40199 0.40199 0.40199 0.40199 0.40199 0.40199 0.40199 0.40199 0.40199 0.40199 0.40199 0.40199 0.40199 0.40199 0.40199 0.40199 0.40199 0.40199 0.40199 0.40199 0.40199 0.40199 0.40199 0.40199 0.40199 0.40199 0.40199 0.40199 0.40199 0.40199 0.40199 0.40199 0.40199 0.40199 0.40199 0.40199 0.40199 0.40199 0.40199 0.40199 0.40199 0.40199 0.40199 0.40199 0.40199 0.40199 0.40199 0.40199 0.40199 0.40199 0.40199 0.40199 0.40199 0.40199 0.40199 0.40199 0.40199 0.40199 0.40199 0.40199 0.398762 0.40199 0.40199 0.40199 0.40199 0.40199 0.40199 0.40199 0.40199 0.40199 0.400828 0.40199 0.40199 0.40199 0.40199 0.40199 0.40199 0.40199 0.40199 0.40199 0.398 0.40199 0.40199 0.40199 0.40199 0.40199 0.40199 0.40199 0.40199 0.40199 0.40181 0.40199 0.40199 0.40199 0.40199 0.40199 0.40199 0.40199 0.40199 0.40199 0.398 0.40199 0.40199 0.40199 0.40199 0.40199 0.40199 0.40199 0.40199 0.40199 0.398018 0.40199 0.40199 0.40199 0.40199 0.40199 0.40199 0.40199 0.40199 0.40199 0.399284 0.40199 0.40199 0.40199 0.40199 0.40199 0.40199 0.40199 0.40199 0.40199 0.401829 0.40199 0.40199 0.40199 0.40199 0.40199 0.40199 0.40199 0.40199 0.40199 0.400246 0.40199 0.40199 0.40199 0.40199 0.40199 0.40199 0.40199 0.40199 0.40199 0.398004 0.40199 0.40199 0.40199 0.40199 0.40199 0.40199 0.40199 0.40199 0.40199 0.399345 0.40199 0.40199 0.40199 0.40199 0.40199 0.40199 0.40199 0.40199 0.40199 0.401942 0.40199 0.40199 0.40199 0.40199 0.40199 0.40199 0.40199 0.40199 0.40199 0.398313 0.40199 0.40199 0.40199 0.40199 0.40199 0.40199 0.40199 0.40199 0.40199 0.398169 0.40199 0.40199 0.40199 0.40199 0.40199 0.40199 0.40199 0.40199 0.40199 0.39807 0.40199 0.40199 0.40199 0.40199 0.40199 0.40199 0.40199 0.40199 0.40199 0.398 0.40199 0.40199 0.40199 0.40199 0.40199 0.40199 0.40199 0.40199 0.40199 0.398021 0.40199 0.40199 0.40199 0.40199 0.40199 0.40199 0.40199 0.40199 0.40199 0.398 0.40199 0.40199 0.40199 0.40199 0.40199 0.40199 0.40199 0.40199 0.40199 0.398 0.40199 0.40199 0.40199 0.40199 0.40199 0.40199 0.40199 0.40199 0.40199 0.398006 0.40199 0.40199 0.40199 0.400716 0.40199 0.40199 0.398 0.40199 0.40199 0.40199 0.40199 0.40199 0.40199 0.398 0.40199 0.40199 0.398168 0.40199 0.40199 0.40199 0.40199 0.40199 0.40199 0.401852 0.40199 0.40199 0.401371 0.40199 0.40199 0.40199 0.40199 0.40199 0.40199 0.398 0.40199 0.40199 0.401371 0.40199 0.40199 0.40199 0.40199 0.40199 0.40199 0.401663 0.40199 0.40199 0.398 0.40199 0.40199 0.40199 0.40199 0.40199 0.40199 0.398 0.40199 0.40199 0.398059 0.40199 0.40199 0.40199 0.40199 0.40199 0.40199 0.401253 0.40199 0.40199 0.401739 0.40199 0.40199 0.40199 0.40199 0.40199 0.40199 0.401621 0.40199 0.40199 0.398 0.40199 0.40199 0.40199 0.40199 0.40199 0.40199 0.40178 0.40199 0.40199 0.398012 0.40199 0.40199 0.40199 0.40199 0.40199 0.40199 0.398 0.40199 0.40199 0.400834 0.40199 0.40199 0.40199 0.40199 0.40199 0.40199 0.40199 0.40199 0.40199 0.40199 0.40199 0.40199 0.40199 0.40199 0.40199 0.40199 0.40199 0.40199 0.40199 0.40199 0.40199 0.40199 0.40199 0.40199 0.40199 0.40199 0.40199 0.40199 0.40199 0.40199 0.40199 0.40199 0.40199 0.40199 0.40199 0.40199 0.40199 0.40199 0.40199 0.40199 0.40199 0.40199 0.40199 0.40199 0.40199 0.40199 0.40199 0.40199 0.40199 0.40199 0.40199 0.40199 0.40199 0.40199 0.40199 0.40199 0.40199 0.40199 0.40199 0.40199 0.40199 0.40199 0.40199 0.40199 0.40199 0.40199 0.40199 0.40199 0.40199 0.40199 0.40199 0.40199 0.40199 0.40199 0.40199 0.40199 0.40199 0.40199 0.40199 0.40199 0.40199 0.40199 0.40199 0.40199 0.40199 0.40199 0.40199 0.40199 0.40199 0.40199 0.40199 0.40199 0.40199 0.40199 0.40199 0.40199 0.40199 0.40199 0.40199 0.40199 0.40199 0.40199 0.40199 0.40199 0.40199 0.40199 0.40199 0.40199 0.40199 0.40199 0.40199 0.40199 0.400297 0.40199 0.40199 0.40199 0.40199 0.40199 0.40199 0.40199 0.40199 0.40199 0.398001 0.40199 0.40199 0.40199 0.40199 0.40199 0.40199 0.40199 0.40199 0.40199 0.398148 0.40199 0.40199 0.40199 0.40199 0.40199 0.40199 0.40199 0.40199 0.40199 0.398 0.40199 0.40199 0.40199 0.40199 0.40199 0.40199 0.40199 0.40199 0.40199 0.401975 0.40199 0.40199 0.40199 0.40199 0.40199 0.40199 0.40199 0.40199 0.40199 0.399386 0.40199 0.40199 0.40199 0.40199 0.40199 0.40199 0.40199 0.40199 0.40199 0.401931 0.40199 0.40199 0.40199 0.40199 0.40199 0.40199 0.40199 0.40199 0.40199 0.401889 0.40199 0.40199 0.40199 0.40199 0.40199 0.40199 0.40199 0.40199 0.40199 0.398002 0.40199 0.40199 0.40199 0.40199 0.40199 0.40199 0.40199 0.40199 0.40199 0.401979 0.40199 0.40199 0.40199 0.398005 0.40199 0.40199 0.398 0.40199 0.40199 0.40199 0.40199 0.40199 0.40199 0.398 0.40199 0.40199 0.401938 0.40199 0.40199 0.40199 0.40199 0.40199 0.40199 0.398 0.40199 0.40199 0.398 0.40199 0.40199 0.40199 0.40199 0.40199 0.40199 0.401804 0.40199 0.40199 0.398 0.40199 0.40199 0.40199 0.40199 0.40199 0.40199 0.398006 0.40199 0.40199 0.398171 0.40199 0.40199 0.40199 0.40199 0.40199 0.40199 0.398 0.40199 0.40199 0.401982 0.40199 0.40199 0.40199 0.40199 0.40199 0.40199 0.399417 0.40199 0.40199 0.398031 0.40199 0.40199 0.40199 0.40199 0.40199 0.40199 0.401965 0.40199 0.40199 0.398747 0.40199 0.40199 0.40199 0.40199 0.40199 0.40199 0.401876 0.40199 0.40199 0.398014 0.40199 0.40199 0.40199 0.40199 0.40199 0.40199 0.398 0.40199 0.40199 0.398762 0.40199 0.40199 0.40199 0.40199 0.40199 0.40199 0.40199 0.40199 0.40199 0.40199 0.40199 0.40199 0.40199 0.40199 0.40199 0.40199 0.40199 0.40199 0.40199 0.40199 0.40199 0.40199 0.40199 0.40199 0.40199 0.40199 0.40199 0.40199 0.40199 0.40199 0.40199 0.40199 0.40199 0.40199 0.40199 0.40199 0.40199 0.40199 0.40199 0.40199 0.40199 0.40199 0.40199 0.40199 0.40199 0.40199 0.40199 0.40199 0.40199 0.40199 0.40199 0.40199 0.40199 0.40199 0.40199 0.40199 0.40199 0.40199 0.40199 0.40199 0.40199 0.40199 0.40199 0.40199 0.40199 0.40199 0.40199 0.40199 0.40199 0.40199 0.40199 0.40199 0.40199 0.40199 0.40199 0.40199 0.40199 0.40199 0.40199 0.40199 0.40199 0.40199 0.40199 0.40199 0.40199 0.40199 0.40199 0.40199 0.40199 0.40199 0.40199 0.40199 0.40199 0.40199 0.40199 0.40199 0.40199 0.40199 0.40199 0.40199 0.40199 0.40199 0.40199 0.40199 0.40199 0.40199 0.40199 0.40199 0.40199 0.40199 0.40199 0.40199 0.398001 0.40199 0.40199 0.40199 0.40199 0.40199 0.40199 0.40199 0.40199 0.40199 0.399458 0.40199 0.40199 0.40199 0.40199 0.40199 0.40199 0.40199 0.40199 0.40199 0.398008 0.40199 0.40199 0.40199 0.40199 0.40199 0.40199 0.40199 0.40199 0.40199 0.398 0.40199 0.40199 0.40199 0.40199 0.40199 0.40199 0.40199 0.40199 0.40199 0.398 0.40199 0.40199 0.40199 0.40199 0.40199 0.40199 0.40199 0.40199 0.40199 0.398001 0.40199 0.40199 0.40199 0.40199 0.40199 0.40199 0.40199 0.40199 0.40199 0.398 0.40199 0.40199 0.40199 0.40199 0.40199 0.40199 0.40199 0.40199 0.40199 0.398054 0.40199 0.40199 0.40199 0.40199 0.40199 0.40199 0.40199 0.40199 0.40199 0.398009 0.40199 0.40199 0.40199 0.40199 0.40199 0.40199 0.40199 0.40199 0.40199 0.398 0.40199 0.40199 0.40199 0.398003 0.40199 0.40199 0.401074 0.40199 0.40199 0.40199 0.40199 0.40199 0.40199 0.398 0.40199 0.40199 0.398096 0.40199 0.40199 0.40199 0.40199 0.40199 0.40199 0.398 0.40199 0.40199 0.401979 0.40199 0.40199 0.40199 0.40199 0.40199 0.40199 0.4 0.40199 0.40199 0.401889 0.40199 0.40199 0.40199 0.40199 0.40199 0.40199 0.398379 0.40199 0.40199 0.398 0.40199 0.40199 0.40199 0.40199 0.40199 0.40199 0.398479 0.40199 0.40199 0.401967 0.40199 0.40199 0.40199 0.40199 0.40199 0.40199 0.398002 0.40199 0.40199 0.401253 0.40199 0.40199 0.40199 0.40199 0.40199 0.40199 0.4 0.40199 0.40199 0.398 0.40199 0.40199 0.40199 0.40199 0.40199 0.40199 0.401825 0.40199 0.40199 0.398762 0.40199 0.40199 0.40199 0.40199 0.40199 0.40199 0.398 0.40199 0.40199 0.398 0.40199 0.40199 0.40199 0.40199 0.40199 0.40199 0.40199 0.40199 0.40199 0.40199 0.40199 0.40199 0.40199 0.40199 0.40199 0.40199 0.40199 0.40199 0.40199 0.40199 0.40199 0.40199 0.40199 0.40199 0.40199 0.40199 0.40199 0.40199 0.40199 0.40199 0.40199 0.40199 0.40199 0.40199 0.40199 0.40199 0.40199 0.40199 0.40199 0.40199 0.40199 0.40199 0.40199 0.40199 0.40199 0.40199 0.40199 0.40199 0.40199 0.40199 0.40199 0.40199 0.40199 0.40199 0.40199 0.40199 0.40199 0.40199 0.40199 0.40199 0.40199 0.40199 0.40199 0.40199 0.40199 0.40199 0.40199 0.40199 0.40199 0.40199 0.40199 0.40199 0.40199 0.40199 0.40199 0.40199 0.40199 0.40199 0.40199 0.40199 0.40199 0.40199 0.40199 0.40199 0.40199 0.40199 0.40199 0.40199 0.40199 0.40199 0.40199 0.40199 0.40199 0.40199 0.40199 0.40199 0.40199 0.40199 0.40199 0.40199 0.40199 0.40199 0.40199 0.40199 0.40199 0.40199 0.40199 0.40199 0.40199 0.40199 0.40199 0.40199 0.398 0.40199 0.40199 0.40199 0.40199 0.40199 0.40199 0.40199 0.40199 0.40199 0.399172 0.40199 0.40199 0.40199 0.40199 0.40199 0.40199 0.40199 0.40199 0.40199 0.400905 0.40199 0.40199 0.40199 0.40199 0.40199 0.40199 0.40199 0.40199 0.40199 0.398261 0.40199 0.40199 0.40199 0.40199 0.40199 0.40199 0.40199 0.40199 0.40199 0.399386 0.40199 0.40199 0.40199 0.40199 0.40199 0.40199 0.40199 0.40199 0.40199 0.398021 0.40199 0.40199 0.40199 0.40199 0.40199 0.40199 0.40199 0.40199 0.40199 0.398 0.40199 0.40199 0.40199 0.40199 0.40199 0.40199 0.40199 0.40199 0.40199 0.398 0.40199 0.40199 0.40199 0.40199 0.40199 0.40199 0.40199 0.40199 0.40199 0.401804 0.40199 0.40199 0.40199 0.40199 0.40199 0.40199 0.40199 0.40199 0.40199 0.401008 0.40199 0.40199 0.40199 0.40199 0.40199 0.40199 0.40199 0.40199 0.40199 0.398001 0.40199 0.40199 0.40199 0.40199 0.40199 0.40199 0.40199 0.40199 0.40199 0.4 0.40199 0.40199 0.40199 0.40199 0.40199 0.40199 0.40199 0.40199 0.40199 0.398002 0.40199 0.40199 0.40199 0.40199 0.40199 0.40199 0.40199 0.40199 0.40199 0.398003 0.40199 0.40199 0.40199 0.40199 0.40199 0.40199 0.40199 0.40199 0.40199 0.398 0.40199 0.40199 0.40199 0.40199 0.40199 0.40199 0.40199 0.40199 0.40199 0.398018 0.40199 0.40199 0.40199 0.40199 0.40199 0.40199 0.40199 0.40199 0.40199 0.398 0.40199 0.40199 0.40199 0.40199 0.40199 0.40199 0.40199 0.40199 0.40199 0.401074 0.40199 0.40199 0.40199 0.40199 0.40199 0.40199 0.40199 0.40199 0.40199 0.398 0.40199 0.40199 0.40199 0.40199 0.40199 0.40199 0.40199 0.40199 0.40199 0.398725 0.40199 0.40199 0.40199 0.40199 0.40199 0.40199 0.398 0.40199 0.40199 0.40199 0.40199 0.40199 0.40199 0.399458 0.40199 0.40199 0.398 0.40199 0.40199 0.40199 0.40199 0.40199 0.40199 0.398 0.40199 0.40199 0.398 0.40199 0.40199 0.40199 0.40199 0.40199 0.40199 0.401967 0.40199 0.40199 0.401954 0.40199 0.40199 0.40199 0.40199 0.40199 0.40199 0.3983 0.40199 0.40199 0.401979 0.40199 0.40199 0.40199 0.40199 0.40199 0.40199 0.401852 0.40199 0.40199 0.398 0.40199 0.40199 0.40199 0.40199 0.40199 0.40199 0.401817 0.40199 0.40199 0.400828 0.40199 0.40199 0.40199 0.40199 0.40199 0.40199 0.398 0.40199 0.40199 0.399166 0.40199 0.40199 0.40199 0.40199 0.40199 0.40199 0.401931 0.40199 0.40199 0.398 0.40199 0.40199 0.40199 0.40199 0.40199 0.40199 0.399003 0.40199 0.40199 0.401663 0.40199 0.40199 0.40199 0.40199 0.40199 0.40199 0.40199 0.40199 0.40199 0.40199 0.40199 0.40199 0.40199 0.40199 0.40199 0.40199 0.40199 0.40199 0.40199 0.40199 0.40199 0.40199 0.40199 0.40199 0.40199 0.40199 0.40199 0.40199 0.40199 0.40199 0.40199 0.40199 0.40199 0.40199 0.40199 0.40199 0.40199 0.40199 0.40199 0.40199 0.40199 0.40199 0.40199 0.40199 0.40199 0.40199 0.40199 0.40199 0.40199 0.40199 0.40199 0.40199 0.40199 0.40199 0.40199 0.40199 0.40199 0.40199 0.40199 0.40199 0.40199 0.40199 0.40199 0.40199 0.40199 0.40199 0.40199 0.40199 0.40199 0.40199 0.40199 0.40199 0.40199 0.40199 0.40199 0.40199 0.40199 0.40199 0.40199 0.40199 0.40199 0.40199 0.40199 0.40199 0.40199 0.40199 0.40199 0.40199 0.40199 0.40199 0.40199 0.40199 0.40199 0.40199 0.40199 0.40199 0.40199 0.40199 0.40199 0.40199 0.40199 0.40199 0.40199 0.40199 0.40199 0.40199 0.40199 0.40199 0.40199 0.40199 0.40199 0.40199 0.399458 0.40199 0.40199 0.40199 0.40199 0.40199 0.40199 0.40199 0.40199 0.40199 0.398 0.40199 0.40199 0.40199 0.40199 0.40199 0.40199 0.40199 0.40199 0.40199 0.398 0.40199 0.40199 0.40199 0.40199 0.40199 0.40199 0.40199 0.40199 0.40199 0.401817 0.40199 0.40199 0.40199 0.40199 0.40199 0.40199 0.40199 0.40199 0.40199 0.398 0.40199 0.40199 0.40199 0.40199 0.40199 0.40199 0.40199 0.40199 0.40199 0.398 0.40199 0.40199 0.40199 0.40199 0.40199 0.40199 0.40199 0.40199 0.40199 0.401896 0.40199 0.40199 0.40199 0.40199 0.40199 0.40199 0.40199 0.40199 0.40199 0.398 0.40199 0.40199 0.40199 0.40199 0.40199 0.40199 0.40199 0.40199 0.40199 0.398992 0.40199 0.40199 0.40199 0.40199 0.40199 0.40199 0.40199 0.40199 0.40199 0.398 0.40199 0.40199 0.40199 0.398001 0.40199 0.40199 0.401917 0.40199 0.40199 0.40199 0.40199 0.40199 0.40199 0.399733 0.40199 0.40199 0.398 0.40199 0.40199 0.40199 0.40199 0.40199 0.40199 0.398 0.40199 0.40199 0.400828 0.40199 0.40199 0.40199 0.40199 0.40199 0.40199 0.398002 0.40199 0.40199 0.401954 0.40199 0.40199 0.40199 0.40199 0.40199 0.40199 0.398 0.40199 0.40199 0.401739 0.40199 0.40199 0.40199 0.40199 0.40199 0.40199 0.398002 0.40199 0.40199 0.401894 0.40199 0.40199 0.40199 0.40199 0.40199 0.40199 0.398 0.40199 0.40199 0.398 0.40199 0.40199 0.40199 0.40199 0.40199 0.40199 0.398 0.40199 0.40199 0.398001 0.40199 0.40199 0.40199 0.40199 0.40199 0.40199 0.398 0.40199 0.40199 0.398261 0.40199 0.40199 0.40199 0.40199 0.40199 0.40199 0.398 0.40199 0.40199 0.398479 0.40199 0.40199 0.40199 0.40199 0.40199 0.40199 0.40199 0.40199 0.40199 0.40199 0.40199 0.40199 0.40199 0.40199 0.40199 0.40199 0.40199 0.40199 0.40199 0.40199 0.40199 0.40199 0.40199 0.40199 0.40199 0.40199 0.40199 0.40199 0.40199 0.40199 0.40199 0.40199 0.40199 0.40199 0.40199 0.40199 0.40199 0.40199 0.40199 0.40199 0.40199 0.40199 0.40199 0.40199 0.40199 0.40199 0.40199 0.40199 0.40199 0.40199 0.40199 0.40199 0.40199 0.40199 0.40199 0.40199 0.40199 0.40199 0.40199 0.40199 0.40199 0.40199 0.40199 0.40199 0.40199 0.40199 0.40199 0.40199 0.40199 0.40199 0.40199 0.40199 0.40199 0.40199 0.40199 0.40199 0.40199 0.40199 0.40199 0.40199 0.40199 0.40199 0.40199 0.40199 0.40199 0.40199 0.40199 0.40199 0.40199 0.40199 0.40199 0.40199 0.40199 0.40199 0.40199 0.40199 0.40199 0.40199 0.40199 0.40199 0.40199 0.40199 0.40199 0.40199 0.40199 0.40199 0.40199 0.40199 0.40199 0.40199 0.40199 0.40199 0.398 0.40199 0.40199 0.40199 0.40199 0.40199 0.40199 0.40199 0.40199 0.40199 0.398 0.40199 0.40199 0.40199 0.40199 0.40199 0.40199 0.40199 0.40199 0.40199 0.398 0.40199 0.40199 0.40199 0.40199 0.40199 0.40199 0.40199 0.40199 0.40199 0.398 0.40199 0.40199 0.40199 0.40199 0.40199 0.40199 0.40199 0.40199 0.40199 0.399863 0.40199 0.40199 0.40199 0.40199 0.40199 0.40199 0.40199 0.40199 0.40199 0.401196 0.40199 0.40199 0.40199 0.40199 0.40199 0.40199 0.40199 0.40199 0.40199 0.401965 0.40199 0.40199 0.40199 0.40199 0.40199 0.40199 0.40199 0.40199 0.40199 0.398032 0.40199 0.40199 0.40199 0.40199 0.40199 0.40199 0.40199 0.40199 0.40199 0.398 0.40199 0.40199 0.40199 0.40199 0.40199 0.40199 0.40199 0.40199 0.40199 0.398 0.40199 0.40199 0.40199 0.400656 0.40199 0.40199 0.401967 0.40199 0.40199 0.40199 0.40199 0.40199 0.40199 0.400537 0.40199 0.40199 0.401894 0.40199 0.40199 0.40199 0.40199 0.40199 0.40199 0.401975 0.40199 0.40199 0.401663 0.40199 0.40199 0.40199 0.40199 0.40199 0.40199 0.398313 0.40199 0.40199 0.398 0.40199 0.40199 0.40199 0.40199 0.40199 0.40199 0.398025 0.40199 0.40199 0.398001 0.40199 0.40199 0.40199 0.40199 0.40199 0.40199 0.398009 0.40199 0.40199 0.399386 0.40199 0.40199 0.40199 0.40199 0.40199 0.40199 0.398098 0.40199 0.40199 0.401876 0.40199 0.40199 0.40199 0.40199 0.40199 0.40199 0.398005 0.40199 0.40199 0.398058 0.40199 0.40199 0.40199 0.40199 0.40199 0.40199 0.401484 0.40199 0.40199 0.399863 0.40199 0.40199 0.40199 0.40199 0.40199 0.40199 0.401262 0.40199 0.40199 0.39803 0.40199 0.40199 0.40199 0.40199 0.40199 0.40199 0.40199 0.40199 0.40199 0.40199 0.40199 0.40199 0.40199 0.40199 0.40199 0.40199 0.40199 0.40199 0.40199 0.40199 0.40199 0.40199 0.40199 0.40199 0.40199 0.40199 0.40199 0.40199 0.40199 0.40199 0.40199 0.40199 0.40199 0.40199 0.40199 0.40199 0.40199 0.40199 0.40199 0.40199 0.40199 0.40199 0.40199 0.40199 0.40199 0.40199 0.40199 0.40199 0.40199 0.40199 0.40199 0.40199 0.40199 0.40199 0.40199 0.40199 0.40199 0.40199 0.40199 0.40199 0.40199 0.40199 0.40199 0.40199 0.40199 0.40199 0.40199 0.40199 0.40199 0.40199 0.40199 0.40199 0.40199 0.40199 0.40199 0.40199 0.40199 0.40199 0.40199 0.40199 0.40199 0.40199 0.40199 0.40199 0.40199 0.40199 0.40199 0.40199 0.40199 0.40199 0.40199 0.40199 0.40199 0.40199 0.40199 0.40199 0.40199 0.40199 0.40199 0.40199 0.40199 0.40199 0.40199 0.40199 0.40199 0.40199 0.40199 0.40199 0.40199 0.40199 0.40199 0.40199 0.398 0.40199 0.40199 0.40199 0.40199 0.40199 0.40199 0.40199 0.40199 0.40199 0.400291 0.40199 0.40199 0.40199 0.40199 0.40199 0.40199 0.40199 0.40199 0.40199 0.399321 0.40199 0.40199 0.40199 0.40199 0.40199 0.40199 0.40199 0.40199 0.40199 0.4 0.40199 0.40199 0.40199 0.40199 0.40199 0.40199 0.40199 0.40199 0.40199 0.398009 0.40199 0.40199 0.40199 0.40199 0.40199 0.40199 0.40199 0.40199 0.40199 0.398 0.40199 0.40199 0.40199 0.40199 0.40199 0.40199 0.40199 0.40199 0.40199 0.398 0.40199 0.40199 0.40199 0.40199 0.40199 0.40199 0.40199 0.40199 0.40199 0.39803 0.40199 0.40199 0.40199 0.40199 0.40199 0.40199 0.40199 0.40199 0.40199 0.399821 0.40199 0.40199 0.40199 0.40199 0.40199 0.40199 0.40199 0.40199 0.40199 0.398 0.40199 0.40199 0.40199 0.40199 0.40199 0.40199 0.40199 0.40199 0.40199 0.398 0.40199 0.40199 0.40199 0.40199 0.40199 0.40199 0.40199 0.40199 0.40199 0.398 0.40199 0.40199 0.40199 0.40199 0.40199 0.40199 0.40199 0.40199 0.40199 0.398059 0.40199 0.40199 0.40199 0.40199 0.40199 0.40199 0.40199 0.40199 0.40199 0.398 0.40199 0.40199 0.40199 0.40199 0.40199 0.40199 0.40199 0.40199 0.40199 0.401917 0.40199 0.40199 0.40199 0.40199 0.40199 0.40199 0.40199 0.40199 0.40199 0.398002 0.40199 0.40199 0.40199 0.40199 0.40199 0.40199 0.40199 0.40199 0.40199 0.398004 0.40199 0.40199 0.40199 0.40199 0.40199 0.40199 0.40199 0.40199 0.40199 0.398 0.40199 0.40199 0.40199 0.40199 0.40199 0.40199 0.40199 0.40199 0.40199 0.398003 0.40199 0.40199 0.40199 0.40199 0.40199 0.40199 0.40199 0.40199 0.40199 0.398 0.40199 0.40199 0.40199 0.398006 0.40199 0.40199 0.400828 0.40199 0.40199 0.40199 0.40199 0.40199 0.40199 0.398718 0.40199 0.40199 0.398 0.40199 0.40199 0.40199 0.40199 0.40199 0.40199 0.401967 0.40199 0.40199 0.398493 0.40199 0.40199 0.40199 0.40199 0.40199 0.40199 0.398002 0.40199 0.40199 0.398003 0.40199 0.40199 0.40199 0.40199 0.40199 0.40199 0.398017 0.40199 0.40199 0.398053 0.40199 0.40199 0.40199 0.40199 0.40199 0.40199 0.398 0.40199 0.40199 0.398054 0.40199 0.40199 0.40199 0.40199 0.40199 0.40199 0.39803 0.40199 0.40199 0.398 0.40199 0.40199 0.40199 0.40199 0.40199 0.40199 0.398017 0.40199 0.40199 0.398 0.40199 0.40199 0.40199 0.40199 0.40199 0.40199 0.398 0.40199 0.40199 0.401484 0.40199 0.40199 0.40199 0.40199 0.40199 0.40199 0.400828 0.40199 0.40199 0.398083 0.40199 0.40199 0.40199 0.40199 0.40199 0.40199 0.40199 0.40199 0.40199 0.40199 0.40199 0.40199 0.40199 0.40199 0.40199 0.40199 0.40199 0.40199 0.40199 0.40199 0.40199 0.40199 0.40199 0.40199 0.40199 0.40199 0.40199 0.40199 0.40199 0.40199 0.40199 0.40199 0.40199 0.40199 0.40199 0.40199 0.40199 0.40199 0.40199 0.40199 0.40199 0.40199 0.40199 0.40199 0.40199 0.40199 0.40199 0.40199 0.40199 0.40199 0.40199 0.40199 0.40199 0.40199 0.40199 0.40199 0.40199 0.40199 0.40199 0.40199 0.40199 0.40199 0.40199 0.40199 0.40199 0.40199 0.40199 0.40199 0.40199 0.40199 0.40199 0.40199 0.40199 0.40199 0.40199 0.40199 0.40199 0.40199 0.40199 0.40199 0.40199 0.40199 0.40199 0.40199 0.40199 0.40199 0.40199 0.40199 0.40199 0.40199 0.40199 0.40199 0.40199 0.40199 0.40199 0.40199 0.40199 0.40199 0.40199 0.40199 0.40199 0.40199 0.40199 0.40199 0.40199 0.40199 0.40199 0.40199 0.40199 0.40199 0.40199 0.40199 0.401979 0.40199 0.40199 0.40199 0.40199 0.40199 0.40199 0.40199 0.40199 0.40199 0.401975 0.40199 0.40199 0.40199 0.40199 0.40199 0.40199 0.40199 0.40199 0.40199 0.398001 0.40199 0.40199 0.40199 0.40199 0.40199 0.40199 0.40199 0.40199 0.40199 0.4 0.40199 0.40199 0.40199 0.40199 0.40199 0.40199 0.40199 0.40199 0.40199 0.4 0.40199 0.40199 0.40199 0.40199 0.40199 0.40199 0.40199 0.40199 0.40199 0.398 0.40199 0.40199 0.40199 0.40199 0.40199 0.40199 0.40199 0.40199 0.40199 0.399166 0.40199 0.40199 0.40199 0.40199 0.40199 0.40199 0.40199 0.40199 0.40199 0.39801 0.40199 0.40199 0.40199 0.40199 0.40199 0.40199 0.40199 0.40199 0.40199 0.399821 0.40199 0.40199 0.40199 0.40199 0.40199 0.40199 0.40199 0.40199 0.40199 0.398 0.40199 0.40199 0.40199 0.401931 0.40199 0.40199 0.401687 0.40199 0.40199 0.40199 0.40199 0.40199 0.40199 0.398 0.40199 0.40199 0.401804 0.40199 0.40199 0.40199 0.40199 0.40199 0.40199 0.39822 0.40199 0.40199 0.398183 0.40199 0.40199 0.40199 0.40199 0.40199 0.40199 0.398875 0.40199 0.40199 0.401931 0.40199 0.40199 0.40199 0.40199 0.40199 0.40199 0.398 0.40199 0.40199 0.399709 0.40199 0.40199 0.40199 0.40199 0.40199 0.40199 0.40178 0.40199 0.40199 0.398001 0.40199 0.40199 0.40199 0.40199 0.40199 0.40199 0.398762 0.40199 0.40199 0.398 0.40199 0.40199 0.40199 0.40199 0.40199 0.40199 0.398926 0.40199 0.40199 0.401941 0.40199 0.40199 0.40199 0.40199 0.40199 0.40199 0.398 0.40199 0.40199 0.398002 0.40199 0.40199 0.40199 0.40199 0.40199 0.40199 0.400716 0.40199 0.40199 0.398 0.40199 0.40199 0.40199 0.40199 0.40199 0.40199 0.40199 0.40199 0.40199 0.40199 0.40199 0.40199 0.40199 0.40199 0.40199 0.40199 0.40199 0.40199 0.40199 0.40199 0.40199 0.40199 0.40199 0.40199 0.40199 0.40199 0.40199 0.40199 0.40199 0.40199 0.40199 0.40199 0.40199 0.40199 0.40199 0.40199 0.40199 0.40199 0.40199 0.40199 0.40199 0.40199 0.40199 0.40199 0.40199 0.40199 0.40199 0.40199 0.40199 0.40199 0.40199 0.40199 0.40199 0.40199 0.40199 0.40199 0.40199 0.40199 0.40199 0.40199 0.40199 0.40199 0.40199 0.40199 0.40199 0.40199 0.40199 0.40199 0.40199 0.40199 0.40199 0.40199 0.40199 0.40199 0.40199 0.40199 0.40199 0.40199 0.40199 0.40199 0.40199 0.40199 0.40199 0.40199 0.40199 0.40199 0.40199 0.40199 0.40199 0.40199 0.40199 0.40199 0.40199 0.40199 0.40199 0.40199 0.40199 0.40199 0.40199 0.40199 0.40199 0.40199 0.40199 0.40199 0.40199 0.40199 0.40199 0.40199 0.40199 0.40199 0.40199 0.40199 0.398 0.40199 0.40199 0.40199 0.40199 0.40199 0.40199 0.40199 0.40199 0.40199 0.398 0.40199 0.40199 0.40199 0.40199 0.40199 0.40199 0.40199 0.40199 0.40199 0.398002 0.40199 0.40199 0.40199 0.40199 0.40199 0.40199 0.40199 0.40199 0.40199 0.398 0.40199 0.40199 0.40199 0.40199 0.40199 0.40199 0.40199 0.40199 0.40199 0.398 0.40199 0.40199 0.40199 0.40199 0.40199 0.40199 0.40199 0.40199 0.40199 0.398001 0.40199 0.40199 0.40199 0.40199 0.40199 0.40199 0.40199 0.40199 0.40199 0.398 0.40199 0.40199 0.40199 0.40199 0.40199 0.40199 0.40199 0.40199 0.40199 0.398379 0.40199 0.40199 0.40199 0.40199 0.40199 0.40199 0.40199 0.40199 0.40199 0.401931 0.40199 0.40199 0.40199 0.40199 0.40199 0.40199 0.40199 0.40199 0.40199 0.400291 0.40199 0.40199 0.40199 0.401817 0.40199 0.40199 0.398175 0.40199 0.40199 0.40199 0.40199 0.40199 0.40199 0.4 0.40199 0.40199 0.398762 0.40199 0.40199 0.40199 0.40199 0.40199 0.40199 0.39959 0.40199 0.40199 0.398148 0.40199 0.40199 0.40199 0.40199 0.40199 0.40199 0.398002 0.40199 0.40199 0.4 0.40199 0.40199 0.40199 0.40199 0.40199 0.40199 0.398002 0.40199 0.40199 0.398054 0.40199 0.40199 0.40199 0.40199 0.40199 0.40199 0.401008 0.40199 0.40199 0.398 0.40199 0.40199 0.40199 0.40199 0.40199 0.40199 0.398 0.40199 0.40199 0.39801 0.40199 0.40199 0.40199 0.40199 0.40199 0.40199 0.4 0.40199 0.40199 0.401894 0.40199 0.40199 0.40199 0.40199 0.40199 0.40199 0.401739 0.40199 0.40199 0.398 0.40199 0.40199 0.40199 0.40199 0.40199 0.40199 0.398725 0.40199 0.40199 0.401852 0.40199 0.40199 0.40199 0.40199 0.40199 0.40199 0.40199 0.40199 0.40199 0.40199 0.40199 0.40199 0.40199 0.40199 0.40199 0.40199 0.40199 0.40199 0.40199 0.40199 0.40199 0.40199 0.40199 0.40199 0.40199 0.40199 0.40199 0.40199 0.40199 0.40199 0.40199 0.40199 0.40199 0.40199 0.40199 0.40199 0.40199 0.40199 0.40199 0.40199 0.40199 0.40199 0.40199 0.40199 0.40199 0.40199 0.40199 0.40199 0.40199 0.40199 0.40199 0.40199 0.40199 0.40199 0.40199 0.40199 0.40199 0.40199 0.40199 0.40199 0.40199 0.40199 0.40199 0.40199 0.40199 0.40199 0.40199 0.40199 0.40199 0.40199 0.40199 0.40199 0.40199 0.40199 0.40199 0.40199 0.40199 0.40199 0.40199 0.40199 0.40199 0.40199 0.40199 0.40199 0.40199 0.40199 0.40199 0.40199 0.40199 0.40199 0.40199 0.40199 0.40199 0.40199 0.40199 0.40199 0.40199 0.40199 0.40199 0.40199 0.40199 0.40199 0.40199 0.40199 0.40199 0.40199 0.40199 0.40199 0.40199 0.40199 0.40199 0.40199 0.398003 0.40199 0.40199 0.40199 0.40199 0.40199 0.40199 0.40199 0.40199 0.40199 0.401986 0.40199 0.40199 0.40199 0.40199 0.40199 0.40199 0.40199 0.40199 0.40199 0.399016 0.40199 0.40199 0.40199 0.40199 0.40199 0.40199 0.40199 0.40199 0.40199 0.398379 0.40199 0.40199 0.40199 0.40199 0.40199 0.40199 0.40199 0.40199 0.40199 0.398 0.40199 0.40199 0.40199 0.40199 0.40199 0.40199 0.40199 0.40199 0.40199 0.398 0.40199 0.40199 0.40199 0.40199 0.40199 0.40199 0.40199 0.40199 0.40199 0.398095 0.40199 0.40199 0.40199 0.40199 0.40199 0.40199 0.40199 0.40199 0.40199 0.398 0.40199 0.40199 0.40199 0.40199 0.40199 0.40199 0.40199 0.40199 0.40199 0.398 0.40199 0.40199 0.40199 0.40199 0.40199 0.40199 0.40199 0.40199 0.40199 0.398 0.40199 0.40199 0.40199 0.40199 0.40199 0.40199 0.40199 0.40199 0.40199 0.398039 0.40199 0.40199 0.40199 0.40199 0.40199 0.40199 0.40199 0.40199 0.40199 0.398009 0.40199 0.40199 0.40199 0.40199 0.40199 0.40199 0.40199 0.40199 0.40199 0.398992 0.40199 0.40199 0.40199 0.40199 0.40199 0.40199 0.40199 0.40199 0.40199 0.398002 0.40199 0.40199 0.40199 0.40199 0.40199 0.40199 0.40199 0.40199 0.40199 0.4 0.40199 0.40199 0.40199 0.40199 0.40199 0.40199 0.40199 0.40199 0.40199 0.401982 0.40199 0.40199 0.40199 0.40199 0.40199 0.40199 0.40199 0.40199 0.40199 0.398 0.40199 0.40199 0.40199 0.40199 0.40199 0.40199 0.40199 0.40199 0.40199 0.3983 0.40199 0.40199 0.40199 0.40199 0.40199 0.40199 0.40199 0.40199 0.40199 0.4019 0.40199 0.40199 0.40199 0.40199 0.40199 0.40199 0.40199 0.40199 0.40199 0.401852 0.40199 0.40199 0.40199 0.401667 0.40199 0.40199 0.398 0.40199 0.40199 0.40199 0.40199 0.40199 0.40199 0.398 0.40199 0.40199 0.398 0.40199 0.40199 0.40199 0.40199 0.40199 0.40199 0.398 0.40199 0.40199 0.400246 0.40199 0.40199 0.40199 0.40199 0.40199 0.40199 0.398 0.40199 0.40199 0.401917 0.40199 0.40199 0.40199 0.40199 0.40199 0.40199 0.401528 0.40199 0.40199 0.401484 0.40199 0.40199 0.40199 0.40199 0.40199 0.40199 0.398 0.40199 0.40199 0.401941 0.40199 0.40199 0.40199 0.40199 0.40199 0.40199 0.398 0.40199 0.40199 0.400583 0.40199 0.40199 0.40199 0.40199 0.40199 0.40199 0.398 0.40199 0.40199 0.398005 0.40199 0.40199 0.40199 0.40199 0.40199 0.40199 0.400905 0.40199 0.40199 0.398 0.40199 0.40199 0.40199 0.40199 0.40199 0.40199 0.398021 0.40199 0.40199 0.400297 0.40199 0.40199 0.40199 0.40199 0.40199 0.40199 0.40199 0.40199 0.40199 0.40199 0.40199 0.40199 0.40199 0.40199 0.40199 0.40199 0.40199 0.40199 0.40199 0.40199 0.40199 0.40199 0.40199 0.40199 0.40199 0.40199 0.40199 0.40199 0.40199 0.40199 0.40199 0.40199 0.40199 0.40199 0.40199 0.40199 0.40199 0.40199 0.40199 0.40199 0.40199 0.40199 0.40199 0.40199 0.40199 0.40199 0.40199 0.40199 0.40199 0.40199 0.40199 0.40199 0.40199 0.40199 0.40199 0.40199 0.40199 0.40199 0.40199 0.40199 0.40199 0.40199 0.40199 0.40199 0.40199 0.40199 0.40199 0.40199 0.40199 0.40199 0.40199 0.40199 0.40199 0.40199 0.40199 0.40199 0.40199 0.40199 0.40199 0.40199 0.40199 0.40199 0.40199 0.40199 0.40199 0.40199 0.40199 0.40199 0.40199 0.40199 0.40199 0.40199 0.40199 0.40199 0.40199 0.40199 0.40199 0.40199 0.40199 0.40199 0.40199 0.40199 0.40199 0.40199 0.40199 0.40199 0.40199 0.40199 0.40199 0.40199 0.40199 0.40199 0.398466 0.40199 0.40199 0.40199 0.40199 0.40199 0.40199 0.40199 0.40199 0.40199 0.401008 0.40199 0.40199 0.40199 0.40199 0.40199 0.40199 0.40199 0.40199 0.40199 0.398 0.40199 0.40199 0.40199 0.40199 0.40199 0.40199 0.40199 0.40199 0.40199 0.401663 0.40199 0.40199 0.40199 0.40199 0.40199 0.40199 0.40199 0.40199 0.40199 0.3981 0.40199 0.40199 0.40199 0.40199 0.40199 0.40199 0.40199 0.40199 0.40199 0.398558 0.40199 0.40199 0.40199 0.40199 0.40199 0.40199 0.40199 0.40199 0.40199 0.401008 0.40199 0.40199 0.40199 0.40199 0.40199 0.40199 0.40199 0.40199 0.40199 0.398 0.40199 0.40199 0.40199 0.40199 0.40199 0.40199 0.40199 0.40199 0.40199 0.398 0.40199 0.40199 0.40199 0.40199 0.40199 0.40199 0.40199 0.40199 0.40199 0.398379 0.40199 0.40199 0.40199 0.400614 0.40199 0.40199 0.400828 0.40199 0.40199 0.40199 0.40199 0.40199 0.40199 0.398033 0.40199 0.40199 0.400231 0.40199 0.40199 0.40199 0.40199 0.40199 0.40199 0.399709 0.40199 0.40199 0.398006 0.40199 0.40199 0.40199 0.40199 0.40199 0.40199 0.401917 0.40199 0.40199 0.401687 0.40199 0.40199 0.40199 0.40199 0.40199 0.40199 0.398001 0.40199 0.40199 0.401894 0.40199 0.40199 0.40199 0.40199 0.40199 0.40199 0.398 0.40199 0.40199 0.398629 0.40199 0.40199 0.40199 0.40199 0.40199 0.40199 0.401975 0.40199 0.40199 0.401852 0.40199 0.40199 0.40199 0.40199 0.40199 0.40199 0.398261 0.40199 0.40199 0.398379 0.40199 0.40199 0.40199 0.40199 0.40199 0.40199 0.401896 0.40199 0.40199 0.398001 0.40199 0.40199 0.40199 0.40199 0.40199 0.40199 0.401484 0.40199 0.40199 0.398286 0.40199 0.40199 0.40199 0.40199 0.40199 0.40199 0.40199 0.40199 0.40199 0.40199 0.40199 0.40199 0.40199 0.40199 0.40199 0.40199 0.40199 0.40199 0.40199 0.40199 0.40199 0.40199 0.40199 0.40199 0.40199 0.40199 0.40199 0.40199 0.40199 0.40199 0.40199 0.40199 0.40199 0.40199 0.40199 0.40199 0.40199 0.40199 0.40199 0.40199 0.40199 0.40199 0.40199 0.40199 0.40199 0.40199 0.40199 0.40199 0.40199 0.40199 0.40199 0.40199 0.40199 0.40199 0.40199 0.40199 0.40199 0.40199 0.40199 0.40199 0.40199 0.40199 0.40199 0.40199 0.40199 0.40199 0.40199 0.40199 0.40199 0.40199 0.40199 0.40199 0.40199 0.40199 0.40199 0.40199 0.40199 0.40199 0.40199 0.40199 0.40199 0.40199 0.40199 0.40199 0.40199 0.40199 0.40199 0.40199 0.40199 0.40199 0.40199 0.40199 0.40199 0.40199 0.40199 0.40199 0.40199 0.40199 0.40199 0.40199 0.40199 0.40199 0.40199 0.40199 0.40199 0.40199 0.40199 0.40199 0.40199 0.40199 0.40199 0.40199 0.398992 0.40199 0.40199 0.40199 0.40199 0.40199 0.40199 0.40199 0.40199 0.40199 0.401074 0.40199 0.40199 0.40199 0.40199 0.40199 0.40199 0.40199 0.40199 0.40199 0.400537 0.40199 0.40199 0.40199 0.40199 0.40199 0.40199 0.40199 0.40199 0.40199 0.398333 0.40199 0.40199 0.40199 0.40199 0.40199 0.40199 0.40199 0.40199 0.40199 0.40199 0.40199 0.40199 0.40199 0.40199 0.40199 0.40199 0.40199 0.40199 0.40199 0.399417 0.40199 0.40199 0.40199 0.40199 0.40199 0.40199 0.40199 0.40199 0.40199 0.398196 0.40199 0.40199 0.40199 0.40199 0.40199 0.40199 0.40199 0.40199 0.40199 0.398 0.40199 0.40199 0.40199 0.40199 0.40199 0.40199 0.40199 0.40199 0.40199 0.401941 0.40199 0.40199 0.40199 0.40199 0.40199 0.40199 0.40199 0.40199 0.40199 0.40181 0.40199 0.40199 0.40199 0.398002 0.40199 0.40199 0.398261 0.40199 0.40199 0.40199 0.40199 0.40199 0.40199 0.400246 0.40199 0.40199 0.398 0.40199 0.40199 0.40199 0.40199 0.40199 0.40199 0.398001 0.40199 0.40199 0.398005 0.40199 0.40199 0.40199 0.40199 0.40199 0.40199 0.401621 0.40199 0.40199 0.401621 0.40199 0.40199 0.40199 0.40199 0.40199 0.40199 0.398 0.40199 0.40199 0.401825 0.40199 0.40199 0.40199 0.40199 0.40199 0.40199 0.399821 0.40199 0.40199 0.398 0.40199 0.40199 0.40199 0.40199 0.40199 0.40199 0.398021 0.40199 0.40199 0.398035 0.40199 0.40199 0.40199 0.40199 0.40199 0.40199 0.398 0.40199 0.40199 0.401889 0.40199 0.40199 0.40199 0.40199 0.40199 0.40199 0.401528 0.40199 0.40199 0.398 0.40199 0.40199 0.40199 0.40199 0.40199 0.40199 0.398 0.40199 0.40199 0.401008 0.40199 0.40199 0.40199 0.40199 0.40199 0.40199 0.40199 0.40199 0.40199 0.40199 0.40199 0.40199 0.40199 0.40199 0.40199 0.40199 0.40199 0.40199 0.40199 0.40199 0.40199 0.40199 0.40199 0.40199 0.40199 0.40199 0.40199 0.40199 0.40199 0.40199 0.40199 0.40199 0.40199 0.40199 0.40199 0.40199 0.40199 0.40199 0.40199 0.40199 0.40199 0.40199 0.40199 0.40199 0.40199 0.40199 0.40199 0.40199 0.40199 0.40199 0.40199 0.40199 0.40199 0.40199 0.40199 0.40199 0.40199 0.40199 0.40199 0.40199 0.40199 0.40199 0.40199 0.40199 0.40199 0.40199 0.40199 0.40199 0.40199 0.40199 0.40199 0.40199 0.40199 0.40199 0.40199 0.40199 0.40199 0.40199 0.40199 0.40199 0.40199 0.40199 0.40199 0.40199 0.40199 0.40199 0.40199 0.40199 0.40199 0.40199 0.40199 0.40199 0.40199 0.40199 0.40199 0.40199 0.40199 0.40199 0.40199 0.40199 0.40199 0.40199 0.40199 0.40199 0.40199 0.40199 0.40199 0.40199 0.40199 0.40199 0.40199 0.40199 0.398 0.40199 0.40199 0.40199 0.40199 0.40199 0.40199 0.40199 0.40199 0.40199 0.398 0.40199 0.40199 0.40199 0.40199 0.40199 0.40199 0.40199 0.40199 0.40199 0.401484 0.40199 0.40199 0.40199 0.40199 0.40199 0.40199 0.40199 0.40199 0.40199 0.398 0.40199 0.40199 0.40199 0.40199 0.40199 0.40199 0.40199 0.40199 0.40199 0.400537 0.40199 0.40199 0.40199 0.40199 0.40199 0.40199 0.40199 0.40199 0.40199 0.401979 0.40199 0.40199 0.40199 0.40199 0.40199 0.40199 0.40199 0.40199 0.40199 0.399095 0.40199 0.40199 0.40199 0.40199 0.40199 0.40199 0.40199 0.40199 0.40199 0.398 0.40199 0.40199 0.40199 0.40199 0.40199 0.40199 0.40199 0.40199 0.40199 0.398 0.40199 0.40199 0.40199 0.40199 0.40199 0.40199 0.40199 0.40199 0.40199 0.401954 0.40199 0.40199 0.40199 0.40199 0.40199 0.40199 0.40199 0.40199 0.40199 0.400179 0.40199 0.40199 0.40199 0.40199 0.40199 0.40199 0.40199 0.40199 0.40199 0.400828 0.40199 0.40199 0.40199 0.40199 0.40199 0.40199 0.40199 0.40199 0.40199 0.398106 0.40199 0.40199 0.40199 0.40199 0.40199 0.40199 0.40199 0.40199 0.40199 0.400425 0.40199 0.40199 0.40199 0.40199 0.40199 0.40199 0.40199 0.40199 0.40199 0.398 0.40199 0.40199 0.40199 0.40199 0.40199 0.40199 0.40199 0.40199 0.40199 0.398 0.40199 0.40199 0.40199 0.40199 0.40199 0.40199 0.40199 0.40199 0.40199 0.398001 0.40199 0.40199 0.40199 0.40199 0.40199 0.40199 0.40199 0.40199 0.40199 0.401817 0.40199 0.40199 0.40199 0.40199 0.40199 0.40199 0.40199 0.40199 0.40199 0.398 0.40199 0.40199 0.40199 0.40199 0.40199 0.40199 0.40199 0.40199 0.40199 0.398 0.40199 0.40199 0.40199 0.401074 0.40199 0.40199 0.401433 0.40199 0.40199 0.40199 0.40199 0.40199 0.40199 0.401982 0.40199 0.40199 0.398 0.40199 0.40199 0.40199 0.40199 0.40199 0.40199 0.398 0.40199 0.40199 0.398 0.40199 0.40199 0.40199 0.40199 0.40199 0.40199 0.398 0.40199 0.40199 0.398 0.40199 0.40199 0.40199 0.40199 0.40199 0.40199 0.398 0.40199 0.40199 0.401967 0.40199 0.40199 0.40199 0.40199 0.40199 0.40199 0.4 0.40199 0.40199 0.401433 0.40199 0.40199 0.40199 0.40199 0.40199 0.40199 0.400834 0.40199 0.40199 0.39803 0.40199 0.40199 0.40199 0.40199 0.40199 0.40199 0.401967 0.40199 0.40199 0.398 0.40199 0.40199 0.40199 0.40199 0.40199 0.40199 0.398493 0.40199 0.40199 0.400542 0.40199 0.40199 0.40199 0.40199 0.40199 0.40199 0.401979 0.40199 0.40199 0.401804 0.40199 0.40199 0.40199 0.40199 0.40199 0.40199 0.40199 0.40199 0.40199 0.40199 0.40199 0.40199 0.40199 0.40199 0.40199 0.40199 0.40199 0.40199 0.40199 0.40199 0.40199 0.40199 0.40199 0.40199 0.40199 0.40199 0.40199 0.40199 0.40199 0.40199 0.40199 0.40199 0.40199 0.40199 0.40199 0.40199 0.40199 0.40199 0.40199 0.40199 0.40199 0.40199 0.40199 0.40199 0.40199 0.40199 0.40199 0.40199 0.40199 0.40199 0.40199 0.40199 0.40199 0.40199 0.40199 0.40199 0.40199 0.40199 0.40199 0.40199 0.40199 0.40199 0.40199 0.40199 0.40199 0.40199 0.40199 0.40199 0.40199 0.40199 0.40199 0.40199 0.40199 0.40199 0.40199 0.40199 0.40199 0.40199 0.40199 0.40199 0.40199 0.40199 0.40199 0.40199 0.40199 0.40199 0.40199 0.40199 0.40199 0.40199 0.40199 0.40199 0.40199 0.40199 0.40199 0.40199 0.40199 0.40199 0.40199 0.40199 0.40199 0.40199 0.40199 0.40199 0.40199 0.40199 0.40199 0.40199 0.40199 0.40199 0.40199 0.40199 0.398 0.40199 0.40199 0.40199 0.40199 0.40199 0.40199 0.40199 0.40199 0.40199 0.401979 0.40199 0.40199 0.40199 0.40199 0.40199 0.40199 0.40199 0.40199 0.40199 0.398 0.40199 0.40199 0.40199 0.40199 0.40199 0.40199 0.40199 0.40199 0.40199 0.401621 0.40199 0.40199 0.40199 0.40199 0.40199 0.40199 0.40199 0.40199 0.40199 0.401982 0.40199 0.40199 0.40199 0.40199 0.40199 0.40199 0.40199 0.40199 0.40199 0.401687 0.40199 0.40199 0.40199 0.40199 0.40199 0.40199 0.40199 0.40199 0.40199 0.401484 0.40199 0.40199 0.40199 0.40199 0.40199 0.40199 0.40199 0.40199 0.40199 0.400828 0.40199 0.40199 0.40199 0.40199 0.40199 0.40199 0.40199 0.40199 0.40199 0.39845 0.40199 0.40199 0.40199 0.40199 0.40199 0.40199 0.40199 0.40199 0.40199 0.398 0.40199 0.40199 0.40199 0.398 0.40199 0.40199 0.398629 0.40199 0.40199 0.40199 0.40199 0.40199 0.40199 0.398 0.40199 0.40199 0.398 0.40199 0.40199 0.40199 0.40199 0.40199 0.40199 0.398 0.40199 0.40199 0.401961 0.40199 0.40199 0.40199 0.40199 0.40199 0.40199 0.398005 0.40199 0.40199 0.398 0.40199 0.40199 0.40199 0.40199 0.40199 0.40199 0.398 0.40199 0.40199 0.400828 0.40199 0.40199 0.40199 0.40199 0.40199 0.40199 0.398 0.40199 0.40199 0.4 0.40199 0.40199 0.40199 0.40199 0.40199 0.40199 0.398 0.40199 0.40199 0.398 0.40199 0.40199 0.40199 0.40199 0.40199 0.40199 0.399632 0.40199 0.40199 0.398 0.40199 0.40199 0.40199 0.40199 0.40199 0.40199 0.399345 0.40199 0.40199 0.398 0.40199 0.40199 0.40199 0.40199 0.40199 0.40199 0.400425 0.40199 0.40199 0.401739 0.40199 0.40199 0.40199 0.40199 0.40199 0.40199 0.40199 0.40199 0.40199 0.40199 0.40199 0.40199 0.40199 0.40199 0.40199 0.40199 0.40199 0.40199 0.40199 0.40199 0.40199 0.40199 0.40199 0.40199 0.40199 0.40199 0.40199 0.40199 0.40199 0.40199 0.40199 0.40199 0.40199 0.40199 0.40199 0.40199 0.40199 0.40199 0.40199 0.40199 0.40199 0.40199 0.40199 0.40199 0.40199 0.40199 0.40199 0.40199 0.40199 0.40199 0.40199 0.40199 0.40199 0.40199 0.40199 0.40199 0.40199 0.40199 0.40199 0.40199 0.40199 0.40199 0.40199 0.40199 0.40199 0.40199 0.40199 0.40199 0.40199 0.40199 0.40199 0.40199 0.40199 0.40199 0.40199 0.40199 0.40199 0.40199 0.40199 0.40199 0.40199 0.40199 0.40199 0.40199 0.40199 0.40199 0.40199 0.40199 0.40199 0.40199 0.40199 0.40199 0.40199 0.40199 0.40199 0.40199 0.40199 0.40199 0.40199 0.40199 0.40199 0.40199 0.40199 0.40199 0.40199 0.40199 0.40199 0.40199 0.40199 0.40199 0.40199 0.40199 0.399754 0.40199 0.40199 0.40199 0.40199 0.40199 0.40199 0.40199 0.40199 0.40199 0.398 0.40199 0.40199 0.40199 0.40199 0.40199 0.40199 0.40199 0.40199 0.40199 0.398 0.40199 0.40199 0.40199 0.40199 0.40199 0.40199 0.40199 0.40199 0.40199 0.399053 0.40199 0.40199 0.40199 0.40199 0.40199 0.40199 0.40199 0.40199 0.40199 0.398062 0.40199 0.40199 0.40199 0.40199 0.40199 0.40199 0.40199 0.40199 0.40199 0.400425 0.40199 0.40199 0.40199 0.40199 0.40199 0.40199 0.40199 0.40199 0.40199 0.398004 0.40199 0.40199 0.40199 0.40199 0.40199 0.40199 0.40199 0.40199 0.40199 0.398 0.40199 0.40199 0.40199 0.40199 0.40199 0.40199 0.40199 0.40199 0.40199 0.398875 0.40199 0.40199 0.40199 0.40199 0.40199 0.40199 0.40199 0.40199 0.40199 0.39845 0.40199 0.40199 0.40199 0.401986 0.40199 0.40199 0.401739 0.40199 0.40199 0.40199 0.40199 0.40199 0.40199 0.398 0.40199 0.40199 0.398 0.40199 0.40199 0.40199 0.40199 0.40199 0.40199 0.400716 0.40199 0.40199 0.398 0.40199 0.40199 0.40199 0.40199 0.40199 0.40199 0.398 0.40199 0.40199 0.398031 0.40199 0.40199 0.40199 0.40199 0.40199 0.40199 0.398 0.40199 0.40199 0.398002 0.40199 0.40199 0.40199 0.40199 0.40199 0.40199 0.398629 0.40199 0.40199 0.400905 0.40199 0.40199 0.40199 0.40199 0.40199 0.40199 0.398 0.40199 0.40199 0.401667 0.40199 0.40199 0.40199 0.40199 0.40199 0.40199 0.398 0.40199 0.40199 0.40178 0.40199 0.40199 0.40199 0.40199 0.40199 0.40199 0.39845 0.40199 0.40199 0.398003 0.40199 0.40199 0.40199 0.40199 0.40199 0.40199 0.398 0.40199 0.40199 0.398 0.40199 0.40199 0.40199 0.40199 0.40199 0.40199 0.40199 0.40199 0.40199 0.40199 0.40199 0.40199 0.40199 0.40199 0.40199 0.40199 0.40199 0.40199 0.40199 0.40199 0.40199 0.40199 0.40199 0.40199 0.40199 0.40199 0.40199 0.40199 0.40199 0.40199 0.40199 0.40199 0.40199 0.40199 0.40199 0.40199 0.40199 0.40199 0.40199 0.40199 0.40199 0.40199 0.40199 0.40199 0.40199 0.40199 0.40199 0.40199 0.40199 0.40199 0.40199 0.40199 0.40199 0.40199 0.40199 0.40199 0.40199 0.40199 0.40199 0.40199 0.40199 0.40199 0.40199 0.40199 0.40199 0.40199 0.40199 0.40199 0.40199 0.40199 0.40199 0.40199 0.40199 0.40199 0.40199 0.40199 0.40199 0.40199 0.40199 0.40199 0.40199 0.40199 0.40199 0.40199 0.40199 0.40199 0.40199 0.40199 0.40199 0.40199 0.40199 0.40199 0.40199 0.40199 0.40199 0.40199 0.40199 0.40199 0.40199 0.40199 0.40199 0.40199 0.40199 0.40199 0.40199 0.40199 0.40199 0.40199 0.40199 0.40199 0.40199 0.40199 0.399754 0.40199 0.40199 0.40199 0.40199 0.40199 0.40199 0.40199 0.40199 0.40199 0.398293 0.40199 0.40199 0.40199 0.40199 0.40199 0.40199 0.40199 0.40199 0.40199 0.39801 0.40199 0.40199 0.40199 0.40199 0.40199 0.40199 0.40199 0.40199 0.40199 0.398 0.40199 0.40199 0.40199 0.40199 0.40199 0.40199 0.40199 0.40199 0.40199 0.401667 0.40199 0.40199 0.40199 0.40199 0.40199 0.40199 0.40199 0.40199 0.40199 0.39822 0.40199 0.40199 0.40199 0.40199 0.40199 0.40199 0.40199 0.40199 0.40199 0.398762 0.40199 0.40199 0.40199 0.40199 0.40199 0.40199 0.40199 0.40199 0.40199 0.401986 0.40199 0.40199 0.40199 0.40199 0.40199 0.40199 0.40199 0.40199 0.40199 0.398313 0.40199 0.40199 0.40199 0.40199 0.40199 0.40199 0.40199 0.40199 0.40199 0.398 0.40199 0.40199 0.40199 0.40199 0.40199 0.40199 0.40199 0.40199 0.40199 0.398046 0.40199 0.40199 0.40199 0.40199 0.40199 0.40199 0.40199 0.40199 0.40199 0.398 0.40199 0.40199 0.40199 0.40199 0.40199 0.40199 0.40199 0.40199 0.40199 0.401687 0.40199 0.40199 0.40199 0.40199 0.40199 0.40199 0.40199 0.40199 0.40199 0.398 0.40199 0.40199 0.40199 0.40199 0.40199 0.40199 0.40199 0.40199 0.40199 0.400614 0.40199 0.40199 0.40199 0.40199 0.40199 0.40199 0.40199 0.40199 0.40199 0.39801 0.40199 0.40199 0.40199 0.40199 0.40199 0.40199 0.40199 0.40199 0.40199 0.401125 0.40199 0.40199 0.40199 0.40199 0.40199 0.40199 0.40199 0.40199 0.40199 0.398 0.40199 0.40199 0.40199 0.40199 0.40199 0.40199 0.40199 0.40199 0.40199 0.401917 0.40199 0.40199 0.40199 0.40199 0.40199 0.40199 0.40199 0.40199 0.40199 0.399821 0.40199 0.40199 0.40199 0.398017 0.40199 0.40199 0.398005 0.40199 0.40199 0.40199 0.40199 0.40199 0.40199 0.401262 0.40199 0.40199 0.398 0.40199 0.40199 0.40199 0.40199 0.40199 0.40199 0.400583 0.40199 0.40199 0.398 0.40199 0.40199 0.40199 0.40199 0.40199 0.40199 0.398005 0.40199 0.40199 0.398039 0.40199 0.40199 0.40199 0.40199 0.40199 0.40199 0.401938 0.40199 0.40199 0.398 0.40199 0.40199 0.40199 0.40199 0.40199 0.40199 0.401433 0.40199 0.40199 0.398005 0.40199 0.40199 0.40199 0.40199 0.40199 0.40199 0.398 0.40199 0.40199 0.398 0.40199 0.40199 0.40199 0.40199 0.40199 0.40199 0.39845 0.40199 0.40199 0.399958 0.40199 0.40199 0.40199 0.40199 0.40199 0.40199 0.398006 0.40199 0.40199 0.398098 0.40199 0.40199 0.40199 0.40199 0.40199 0.40199 0.398 0.40199 0.40199 0.401917 0.40199 0.40199 0.40199 0.40199 0.40199 0.40199 0.40199 0.40199 0.40199 0.40199 0.40199 0.40199 0.40199 0.40199 0.40199 0.40199 0.40199 0.40199 0.40199 0.40199 0.40199 0.40199 0.40199 0.40199 0.40199 0.40199 0.40199 0.40199 0.40199 0.40199 0.40199 0.40199 0.40199 0.40199 0.40199 0.40199 0.40199 0.40199 0.40199 0.40199 0.40199 0.40199 0.40199 0.40199 0.40199 0.40199 0.40199 0.40199 0.40199 0.40199 0.40199 0.40199 0.40199 0.40199 0.40199 0.40199 0.40199 0.40199 0.40199 0.40199 0.40199 0.40199 0.40199 0.40199 0.40199 0.40199 0.40199 0.40199 0.40199 0.40199 0.40199 0.40199 0.40199 0.40199 0.40199 0.40199 0.40199 0.40199 0.40199 0.40199 0.40199 0.40199 0.40199 0.40199 0.40199 0.40199 0.40199 0.40199 0.40199 0.40199 0.40199 0.40199 0.40199 0.40199 0.40199 0.40199 0.40199 0.40199 0.40199 0.40199 0.40199 0.40199 0.40199 0.40199 0.40199 0.40199 0.40199 0.40199 0.40199 0.40199 0.40199 0.40199 0.401008 0.40199 0.40199 0.40199 0.40199 0.40199 0.40199 0.40199 0.40199 0.40199 0.400656 0.40199 0.40199 0.40199 0.40199 0.40199 0.40199 0.40199 0.40199 0.40199 0.398 0.40199 0.40199 0.40199 0.40199 0.40199 0.40199 0.40199 0.40199 0.40199 0.401941 0.40199 0.40199 0.40199 0.40199 0.40199 0.40199 0.40199 0.40199 0.40199 0.398261 0.40199 0.40199 0.40199 0.40199 0.40199 0.40199 0.40199 0.40199 0.40199 0.398468 0.40199 0.40199 0.40199 0.40199 0.40199 0.40199 0.40199 0.40199 0.40199 0.401876 0.40199 0.40199 0.40199 0.40199 0.40199 0.40199 0.40199 0.40199 0.40199 0.398 0.40199 0.40199 0.40199 0.40199 0.40199 0.40199 0.40199 0.40199 0.40199 0.401938 0.40199 0.40199 0.40199 0.40199 0.40199 0.40199 0.40199 0.40199 0.40199 0.400947 0.40199 0.40199 0.40199 0.398379 0.40199 0.40199 0.401125 0.40199 0.40199 0.40199 0.40199 0.40199 0.40199 0.398 0.40199 0.40199 0.398025 0.40199 0.40199 0.40199 0.40199 0.40199 0.40199 0.398014 0.40199 0.40199 0.398 0.40199 0.40199 0.40199 0.40199 0.40199 0.40199 0.398 0.40199 0.40199 0.398804 0.40199 0.40199 0.40199 0.40199 0.40199 0.40199 0.401917 0.40199 0.40199 0.398 0.40199 0.40199 0.40199 0.40199 0.40199 0.40199 0.401804 0.40199 0.40199 0.398111 0.40199 0.40199 0.40199 0.40199 0.40199 0.40199 0.40178 0.40199 0.40199 0.399754 0.40199 0.40199 0.40199 0.40199 0.40199 0.40199 0.400231 0.40199 0.40199 0.401125 0.40199 0.40199 0.40199 0.40199 0.40199 0.40199 0.398 0.40199 0.40199 0.401667 0.40199 0.40199 0.40199 0.40199 0.40199 0.40199 0.398111 0.40199 0.40199 0.398 0.40199 0.40199 0.40199 0.40199 0.40199 0.40199 0.40199 0.40199 0.40199 0.40199 0.40199 0.40199 0.40199 0.40199 0.40199 0.40199 0.40199 0.40199 0.40199 0.40199 0.40199 0.40199 0.40199 0.40199 0.40199 0.40199 0.40199 0.40199 0.40199 0.40199 0.40199 0.40199 0.40199 0.40199 0.40199 0.40199 0.40199 0.40199 0.40199 0.40199 0.40199 0.40199 0.40199 0.40199 0.40199 0.40199 0.40199 0.40199 0.40199 0.40199 0.40199 0.40199 0.40199 0.40199 0.40199 0.40199 0.40199 0.40199 0.40199 0.40199 0.40199 0.40199 0.40199 0.40199 0.40199 0.40199 0.40199 0.40199 0.40199 0.40199 0.40199 0.40199 0.40199 0.40199 0.40199 0.40199 0.40199 0.40199 0.40199 0.40199 0.40199 0.40199 0.40199 0.40199 0.40199 0.40199 0.40199 0.40199 0.40199 0.40199 0.40199 0.40199 0.40199 0.40199 0.40199 0.40199 0.40199 0.40199 0.40199 0.40199 0.40199 0.40199 0.40199 0.40199 0.40199 0.40199 0.40199 0.40199 0.40199 0.40199 0.40199 0.40199 0.401954 0.40199 0.40199 0.40199 0.40199 0.40199 0.40199 0.40199 0.40199 0.40199 0.401008 0.40199 0.40199 0.40199 0.40199 0.40199 0.40199 0.40199 0.40199 0.40199 0.398025 0.40199 0.40199 0.40199 0.40199 0.40199 0.40199 0.40199 0.40199 0.40199 0.398031 0.40199 0.40199 0.40199 0.40199 0.40199 0.40199 0.40199 0.40199 0.40199 0.398 0.40199 0.40199 0.40199 0.40199 0.40199 0.40199 0.40199 0.40199 0.40199 0.39807 0.40199 0.40199 0.40199 0.40199 0.40199 0.40199 0.40199 0.40199 0.40199 0.401196 0.40199 0.40199 0.40199 0.40199 0.40199 0.40199 0.40199 0.40199 0.40199 0.400828 0.40199 0.40199 0.40199 0.40199 0.40199 0.40199 0.40199 0.40199 0.40199 0.398005 0.40199 0.40199 0.40199 0.40199 0.40199 0.40199 0.40199 0.40199 0.40199 0.398 0.40199 0.40199 0.40199 0.398 0.40199 0.40199 0.401507 0.40199 0.40199 0.40199 0.40199 0.40199 0.40199 0.398062 0.40199 0.40199 0.401982 0.40199 0.40199 0.40199 0.40199 0.40199 0.40199 0.398 0.40199 0.40199 0.400834 0.40199 0.40199 0.40199 0.40199 0.40199 0.40199 0.398 0.40199 0.40199 0.401961 0.40199 0.40199 0.40199 0.40199 0.40199 0.40199 0.398747 0.40199 0.40199 0.398009 0.40199 0.40199 0.40199 0.40199 0.40199 0.40199 0.401253 0.40199 0.40199 0.398 0.40199 0.40199 0.40199 0.40199 0.40199 0.40199 0.398001 0.40199 0.40199 0.398 0.40199 0.40199 0.40199 0.40199 0.40199 0.40199 0.398035 0.40199 0.40199 0.401954 0.40199 0.40199 0.40199 0.40199 0.40199 0.40199 0.398054 0.40199 0.40199 0.398 0.40199 0.40199 0.40199 0.40199 0.40199 0.40199 0.398 0.40199 0.40199 0.398 0.40199 0.40199 0.40199 0.40199 0.40199 0.40199 0.40199 0.40199 0.40199 0.40199 0.40199 0.40199 0.40199 0.40199 0.40199 0.40199 0.40199 0.40199 0.40199 0.40199 0.40199 0.40199 0.40199 0.40199 0.40199 0.40199 0.40199 0.40199 0.40199 0.40199 0.40199 0.40199 0.40199 0.40199 0.40199 0.40199 0.40199 0.40199 0.40199 0.40199 0.40199 0.40199 0.40199 0.40199 0.40199 0.40199 0.40199 0.40199 0.40199 0.40199 0.40199 0.40199 0.40199 0.40199 0.40199 0.40199 0.40199 0.40199 0.40199 0.40199 0.40199 0.40199 0.40199 0.40199 0.40199 0.40199 0.40199 0.40199 0.40199 0.40199 0.40199 0.40199 0.40199 0.40199 0.40199 0.40199 0.40199 0.40199 0.40199 0.40199 0.40199 0.40199 0.40199 0.40199 0.40199 0.40199 0.40199 0.40199 0.40199 0.40199 0.40199 0.40199 0.40199 0.40199 0.40199 0.40199 0.40199 0.40199 0.40199 0.40199 0.40199 0.40199 0.40199 0.40199 0.40199 0.40199 0.40199 0.40199 0.40199 0.40199 0.40199 0.40199 0.401196 0.40199 0.40199 0.40199 0.40199 0.40199 0.40199 0.40199 0.40199 0.40199 0.398875 0.40199 0.40199 0.40199 0.40199 0.40199 0.40199 0.40199 0.40199 0.40199 0.401975 0.40199 0.40199 0.40199 0.40199 0.40199 0.40199 0.40199 0.40199 0.40199 0.400368 0.40199 0.40199 0.40199 0.40199 0.40199 0.40199 0.40199 0.40199 0.40199 0.398 0.40199 0.40199 0.40199 0.40199 0.40199 0.40199 0.40199 0.40199 0.40199 0.398 0.40199 0.40199 0.40199 0.40199 0.40199 0.40199 0.40199 0.40199 0.40199 0.398005 0.40199 0.40199 0.40199 0.40199 0.40199 0.40199 0.40199 0.40199 0.40199 0.398 0.40199 0.40199 0.40199 0.40199 0.40199 0.40199 0.40199 0.40199 0.40199 0.398017 0.40199 0.40199 0.40199 0.40199 0.40199 0.40199 0.40199 0.40199 0.40199 0.401931 0.40199 0.40199 

</Matrix>
   <Matrix name="ratesHistory" type="complete" rows="3" columns="10000" multiplier="1.0">
   0 0 0 0 0 0 0 0 0 0 0 0 0 0 0 0 0 0 0 0 0 0 0 0 0 0 0 0 0 0 0 0 0 0 0 0 0 0 0 0 0 0 0 0 0 0 0 0 0 0 0 0 0 0 0 0 0 0 0 0 0 0 0 0 0 0 0 0 0 0 0 0 0 0 0 0 0 0 0 0 0 0 0 0 0 0 0 0 0 0 0 0 0 0 0 0 0 0 0 0 0 0 0 0 0 0 0 0 0 0 0 0 0 0 0 0 0 0 0 0 0 0 0 0 0 0 0 0 0 0 0 0 0 0 0 0 0 0 0 0 0 0 0 0 0 0 0 0 0 0 0 0 0 0 0 0 0 0 0 0 0 0 0 0 0 0 0 0 0 0 0 0 0 0 0 0 0 0 0 0 0 0 0 0 0 0 0 0 0 0 0 0 0 0 0 0 0 0 0 0 0 0 0 0 0 0 0 0 0 0 0 0 0 0 0 0 0 0 0 0 0 0 0 0 0 0 0 0 0 0 0 0 0 0 0 0 0 0 0 0 0 0 0 0 0 0 0 0 0 0 0 0 0 0 0 0 0 0 0 0 0 0 0 0 0 0 0 0 0 0 0 0 0 0 0 0 0 0 0 0 0 0 0 0 0 0 0 0 0 0 0 0 0 0 0 0 0 0 0 0 0 0 0 0 0 0 0 0 0 0 0 0 0 0 0 0 0 0 0 0 0 0 0 0 0 0 0 0 0 0 0 0 0 0 0 0 0 0 0 0 0 0 0 0 0 0 0 0 0 0 0 0 0 0 0 0 0 0 0 0 0 0 0 0 0 0 0 0 0 0 0 0 0 0 0 0 0 0 0 0 0 0 0 0 0 0 0 0 0 0 0 0 0 0 0 0 0 0 0 0 0 0 0 0 0 0 0 0 0 0 0 0 0 0 0 0 0 0 0 0 0 0 0 0 0 0 0 0 0 0 0 0 0 0 0 0 0 0 0 0 0 0 0 0 0 0 0 0 0 0 0 0 0 0 0 0 0 0 0 0 0 0 0 0 0 0 0 0 0 0 0 0 0 0 0 0 0 0 0 0 0 0 0 0 0 0 0 0 0 0 0 0 0 0 0 0 0 0 0 0 0 0 0 0 0 0 0 0 0 0 0 0 0 0 0 0 0 0 0 0 0 0 0 0 0 0 0 0 0 0 0 0 0 0 0 0 0 0 0 0 0 0 0 0 0 0 0 0 0 0 0 0 0 0 0 0 0 0 0 0 0 0 0 0 0 0 0 0 0 0 0 0 0 0 0 0 0 0 0 0 0 0 0 0 0 0 0 0 0 0 0 0 0 0 0 0 0 0 0 0 0 0 0 0 0 0 0 0 0 0 0 0 0 0 0 0 0 0 0 0 0 0 0 0 0 0 0 0 0 0 0 0 0 0 0 0 0 0 0 0 0 0 0 0 0 0 0 0 0 0 0 0 0 0 0 0 0 0 0 0 0 0 0 0 0 0 0 0 0 0 0 0 0 0 0 0 0 0 0 0 0 0 0 0 0 0 0 0 0 0 0 0 0 0 0 0 0 0 0 0 0 0 0 0 0 0 0 0 0 0 0 0 0 0 0 0 0 0 0 0 0 0 0 0 0 0 0 0 0 0 0 0 0 0 0 0 0 0 0 0 0 0 0 0 0 0 0 0 0 0 0 0 0 0 0 0 0 0 0 0 0 0 0 0 0 0 0 0 0 0 0 0 0 0 0 0 0 0 0 0 0 0 0 0 0 0 0 0 0 0 0 0 0 0 0 0 0 0 0 0 0 0 0 0 0 0 0 0 0 0 0 0 0 0 0 0 0 0 0 0 0 0 0 0 0 0 0 0 0 0 0 0 0 0 0 0 0 0 0 0 0 0 0 0 0 0 0 0 0 0 0 0 0 0 0 0 0 0 0 0 0 0 0 0 0 0 0 0 0 0 0 0 0 0 0 0 0 0 0 0 0 0 0 0 0 0 0 0 0 0 0 0 0 0 0 0 0 0 0 0 0 0 0 0 0 0 0 0 0 0 0 0 0 0 0 0 0 0 0 0 0 0 0 0 0 0 0 0 0 0 0 0 0 0 0 0 0 0 0 0 0 0 0 0 0 0 0 0 0 0 0 0 0 0 0 0 0 0 0 0 0 0 0 0 0 0 0 0 0 0 0 0 0 0 0 0 0 0 0 0 0 0 0 0 0 0 0 0 0 0 0 0 0 0 0 0 0 0 0 0 0 0 0 0 0 0 0 0 0 0 0 0 0 0 0 0 0 0 0 0 0 0 0 0 0 0 0 0 0 0 0 0 0 0 0 0 0 0 0 0 0 0 0 0 0 0 0 0 0 0 0 0 0 0 0 0 0 0 0 0 0 0 0 0 0 0 0 0 0 0 0 0 0 0 0 0 0 0 0 0 0 0 0 0 0 0 0 0 0 0 0 0 0 0 0 0 0 0 0 0 0 0 0 0 0 0 0 0 0 0 0 0 0 0 0 0 0 0 0 0 0 0 0 0 0 0 0 0 0 0 0 0 0 0 0 0 0 0 0 0 0 0 0 0 0 0 0 0 0 0 0 0 0 0 0 0 0 0 0 0 0 0 0 0 0 0 0 0 0 0 0 0 0 0 0 0 0 0 0 0 0 0 0 0 0 0 0 0 0 0 0 0 0 0 0 0 0 0 0 0 0 0 0 0 0 0 0 0 0 0 0 0 0 0 0 0 0 0 0 0 0 0 0 0 0 0 0 0 0 0 0 0 0 0 0 0 0 0 0 0 0 0 0 0 0 0 0 0 0 0 0 0 0 0 0 0 0 0 0 0 0 0 0 0 0 0 0 0 0 0 0 0 0 0 0 0 0 0 0 0 0 0 0 0 0 0 0 0 0 0 0 0 0 0 0 0 0 0 0 0 0 0 0 0 0 0 0 0 0 0 0 0 0 0 0 0 0 0 0 0 0 0 0 0 0 0 0 0 0 0 0 0 0 0 0 0 0 0 0 0 0 0 0 0 0 0 0 0 0 0 0 0 0 0 0 0 0 0 0 0 0 0 0 0 0 0 0 0 0 0 0 0 0 0 0 0 0 0 0 0 0 0 0 0 0 0 0 0 0 0 0 0 0 0 0 0 0 0 0 0 0 0 0 0 0 0 0 0 0 0 0 0 0 0 0 0 0 0 0 0 0 0 0 0 0 0 0 0 0 0 0 0 0 0 0 0 0 0 0 0 0 0 0 0 0 0 0 0 0 0 0 0 0 0 0 0 0 0 0 0 0 0 0 0 0 0 0 0 0 0 0 0 0 0 0 0 0 0 0 0 0 0 0 0 0 0 0 0 0 0 0 0 0 0 0 0 0 0 0 0 0 0 0 0 0 0 0 0 0 0 0 0 0 0 0 0 0 0 0 0 0 0 0 0 0 0 0 0 0 0 0 0 0 0 0 0 0 0 0 0 0 0 0 0 0 0 0 0 0 0 0 0 0 0 0 0 0 0 0 0 0 0 0 0 0 0 0 0 0 0 0 0 0 0 0 0 0 0 0 0 0 0 0 0 0 0 0 0 0 0 0 0 0 0 0 0 0 0 0 0 0 0 0 0 0 0 0 0 0 0 0 0 0 0 0 0 0 0 0 0 0 0 0 0 0 0 0 0 0 0 0 0 0 0 0 0 0 0 0 0 0 0 0 0 0 0 0 0 0 0 0 0 0 0 0 0 0 0 0 0 0 0 0 0 0 0 0 0 0 0 0 0 0 0 0 0 0 0 0 0 0 0 0 0 0 0 0 0 0 0 0 0 0 0 0 0 0 0 0 0 0 0 0 0 0 0 0 0 0 0 0 0 0 0 0 0 0 0 0 0 0 0 0 0 0 0 0 0 0 0 0 0 0 0 0 0 0 0 0 0 0 0 0 0 0 0 0 0 0 0 0 0 0 0 0 0 0 0 0 0 0 0 0 0 0 0 0 0 0 0 0 0 0 0 0 0 0 0 0 0 0 0 0 0 0 0 0 0 0 0 0 0 0 0 0 0 0 0 0 0 0 0 0 0 0 0 0 0 0 0 0 0 0 0 0 0 0 0 0 0 0 0 0 0 0 0 0 0 0 0 0 0 0 0 0 0 0 0 0 0 0 0 0 0 0 0 0 0 0 0 0 0 0 0 0 0 0 0 0 0 0 0 0 0 0 0 0 0 0 0 0 0 0 0 0 0 0 0 0 0 0 0 0 0 0 0 0 0 0 0 0 0 0 0 0 0 0 0 0 0 0 0 0 0 0 0 0 0 0 0 0 0 0 0 0 0 0 0 0 0 0 0 0 0 0 0 0 0 0 0 0 0 0 0 0 0 0 0 0 0 0 0 0 0 0 0 0 0 0 0 0 0 0 0 0 0 0 0 0 0 0 0 0 0 0 0 0 0 0 0 0 0 0 0 0 0 0 0 0 0 0 0 0 0 0 0 0 0 0 0 0 0 0 0 0 0 0 0 0 0 0 0 0 0 0 0 0 0 0 0 0 0 0 0 0 0 0 0 0 0 0 0 0 0 0 0 0 0 0 0 0 0 0 0 0 0 0 0 0 0 0 0 0 0 0 0 0 0 0 0 0 0 0 0 0 0 0 0 0 0 0 0 0 0 0 0 0 0 0 0 0 0 0 0 0 0 0 0 0 0 0 0 0 0 0 0 0 0 0 0 0 0 0 0 0 0 0 0 0 0 0 0 0 0 0 0 0 0 0 0 0 0 0 0 0 0 0 0 0 0 0 0 0 0 0 0 0 0 0 0 0 0 0 0 0 0 0 0 0 0 0 0 0 0 0 0 0 0 0 0 0 0 0 0 0 0 0 0 0 0 0 0 0 0 0 0 0 0 0 0 0 0 0 0 0 0 0 0 0 0 0 0 0 0 0 0 0 0 0 0 0 0 0 0 0 0 0 0 0 0 0 0 0 0 0 0 0 0 0 0 0 0 0 0 0 0 0 0 0 0 0 0 0 0 0 0 0 0 0 0 0 0 0 0 0 0 0 0 0 0 0 0 0 0 0 0 0 0 0 0 0 0 0 0 0 0 0 0 0 0 0 0 0 0 0 0 0 0 0 0 0 0 0 0 0 0 0 0 0 0 0 0 0 0 0 0 0 0 0 0 0 0 0 0 0 0 0 0 0 0 0 0 0 0 0 0 0 0 0 0 0 0 0 0 0 0 0 0 0 0 0 0 0 0 0 0 0 0 0 0 0 0 0 0 0 0 0 0 0 0 0 0 0 0 0 0 0 0 0 0 0 0 0 0 0 0 0 0 0 0 0 0 0 0 0 0 0 0 0 0 0 0 0 0 0 0 0 0 0 0 0 0 0 0 0 0 0 0 0 0 0 0 0 0 0 0 0 0 0 0 0 0 0 0 0 0 0 0 0 0 0 0 0 0 0 0 0 0 0 0 0 0 0 0 0 0 0 0 0 0 0 0 0 0 0 0 0 0 0 0 0 0 0 0 0 0 0 0 0 0 0 0 0 0 0 0 0 0 0 0 0 0 0 0 0 0 0 0 0 0 0 0 0 0 0 0 0 0 0 0 0 0 0 0 0 0 0 0 0 0 0 0 0 0 0 0 0 0 0 0 0 0 0 0 0 0 0 0 0 0 0 0 0 0 0 0 0 0 0 0 0 0 0 0 0 0 0 0 0 0 0 0 0 0 0 0 0 0 0 0 0 0 0 0 0 0 0 0 0 0 0 0 0 0 0 0 0 0 0 0 0 0 0 0 0 0 0 0 0 0 0 0 0 0 0 0 0 0 0 0 0 0 0 0 0 0 0 0 0 0 0 0 0 0 0 0 0 0 0 0 0 0 0 0 0 0 0 0 0 0 0 0 0 0 0 0 0 0 0 0 0 0 0 0 0 0 0 0 0 0 0 0 0 0 0 0 0 0 0 0 0 0 0 0 0 0 0 0 0 0 0 0 0 0 0 0 0 0 0 0 0 0 0 0 0 0 0 0 0 0 0 0 0 0 0 0 0 0 0 0 0 0 0 0 0 0 0 0 0 0 0 0 0 0 0 0 0 0 0 0 0 0 0 0 0 0 0 0 0 0 0 0 0 0 0 0 0 0 0 0 0 0 0 0 0 0 0 0 0 0 0 0 0 0 0 0 0 0 0 0 0 0 0 0 0 0 0 0 0 0 0 0 0 0 0 0 0 0 0 0 0 0 0 0 0 0 0 0 0 0 0 0 0 0 0 0 0 0 0 0 0 0 0 0 0 0 0 0 0 0 0 0 0 0 0 0 0 0 0 0 0 0 0 0 0 0 0 0 0 0 0 0 0 0 0 0 0 0 0 0 0 0 0 0 0 0 0 0 0 0 0 0 0 0 0 0 0 0 0 0 0 0 0 0 0 0 0 0 0 0 0 0 0 0 0 0 0 0 0 0 0 0 0 0 0 0 0 0 0 0 0 0 0 0 0 0 0 0 0 0 0 0 0 0 0 0 0 0 0 0 0 0 0 0 0 0 0 0 0 0 0 0 0 0 0 0 0 0 0 0 0 0 0 0 0 0 0 0 0 0 0 0 0 0 0 0 0 0 0 0 0 0 0 0 0 0 0 0 0 0 0 0 0 0 0 0 0 0 0 0 0 0 0 0 0 0 0 0 0 0 0 0 0 0 0 0 0 0 0 0 0 0 0 0 0 0 0 0 0 0 0 0 0 0 0 0 0 0 0 0 0 0 0 0 0 0 0 0 0 0 0 0 0 0 0 0 0 0 0 0 0 0 0 0 0 0 0 0 0 0 0 0 0 0 0 0 0 0 0 0 0 0 0 0 0 0 0 0 0 0 0 0 0 0 0 0 0 0 0 0 0 0 0 0 0 0 0 0 0 0 0 0 0 0 0 0 0 0 0 0 0 0 0 0 0 0 0 0 0 0 0 0 0 0 0 0 0 0 0 0 0 0 0 0 0 0 0 0 0 0 0 0 0 0 0 0 0 0 0 0 0 0 0 0 0 0 0 0 0 0 0 0 0 0 0 0 0 0 0 0 0 0 0 0 0 0 0 0 0 0 0 0 0 0 0 0 0 0 0 0 0 0 0 0 0 0 0 0 0 0 0 0 0 0 0 0 0 0 0 0 0 0 0 0 0 0 0 0 0 0 0 0 0 0 0 0 0 0 0 0 0 0 0 0 0 0 0 0 0 0 0 0 0 0 0 0 0 0 0 0 0 0 0 0 0 0 0 0 0 0 0 0 0 0 0 0 0 0 0 0 0 0 0 0 0 0 0 0 0 0 0 0 0 0 0 0 0 0 0 0 0 0 0 0 0 0 0 0 0 0 0 0 0 0 0 0 0 0 0 0 0 0 0 0 0 0 0 0 0 0 0 0 0 0 0 0 0 0 0 0 0 0 0 0 0 0 0 0 0 0 0 0 0 0 0 0 0 0 0 0 0 0 0 0 0 0 0 0 0 0 0 0 0 0 0 0 0 0 0 0 0 0 0 0 0 0 0 0 0 0 0 0 0 0 0 0 0 0 0 0 0 0 0 0 0 0 0 0 0 0 0 0 0 0 0 0 0 0 0 0 0 0 0 0 0 0 0 0 0 0 0 0 0 0 0 0 0 0 0 0 0 0 0 0 0 0 0 0 0 0 0 0 0 0 0 0 0 0 0 0 0 0 0 0 0 0 0 0 0 0 0 0 0 0 0 0 0 0 0 0 0 0 0 0 0 0 0 0 0 0 0 0 0 0 0 0 0 0 0 0 0 0 0 0 0 0 0 0 0 0 0 0 0 0 0 0 0 0 0 0 0 0 0 0 0 0 0 0 0 0 0 0 0 0 0 0 0 0 0 0 0 0 0 0 0 0 0 0 0 0 0 0 0 0 0 0 0 0 0 0 0 0 0 0 0 0 0 0 0 0 0 0 0 0 0 0 0 0 0 0 0 0 0 0 0 0 0 0 0 0 0 0 0 0 0 0 0 0 0 0 0 0 0 0 0 0 0 0 0 0 0 0 0 0 0 0 0 0 0 0 0 0 0 0 0 0 0 0 0 0 0 0 0 0 0 0 0 0 0 0 0 0 0 0 0 0 0 0 0 0 0 0 0 0 0 0 0 0 0 0 0 0 0 0 0 0 0 0 0 0 0 0 0 0 0 0 0 0 0 0 0 0 0 0 0 0 0 0 0 0 0 0 0 0 0 0 0 0 0 0 0 0 0 0 0 0 0 0 0 0 0 0 0 0 0 0 0 0 0 0 0 0 0 0 0 0 0 0 0 0 0 0 0 0 0 0 0 0 0 0 0 0 0 0 0 0 0 0 0 0 0 0 0 0 0 0 0 0 0 0 0 0 0 0 0 0 0 0 0 0 0 0 0 0 0 0 0 0 0 0 0 0 0 0 0 0 0 0 0 0 0 0 0 0 0 0 0 0 0 0 0 0 0 0 0 0 0 0 0 0 0 0 0 0 0 0 0 0 0 0 0 0 0 0 0 0 0 0 0 0 0 0 0 0 0 0 0 0 0 0 0 0 0 0 0 0 0 0 0 0 0 0 0 0 0 0 0 0 0 0 0 0 0 0 0 0 0 0 0 0 0 0 0 0 0 0 0 0 0 0 0 0 0 0 0 0 0 0 0 0 0 0 0 0 0 0 0 0 0 0 0 0 0 0 0 0 0 0 0 0 0 0 0 0 0 0 0 0 0 0 0 0 0 0 0 0 0 0 0 0 0 0 0 0 0 0 0 0 0 0 0 0 0 0 0 0 0 0 0 0 0 0 0 0 0 0 0 0 0 0 0 0 0 0 0 0 0 0 0 0 0 0 0 0 0 0 0 0 0 0 0 0 0 0 0 0 0 0 0 0 0 0 0 0 0 0 0 0 0 0 0 0 0 0 0 0 0 0 0 0 0 0 0 0 0 0 0 0 0 0 0 0 0 0 0 0 0 0 0 0 0 0 0 0 0 0 0 0 0 0 0 0 0 0 0 0 0 0 0 0 0 0 0 0 0 0 0 0 0 0 0 0 0 0 0 0 0 0 0 0 0 0 0 0 0 0 0 0 0 0 0 0 0 0 0 0 0 0 0 0 0 0 0 0 0 0 0 0 0 0 0 0 0 0 0 0 0 0 0 0 0 0 0 0 0 0 0 0 0 0 0 0 0 0 0 0 0 0 0 0 0 0 0 0 0 0 0 0 0 0 0 0 0 0 0 0 0 0 0 0 0 0 0 0 0 0 0 0 0 0 0 0 0 0 0 0 0 0 0 0 0 0 0 0 0 0 0 0 0 0 0 0 0 0 0 0 0 0 0 0 0 0 0 0 0 0 0 0 0 0 0 0 0 0 0 0 0 0 0 0 0 0 0 0 0 0 0 0 0 0 0 0 0 0 0 0 0 0 0 0 0 0 0 0 0 0 0 0 0 0 0 0 0 0 0 0 0 0 0 0 0 0 0 0 0 0 0 0 0 0 0 0 0 0 0 0 0 0 0 0 0 0 0 0 0 0 0 0 0 0 0 0 0 0 0 0 0 0 0 0 0 0 0 0 0 0 0 0 0 0 0 0 0 0 0 0 0 0 0 0 0 0 0 0 0 0 0 0 0 0 0 0 0 0 0 0 0 0 0 0 0 0 0 0 0 0 0 0 0 0 0 0 0 0 0 0 0 0 0 0 0 0 0 0 0 0 0 0 0 0 0 0 0 0 0 0 0 0 0 0 0 0 0 0 0 0 0 0 0 0 0 0 0 0 0 0 0 0 0 0 0 0 0 0 0 0 0 0 0 0 0 0 0 0 0 0 0 0 0 0 0 0 0 0 0 0 0 0 0 0 0 0 0 0 0 0 0 0 0 0 0 0 0 0 0 0 0 0 0 0 0 0 0 0 0 0 0 0 0 0 0 0 0 0 0 0 0 0 0 0 0 0 0 0 0 0 0 0 0 0 0 0 0 0 0 0 0 0 0 0 0 0 0 0 0 0 0 0 0 0 0 0 0 0 0 0 0 0 0 0 0 0 0 0 0 0 0 0 0 0 0 0 0 0 0 0 0 0 0 0 0 0 0 0 0 0 0 0 0 0 0 0 0 0 0 0 0 0 0 0 0 0 0 0 0 0 0 0 0 0 0 0 0 0 0 0 0 0 0 0 0 0 0 0 0 0 0 0 0 0 0 0 0 0 0 0 0 0 0 0 0 0 0 0 0 0 0 0 0 0 0 0 0 0 0 0 0 0 0 0 0 0 0 0 0 0 0 0 0 0 0 0 0 0 0 0 0 0 0 0 0 0 0 0 0 0 0 0 0 0 0 0 0 0 0 0 0 0 0 0 0 0 0 0 0 0 0 0 0 0 0 0 0 0 0 0 0 0 0 0 0 0 0 0 0 0 0 0 0 0 0 0 0 0 0 0 0 0 0 0 0 0 0 0 0 0 0 0 0 0 0 0 0 0 0 0 0 0 0 0 0 0 0 0 0 0 0 0 0 0 0 0 0 0 0 0 0 0 0 0 0 0 0 0 0 0 0 0 0 0 0 0 0 0 0 0 0 0 0 0 0 0 0 0 0 0 0 0 0 0 0 0 0 0 0 0 0 0 0 0 0 0 0 0 0 0 0 0 0 0 0 0 0 0 0 0 0 0 0 0 0 0 0 0 0 0 0 0 0 0 0 0 0 0 0 0 0 0 0 0 0 0 0 0 0 0 0 0 0 0 0 0 0 0 0 0 0 0 0 0 0 0 0 0 0 0 0 0 0 0 0 0 0 0 0 0 0 0 0 0 0 0 0 0 0 0 0 0 0 0 0 0 0 0 0 0 0 0 0 0 0 0 0 0 0 0 0 0 0 0 0 0 0 0 0 0 0 0 0 0 0 0 0 0 0 0 0 0 0 0 0 0 0 0 0 0 0 0 0 0 0 0 0 0 0 0 0 0 0 0 0 0 0 0 0 0 0 0 0 0 0 0 0 0 0 0 0 0 0 0 0 0 0 0 0 0 0 0 0 0 0 0 0 0 0 0 0 0 0 0 0 0 0 0 0 0 0 0 0 0 0 0 0 0 0 0 0 0 0 0 0 0 0 0 0 0 0 0 0 0 0 0 0 0 0 0 0 0 0 0 0 0 0 0 0 0 0 0 0 0 0 0 0 0 0 0 0 0 0 0 0 0 0 0 0 0 0 0 0 0 0 0 0 0 0 0 0 0 0 0 0 0 0 0 0 0 0 0 0 0 0 0 0 0 0 0 0 0 0 0 0 0 0 0 0 0 0 0 0 0 0 0 0 0 0 0 0 0 0 0 0 0 0 0 0 0 0 0 0 0 0 0 0 0 0 0 0 0 0 0 0 0 0 0 0 0 0 0 0 0 0 0 0 0 0 0 0 0 0 0 0 0 0 0 0 0 0 0 0 0 0 0 0 0 0 0 0 0 0 0 0 0 0 0 0 0 0 0 0 0 0 0 0 0 0 0 0 0 0 0 0 0 0 0 0 0 0 0 0 0 0 0 0 0 0 0 0 0 0 0 0 0 0 0 0 0 0 0 0 0 0 0 0 0 0 0 0 0 0 0 0 0 0 0 0 0 0 0 0 0 0 0 0 0 0 0 0 0 0 0 0 0 0 0 0 0 0 0 0 0 0 0 0 0 0 0 0 0 0 0 0 0 0 0 0 0 0 0 0 0 0 0 0 0 0 0 0 0 0 0 0 0 0 0 0 0 0 0 0 0 0 0 0 0 0 0 0 0 0 0 0 0 0 0 0 0 0 0 0 0 0 0 0 0 0 0 0 0 0 0 0 0 0 0 0 0 0 0 0 0 0 0 0 0 0 0 0 0 0 0 0 0 0 0 0 0 0 0 0 0 0 0 0 0 0 0 0 0 0 0 0 0 0 0 0 0 0 0 0 0 0 0 0 0 0 0 0 0 0 0 0 0 0 0 0 0 0 0 0 0 0 0 0 0 0 0 0 0 0 0 0 0 0 0 0 0 0 0 0 0 0 0 0 0 0 0 0 0 0 0 0 0 0 0 0 0 0 0 0 0 0 0 0 0 0 0 0 0 0 0 0 0 0 0 0 0 0 0 0 0 0 0 0 0 0 0 0 0 0 0 0 0 0 0 0 0 0 0 0 0 0 0 0 0 0 0 0 0 0 0 0 0 0 0 0 0 0 0 0 0 0 0 0 0 0 0 0 0 0 0 0 0 0 0 0 0 0 0 0 0 0 0 0 0 0 0 0 0 0 0 0 0 0 0 0 0 0 0 0 0 0 0 0 0 0 0 0 0 0 0 0 0 0 0 0 0 0 0 0 0 0 0 0 0 0 0 0 0 0 0 0 0 0 0 0 0 0 0 0 0 0 0 0 0 0 0 0 0 0 0 0 0 0 0 0 0 0 0 0 0 0 0 0 0 0 0 0 0 0 0 0 0 0 0 0 0 0 0 0 0 0 0 0 0 0 0 0 0 0 0 0 0 0 0 0 0 0 0 0 0 0 0 0 0 0 0 0 0 0 0 0 0 0 0 0 0 0 0 0 0 0 0 0 0 0 0 0 0 0 0 0 0 0 0 0 0 0 0 0 0 0 0 0 0 0 0 0 0 0 0 0 0 0 0 0 0 0 0 0 0 0 0 0 0 0 0 0 0 0 0 0 0 0 0 0 0 0 0 0 0 0 0 0 0 0 0 0 0 0 0 0 0 0 0 0 0 0 0 0 0 0 0 0 0 0 0 0 0 0 0 0 0 0 0 0 0 0 0 0 0 0 0 0 0 0 0 0 0 0 0 0 0 0 0 0 0 0 0 0 0 0 0 0 0 0 0 0 0 0 0 0 0 0 0 0 0 0 0 0 0 0 0 0 0 0 0 0 0 0 0 0 0 0 0 0 0 0 0 0 0 0 0 0 0 0 0 0 0 0 0 0 0 0 0 0 0 0 0 0 0 0 0 0 0 0 0 0 0 0 0 0 0 0 0 0 0 0 0 0 0 0 0 0 0 0 0 0 0 0 0 0 0 0 0 0 0 0 0 0 0 0 0 0 0 0 0 0 0 0 0 0 0 0 0 0 0 0 0 0 0 0 0 0 0 0 0 0 0 0 0 0 0 0 0 0 0 0 0 0 0 0 0 0 0 0 0 0 0 0 0 0 0 0 0 0 0 0 0 0 0 0 0 0 0 0 0 0 0 0 0 0 0 0 0 0 0 0 0 0 0 0 0 0 0 0 0 0 0 0 0 0 0 0 0 0 0 0 0 0 0 0 0 0 0 0 0 0 0 0 0 0 0 0 0 0 0 0 0 0 0 0 0 0 0 0 0 0 0 0 0 0 0 0 0 0 0 0 0 0 0 0 0 0 0 0 0 0 0 0 0 0 0 0 0 0 0 0 0 0 0 0 0 0 0 0 0 0 0 0 0 0 0 0 0 0 0 0 0 0 0 0 0 0 0 0 0 0 0 0 0 0 0 0 0 0 0 0 0 0 0 0 0 0 0 0 0 0 0 0 0 0 0 0 0 0 0 0 0 0 0 0 0 0 0 0 0 0 0 0 0 0 0 0 0 0 0 0 0 0 0 0 0 0 0 0 0 0 0 0 0 0 0 0 0 0 0 0 0 0 0 0 0 0 0 0 0 0 0 0 0 0 0 0 0 0 0 0 0 0 0 0 0 0 0 0 0 0 0 0 0 0 0 0 0 0 0 0 0 0 0 0 0 0 0 0 0 0 0 0 0 0 0 0 0 0 0 0 0 0 0 0 0 0 0 0 0 0 0 0 0 0 0 0 0 0 0 0 0 0 0 0 0 0 0 0 0 0 0 0 0 0 0 0 0 0 0 0 0 0 0 0 0 0 0 0 0 0 0 0 0 0 0 0 0 0 0 0 0 0 0 0 0 0 0 0 0 0 0 0 0 0 0 0 0 0 0 0 0 0 0 0 0 0 0 0 0 0 0 0 0 0 0 0 0 0 0 0 0 0 0 0 0 0 0 0 0 0 0 0 0 0 0 0 0 0 0 0 0 0 0 0 0 0 0 0 0 0 0 0 0 0 0 0 0 0 0 0 0 0 0 0 0 0 0 0 0 0 0 0 0 0 0 0 0 0 0 0 0 0 0 0 0 0 0 0 0 0 0 0 0 0 0 0 0 0 0 0 0 0 0 0 0 0 0 0 0 0 0 0 0 0 0 0 0 0 0 0 0 0 0 0 0 0 0 0 0 0 0 0 0 0 0 0 0 0 0 0 0 0 0 0 0 0 0 0 0 0 0 0 0 0 0 0 0 0 0 0 0 0 0 0 0 0 0 0 0 0 0 0 0 0 0 0 0 0 0 0 0 0 0 0 0 0 0 0 0 0 0 0 0 0 0 0 0 0 0 0 0 0 0 0 0 0 0 0 0 0 0 0 0 0 0 0 0 0 0 0 0 0 0 0 0 0 0 0 0 0 0 0 0 0 0 0 0 0 0 0 0 0 0 0 0 0 0 0 0 0 0 0 0 0 0 0 0 0 0 0 0 0 0 0 0 0 0 0 0 0 0 0 0 0 0 0 0 0 0 0 0 0 0 0 0 0 0 0 0 0 0 0 0 0 0 0 0 0 0 0 0 0 0 0 0 0 0 0 0 0 0 0 0 0 0 0 0 0 0 0 0 0 0 0 0 0 0 0 0 0 0 0 0 0 0 0 0 0 0 0 0 0 0 0 0 0 0 0 0 0 0 0 0 0 0 0 0 0 0 0 0 0 0 0 0 0 0 0 0 0 0 0 0 0 0 0 0 0 0 0 0 0 0 0 0 0 0 0 0 0 0 0 0 0 0 0 0 0 0 0 0 0 0 0 0 0 0 0 0 0 0 0 0 0 0 0 0 0 0 0 0 0 0 0 0 0 0 0 0 0 0 0 0 0 0 0 0 0 0 0 0 0 0 0 0 0 0 0 0 0 0 0 0 0 0 0 0 0 0 0 0 0 0 0 0 0 0 0 0 0 0 0 0 0 0 0 0 0 0 0 0 0 0 0 0 0 0 0 0 0 0 0 0 0 0 0 0 0 0 0 0 0 0 0 0 0 0 0 0 0 0 0 0 0 0 0 0 0 0 0 0 0 0 0 0 0 0 0 0 0 0 0 0 0 0 0 0 0 0 0 0 0 0 0 0 0 0 0 0 0 0 0 0 0 0 0 0 0 0 0 0 0 0 0 0 0 0 0 0 0 0 0 0 0 0 0 0 0 0 0 0 0 0 0 0 0 0 0 0 0 0 0 0 0 0 0 0 0 0 0 0 0 0 0 0 0 0 0 0 0 0 0 0 0 0 0 0 0 0 0 0 0 0 0 0 0 0 0 0 0 0 0 0 0 0 0 0 0 0 0 0 0 0 0 0 0 0 0 0 0 0 0 0 0 0 0 0 0 0 0 0 0 0 0 0 0 0 0 0 0 0 0 0 0 0 0 0 0 0 0 0 0 0 0 0 0 0 0 0 0 0 0 0 0 0 0 0 0 0 0 0 0 0 0 0 0 0 0 0 0 0 0 0 0 0 0 0 0 0 0 0 0 0 0 0 0 0 0 0 0 0 0 0 0 0 0 0 0 0 0 0 0 0 0 0 0 0 0 0 0 0 0 0 0 0 0 0 0 0 0 0 0 0 0 0 0 0 0 0 0 0 0 0 0 0 0 0 0 0 0 0 0 0 0 0 0 0 0 0 0 0 0 0 0 0 0 0 0 0 0 0 0 0 0 0 0 0 0 0 0 0 0 0 0 0 0 0 0 0 0 0 0 0 0 0 0 0 0 0 0 0 0 0 0 0 0 0 0 0 0 0 0 0 0 0 0 0 0 0 0 0 0 0 0 0 0 0 0 0 0 0 0 0 0 0 0 0 0 0 0 0 0 0 0 0 0 0 0 0 0 0 0 0 0 0 0 0 0 0 0 0 0 0 0 0 0 0 0 0 0 0 0 0 0 0 0 0 0 0 0 0 0 0 0 0 0 0 0 0 0 0 0 0 0 0 0 0 0 0 0 0 0 0 0 0 0 0 0 0 0 0 0 0 0 0 0 0 0 0 0 0 0 0 0 0 0 0 0 0 0 0 0 0 0 0 0 0 0 0 0 0 0 0 0 0 0 0 0 0 0 0 0 0 0 0 0 0 0 0 0 0 0 0 0 0 0 0 0 0 0 0 0 0 0 0 0 0 0 0 0 0 0 0 0 0 0 0 0 0 0 0 0 0 0 0 0 0 0 0 0 0 0 0 0 0 0 0 0 0 0 0 0 0 0 0 0 0 0 0 0 0 0 0 0 0 0 0 0 0 0 0 0 0 0 0 0 0 0 0 0 0 0 0 0 0 0 0 0 0 0 0 0 0 0 0 0 0 0 0 0 0 0 0 0 0 0 0 0 0 0 0 0 0 0 0 0 0 0 0 0 0 0 0 0 0 0 0 0 0 0 0 0 0 0 0 0 0 0 0 0 0 0 0 0 0 0 0 0 0 0 0 0 0 0 0 0 0 0 0 0 0 0 0 0 0 0 0 0 0 0 0 0 0 0 0 0 0 0 0 0 0 0 0 0 0 0 0 0 0 0 0 0 0 0 0 0 0 0 0 0 0 0 0 0 0 0 0 0 0 0 0 0 0 0 0 0 0 0 0 0 0 0 0 0 0 0 0 0 0 0 0 0 0 0 0 0 0 0 0 0 0 0 0 0 0 0 0 0 0 0 0 0 0 0 0 0 0 0 0 0 0 0 0 0 0 0 0 0 0 0 0 0 0 0 0 0 0 0 0 0 0 0 0 0 0 0 0 0 0 0 0 0 0 0 0 0 0 0 0 0 0 0 0 0 0 0 0 0 0 0 0 0 0 0 0 0 0 0 0 0 0 0 0 0 0 0 0 0 0 0 0 0 0 0 0 0 0 0 0 0 0 0 0 0 0 0 0 0 0 0 0 0 0 0 0 0 0 0 0 0 0 0 0 0 0 0 0 0 0 0 0 0 0 0 0 0 0 0 0 0 0 0 0 0 0 0 0 0 0 0 0 0 0 0 0 0 0 0 0 0 0 0 0 0 0 0 0 0 0 0 0 0 0 0 0 0 0 0 0 0 0 0 0 0 0 0 0 0 0 0 0 0 0 0 0 0 0 0 0 0 0 0 0 0 0 0 0 0 0 0 0 0 0 0 0 0 0 0 0 0 0 0 0 0 0 0 0 0 0 0 0 0 0 0 0 0 0 0 0 0 0 0 0 0 0 0 0 0 0 0 0 0 0 0 0 0 0 0 0 0 0 0 0 0 0 0 0 0 0 0 0 0 0 0 0 0 0 0 0 0 0 0 0 0 0 0 0 0 0 0 0 0 0 0 0 0 0 0 0 0 0 0 0 0 0 0 0 0 0 0 0 0 0 0 0 0 0 0 0 0 0 0 0 0 0 0 0 0 0 0 0 0 0 0 0 0 0 0 0 0 0 0 0 0 0 0 0 0 0 0 0 0 0 0 0 0 0 0 0 0 0 0 0 0 0 0 0 0 0 0 0 0 0 0 0 0 0 0 0 0 0 0 0 0 0 0 0 0 0 0 0 0 0 0 0 0 0 0 0 0 0 0 0 0 0 0 0 0 0 0 0 0 0 0 0 0 0 0 0 0 0 0 0 0 0 0 0 0 0 0 0 0 0 0 0 0 0 0 0 0 0 0 0 0 0 0 0 0 0 0 0 0 0 0 0 0 0 0 0 0 0 0 0 0 0 0 0 0 0 0 0 0 0 0 0 0 0 0 0 0 0 0 0 0 0 0 0 0 0 0 0 0 0 0 0 0 0 0 0 0 0 0 0 0 0 0 0 0 0 0 0 0 0 0 0 0 0 0 0 0 0 0 0 0 0 0 0 0 0 0 0 0 0 0 0 0 0 0 0 0 0 0 0 0 0 0 0 0 0 0 0 0 0 0 0 0 0 0 0 0 0 0 0 0 0 0 0 0 0 0 0 0 0 0 0 0 0 0 0 0 0 0 0 0 0 0 0 0 0 0 0 0 0 0 0 0 0 0 0 0 0 0 0 0 0 0 0 0 0 0 0 0 0 0 0 0 0 0 0 0 0 0 0 0 0 0 0 0 0 0 0 0 0 0 0 0 0 0 0 0 0 0 0 0 0 0 0 0 0 0 0 0 0 0 0 0 0 0 0 0 0 0 0 0 0 0 0 0 0 0 0 0 0 0 0 0 0 0 0 0 0 0 0 0 0 0 0 0 0 0 0 0 0 0 0 0 0 0 0 0 0 0 0 0 0 0 0 0 0 0 0 0 0 0 0 0 0 0 0 0 0 0 0 0 0 0 0 0 0 0 0 0 0 0 0 0 0 0 0 0 0 0 0 0 0 0 0 0 0 0 0 0 0 0 0 0 0 0 0 0 0 0 0 0 0 0 0 0 0 0 0 0 0 0 0 0 0 0 0 0 0 0 0 0 0 0 0 0 0 0 0 0 0 0 0 0 0 0 0 0 0 0 0 0 0 0 0 0 0 0 0 0 0 0 0 0 0 0 0 0 0 0 0 0 0 0 0 0 0 0 0 0 0 0 0 0 0 0 0 0 0 0 0 0 0 0 0 0 0 0 0 0 0 0 0 0 0 0 0 0 0 0 0 0 0 0 0 0 0 0 0 0 0 0 0 0 0 0 0 0 0 0 0 0 0 0 0 0 0 0 0 0 0 0 0 0 0 0 0 0 0 0 0 0 0 0 0 0 0 0 0 0 0 0 0 0 0 0 0 0 0 0 0 0 0 0 0 0 0 0 0 0 0 0 0 0 0 0 0 0 0 0 0 0 0 0 0 0 0 0 0 0 0 0 0 0 0 0 0 0 0 0 0 0 0 0 0 0 0 0 0 0 0 0 0 0 0 0 0 0 0 0 0 0 0 0 0 0 0 0 0 0 0 0 0 0 0 0 0 0 0 0 0 0 0 0 0 0 0 0 0 0 0 0 0 0 0 0 0 0 0 0 0 0 0 0 0 0 0 0 0 0 0 0 0 0 0 0 0 0 0 0 0 0 0 0 0 0 0 0 0 0 0 0 0 0 0 0 0 0 0 0 0 0 0 0 0 0 0 0 0 0 0 0 0 0 0 0 0 0 0 0 0 0 0 0 0 0 0 0 0 0 0 0 0 0 0 0 0 0 0 0 0 0 0 0 0 0 0 0 0 0 0 0 0 0 0 0 0 0 0 0 0 0 0 0 0 0 0 0 0 0 0 0 0 0 0 0 0 0 0 0 0 0 0 0 0 0 0 0 0 0 0 0 0 0 0 0 0 0 0 0 0 0 0 0 0 0 0 0 0 0 0 0 0 0 0 0 0 0 0 0 0 0 0 0 0 0 0 0 0 0 0 0 0 0 0 0 0 0 0 0 0 0 0 0 0 0 0 0 0 0 0 0 0 0 0 0 0 0 0 0 0 0 0 0 0 0 0 0 0 0 0 0 0 0 0 0 0 0 0 0 0 0 0 0 0 0 0 0 0 0 0 0 0 0 0 0 0 0 0 0 0 0 0 0 0 0 0 0 0 0 0 0 0 0 0 0 0 0 0 0 0 0 0 0 0 0 0 0 0 0 0 0 0 0 0 0 0 0 0 0 0 0 0 0 0 0 0 0 0 0 0 0 0 0 0 0 0 0 0 0 0 0 0 0 0 0 0 0 0 0 0 0 0 0 0 0 0 0 0 0 0 0 0 0 0 0 0 0 0 0 0 0 0 0 0 0 0 0 0 0 0 0 0 0 0 0 0 0 0 0 0 0 0 0 0 0 0 0 0 0 0 0 0 0 0 0 0 0 0 0 0 0 0 0 0 0 0 0 0 0 0 0 0 0 0 0 0 0 0 0 0 0 0 0 0 0 0 0 0 0 0 0 0 0 0 0 0 0 0 0 0 0 0 0 0 0 0 0 0 0 0 0 0 0 0 0 0 0 0 0 0 0 0 0 0 0 0 0 0 0 0 0 0 0 0 0 0 0 0 0 0 0 0 0 0 0 0 0 0 0 0 0 0 0 0 0 0 0 0 0 0 0 0 0 0 0 0 0 0 0 0 0 0 0 0 0 0 0 0 0 0 0 0 0 0 0 0 0 0 0 0 0 0 0 0 0 0 0 0 0 0 0 0 0 0 0 0 0 0 0 0 0 0 0 0 0 0 0 0 0 0 0 0 0 0 0 0 0 0 0 0 0 0 0 0 0 0 0 0 0 0 0 0 0 0 0 0 0 0 0 0 0 0 0 0 0 0 0 0 0 0 0 0 0 0 0 0 0 0 0 0 0 0 0 0 0 0 0 0 0 0 0 0 0 0 0 0 0 0 0 0 0 0 0 0 0 0 0 0 0 0 0 0 0 0 0 0 0 0 0 0 0 0 0 0 0 0 0 0 0 0 0 0 0 0 0 0 0 0 0 0 0 0 0 0 0 0 0 0 0 0 0 0 0 0 0 0 0 0 0 0 0 0 0 0 0 0 0 0 0 0 0 0 0 0 0 0 0 0 0 0 0 0 0 0 0 0 0 0 0 0 0 0 0 0 0 0 0 0 0 0 0 0 0 0 0 0 0 0 0 0 0 0 0 0 0 0 0 0 0 0 0 0 0 0 0 0 0 0 0 0 0 0 0 0 0 0 0 0 0 0 0 0 0 0 0 0 0 0 0 0 0 0 0 0 0 0 0 0 0 0 0 0 0 0 0 0 0 0 0 0 0 0 0 0 0 0 0 0 0 0 0 0 0 0 0 0 0 0 0 0 0 0 0 0 0 0 0 0 0 0 0 0 0 0 0 0 0 0 0 0 0 0 0 0 0 0 0 0 0 0 0 0 0 0 0 0 0 0 0 0 0 0 0 0 0 0 0 0 0 0 0 0 0 0 0 0 0 0 0 0 0 0 0 0 0 0 0 0 0 0 0 0 0 0 0 0 0 0 0 0 0 0 0 0 0 0 0 0 0 0 0 0 0 0 0 0 0 0 0 0 0 0 0 0 0 0 0 0 0 0 0 0 0 0 0 0 0 0 0 0 0 0 0 0 0 0 0 0 0 0 0 0 0 0 0 0 0 0 0 0 0 0 0 0 0 0 0 0 0 0 0 0 0 0 0 0 0 0 0 0 0 0 0 0 0 0 0 0 0 0 0 0 0 0 0 0 0 0 0 0 0 0 0 0 0 0 0 0 0 0 0 0 0 0 0 0 0 0 0 0 0 0 0 0 0 0 0 0 0 0 0 0 0 0 0 0 0 0 0 0 0 0 0 0 0 0 0 0 0 0 0 0 0 0 0 0 0 0 0 0 0 0 0 0 0 0 0 0 0 0 0 0 0 0 0 0 0 0 0 0 0 0 0 0 0 0 0 0 0 0 0 0 0 0 0 0 0 0 0 0 0 0 0 0 0 0 0 0 0 0 0 0 0 0 0 0 0 0 0 0 0 0 0 0 0 0 0 0 0 0 0 0 0 0 0 0 0 0 0 0 0 0 0 0 0 0 0 0 0 0 0 0 0 0 0 0 0 0 0 0 0 0 0 0 0 0 0 0 0 0 0 0 0 0 0 0 0 0 0 0 0 0 0 0 0 0 0 0 0 0 0 0 0 0 0 0 0 0 0 0 0 0 0 0 0 0 0 0 0 0 0 0 0 0 0 0 0 0 0 0 0 0 0 0 0 0 0 0 0 0 0 0 0 0 0 0 0 0 0 0 0 0 0 0 0 0 0 0 0 0 0 0 0 0 0 0 0 0 0 0 0 0 0 0 0 0 0 0 0 0 0 0 0 0 0 0 0 0 0 0 0 0 0 0 0 0 0 0 0 0 0 0 0 0 0 0 0 0 0 0 0 0 0 0 0 0 0 0 0 0 0 0 0 0 0 0 0 0 0 0 0 0 0 0 0 0 0 0 0 0 0 0 0 0 0 0 0 0 0 0 0 0 0 0 0 0 0 0 0 0 0 0 0 0 0 0 0 0 0 0 0 0 0 0 0 0 0 0 0 0 0 0 0 0 0 0 0 0 0 0 0 0 0 0 0 0 0 0 0 0 0 0 0 0 0 0 0 0 0 0 0 0 0 0 0 0 0 0 0 0 0 0 0 0 0 0 0 0 0 0 0 0 0 0 0 0 0 0 0 0 0 0 0 0 0 0 0 0 0 0 0 0 0 0 0 0 0 0 0 0 0 0 0 0 0 0 0 0 0 0 0 0 0 0 0 0 0 0 0 0 0 0 0 0 0 0 0 0 0 0 0 0 0 0 0 0 0 0 0 0 0 0 0 0 0 0 0 0 0 0 0 0 0 0 0 0 0 0 0 0 0 0 0 0 0 0 0 0 0 0 0 0 0 0 0 0 0 0 0 0 0 0 0 0 0 0 0 0 0 0 0 0 0 0 0 0 0 0 0 0 0 0 0 0 0 0 0 0 0 0 0 0 0 0 0 0 0 0 0 0 0 0 0 0 0 0 0 0 0 0 0 0 0 0 0 0 0 0 0 0 
0 0 0 0 0 0 0 0.6 0 0 0 0 0 0 0 0 0 5.7 0 0 0 0 0 0 0 0 0 3.2 0 0 0 0 0 0 0 0 0 0 0 0 0 0 0 0 0 0 0 1.3 0 0 0 0 0 0 0 0 0 2.8 0 0 0 0 0 0 0 0 0 2.7 0 0 0 0 0 0 0 0 0 0.2 0 0 0 0 0 0 0 0 0 0.8 0 0 0 0 0 0 0 0 0 2.2 0 0 0 0.9 0 0 4.7 0 0 0 0 0 0 1 0 0 1.7 0 0 0 0 0 0 2 0 0 2.1 0 0 0 0 0 0 0.4 0 0 3.8 0 0 0 0 0 0 0.5 0 0 1.4 0 0 0 0 0 0 0.2 0 0 2.7 0 0 0 0 0 0 1.5 0 0 2.4 0 0 0 0 0 0 1.9 0 0 3.5 0 0 0 0 0 0 0 0 0 0.4 0 0 0 0 0 0 3.8 0 0 3.3 0 0 0 0 0 0 0 0 0 0 0 0 0 0 0 0 0 0 0 0 0 0 0 0 0 0 0 0 0 0 0 0 0 0 0 0 0 0 0 0 0 0 0 0 0 0 0 0 0 0 0 0 0 0 0 0 0 0 0 0 0 0 0 0 0 0 0 0 0 0 0 0 0 0 0 0 0 0 0 0 0 0 0 0 0 0 0 0 0 0 0 0 0 0 0 0 0 0 0 0 0 0 0 0 0 0 0 0 0 0 0 0 3.9 0 0 0 0 0 0 0 0 0 1 0 0 0 0 0 0 0 0 0 3.2 0 0 0 0 0 0 0 0 0 3.6 0 0 0 0 0 0 0 0 0 0.2 0 0 0 0 0 0 0 0 0 1.2 0 0 0 0 0 0 0 0 0 4.1 0 0 0 0 0 0 0 0 0 1.2 0 0 0 0 0 0 0 0 0 0.1 0 0 0 0 0 0 0 0 0 0.1 0 0 0 1.1 0 0 0.6 0 0 0 0 0 0 3.5 0 0 1.9 0 0 0 0 0 0 1.7 0 0 1.1 0 0 0 0 0 0 2.2 0 0 0.6 0 0 0 0 0 0 3.8 0 0 0.8 0 0 0 0 0 0 0.1 0 0 0.4 0 0 0 0 0 0 4.2 0 0 1.7 0 0 0 0 0 0 4.6 0 0 3.8 0 0 0 0 0 0 1.4 0 0 0.9 0 0 0 0 0 0 2.7 0 0 2.4 0 0 0 0 0 0 0 0 0 0 0 0 0 0 0 0 0 0 0 0 0 0 0 0 0 0 0 0 0 0 0 0 0 0 0 0 0 0 0 0 0 0 0 0 0 0 0 0 0 0 0 0 0 0 0 0 0 0 0 0 0 0 0 0 0 0 0 0 0 0 0 0 0 0 0 0 0 0 0 0 0 0 0 0 0 0 0 0 0 0 0 0 0 0 0 0 0 0 0 0 0 0 0 0 0 0 0 0 0 0 0 0 2.1 0 0 0 0 0 0 0 0 0 4.6 0 0 0 0 0 0 0 0 0 4.8 0 0 0 0 0 0 0 0 0 1.9 0 0 0 0 0 0 0 0 0 0.7 0 0 0 0 0 0 0 0 0 0.1 0 0 0 0 0 0 0 0 0 2.3 0 0 0 0 0 0 0 0 0 0.7 0 0 0 0 0 0 0 0 0 5 0 0 0 0 0 0 0 0 0 2.1 0 0 0 4.6 0 0 1.2 0 0 0 0 0 0 1.1 0 0 2.4 0 0 0 0 0 0 0.2 0 0 0.6 0 0 0 0 0 0 0.7 0 0 0.2 0 0 0 0 0 0 0.5 0 0 2.4 0 0 0 0 0 0 4.1 0 0 1.7 0 0 0 0 0 0 2.1 0 0 4 0 0 0 0 0 0 0 0 0 2.5 0 0 0 0 0 0 5.1 0 0 4.7 0 0 0 0 0 0 4.2 0 0 0.9 0 0 0 0 0 0 0 0 0 0 0 0 0 0 0 0 0 0 0 0 0 0 0 0 0 0 0 0 0 0 0 0 0 0 0 0 0 0 0 0 0 0 0 0 0 0 0 0 0 0 0 0 0 0 0 0 0 0 0 0 0 0 0 0 0 0 0 0 0 0 0 0 0 0 0 0 0 0 0 0 0 0 0 0 0 0 0 0 0 0 0 0 0 0 0 0 0 0 0 0 0 0 0 0 0 0 0 0 0 0 0 0 1.1 0 0 0 0 0 0 0 0 0 0.7 0 0 0 0 0 0 0 0 0 3.1 0 0 0 0 0 0 0 0 0 1.5 0 0 0 0 0 0 0 0 0 0.5 0 0 0 0 0 0 0 0 0 0.3 0 0 0 0 0 0 0 0 0 0.6 0 0 0 0 0 0 0 0 0 0.5 0 0 0 0 0 0 0 0 0 3.3 0 0 0 0 0 0 0 0 0 0.4 0 0 0 0 0 0 0 0 0 1.5 0 0 0 0 0 0 0 0 0 5.5 0 0 0 0 0 0 0 0 0 3.4 0 0 0 0 0 0 0 0 0 4.1 0 0 0 0 0 0 0 0 0 4.4 0 0 0 0 0 0 0 0 0 1.1 0 0 0 0 0 0 0 0 0 1 0 0 0 0 0 0 0 0 0 2.9 0 0 0 0 0 0 0 0 0 3.1 0 0 0 0 0 0 0 0 0 2 0 0 0 4 0 0 1 0 0 0 0 0 0 1.2 0 0 2.1 0 0 0 0 0 0 2.2 0 0 2.6 0 0 0 0 0 0 4 0 0 5.4 0 0 0 0 0 0 1.9 0 0 1.2 0 0 0 0 0 0 4.3 0 0 4.4 0 0 0 0 0 0 3.4 0 0 5 0 0 0 0 0 0 2.8 0 0 4.7 0 0 0 0 0 0 0.4 0 0 1.8 0 0 0 0 0 0 2.4 0 0 2.7 0 0 0 0 0 0 0 0 0 0 0 0 0 0 0 0 0 0 0 0 0 0 0 0 0 0 0 0 0 0 0 0 0 0 0 0 0 0 0 0 0 0 0 0 0 0 0 0 0 0 0 0 0 0 0 0 0 0 0 0 0 0 0 0 0 0 0 0 0 0 0 0 0 0 0 0 0 0 0 0 0 0 0 0 0 0 0 0 0 0 0 0 0 0 0 0 0 0 0 0 0 0 0 0 0 0 0 0 0 0 0 0 2.4 0 0 0 0 0 0 0 0 0 0.3 0 0 0 0 0 0 0 0 0 4.2 0 0 0 0 0 0 0 0 0 0.4 0 0 0 0 0 0 0 0 0 2.5 0 0 0 0 0 0 0 0 0 5.3 0 0 0 0 0 0 0 0 0 1.3 0 0 0 0 0 0 0 0 0 0.6 0 0 0 0 0 0 0 0 0 1 0 0 0 0 0 0 0 0 0 1.8 0 0 0 3.3 0 0 0.8 0 0 0 0 0 0 2.4 0 0 0 0 0 0 0 0 0 1.7 0 0 4.6 0 0 0 0 0 0 5.3 0 0 3.8 0 0 0 0 0 0 5 0 0 2.8 0 0 0 0 0 0 3.8 0 0 4.5 0 0 0 0 0 0 5.2 0 0 0.9 0 0 0 0 0 0 3.4 0 0 0.9 0 0 0 0 0 0 0.3 0 0 5.1 0 0 0 0 0 0 0.3 0 0 4.2 0 0 0 0 0 0 0 0 0 0 0 0 0 0 0 0 0 0 0 0 0 0 0 0 0 0 0 0 0 0 0 0 0 0 0 0 0 0 0 0 0 0 0 0 0 0 0 0 0 0 0 0 0 0 0 0 0 0 0 0 0 0 0 0 0 0 0 0 0 0 0 0 0 0 0 0 0 0 0 0 0 0 0 0 0 0 0 0 0 0 0 0 0 0 0 0 0 0 0 0 0 0 0 0 0 0 0 0 0 0 0 0 4.1 0 0 0 0 0 0 0 0 0 0.2 0 0 0 0 0 0 0 0 0 2.9 0 0 0 0 0 0 0 0 0 4.7 0 0 0 0 0 0 0 0 0 1 0 0 0 0 0 0 0 0 0 3.7 0 0 0 0 0 0 0 0 0 2.9 0 0 0 0 0 0 0 0 0 1 0 0 0 0 0 0 0 0 0 4.7 0 0 0 0 0 0 0 0 0 3 0 0 0 3.8 0 0 1.8 0 0 0 0 0 0 1.9 0 0 2.5 0 0 0 0 0 0 3.4 0 0 2.8 0 0 0 0 0 0 1.6 0 0 4.8 0 0 0 0 0 0 0.3 0 0 1.7 0 0 0 0 0 0 1.2 0 0 4.3 0 0 0 0 0 0 0.2 0 0 0.3 0 0 0 0 0 0 2.4 0 0 0.8 0 0 0 0 0 0 0.3 0 0 1.1 0 0 0 0 0 0 3.8 0 0 0.1 0 0 0 0 0 0 0 0 0 0 0 0 0 0 0 0 0 0 0 0 0 0 0 0 0 0 0 0 0 0 0 0 0 0 0 0 0 0 0 0 0 0 0 0 0 0 0 0 0 0 0 0 0 0 0 0 0 0 0 0 0 0 0 0 0 0 0 0 0 0 0 0 0 0 0 0 0 0 0 0 0 0 0 0 0 0 0 0 0 0 0 0 0 0 0 0 0 0 0 0 0 0 0 0 0 0 0 0 0 0 0 0 0.6 0 0 0 0 0 0 0 0 0 0.5 0 0 0 0 0 0 0 0 0 2.2 0 0 0 0 0 0 0 0 0 3.9 0 0 0 0 0 0 0 0 0 1.8 0 0 0 0 0 0 0 0 0 4.7 0 0 0 0 0 0 0 0 0 0.6 0 0 0 0 0 0 0 0 0 0.4 0 0 0 0 0 0 0 0 0 5 0 0 0 0 0 0 0 0 0 2.5 0 0 0 0 0 0 0 0 0 3.1 0 0 0 0 0 0 0 0 0 0.8 0 0 0 0 0 0 0 0 0 0.9 0 0 0 0 0 0 0 0 0 3.2 0 0 0 0 0 0 0 0 0 1.5 0 0 0 0 0 0 0 0 0 0.2 0 0 0 0 0 0 0 0 0 4.4 0 0 0 0 0 0 0 0 0 2.8 0 0 0 0 0 0 0 0 0 2.9 0 0 0 0 0 0 0 0 0 2.1 0 0 0 2.4 0 0 0.3 0 0 0 0 0 0 0.2 0 0 3.9 0 0 0 0 0 0 2.1 0 0 1.2 0 0 0 0 0 0 2.1 0 0 2.9 0 0 0 0 0 0 0.7 0 0 2.5 0 0 0 0 0 0 3.1 0 0 3.2 0 0 0 0 0 0 2.3 0 0 1.8 0 0 0 0 0 0 2.2 0 0 0.4 0 0 0 0 0 0 5 0 0 0.9 0 0 0 0 0 0 2.6 0 0 1.2 0 0 0 0 0 0 0 0 0 0 0 0 0 0 0 0 0 0 0 0 0 0 0 0 0 0 0 0 0 0 0 0 0 0 0 0 0 0 0 0 0 0 0 0 0 0 0 0 0 0 0 0 0 0 0 0 0 0 0 0 0 0 0 0 0 0 0 0 0 0 0 0 0 0 0 0 0 0 0 0 0 0 0 0 0 0 0 0 0 0 0 0 0 0 0 0 0 0 0 0 0 0 0 0 0 0 0 0 0 0 0 0 2.8 0 0 0 0 0 0 0 0 0 0.6 0 0 0 0 0 0 0 0 0 1.4 0 0 0 0 0 0 0 0 0 1.7 0 0 0 0 0 0 0 0 0 0.9 0 0 0 0 0 0 0 0 0 0 0 0 0 0 0 0 0 0 0 4.2 0 0 0 0 0 0 0 0 0 0.2 0 0 0 0 0 0 0 0 0 2.5 0 0 0 0 0 0 0 0 0 5.1 0 0 0 5.8 0 0 0.1 0 0 0 0 0 0 0.9 0 0 2.4 0 0 0 0 0 0 0.9 0 0 4.5 0 0 0 0 0 0 4.1 0 0 1.5 0 0 0 0 0 0 0.7 0 0 0.3 0 0 0 0 0 0 0.6 0 0 4.9 0 0 0 0 0 0 3.3 0 0 3.2 0 0 0 0 0 0 5.4 0 0 1.6 0 0 0 0 0 0 4.5 0 0 4.6 0 0 0 0 0 0 1.1 0 0 1.8 0 0 0 0 0 0 0 0 0 0 0 0 0 0 0 0 0 0 0 0 0 0 0 0 0 0 0 0 0 0 0 0 0 0 0 0 0 0 0 0 0 0 0 0 0 0 0 0 0 0 0 0 0 0 0 0 0 0 0 0 0 0 0 0 0 0 0 0 0 0 0 0 0 0 0 0 0 0 0 0 0 0 0 0 0 0 0 0 0 0 0 0 0 0 0 0 0 0 0 0 0 0 0 0 0 0 0 0 0 0 0 0 3.5 0 0 0 0 0 0 0 0 0 0.1 0 0 0 0 0 0 0 0 0 0.3 0 0 0 0 0 0 0 0 0 2.3 0 0 0 0 0 0 0 0 0 3.6 0 0 0 0 0 0 0 0 0 3.9 0 0 0 0 0 0 0 0 0 0.2 0 0 0 0 0 0 0 0 0 5.5 0 0 0 0 0 0 0 0 0 3.3 0 0 0 0 0 0 0 0 0 4.9 0 0 0 1 0 0 0 0 0 0 0 0 0 0.5 0 0 0.1 0 0 0 0 0 0 2.7 0 0 3.4 0 0 0 0 0 0 0.1 0 0 1.3 0 0 0 0 0 0 2.9 0 0 0.3 0 0 0 0 0 0 4 0 0 4.8 0 0 0 0 0 0 0.2 0 0 0.2 0 0 0 0 0 0 2 0 0 5.3 0 0 0 0 0 0 1 0 0 4.9 0 0 0 0 0 0 1.5 0 0 4.6 0 0 0 0 0 0 0 0 0 0 0 0 0 0 0 0 0 0 0 0 0 0 0 0 0 0 0 0 0 0 0 0 0 0 0 0 0 0 0 0 0 0 0 0 0 0 0 0 0 0 0 0 0 0 0 0 0 0 0 0 0 0 0 0 0 0 0 0 0 0 0 0 0 0 0 0 0 0 0 0 0 0 0 0 0 0 0 0 0 0 0 0 0 0 0 0 0 0 0 0 0 0 0 0 0 0 0 0 0 0 0 0 1.1 0 0 0 0 0 0 0 0 0 0.7 0 0 0 0 0 0 0 0 0 2.8 0 0 0 0 0 0 0 0 0 2.2 0 0 0 0 0 0 0 0 0 2.1 0 0 0 0 0 0 0 0 0 2.3 0 0 0 0 0 0 0 0 0 0.8 0 0 0 0 0 0 0 0 0 3.1 0 0 0 0 0 0 0 0 0 4.8 0 0 0 0 0 0 0 0 0 1.3 0 0 0 0 0 0 0 0 0 4.8 0 0 0 0 0 0 0 0 0 2 0 0 0 0 0 0 0 0 0 3.6 0 0 0 0 0 0 0 0 0 4.6 0 0 0 0 0 0 0 0 0 3.7 0 0 0 0 0 0 0 0 0 0.3 0 0 0 0 0 0 0 0 0 4 0 0 0 0 0 0 0 0 0 5.6 0 0 0 0 0 0 0 0 0 3.4 0 0 0 0 0 0 0 0 0 1 0 0 0 1 0 0 1.7 0 0 0 0 0 0 2.5 0 0 1 0 0 0 0 0 0 3 0 0 0.1 0 0 0 0 0 0 0.3 0 0 0.9 0 0 0 0 0 0 3.1 0 0 0.3 0 0 0 0 0 0 0.5 0 0 0.1 0 0 0 0 0 0 2.4 0 0 1.3 0 0 0 0 0 0 4.1 0 0 2.5 0 0 0 0 0 0 0.4 0 0 0.8 0 0 0 0 0 0 0.3 0 0 1.3 0 0 0 0 0 0 0 0 0 0 0 0 0 0 0 0 0 0 0 0 0 0 0 0 0 0 0 0 0 0 0 0 0 0 0 0 0 0 0 0 0 0 0 0 0 0 0 0 0 0 0 0 0 0 0 0 0 0 0 0 0 0 0 0 0 0 0 0 0 0 0 0 0 0 0 0 0 0 0 0 0 0 0 0 0 0 0 0 0 0 0 0 0 0 0 0 0 0 0 0 0 0 0 0 0 0 0 0 0 0 0 0 1.1 0 0 0 0 0 0 0 0 0 1.4 0 0 0 0 0 0 0 0 0 3.9 0 0 0 0 0 0 0 0 0 4 0 0 0 0 0 0 0 0 0 2.5 0 0 0 0 0 0 0 0 0 4.4 0 0 0 0 0 0 0 0 0 0.5 0 0 0 0 0 0 0 0 0 1.1 0 0 0 0 0 0 0 0 0 3.7 0 0 0 0 0 0 0 0 0 0.3 0 0 0 1.3 0 0 2.1 0 0 0 0 0 0 0.5 0 0 0.6 0 0 0 0 0 0 3.1 0 0 2.2 0 0 0 0 0 0 1.1 0 0 0.7 0 0 0 0 0 0 3.5 0 0 2.9 0 0 0 0 0 0 3.3 0 0 3.7 0 0 0 0 0 0 3.8 0 0 4.7 0 0 0 0 0 0 2 0 0 3.6 0 0 0 0 0 0 3.8 0 0 0.5 0 0 0 0 0 0 3.7 0 0 0.8 0 0 0 0 0 0 0 0 0 0 0 0 0 0 0 0 0 0 0 0 0 0 0 0 0 0 0 0 0 0 0 0 0 0 0 0 0 0 0 0 0 0 0 0 0 0 0 0 0 0 0 0 0 0 0 0 0 0 0 0 0 0 0 0 0 0 0 0 0 0 0 0 0 0 0 0 0 0 0 0 0 0 0 0 0 0 0 0 0 0 0 0 0 0 0 0 0 0 0 0 0 0 0 0 0 0 0 0 0 0 0 0 5.3 0 0 0 0 0 0 0 0 0 0.4 0 0 0 0 0 0 0 0 0 0.5 0 0 0 0 0 0 0 0 0 0.5 0 0 0 0 0 0 0 0 0 1.4 0 0 0 0 0 0 0 0 0 0 0 0 0 0 0 0 0 0 0 0.4 0 0 0 0 0 0 0 0 0 2.1 0 0 0 0 0 0 0 0 0 0.2 0 0 0 0 0 0 0 0 0 5.9 0 0 0 5.3 0 0 3.3 0 0 0 0 0 0 2.8 0 0 5.7 0 0 0 0 0 0 0.5 0 0 0.4 0 0 0 0 0 0 0.3 0 0 0 0 0 0 0 0 0 3.4 0 0 0.2 0 0 0 0 0 0 2.1 0 0 1.1 0 0 0 0 0 0 3.8 0 0 3.2 0 0 0 0 0 0 5.5 0 0 1.6 0 0 0 0 0 0 3.6 0 0 6.2 0 0 0 0 0 0 0.7 0 0 1.8 0 0 0 0 0 0 0 0 0 0 0 0 0 0 0 0 0 0 0 0 0 0 0 0 0 0 0 0 0 0 0 0 0 0 0 0 0 0 0 0 0 0 0 0 0 0 0 0 0 0 0 0 0 0 0 0 0 0 0 0 0 0 0 0 0 0 0 0 0 0 0 0 0 0 0 0 0 0 0 0 0 0 0 0 0 0 0 0 0 0 0 0 0 0 0 0 0 0 0 0 0 0 0 0 0 0 0 0 0 0 0 0 1.1 0 0 0 0 0 0 0 0 0 0.8 0 0 0 0 0 0 0 0 0 4.2 0 0 0 0 0 0 0 0 0 0.5 0 0 0 0 0 0 0 0 0 4 0 0 0 0 0 0 0 0 0 2.2 0 0 0 0 0 0 0 0 0 1.3 0 0 0 0 0 0 0 0 0 0.6 0 0 0 0 0 0 0 0 0 1.1 0 0 0 0 0 0 0 0 0 2.1 0 0 0 0 0 0 0 0 0 1.6 0 0 0 0 0 0 0 0 0 0.4 0 0 0 0 0 0 0 0 0 1.7 0 0 0 0 0 0 0 0 0 2.1 0 0 0 0 0 0 0 0 0 1.8 0 0 0 0 0 0 0 0 0 3 0 0 0 0 0 0 0 0 0 1.8 0 0 0 0 0 0 0 0 0 6 0 0 0 0 0 0 0 0 0 3.5 0 0 0 0 0 0 0 0 0 2.2 0 0 0 1 0 0 2.8 0 0 0 0 0 0 3.9 0 0 1.4 0 0 0 0 0 0 0.4 0 0 0.6 0 0 0 0 0 0 3.6 0 0 0.6 0 0 0 0 0 0 0.4 0 0 3.6 0 0 0 0 0 0 2.9 0 0 1.7 0 0 0 0 0 0 0.7 0 0 0.6 0 0 0 0 0 0 0.7 0 0 4.3 0 0 0 0 0 0 0.4 0 0 2.1 0 0 0 0 0 0 5.2 0 0 0.6 0 0 0 0 0 0 0 0 0 0 0 0 0 0 0 0 0 0 0 0 0 0 0 0 0 0 0 0 0 0 0 0 0 0 0 0 0 0 0 0 0 0 0 0 0 0 0 0 0 0 0 0 0 0 0 0 0 0 0 0 0 0 0 0 0 0 0 0 0 0 0 0 0 0 0 0 0 0 0 0 0 0 0 0 0 0 0 0 0 0 0 0 0 0 0 0 0 0 0 0 0 0 0 0 0 0 0 0 0 0 0 0 0.6 0 0 0 0 0 0 0 0 0 2.9 0 0 0 0 0 0 0 0 0 1.6 0 0 0 0 0 0 0 0 0 3 0 0 0 0 0 0 0 0 0 0.2 0 0 0 0 0 0 0 0 0 0.9 0 0 0 0 0 0 0 0 0 0.2 0 0 0 0 0 0 0 0 0 0.2 0 0 0 0 0 0 0 0 0 2.3 0 0 0 0 0 0 0 0 0 0.2 0 0 0 2 0 0 3.2 0 0 0 0 0 0 5.5 0 0 0.1 0 0 0 0 0 0 3.1 0 0 3.9 0 0 0 0 0 0 0.3 0 0 4.6 0 0 0 0 0 0 2 0 0 2 0 0 0 0 0 0 4.2 0 0 0.1 0 0 0 0 0 0 1.1 0 0 1.7 0 0 0 0 0 0 0 0 0 1.2 0 0 0 0 0 0 0.3 0 0 1.9 0 0 0 0 0 0 2.9 0 0 1.6 0 0 0 0 0 0 0 0 0 0 0 0 0 0 0 0 0 0 0 0 0 0 0 0 0 0 0 0 0 0 0 0 0 0 0 0 0 0 0 0 0 0 0 0 0 0 0 0 0 0 0 0 0 0 0 0 0 0 0 0 0 0 0 0 0 0 0 0 0 0 0 0 0 0 0 0 0 0 0 0 0 0 0 0 0 0 0 0 0 0 0 0 0 0 0 0 0 0 0 0 0 0 0 0 0 0 0 0 0 0 0 0 2.4 0 0 0 0 0 0 0 0 0 1.4 0 0 0 0 0 0 0 0 0 2 0 0 0 0 0 0 0 0 0 3 0 0 0 0 0 0 0 0 0 4.3 0 0 0 0 0 0 0 0 0 2.4 0 0 0 0 0 0 0 0 0 3.1 0 0 0 0 0 0 0 0 0 1.6 0 0 0 0 0 0 0 0 0 1.9 0 0 0 0 0 0 0 0 0 4.6 0 0 0 2.5 0 0 0.8 0 0 0 0 0 0 4.1 0 0 1.5 0 0 0 0 0 0 3.2 0 0 0.2 0 0 0 0 0 0 0.9 0 0 0.5 0 0 0 0 0 0 1.5 0 0 5.4 0 0 0 0 0 0 1.2 0 0 0.2 0 0 0 0 0 0 2.2 0 0 0.7 0 0 0 0 0 0 0.9 0 0 2.7 0 0 0 0 0 0 0.6 0 0 1.1 0 0 0 0 0 0 5.4 0 0 2.5 0 0 0 0 0 0 0 0 0 0 0 0 0 0 0 0 0 0 0 0 0 0 0 0 0 0 0 0 0 0 0 0 0 0 0 0 0 0 0 0 0 0 0 0 0 0 0 0 0 0 0 0 0 0 0 0 0 0 0 0 0 0 0 0 0 0 0 0 0 0 0 0 0 0 0 0 0 0 0 0 0 0 0 0 0 0 0 0 0 0 0 0 0 0 0 0 0 0 0 0 0 0 0 0 0 0 0 0 0 0 0 0 3.2 0 0 0 0 0 0 0 0 0 1.2 0 0 0 0 0 0 0 0 0 1 0 0 0 0 0 0 0 0 0 1.5 0 0 0 0 0 0 0 0 0 1.5 0 0 0 0 0 0 0 0 0 2 0 0 0 0 0 0 0 0 0 4.8 0 0 0 0 0 0 0 0 0 5.6 0 0 0 0 0 0 0 0 0 0.3 0 0 0 0 0 0 0 0 0 0.9 0 0 0 0 0 0 0 0 0 2.3 0 0 0 0 0 0 0 0 0 0.9 0 0 0 0 0 0 0 0 0 2.2 0 0 0 0 0 0 0 0 0 2.1 0 0 0 0 0 0 0 0 0 5.2 0 0 0 0 0 0 0 0 0 2.2 0 0 0 0 0 0 0 0 0 4.3 0 0 0 0 0 0 0 0 0 0.8 0 0 0 0 0 0 0 0 0 3.7 0 0 0 0 0 0 0 0 0 1.1 0 0 0 0 0 0 3.1 0 0 0 0 0 0 1.4 0 0 3.1 0 0 0 0 0 0 3.8 0 0 4.5 0 0 0 0 0 0 0.2 0 0 0.2 0 0 0 0 0 0 1.3 0 0 0.2 0 0 0 0 0 0 0.4 0 0 5.6 0 0 0 0 0 0 0.2 0 0 0.9 0 0 0 0 0 0 3.9 0 0 1.4 0 0 0 0 0 0 0.2 0 0 4 0 0 0 0 0 0 1 0 0 0.4 0 0 0 0 0 0 0 0 0 0 0 0 0 0 0 0 0 0 0 0 0 0 0 0 0 0 0 0 0 0 0 0 0 0 0 0 0 0 0 0 0 0 0 0 0 0 0 0 0 0 0 0 0 0 0 0 0 0 0 0 0 0 0 0 0 0 0 0 0 0 0 0 0 0 0 0 0 0 0 0 0 0 0 0 0 0 0 0 0 0 0 0 0 0 0 0 0 0 0 0 0 0 0 0 0 0 0 0 0 0 0 0 1.4 0 0 0 0 0 0 0 0 0 3.7 0 0 0 0 0 0 0 0 0 3.2 0 0 0 0 0 0 0 0 0 0.2 0 0 0 0 0 0 0 0 0 3.6 0 0 0 0 0 0 0 0 0 3.8 0 0 0 0 0 0 0 0 0 0.5 0 0 0 0 0 0 0 0 0 3.6 0 0 0 0 0 0 0 0 0 1.1 0 0 0 0 0 0 0 0 0 6.5 0 0 0 2.3 0 0 0.4 0 0 0 0 0 0 0.7 0 0 4.1 0 0 0 0 0 0 4 0 0 0.8 0 0 0 0 0 0 2.6 0 0 0.2 0 0 0 0 0 0 4.4 0 0 0.6 0 0 0 0 0 0 2.4 0 0 0.4 0 0 0 0 0 0 5.7 0 0 5.3 0 0 0 0 0 0 3.5 0 0 2.3 0 0 0 0 0 0 4.8 0 0 1.5 0 0 0 0 0 0 4.2 0 0 1.2 0 0 0 0 0 0 0 0 0 0 0 0 0 0 0 0 0 0 0 0 0 0 0 0 0 0 0 0 0 0 0 0 0 0 0 0 0 0 0 0 0 0 0 0 0 0 0 0 0 0 0 0 0 0 0 0 0 0 0 0 0 0 0 0 0 0 0 0 0 0 0 0 0 0 0 0 0 0 0 0 0 0 0 0 0 0 0 0 0 0 0 0 0 0 0 0 0 0 0 0 0 0 0 0 0 0 0 0 0 0 0 0 4.4 0 0 0 0 0 0 0 0 0 2.5 0 0 0 0 0 0 0 0 0 5 0 0 0 0 0 0 0 0 0 3.1 0 0 0 0 0 0 0 0 0 0.6 0 0 0 0 0 0 0 0 0 0.9 0 0 0 0 0 0 0 0 0 0.3 0 0 0 0 0 0 0 0 0 2.1 0 0 0 0 0 0 0 0 0 5 0 0 0 0 0 0 0 0 0 4.2 0 0 0 0.4 0 0 0.2 0 0 0 0 0 0 0.8 0 0 0.4 0 0 0 0 0 0 0.1 0 0 0.4 0 0 0 0 0 0 1.7 0 0 4 0 0 0 0 0 0 1.8 0 0 2.3 0 0 0 0 0 0 1.9 0 0 1.5 0 0 0 0 0 0 2.1 0 0 0.5 0 0 0 0 0 0 2.4 0 0 1.6 0 0 0 0 0 0 0.4 0 0 0.6 0 0 0 0 0 0 0.3 0 0 1.7 0 0 0 0 0 0 0 0 0 0 0 0 0 0 0 0 0 0 0 0 0 0 0 0 0 0 0 0 0 0 0 0 0 0 0 0 0 0 0 0 0 0 0 0 0 0 0 0 0 0 0 0 0 0 0 0 0 0 0 0 0 0 0 0 0 0 0 0 0 0 0 0 0 0 0 0 0 0 0 0 0 0 0 0 0 0 0 0 0 0 0 0 0 0 0 0 0 0 0 0 0 0 0 0 0 0 0 0 0 0 0 0 2.7 0 0 0 0 0 0 0 0 0 0.9 0 0 0 0 0 0 0 0 0 0.9 0 0 0 0 0 0 0 0 0 1 0 0 0 0 0 0 0 0 0 1.9 0 0 0 0 0 0 0 0 0 3.4 0 0 0 0 0 0 0 0 0 2.8 0 0 0 0 0 0 0 0 0 1.7 0 0 0 0 0 0 0 0 0 1.3 0 0 0 0 0 0 0 0 0 3.5 0 0 0 0 0 0 0 0 0 3.9 0 0 0 0 0 0 0 0 0 4.3 0 0 0 0 0 0 0 0 0 1.7 0 0 0 0 0 0 0 0 0 4.1 0 0 0 0 0 0 0 0 0 0.4 0 0 0 0 0 0 0 0 0 2.5 0 0 0 0 0 0 0 0 0 2.1 0 0 0 0 0 0 0 0 0 4.4 0 0 0 0 0 0 0 0 0 2.6 0 0 0 0 0 0 0 0 0 3.4 0 0 0 2 0 0 0.9 0 0 0 0 0 0 1.9 0 0 2.8 0 0 0 0 0 0 0.2 0 0 1.2 0 0 0 0 0 0 2.2 0 0 2.4 0 0 0 0 0 0 1.8 0 0 2.5 0 0 0 0 0 0 3.6 0 0 2.4 0 0 0 0 0 0 1.7 0 0 3.7 0 0 0 0 0 0 1.8 0 0 3.5 0 0 0 0 0 0 3.4 0 0 0.8 0 0 0 0 0 0 0.9 0 0 1.7 0 0 0 0 0 0 0 0 0 0 0 0 0 0 0 0 0 0 0 0 0 0 0 0 0 0 0 0 0 0 0 0 0 0 0 0 0 0 0 0 0 0 0 0 0 0 0 0 0 0 0 0 0 0 0 0 0 0 0 0 0 0 0 0 0 0 0 0 0 0 0 0 0 0 0 0 0 0 0 0 0 0 0 0 0 0 0 0 0 0 0 0 0 0 0 0 0 0 0 0 0 0 0 0 0 0 0 0 0 0 0 0 0 0 0 0 0 0 0 0 0 0 0.1 0 0 0 0 0 0 0 0 0 2.3 0 0 0 0 0 0 0 0 0 1 0 0 0 0 0 0 0 0 0 1.1 0 0 0 0 0 0 0 0 0 4.9 0 0 0 0 0 0 0 0 0 1.4 0 0 0 0 0 0 0 0 0 1.9 0 0 0 0 0 0 0 0 0 1.3 0 0 0 0 0 0 0 0 0 5.9 0 0 0 0.2 0 0 0.7 0 0 0 0 0 0 2.9 0 0 0.3 0 0 0 0 0 0 1.6 0 0 1.4 0 0 0 0 0 0 1.1 0 0 0.4 0 0 0 0 0 0 3.9 0 0 1.1 0 0 0 0 0 0 0.6 0 0 2.3 0 0 0 0 0 0 1.6 0 0 3.4 0 0 0 0 0 0 1.2 0 0 0.3 0 0 0 0 0 0 3.5 0 0 2.5 0 0 0 0 0 0 0.7 0 0 4.2 0 0 0 0 0 0 0 0 0 0 0 0 0 0 0 0 0 0 0 0 0 0 0 0 0 0 0 0 0 0 0 0 0 0 0 0 0 0 0 0 0 0 0 0 0 0 0 0 0 0 0 0 0 0 0 0 0 0 0 0 0 0 0 0 0 0 0 0 0 0 0 0 0 0 0 0 0 0 0 0 0 0 0 0 0 0 0 0 0 0 0 0 0 0 0 0 0 0 0 0 0 0 0 0 0 0 0 0 0 0 0 0 4.3 0 0 0 0 0 0 0 0 0 4.9 0 0 0 0 0 0 0 0 0 2.4 0 0 0 0 0 0 0 0 0 3 0 0 0 0 0 0 0 0 0 3.6 0 0 0 0 0 0 0 0 0 2.4 0 0 0 0 0 0 0 0 0 3.6 0 0 0 0 0 0 0 0 0 1.3 0 0 0 0 0 0 0 0 0 0.2 0 0 0 0 0 0 0 0 0 0.9 0 0 0 0.6 0 0 1.9 0 0 0 0 0 0 0.9 0 0 1.6 0 0 0 0 0 0 0.8 0 0 1.5 0 0 0 0 0 0 2.2 0 0 1 0 0 0 0 0 0 2.6 0 0 2.3 0 0 0 0 0 0 0.7 0 0 2.9 0 0 0 0 0 0 4.8 0 0 2.2 0 0 0 0 0 0 0.7 0 0 0.4 0 0 0 0 0 0 0.5 0 0 3.2 0 0 0 0 0 0 1.8 0 0 0.5 0 0 0 0 0 0 0 0 0 0 0 0 0 0 0 0 0 0 0 0 0 0 0 0 0 0 0 0 0 0 0 0 0 0 0 0 0 0 0 0 0 0 0 0 0 0 0 0 0 0 0 0 0 0 0 0 0 0 0 0 0 0 0 0 0 0 0 0 0 0 0 0 0 0 0 0 0 0 0 0 0 0 0 0 0 0 0 0 0 0 0 0 0 0 0 0 0 0 0 0 0 0 0 0 0 0 0 0 0 0 0 0 2.5 0 0 0 0 0 0 0 0 0 0 0 0 0 0 0 0 0 0 0 1 0 0 0 0 0 0 0 0 0 1.5 0 0 0 0 0 0 0 0 0 2.7 0 0 0 0 0 0 0 0 0 4.2 0 0 0 0 0 0 0 0 0 1.5 0 0 0 0 0 0 0 0 0 2.4 0 0 0 0 0 0 0 0 0 3.6 0 0 0 0 0 0 0 0 0 5.1 0 0 0 0 0 0 0 0 0 1.7 0 0 0 0 0 0 0 0 0 1.9 0 0 0 0 0 0 0 0 0 1.1 0 0 0 0 0 0 0 0 0 2.9 0 0 0 0 0 0 0 0 0 0.9 0 0 0 0 0 0 0 0 0 0.1 0 0 0 0 0 0 0 0 0 4.3 0 0 0 0 0 0 0 0 0 1.3 0 0 0 0 0 0 0 0 0 0 0 0 0 0 0 0 0 0 0 0.5 0 0 0 0.6 0 0 2.8 0 0 0 0 0 0 4.1 0 0 2.4 0 0 0 0 0 0 3.2 0 0 0.8 0 0 0 0 0 0 4.3 0 0 0.4 0 0 0 0 0 0 0.8 0 0 0.8 0 0 0 0 0 0 2.9 0 0 0.3 0 0 0 0 0 0 3.5 0 0 0.9 0 0 0 0 0 0 2.5 0 0 2.4 0 0 0 0 0 0 0.5 0 0 4.3 0 0 0 0 0 0 1.8 0 0 1.2 0 0 0 0 0 0 0 0 0 0 0 0 0 0 0 0 0 0 0 0 0 0 0 0 0 0 0 0 0 0 0 0 0 0 0 0 0 0 0 0 0 0 0 0 0 0 0 0 0 0 0 0 0 0 0 0 0 0 0 0 0 0 0 0 0 0 0 0 0 0 0 0 0 0 0 0 0 0 0 0 0 0 0 0 0 0 0 0 0 0 0 0 0 0 0 0 0 0 0 0 0 0 0 0 0 0 0 0 0 0 0 0 1.2 0 0 0 0 0 0 0 0 0 0.9 0 0 0 0 0 0 0 0 0 3.3 0 0 0 0 0 0 0 0 0 0.4 0 0 0 0 0 0 0 0 0 2 0 0 0 0 0 0 0 0 0 1.2 0 0 0 0 0 0 0 0 0 0.9 0 0 0 0 0 0 0 0 0 4.3 0 0 0 0 0 0 0 0 0 2.5 0 0 0 0 0 0 0 0 0 1.3 0 0 0 1.1 0 0 0.8 0 0 0 0 0 0 1.8 0 0 0.4 0 0 0 0 0 0 1 0 0 2.2 0 0 0 0 0 0 0.3 0 0 0.3 0 0 0 0 0 0 2.7 0 0 0.4 0 0 0 0 0 0 3.7 0 0 1.2 0 0 0 0 0 0 0.1 0 0 0.5 0 0 0 0 0 0 1.4 0 0 1.3 0 0 0 0 0 0 0.1 0 0 3.6 0 0 0 0 0 0 0.4 0 0 2.1 0 0 0 0 0 0 0 0 0 0 0 0 0 0 0 0 0 0 0 0 0 0 0 0 0 0 0 0 0 0 0 0 0 0 0 0 0 0 0 0 0 0 0 0 0 0 0 0 0 0 0 0 0 0 0 0 0 0 0 0 0 0 0 0 0 0 0 0 0 0 0 0 0 0 0 0 0 0 0 0 0 0 0 0 0 0 0 0 0 0 0 0 0 0 0 0 0 0 0 0 0 0 0 0 0 0 0 0 0 0 0 0 1.3 0 0 0 0 0 0 0 0 0 0.8 0 0 0 0 0 0 0 0 0 0.8 0 0 0 0 0 0 0 0 0 1.4 0 0 0 0 0 0 0 0 0 0 0 0 0 0 0 0 0 0 0 1.1 0 0 0 0 0 0 0 0 0 1.4 0 0 0 0 0 0 0 0 0 3.6 0 0 0 0 0 0 0 0 0 0.3 0 0 0 0 0 0 0 0 0 0.5 0 0 0 2.4 0 0 1.5 0 0 0 0 0 0 1.1 0 0 2.7 0 0 0 0 0 0 2.5 0 0 2.8 0 0 0 0 0 0 0.5 0 0 0.5 0 0 0 0 0 0 3.7 0 0 0.6 0 0 0 0 0 0 1.3 0 0 3.4 0 0 0 0 0 0 1.8 0 0 1.7 0 0 0 0 0 0 2.9 0 0 0.5 0 0 0 0 0 0 0.8 0 0 3.8 0 0 0 0 0 0 3.3 0 0 0.9 0 0 0 0 0 0 0 0 0 0 0 0 0 0 0 0 0 0 0 0 0 0 0 0 0 0 0 0 0 0 0 0 0 0 0 0 0 0 0 0 0 0 0 0 0 0 0 0 0 0 0 0 0 0 0 0 0 0 0 0 0 0 0 0 0 0 0 0 0 0 0 0 0 0 0 0 0 0 0 0 0 0 0 0 0 0 0 0 0 0 0 0 0 0 0 0 0 0 0 0 0 0 0 0 0 0 0 0 0 0 0 0 4.2 0 0 0 0 0 0 0 0 0 3.9 0 0 0 0 0 0 0 0 0 0.4 0 0 0 0 0 0 0 0 0 4.9 0 0 0 0 0 0 0 0 0 1 0 0 0 0 0 0 0 0 0 0 0 0 0 0 0 0 0 0 0 1.5 0 0 0 0 0 0 0 0 0 3.4 0 0 0 0 0 0 0 0 0 5.2 0 0 0 0 0 0 0 0 0 0.2 0 0 0 0 0 0 0 0 0 1.2 0 0 0 0 0 0 0 0 0 0.9 0 0 0 0 0 0 0 0 0 1.6 0 0 0 0 0 0 0 0 0 1.1 0 0 0 0 0 0 0 0 0 4.7 0 0 0 0 0 0 0 0 0 5.2 0 0 0 0 0 0 0 0 0 2.3 0 0 0 0 0 0 0 0 0 0.6 0 0 0 0 0 0 0 0 0 3.3 0 0 0 0 0 0 0 0 0 2.7 0 0 0 0.8 0 0 0.7 0 0 0 0 0 0 0.1 0 0 3.2 0 0 0 0 0 0 2.4 0 0 4.5 0 0 0 0 0 0 4 0 0 2.7 0 0 0 0 0 0 4.1 0 0 0.2 0 0 0 0 0 0 1.1 0 0 0.7 0 0 0 0 0 0 0.6 0 0 2.3 0 0 0 0 0 0 0.2 0 0 4.8 0 0 0 0 0 0 1.2 0 0 0.6 0 0 0 0 0 0 0.2 0 0 0.3 0 0 0 0 0 0 0 0 0 0 0 0 0 0 0 0 0 0 0 0 0 0 0 0 0 0 0 0 0 0 0 0 0 0 0 0 0 0 0 0 0 0 0 0 0 0 0 0 0 0 0 0 0 0 0 0 0 0 0 0 0 0 0 0 0 0 0 0 0 0 0 0 0 0 0 0 0 0 0 0 0 0 0 0 0 0 0 0 0 0 0 0 0 0 0 0 0 0 0 0 0 0 0 0 0 0 0 0 0 0 0 0 4.5 0 0 0 0 0 0 0 0 0 0 0 0 0 0 0 0 0 0 0 4.2 0 0 0 0 0 0 0 0 0 0.5 0 0 0 0 0 0 0 0 0 0.1 0 0 0 0 0 0 0 0 0 0.3 0 0 0 0 0 0 0 0 0 0.4 0 0 0 0 0 0 0 0 0 0.9 0 0 0 0 0 0 0 0 0 1.4 0 0 0 0 0 0 0 0 0 3.9 0 0 0 4.2 0 0 1.4 0 0 0 0 0 0 3.9 0 0 3.2 0 0 0 0 0 0 4.2 0 0 0.3 0 0 0 0 0 0 2 0 0 4.4 0 0 0 0 0 0 3.6 0 0 0.9 0 0 0 0 0 0 4.5 0 0 0.8 0 0 0 0 0 0 3.7 0 0 6.6 0 0 0 0 0 0 1.5 0 0 4.5 0 0 0 0 0 0 1.6 0 0 3.8 0 0 0 0 0 0 1.1 0 0 0.6 0 0 0 0 0 0 0 0 0 0 0 0 0 0 0 0 0 0 0 0 0 0 0 0 0 0 0 0 0 0 0 0 0 0 0 0 0 0 0 0 0 0 0 0 0 0 0 0 0 0 0 0 0 0 0 0 0 0 0 0 0 0 0 0 0 0 0 0 0 0 0 0 0 0 0 0 0 0 0 0 0 0 0 0 0 0 0 0 0 0 0 0 0 0 0 0 0 0 0 0 0 0 0 0 0 0 0 0 0 0 0 0 1.2 0 0 0 0 0 0 0 0 0 3.2 0 0 0 0 0 0 0 0 0 3.1 0 0 0 0 0 0 0 0 0 1.6 0 0 0 0 0 0 0 0 0 1.9 0 0 0 0 0 0 0 0 0 0.7 0 0 0 0 0 0 0 0 0 2.1 0 0 0 0 0 0 0 0 0 3.4 0 0 0 0 0 0 0 0 0 1.1 0 0 0 0 0 0 0 0 0 1.3 0 0 0 0 0 0 0.6 0 0 0 0 0 0 4.3 0 0 5.8 0 0 0 0 0 0 0.7 0 0 4.5 0 0 0 0 0 0 3.8 0 0 1.7 0 0 0 0 0 0 4.1 0 0 2.3 0 0 0 0 0 0 1.2 0 0 1 0 0 0 0 0 0 4 0 0 0.6 0 0 0 0 0 0 4.1 0 0 0.6 0 0 0 0 0 0 1.3 0 0 2.6 0 0 0 0 0 0 3.4 0 0 3.2 0 0 0 0 0 0 0 0 0 0 0 0 0 0 0 0 0 0 0 0 0 0 0 0 0 0 0 0 0 0 0 0 0 0 0 0 0 0 0 0 0 0 0 0 0 0 0 0 0 0 0 0 0 0 0 0 0 0 0 0 0 0 0 0 0 0 0 0 0 0 0 0 0 0 0 0 0 0 0 0 0 0 0 0 0 0 0 0 0 0 0 0 0 0 0 0 0 0 0 0 0 0 0 0 0 0 0 0 0 0 0 0 0.9 0 0 0 0 0 0 0 0 0 1.3 0 0 0 0 0 0 0 0 0 1.9 0 0 0 0 0 0 0 0 0 3.8 0 0 0 0 0 0 0 0 0 0.6 0 0 0 0 0 0 0 0 0 1.6 0 0 0 0 0 0 0 0 0 1.6 0 0 0 0 0 0 0 0 0 0.1 0 0 0 0 0 0 0 0 0 1.7 0 0 0 0 0 0 0 0 0 4.1 0 0 0 0 0 0 0 0 0 1.8 0 0 0 0 0 0 0 0 0 3 0 0 0 0 0 0 0 0 0 0.7 0 0 0 0 0 0 0 0 0 2.8 0 0 0 0 0 0 0 0 0 0.5 0 0 0 0 0 0 0 0 0 1.9 0 0 0 0 0 0 0 0 0 0.6 0 0 0 0 0 0 0 0 0 5.1 0 0 0 0 0 0 0 0 0 0.4 0 0 0 0 0 0 0 0 0 1.3 0 0 0 1.8 0 0 2.1 0 0 0 0 0 0 0.9 0 0 3.1 0 0 0 0 0 0 0.9 0 0 4.4 0 0 0 0 0 0 2.6 0 0 1.7 0 0 0 0 0 0 0.1 0 0 5.3 0 0 0 0 0 0 0.7 0 0 2.4 0 0 0 0 0 0 2.4 0 0 5.2 0 0 0 0 0 0 1.3 0 0 1.6 0 0 0 0 0 0 2.2 0 0 2.1 0 0 0 0 0 0 2.7 0 0 0.4 0 0 0 0 0 0 0 0 0 0 0 0 0 0 0 0 0 0 0 0 0 0 0 0 0 0 0 0 0 0 0 0 0 0 0 0 0 0 0 0 0 0 0 0 0 0 0 0 0 0 0 0 0 0 0 0 0 0 0 0 0 0 0 0 0 0 0 0 0 0 0 0 0 0 0 0 0 0 0 0 0 0 0 0 0 0 0 0 0 0 0 0 0 0 0 0 0 0 0 0 0 0 0 0 0 0 0 0 0 0 0 0 0.7 0 0 0 0 0 0 0 0 0 1.1 0 0 0 0 0 0 0 0 0 3.3 0 0 0 0 0 0 0 0 0 0.3 0 0 0 0 0 0 0 0 0 1.4 0 0 0 0 0 0 0 0 0 1.2 0 0 0 0 0 0 0 0 0 0.5 0 0 0 0 0 0 0 0 0 3.9 0 0 0 0 0 0 0 0 0 0.1 0 0 0 0 0 0 0 0 0 1 0 0 0 1.3 0 0 0.6 0 0 0 0 0 0 3.7 0 0 1.9 0 0 0 0 0 0 1.9 0 0 4.4 0 0 0 0 0 0 4.5 0 0 1.1 0 0 0 0 0 0 0.3 0 0 2.7 0 0 0 0 0 0 0.3 0 0 1.8 0 0 0 0 0 0 0.4 0 0 0.9 0 0 0 0 0 0 1.3 0 0 0.9 0 0 0 0 0 0 4.8 0 0 0.6 0 0 0 0 0 0 1.8 0 0 3.5 0 0 0 0 0 0 0 0 0 0 0 0 0 0 0 0 0 0 0 0 0 0 0 0 0 0 0 0 0 0 0 0 0 0 0 0 0 0 0 0 0 0 0 0 0 0 0 0 0 0 0 0 0 0 0 0 0 0 0 0 0 0 0 0 0 0 0 0 0 0 0 0 0 0 0 0 0 0 0 0 0 0 0 0 0 0 0 0 0 0 0 0 0 0 0 0 0 0 0 0 0 0 0 0 0 0 0 0 0 0 0 0 0.3 0 0 0 0 0 0 0 0 0 0.9 0 0 0 0 0 0 0 0 0 1.8 0 0 0 0 0 0 0 0 0 1.7 0 0 0 0 0 0 0 0 0 3.4 0 0 0 0 0 0 0 0 0 1.6 0 0 0 0 0 0 0 0 0 0.5 0 0 0 0 0 0 0 0 0 0.8 0 0 0 0 0 0 0 0 0 2 0 0 0 0 0 0 0 0 0 5.7 0 0 0 3.6 0 0 0.3 0 0 0 0 0 0 1.9 0 0 0.1 0 0 0 0 0 0 5.4 0 0 0.6 0 0 0 0 0 0 5.6 0 0 0.1 0 0 0 0 0 0 1.3 0 0 1.9 0 0 0 0 0 0 0.7 0 0 5 0 0 0 0 0 0 2.5 0 0 4.3 0 0 0 0 0 0 1.7 0 0 0.3 0 0 0 0 0 0 1.6 0 0 4.6 0 0 0 0 0 0 2.5 0 0 3.1 0 0 0 0 0 0 0 0 0 0 0 0 0 0 0 0 0 0 0 0 0 0 0 0 0 0 0 0 0 0 0 0 0 0 0 0 0 0 0 0 0 0 0 0 0 0 0 0 0 0 0 0 0 0 0 0 0 0 0 0 0 0 0 0 0 0 0 0 0 0 0 0 0 0 0 0 0 0 0 0 0 0 0 0 0 0 0 0 0 0 0 0 0 0 0 0 0 0 0 0 0 0 0 0 0 0 0 0 0 0 0 0 0.9 0 0 0 0 0 0 0 0 0 1.1 0 0 0 0 0 0 0 0 0 0.1 0 0 0 0 0 0 0 0 0 0.5 0 0 0 0 0 0 0 0 0 5.1 0 0 0 0 0 0 0 0 0 3.1 0 0 0 0 0 0 0 0 0 2.5 0 0 0 0 0 0 0 0 0 3.7 0 0 0 0 0 0 0 0 0 2.3 0 0 0 0 0 0 0 0 0 0.4 0 0 
0 0 0 0 0 0 0 1.1 0 0 0 0 0 0 0 0 0 5.1 0 0 0 0 0 0 0 0 0 2.6 0 0 0 0 0 0 0 0 0 0.1 0 0 0 0 0 0 0 0 0 2.6 0 0 0 0 0 0 0 0 0 2.2 0 0 0 0 0 0 0 0 0 2.1 0 0 0 0 0 0 0 0 0 0.4 0 0 0 0 0 0 0 0 0 0.6 0 0 0 0 0 0 0 0 0 2 0 0 0 0.9 0 0 4.8 0 0 0 0 0 0 1.1 0 0 0.9 0 0 0 0 0 0 2.8 0 0 3.1 0 0 0 0 0 0 0.3 0 0 3.9 0 0 0 0 0 0 0.4 0 0 1.7 0 0 0 0 0 0 0.5 0 0 1.9 0 0 0 0 0 0 2.2 0 0 1.6 0 0 0 0 0 0 1.3 0 0 3.6 0 0 0 0 0 0 0.1 0 0 0.3 0 0 0 0 0 0 4.7 0 0 3.2 0 0 0 0 0 0 0 0 0 0 0 0 0 0 0 0 0 0 0 0 0 0 0 0 0 0 0 0 0 0 0 0 0 0 0 0 0 0 0 0 0 0 0 0 0 0 0 0 0 0 0 0 0 0 0 0 0 0 0 0 0 0 0 0 0 0 0 0 0 0 0 0 0 0 0 0 0 0 0 0 0 0 0 0 0 0 0 0 0 0 0 0 0 0 0 0 0 0 0 0 0 0 0 0 0 0 0 0 0 0 0 0 4.3 0 0 0 0 0 0 0 0 0 0.7 0 0 0 0 0 0 0 0 0 3.8 0 0 0 0 0 0 0 0 0 3.8 0 0 0 0 0 0 0 0 0 0.7 0 0 0 0 0 0 0 0 0 0.9 0 0 0 0 0 0 0 0 0 4.5 0 0 0 0 0 0 0 0 0 1.1 0 0 0 0 0 0 0 0 0 0 0 0 0 0 0 0 0 0 0 0.1 0 0 0 0.7 0 0 1 0 0 0 0 0 0 3.9 0 0 2.3 0 0 0 0 0 0 1.7 0 0 0.4 0 0 0 0 0 0 2 0 0 0.9 0 0 0 0 0 0 4.9 0 0 1.1 0 0 0 0 0 0 0.2 0 0 0.7 0 0 0 0 0 0 4.4 0 0 2.3 0 0 0 0 0 0 4 0 0 3.3 0 0 0 0 0 0 0.9 0 0 0.5 0 0 0 0 0 0 3.3 0 0 2.2 0 0 0 0 0 0 0 0 0 0 0 0 0 0 0 0 0 0 0 0 0 0 0 0 0 0 0 0 0 0 0 0 0 0 0 0 0 0 0 0 0 0 0 0 0 0 0 0 0 0 0 0 0 0 0 0 0 0 0 0 0 0 0 0 0 0 0 0 0 0 0 0 0 0 0 0 0 0 0 0 0 0 0 0 0 0 0 0 0 0 0 0 0 0 0 0 0 0 0 0 0 0 0 0 0 0 0 0 0 0 0 0 2.1 0 0 0 0 0 0 0 0 0 5 0 0 0 0 0 0 0 0 0 5 0 0 0 0 0 0 0 0 0 1.8 0 0 0 0 0 0 0 0 0 0.6 0 0 0 0 0 0 0 0 0 0.3 0 0 0 0 0 0 0 0 0 1.9 0 0 0 0 0 0 0 0 0 1 0 0 0 0 0 0 0 0 0 5.7 0 0 0 0 0 0 0 0 0 1.9 0 0 0 4.2 0 0 1.9 0 0 0 0 0 0 1.8 0 0 3.1 0 0 0 0 0 0 0.5 0 0 0.9 0 0 0 0 0 0 0.5 0 0 0.3 0 0 0 0 0 0 0.7 0 0 3.7 0 0 0 0 0 0 3.9 0 0 1.6 0 0 0 0 0 0 2.1 0 0 4.2 0 0 0 0 0 0 0.1 0 0 1.6 0 0 0 0 0 0 5.5 0 0 4.8 0 0 0 0 0 0 4.8 0 0 1.1 0 0 0 0 0 0 0 0 0 0 0 0 0 0 0 0 0 0 0 0 0 0 0 0 0 0 0 0 0 0 0 0 0 0 0 0 0 0 0 0 0 0 0 0 0 0 0 0 0 0 0 0 0 0 0 0 0 0 0 0 0 0 0 0 0 0 0 0 0 0 0 0 0 0 0 0 0 0 0 0 0 0 0 0 0 0 0 0 0 0 0 0 0 0 0 0 0 0 0 0 0 0 0 0 0 0 0 0 0 0 0 0 0.7 0 0 0 0 0 0 0 0 0 0.8 0 0 0 0 0 0 0 0 0 2.7 0 0 0 0 0 0 0 0 0 1.7 0 0 0 0 0 0 0 0 0 0.7 0 0 0 0 0 0 0 0 0 0.7 0 0 0 0 0 0 0 0 0 0.6 0 0 0 0 0 0 0 0 0 0.7 0 0 0 0 0 0 0 0 0 2.8 0 0 0 0 0 0 0 0 0 0.4 0 0 0 0 0 0 0 0 0 1.3 0 0 0 0 0 0 0 0 0 5.6 0 0 0 0 0 0 0 0 0 3.4 0 0 0 0 0 0 0 0 0 4.1 0 0 0 0 0 0 0 0 0 3.7 0 0 0 0 0 0 0 0 0 1.1 0 0 0 0 0 0 0 0 0 1 0 0 0 0 0 0 0 0 0 4.3 0 0 0 0 0 0 0 0 0 2.5 0 0 0 0 0 0 0 0 0 2 0 0 0 4 0 0 1.6 0 0 0 0 0 0 1.3 0 0 1.2 0 0 0 0 0 0 2.2 0 0 2.7 0 0 0 0 0 0 4 0 0 5.8 0 0 0 0 0 0 2 0 0 1.8 0 0 0 0 0 0 4.2 0 0 4.4 0 0 0 0 0 0 3.2 0 0 4.9 0 0 0 0 0 0 3.2 0 0 4.3 0 0 0 0 0 0 0 0 0 1.6 0 0 0 0 0 0 2.5 0 0 2.3 0 0 0 0 0 0 0 0 0 0 0 0 0 0 0 0 0 0 0 0 0 0 0 0 0 0 0 0 0 0 0 0 0 0 0 0 0 0 0 0 0 0 0 0 0 0 0 0 0 0 0 0 0 0 0 0 0 0 0 0 0 0 0 0 0 0 0 0 0 0 0 0 0 0 0 0 0 0 0 0 0 0 0 0 0 0 0 0 0 0 0 0 0 0 0 0 0 0 0 0 0 0 0 0 0 0 0 0 0 0 0 0 4.3 0 0 0 0 0 0 0 0 0 1.6 0 0 0 0 0 0 0 0 0 5.5 0 0 0 0 0 0 0 0 0 0.3 0 0 0 0 0 0 0 0 0 2.9 0 0 0 0 0 0 0 0 0 5 0 0 0 0 0 0 0 0 0 0.9 0 0 0 0 0 0 0 0 0 0.8 0 0 0 0 0 0 0 0 0 1.4 0 0 0 0 0 0 0 0 0 1.4 0 0 0 3.3 0 0 0.7 0 0 0 0 0 0 1.9 0 0 0.3 0 0 0 0 0 0 2.3 0 0 4.4 0 0 0 0 0 0 4.9 0 0 2.5 0 0 0 0 0 0 4.6 0 0 2.6 0 0 0 0 0 0 4.9 0 0 4.5 0 0 0 0 0 0 5.2 0 0 0.8 0 0 0 0 0 0 3.1 0 0 0.9 0 0 0 0 0 0 0.2 0 0 5.4 0 0 0 0 0 0 0.5 0 0 3.9 0 0 0 0 0 0 0 0 0 0 0 0 0 0 0 0 0 0 0 0 0 0 0 0 0 0 0 0 0 0 0 0 0 0 0 0 0 0 0 0 0 0 0 0 0 0 0 0 0 0 0 0 0 0 0 0 0 0 0 0 0 0 0 0 0 0 0 0 0 0 0 0 0 0 0 0 0 0 0 0 0 0 0 0 0 0 0 0 0 0 0 0 0 0 0 0 0 0 0 0 0 0 0 0 0 0 0 0 0 0 0 0 3.9 0 0 0 0 0 0 0 0 0 0.3 0 0 0 0 0 0 0 0 0 3 0 0 0 0 0 0 0 0 0 5 0 0 0 0 0 0 0 0 0 0.7 0 0 0 0 0 0 0 0 0 4.1 0 0 0 0 0 0 0 0 0 3.4 0 0 0 0 0 0 0 0 0 0.8 0 0 0 0 0 0 0 0 0 3.9 0 0 0 0 0 0 0 0 0 2.3 0 0 0 3.6 0 0 2 0 0 0 0 0 0 2.6 0 0 2.6 0 0 0 0 0 0 3.5 0 0 3.9 0 0 0 0 0 0 0.8 0 0 3.9 0 0 0 0 0 0 0.3 0 0 0.9 0 0 0 0 0 0 1.9 0 0 3.8 0 0 0 0 0 0 0.2 0 0 0.1 0 0 0 0 0 0 3.7 0 0 0.7 0 0 0 0 0 0 0.5 0 0 0.8 0 0 0 0 0 0 2.8 0 0 0.5 0 0 0 0 0 0 0 0 0 0 0 0 0 0 0 0 0 0 0 0 0 0 0 0 0 0 0 0 0 0 0 0 0 0 0 0 0 0 0 0 0 0 0 0 0 0 0 0 0 0 0 0 0 0 0 0 0 0 0 0 0 0 0 0 0 0 0 0 0 0 0 0 0 0 0 0 0 0 0 0 0 0 0 0 0 0 0 0 0 0 0 0 0 0 0 0 0 0 0 0 0 0 0 0 0 0 0 0 0 0 0 0 0.2 0 0 0 0 0 0 0 0 0 0.7 0 0 0 0 0 0 0 0 0 1.7 0 0 0 0 0 0 0 0 0 4.6 0 0 0 0 0 0 0 0 0 2.3 0 0 0 0 0 0 0 0 0 5.5 0 0 0 0 0 0 0 0 0 0.8 0 0 0 0 0 0 0 0 0 0.6 0 0 0 0 0 0 0 0 0 4.1 0 0 0 0 0 0 0 0 0 2.2 0 0 0 0 0 0 0 0 0 2.9 0 0 0 0 0 0 0 0 0 0.8 0 0 0 0 0 0 0 0 0 0.9 0 0 0 0 0 0 0 0 0 2.4 0 0 0 0 0 0 0 0 0 1.3 0 0 0 0 0 0 0 0 0 0.3 0 0 0 0 0 0 0 0 0 3.5 0 0 0 0 0 0 0 0 0 3.1 0 0 0 0 0 0 0 0 0 3.1 0 0 0 0 0 0 0 0 0 2.7 0 0 0 1.4 0 0 0.7 0 0 0 0 0 0 0 0 0 3.4 0 0 0 0 0 0 2.2 0 0 1.2 0 0 0 0 0 0 1.1 0 0 3.9 0 0 0 0 0 0 0.9 0 0 2.6 0 0 0 0 0 0 2.8 0 0 3.2 0 0 0 0 0 0 3.4 0 0 1.4 0 0 0 0 0 0 1.3 0 0 0.8 0 0 0 0 0 0 5.1 0 0 0.3 0 0 0 0 0 0 2.3 0 0 1.6 0 0 0 0 0 0 0 0 0 0 0 0 0 0 0 0 0 0 0 0 0 0 0 0 0 0 0 0 0 0 0 0 0 0 0 0 0 0 0 0 0 0 0 0 0 0 0 0 0 0 0 0 0 0 0 0 0 0 0 0 0 0 0 0 0 0 0 0 0 0 0 0 0 0 0 0 0 0 0 0 0 0 0 0 0 0 0 0 0 0 0 0 0 0 0 0 0 0 0 0 0 0 0 0 0 0 0 0 0 0 0 0 2 0 0 0 0 0 0 0 0 0 0.6 0 0 0 0 0 0 0 0 0 1.2 0 0 0 0 0 0 0 0 0 1.7 0 0 0 0 0 0 0 0 0 1.3 0 0 0 0 0 0 0 0 0 0.3 0 0 0 0 0 0 0 0 0 4.6 0 0 0 0 0 0 0 0 0 0.1 0 0 0 0 0 0 0 0 0 3.4 0 0 0 0 0 0 0 0 0 4.7 0 0 0 4.3 0 0 0.1 0 0 0 0 0 0 1 0 0 1.6 0 0 0 0 0 0 2.5 0 0 4.1 0 0 0 0 0 0 4 0 0 1.1 0 0 0 0 0 0 0.4 0 0 0.2 0 0 0 0 0 0 0.2 0 0 5.1 0 0 0 0 0 0 3.2 0 0 2.4 0 0 0 0 0 0 4.1 0 0 1.9 0 0 0 0 0 0 5 0 0 4.3 0 0 0 0 0 0 0.8 0 0 1.7 0 0 0 0 0 0 0 0 0 0 0 0 0 0 0 0 0 0 0 0 0 0 0 0 0 0 0 0 0 0 0 0 0 0 0 0 0 0 0 0 0 0 0 0 0 0 0 0 0 0 0 0 0 0 0 0 0 0 0 0 0 0 0 0 0 0 0 0 0 0 0 0 0 0 0 0 0 0 0 0 0 0 0 0 0 0 0 0 0 0 0 0 0 0 0 0 0 0 0 0 0 0 0 0 0 0 0 0 0 0 0 0 2.9 0 0 0 0 0 0 0 0 0 0.4 0 0 0 0 0 0 0 0 0 0.1 0 0 0 0 0 0 0 0 0 2.4 0 0 0 0 0 0 0 0 0 4.2 0 0 0 0 0 0 0 0 0 3.6 0 0 0 0 0 0 0 0 0 0.3 0 0 0 0 0 0 0 0 0 4.4 0 0 0 0 0 0 0 0 0 3.5 0 0 0 0 0 0 0 0 0 5 0 0 0 0.7 0 0 0 0 0 0 0 0 0 0.2 0 0 0.1 0 0 0 0 0 0 2.4 0 0 3.3 0 0 0 0 0 0 0 0 0 1.4 0 0 0 0 0 0 3.1 0 0 0.3 0 0 0 0 0 0 5.2 0 0 4.3 0 0 0 0 0 0 0.3 0 0 0.2 0 0 0 0 0 0 2.6 0 0 4.7 0 0 0 0 0 0 1.1 0 0 4.1 0 0 0 0 0 0 2 0 0 5.7 0 0 0 0 0 0 0 0 0 0 0 0 0 0 0 0 0 0 0 0 0 0 0 0 0 0 0 0 0 0 0 0 0 0 0 0 0 0 0 0 0 0 0 0 0 0 0 0 0 0 0 0 0 0 0 0 0 0 0 0 0 0 0 0 0 0 0 0 0 0 0 0 0 0 0 0 0 0 0 0 0 0 0 0 0 0 0 0 0 0 0 0 0 0 0 0 0 0 0 0 0 0 0 0 0 0 0 0 0 0 0 0 1 0 0 0 0 0 0 0 0 0 0.8 0 0 0 0 0 0 0 0 0 2.7 0 0 0 0 0 0 0 0 0 1.5 0 0 0 0 0 0 0 0 0 2.3 0 0 0 0 0 0 0 0 0 2.5 0 0 0 0 0 0 0 0 0 0.7 0 0 0 0 0 0 0 0 0 2.9 0 0 0 0 0 0 0 0 0 4.5 0 0 0 0 0 0 0 0 0 1.6 0 0 0 0 0 0 0 0 0 4.4 0 0 0 0 0 0 0 0 0 1.6 0 0 0 0 0 0 0 0 0 3.6 0 0 0 0 0 0 0 0 0 4.3 0 0 0 0 0 0 0 0 0 2.4 0 0 0 0 0 0 0 0 0 0.6 0 0 0 0 0 0 0 0 0 3.9 0 0 0 0 0 0 0 0 0 6.4 0 0 0 0 0 0 0 0 0 2.7 0 0 0 0 0 0 0 0 0 1.1 0 0 0 0.9 0 0 1.9 0 0 0 0 0 0 2.1 0 0 1.2 0 0 0 0 0 0 3.2 0 0 0.1 0 0 0 0 0 0 0.5 0 0 0.9 0 0 0 0 0 0 2.9 0 0 0 0 0 0 0 0 0 0.2 0 0 0.1 0 0 0 0 0 0 2 0 0 1.2 0 0 0 0 0 0 4.7 0 0 2.3 0 0 0 0 0 0 0.2 0 0 0.9 0 0 0 0 0 0 0 0 0 1.2 0 0 0 0 0 0 0 0 0 0 0 0 0 0 0 0 0 0 0 0 0 0 0 0 0 0 0 0 0 0 0 0 0 0 0 0 0 0 0 0 0 0 0 0 0 0 0 0 0 0 0 0 0 0 0 0 0 0 0 0 0 0 0 0 0 0 0 0 0 0 0 0 0 0 0 0 0 0 0 0 0 0 0 0 0 0 0 0 0 0 0 0 0 0 0 0 0 0 0 0 0 0 0 0 0 0 0 0 0 0 0 0 1.5 0 0 0 0 0 0 0 0 0 1.3 0 0 0 0 0 0 0 0 0 4.4 0 0 0 0 0 0 0 0 0 3.8 0 0 0 0 0 0 0 0 0 2.7 0 0 0 0 0 0 0 0 0 4 0 0 0 0 0 0 0 0 0 0.2 0 0 0 0 0 0 0 0 0 1.1 0 0 0 0 0 0 0 0 0 4 0 0 0 0 0 0 0 0 0 0.2 0 0 0 1.1 0 0 2.1 0 0 0 0 0 0 0.5 0 0 0.4 0 0 0 0 0 0 2.7 0 0 1.7 0 0 0 0 0 0 1.1 0 0 0.3 0 0 0 0 0 0 4.3 0 0 2.4 0 0 0 0 0 0 3.1 0 0 3.7 0 0 0 0 0 0 2.9 0 0 4 0 0 0 0 0 0 1.8 0 0 4.4 0 0 0 0 0 0 4.5 0 0 0.1 0 0 0 0 0 0 3.7 0 0 1.1 0 0 0 0 0 0 0 0 0 0 0 0 0 0 0 0 0 0 0 0 0 0 0 0 0 0 0 0 0 0 0 0 0 0 0 0 0 0 0 0 0 0 0 0 0 0 0 0 0 0 0 0 0 0 0 0 0 0 0 0 0 0 0 0 0 0 0 0 0 0 0 0 0 0 0 0 0 0 0 0 0 0 0 0 0 0 0 0 0 0 0 0 0 0 0 0 0 0 0 0 0 0 0 0 0 0 0 0 0 0 0 0 4.8 0 0 0 0 0 0 0 0 0 0.5 0 0 0 0 0 0 0 0 0 0.2 0 0 0 0 0 0 0 0 0 0.7 0 0 0 0 0 0 0 0 0 1.7 0 0 0 0 0 0 0 0 0 0 0 0 0 0 0 0 0 0 0 0.3 0 0 0 0 0 0 0 0 0 2.2 0 0 0 0 0 0 0 0 0 0 0 0 0 0 0 0 0 0 0 4.6 0 0 0 5.1 0 0 2.8 0 0 0 0 0 0 2.3 0 0 5.2 0 0 0 0 0 0 1.6 0 0 0.7 0 0 0 0 0 0 0.2 0 0 0.1 0 0 0 0 0 0 3.8 0 0 0.4 0 0 0 0 0 0 2 0 0 1.1 0 0 0 0 0 0 2.9 0 0 4.1 0 0 0 0 0 0 5.9 0 0 0.7 0 0 0 0 0 0 3.8 0 0 5.9 0 0 0 0 0 0 1.2 0 0 1.5 0 0 0 0 0 0 0 0 0 0 0 0 0 0 0 0 0 0 0 0 0 0 0 0 0 0 0 0 0 0 0 0 0 0 0 0 0 0 0 0 0 0 0 0 0 0 0 0 0 0 0 0 0 0 0 0 0 0 0 0 0 0 0 0 0 0 0 0 0 0 0 0 0 0 0 0 0 0 0 0 0 0 0 0 0 0 0 0 0 0 0 0 0 0 0 0 0 0 0 0 0 0 0 0 0 0 0 0 0 0 0 0 1.6 0 0 0 0 0 0 0 0 0 0.9 0 0 0 0 0 0 0 0 0 3.4 0 0 0 0 0 0 0 0 0 0.5 0 0 0 0 0 0 0 0 0 3.3 0 0 0 0 0 0 0 0 0 1.8 0 0 0 0 0 0 0 0 0 1 0 0 0 0 0 0 0 0 0 0 0 0 0 0 0 0 0 0 0 0.8 0 0 0 0 0 0 0 0 0 2.3 0 0 0 0 0 0 0 0 0 0.9 0 0 0 0 0 0 0 0 0 0 0 0 0 0 0 0 0 0 0 1.3 0 0 0 0 0 0 0 0 0 1.4 0 0 0 0 0 0 0 0 0 1.6 0 0 0 0 0 0 0 0 0 2.8 0 0 0 0 0 0 0 0 0 2 0 0 0 0 0 0 0 0 0 6.2 0 0 0 0 0 0 0 0 0 3.3 0 0 0 0 0 0 0 0 0 2 0 0 0 0.7 0 0 2.6 0 0 0 0 0 0 4.1 0 0 2.2 0 0 0 0 0 0 0.5 0 0 0.8 0 0 0 0 0 0 3.1 0 0 0.8 0 0 0 0 0 0 0.7 0 0 3.9 0 0 0 0 0 0 2.7 0 0 1.7 0 0 0 0 0 0 0.8 0 0 0.5 0 0 0 0 0 0 0.5 0 0 2.9 0 0 0 0 0 0 0.6 0 0 1.9 0 0 0 0 0 0 5.3 0 0 1 0 0 0 0 0 0 0 0 0 0 0 0 0 0 0 0 0 0 0 0 0 0 0 0 0 0 0 0 0 0 0 0 0 0 0 0 0 0 0 0 0 0 0 0 0 0 0 0 0 0 0 0 0 0 0 0 0 0 0 0 0 0 0 0 0 0 0 0 0 0 0 0 0 0 0 0 0 0 0 0 0 0 0 0 0 0 0 0 0 0 0 0 0 0 0 0 0 0 0 0 0 0 0 0 0 0 0 0 0 0 0 0 1.2 0 0 0 0 0 0 0 0 0 2.3 0 0 0 0 0 0 0 0 0 1.5 0 0 0 0 0 0 0 0 0 3.1 0 0 0 0 0 0 0 0 0 0.1 0 0 0 0 0 0 0 0 0 1.5 0 0 0 0 0 0 0 0 0 0.4 0 0 0 0 0 0 0 0 0 0.5 0 0 0 0 0 0 0 0 0 2.3 0 0 0 0 0 0 0 0 0 0 0 0 0 3 0 0 4.7 0 0 0 0 0 0 5.8 0 0 0.4 0 0 0 0 0 0 2.7 0 0 3.6 0 0 0 0 0 0 0.6 0 0 4.2 0 0 0 0 0 0 2.2 0 0 1.4 0 0 0 0 0 0 4.2 0 0 0.1 0 0 0 0 0 0 1.1 0 0 2.2 0 0 0 0 0 0 0.3 0 0 1.3 0 0 0 0 0 0 0.5 0 0 2 0 0 0 0 0 0 3.1 0 0 1.1 0 0 0 0 0 0 0 0 0 0 0 0 0 0 0 0 0 0 0 0 0 0 0 0 0 0 0 0 0 0 0 0 0 0 0 0 0 0 0 0 0 0 0 0 0 0 0 0 0 0 0 0 0 0 0 0 0 0 0 0 0 0 0 0 0 0 0 0 0 0 0 0 0 0 0 0 0 0 0 0 0 0 0 0 0 0 0 0 0 0 0 0 0 0 0 0 0 0 0 0 0 0 0 0 0 0 0 0 0 0 0 0 2.4 0 0 0 0 0 0 0 0 0 0.9 0 0 0 0 0 0 0 0 0 2.1 0 0 0 0 0 0 0 0 0 3.6 0 0 0 0 0 0 0 0 0 4.5 0 0 0 0 0 0 0 0 0 2.5 0 0 0 0 0 0 0 0 0 3.8 0 0 0 0 0 0 0 0 0 2.3 0 0 0 0 0 0 0 0 0 2.4 0 0 0 0 0 0 0 0 0 5.3 0 0 0 2.1 0 0 0.8 0 0 0 0 0 0 4 0 0 2.2 0 0 0 0 0 0 3.9 0 0 0 0 0 0 0 0 0 1.1 0 0 0.2 0 0 0 0 0 0 1.3 0 0 5.7 0 0 0 0 0 0 1.8 0 0 0.2 0 0 0 0 0 0 2.4 0 0 0.8 0 0 0 0 0 0 1.1 0 0 3.3 0 0 0 0 0 0 0.1 0 0 1.6 0 0 0 0 0 0 5.4 0 0 3.3 0 0 0 0 0 0 0 0 0 0 0 0 0 0 0 0 0 0 0 0 0 0 0 0 0 0 0 0 0 0 0 0 0 0 0 0 0 0 0 0 0 0 0 0 0 0 0 0 0 0 0 0 0 0 0 0 0 0 0 0 0 0 0 0 0 0 0 0 0 0 0 0 0 0 0 0 0 0 0 0 0 0 0 0 0 0 0 0 0 0 0 0 0 0 0 0 0 0 0 0 0 0 0 0 0 0 0 0 0 0 0 0 3.6 0 0 0 0 0 0 0 0 0 1.1 0 0 0 0 0 0 0 0 0 0.5 0 0 0 0 0 0 0 0 0 1.4 0 0 0 0 0 0 0 0 0 0.9 0 0 0 0 0 0 0 0 0 1.8 0 0 0 0 0 0 0 0 0 4.3 0 0 0 0 0 0 0 0 0 5.1 0 0 0 0 0 0 0 0 0 0.6 0 0 0 0 0 0 0 0 0 0.7 0 0 0 0 0 0 0 0 0 2.6 0 0 0 0 0 0 0 0 0 1.1 0 0 0 0 0 0 0 0 0 2.8 0 0 0 0 0 0 0 0 0 2.9 0 0 0 0 0 0 0 0 0 5.3 0 0 0 0 0 0 0 0 0 1.8 0 0 0 0 0 0 0 0 0 4.1 0 0 0 0 0 0 0 0 0 0.8 0 0 0 0 0 0 0 0 0 4.2 0 0 0 0 0 0 0 0 0 1.8 0 0 0 0 0 0 3.1 0 0 0 0 0 0 0.9 0 0 3.7 0 0 0 0 0 0 3.1 0 0 3.8 0 0 0 0 0 0 0.2 0 0 0.3 0 0 0 0 0 0 1.8 0 0 0 0 0 0 0 0 0 0.5 0 0 5.6 0 0 0 0 0 0 0.6 0 0 0.8 0 0 0 0 0 0 4 0 0 1 0 0 0 0 0 0 0.4 0 0 3.4 0 0 0 0 0 0 2.1 0 0 0.7 0 0 0 0 0 0 0 0 0 0 0 0 0 0 0 0 0 0 0 0 0 0 0 0 0 0 0 0 0 0 0 0 0 0 0 0 0 0 0 0 0 0 0 0 0 0 0 0 0 0 0 0 0 0 0 0 0 0 0 0 0 0 0 0 0 0 0 0 0 0 0 0 0 0 0 0 0 0 0 0 0 0 0 0 0 0 0 0 0 0 0 0 0 0 0 0 0 0 0 0 0 0 0 0 0 0 0 0 0 0 0 0 0.9 0 0 0 0 0 0 0 0 0 4.2 0 0 0 0 0 0 0 0 0 4.3 0 0 0 0 0 0 0 0 0 0.6 0 0 0 0 0 0 0 0 0 3.4 0 0 0 0 0 0 0 0 0 3.9 0 0 0 0 0 0 0 0 0 0.1 0 0 0 0 0 0 0 0 0 3.5 0 0 0 0 0 0 0 0 0 1.3 0 0 0 0 0 0 0 0 0 6.8 0 0 0 2.7 0 0 0.3 0 0 0 0 0 0 1.8 0 0 4.6 0 0 0 0 0 0 3 0 0 0.9 0 0 0 0 0 0 2.2 0 0 0.3 0 0 0 0 0 0 4.5 0 0 0.5 0 0 0 0 0 0 2.2 0 0 0.4 0 0 0 0 0 0 4.6 0 0 5.7 0 0 0 0 0 0 4.4 0 0 3.3 0 0 0 0 0 0 6.2 0 0 1.4 0 0 0 0 0 0 3.5 0 0 1.8 0 0 0 0 0 0 0 0 0 0 0 0 0 0 0 0 0 0 0 0 0 0 0 0 0 0 0 0 0 0 0 0 0 0 0 0 0 0 0 0 0 0 0 0 0 0 0 0 0 0 0 0 0 0 0 0 0 0 0 0 0 0 0 0 0 0 0 0 0 0 0 0 0 0 0 0 0 0 0 0 0 0 0 0 0 0 0 0 0 0 0 0 0 0 0 0 0 0 0 0 0 0 0 0 0 0 0 0 0 0 0 0 3.6 0 0 0 0 0 0 0 0 0 3.4 0 0 0 0 0 0 0 0 0 4.5 0 0 0 0 0 0 0 0 0 3.1 0 0 0 0 0 0 0 0 0 1.7 0 0 0 0 0 0 0 0 0 0.5 0 0 0 0 0 0 0 0 0 0 0 0 0 0 0 0 0 0 0 1.7 0 0 0 0 0 0 0 0 0 5 0 0 0 0 0 0 0 0 0 4.5 0 0 0 1.1 0 0 0.2 0 0 0 0 0 0 1 0 0 0.4 0 0 0 0 0 0 0.2 0 0 0.7 0 0 0 0 0 0 1.3 0 0 4.2 0 0 0 0 0 0 1.9 0 0 3 0 0 0 0 0 0 2.4 0 0 0.9 0 0 0 0 0 0 1.5 0 0 0.3 0 0 0 0 0 0 2 0 0 2 0 0 0 0 0 0 0.8 0 0 1.7 0 0 0 0 0 0 0.9 0 0 2.6 0 0 0 0 0 0 0 0 0 0 0 0 0 0 0 0 0 0 0 0 0 0 0 0 0 0 0 0 0 0 0 0 0 0 0 0 0 0 0 0 0 0 0 0 0 0 0 0 0 0 0 0 0 0 0 0 0 0 0 0 0 0 0 0 0 0 0 0 0 0 0 0 0 0 0 0 0 0 0 0 0 0 0 0 0 0 0 0 0 0 0 0 0 0 0 0 0 0 0 0 0 0 0 0 0 0 0 0 0 0 0 0 3 0 0 0 0 0 0 0 0 0 1 0 0 0 0 0 0 0 0 0 1.7 0 0 0 0 0 0 0 0 0 1 0 0 0 0 0 0 0 0 0 2.5 0 0 0 0 0 0 0 0 0 2.7 0 0 0 0 0 0 0 0 0 3.7 0 0 0 0 0 0 0 0 0 2.3 0 0 0 0 0 0 0 0 0 0.8 0 0 0 0 0 0 0 0 0 3.9 0 0 0 0 0 0 0 0 0 3.5 0 0 0 0 0 0 0 0 0 3.6 0 0 0 0 0 0 0 0 0 1.7 0 0 0 0 0 0 0 0 0 4 0 0 0 0 0 0 0 0 0 0.3 0 0 0 0 0 0 0 0 0 2.2 0 0 0 0 0 0 0 0 0 2.2 0 0 0 0 0 0 0 0 0 4.3 0 0 0 0 0 0 0 0 0 2.1 0 0 0 0 0 0 0 0 0 3 0 0 0 2.2 0 0 0.8 0 0 0 0 0 0 1.1 0 0 2.6 0 0 0 0 0 0 0.2 0 0 1.7 0 0 0 0 0 0 2.8 0 0 2.1 0 0 0 0 0 0 2.3 0 0 1.6 0 0 0 0 0 0 4.5 0 0 1.6 0 0 0 0 0 0 2.3 0 0 3.4 0 0 0 0 0 0 2.5 0 0 4.2 0 0 0 0 0 0 3.1 0 0 0.4 0 0 0 0 0 0 0.8 0 0 1.6 0 0 0 0 0 0 0 0 0 0 0 0 0 0 0 0 0 0 0 0 0 0 0 0 0 0 0 0 0 0 0 0 0 0 0 0 0 0 0 0 0 0 0 0 0 0 0 0 0 0 0 0 0 0 0 0 0 0 0 0 0 0 0 0 0 0 0 0 0 0 0 0 0 0 0 0 0 0 0 0 0 0 0 0 0 0 0 0 0 0 0 0 0 0 0 0 0 0 0 0 0 0 0 0 0 0 0 0 0 0 0 0 0.2 0 0 0 0 0 0 0 0 0 0.2 0 0 0 0 0 0 0 0 0 2.6 0 0 0 0 0 0 0 0 0 1 0 0 0 0 0 0 0 0 0 0.9 0 0 0 0 0 0 0 0 0 4.7 0 0 0 0 0 0 0 0 0 1 0 0 0 0 0 0 0 0 0 2.3 0 0 0 0 0 0 0 0 0 0.8 0 0 0 0 0 0 0 0 0 5.3 0 0 0 0.4 0 0 0.3 0 0 0 0 0 0 3.6 0 0 0.6 0 0 0 0 0 0 1.4 0 0 1.8 0 0 0 0 0 0 1.4 0 0 0.2 0 0 0 0 0 0 4.1 0 0 1 0 0 0 0 0 0 0.4 0 0 2.6 0 0 0 0 0 0 1.1 0 0 3.5 0 0 0 0 0 0 1.2 0 0 0.3 0 0 0 0 0 0 2.7 0 0 2.2 0 0 0 0 0 0 1 0 0 4.4 0 0 0 0 0 0 0 0 0 0 0 0 0 0 0 0 0 0 0 0 0 0 0 0 0 0 0 0 0 0 0 0 0 0 0 0 0 0 0 0 0 0 0 0 0 0 0 0 0 0 0 0 0 0 0 0 0 0 0 0 0 0 0 0 0 0 0 0 0 0 0 0 0 0 0 0 0 0 0 0 0 0 0 0 0 0 0 0 0 0 0 0 0 0 0 0 0 0 0 0 0 0 0 0 0 0 0 0 0 0 0 0 4.9 0 0 0 0 0 0 0 0 0 4.5 0 0 0 0 0 0 0 0 0 2.2 0 0 0 0 0 0 0 0 0 4.4 0 0 0 0 0 0 0 0 0 2.7 0 0 0 0 0 0 0 0 0 2.7 0 0 0 0 0 0 0 0 0 3.6 0 0 0 0 0 0 0 0 0 1.5 0 0 0 0 0 0 0 0 0 0.4 0 0 0 0 0 0 0 0 0 1 0 0 0 0.2 0 0 1.4 0 0 0 0 0 0 1.1 0 0 1.1 0 0 0 0 0 0 1.6 0 0 1.6 0 0 0 0 0 0 3.3 0 0 1 0 0 0 0 0 0 2.2 0 0 1.6 0 0 0 0 0 0 0.9 0 0 2.9 0 0 0 0 0 0 5.2 0 0 1.9 0 0 0 0 0 0 1.3 0 0 0.4 0 0 0 0 0 0 0.6 0 0 3 0 0 0 0 0 0 1.1 0 0 0.4 0 0 0 0 0 0 0 0 0 0 0 0 0 0 0 0 0 0 0 0 0 0 0 0 0 0 0 0 0 0 0 0 0 0 0 0 0 0 0 0 0 0 0 0 0 0 0 0 0 0 0 0 0 0 0 0 0 0 0 0 0 0 0 0 0 0 0 0 0 0 0 0 0 0 0 0 0 0 0 0 0 0 0 0 0 0 0 0 0 0 0 0 0 0 0 0 0 0 0 0 0 0 0 0 0 0 0 0 0 0 0 0 2.1 0 0 0 0 0 0 0 0 0 0.1 0 0 0 0 0 0 0 0 0 1.8 0 0 0 0 0 0 0 0 0 1.3 0 0 0 0 0 0 0 0 0 3.3 0 0 0 0 0 0 0 0 0 3.2 0 0 0 0 0 0 0 0 0 2.7 0 0 0 0 0 0 0 0 0 3 0 0 0 0 0 0 0 0 0 3.5 0 0 0 0 0 0 0 0 0 4.4 0 0 0 0 0 0 0 0 0 1.9 0 0 0 0 0 0 0 0 0 3 0 0 0 0 0 0 0 0 0 1.3 0 0 0 0 0 0 0 0 0 2.2 0 0 0 0 0 0 0 0 0 1.1 0 0 0 0 0 0 0 0 0 0.1 0 0 0 0 0 0 0 0 0 3.1 0 0 0 0 0 0 0 0 0 1.8 0 0 0 0 0 0 0 0 0 0.5 0 0 0 0 0 0 0 0 0 0.4 0 0 0 0.6 0 0 2.5 0 0 0 0 0 0 4.5 0 0 3.3 0 0 0 0 0 0 3.4 0 0 1.1 0 0 0 0 0 0 3.7 0 0 0.3 0 0 0 0 0 0 0.1 0 0 0.4 0 0 0 0 0 0 4.1 0 0 0.3 0 0 0 0 0 0 2.7 0 0 0.9 0 0 0 0 0 0 2.6 0 0 2 0 0 0 0 0 0 1 0 0 4.7 0 0 0 0 0 0 2 0 0 0.6 0 0 0 0 0 0 0 0 0 0 0 0 0 0 0 0 0 0 0 0 0 0 0 0 0 0 0 0 0 0 0 0 0 0 0 0 0 0 0 0 0 0 0 0 0 0 0 0 0 0 0 0 0 0 0 0 0 0 0 0 0 0 0 0 0 0 0 0 0 0 0 0 0 0 0 0 0 0 0 0 0 0 0 0 0 0 0 0 0 0 0 0 0 0 0 0 0 0 0 0 0 0 0 0 0 0 0 0 0 0 0 0 2.1 0 0 0 0 0 0 0 0 0 0.7 0 0 0 0 0 0 0 0 0 3.8 0 0 0 0 0 0 0 0 0 0.7 0 0 0 0 0 0 0 0 0 1.5 0 0 0 0 0 0 0 0 0 1.5 0 0 0 0 0 0 0 0 0 0.7 0 0 0 0 0 0 0 0 0 4.1 0 0 0 0 0 0 0 0 0 2.8 0 0 0 0 0 0 0 0 0 1.5 0 0 0 0.5 0 0 0.9 0 0 0 0 0 0 1.8 0 0 1.3 0 0 0 0 0 0 1.1 0 0 2 0 0 0 0 0 0 0.4 0 0 0.7 0 0 0 0 0 0 2.4 0 0 0.4 0 0 0 0 0 0 4.2 0 0 1.4 0 0 0 0 0 0 0.2 0 0 0.4 0 0 0 0 0 0 1.5 0 0 1.5 0 0 0 0 0 0 0.5 0 0 2.3 0 0 0 0 0 0 0.8 0 0 1.3 0 0 0 0 0 0 0 0 0 0 0 0 0 0 0 0 0 0 0 0 0 0 0 0 0 0 0 0 0 0 0 0 0 0 0 0 0 0 0 0 0 0 0 0 0 0 0 0 0 0 0 0 0 0 0 0 0 0 0 0 0 0 0 0 0 0 0 0 0 0 0 0 0 0 0 0 0 0 0 0 0 0 0 0 0 0 0 0 0 0 0 0 0 0 0 0 0 0 0 0 0 0 0 0 0 0 0 0 0 0 0 0 1.1 0 0 0 0 0 0 0 0 0 0.8 0 0 0 0 0 0 0 0 0 1 0 0 0 0 0 0 0 0 0 1.4 0 0 0 0 0 0 0 0 0 0 0 0 0 0 0 0 0 0 0 1.1 0 0 0 0 0 0 0 0 0 1.7 0 0 0 0 0 0 0 0 0 4.3 0 0 0 0 0 0 0 0 0 0.3 0 0 0 0 0 0 0 0 0 0.5 0 0 0 2.2 0 0 1.4 0 0 0 0 0 0 0.8 0 0 3.1 0 0 0 0 0 0 2.3 0 0 2 0 0 0 0 0 0 0.7 0 0 0.7 0 0 0 0 0 0 4.6 0 0 0.1 0 0 0 0 0 0 0.8 0 0 4.2 0 0 0 0 0 0 2 0 0 2 0 0 0 0 0 0 2.5 0 0 0.2 0 0 0 0 0 0 0.1 0 0 3.6 0 0 0 0 0 0 3.1 0 0 0.7 0 0 0 0 0 0 0 0 0 0 0 0 0 0 0 0 0 0 0 0 0 0 0 0 0 0 0 0 0 0 0 0 0 0 0 0 0 0 0 0 0 0 0 0 0 0 0 0 0 0 0 0 0 0 0 0 0 0 0 0 0 0 0 0 0 0 0 0 0 0 0 0 0 0 0 0 0 0 0 0 0 0 0 0 0 0 0 0 0 0 0 0 0 0 0 0 0 0 0 0 0 0 0 0 0 0 0 0 0 0 0 0 4 0 0 0 0 0 0 0 0 0 3.7 0 0 0 0 0 0 0 0 0 0.8 0 0 0 0 0 0 0 0 0 4.2 0 0 0 0 0 0 0 0 0 0.8 0 0 0 0 0 0 0 0 0 0.2 0 0 0 0 0 0 0 0 0 1 0 0 0 0 0 0 0 0 0 2.5 0 0 0 0 0 0 0 0 0 3.7 0 0 0 0 0 0 0 0 0 0.3 0 0 0 0 0 0 0 0 0 0.7 0 0 0 0 0 0 0 0 0 0.8 0 0 0 0 0 0 0 0 0 1.6 0 0 0 0 0 0 0 0 0 0.7 0 0 0 0 0 0 0 0 0 4.5 0 0 0 0 0 0 0 0 0 5 0 0 0 0 0 0 0 0 0 2.4 0 0 0 0 0 0 0 0 0 0.2 0 0 0 0 0 0 0 0 0 2.7 0 0 0 0 0 0 0 0 0 2.7 0 0 0 0.8 0 0 0.7 0 0 0 0 0 0 0.1 0 0 3.9 0 0 0 0 0 0 3.3 0 0 4.8 0 0 0 0 0 0 4.2 0 0 2.7 0 0 0 0 0 0 4.6 0 0 0.2 0 0 0 0 0 0 0.9 0 0 0.7 0 0 0 0 0 0 1 0 0 1.7 0 0 0 0 0 0 0.2 0 0 4.6 0 0 0 0 0 0 1.7 0 0 1.1 0 0 0 0 0 0 0 0 0 0.6 0 0 0 0 0 0 0 0 0 0 0 0 0 0 0 0 0 0 0 0 0 0 0 0 0 0 0 0 0 0 0 0 0 0 0 0 0 0 0 0 0 0 0 0 0 0 0 0 0 0 0 0 0 0 0 0 0 0 0 0 0 0 0 0 0 0 0 0 0 0 0 0 0 0 0 0 0 0 0 0 0 0 0 0 0 0 0 0 0 0 0 0 0 0 0 0 0 0 0 0 0 0 0 0 0 0 0 0 0 0 0 0 4.5 0 0 0 0 0 0 0 0 0 0.2 0 0 0 0 0 0 0 0 0 5.1 0 0 0 0 0 0 0 0 0 0.7 0 0 0 0 0 0 0 0 0 0.1 0 0 0 0 0 0 0 0 0 0.7 0 0 0 0 0 0 0 0 0 0.8 0 0 0 0 0 0 0 0 0 0.8 0 0 0 0 0 0 0 0 0 1.3 0 0 0 0 0 0 0 0 0 4.3 0 0 0 4.6 0 0 1.2 0 0 0 0 0 0 3 0 0 2.8 0 0 0 0 0 0 4.5 0 0 0.1 0 0 0 0 0 0 2.4 0 0 4.3 0 0 0 0 0 0 3.9 0 0 0.8 0 0 0 0 0 0 5.2 0 0 1.2 0 0 0 0 0 0 3.9 0 0 6 0 0 0 0 0 0 0.8 0 0 4.3 0 0 0 0 0 0 0.9 0 0 2.9 0 0 0 0 0 0 0.7 0 0 0.5 0 0 0 0 0 0 0 0 0 0 0 0 0 0 0 0 0 0 0 0 0 0 0 0 0 0 0 0 0 0 0 0 0 0 0 0 0 0 0 0 0 0 0 0 0 0 0 0 0 0 0 0 0 0 0 0 0 0 0 0 0 0 0 0 0 0 0 0 0 0 0 0 0 0 0 0 0 0 0 0 0 0 0 0 0 0 0 0 0 0 0 0 0 0 0 0 0 0 0 0 0 0 0 0 0 0 0 0 0 0 0 0 0.9 0 0 0 0 0 0 0 0 0 3.9 0 0 0 0 0 0 0 0 0 3.2 0 0 0 0 0 0 0 0 0 1 0 0 0 0 0 0 0 0 0 1.6 0 0 0 0 0 0 0 0 0 1.1 0 0 0 0 0 0 0 0 0 2.3 0 0 0 0 0 0 0 0 0 3.3 0 0 0 0 0 0 0 0 0 1.4 0 0 0 0 0 0 0 0 0 1.4 0 0 0 0.1 0 0 0.5 0 0 0 0 0 0 3.9 0 0 5.2 0 0 0 0 0 0 1 0 0 4.4 0 0 0 0 0 0 3.6 0 0 2.2 0 0 0 0 0 0 3.8 0 0 2.2 0 0 0 0 0 0 1.4 0 0 0.5 0 0 0 0 0 0 3.7 0 0 0.6 0 0 0 0 0 0 4.3 0 0 0.4 0 0 0 0 0 0 1.4 0 0 2.1 0 0 0 0 0 0 2.6 0 0 3.4 0 0 0 0 0 0 0 0 0 0 0 0 0 0 0 0 0 0 0 0 0 0 0 0 0 0 0 0 0 0 0 0 0 0 0 0 0 0 0 0 0 0 0 0 0 0 0 0 0 0 0 0 0 0 0 0 0 0 0 0 0 0 0 0 0 0 0 0 0 0 0 0 0 0 0 0 0 0 0 0 0 0 0 0 0 0 0 0 0 0 0 0 0 0 0 0 0 0 0 0 0 0 0 0 0 0 0 0 0 0 0 0 1.2 0 0 0 0 0 0 0 0 0 1.9 0 0 0 0 0 0 0 0 0 2.2 0 0 0 0 0 0 0 0 0 4.6 0 0 0 0 0 0 0 0 0 0.6 0 0 0 0 0 0 0 0 0 1.4 0 0 0 0 0 0 0 0 0 1.1 0 0 0 0 0 0 0 0 0 0 0 0 0 0 0 0 0 0 0 1.3 0 0 0 0 0 0 0 0 0 3.8 0 0 0 0 0 0 0 0 0 1.7 0 0 0 0 0 0 0 0 0 3.6 0 0 0 0 0 0 0 0 0 0.3 0 0 0 0 0 0 0 0 0 3.2 0 0 0 0 0 0 0 0 0 1.1 0 0 0 0 0 0 0 0 0 2.3 0 0 0 0 0 0 0 0 0 0.9 0 0 0 0 0 0 0 0 0 5 0 0 0 0 0 0 0 0 0 0.3 0 0 0 0 0 0 0 0 0 0.8 0 0 0 2.3 0 0 2.1 0 0 0 0 0 0 0.3 0 0 2.9 0 0 0 0 0 0 0.9 0 0 3.9 0 0 0 0 0 0 2 0 0 1.9 0 0 0 0 0 0 0.4 0 0 5.4 0 0 0 0 0 0 0.7 0 0 2 0 0 0 0 0 0 3.2 0 0 5.7 0 0 0 0 0 0 1.4 0 0 0.5 0 0 0 0 0 0 2 0 0 1.5 0 0 0 0 0 0 3 0 0 0.3 0 0 0 0 0 0 0 0 0 0 0 0 0 0 0 0 0 0 0 0 0 0 0 0 0 0 0 0 0 0 0 0 0 0 0 0 0 0 0 0 0 0 0 0 0 0 0 0 0 0 0 0 0 0 0 0 0 0 0 0 0 0 0 0 0 0 0 0 0 0 0 0 0 0 0 0 0 0 0 0 0 0 0 0 0 0 0 0 0 0 0 0 0 0 0 0 0 0 0 0 0 0 0 0 0 0 0 0 0 0 0 0 0.9 0 0 0 0 0 0 0 0 0 0.4 0 0 0 0 0 0 0 0 0 3.2 0 0 0 0 0 0 0 0 0 0.3 0 0 0 0 0 0 0 0 0 1.5 0 0 0 0 0 0 0 0 0 2 0 0 0 0 0 0 0 0 0 0.3 0 0 0 0 0 0 0 0 0 3 0 0 0 0 0 0 0 0 0 0.4 0 0 0 0 0 0 0 0 0 0.4 0 0 0 1.5 0 0 0.9 0 0 0 0 0 0 4.5 0 0 1.8 0 0 0 0 0 0 2 0 0 4.3 0 0 0 0 0 0 4.5 0 0 1.5 0 0 0 0 0 0 0.4 0 0 2.8 0 0 0 0 0 0 0.6 0 0 1.5 0 0 0 0 0 0 0.6 0 0 1.2 0 0 0 0 0 0 0.4 0 0 0.6 0 0 0 0 0 0 4.4 0 0 0.6 0 0 0 0 0 0 1.5 0 0 3.3 0 0 0 0 0 0 0 0 0 0 0 0 0 0 0 0 0 0 0 0 0 0 0 0 0 0 0 0 0 0 0 0 0 0 0 0 0 0 0 0 0 0 0 0 0 0 0 0 0 0 0 0 0 0 0 0 0 0 0 0 0 0 0 0 0 0 0 0 0 0 0 0 0 0 0 0 0 0 0 0 0 0 0 0 0 0 0 0 0 0 0 0 0 0 0 0 0 0 0 0 0 0 0 0 0 0 0 0 0 0 0 0 0.2 0 0 0 0 0 0 0 0 0 0.7 0 0 0 0 0 0 0 0 0 1.9 0 0 0 0 0 0 0 0 0 2.2 0 0 0 0 0 0 0 0 0 3.3 0 0 0 0 0 0 0 0 0 1.8 0 0 0 0 0 0 0 0 0 0.9 0 0 0 0 0 0 0 0 0 0.9 0 0 0 0 0 0 0 0 0 2.5 0 0 0 0 0 0 0 0 0 4.5 0 0 0 3.7 0 0 0.8 0 0 0 0 0 0 1.6 0 0 0.1 0 0 0 0 0 0 5 0 0 1 0 0 0 0 0 0 6.4 0 0 0.3 0 0 0 0 0 0 1.2 0 0 2.6 0 0 0 0 0 0 0.8 0 0 5.5 0 0 0 0 0 0 2.3 0 0 4 0 0 0 0 0 0 2 0 0 0.2 0 0 0 0 0 0 2.3 0 0 4.1 0 0 0 0 0 0 2.8 0 0 3.7 0 0 0 0 0 0 0 0 0 0 0 0 0 0 0 0 0 0 0 0 0 0 0 0 0 0 0 0 0 0 0 0 0 0 0 0 0 0 0 0 0 0 0 0 0 0 0 0 0 0 0 0 0 0 0 0 0 0 0 0 0 0 0 0 0 0 0 0 0 0 0 0 0 0 0 0 0 0 0 0 0 0 0 0 0 0 0 0 0 0 0 0 0 0 0 0 0 0 0 0 0 0 0 0 0 0 0 0 0 0 0 0 0.5 0 0 0 0 0 0 0 0 0 1.4 0 0 0 0 0 0 0 0 0 0.2 0 0 0 0 0 0 0 0 0 1.2 0 0 0 0 0 0 0 0 0 4.4 0 0 0 0 0 0 0 0 0 3 0 0 0 0 0 0 0 0 0 2 0 0 0 0 0 0 0 0 0 4.9 0 0 0 0 0 0 0 0 0 1.8 0 0 0 0 0 0 0 0 0 0.2 0 0 

</Matrix>
   <Matrix name="burstinessHist" type="complete" rows="1" columns="20" multiplier="1.0">
   1945 2085 2127 2151 2120 2049 2125 2158 2144 2157 2115 2157 2121 2131 2149 2095 2143 2074 2092 2101 
</Matrix>
   <Matrix name="spikesHistory" type="complete" rows="1" columns="2000" multiplier="1.0">
   0 0 0 0 0 2 8 7 15 24 25 26 25 21 16 14 15 19 23 17 26 13 17 30 19 24 30 19 25 19 20 20 18 20 16 18 22 24 21 15 26 34 21 14 12 25 19 22 14 19 21 18 22 15 24 25 17 17 26 18 20 16 31 21 15 22 32 18 15 24 22 19 22 23 23 22 22 23 22 20 23 15 22 16 30 24 21 19 22 20 15 28 17 23 20 27 21 22 17 29 25 20 21 22 12 20 17 12 24 26 15 21 28 19 24 26 25 17 17 15 18 17 15 30 21 21 19 22 25 32 22 20 21 33 26 18 20 16 16 29 27 25 23 16 21 22 18 22 20 24 14 20 26 26 19 24 27 13 22 26 20 16 15 24 16 22 24 30 19 15 25 17 15 15 23 25 25 19 21 16 20 23 20 17 22 21 18 19 20 25 20 20 20 23 17 13 27 16 21 19 21 24 23 27 23 15 22 23 9 25 16 19 19 25 28 25 24 22 27 33 12 25 21 26 18 23 23 21 28 21 20 22 13 22 28 23 21 19 18 18 20 26 26 17 16 18 33 17 21 20 25 32 25 20 25 18 14 23 18 18 17 24 18 15 17 25 26 25 23 25 23 17 28 16 16 23 32 24 24 22 22 15 18 17 20 14 15 16 30 15 19 24 15 25 20 17 17 25 23 16 19 21 24 22 24 19 18 20 18 26 25 20 25 23 20 21 21 24 22 14 28 20 10 19 24 20 16 23 36 21 21 22 17 26 18 19 27 22 18 16 19 14 16 24 27 28 24 21 36 12 22 23 25 19 32 18 21 14 27 27 22 23 25 25 26 16 22 20 22 21 21 24 22 18 19 20 25 18 22 17 18 22 22 15 23 25 26 22 27 17 25 20 21 14 16 33 22 16 21 20 13 18 25 20 21 27 26 28 21 15 16 14 28 26 28 24 22 16 20 19 23 19 23 24 20 17 25 20 15 23 23 20 25 24 17 25 15 29 26 21 19 20 14 29 23 29 33 14 24 20 13 10 21 19 17 21 13 17 19 25 18 24 21 19 22 16 16 21 25 18 19 26 23 27 22 20 26 22 14 17 22 25 14 16 28 20 19 21 28 33 21 17 26 26 21 25 21 20 22 18 19 29 17 29 21 15 23 10 22 20 31 23 16 21 18 22 15 26 27 15 21 22 21 17 25 23 21 29 24 23 18 16 20 24 13 26 13 16 17 19 17 21 15 23 18 24 26 23 13 17 19 28 22 25 10 18 24 24 17 16 22 20 25 18 22 24 13 15 17 25 19 25 28 22 25 16 27 13 18 25 22 27 24 19 23 12 19 17 20 17 22 22 21 13 14 22 17 24 29 19 20 25 41 16 18 22 26 17 21 21 15 24 23 19 26 25 23 22 17 15 22 18 25 27 25 23 18 20 20 23 17 13 29 23 21 29 20 29 14 28 23 26 20 20 29 19 24 26 22 16 18 19 18 20 22 16 15 22 12 23 20 26 22 23 22 30 20 10 27 20 22 20 14 21 18 24 21 26 22 17 23 17 17 20 24 26 21 18 20 18 15 18 15 11 23 25 32 25 23 19 24 30 25 24 23 22 22 17 22 17 17 28 26 21 16 19 23 28 12 18 16 27 25 15 21 23 17 31 14 19 23 16 21 18 20 31 24 24 17 24 18 21 30 19 20 24 22 12 25 25 22 21 25 14 26 35 27 26 11 27 21 20 28 18 20 19 24 18 20 22 20 24 26 21 21 15 18 20 20 20 35 19 16 27 17 17 24 18 17 28 29 16 21 14 25 24 21 26 21 18 24 15 22 20 19 30 24 25 16 21 16 21 15 20 22 23 20 30 16 26 23 23 21 23 21 15 19 20 16 25 20 24 21 28 25 24 24 25 26 23 18 32 28 22 17 28 13 22 18 27 25 21 19 22 30 15 25 18 16 21 21 24 18 15 27 15 16 18 13 25 16 27 17 17 23 23 25 24 17 21 21 16 25 24 27 18 15 29 16 21 23 25 26 17 18 28 20 23 17 25 22 22 24 11 28 28 21 13 20 28 11 26 22 25 25 23 22 16 20 24 21 28 18 24 18 24 25 24 22 21 20 26 18 20 23 20 21 20 28 19 17 29 29 20 18 23 20 31 26 21 18 24 17 18 20 21 14 25 19 20 20 22 22 21 36 23 13 17 30 26 17 15 18 24 32 18 29 16 25 26 16 20 24 18 13 23 19 21 23 32 17 20 20 21 25 23 21 17 17 16 14 19 20 15 22 18 29 16 19 27 13 27 26 25 12 17 21 20 14 27 27 20 20 17 20 26 15 20 22 20 21 24 18 26 24 10 20 18 22 22 18 28 26 25 22 27 22 24 26 22 18 18 21 25 23 16 18 22 25 25 16 16 22 20 27 18 18 12 27 40 26 18 19 17 24 22 24 28 15 22 34 24 19 21 12 22 16 19 27 12 22 20 31 26 25 17 18 18 19 18 27 17 24 23 28 20 22 24 16 19 25 29 24 29 25 22 26 12 27 18 33 25 12 19 18 16 19 16 20 28 23 20 28 15 16 26 20 25 22 23 17 21 25 16 22 13 21 18 26 23 17 17 26 22 18 20 24 18 14 19 23 26 20 24 20 19 28 15 16 23 25 23 19 27 21 19 20 21 22 24 22 22 25 21 16 20 21 19 22 23 17 26 30 26 25 27 14 22 23 23 20 20 11 21 21 26 22 11 29 26 28 23 21 13 17 18 21 24 13 29 17 19 17 25 19 27 16 21 34 24 17 24 27 22 23 27 23 16 13 17 23 14 31 25 26 22 28 24 27 19 24 17 21 15 21 26 18 19 21 22 18 14 23 14 23 19 25 26 21 23 29 23 23 27 20 17 24 19 20 20 20 21 27 21 22 24 17 17 11 19 19 23 19 24 20 22 21 19 22 20 20 14 20 34 22 18 14 30 21 23 19 27 26 22 20 17 12 17 27 23 18 20 20 28 17 20 23 20 20 21 20 24 22 26 14 22 22 32 14 20 20 20 16 21 22 25 20 25 24 18 16 21 23 19 26 19 24 19 19 28 16 19 20 21 15 23 26 18 23 16 20 22 25 13 21 22 30 20 24 23 26 27 24 21 26 21 14 22 18 22 25 23 11 22 32 33 21 15 21 16 18 18 24 29 16 27 22 25 17 13 13 21 23 17 12 26 16 27 19 20 23 22 28 15 18 22 25 9 16 32 21 23 17 31 26 19 13 22 22 24 21 19 23 18 22 24 27 23 30 23 25 24 20 27 31 22 18 28 22 21 18 19 18 27 18 24 20 25 14 23 30 20 23 27 22 14 17 27 15 21 19 20 14 29 19 24 25 18 27 16 22 14 20 24 19 17 21 21 36 23 18 19 17 21 17 15 23 21 22 28 21 19 23 12 19 25 27 18 13 29 24 16 26 19 15 23 24 17 21 25 21 22 28 23 28 19 26 20 24 28 18 10 17 15 25 17 13 19 24 21 25 17 20 18 16 21 26 20 26 15 28 29 23 21 12 21 17 19 27 17 28 22 24 18 17 26 20 15 14 21 27 21 26 18 21 20 20 26 25 17 22 23 17 18 17 22 30 22 27 18 23 21 23 16 21 17 26 23 24 22 18 16 26 33 19 27 20 30 22 11 19 14 20 19 15 16 17 33 23 24 23 12 18 21 23 19 31 26 18 25 22 20 23 18 23 28 29 16 19 18 19 11 20 19 19 14 33 22 19 22 27 19 19 18 26 20 20 32 20 18 21 37 23 16 24 29 28 20 23 17 23 23 21 18 19 22 20 25 23 28 25 23 19 17 18 16 26 17 20 15 21 20 28 25 17 24 18 25 32 27 15 17 24 22 19 20 17 28 22 14 17 23 16 17 21 25 24 21 17 23 11 21 27 21 23 25 14 20 12 21 22 25 19 32 20 21 20 18 27 18 26 15 19 14 18 30 18 17 26 15 22 25 25 17 19 22 19 21 24 24 21 25 23 21 21 23 18 22 24 22 16 18 15 17 24 13 13 14 27 25 21 23 17 20 24 16 21 14 24 20 21 20 30 13 14 20 22 17 22 20 11 25 19 10 13 21 25 13 31 24 24 30 26 31 18 14 19 22 17 20 10 24 14 27 22 36 25 20 18 26 22 27 23 17 16 18 18 23 25 13 25 25 21 16 28 20 22 17 20 17 20 25 15 22 19 21 32 31 18 21 15 13 18 21 23 24 16 26 18 19 21 25 30 23 28 17 20 20 18 14 27 24 20 20 33 14 15 21 18 20 19 18 27 20 25 24 21 18 20 25 26 20 20 13 25 23 22 19 13 22 19 24 14 17 19 18 28 29 15 22 26 17 20 20 14 20 22 20 23 18 22 20 26 18 26 23 20 19 18 24 16 15 24 24 14 25 19 23 24 23 23 22 18 30 20 25 21 24 18 27 18 27 22 18 27 25 12 19 17 28 19 22 17 20 23 25 19 24 22 23 22 20 21 19 20 18 18 14 19 27 
</Matrix>
   <Matrix name="xloc" type="complete" rows="1" columns="10000" multiplier="1.0">
   0 1 2 3 4 5 6 7 8 9 10 11 12 13 14 15 16 17 18 19 20 21 22 23 24 25 26 27 28 29 30 31 32 33 34 35 36 37 38 39 40 41 42 43 44 45 46 47 48 49 50 51 52 53 54 55 56 57 58 59 60 61 62 63 64 65 66 67 68 69 70 71 72 73 74 75 76 77 78 79 80 81 82 83 84 85 86 87 88 89 90 91 92 93 94 95 96 97 98 99 0 1 2 3 4 5 6 7 8 9 10 11 12 13 14 15 16 17 18 19 20 21 22 23 24 25 26 27 28 29 30 31 32 33 34 35 36 37 38 39 40 41 42 43 44 45 46 47 48 49 50 51 52 53 54 55 56 57 58 59 60 61 62 63 64 65 66 67 68 69 70 71 72 73 74 75 76 77 78 79 80 81 82 83 84 85 86 87 88 89 90 91 92 93 94 95 96 97 98 99 0 1 2 3 4 5 6 7 8 9 10 11 12 13 14 15 16 17 18 19 20 21 22 23 24 25 26 27 28 29 30 31 32 33 34 35 36 37 38 39 40 41 42 43 44 45 46 47 48 49 50 51 52 53 54 55 56 57 58 59 60 61 62 63 64 65 66 67 68 69 70 71 72 73 74 75 76 77 78 79 80 81 82 83 84 85 86 87 88 89 90 91 92 93 94 95 96 97 98 99 0 1 2 3 4 5 6 7 8 9 10 11 12 13 14 15 16 17 18 19 20 21 22 23 24 25 26 27 28 29 30 31 32 33 34 35 36 37 38 39 40 41 42 43 44 45 46 47 48 49 50 51 52 53 54 55 56 57 58 59 60 61 62 63 64 65 66 67 68 69 70 71 72 73 74 75 76 77 78 79 80 81 82 83 84 85 86 87 88 89 90 91 92 93 94 95 96 97 98 99 0 1 2 3 4 5 6 7 8 9 10 11 12 13 14 15 16 17 18 19 20 21 22 23 24 25 26 27 28 29 30 31 32 33 34 35 36 37 38 39 40 41 42 43 44 45 46 47 48 49 50 51 52 53 54 55 56 57 58 59 60 61 62 63 64 65 66 67 68 69 70 71 72 73 74 75 76 77 78 79 80 81 82 83 84 85 86 87 88 89 90 91 92 93 94 95 96 97 98 99 0 1 2 3 4 5 6 7 8 9 10 11 12 13 14 15 16 17 18 19 20 21 22 23 24 25 26 27 28 29 30 31 32 33 34 35 36 37 38 39 40 41 42 43 44 45 46 47 48 49 50 51 52 53 54 55 56 57 58 59 60 61 62 63 64 65 66 67 68 69 70 71 72 73 74 75 76 77 78 79 80 81 82 83 84 85 86 87 88 89 90 91 92 93 94 95 96 97 98 99 0 1 2 3 4 5 6 7 8 9 10 11 12 13 14 15 16 17 18 19 20 21 22 23 24 25 26 27 28 29 30 31 32 33 34 35 36 37 38 39 40 41 42 43 44 45 46 47 48 49 50 51 52 53 54 55 56 57 58 59 60 61 62 63 64 65 66 67 68 69 70 71 72 73 74 75 76 77 78 79 80 81 82 83 84 85 86 87 88 89 90 91 92 93 94 95 96 97 98 99 0 1 2 3 4 5 6 7 8 9 10 11 12 13 14 15 16 17 18 19 20 21 22 23 24 25 26 27 28 29 30 31 32 33 34 35 36 37 38 39 40 41 42 43 44 45 46 47 48 49 50 51 52 53 54 55 56 57 58 59 60 61 62 63 64 65 66 67 68 69 70 71 72 73 74 75 76 77 78 79 80 81 82 83 84 85 86 87 88 89 90 91 92 93 94 95 96 97 98 99 0 1 2 3 4 5 6 7 8 9 10 11 12 13 14 15 16 17 18 19 20 21 22 23 24 25 26 27 28 29 30 31 32 33 34 35 36 37 38 39 40 41 42 43 44 45 46 47 48 49 50 51 52 53 54 55 56 57 58 59 60 61 62 63 64 65 66 67 68 69 70 71 72 73 74 75 76 77 78 79 80 81 82 83 84 85 86 87 88 89 90 91 92 93 94 95 96 97 98 99 0 1 2 3 4 5 6 7 8 9 10 11 12 13 14 15 16 17 18 19 20 21 22 23 24 25 26 27 28 29 30 31 32 33 34 35 36 37 38 39 40 41 42 43 44 45 46 47 48 49 50 51 52 53 54 55 56 57 58 59 60 61 62 63 64 65 66 67 68 69 70 71 72 73 74 75 76 77 78 79 80 81 82 83 84 85 86 87 88 89 90 91 92 93 94 95 96 97 98 99 0 1 2 3 4 5 6 7 8 9 10 11 12 13 14 15 16 17 18 19 20 21 22 23 24 25 26 27 28 29 30 31 32 33 34 35 36 37 38 39 40 41 42 43 44 45 46 47 48 49 50 51 52 53 54 55 56 57 58 59 60 61 62 63 64 65 66 67 68 69 70 71 72 73 74 75 76 77 78 79 80 81 82 83 84 85 86 87 88 89 90 91 92 93 94 95 96 97 98 99 0 1 2 3 4 5 6 7 8 9 10 11 12 13 14 15 16 17 18 19 20 21 22 23 24 25 26 27 28 29 30 31 32 33 34 35 36 37 38 39 40 41 42 43 44 45 46 47 48 49 50 51 52 53 54 55 56 57 58 59 60 61 62 63 64 65 66 67 68 69 70 71 72 73 74 75 76 77 78 79 80 81 82 83 84 85 86 87 88 89 90 91 92 93 94 95 96 97 98 99 0 1 2 3 4 5 6 7 8 9 10 11 12 13 14 15 16 17 18 19 20 21 22 23 24 25 26 27 28 29 30 31 32 33 34 35 36 37 38 39 40 41 42 43 44 45 46 47 48 49 50 51 52 53 54 55 56 57 58 59 60 61 62 63 64 65 66 67 68 69 70 71 72 73 74 75 76 77 78 79 80 81 82 83 84 85 86 87 88 89 90 91 92 93 94 95 96 97 98 99 0 1 2 3 4 5 6 7 8 9 10 11 12 13 14 15 16 17 18 19 20 21 22 23 24 25 26 27 28 29 30 31 32 33 34 35 36 37 38 39 40 41 42 43 44 45 46 47 48 49 50 51 52 53 54 55 56 57 58 59 60 61 62 63 64 65 66 67 68 69 70 71 72 73 74 75 76 77 78 79 80 81 82 83 84 85 86 87 88 89 90 91 92 93 94 95 96 97 98 99 0 1 2 3 4 5 6 7 8 9 10 11 12 13 14 15 16 17 18 19 20 21 22 23 24 25 26 27 28 29 30 31 32 33 34 35 36 37 38 39 40 41 42 43 44 45 46 47 48 49 50 51 52 53 54 55 56 57 58 59 60 61 62 63 64 65 66 67 68 69 70 71 72 73 74 75 76 77 78 79 80 81 82 83 84 85 86 87 88 89 90 91 92 93 94 95 96 97 98 99 0 1 2 3 4 5 6 7 8 9 10 11 12 13 14 15 16 17 18 19 20 21 22 23 24 25 26 27 28 29 30 31 32 33 34 35 36 37 38 39 40 41 42 43 44 45 46 47 48 49 50 51 52 53 54 55 56 57 58 59 60 61 62 63 64 65 66 67 68 69 70 71 72 73 74 75 76 77 78 79 80 81 82 83 84 85 86 87 88 89 90 91 92 93 94 95 96 97 98 99 0 1 2 3 4 5 6 7 8 9 10 11 12 13 14 15 16 17 18 19 20 21 22 23 24 25 26 27 28 29 30 31 32 33 34 35 36 37 38 39 40 41 42 43 44 45 46 47 48 49 50 51 52 53 54 55 56 57 58 59 60 61 62 63 64 65 66 67 68 69 70 71 72 73 74 75 76 77 78 79 80 81 82 83 84 85 86 87 88 89 90 91 92 93 94 95 96 97 98 99 0 1 2 3 4 5 6 7 8 9 10 11 12 13 14 15 16 17 18 19 20 21 22 23 24 25 26 27 28 29 30 31 32 33 34 35 36 37 38 39 40 41 42 43 44 45 46 47 48 49 50 51 52 53 54 55 56 57 58 59 60 61 62 63 64 65 66 67 68 69 70 71 72 73 74 75 76 77 78 79 80 81 82 83 84 85 86 87 88 89 90 91 92 93 94 95 96 97 98 99 0 1 2 3 4 5 6 7 8 9 10 11 12 13 14 15 16 17 18 19 20 21 22 23 24 25 26 27 28 29 30 31 32 33 34 35 36 37 38 39 40 41 42 43 44 45 46 47 48 49 50 51 52 53 54 55 56 57 58 59 60 61 62 63 64 65 66 67 68 69 70 71 72 73 74 75 76 77 78 79 80 81 82 83 84 85 86 87 88 89 90 91 92 93 94 95 96 97 98 99 0 1 2 3 4 5 6 7 8 9 10 11 12 13 14 15 16 17 18 19 20 21 22 23 24 25 26 27 28 29 30 31 32 33 34 35 36 37 38 39 40 41 42 43 44 45 46 47 48 49 50 51 52 53 54 55 56 57 58 59 60 61 62 63 64 65 66 67 68 69 70 71 72 73 74 75 76 77 78 79 80 81 82 83 84 85 86 87 88 89 90 91 92 93 94 95 96 97 98 99 0 1 2 3 4 5 6 7 8 9 10 11 12 13 14 15 16 17 18 19 20 21 22 23 24 25 26 27 28 29 30 31 32 33 34 35 36 37 38 39 40 41 42 43 44 45 46 47 48 49 50 51 52 53 54 55 56 57 58 59 60 61 62 63 64 65 66 67 68 69 70 71 72 73 74 75 76 77 78 79 80 81 82 83 84 85 86 87 88 89 90 91 92 93 94 95 96 97 98 99 0 1 2 3 4 5 6 7 8 9 10 11 12 13 14 15 16 17 18 19 20 21 22 23 24 25 26 27 28 29 30 31 32 33 34 35 36 37 38 39 40 41 42 43 44 45 46 47 48 49 50 51 52 53 54 55 56 57 58 59 60 61 62 63 64 65 66 67 68 69 70 71 72 73 74 75 76 77 78 79 80 81 82 83 84 85 86 87 88 89 90 91 92 93 94 95 96 97 98 99 0 1 2 3 4 5 6 7 8 9 10 11 12 13 14 15 16 17 18 19 20 21 22 23 24 25 26 27 28 29 30 31 32 33 34 35 36 37 38 39 40 41 42 43 44 45 46 47 48 49 50 51 52 53 54 55 56 57 58 59 60 61 62 63 64 65 66 67 68 69 70 71 72 73 74 75 76 77 78 79 80 81 82 83 84 85 86 87 88 89 90 91 92 93 94 95 96 97 98 99 0 1 2 3 4 5 6 7 8 9 10 11 12 13 14 15 16 17 18 19 20 21 22 23 24 25 26 27 28 29 30 31 32 33 34 35 36 37 38 39 40 41 42 43 44 45 46 47 48 49 50 51 52 53 54 55 56 57 58 59 60 61 62 63 64 65 66 67 68 69 70 71 72 73 74 75 76 77 78 79 80 81 82 83 84 85 86 87 88 89 90 91 92 93 94 95 96 97 98 99 0 1 2 3 4 5 6 7 8 9 10 11 12 13 14 15 16 17 18 19 20 21 22 23 24 25 26 27 28 29 30 31 32 33 34 35 36 37 38 39 40 41 42 43 44 45 46 47 48 49 50 51 52 53 54 55 56 57 58 59 60 61 62 63 64 65 66 67 68 69 70 71 72 73 74 75 76 77 78 79 80 81 82 83 84 85 86 87 88 89 90 91 92 93 94 95 96 97 98 99 0 1 2 3 4 5 6 7 8 9 10 11 12 13 14 15 16 17 18 19 20 21 22 23 24 25 26 27 28 29 30 31 32 33 34 35 36 37 38 39 40 41 42 43 44 45 46 47 48 49 50 51 52 53 54 55 56 57 58 59 60 61 62 63 64 65 66 67 68 69 70 71 72 73 74 75 76 77 78 79 80 81 82 83 84 85 86 87 88 89 90 91 92 93 94 95 96 97 98 99 0 1 2 3 4 5 6 7 8 9 10 11 12 13 14 15 16 17 18 19 20 21 22 23 24 25 26 27 28 29 30 31 32 33 34 35 36 37 38 39 40 41 42 43 44 45 46 47 48 49 50 51 52 53 54 55 56 57 58 59 60 61 62 63 64 65 66 67 68 69 70 71 72 73 74 75 76 77 78 79 80 81 82 83 84 85 86 87 88 89 90 91 92 93 94 95 96 97 98 99 0 1 2 3 4 5 6 7 8 9 10 11 12 13 14 15 16 17 18 19 20 21 22 23 24 25 26 27 28 29 30 31 32 33 34 35 36 37 38 39 40 41 42 43 44 45 46 47 48 49 50 51 52 53 54 55 56 57 58 59 60 61 62 63 64 65 66 67 68 69 70 71 72 73 74 75 76 77 78 79 80 81 82 83 84 85 86 87 88 89 90 91 92 93 94 95 96 97 98 99 0 1 2 3 4 5 6 7 8 9 10 11 12 13 14 15 16 17 18 19 20 21 22 23 24 25 26 27 28 29 30 31 32 33 34 35 36 37 38 39 40 41 42 43 44 45 46 47 48 49 50 51 52 53 54 55 56 57 58 59 60 61 62 63 64 65 66 67 68 69 70 71 72 73 74 75 76 77 78 79 80 81 82 83 84 85 86 87 88 89 90 91 92 93 94 95 96 97 98 99 0 1 2 3 4 5 6 7 8 9 10 11 12 13 14 15 16 17 18 19 20 21 22 23 24 25 26 27 28 29 30 31 32 33 34 35 36 37 38 39 40 41 42 43 44 45 46 47 48 49 50 51 52 53 54 55 56 57 58 59 60 61 62 63 64 65 66 67 68 69 70 71 72 73 74 75 76 77 78 79 80 81 82 83 84 85 86 87 88 89 90 91 92 93 94 95 96 97 98 99 0 1 2 3 4 5 6 7 8 9 10 11 12 13 14 15 16 17 18 19 20 21 22 23 24 25 26 27 28 29 30 31 32 33 34 35 36 37 38 39 40 41 42 43 44 45 46 47 48 49 50 51 52 53 54 55 56 57 58 59 60 61 62 63 64 65 66 67 68 69 70 71 72 73 74 75 76 77 78 79 80 81 82 83 84 85 86 87 88 89 90 91 92 93 94 95 96 97 98 99 0 1 2 3 4 5 6 7 8 9 10 11 12 13 14 15 16 17 18 19 20 21 22 23 24 25 26 27 28 29 30 31 32 33 34 35 36 37 38 39 40 41 42 43 44 45 46 47 48 49 50 51 52 53 54 55 56 57 58 59 60 61 62 63 64 65 66 67 68 69 70 71 72 73 74 75 76 77 78 79 80 81 82 83 84 85 86 87 88 89 90 91 92 93 94 95 96 97 98 99 0 1 2 3 4 5 6 7 8 9 10 11 12 13 14 15 16 17 18 19 20 21 22 23 24 25 26 27 28 29 30 31 32 33 34 35 36 37 38 39 40 41 42 43 44 45 46 47 48 49 50 51 52 53 54 55 56 57 58 59 60 61 62 63 64 65 66 67 68 69 70 71 72 73 74 75 76 77 78 79 80 81 82 83 84 85 86 87 88 89 90 91 92 93 94 95 96 97 98 99 0 1 2 3 4 5 6 7 8 9 10 11 12 13 14 15 16 17 18 19 20 21 22 23 24 25 26 27 28 29 30 31 32 33 34 35 36 37 38 39 40 41 42 43 44 45 46 47 48 49 50 51 52 53 54 55 56 57 58 59 60 61 62 63 64 65 66 67 68 69 70 71 72 73 74 75 76 77 78 79 80 81 82 83 84 85 86 87 88 89 90 91 92 93 94 95 96 97 98 99 0 1 2 3 4 5 6 7 8 9 10 11 12 13 14 15 16 17 18 19 20 21 22 23 24 25 26 27 28 29 30 31 32 33 34 35 36 37 38 39 40 41 42 43 44 45 46 47 48 49 50 51 52 53 54 55 56 57 58 59 60 61 62 63 64 65 66 67 68 69 70 71 72 73 74 75 76 77 78 79 80 81 82 83 84 85 86 87 88 89 90 91 92 93 94 95 96 97 98 99 0 1 2 3 4 5 6 7 8 9 10 11 12 13 14 15 16 17 18 19 20 21 22 23 24 25 26 27 28 29 30 31 32 33 34 35 36 37 38 39 40 41 42 43 44 45 46 47 48 49 50 51 52 53 54 55 56 57 58 59 60 61 62 63 64 65 66 67 68 69 70 71 72 73 74 75 76 77 78 79 80 81 82 83 84 85 86 87 88 89 90 91 92 93 94 95 96 97 98 99 0 1 2 3 4 5 6 7 8 9 10 11 12 13 14 15 16 17 18 19 20 21 22 23 24 25 26 27 28 29 30 31 32 33 34 35 36 37 38 39 40 41 42 43 44 45 46 47 48 49 50 51 52 53 54 55 56 57 58 59 60 61 62 63 64 65 66 67 68 69 70 71 72 73 74 75 76 77 78 79 80 81 82 83 84 85 86 87 88 89 90 91 92 93 94 95 96 97 98 99 0 1 2 3 4 5 6 7 8 9 10 11 12 13 14 15 16 17 18 19 20 21 22 23 24 25 26 27 28 29 30 31 32 33 34 35 36 37 38 39 40 41 42 43 44 45 46 47 48 49 50 51 52 53 54 55 56 57 58 59 60 61 62 63 64 65 66 67 68 69 70 71 72 73 74 75 76 77 78 79 80 81 82 83 84 85 86 87 88 89 90 91 92 93 94 95 96 97 98 99 0 1 2 3 4 5 6 7 8 9 10 11 12 13 14 15 16 17 18 19 20 21 22 23 24 25 26 27 28 29 30 31 32 33 34 35 36 37 38 39 40 41 42 43 44 45 46 47 48 49 50 51 52 53 54 55 56 57 58 59 60 61 62 63 64 65 66 67 68 69 70 71 72 73 74 75 76 77 78 79 80 81 82 83 84 85 86 87 88 89 90 91 92 93 94 95 96 97 98 99 0 1 2 3 4 5 6 7 8 9 10 11 12 13 14 15 16 17 18 19 20 21 22 23 24 25 26 27 28 29 30 31 32 33 34 35 36 37 38 39 40 41 42 43 44 45 46 47 48 49 50 51 52 53 54 55 56 57 58 59 60 61 62 63 64 65 66 67 68 69 70 71 72 73 74 75 76 77 78 79 80 81 82 83 84 85 86 87 88 89 90 91 92 93 94 95 96 97 98 99 0 1 2 3 4 5 6 7 8 9 10 11 12 13 14 15 16 17 18 19 20 21 22 23 24 25 26 27 28 29 30 31 32 33 34 35 36 37 38 39 40 41 42 43 44 45 46 47 48 49 50 51 52 53 54 55 56 57 58 59 60 61 62 63 64 65 66 67 68 69 70 71 72 73 74 75 76 77 78 79 80 81 82 83 84 85 86 87 88 89 90 91 92 93 94 95 96 97 98 99 0 1 2 3 4 5 6 7 8 9 10 11 12 13 14 15 16 17 18 19 20 21 22 23 24 25 26 27 28 29 30 31 32 33 34 35 36 37 38 39 40 41 42 43 44 45 46 47 48 49 50 51 52 53 54 55 56 57 58 59 60 61 62 63 64 65 66 67 68 69 70 71 72 73 74 75 76 77 78 79 80 81 82 83 84 85 86 87 88 89 90 91 92 93 94 95 96 97 98 99 0 1 2 3 4 5 6 7 8 9 10 11 12 13 14 15 16 17 18 19 20 21 22 23 24 25 26 27 28 29 30 31 32 33 34 35 36 37 38 39 40 41 42 43 44 45 46 47 48 49 50 51 52 53 54 55 56 57 58 59 60 61 62 63 64 65 66 67 68 69 70 71 72 73 74 75 76 77 78 79 80 81 82 83 84 85 86 87 88 89 90 91 92 93 94 95 96 97 98 99 0 1 2 3 4 5 6 7 8 9 10 11 12 13 14 15 16 17 18 19 20 21 22 23 24 25 26 27 28 29 30 31 32 33 34 35 36 37 38 39 40 41 42 43 44 45 46 47 48 49 50 51 52 53 54 55 56 57 58 59 60 61 62 63 64 65 66 67 68 69 70 71 72 73 74 75 76 77 78 79 80 81 82 83 84 85 86 87 88 89 90 91 92 93 94 95 96 97 98 99 0 1 2 3 4 5 6 7 8 9 10 11 12 13 14 15 16 17 18 19 20 21 22 23 24 25 26 27 28 29 30 31 32 33 34 35 36 37 38 39 40 41 42 43 44 45 46 47 48 49 50 51 52 53 54 55 56 57 58 59 60 61 62 63 64 65 66 67 68 69 70 71 72 73 74 75 76 77 78 79 80 81 82 83 84 85 86 87 88 89 90 91 92 93 94 95 96 97 98 99 0 1 2 3 4 5 6 7 8 9 10 11 12 13 14 15 16 17 18 19 20 21 22 23 24 25 26 27 28 29 30 31 32 33 34 35 36 37 38 39 40 41 42 43 44 45 46 47 48 49 50 51 52 53 54 55 56 57 58 59 60 61 62 63 64 65 66 67 68 69 70 71 72 73 74 75 76 77 78 79 80 81 82 83 84 85 86 87 88 89 90 91 92 93 94 95 96 97 98 99 0 1 2 3 4 5 6 7 8 9 10 11 12 13 14 15 16 17 18 19 20 21 22 23 24 25 26 27 28 29 30 31 32 33 34 35 36 37 38 39 40 41 42 43 44 45 46 47 48 49 50 51 52 53 54 55 56 57 58 59 60 61 62 63 64 65 66 67 68 69 70 71 72 73 74 75 76 77 78 79 80 81 82 83 84 85 86 87 88 89 90 91 92 93 94 95 96 97 98 99 0 1 2 3 4 5 6 7 8 9 10 11 12 13 14 15 16 17 18 19 20 21 22 23 24 25 26 27 28 29 30 31 32 33 34 35 36 37 38 39 40 41 42 43 44 45 46 47 48 49 50 51 52 53 54 55 56 57 58 59 60 61 62 63 64 65 66 67 68 69 70 71 72 73 74 75 76 77 78 79 80 81 82 83 84 85 86 87 88 89 90 91 92 93 94 95 96 97 98 99 0 1 2 3 4 5 6 7 8 9 10 11 12 13 14 15 16 17 18 19 20 21 22 23 24 25 26 27 28 29 30 31 32 33 34 35 36 37 38 39 40 41 42 43 44 45 46 47 48 49 50 51 52 53 54 55 56 57 58 59 60 61 62 63 64 65 66 67 68 69 70 71 72 73 74 75 76 77 78 79 80 81 82 83 84 85 86 87 88 89 90 91 92 93 94 95 96 97 98 99 0 1 2 3 4 5 6 7 8 9 10 11 12 13 14 15 16 17 18 19 20 21 22 23 24 25 26 27 28 29 30 31 32 33 34 35 36 37 38 39 40 41 42 43 44 45 46 47 48 49 50 51 52 53 54 55 56 57 58 59 60 61 62 63 64 65 66 67 68 69 70 71 72 73 74 75 76 77 78 79 80 81 82 83 84 85 86 87 88 89 90 91 92 93 94 95 96 97 98 99 0 1 2 3 4 5 6 7 8 9 10 11 12 13 14 15 16 17 18 19 20 21 22 23 24 25 26 27 28 29 30 31 32 33 34 35 36 37 38 39 40 41 42 43 44 45 46 47 48 49 50 51 52 53 54 55 56 57 58 59 60 61 62 63 64 65 66 67 68 69 70 71 72 73 74 75 76 77 78 79 80 81 82 83 84 85 86 87 88 89 90 91 92 93 94 95 96 97 98 99 0 1 2 3 4 5 6 7 8 9 10 11 12 13 14 15 16 17 18 19 20 21 22 23 24 25 26 27 28 29 30 31 32 33 34 35 36 37 38 39 40 41 42 43 44 45 46 47 48 49 50 51 52 53 54 55 56 57 58 59 60 61 62 63 64 65 66 67 68 69 70 71 72 73 74 75 76 77 78 79 80 81 82 83 84 85 86 87 88 89 90 91 92 93 94 95 96 97 98 99 0 1 2 3 4 5 6 7 8 9 10 11 12 13 14 15 16 17 18 19 20 21 22 23 24 25 26 27 28 29 30 31 32 33 34 35 36 37 38 39 40 41 42 43 44 45 46 47 48 49 50 51 52 53 54 55 56 57 58 59 60 61 62 63 64 65 66 67 68 69 70 71 72 73 74 75 76 77 78 79 80 81 82 83 84 85 86 87 88 89 90 91 92 93 94 95 96 97 98 99 0 1 2 3 4 5 6 7 8 9 10 11 12 13 14 15 16 17 18 19 20 21 22 23 24 25 26 27 28 29 30 31 32 33 34 35 36 37 38 39 40 41 42 43 44 45 46 47 48 49 50 51 52 53 54 55 56 57 58 59 60 61 62 63 64 65 66 67 68 69 70 71 72 73 74 75 76 77 78 79 80 81 82 83 84 85 86 87 88 89 90 91 92 93 94 95 96 97 98 99 0 1 2 3 4 5 6 7 8 9 10 11 12 13 14 15 16 17 18 19 20 21 22 23 24 25 26 27 28 29 30 31 32 33 34 35 36 37 38 39 40 41 42 43 44 45 46 47 48 49 50 51 52 53 54 55 56 57 58 59 60 61 62 63 64 65 66 67 68 69 70 71 72 73 74 75 76 77 78 79 80 81 82 83 84 85 86 87 88 89 90 91 92 93 94 95 96 97 98 99 0 1 2 3 4 5 6 7 8 9 10 11 12 13 14 15 16 17 18 19 20 21 22 23 24 25 26 27 28 29 30 31 32 33 34 35 36 37 38 39 40 41 42 43 44 45 46 47 48 49 50 51 52 53 54 55 56 57 58 59 60 61 62 63 64 65 66 67 68 69 70 71 72 73 74 75 76 77 78 79 80 81 82 83 84 85 86 87 88 89 90 91 92 93 94 95 96 97 98 99 0 1 2 3 4 5 6 7 8 9 10 11 12 13 14 15 16 17 18 19 20 21 22 23 24 25 26 27 28 29 30 31 32 33 34 35 36 37 38 39 40 41 42 43 44 45 46 47 48 49 50 51 52 53 54 55 56 57 58 59 60 61 62 63 64 65 66 67 68 69 70 71 72 73 74 75 76 77 78 79 80 81 82 83 84 85 86 87 88 89 90 91 92 93 94 95 96 97 98 99 0 1 2 3 4 5 6 7 8 9 10 11 12 13 14 15 16 17 18 19 20 21 22 23 24 25 26 27 28 29 30 31 32 33 34 35 36 37 38 39 40 41 42 43 44 45 46 47 48 49 50 51 52 53 54 55 56 57 58 59 60 61 62 63 64 65 66 67 68 69 70 71 72 73 74 75 76 77 78 79 80 81 82 83 84 85 86 87 88 89 90 91 92 93 94 95 96 97 98 99 0 1 2 3 4 5 6 7 8 9 10 11 12 13 14 15 16 17 18 19 20 21 22 23 24 25 26 27 28 29 30 31 32 33 34 35 36 37 38 39 40 41 42 43 44 45 46 47 48 49 50 51 52 53 54 55 56 57 58 59 60 61 62 63 64 65 66 67 68 69 70 71 72 73 74 75 76 77 78 79 80 81 82 83 84 85 86 87 88 89 90 91 92 93 94 95 96 97 98 99 0 1 2 3 4 5 6 7 8 9 10 11 12 13 14 15 16 17 18 19 20 21 22 23 24 25 26 27 28 29 30 31 32 33 34 35 36 37 38 39 40 41 42 43 44 45 46 47 48 49 50 51 52 53 54 55 56 57 58 59 60 61 62 63 64 65 66 67 68 69 70 71 72 73 74 75 76 77 78 79 80 81 82 83 84 85 86 87 88 89 90 91 92 93 94 95 96 97 98 99 0 1 2 3 4 5 6 7 8 9 10 11 12 13 14 15 16 17 18 19 20 21 22 23 24 25 26 27 28 29 30 31 32 33 34 35 36 37 38 39 40 41 42 43 44 45 46 47 48 49 50 51 52 53 54 55 56 57 58 59 60 61 62 63 64 65 66 67 68 69 70 71 72 73 74 75 76 77 78 79 80 81 82 83 84 85 86 87 88 89 90 91 92 93 94 95 96 97 98 99 0 1 2 3 4 5 6 7 8 9 10 11 12 13 14 15 16 17 18 19 20 21 22 23 24 25 26 27 28 29 30 31 32 33 34 35 36 37 38 39 40 41 42 43 44 45 46 47 48 49 50 51 52 53 54 55 56 57 58 59 60 61 62 63 64 65 66 67 68 69 70 71 72 73 74 75 76 77 78 79 80 81 82 83 84 85 86 87 88 89 90 91 92 93 94 95 96 97 98 99 0 1 2 3 4 5 6 7 8 9 10 11 12 13 14 15 16 17 18 19 20 21 22 23 24 25 26 27 28 29 30 31 32 33 34 35 36 37 38 39 40 41 42 43 44 45 46 47 48 49 50 51 52 53 54 55 56 57 58 59 60 61 62 63 64 65 66 67 68 69 70 71 72 73 74 75 76 77 78 79 80 81 82 83 84 85 86 87 88 89 90 91 92 93 94 95 96 97 98 99 0 1 2 3 4 5 6 7 8 9 10 11 12 13 14 15 16 17 18 19 20 21 22 23 24 25 26 27 28 29 30 31 32 33 34 35 36 37 38 39 40 41 42 43 44 45 46 47 48 49 50 51 52 53 54 55 56 57 58 59 60 61 62 63 64 65 66 67 68 69 70 71 72 73 74 75 76 77 78 79 80 81 82 83 84 85 86 87 88 89 90 91 92 93 94 95 96 97 98 99 0 1 2 3 4 5 6 7 8 9 10 11 12 13 14 15 16 17 18 19 20 21 22 23 24 25 26 27 28 29 30 31 32 33 34 35 36 37 38 39 40 41 42 43 44 45 46 47 48 49 50 51 52 53 54 55 56 57 58 59 60 61 62 63 64 65 66 67 68 69 70 71 72 73 74 75 76 77 78 79 80 81 82 83 84 85 86 87 88 89 90 91 92 93 94 95 96 97 98 99 0 1 2 3 4 5 6 7 8 9 10 11 12 13 14 15 16 17 18 19 20 21 22 23 24 25 26 27 28 29 30 31 32 33 34 35 36 37 38 39 40 41 42 43 44 45 46 47 48 49 50 51 52 53 54 55 56 57 58 59 60 61 62 63 64 65 66 67 68 69 70 71 72 73 74 75 76 77 78 79 80 81 82 83 84 85 86 87 88 89 90 91 92 93 94 95 96 97 98 99 0 1 2 3 4 5 6 7 8 9 10 11 12 13 14 15 16 17 18 19 20 21 22 23 24 25 26 27 28 29 30 31 32 33 34 35 36 37 38 39 40 41 42 43 44 45 46 47 48 49 50 51 52 53 54 55 56 57 58 59 60 61 62 63 64 65 66 67 68 69 70 71 72 73 74 75 76 77 78 79 80 81 82 83 84 85 86 87 88 89 90 91 92 93 94 95 96 97 98 99 0 1 2 3 4 5 6 7 8 9 10 11 12 13 14 15 16 17 18 19 20 21 22 23 24 25 26 27 28 29 30 31 32 33 34 35 36 37 38 39 40 41 42 43 44 45 46 47 48 49 50 51 52 53 54 55 56 57 58 59 60 61 62 63 64 65 66 67 68 69 70 71 72 73 74 75 76 77 78 79 80 81 82 83 84 85 86 87 88 89 90 91 92 93 94 95 96 97 98 99 0 1 2 3 4 5 6 7 8 9 10 11 12 13 14 15 16 17 18 19 20 21 22 23 24 25 26 27 28 29 30 31 32 33 34 35 36 37 38 39 40 41 42 43 44 45 46 47 48 49 50 51 52 53 54 55 56 57 58 59 60 61 62 63 64 65 66 67 68 69 70 71 72 73 74 75 76 77 78 79 80 81 82 83 84 85 86 87 88 89 90 91 92 93 94 95 96 97 98 99 0 1 2 3 4 5 6 7 8 9 10 11 12 13 14 15 16 17 18 19 20 21 22 23 24 25 26 27 28 29 30 31 32 33 34 35 36 37 38 39 40 41 42 43 44 45 46 47 48 49 50 51 52 53 54 55 56 57 58 59 60 61 62 63 64 65 66 67 68 69 70 71 72 73 74 75 76 77 78 79 80 81 82 83 84 85 86 87 88 89 90 91 92 93 94 95 96 97 98 99 0 1 2 3 4 5 6 7 8 9 10 11 12 13 14 15 16 17 18 19 20 21 22 23 24 25 26 27 28 29 30 31 32 33 34 35 36 37 38 39 40 41 42 43 44 45 46 47 48 49 50 51 52 53 54 55 56 57 58 59 60 61 62 63 64 65 66 67 68 69 70 71 72 73 74 75 76 77 78 79 80 81 82 83 84 85 86 87 88 89 90 91 92 93 94 95 96 97 98 99 0 1 2 3 4 5 6 7 8 9 10 11 12 13 14 15 16 17 18 19 20 21 22 23 24 25 26 27 28 29 30 31 32 33 34 35 36 37 38 39 40 41 42 43 44 45 46 47 48 49 50 51 52 53 54 55 56 57 58 59 60 61 62 63 64 65 66 67 68 69 70 71 72 73 74 75 76 77 78 79 80 81 82 83 84 85 86 87 88 89 90 91 92 93 94 95 96 97 98 99 0 1 2 3 4 5 6 7 8 9 10 11 12 13 14 15 16 17 18 19 20 21 22 23 24 25 26 27 28 29 30 31 32 33 34 35 36 37 38 39 40 41 42 43 44 45 46 47 48 49 50 51 52 53 54 55 56 57 58 59 60 61 62 63 64 65 66 67 68 69 70 71 72 73 74 75 76 77 78 79 80 81 82 83 84 85 86 87 88 89 90 91 92 93 94 95 96 97 98 99 0 1 2 3 4 5 6 7 8 9 10 11 12 13 14 15 16 17 18 19 20 21 22 23 24 25 26 27 28 29 30 31 32 33 34 35 36 37 38 39 40 41 42 43 44 45 46 47 48 49 50 51 52 53 54 55 56 57 58 59 60 61 62 63 64 65 66 67 68 69 70 71 72 73 74 75 76 77 78 79 80 81 82 83 84 85 86 87 88 89 90 91 92 93 94 95 96 97 98 99 0 1 2 3 4 5 6 7 8 9 10 11 12 13 14 15 16 17 18 19 20 21 22 23 24 25 26 27 28 29 30 31 32 33 34 35 36 37 38 39 40 41 42 43 44 45 46 47 48 49 50 51 52 53 54 55 56 57 58 59 60 61 62 63 64 65 66 67 68 69 70 71 72 73 74 75 76 77 78 79 80 81 82 83 84 85 86 87 88 89 90 91 92 93 94 95 96 97 98 99 0 1 2 3 4 5 6 7 8 9 10 11 12 13 14 15 16 17 18 19 20 21 22 23 24 25 26 27 28 29 30 31 32 33 34 35 36 37 38 39 40 41 42 43 44 45 46 47 48 49 50 51 52 53 54 55 56 57 58 59 60 61 62 63 64 65 66 67 68 69 70 71 72 73 74 75 76 77 78 79 80 81 82 83 84 85 86 87 88 89 90 91 92 93 94 95 96 97 98 99 0 1 2 3 4 5 6 7 8 9 10 11 12 13 14 15 16 17 18 19 20 21 22 23 24 25 26 27 28 29 30 31 32 33 34 35 36 37 38 39 40 41 42 43 44 45 46 47 48 49 50 51 52 53 54 55 56 57 58 59 60 61 62 63 64 65 66 67 68 69 70 71 72 73 74 75 76 77 78 79 80 81 82 83 84 85 86 87 88 89 90 91 92 93 94 95 96 97 98 99 0 1 2 3 4 5 6 7 8 9 10 11 12 13 14 15 16 17 18 19 20 21 22 23 24 25 26 27 28 29 30 31 32 33 34 35 36 37 38 39 40 41 42 43 44 45 46 47 48 49 50 51 52 53 54 55 56 57 58 59 60 61 62 63 64 65 66 67 68 69 70 71 72 73 74 75 76 77 78 79 80 81 82 83 84 85 86 87 88 89 90 91 92 93 94 95 96 97 98 99 0 1 2 3 4 5 6 7 8 9 10 11 12 13 14 15 16 17 18 19 20 21 22 23 24 25 26 27 28 29 30 31 32 33 34 35 36 37 38 39 40 41 42 43 44 45 46 47 48 49 50 51 52 53 54 55 56 57 58 59 60 61 62 63 64 65 66 67 68 69 70 71 72 73 74 75 76 77 78 79 80 81 82 83 84 85 86 87 88 89 90 91 92 93 94 95 96 97 98 99 0 1 2 3 4 5 6 7 8 9 10 11 12 13 14 15 16 17 18 19 20 21 22 23 24 25 26 27 28 29 30 31 32 33 34 35 36 37 38 39 40 41 42 43 44 45 46 47 48 49 50 51 52 53 54 55 56 57 58 59 60 61 62 63 64 65 66 67 68 69 70 71 72 73 74 75 76 77 78 79 80 81 82 83 84 85 86 87 88 89 90 91 92 93 94 95 96 97 98 99 0 1 2 3 4 5 6 7 8 9 10 11 12 13 14 15 16 17 18 19 20 21 22 23 24 25 26 27 28 29 30 31 32 33 34 35 36 37 38 39 40 41 42 43 44 45 46 47 48 49 50 51 52 53 54 55 56 57 58 59 60 61 62 63 64 65 66 67 68 69 70 71 72 73 74 75 76 77 78 79 80 81 82 83 84 85 86 87 88 89 90 91 92 93 94 95 96 97 98 99 0 1 2 3 4 5 6 7 8 9 10 11 12 13 14 15 16 17 18 19 20 21 22 23 24 25 26 27 28 29 30 31 32 33 34 35 36 37 38 39 40 41 42 43 44 45 46 47 48 49 50 51 52 53 54 55 56 57 58 59 60 61 62 63 64 65 66 67 68 69 70 71 72 73 74 75 76 77 78 79 80 81 82 83 84 85 86 87 88 89 90 91 92 93 94 95 96 97 98 99 0 1 2 3 4 5 6 7 8 9 10 11 12 13 14 15 16 17 18 19 20 21 22 23 24 25 26 27 28 29 30 31 32 33 34 35 36 37 38 39 40 41 42 43 44 45 46 47 48 49 50 51 52 53 54 55 56 57 58 59 60 61 62 63 64 65 66 67 68 69 70 71 72 73 74 75 76 77 78 79 80 81 82 83 84 85 86 87 88 89 90 91 92 93 94 95 96 97 98 99 0 1 2 3 4 5 6 7 8 9 10 11 12 13 14 15 16 17 18 19 20 21 22 23 24 25 26 27 28 29 30 31 32 33 34 35 36 37 38 39 40 41 42 43 44 45 46 47 48 49 50 51 52 53 54 55 56 57 58 59 60 61 62 63 64 65 66 67 68 69 70 71 72 73 74 75 76 77 78 79 80 81 82 83 84 85 86 87 88 89 90 91 92 93 94 95 96 97 98 99 0 1 2 3 4 5 6 7 8 9 10 11 12 13 14 15 16 17 18 19 20 21 22 23 24 25 26 27 28 29 30 31 32 33 34 35 36 37 38 39 40 41 42 43 44 45 46 47 48 49 50 51 52 53 54 55 56 57 58 59 60 61 62 63 64 65 66 67 68 69 70 71 72 73 74 75 76 77 78 79 80 81 82 83 84 85 86 87 88 89 90 91 92 93 94 95 96 97 98 99 0 1 2 3 4 5 6 7 8 9 10 11 12 13 14 15 16 17 18 19 20 21 22 23 24 25 26 27 28 29 30 31 32 33 34 35 36 37 38 39 40 41 42 43 44 45 46 47 48 49 50 51 52 53 54 55 56 57 58 59 60 61 62 63 64 65 66 67 68 69 70 71 72 73 74 75 76 77 78 79 80 81 82 83 84 85 86 87 88 89 90 91 92 93 94 95 96 97 98 99 0 1 2 3 4 5 6 7 8 9 10 11 12 13 14 15 16 17 18 19 20 21 22 23 24 25 26 27 28 29 30 31 32 33 34 35 36 37 38 39 40 41 42 43 44 45 46 47 48 49 50 51 52 53 54 55 56 57 58 59 60 61 62 63 64 65 66 67 68 69 70 71 72 73 74 75 76 77 78 79 80 81 82 83 84 85 86 87 88 89 90 91 92 93 94 95 96 97 98 99 0 1 2 3 4 5 6 7 8 9 10 11 12 13 14 15 16 17 18 19 20 21 22 23 24 25 26 27 28 29 30 31 32 33 34 35 36 37 38 39 40 41 42 43 44 45 46 47 48 49 50 51 52 53 54 55 56 57 58 59 60 61 62 63 64 65 66 67 68 69 70 71 72 73 74 75 76 77 78 79 80 81 82 83 84 85 86 87 88 89 90 91 92 93 94 95 96 97 98 99 0 1 2 3 4 5 6 7 8 9 10 11 12 13 14 15 16 17 18 19 20 21 22 23 24 25 26 27 28 29 30 31 32 33 34 35 36 37 38 39 40 41 42 43 44 45 46 47 48 49 50 51 52 53 54 55 56 57 58 59 60 61 62 63 64 65 66 67 68 69 70 71 72 73 74 75 76 77 78 79 80 81 82 83 84 85 86 87 88 89 90 91 92 93 94 95 96 97 98 99 0 1 2 3 4 5 6 7 8 9 10 11 12 13 14 15 16 17 18 19 20 21 22 23 24 25 26 27 28 29 30 31 32 33 34 35 36 37 38 39 40 41 42 43 44 45 46 47 48 49 50 51 52 53 54 55 56 57 58 59 60 61 62 63 64 65 66 67 68 69 70 71 72 73 74 75 76 77 78 79 80 81 82 83 84 85 86 87 88 89 90 91 92 93 94 95 96 97 98 99 0 1 2 3 4 5 6 7 8 9 10 11 12 13 14 15 16 17 18 19 20 21 22 23 24 25 26 27 28 29 30 31 32 33 34 35 36 37 38 39 40 41 42 43 44 45 46 47 48 49 50 51 52 53 54 55 56 57 58 59 60 61 62 63 64 65 66 67 68 69 70 71 72 73 74 75 76 77 78 79 80 81 82 83 84 85 86 87 88 89 90 91 92 93 94 95 96 97 98 99 0 1 2 3 4 5 6 7 8 9 10 11 12 13 14 15 16 17 18 19 20 21 22 23 24 25 26 27 28 29 30 31 32 33 34 35 36 37 38 39 40 41 42 43 44 45 46 47 48 49 50 51 52 53 54 55 56 57 58 59 60 61 62 63 64 65 66 67 68 69 70 71 72 73 74 75 76 77 78 79 80 81 82 83 84 85 86 87 88 89 90 91 92 93 94 95 96 97 98 99 0 1 2 3 4 5 6 7 8 9 10 11 12 13 14 15 16 17 18 19 20 21 22 23 24 25 26 27 28 29 30 31 32 33 34 35 36 37 38 39 40 41 42 43 44 45 46 47 48 49 50 51 52 53 54 55 56 57 58 59 60 61 62 63 64 65 66 67 68 69 70 71 72 73 74 75 76 77 78 79 80 81 82 83 84 85 86 87 88 89 90 91 92 93 94 95 96 97 98 99 0 1 2 3 4 5 6 7 8 9 10 11 12 13 14 15 16 17 18 19 20 21 22 23 24 25 26 27 28 29 30 31 32 33 34 35 36 37 38 39 40 41 42 43 44 45 46 47 48 49 50 51 52 53 54 55 56 57 58 59 60 61 62 63 64 65 66 67 68 69 70 71 72 73 74 75 76 77 78 79 80 81 82 83 84 85 86 87 88 89 90 91 92 93 94 95 96 97 98 99 0 1 2 3 4 5 6 7 8 9 10 11 12 13 14 15 16 17 18 19 20 21 22 23 24 25 26 27 28 29 30 31 32 33 34 35 36 37 38 39 40 41 42 43 44 45 46 47 48 49 50 51 52 53 54 55 56 57 58 59 60 61 62 63 64 65 66 67 68 69 70 71 72 73 74 75 76 77 78 79 80 81 82 83 84 85 86 87 88 89 90 91 92 93 94 95 96 97 98 99 0 1 2 3 4 5 6 7 8 9 10 11 12 13 14 15 16 17 18 19 20 21 22 23 24 25 26 27 28 29 30 31 32 33 34 35 36 37 38 39 40 41 42 43 44 45 46 47 48 49 50 51 52 53 54 55 56 57 58 59 60 61 62 63 64 65 66 67 68 69 70 71 72 73 74 75 76 77 78 79 80 81 82 83 84 85 86 87 88 89 90 91 92 93 94 95 96 97 98 99 0 1 2 3 4 5 6 7 8 9 10 11 12 13 14 15 16 17 18 19 20 21 22 23 24 25 26 27 28 29 30 31 32 33 34 35 36 37 38 39 40 41 42 43 44 45 46 47 48 49 50 51 52 53 54 55 56 57 58 59 60 61 62 63 64 65 66 67 68 69 70 71 72 73 74 75 76 77 78 79 80 81 82 83 84 85 86 87 88 89 90 91 92 93 94 95 96 97 98 99 0 1 2 3 4 5 6 7 8 9 10 11 12 13 14 15 16 17 18 19 20 21 22 23 24 25 26 27 28 29 30 31 32 33 34 35 36 37 38 39 40 41 42 43 44 45 46 47 48 49 50 51 52 53 54 55 56 57 58 59 60 61 62 63 64 65 66 67 68 69 70 71 72 73 74 75 76 77 78 79 80 81 82 83 84 85 86 87 88 89 90 91 92 93 94 95 96 97 98 99 0 1 2 3 4 5 6 7 8 9 10 11 12 13 14 15 16 17 18 19 20 21 22 23 24 25 26 27 28 29 30 31 32 33 34 35 36 37 38 39 40 41 42 43 44 45 46 47 48 49 50 51 52 53 54 55 56 57 58 59 60 61 62 63 64 65 66 67 68 69 70 71 72 73 74 75 76 77 78 79 80 81 82 83 84 85 86 87 88 89 90 91 92 93 94 95 96 97 98 99 0 1 2 3 4 5 6 7 8 9 10 11 12 13 14 15 16 17 18 19 20 21 22 23 24 25 26 27 28 29 30 31 32 33 34 35 36 37 38 39 40 41 42 43 44 45 46 47 48 49 50 51 52 53 54 55 56 57 58 59 60 61 62 63 64 65 66 67 68 69 70 71 72 73 74 75 76 77 78 79 80 81 82 83 84 85 86 87 88 89 90 91 92 93 94 95 96 97 98 99 
</Matrix>
   <Matrix name="yloc" type="complete" rows="1" columns="10000" multiplier="1.0">
   0 0 0 0 0 0 0 0 0 0 0 0 0 0 0 0 0 0 0 0 0 0 0 0 0 0 0 0 0 0 0 0 0 0 0 0 0 0 0 0 0 0 0 0 0 0 0 0 0 0 0 0 0 0 0 0 0 0 0 0 0 0 0 0 0 0 0 0 0 0 0 0 0 0 0 0 0 0 0 0 0 0 0 0 0 0 0 0 0 0 0 0 0 0 0 0 0 0 0 0 1 1 1 1 1 1 1 1 1 1 1 1 1 1 1 1 1 1 1 1 1 1 1 1 1 1 1 1 1 1 1 1 1 1 1 1 1 1 1 1 1 1 1 1 1 1 1 1 1 1 1 1 1 1 1 1 1 1 1 1 1 1 1 1 1 1 1 1 1 1 1 1 1 1 1 1 1 1 1 1 1 1 1 1 1 1 1 1 1 1 1 1 1 1 1 1 1 1 1 1 2 2 2 2 2 2 2 2 2 2 2 2 2 2 2 2 2 2 2 2 2 2 2 2 2 2 2 2 2 2 2 2 2 2 2 2 2 2 2 2 2 2 2 2 2 2 2 2 2 2 2 2 2 2 2 2 2 2 2 2 2 2 2 2 2 2 2 2 2 2 2 2 2 2 2 2 2 2 2 2 2 2 2 2 2 2 2 2 2 2 2 2 2 2 2 2 2 2 2 2 3 3 3 3 3 3 3 3 3 3 3 3 3 3 3 3 3 3 3 3 3 3 3 3 3 3 3 3 3 3 3 3 3 3 3 3 3 3 3 3 3 3 3 3 3 3 3 3 3 3 3 3 3 3 3 3 3 3 3 3 3 3 3 3 3 3 3 3 3 3 3 3 3 3 3 3 3 3 3 3 3 3 3 3 3 3 3 3 3 3 3 3 3 3 3 3 3 3 3 3 4 4 4 4 4 4 4 4 4 4 4 4 4 4 4 4 4 4 4 4 4 4 4 4 4 4 4 4 4 4 4 4 4 4 4 4 4 4 4 4 4 4 4 4 4 4 4 4 4 4 4 4 4 4 4 4 4 4 4 4 4 4 4 4 4 4 4 4 4 4 4 4 4 4 4 4 4 4 4 4 4 4 4 4 4 4 4 4 4 4 4 4 4 4 4 4 4 4 4 4 5 5 5 5 5 5 5 5 5 5 5 5 5 5 5 5 5 5 5 5 5 5 5 5 5 5 5 5 5 5 5 5 5 5 5 5 5 5 5 5 5 5 5 5 5 5 5 5 5 5 5 5 5 5 5 5 5 5 5 5 5 5 5 5 5 5 5 5 5 5 5 5 5 5 5 5 5 5 5 5 5 5 5 5 5 5 5 5 5 5 5 5 5 5 5 5 5 5 5 5 6 6 6 6 6 6 6 6 6 6 6 6 6 6 6 6 6 6 6 6 6 6 6 6 6 6 6 6 6 6 6 6 6 6 6 6 6 6 6 6 6 6 6 6 6 6 6 6 6 6 6 6 6 6 6 6 6 6 6 6 6 6 6 6 6 6 6 6 6 6 6 6 6 6 6 6 6 6 6 6 6 6 6 6 6 6 6 6 6 6 6 6 6 6 6 6 6 6 6 6 7 7 7 7 7 7 7 7 7 7 7 7 7 7 7 7 7 7 7 7 7 7 7 7 7 7 7 7 7 7 7 7 7 7 7 7 7 7 7 7 7 7 7 7 7 7 7 7 7 7 7 7 7 7 7 7 7 7 7 7 7 7 7 7 7 7 7 7 7 7 7 7 7 7 7 7 7 7 7 7 7 7 7 7 7 7 7 7 7 7 7 7 7 7 7 7 7 7 7 7 8 8 8 8 8 8 8 8 8 8 8 8 8 8 8 8 8 8 8 8 8 8 8 8 8 8 8 8 8 8 8 8 8 8 8 8 8 8 8 8 8 8 8 8 8 8 8 8 8 8 8 8 8 8 8 8 8 8 8 8 8 8 8 8 8 8 8 8 8 8 8 8 8 8 8 8 8 8 8 8 8 8 8 8 8 8 8 8 8 8 8 8 8 8 8 8 8 8 8 8 9 9 9 9 9 9 9 9 9 9 9 9 9 9 9 9 9 9 9 9 9 9 9 9 9 9 9 9 9 9 9 9 9 9 9 9 9 9 9 9 9 9 9 9 9 9 9 9 9 9 9 9 9 9 9 9 9 9 9 9 9 9 9 9 9 9 9 9 9 9 9 9 9 9 9 9 9 9 9 9 9 9 9 9 9 9 9 9 9 9 9 9 9 9 9 9 9 9 9 9 10 10 10 10 10 10 10 10 10 10 10 10 10 10 10 10 10 10 10 10 10 10 10 10 10 10 10 10 10 10 10 10 10 10 10 10 10 10 10 10 10 10 10 10 10 10 10 10 10 10 10 10 10 10 10 10 10 10 10 10 10 10 10 10 10 10 10 10 10 10 10 10 10 10 10 10 10 10 10 10 10 10 10 10 10 10 10 10 10 10 10 10 10 10 10 10 10 10 10 10 11 11 11 11 11 11 11 11 11 11 11 11 11 11 11 11 11 11 11 11 11 11 11 11 11 11 11 11 11 11 11 11 11 11 11 11 11 11 11 11 11 11 11 11 11 11 11 11 11 11 11 11 11 11 11 11 11 11 11 11 11 11 11 11 11 11 11 11 11 11 11 11 11 11 11 11 11 11 11 11 11 11 11 11 11 11 11 11 11 11 11 11 11 11 11 11 11 11 11 11 12 12 12 12 12 12 12 12 12 12 12 12 12 12 12 12 12 12 12 12 12 12 12 12 12 12 12 12 12 12 12 12 12 12 12 12 12 12 12 12 12 12 12 12 12 12 12 12 12 12 12 12 12 12 12 12 12 12 12 12 12 12 12 12 12 12 12 12 12 12 12 12 12 12 12 12 12 12 12 12 12 12 12 12 12 12 12 12 12 12 12 12 12 12 12 12 12 12 12 12 13 13 13 13 13 13 13 13 13 13 13 13 13 13 13 13 13 13 13 13 13 13 13 13 13 13 13 13 13 13 13 13 13 13 13 13 13 13 13 13 13 13 13 13 13 13 13 13 13 13 13 13 13 13 13 13 13 13 13 13 13 13 13 13 13 13 13 13 13 13 13 13 13 13 13 13 13 13 13 13 13 13 13 13 13 13 13 13 13 13 13 13 13 13 13 13 13 13 13 13 14 14 14 14 14 14 14 14 14 14 14 14 14 14 14 14 14 14 14 14 14 14 14 14 14 14 14 14 14 14 14 14 14 14 14 14 14 14 14 14 14 14 14 14 14 14 14 14 14 14 14 14 14 14 14 14 14 14 14 14 14 14 14 14 14 14 14 14 14 14 14 14 14 14 14 14 14 14 14 14 14 14 14 14 14 14 14 14 14 14 14 14 14 14 14 14 14 14 14 14 15 15 15 15 15 15 15 15 15 15 15 15 15 15 15 15 15 15 15 15 15 15 15 15 15 15 15 15 15 15 15 15 15 15 15 15 15 15 15 15 15 15 15 15 15 15 15 15 15 15 15 15 15 15 15 15 15 15 15 15 15 15 15 15 15 15 15 15 15 15 15 15 15 15 15 15 15 15 15 15 15 15 15 15 15 15 15 15 15 15 15 15 15 15 15 15 15 15 15 15 16 16 16 16 16 16 16 16 16 16 16 16 16 16 16 16 16 16 16 16 16 16 16 16 16 16 16 16 16 16 16 16 16 16 16 16 16 16 16 16 16 16 16 16 16 16 16 16 16 16 16 16 16 16 16 16 16 16 16 16 16 16 16 16 16 16 16 16 16 16 16 16 16 16 16 16 16 16 16 16 16 16 16 16 16 16 16 16 16 16 16 16 16 16 16 16 16 16 16 16 17 17 17 17 17 17 17 17 17 17 17 17 17 17 17 17 17 17 17 17 17 17 17 17 17 17 17 17 17 17 17 17 17 17 17 17 17 17 17 17 17 17 17 17 17 17 17 17 17 17 17 17 17 17 17 17 17 17 17 17 17 17 17 17 17 17 17 17 17 17 17 17 17 17 17 17 17 17 17 17 17 17 17 17 17 17 17 17 17 17 17 17 17 17 17 17 17 17 17 17 18 18 18 18 18 18 18 18 18 18 18 18 18 18 18 18 18 18 18 18 18 18 18 18 18 18 18 18 18 18 18 18 18 18 18 18 18 18 18 18 18 18 18 18 18 18 18 18 18 18 18 18 18 18 18 18 18 18 18 18 18 18 18 18 18 18 18 18 18 18 18 18 18 18 18 18 18 18 18 18 18 18 18 18 18 18 18 18 18 18 18 18 18 18 18 18 18 18 18 18 19 19 19 19 19 19 19 19 19 19 19 19 19 19 19 19 19 19 19 19 19 19 19 19 19 19 19 19 19 19 19 19 19 19 19 19 19 19 19 19 19 19 19 19 19 19 19 19 19 19 19 19 19 19 19 19 19 19 19 19 19 19 19 19 19 19 19 19 19 19 19 19 19 19 19 19 19 19 19 19 19 19 19 19 19 19 19 19 19 19 19 19 19 19 19 19 19 19 19 19 20 20 20 20 20 20 20 20 20 20 20 20 20 20 20 20 20 20 20 20 20 20 20 20 20 20 20 20 20 20 20 20 20 20 20 20 20 20 20 20 20 20 20 20 20 20 20 20 20 20 20 20 20 20 20 20 20 20 20 20 20 20 20 20 20 20 20 20 20 20 20 20 20 20 20 20 20 20 20 20 20 20 20 20 20 20 20 20 20 20 20 20 20 20 20 20 20 20 20 20 21 21 21 21 21 21 21 21 21 21 21 21 21 21 21 21 21 21 21 21 21 21 21 21 21 21 21 21 21 21 21 21 21 21 21 21 21 21 21 21 21 21 21 21 21 21 21 21 21 21 21 21 21 21 21 21 21 21 21 21 21 21 21 21 21 21 21 21 21 21 21 21 21 21 21 21 21 21 21 21 21 21 21 21 21 21 21 21 21 21 21 21 21 21 21 21 21 21 21 21 22 22 22 22 22 22 22 22 22 22 22 22 22 22 22 22 22 22 22 22 22 22 22 22 22 22 22 22 22 22 22 22 22 22 22 22 22 22 22 22 22 22 22 22 22 22 22 22 22 22 22 22 22 22 22 22 22 22 22 22 22 22 22 22 22 22 22 22 22 22 22 22 22 22 22 22 22 22 22 22 22 22 22 22 22 22 22 22 22 22 22 22 22 22 22 22 22 22 22 22 23 23 23 23 23 23 23 23 23 23 23 23 23 23 23 23 23 23 23 23 23 23 23 23 23 23 23 23 23 23 23 23 23 23 23 23 23 23 23 23 23 23 23 23 23 23 23 23 23 23 23 23 23 23 23 23 23 23 23 23 23 23 23 23 23 23 23 23 23 23 23 23 23 23 23 23 23 23 23 23 23 23 23 23 23 23 23 23 23 23 23 23 23 23 23 23 23 23 23 23 24 24 24 24 24 24 24 24 24 24 24 24 24 24 24 24 24 24 24 24 24 24 24 24 24 24 24 24 24 24 24 24 24 24 24 24 24 24 24 24 24 24 24 24 24 24 24 24 24 24 24 24 24 24 24 24 24 24 24 24 24 24 24 24 24 24 24 24 24 24 24 24 24 24 24 24 24 24 24 24 24 24 24 24 24 24 24 24 24 24 24 24 24 24 24 24 24 24 24 24 25 25 25 25 25 25 25 25 25 25 25 25 25 25 25 25 25 25 25 25 25 25 25 25 25 25 25 25 25 25 25 25 25 25 25 25 25 25 25 25 25 25 25 25 25 25 25 25 25 25 25 25 25 25 25 25 25 25 25 25 25 25 25 25 25 25 25 25 25 25 25 25 25 25 25 25 25 25 25 25 25 25 25 25 25 25 25 25 25 25 25 25 25 25 25 25 25 25 25 25 26 26 26 26 26 26 26 26 26 26 26 26 26 26 26 26 26 26 26 26 26 26 26 26 26 26 26 26 26 26 26 26 26 26 26 26 26 26 26 26 26 26 26 26 26 26 26 26 26 26 26 26 26 26 26 26 26 26 26 26 26 26 26 26 26 26 26 26 26 26 26 26 26 26 26 26 26 26 26 26 26 26 26 26 26 26 26 26 26 26 26 26 26 26 26 26 26 26 26 26 27 27 27 27 27 27 27 27 27 27 27 27 27 27 27 27 27 27 27 27 27 27 27 27 27 27 27 27 27 27 27 27 27 27 27 27 27 27 27 27 27 27 27 27 27 27 27 27 27 27 27 27 27 27 27 27 27 27 27 27 27 27 27 27 27 27 27 27 27 27 27 27 27 27 27 27 27 27 27 27 27 27 27 27 27 27 27 27 27 27 27 27 27 27 27 27 27 27 27 27 28 28 28 28 28 28 28 28 28 28 28 28 28 28 28 28 28 28 28 28 28 28 28 28 28 28 28 28 28 28 28 28 28 28 28 28 28 28 28 28 28 28 28 28 28 28 28 28 28 28 28 28 28 28 28 28 28 28 28 28 28 28 28 28 28 28 28 28 28 28 28 28 28 28 28 28 28 28 28 28 28 28 28 28 28 28 28 28 28 28 28 28 28 28 28 28 28 28 28 28 29 29 29 29 29 29 29 29 29 29 29 29 29 29 29 29 29 29 29 29 29 29 29 29 29 29 29 29 29 29 29 29 29 29 29 29 29 29 29 29 29 29 29 29 29 29 29 29 29 29 29 29 29 29 29 29 29 29 29 29 29 29 29 29 29 29 29 29 29 29 29 29 29 29 29 29 29 29 29 29 29 29 29 29 29 29 29 29 29 29 29 29 29 29 29 29 29 29 29 29 30 30 30 30 30 30 30 30 30 30 30 30 30 30 30 30 30 30 30 30 30 30 30 30 30 30 30 30 30 30 30 30 30 30 30 30 30 30 30 30 30 30 30 30 30 30 30 30 30 30 30 30 30 30 30 30 30 30 30 30 30 30 30 30 30 30 30 30 30 30 30 30 30 30 30 30 30 30 30 30 30 30 30 30 30 30 30 30 30 30 30 30 30 30 30 30 30 30 30 30 31 31 31 31 31 31 31 31 31 31 31 31 31 31 31 31 31 31 31 31 31 31 31 31 31 31 31 31 31 31 31 31 31 31 31 31 31 31 31 31 31 31 31 31 31 31 31 31 31 31 31 31 31 31 31 31 31 31 31 31 31 31 31 31 31 31 31 31 31 31 31 31 31 31 31 31 31 31 31 31 31 31 31 31 31 31 31 31 31 31 31 31 31 31 31 31 31 31 31 31 32 32 32 32 32 32 32 32 32 32 32 32 32 32 32 32 32 32 32 32 32 32 32 32 32 32 32 32 32 32 32 32 32 32 32 32 32 32 32 32 32 32 32 32 32 32 32 32 32 32 32 32 32 32 32 32 32 32 32 32 32 32 32 32 32 32 32 32 32 32 32 32 32 32 32 32 32 32 32 32 32 32 32 32 32 32 32 32 32 32 32 32 32 32 32 32 32 32 32 32 33 33 33 33 33 33 33 33 33 33 33 33 33 33 33 33 33 33 33 33 33 33 33 33 33 33 33 33 33 33 33 33 33 33 33 33 33 33 33 33 33 33 33 33 33 33 33 33 33 33 33 33 33 33 33 33 33 33 33 33 33 33 33 33 33 33 33 33 33 33 33 33 33 33 33 33 33 33 33 33 33 33 33 33 33 33 33 33 33 33 33 33 33 33 33 33 33 33 33 33 34 34 34 34 34 34 34 34 34 34 34 34 34 34 34 34 34 34 34 34 34 34 34 34 34 34 34 34 34 34 34 34 34 34 34 34 34 34 34 34 34 34 34 34 34 34 34 34 34 34 34 34 34 34 34 34 34 34 34 34 34 34 34 34 34 34 34 34 34 34 34 34 34 34 34 34 34 34 34 34 34 34 34 34 34 34 34 34 34 34 34 34 34 34 34 34 34 34 34 34 35 35 35 35 35 35 35 35 35 35 35 35 35 35 35 35 35 35 35 35 35 35 35 35 35 35 35 35 35 35 35 35 35 35 35 35 35 35 35 35 35 35 35 35 35 35 35 35 35 35 35 35 35 35 35 35 35 35 35 35 35 35 35 35 35 35 35 35 35 35 35 35 35 35 35 35 35 35 35 35 35 35 35 35 35 35 35 35 35 35 35 35 35 35 35 35 35 35 35 35 36 36 36 36 36 36 36 36 36 36 36 36 36 36 36 36 36 36 36 36 36 36 36 36 36 36 36 36 36 36 36 36 36 36 36 36 36 36 36 36 36 36 36 36 36 36 36 36 36 36 36 36 36 36 36 36 36 36 36 36 36 36 36 36 36 36 36 36 36 36 36 36 36 36 36 36 36 36 36 36 36 36 36 36 36 36 36 36 36 36 36 36 36 36 36 36 36 36 36 36 37 37 37 37 37 37 37 37 37 37 37 37 37 37 37 37 37 37 37 37 37 37 37 37 37 37 37 37 37 37 37 37 37 37 37 37 37 37 37 37 37 37 37 37 37 37 37 37 37 37 37 37 37 37 37 37 37 37 37 37 37 37 37 37 37 37 37 37 37 37 37 37 37 37 37 37 37 37 37 37 37 37 37 37 37 37 37 37 37 37 37 37 37 37 37 37 37 37 37 37 38 38 38 38 38 38 38 38 38 38 38 38 38 38 38 38 38 38 38 38 38 38 38 38 38 38 38 38 38 38 38 38 38 38 38 38 38 38 38 38 38 38 38 38 38 38 38 38 38 38 38 38 38 38 38 38 38 38 38 38 38 38 38 38 38 38 38 38 38 38 38 38 38 38 38 38 38 38 38 38 38 38 38 38 38 38 38 38 38 38 38 38 38 38 38 38 38 38 38 38 39 39 39 39 39 39 39 39 39 39 39 39 39 39 39 39 39 39 39 39 39 39 39 39 39 39 39 39 39 39 39 39 39 39 39 39 39 39 39 39 39 39 39 39 39 39 39 39 39 39 39 39 39 39 39 39 39 39 39 39 39 39 39 39 39 39 39 39 39 39 39 39 39 39 39 39 39 39 39 39 39 39 39 39 39 39 39 39 39 39 39 39 39 39 39 39 39 39 39 39 40 40 40 40 40 40 40 40 40 40 40 40 40 40 40 40 40 40 40 40 40 40 40 40 40 40 40 40 40 40 40 40 40 40 40 40 40 40 40 40 40 40 40 40 40 40 40 40 40 40 40 40 40 40 40 40 40 40 40 40 40 40 40 40 40 40 40 40 40 40 40 40 40 40 40 40 40 40 40 40 40 40 40 40 40 40 40 40 40 40 40 40 40 40 40 40 40 40 40 40 41 41 41 41 41 41 41 41 41 41 41 41 41 41 41 41 41 41 41 41 41 41 41 41 41 41 41 41 41 41 41 41 41 41 41 41 41 41 41 41 41 41 41 41 41 41 41 41 41 41 41 41 41 41 41 41 41 41 41 41 41 41 41 41 41 41 41 41 41 41 41 41 41 41 41 41 41 41 41 41 41 41 41 41 41 41 41 41 41 41 41 41 41 41 41 41 41 41 41 41 42 42 42 42 42 42 42 42 42 42 42 42 42 42 42 42 42 42 42 42 42 42 42 42 42 42 42 42 42 42 42 42 42 42 42 42 42 42 42 42 42 42 42 42 42 42 42 42 42 42 42 42 42 42 42 42 42 42 42 42 42 42 42 42 42 42 42 42 42 42 42 42 42 42 42 42 42 42 42 42 42 42 42 42 42 42 42 42 42 42 42 42 42 42 42 42 42 42 42 42 43 43 43 43 43 43 43 43 43 43 43 43 43 43 43 43 43 43 43 43 43 43 43 43 43 43 43 43 43 43 43 43 43 43 43 43 43 43 43 43 43 43 43 43 43 43 43 43 43 43 43 43 43 43 43 43 43 43 43 43 43 43 43 43 43 43 43 43 43 43 43 43 43 43 43 43 43 43 43 43 43 43 43 43 43 43 43 43 43 43 43 43 43 43 43 43 43 43 43 43 44 44 44 44 44 44 44 44 44 44 44 44 44 44 44 44 44 44 44 44 44 44 44 44 44 44 44 44 44 44 44 44 44 44 44 44 44 44 44 44 44 44 44 44 44 44 44 44 44 44 44 44 44 44 44 44 44 44 44 44 44 44 44 44 44 44 44 44 44 44 44 44 44 44 44 44 44 44 44 44 44 44 44 44 44 44 44 44 44 44 44 44 44 44 44 44 44 44 44 44 45 45 45 45 45 45 45 45 45 45 45 45 45 45 45 45 45 45 45 45 45 45 45 45 45 45 45 45 45 45 45 45 45 45 45 45 45 45 45 45 45 45 45 45 45 45 45 45 45 45 45 45 45 45 45 45 45 45 45 45 45 45 45 45 45 45 45 45 45 45 45 45 45 45 45 45 45 45 45 45 45 45 45 45 45 45 45 45 45 45 45 45 45 45 45 45 45 45 45 45 46 46 46 46 46 46 46 46 46 46 46 46 46 46 46 46 46 46 46 46 46 46 46 46 46 46 46 46 46 46 46 46 46 46 46 46 46 46 46 46 46 46 46 46 46 46 46 46 46 46 46 46 46 46 46 46 46 46 46 46 46 46 46 46 46 46 46 46 46 46 46 46 46 46 46 46 46 46 46 46 46 46 46 46 46 46 46 46 46 46 46 46 46 46 46 46 46 46 46 46 47 47 47 47 47 47 47 47 47 47 47 47 47 47 47 47 47 47 47 47 47 47 47 47 47 47 47 47 47 47 47 47 47 47 47 47 47 47 47 47 47 47 47 47 47 47 47 47 47 47 47 47 47 47 47 47 47 47 47 47 47 47 47 47 47 47 47 47 47 47 47 47 47 47 47 47 47 47 47 47 47 47 47 47 47 47 47 47 47 47 47 47 47 47 47 47 47 47 47 47 48 48 48 48 48 48 48 48 48 48 48 48 48 48 48 48 48 48 48 48 48 48 48 48 48 48 48 48 48 48 48 48 48 48 48 48 48 48 48 48 48 48 48 48 48 48 48 48 48 48 48 48 48 48 48 48 48 48 48 48 48 48 48 48 48 48 48 48 48 48 48 48 48 48 48 48 48 48 48 48 48 48 48 48 48 48 48 48 48 48 48 48 48 48 48 48 48 48 48 48 49 49 49 49 49 49 49 49 49 49 49 49 49 49 49 49 49 49 49 49 49 49 49 49 49 49 49 49 49 49 49 49 49 49 49 49 49 49 49 49 49 49 49 49 49 49 49 49 49 49 49 49 49 49 49 49 49 49 49 49 49 49 49 49 49 49 49 49 49 49 49 49 49 49 49 49 49 49 49 49 49 49 49 49 49 49 49 49 49 49 49 49 49 49 49 49 49 49 49 49 50 50 50 50 50 50 50 50 50 50 50 50 50 50 50 50 50 50 50 50 50 50 50 50 50 50 50 50 50 50 50 50 50 50 50 50 50 50 50 50 50 50 50 50 50 50 50 50 50 50 50 50 50 50 50 50 50 50 50 50 50 50 50 50 50 50 50 50 50 50 50 50 50 50 50 50 50 50 50 50 50 50 50 50 50 50 50 50 50 50 50 50 50 50 50 50 50 50 50 50 51 51 51 51 51 51 51 51 51 51 51 51 51 51 51 51 51 51 51 51 51 51 51 51 51 51 51 51 51 51 51 51 51 51 51 51 51 51 51 51 51 51 51 51 51 51 51 51 51 51 51 51 51 51 51 51 51 51 51 51 51 51 51 51 51 51 51 51 51 51 51 51 51 51 51 51 51 51 51 51 51 51 51 51 51 51 51 51 51 51 51 51 51 51 51 51 51 51 51 51 52 52 52 52 52 52 52 52 52 52 52 52 52 52 52 52 52 52 52 52 52 52 52 52 52 52 52 52 52 52 52 52 52 52 52 52 52 52 52 52 52 52 52 52 52 52 52 52 52 52 52 52 52 52 52 52 52 52 52 52 52 52 52 52 52 52 52 52 52 52 52 52 52 52 52 52 52 52 52 52 52 52 52 52 52 52 52 52 52 52 52 52 52 52 52 52 52 52 52 52 53 53 53 53 53 53 53 53 53 53 53 53 53 53 53 53 53 53 53 53 53 53 53 53 53 53 53 53 53 53 53 53 53 53 53 53 53 53 53 53 53 53 53 53 53 53 53 53 53 53 53 53 53 53 53 53 53 53 53 53 53 53 53 53 53 53 53 53 53 53 53 53 53 53 53 53 53 53 53 53 53 53 53 53 53 53 53 53 53 53 53 53 53 53 53 53 53 53 53 53 54 54 54 54 54 54 54 54 54 54 54 54 54 54 54 54 54 54 54 54 54 54 54 54 54 54 54 54 54 54 54 54 54 54 54 54 54 54 54 54 54 54 54 54 54 54 54 54 54 54 54 54 54 54 54 54 54 54 54 54 54 54 54 54 54 54 54 54 54 54 54 54 54 54 54 54 54 54 54 54 54 54 54 54 54 54 54 54 54 54 54 54 54 54 54 54 54 54 54 54 55 55 55 55 55 55 55 55 55 55 55 55 55 55 55 55 55 55 55 55 55 55 55 55 55 55 55 55 55 55 55 55 55 55 55 55 55 55 55 55 55 55 55 55 55 55 55 55 55 55 55 55 55 55 55 55 55 55 55 55 55 55 55 55 55 55 55 55 55 55 55 55 55 55 55 55 55 55 55 55 55 55 55 55 55 55 55 55 55 55 55 55 55 55 55 55 55 55 55 55 56 56 56 56 56 56 56 56 56 56 56 56 56 56 56 56 56 56 56 56 56 56 56 56 56 56 56 56 56 56 56 56 56 56 56 56 56 56 56 56 56 56 56 56 56 56 56 56 56 56 56 56 56 56 56 56 56 56 56 56 56 56 56 56 56 56 56 56 56 56 56 56 56 56 56 56 56 56 56 56 56 56 56 56 56 56 56 56 56 56 56 56 56 56 56 56 56 56 56 56 57 57 57 57 57 57 57 57 57 57 57 57 57 57 57 57 57 57 57 57 57 57 57 57 57 57 57 57 57 57 57 57 57 57 57 57 57 57 57 57 57 57 57 57 57 57 57 57 57 57 57 57 57 57 57 57 57 57 57 57 57 57 57 57 57 57 57 57 57 57 57 57 57 57 57 57 57 57 57 57 57 57 57 57 57 57 57 57 57 57 57 57 57 57 57 57 57 57 57 57 58 58 58 58 58 58 58 58 58 58 58 58 58 58 58 58 58 58 58 58 58 58 58 58 58 58 58 58 58 58 58 58 58 58 58 58 58 58 58 58 58 58 58 58 58 58 58 58 58 58 58 58 58 58 58 58 58 58 58 58 58 58 58 58 58 58 58 58 58 58 58 58 58 58 58 58 58 58 58 58 58 58 58 58 58 58 58 58 58 58 58 58 58 58 58 58 58 58 58 58 59 59 59 59 59 59 59 59 59 59 59 59 59 59 59 59 59 59 59 59 59 59 59 59 59 59 59 59 59 59 59 59 59 59 59 59 59 59 59 59 59 59 59 59 59 59 59 59 59 59 59 59 59 59 59 59 59 59 59 59 59 59 59 59 59 59 59 59 59 59 59 59 59 59 59 59 59 59 59 59 59 59 59 59 59 59 59 59 59 59 59 59 59 59 59 59 59 59 59 59 60 60 60 60 60 60 60 60 60 60 60 60 60 60 60 60 60 60 60 60 60 60 60 60 60 60 60 60 60 60 60 60 60 60 60 60 60 60 60 60 60 60 60 60 60 60 60 60 60 60 60 60 60 60 60 60 60 60 60 60 60 60 60 60 60 60 60 60 60 60 60 60 60 60 60 60 60 60 60 60 60 60 60 60 60 60 60 60 60 60 60 60 60 60 60 60 60 60 60 60 61 61 61 61 61 61 61 61 61 61 61 61 61 61 61 61 61 61 61 61 61 61 61 61 61 61 61 61 61 61 61 61 61 61 61 61 61 61 61 61 61 61 61 61 61 61 61 61 61 61 61 61 61 61 61 61 61 61 61 61 61 61 61 61 61 61 61 61 61 61 61 61 61 61 61 61 61 61 61 61 61 61 61 61 61 61 61 61 61 61 61 61 61 61 61 61 61 61 61 61 62 62 62 62 62 62 62 62 62 62 62 62 62 62 62 62 62 62 62 62 62 62 62 62 62 62 62 62 62 62 62 62 62 62 62 62 62 62 62 62 62 62 62 62 62 62 62 62 62 62 62 62 62 62 62 62 62 62 62 62 62 62 62 62 62 62 62 62 62 62 62 62 62 62 62 62 62 62 62 62 62 62 62 62 62 62 62 62 62 62 62 62 62 62 62 62 62 62 62 62 63 63 63 63 63 63 63 63 63 63 63 63 63 63 63 63 63 63 63 63 63 63 63 63 63 63 63 63 63 63 63 63 63 63 63 63 63 63 63 63 63 63 63 63 63 63 63 63 63 63 63 63 63 63 63 63 63 63 63 63 63 63 63 63 63 63 63 63 63 63 63 63 63 63 63 63 63 63 63 63 63 63 63 63 63 63 63 63 63 63 63 63 63 63 63 63 63 63 63 63 64 64 64 64 64 64 64 64 64 64 64 64 64 64 64 64 64 64 64 64 64 64 64 64 64 64 64 64 64 64 64 64 64 64 64 64 64 64 64 64 64 64 64 64 64 64 64 64 64 64 64 64 64 64 64 64 64 64 64 64 64 64 64 64 64 64 64 64 64 64 64 64 64 64 64 64 64 64 64 64 64 64 64 64 64 64 64 64 64 64 64 64 64 64 64 64 64 64 64 64 65 65 65 65 65 65 65 65 65 65 65 65 65 65 65 65 65 65 65 65 65 65 65 65 65 65 65 65 65 65 65 65 65 65 65 65 65 65 65 65 65 65 65 65 65 65 65 65 65 65 65 65 65 65 65 65 65 65 65 65 65 65 65 65 65 65 65 65 65 65 65 65 65 65 65 65 65 65 65 65 65 65 65 65 65 65 65 65 65 65 65 65 65 65 65 65 65 65 65 65 66 66 66 66 66 66 66 66 66 66 66 66 66 66 66 66 66 66 66 66 66 66 66 66 66 66 66 66 66 66 66 66 66 66 66 66 66 66 66 66 66 66 66 66 66 66 66 66 66 66 66 66 66 66 66 66 66 66 66 66 66 66 66 66 66 66 66 66 66 66 66 66 66 66 66 66 66 66 66 66 66 66 66 66 66 66 66 66 66 66 66 66 66 66 66 66 66 66 66 66 67 67 67 67 67 67 67 67 67 67 67 67 67 67 67 67 67 67 67 67 67 67 67 67 67 67 67 67 67 67 67 67 67 67 67 67 67 67 67 67 67 67 67 67 67 67 67 67 67 67 67 67 67 67 67 67 67 67 67 67 67 67 67 67 67 67 67 67 67 67 67 67 67 67 67 67 67 67 67 67 67 67 67 67 67 67 67 67 67 67 67 67 67 67 67 67 67 67 67 67 68 68 68 68 68 68 68 68 68 68 68 68 68 68 68 68 68 68 68 68 68 68 68 68 68 68 68 68 68 68 68 68 68 68 68 68 68 68 68 68 68 68 68 68 68 68 68 68 68 68 68 68 68 68 68 68 68 68 68 68 68 68 68 68 68 68 68 68 68 68 68 68 68 68 68 68 68 68 68 68 68 68 68 68 68 68 68 68 68 68 68 68 68 68 68 68 68 68 68 68 69 69 69 69 69 69 69 69 69 69 69 69 69 69 69 69 69 69 69 69 69 69 69 69 69 69 69 69 69 69 69 69 69 69 69 69 69 69 69 69 69 69 69 69 69 69 69 69 69 69 69 69 69 69 69 69 69 69 69 69 69 69 69 69 69 69 69 69 69 69 69 69 69 69 69 69 69 69 69 69 69 69 69 69 69 69 69 69 69 69 69 69 69 69 69 69 69 69 69 69 70 70 70 70 70 70 70 70 70 70 70 70 70 70 70 70 70 70 70 70 70 70 70 70 70 70 70 70 70 70 70 70 70 70 70 70 70 70 70 70 70 70 70 70 70 70 70 70 70 70 70 70 70 70 70 70 70 70 70 70 70 70 70 70 70 70 70 70 70 70 70 70 70 70 70 70 70 70 70 70 70 70 70 70 70 70 70 70 70 70 70 70 70 70 70 70 70 70 70 70 71 71 71 71 71 71 71 71 71 71 71 71 71 71 71 71 71 71 71 71 71 71 71 71 71 71 71 71 71 71 71 71 71 71 71 71 71 71 71 71 71 71 71 71 71 71 71 71 71 71 71 71 71 71 71 71 71 71 71 71 71 71 71 71 71 71 71 71 71 71 71 71 71 71 71 71 71 71 71 71 71 71 71 71 71 71 71 71 71 71 71 71 71 71 71 71 71 71 71 71 72 72 72 72 72 72 72 72 72 72 72 72 72 72 72 72 72 72 72 72 72 72 72 72 72 72 72 72 72 72 72 72 72 72 72 72 72 72 72 72 72 72 72 72 72 72 72 72 72 72 72 72 72 72 72 72 72 72 72 72 72 72 72 72 72 72 72 72 72 72 72 72 72 72 72 72 72 72 72 72 72 72 72 72 72 72 72 72 72 72 72 72 72 72 72 72 72 72 72 72 73 73 73 73 73 73 73 73 73 73 73 73 73 73 73 73 73 73 73 73 73 73 73 73 73 73 73 73 73 73 73 73 73 73 73 73 73 73 73 73 73 73 73 73 73 73 73 73 73 73 73 73 73 73 73 73 73 73 73 73 73 73 73 73 73 73 73 73 73 73 73 73 73 73 73 73 73 73 73 73 73 73 73 73 73 73 73 73 73 73 73 73 73 73 73 73 73 73 73 73 74 74 74 74 74 74 74 74 74 74 74 74 74 74 74 74 74 74 74 74 74 74 74 74 74 74 74 74 74 74 74 74 74 74 74 74 74 74 74 74 74 74 74 74 74 74 74 74 74 74 74 74 74 74 74 74 74 74 74 74 74 74 74 74 74 74 74 74 74 74 74 74 74 74 74 74 74 74 74 74 74 74 74 74 74 74 74 74 74 74 74 74 74 74 74 74 74 74 74 74 75 75 75 75 75 75 75 75 75 75 75 75 75 75 75 75 75 75 75 75 75 75 75 75 75 75 75 75 75 75 75 75 75 75 75 75 75 75 75 75 75 75 75 75 75 75 75 75 75 75 75 75 75 75 75 75 75 75 75 75 75 75 75 75 75 75 75 75 75 75 75 75 75 75 75 75 75 75 75 75 75 75 75 75 75 75 75 75 75 75 75 75 75 75 75 75 75 75 75 75 76 76 76 76 76 76 76 76 76 76 76 76 76 76 76 76 76 76 76 76 76 76 76 76 76 76 76 76 76 76 76 76 76 76 76 76 76 76 76 76 76 76 76 76 76 76 76 76 76 76 76 76 76 76 76 76 76 76 76 76 76 76 76 76 76 76 76 76 76 76 76 76 76 76 76 76 76 76 76 76 76 76 76 76 76 76 76 76 76 76 76 76 76 76 76 76 76 76 76 76 77 77 77 77 77 77 77 77 77 77 77 77 77 77 77 77 77 77 77 77 77 77 77 77 77 77 77 77 77 77 77 77 77 77 77 77 77 77 77 77 77 77 77 77 77 77 77 77 77 77 77 77 77 77 77 77 77 77 77 77 77 77 77 77 77 77 77 77 77 77 77 77 77 77 77 77 77 77 77 77 77 77 77 77 77 77 77 77 77 77 77 77 77 77 77 77 77 77 77 77 78 78 78 78 78 78 78 78 78 78 78 78 78 78 78 78 78 78 78 78 78 78 78 78 78 78 78 78 78 78 78 78 78 78 78 78 78 78 78 78 78 78 78 78 78 78 78 78 78 78 78 78 78 78 78 78 78 78 78 78 78 78 78 78 78 78 78 78 78 78 78 78 78 78 78 78 78 78 78 78 78 78 78 78 78 78 78 78 78 78 78 78 78 78 78 78 78 78 78 78 79 79 79 79 79 79 79 79 79 79 79 79 79 79 79 79 79 79 79 79 79 79 79 79 79 79 79 79 79 79 79 79 79 79 79 79 79 79 79 79 79 79 79 79 79 79 79 79 79 79 79 79 79 79 79 79 79 79 79 79 79 79 79 79 79 79 79 79 79 79 79 79 79 79 79 79 79 79 79 79 79 79 79 79 79 79 79 79 79 79 79 79 79 79 79 79 79 79 79 79 80 80 80 80 80 80 80 80 80 80 80 80 80 80 80 80 80 80 80 80 80 80 80 80 80 80 80 80 80 80 80 80 80 80 80 80 80 80 80 80 80 80 80 80 80 80 80 80 80 80 80 80 80 80 80 80 80 80 80 80 80 80 80 80 80 80 80 80 80 80 80 80 80 80 80 80 80 80 80 80 80 80 80 80 80 80 80 80 80 80 80 80 80 80 80 80 80 80 80 80 81 81 81 81 81 81 81 81 81 81 81 81 81 81 81 81 81 81 81 81 81 81 81 81 81 81 81 81 81 81 81 81 81 81 81 81 81 81 81 81 81 81 81 81 81 81 81 81 81 81 81 81 81 81 81 81 81 81 81 81 81 81 81 81 81 81 81 81 81 81 81 81 81 81 81 81 81 81 81 81 81 81 81 81 81 81 81 81 81 81 81 81 81 81 81 81 81 81 81 81 82 82 82 82 82 82 82 82 82 82 82 82 82 82 82 82 82 82 82 82 82 82 82 82 82 82 82 82 82 82 82 82 82 82 82 82 82 82 82 82 82 82 82 82 82 82 82 82 82 82 82 82 82 82 82 82 82 82 82 82 82 82 82 82 82 82 82 82 82 82 82 82 82 82 82 82 82 82 82 82 82 82 82 82 82 82 82 82 82 82 82 82 82 82 82 82 82 82 82 82 83 83 83 83 83 83 83 83 83 83 83 83 83 83 83 83 83 83 83 83 83 83 83 83 83 83 83 83 83 83 83 83 83 83 83 83 83 83 83 83 83 83 83 83 83 83 83 83 83 83 83 83 83 83 83 83 83 83 83 83 83 83 83 83 83 83 83 83 83 83 83 83 83 83 83 83 83 83 83 83 83 83 83 83 83 83 83 83 83 83 83 83 83 83 83 83 83 83 83 83 84 84 84 84 84 84 84 84 84 84 84 84 84 84 84 84 84 84 84 84 84 84 84 84 84 84 84 84 84 84 84 84 84 84 84 84 84 84 84 84 84 84 84 84 84 84 84 84 84 84 84 84 84 84 84 84 84 84 84 84 84 84 84 84 84 84 84 84 84 84 84 84 84 84 84 84 84 84 84 84 84 84 84 84 84 84 84 84 84 84 84 84 84 84 84 84 84 84 84 84 85 85 85 85 85 85 85 85 85 85 85 85 85 85 85 85 85 85 85 85 85 85 85 85 85 85 85 85 85 85 85 85 85 85 85 85 85 85 85 85 85 85 85 85 85 85 85 85 85 85 85 85 85 85 85 85 85 85 85 85 85 85 85 85 85 85 85 85 85 85 85 85 85 85 85 85 85 85 85 85 85 85 85 85 85 85 85 85 85 85 85 85 85 85 85 85 85 85 85 85 86 86 86 86 86 86 86 86 86 86 86 86 86 86 86 86 86 86 86 86 86 86 86 86 86 86 86 86 86 86 86 86 86 86 86 86 86 86 86 86 86 86 86 86 86 86 86 86 86 86 86 86 86 86 86 86 86 86 86 86 86 86 86 86 86 86 86 86 86 86 86 86 86 86 86 86 86 86 86 86 86 86 86 86 86 86 86 86 86 86 86 86 86 86 86 86 86 86 86 86 87 87 87 87 87 87 87 87 87 87 87 87 87 87 87 87 87 87 87 87 87 87 87 87 87 87 87 87 87 87 87 87 87 87 87 87 87 87 87 87 87 87 87 87 87 87 87 87 87 87 87 87 87 87 87 87 87 87 87 87 87 87 87 87 87 87 87 87 87 87 87 87 87 87 87 87 87 87 87 87 87 87 87 87 87 87 87 87 87 87 87 87 87 87 87 87 87 87 87 87 88 88 88 88 88 88 88 88 88 88 88 88 88 88 88 88 88 88 88 88 88 88 88 88 88 88 88 88 88 88 88 88 88 88 88 88 88 88 88 88 88 88 88 88 88 88 88 88 88 88 88 88 88 88 88 88 88 88 88 88 88 88 88 88 88 88 88 88 88 88 88 88 88 88 88 88 88 88 88 88 88 88 88 88 88 88 88 88 88 88 88 88 88 88 88 88 88 88 88 88 89 89 89 89 89 89 89 89 89 89 89 89 89 89 89 89 89 89 89 89 89 89 89 89 89 89 89 89 89 89 89 89 89 89 89 89 89 89 89 89 89 89 89 89 89 89 89 89 89 89 89 89 89 89 89 89 89 89 89 89 89 89 89 89 89 89 89 89 89 89 89 89 89 89 89 89 89 89 89 89 89 89 89 89 89 89 89 89 89 89 89 89 89 89 89 89 89 89 89 89 90 90 90 90 90 90 90 90 90 90 90 90 90 90 90 90 90 90 90 90 90 90 90 90 90 90 90 90 90 90 90 90 90 90 90 90 90 90 90 90 90 90 90 90 90 90 90 90 90 90 90 90 90 90 90 90 90 90 90 90 90 90 90 90 90 90 90 90 90 90 90 90 90 90 90 90 90 90 90 90 90 90 90 90 90 90 90 90 90 90 90 90 90 90 90 90 90 90 90 90 91 91 91 91 91 91 91 91 91 91 91 91 91 91 91 91 91 91 91 91 91 91 91 91 91 91 91 91 91 91 91 91 91 91 91 91 91 91 91 91 91 91 91 91 91 91 91 91 91 91 91 91 91 91 91 91 91 91 91 91 91 91 91 91 91 91 91 91 91 91 91 91 91 91 91 91 91 91 91 91 91 91 91 91 91 91 91 91 91 91 91 91 91 91 91 91 91 91 91 91 92 92 92 92 92 92 92 92 92 92 92 92 92 92 92 92 92 92 92 92 92 92 92 92 92 92 92 92 92 92 92 92 92 92 92 92 92 92 92 92 92 92 92 92 92 92 92 92 92 92 92 92 92 92 92 92 92 92 92 92 92 92 92 92 92 92 92 92 92 92 92 92 92 92 92 92 92 92 92 92 92 92 92 92 92 92 92 92 92 92 92 92 92 92 92 92 92 92 92 92 93 93 93 93 93 93 93 93 93 93 93 93 93 93 93 93 93 93 93 93 93 93 93 93 93 93 93 93 93 93 93 93 93 93 93 93 93 93 93 93 93 93 93 93 93 93 93 93 93 93 93 93 93 93 93 93 93 93 93 93 93 93 93 93 93 93 93 93 93 93 93 93 93 93 93 93 93 93 93 93 93 93 93 93 93 93 93 93 93 93 93 93 93 93 93 93 93 93 93 93 94 94 94 94 94 94 94 94 94 94 94 94 94 94 94 94 94 94 94 94 94 94 94 94 94 94 94 94 94 94 94 94 94 94 94 94 94 94 94 94 94 94 94 94 94 94 94 94 94 94 94 94 94 94 94 94 94 94 94 94 94 94 94 94 94 94 94 94 94 94 94 94 94 94 94 94 94 94 94 94 94 94 94 94 94 94 94 94 94 94 94 94 94 94 94 94 94 94 94 94 95 95 95 95 95 95 95 95 95 95 95 95 95 95 95 95 95 95 95 95 95 95 95 95 95 95 95 95 95 95 95 95 95 95 95 95 95 95 95 95 95 95 95 95 95 95 95 95 95 95 95 95 95 95 95 95 95 95 95 95 95 95 95 95 95 95 95 95 95 95 95 95 95 95 95 95 95 95 95 95 95 95 95 95 95 95 95 95 95 95 95 95 95 95 95 95 95 95 95 95 96 96 96 96 96 96 96 96 96 96 96 96 96 96 96 96 96 96 96 96 96 96 96 96 96 96 96 96 96 96 96 96 96 96 96 96 96 96 96 96 96 96 96 96 96 96 96 96 96 96 96 96 96 96 96 96 96 96 96 96 96 96 96 96 96 96 96 96 96 96 96 96 96 96 96 96 96 96 96 96 96 96 96 96 96 96 96 96 96 96 96 96 96 96 96 96 96 96 96 96 97 97 97 97 97 97 97 97 97 97 97 97 97 97 97 97 97 97 97 97 97 97 97 97 97 97 97 97 97 97 97 97 97 97 97 97 97 97 97 97 97 97 97 97 97 97 97 97 97 97 97 97 97 97 97 97 97 97 97 97 97 97 97 97 97 97 97 97 97 97 97 97 97 97 97 97 97 97 97 97 97 97 97 97 97 97 97 97 97 97 97 97 97 97 97 97 97 97 97 97 98 98 98 98 98 98 98 98 98 98 98 98 98 98 98 98 98 98 98 98 98 98 98 98 98 98 98 98 98 98 98 98 98 98 98 98 98 98 98 98 98 98 98 98 98 98 98 98 98 98 98 98 98 98 98 98 98 98 98 98 98 98 98 98 98 98 98 98 98 98 98 98 98 98 98 98 98 98 98 98 98 98 98 98 98 98 98 98 98 98 98 98 98 98 98 98 98 98 98 98 99 99 99 99 99 99 99 99 99 99 99 99 99 99 99 99 99 99 99 99 99 99 99 99 99 99 99 99 99 99 99 99 99 99 99 99 99 99 99 99 99 99 99 99 99 99 99 99 99 99 99 99 99 99 99 99 99 99 99 99 99 99 99 99 99 99 99 99 99 99 99 99 99 99 99 99 99 99 99 99 99 99 99 99 99 99 99 99 99 99 99 99 99 99 99 99 99 99 99 99 
</Matrix>
   <Matrix name="neuronTypes" type="complete" rows="1" columns="10000" multiplier="1.0">
   2 2 1 2 2 2 2 2 2 2 2 2 1 2 2 2 2 2 2 2 2 2 1 2 2 2 2 2 2 2 2 2 1 2 2 2 2 2 2 2 2 2 1 2 2 2 2 2 2 2 2 2 1 2 2 2 2 2 2 2 2 2 1 2 2 2 2 2 2 2 2 2 1 2 2 2 2 2 2 2 2 2 1 2 2 2 2 2 2 2 2 2 1 2 2 2 2 2 2 2 2 2 2 2 2 2 2 2 2 2 2 2 2 2 2 2 2 2 2 2 2 2 2 2 2 2 2 2 2 2 2 2 2 2 2 2 2 2 2 2 2 2 2 2 2 2 2 2 2 2 2 2 2 2 2 2 2 2 2 2 2 2 2 2 2 2 2 2 2 2 2 2 2 2 2 2 2 2 2 2 2 2 2 2 2 2 2 2 2 2 2 2 2 2 2 2 2 2 2 2 2 2 2 2 2 1 2 2 1 2 2 2 2 2 2 1 2 2 1 2 2 2 2 2 2 1 2 2 1 2 2 2 2 2 2 1 2 2 1 2 2 2 2 2 2 1 2 2 1 2 2 2 2 2 2 1 2 2 1 2 2 2 2 2 2 1 2 2 1 2 2 2 2 2 2 1 2 2 1 2 2 2 2 2 2 1 2 2 1 2 2 2 2 2 2 1 2 2 1 2 2 2 1 2 2 2 2 2 2 2 2 2 1 2 2 2 2 2 2 2 2 2 1 2 2 2 2 2 2 2 2 2 1 2 2 2 2 2 2 2 2 2 1 2 2 2 2 2 2 2 2 2 1 2 2 2 2 2 2 2 2 2 1 2 2 2 2 2 2 2 2 2 1 2 2 2 2 2 2 2 2 2 1 2 2 2 2 2 2 2 2 2 1 2 2 2 2 2 2 2 2 2 2 2 2 2 2 2 2 2 2 2 2 2 2 2 2 2 2 2 2 2 2 2 2 2 2 2 2 2 2 2 2 2 2 2 2 2 2 2 2 2 2 2 2 2 2 2 2 2 2 2 2 2 2 2 2 2 2 2 2 2 2 2 2 2 2 2 2 2 2 2 2 2 2 2 2 2 2 2 2 2 2 2 2 2 2 2 2 2 2 2 2 2 2 2 2 2 2 2 2 2 2 2 2 1 2 2 1 2 2 2 2 2 2 1 2 2 1 2 2 2 2 2 2 1 2 2 1 2 2 2 2 2 2 1 2 2 1 2 2 2 2 2 2 1 2 2 1 2 2 2 2 2 2 1 2 2 1 2 2 2 2 2 2 1 2 2 1 2 2 2 2 2 2 1 2 2 1 2 2 2 2 2 2 1 2 2 1 2 2 2 2 2 2 1 2 2 1 2 2 2 1 2 2 2 2 2 2 2 2 2 1 2 2 2 2 2 2 2 2 2 1 2 2 2 2 2 2 2 2 2 1 2 2 2 2 2 2 2 2 2 1 2 2 2 2 2 2 2 2 2 1 2 2 2 2 2 2 2 2 2 1 2 2 2 2 2 2 2 2 2 1 2 2 2 2 2 2 2 2 2 1 2 2 2 2 2 2 2 2 2 1 2 2 2 2 2 2 2 2 2 2 2 2 2 2 2 2 2 2 2 2 2 2 2 2 2 2 2 2 2 2 2 2 2 2 2 2 2 2 2 2 2 2 2 2 2 2 2 2 2 2 2 2 2 2 2 2 2 2 2 2 2 2 2 2 2 2 2 2 2 2 2 2 2 2 2 2 2 2 2 2 2 2 2 2 2 2 2 2 2 2 2 2 2 2 2 2 2 2 2 2 2 2 2 2 2 2 2 2 2 2 2 2 1 2 2 1 2 2 2 2 2 2 1 2 2 1 2 2 2 2 2 2 1 2 2 1 2 2 2 2 2 2 1 2 2 1 2 2 2 2 2 2 1 2 2 1 2 2 2 2 2 2 1 2 2 1 2 2 2 2 2 2 1 2 2 1 2 2 2 2 2 2 1 2 2 1 2 2 2 2 2 2 1 2 2 1 2 2 2 2 2 2 1 2 2 1 2 2 2 1 2 2 2 2 2 2 2 2 2 1 2 2 2 2 2 2 2 2 2 1 2 2 2 2 2 2 2 2 2 1 2 2 2 2 2 2 2 2 2 1 2 2 2 2 2 2 2 2 2 1 2 2 2 2 2 2 2 2 2 1 2 2 2 2 2 2 2 2 2 1 2 2 2 2 2 2 2 2 2 1 2 2 2 2 2 2 2 2 2 1 2 2 2 2 2 2 2 2 2 2 2 2 2 2 2 1 2 2 2 2 2 2 2 2 2 1 2 2 2 2 2 2 2 2 2 1 2 2 2 2 2 2 2 2 2 1 2 2 2 2 2 2 2 2 2 1 2 2 2 2 2 2 2 2 2 1 2 2 2 2 2 2 2 2 2 1 2 2 2 2 2 2 2 2 2 1 2 2 2 2 2 2 2 2 2 1 2 2 2 2 2 2 2 2 2 1 2 2 2 2 2 2 2 2 2 2 2 2 2 2 2 2 2 2 2 2 2 2 2 2 2 2 2 2 2 2 2 2 2 2 2 2 2 2 2 2 2 2 2 2 2 2 2 2 2 2 2 2 2 2 2 2 2 2 2 2 2 2 2 2 2 2 2 2 2 2 2 2 2 2 2 2 2 2 2 2 2 2 2 2 2 2 2 2 2 2 2 2 2 2 2 2 2 2 2 2 2 2 2 1 2 2 1 2 2 2 2 2 2 1 2 2 1 2 2 2 2 2 2 1 2 2 1 2 2 2 2 2 2 1 2 2 1 2 2 2 2 2 2 1 2 2 1 2 2 2 2 2 2 1 2 2 1 2 2 2 2 2 2 1 2 2 1 2 2 2 2 2 2 1 2 2 1 2 2 2 2 2 2 1 2 2 1 2 2 2 2 2 2 1 2 2 1 2 2 2 2 2 2 2 2 2 2 2 2 1 2 2 2 2 2 2 2 2 2 1 2 2 2 2 2 2 2 2 2 1 2 2 2 2 2 2 2 2 2 1 2 2 2 2 2 2 2 2 2 1 2 2 2 2 2 2 2 2 2 1 2 2 2 2 2 2 2 2 2 1 2 2 2 2 2 2 2 2 2 1 2 2 2 2 2 2 2 2 2 1 2 2 2 2 2 2 2 2 2 1 2 2 2 2 2 2 2 2 2 2 2 2 2 2 2 2 2 2 2 2 2 2 2 2 2 2 2 2 2 2 2 2 2 2 2 2 2 2 2 2 2 2 2 2 2 2 2 2 2 2 2 2 2 2 2 2 2 2 2 2 2 2 2 2 2 2 2 2 2 2 2 2 2 2 2 2 2 2 2 2 2 2 2 2 2 2 2 2 2 2 2 2 2 2 2 2 2 2 2 2 2 2 2 1 2 2 1 2 2 2 2 2 2 1 2 2 1 2 2 2 2 2 2 1 2 2 1 2 2 2 2 2 2 1 2 2 1 2 2 2 2 2 2 1 2 2 1 2 2 2 2 2 2 1 2 2 1 2 2 2 2 2 2 1 2 2 1 2 2 2 2 2 2 1 2 2 1 2 2 2 2 2 2 1 2 2 1 2 2 2 2 2 2 1 2 2 1 2 2 2 2 2 2 2 2 2 2 2 2 1 2 2 2 2 2 2 2 2 2 1 2 2 2 2 2 2 2 2 2 1 2 2 2 2 2 2 2 2 2 1 2 2 2 2 2 2 2 2 2 1 2 2 2 2 2 2 2 2 2 1 2 2 2 2 2 2 2 2 2 1 2 2 2 2 2 2 2 2 2 1 2 2 2 2 2 2 2 2 2 1 2 2 2 2 2 2 2 2 2 1 2 2 2 2 2 2 2 2 2 2 2 2 2 2 2 2 2 2 2 2 2 2 2 2 2 2 2 2 2 2 2 2 2 2 2 2 2 2 2 2 2 2 2 2 2 2 2 2 2 2 2 2 2 2 2 2 2 2 2 2 2 2 2 2 2 2 2 2 2 2 2 2 2 2 2 2 2 2 2 2 2 2 2 2 2 2 2 2 2 2 2 2 2 2 2 2 2 2 2 2 2 2 2 1 2 2 1 2 2 2 2 2 2 1 2 2 1 2 2 2 2 2 2 1 2 2 1 2 2 2 2 2 2 1 2 2 1 2 2 2 2 2 2 1 2 2 1 2 2 2 2 2 2 1 2 2 1 2 2 2 2 2 2 1 2 2 1 2 2 2 2 2 2 1 2 2 1 2 2 2 2 2 2 1 2 2 1 2 2 2 2 2 2 1 2 2 1 2 2 2 2 2 2 2 2 2 2 2 2 1 2 2 2 2 2 2 2 2 2 1 2 2 2 2 2 2 2 2 2 1 2 2 2 2 2 2 2 2 2 1 2 2 2 2 2 2 2 2 2 1 2 2 2 2 2 2 2 2 2 1 2 2 2 2 2 2 2 2 2 1 2 2 2 2 2 2 2 2 2 1 2 2 2 2 2 2 2 2 2 1 2 2 2 2 2 2 2 2 2 1 2 2 2 1 2 2 2 2 2 2 2 2 2 1 2 2 2 2 2 2 2 2 2 1 2 2 2 2 2 2 2 2 2 1 2 2 2 2 2 2 2 2 2 1 2 2 2 2 2 2 2 2 2 1 2 2 2 2 2 2 2 2 2 1 2 2 2 2 2 2 2 2 2 1 2 2 2 2 2 2 2 2 2 1 2 2 2 2 2 2 2 2 2 1 2 2 2 2 2 2 2 2 2 2 2 2 2 2 2 2 2 2 2 2 2 2 2 2 2 2 2 2 2 2 2 2 2 2 2 2 2 2 2 2 2 2 2 2 2 2 2 2 2 2 2 2 2 2 2 2 2 2 2 2 2 2 2 2 2 2 2 2 2 2 2 2 2 2 2 2 2 2 2 2 2 2 2 2 2 2 2 2 2 2 2 2 2 2 2 2 2 2 2 2 2 2 2 2 2 2 2 2 2 2 2 2 1 2 2 1 2 2 2 2 2 2 1 2 2 1 2 2 2 2 2 2 1 2 2 1 2 2 2 2 2 2 1 2 2 1 2 2 2 2 2 2 1 2 2 1 2 2 2 2 2 2 1 2 2 1 2 2 2 2 2 2 1 2 2 1 2 2 2 2 2 2 1 2 2 1 2 2 2 2 2 2 1 2 2 1 2 2 2 2 2 2 1 2 2 1 2 2 2 1 2 2 2 2 2 2 2 2 2 1 2 2 2 2 2 2 2 2 2 1 2 2 2 2 2 2 2 2 2 1 2 2 2 2 2 2 2 2 2 1 2 2 2 2 2 2 2 2 2 1 2 2 2 2 2 2 2 2 2 1 2 2 2 2 2 2 2 2 2 1 2 2 2 2 2 2 2 2 2 1 2 2 2 2 2 2 2 2 2 1 2 2 2 2 2 2 2 2 2 2 2 2 2 2 2 2 2 2 2 2 2 2 2 2 2 2 2 2 2 2 2 2 2 2 2 2 2 2 2 2 2 2 2 2 2 2 2 2 2 2 2 2 2 2 2 2 2 2 2 2 2 2 2 2 2 2 2 2 2 2 2 2 2 2 2 2 2 2 2 2 2 2 2 2 2 2 2 2 2 2 2 2 2 2 2 2 2 2 2 2 2 2 2 2 2 2 2 2 2 2 2 2 1 2 2 1 2 2 2 2 2 2 1 2 2 1 2 2 2 2 2 2 1 2 2 1 2 2 2 2 2 2 1 2 2 1 2 2 2 2 2 2 1 2 2 1 2 2 2 2 2 2 1 2 2 1 2 2 2 2 2 2 1 2 2 1 2 2 2 2 2 2 1 2 2 1 2 2 2 2 2 2 1 2 2 1 2 2 2 2 2 2 1 2 2 1 2 2 2 1 2 2 2 2 2 2 2 2 2 1 2 2 2 2 2 2 2 2 2 1 2 2 2 2 2 2 2 2 2 1 2 2 2 2 2 2 2 2 2 1 2 2 2 2 2 2 2 2 2 1 2 2 2 2 2 2 2 2 2 1 2 2 2 2 2 2 2 2 2 1 2 2 2 2 2 2 2 2 2 1 2 2 2 2 2 2 2 2 2 1 2 2 2 2 2 2 2 2 2 2 2 2 2 2 2 2 2 2 2 2 2 2 2 2 2 2 2 2 2 2 2 2 2 2 2 2 2 2 2 2 2 2 2 2 2 2 2 2 2 2 2 2 2 2 2 2 2 2 2 2 2 2 2 2 2 2 2 2 2 2 2 2 2 2 2 2 2 2 2 2 2 2 2 2 2 2 2 2 2 2 2 2 2 2 2 2 2 2 2 2 2 2 2 2 2 2 2 2 2 2 2 2 1 2 2 1 2 2 2 2 2 2 1 2 2 1 2 2 2 2 2 2 1 2 2 1 2 2 2 2 2 2 1 2 2 1 2 2 2 2 2 2 1 2 2 1 2 2 2 2 2 2 1 2 2 1 2 2 2 2 2 2 1 2 2 1 2 2 2 2 2 2 1 2 2 1 2 2 2 2 2 2 1 2 2 1 2 2 2 2 2 2 1 2 2 1 2 2 2 1 2 2 2 2 2 2 2 2 2 1 2 2 2 2 2 2 2 2 2 1 2 2 2 2 2 2 2 2 2 1 2 2 2 2 2 2 2 2 2 1 2 2 2 2 2 2 2 2 2 1 2 2 2 2 2 2 2 2 2 1 2 2 2 2 2 2 2 2 2 1 2 2 2 2 2 2 2 2 2 1 2 2 2 2 2 2 2 2 2 1 2 2 2 2 2 2 2 2 2 2 2 2 2 2 2 1 2 2 2 2 2 2 2 2 2 1 2 2 2 2 2 2 2 2 2 1 2 2 2 2 2 2 2 2 2 1 2 2 2 2 2 2 2 2 2 1 2 2 2 2 2 2 2 2 2 1 2 2 2 2 2 2 2 2 2 1 2 2 2 2 2 2 2 2 2 1 2 2 2 2 2 2 2 2 2 1 2 2 2 2 2 2 2 2 2 1 2 2 2 2 2 2 2 2 2 2 2 2 2 2 2 2 2 2 2 2 2 2 2 2 2 2 2 2 2 2 2 2 2 2 2 2 2 2 2 2 2 2 2 2 2 2 2 2 2 2 2 2 2 2 2 2 2 2 2 2 2 2 2 2 2 2 2 2 2 2 2 2 2 2 2 2 2 2 2 2 2 2 2 2 2 2 2 2 2 2 2 2 2 2 2 2 2 2 2 2 2 2 2 1 2 2 1 2 2 2 2 2 2 1 2 2 1 2 2 2 2 2 2 1 2 2 1 2 2 2 2 2 2 1 2 2 1 2 2 2 2 2 2 1 2 2 1 2 2 2 2 2 2 1 2 2 1 2 2 2 2 2 2 1 2 2 1 2 2 2 2 2 2 1 2 2 1 2 2 2 2 2 2 1 2 2 1 2 2 2 2 2 2 1 2 2 1 2 2 2 2 2 2 2 2 2 2 2 2 1 2 2 2 2 2 2 2 2 2 1 2 2 2 2 2 2 2 2 2 1 2 2 2 2 2 2 2 2 2 1 2 2 2 2 2 2 2 2 2 1 2 2 2 2 2 2 2 2 2 1 2 2 2 2 2 2 2 2 2 1 2 2 2 2 2 2 2 2 2 1 2 2 2 2 2 2 2 2 2 1 2 2 2 2 2 2 2 2 2 1 2 2 2 2 2 2 2 2 2 2 2 2 2 2 2 2 2 2 2 2 2 2 2 2 2 2 2 2 2 2 2 2 2 2 2 2 2 2 2 2 2 2 2 2 2 2 2 2 2 2 2 2 2 2 2 2 2 2 2 2 2 2 2 2 2 2 2 2 2 2 2 2 2 2 2 2 2 2 2 2 2 2 2 2 2 2 2 2 2 2 2 2 2 2 2 2 2 2 2 2 2 2 2 1 2 2 1 2 2 2 2 2 2 1 2 2 1 2 2 2 2 2 2 1 2 2 1 2 2 2 2 2 2 1 2 2 1 2 2 2 2 2 2 1 2 2 1 2 2 2 2 2 2 1 2 2 1 2 2 2 2 2 2 1 2 2 1 2 2 2 2 2 2 1 2 2 1 2 2 2 2 2 2 1 2 2 1 2 2 2 2 2 2 1 2 2 1 2 2 2 2 2 2 2 2 2 2 2 2 1 2 2 2 2 2 2 2 2 2 1 2 2 2 2 2 2 2 2 2 1 2 2 2 2 2 2 2 2 2 1 2 2 2 2 2 2 2 2 2 1 2 2 2 2 2 2 2 2 2 1 2 2 2 2 2 2 2 2 2 1 2 2 2 2 2 2 2 2 2 1 2 2 2 2 2 2 2 2 2 1 2 2 2 2 2 2 2 2 2 1 2 2 2 2 2 2 2 2 2 2 2 2 2 2 2 2 2 2 2 2 2 2 2 2 2 2 2 2 2 2 2 2 2 2 2 2 2 2 2 2 2 2 2 2 2 2 2 2 2 2 2 2 2 2 2 2 2 2 2 2 2 2 2 2 2 2 2 2 2 2 2 2 2 2 2 2 2 2 2 2 2 2 2 2 2 2 2 2 2 2 2 2 2 2 2 2 2 2 2 2 2 2 2 1 2 2 1 2 2 2 2 2 2 1 2 2 1 2 2 2 2 2 2 1 2 2 1 2 2 2 2 2 2 1 2 2 1 2 2 2 2 2 2 1 2 2 1 2 2 2 2 2 2 1 2 2 1 2 2 2 2 2 2 1 2 2 1 2 2 2 2 2 2 1 2 2 1 2 2 2 2 2 2 1 2 2 1 2 2 2 2 2 2 1 2 2 1 2 2 2 2 2 2 2 2 2 2 2 2 1 2 2 2 2 2 2 2 2 2 1 2 2 2 2 2 2 2 2 2 1 2 2 2 2 2 2 2 2 2 1 2 2 2 2 2 2 2 2 2 1 2 2 2 2 2 2 2 2 2 1 2 2 2 2 2 2 2 2 2 1 2 2 2 2 2 2 2 2 2 1 2 2 2 2 2 2 2 2 2 1 2 2 2 2 2 2 2 2 2 1 2 2 2 1 2 2 2 2 2 2 2 2 2 1 2 2 2 2 2 2 2 2 2 1 2 2 2 2 2 2 2 2 2 1 2 2 2 2 2 2 2 2 2 1 2 2 2 2 2 2 2 2 2 1 2 2 2 2 2 2 2 2 2 1 2 2 2 2 2 2 2 2 2 1 2 2 2 2 2 2 2 2 2 1 2 2 2 2 2 2 2 2 2 1 2 2 2 2 2 2 2 2 2 2 2 2 2 2 2 2 2 2 2 2 2 2 2 2 2 2 2 2 2 2 2 2 2 2 2 2 2 2 2 2 2 2 2 2 2 2 2 2 2 2 2 2 2 2 2 2 2 2 2 2 2 2 2 2 2 2 2 2 2 2 2 2 2 2 2 2 2 2 2 2 2 2 2 2 2 2 2 2 2 2 2 2 2 2 2 2 2 2 2 2 2 2 2 2 2 2 2 2 2 2 2 2 1 2 2 1 2 2 2 2 2 2 1 2 2 1 2 2 2 2 2 2 1 2 2 1 2 2 2 2 2 2 1 2 2 1 2 2 2 2 2 2 1 2 2 1 2 2 2 2 2 2 1 2 2 1 2 2 2 2 2 2 1 2 2 1 2 2 2 2 2 2 1 2 2 1 2 2 2 2 2 2 1 2 2 1 2 2 2 2 2 2 1 2 2 1 2 2 2 1 2 2 2 2 2 2 2 2 2 1 2 2 2 2 2 2 2 2 2 1 2 2 2 2 2 2 2 2 2 1 2 2 2 2 2 2 2 2 2 1 2 2 2 2 2 2 2 2 2 1 2 2 2 2 2 2 2 2 2 1 2 2 2 2 2 2 2 2 2 1 2 2 2 2 2 2 2 2 2 1 2 2 2 2 2 2 2 2 2 1 2 2 2 2 2 2 2 2 2 2 2 2 2 2 2 2 2 2 2 2 2 2 2 2 2 2 2 2 2 2 2 2 2 2 2 2 2 2 2 2 2 2 2 2 2 2 2 2 2 2 2 2 2 2 2 2 2 2 2 2 2 2 2 2 2 2 2 2 2 2 2 2 2 2 2 2 2 2 2 2 2 2 2 2 2 2 2 2 2 2 2 2 2 2 2 2 2 2 2 2 2 2 2 2 2 2 2 2 2 2 2 2 1 2 2 1 2 2 2 2 2 2 1 2 2 1 2 2 2 2 2 2 1 2 2 1 2 2 2 2 2 2 1 2 2 1 2 2 2 2 2 2 1 2 2 1 2 2 2 2 2 2 1 2 2 1 2 2 2 2 2 2 1 2 2 1 2 2 2 2 2 2 1 2 2 1 2 2 2 2 2 2 1 2 2 1 2 2 2 2 2 2 1 2 2 1 2 2 2 1 2 2 2 2 2 2 2 2 2 1 2 2 2 2 2 2 2 2 2 1 2 2 2 2 2 2 2 2 2 1 2 2 2 2 2 2 2 2 2 1 2 2 2 2 2 2 2 2 2 1 2 2 2 2 2 2 2 2 2 1 2 2 2 2 2 2 2 2 2 1 2 2 2 2 2 2 2 2 2 1 2 2 2 2 2 2 2 2 2 1 2 2 2 2 2 2 2 2 2 2 2 2 2 2 2 2 2 2 2 2 2 2 2 2 2 2 2 2 2 2 2 2 2 2 2 2 2 2 2 2 2 2 2 2 2 2 2 2 2 2 2 2 2 2 2 2 2 2 2 2 2 2 2 2 2 2 2 2 2 2 2 2 2 2 2 2 2 2 2 2 2 2 2 2 2 2 2 2 2 2 2 2 2 2 2 2 2 2 2 2 2 2 2 2 2 2 2 2 2 2 2 2 1 2 2 1 2 2 2 2 2 2 1 2 2 1 2 2 2 2 2 2 1 2 2 1 2 2 2 2 2 2 1 2 2 1 2 2 2 2 2 2 1 2 2 1 2 2 2 2 2 2 1 2 2 1 2 2 2 2 2 2 1 2 2 1 2 2 2 2 2 2 1 2 2 1 2 2 2 2 2 2 1 2 2 1 2 2 2 2 2 2 1 2 2 1 2 2 2 1 2 2 2 2 2 2 2 2 2 1 2 2 2 2 2 2 2 2 2 1 2 2 2 2 2 2 2 2 2 1 2 2 2 2 2 2 2 2 2 1 2 2 2 2 2 2 2 2 2 1 2 2 2 2 2 2 2 2 2 1 2 2 2 2 2 2 2 2 2 1 2 2 2 2 2 2 2 2 2 1 2 2 2 2 2 2 2 2 2 1 2 2 2 2 2 2 2 2 2 2 2 2 2 2 2 1 2 2 2 2 2 2 2 2 2 1 2 2 2 2 2 2 2 2 2 1 2 2 2 2 2 2 2 2 2 1 2 2 2 2 2 2 2 2 2 1 2 2 2 2 2 2 2 2 2 1 2 2 2 2 2 2 2 2 2 1 2 2 2 2 2 2 2 2 2 1 2 2 2 2 2 2 2 2 2 1 2 2 2 2 2 2 2 2 2 1 2 2 2 2 2 2 2 2 2 2 2 2 2 2 2 2 2 2 2 2 2 2 2 2 2 2 2 2 2 2 2 2 2 2 2 2 2 2 2 2 2 2 2 2 2 2 2 2 2 2 2 2 2 2 2 2 2 2 2 2 2 2 2 2 2 2 2 2 2 2 2 2 2 2 2 2 2 2 2 2 2 2 2 2 2 2 2 2 2 2 2 2 2 2 2 2 2 2 2 2 2 2 2 1 2 2 1 2 2 2 2 2 2 1 2 2 1 2 2 2 2 2 2 1 2 2 1 2 2 2 2 2 2 1 2 2 1 2 2 2 2 2 2 1 2 2 1 2 2 2 2 2 2 1 2 2 1 2 2 2 2 2 2 1 2 2 1 2 2 2 2 2 2 1 2 2 1 2 2 2 2 2 2 1 2 2 1 2 2 2 2 2 2 1 2 2 1 2 2 2 2 2 2 2 2 2 2 2 2 1 2 2 2 2 2 2 2 2 2 1 2 2 2 2 2 2 2 2 2 1 2 2 2 2 2 2 2 2 2 1 2 2 2 2 2 2 2 2 2 1 2 2 2 2 2 2 2 2 2 1 2 2 2 2 2 2 2 2 2 1 2 2 2 2 2 2 2 2 2 1 2 2 2 2 2 2 2 2 2 1 2 2 2 2 2 2 2 2 2 1 2 2 2 2 2 2 2 2 2 2 2 2 2 2 2 2 2 2 2 2 2 2 2 2 2 2 2 2 2 2 2 2 2 2 2 2 2 2 2 2 2 2 2 2 2 2 2 2 2 2 2 2 2 2 2 2 2 2 2 2 2 2 2 2 2 2 2 2 2 2 2 2 2 2 2 2 2 2 2 2 2 2 2 2 2 2 2 2 2 2 2 2 2 2 2 2 2 2 2 2 2 2 2 1 2 2 1 2 2 2 2 2 2 1 2 2 1 2 2 2 2 2 2 1 2 2 1 2 2 2 2 2 2 1 2 2 1 2 2 2 2 2 2 1 2 2 1 2 2 2 2 2 2 1 2 2 1 2 2 2 2 2 2 1 2 2 1 2 2 2 2 2 2 1 2 2 1 2 2 2 2 2 2 1 2 2 1 2 2 2 2 2 2 1 2 2 1 2 2 2 2 2 2 2 2 2 2 2 2 1 2 2 2 2 2 2 2 2 2 1 2 2 2 2 2 2 2 2 2 1 2 2 2 2 2 2 2 2 2 1 2 2 2 2 2 2 2 2 2 1 2 2 2 2 2 2 2 2 2 1 2 2 2 2 2 2 2 2 2 1 2 2 2 2 2 2 2 2 2 1 2 2 2 2 2 2 2 2 2 1 2 2 2 2 2 2 2 2 2 1 2 2 2 2 2 2 2 2 2 2 2 2 2 2 2 2 2 2 2 2 2 2 2 2 2 2 2 2 2 2 2 2 2 2 2 2 2 2 2 2 2 2 2 2 2 2 2 2 2 2 2 2 2 2 2 2 2 2 2 2 2 2 2 2 2 2 2 2 2 2 2 2 2 2 2 2 2 2 2 2 2 2 2 2 2 2 2 2 2 2 2 2 2 2 2 2 2 2 2 2 2 2 2 1 2 2 1 2 2 2 2 2 2 1 2 2 1 2 2 2 2 2 2 1 2 2 1 2 2 2 2 2 2 1 2 2 1 2 2 2 2 2 2 1 2 2 1 2 2 2 2 2 2 1 2 2 1 2 2 2 2 2 2 1 2 2 1 2 2 2 2 2 2 1 2 2 1 2 2 2 2 2 2 1 2 2 1 2 2 2 2 2 2 1 2 2 1 2 2 2 2 2 2 2 2 2 2 2 2 1 2 2 2 2 2 2 2 2 2 1 2 2 2 2 2 2 2 2 2 1 2 2 2 2 2 2 2 2 2 1 2 2 2 2 2 2 2 2 2 1 2 2 2 2 2 2 2 2 2 1 2 2 2 2 2 2 2 2 2 1 2 2 2 2 2 2 2 2 2 1 2 2 2 2 2 2 2 2 2 1 2 2 2 2 2 2 2 2 2 1 2 2 2 1 2 2 2 2 2 2 2 2 2 1 2 2 2 2 2 2 2 2 2 1 2 2 2 2 2 2 2 2 2 1 2 2 2 2 2 2 2 2 2 1 2 2 2 2 2 2 2 2 2 1 2 2 2 2 2 2 2 2 2 1 2 2 2 2 2 2 2 2 2 1 2 2 2 2 2 2 2 2 2 1 2 2 2 2 2 2 2 2 2 1 2 2 2 2 2 2 2 2 2 2 2 2 2 2 2 2 2 2 2 2 2 2 2 2 2 2 2 2 2 2 2 2 2 2 2 2 2 2 2 2 2 2 2 2 2 2 2 2 2 2 2 2 2 2 2 2 2 2 2 2 2 2 2 2 2 2 2 2 2 2 2 2 2 2 2 2 2 2 2 2 2 2 2 2 2 2 2 2 2 2 2 2 2 2 2 2 2 2 2 2 2 2 2 2 2 2 2 2 2 2 2 2 1 2 2 1 2 2 2 2 2 2 1 2 2 1 2 2 2 2 2 2 1 2 2 1 2 2 2 2 2 2 1 2 2 1 2 2 2 2 2 2 1 2 2 1 2 2 2 2 2 2 1 2 2 1 2 2 2 2 2 2 1 2 2 1 2 2 2 2 2 2 1 2 2 1 2 2 2 2 2 2 1 2 2 1 2 2 2 2 2 2 1 2 2 1 2 2 2 1 2 2 2 2 2 2 2 2 2 1 2 2 2 2 2 2 2 2 2 1 2 2 2 2 2 2 2 2 2 1 2 2 2 2 2 2 2 2 2 1 2 2 2 2 2 2 2 2 2 1 2 2 2 2 2 2 2 2 2 1 2 2 2 2 2 2 2 2 2 1 2 2 2 2 2 2 2 2 2 1 2 2 2 2 2 2 2 2 2 1 2 2 2 2 2 2 2 2 2 2 2 2 2 2 2 2 2 2 2 2 2 2 2 2 2 2 2 2 2 2 2 2 2 2 2 2 2 2 2 2 2 2 2 2 2 2 2 2 2 2 2 2 2 2 2 2 2 2 2 2 2 2 2 2 2 2 2 2 2 2 2 2 2 2 2 2 2 2 2 2 2 2 2 2 2 2 2 2 2 2 2 2 2 2 2 2 2 2 2 2 2 2 2 2 2 2 2 2 2 2 2 2 1 2 2 1 2 2 2 2 2 2 1 2 2 1 2 2 2 2 2 2 1 2 2 1 2 2 2 2 2 2 1 2 2 1 2 2 2 2 2 2 1 2 2 1 2 2 2 2 2 2 1 2 2 1 2 2 2 2 2 2 1 2 2 1 2 2 2 2 2 2 1 2 2 1 2 2 2 2 2 2 1 2 2 1 2 2 2 2 2 2 1 2 2 1 2 2 2 1 2 2 2 2 2 2 2 2 2 1 2 2 2 2 2 2 2 2 2 1 2 2 2 2 2 2 2 2 2 1 2 2 2 2 2 2 2 2 2 1 2 2 2 2 2 2 2 2 2 1 2 2 2 2 2 2 2 2 2 1 2 2 2 2 2 2 2 2 2 1 2 2 2 2 2 2 2 2 2 1 2 2 2 2 2 2 2 2 2 1 2 2 2 2 2 2 2 2 2 2 2 2 2 2 2 2 2 2 2 2 2 2 2 2 2 2 2 2 2 2 2 2 2 2 2 2 2 2 2 2 2 2 2 2 2 2 2 2 2 2 2 2 2 2 2 2 2 2 2 2 2 2 2 2 2 2 2 2 2 2 2 2 2 2 2 2 2 2 2 2 2 2 2 2 2 2 2 2 2 2 2 2 2 2 2 2 2 2 2 2 2 2 2 2 2 2 2 2 2 2 2 2 1 2 2 1 2 2 2 2 2 2 1 2 2 1 2 2 2 2 2 2 1 2 2 1 2 2 2 2 2 2 1 2 2 1 2 2 2 2 2 2 1 2 2 1 2 2 2 2 2 2 1 2 2 1 2 2 2 2 2 2 1 2 2 1 2 2 2 2 2 2 1 2 2 1 2 2 2 2 2 2 1 2 2 1 2 2 2 2 2 2 1 2 2 1 2 2 2 1 2 2 2 2 2 2 2 2 2 1 2 2 2 2 2 2 2 2 2 1 2 2 2 2 2 2 2 2 2 1 2 2 2 2 2 2 2 2 2 1 2 2 2 2 2 2 2 2 2 1 2 2 2 2 2 2 2 2 2 1 2 2 2 2 2 2 2 2 2 1 2 2 2 2 2 2 2 2 2 1 2 2 2 2 2 2 2 2 2 1 2 2 2 2 2 2 2 2 2 2 2 2 2 2 2 1 2 2 2 2 2 2 2 2 2 1 2 2 2 2 2 2 2 2 2 1 2 2 2 2 2 2 2 2 2 1 2 2 2 2 2 2 2 2 2 1 2 2 2 2 2 2 2 2 2 1 2 2 2 2 2 2 2 2 2 1 2 2 2 2 2 2 2 2 2 1 2 2 2 2 2 2 2 2 2 1 2 2 2 2 2 2 2 2 2 1 2 2 2 2 2 2 2 2 2 2 2 2 2 2 2 2 2 2 2 2 2 2 2 2 2 2 2 2 2 2 2 2 2 2 2 2 2 2 2 2 2 2 2 2 2 2 2 2 2 2 2 2 2 2 2 2 2 2 2 2 2 2 2 2 2 2 2 2 2 2 2 2 2 2 2 2 2 2 2 2 2 2 2 2 2 2 2 2 2 2 2 2 2 2 2 2 2 2 2 2 2 2 2 1 2 2 1 2 2 2 2 2 2 1 2 2 1 2 2 2 2 2 2 1 2 2 1 2 2 2 2 2 2 1 2 2 1 2 2 2 2 2 2 1 2 2 1 2 2 2 2 2 2 1 2 2 1 2 2 2 2 2 2 1 2 2 1 2 2 2 2 2 2 1 2 2 1 2 2 2 2 2 2 1 2 2 1 2 2 2 2 2 2 1 2 2 1 2 2 2 2 2 2 2 2 2 2 2 2 1 2 2 2 2 2 2 2 2 2 1 2 2 2 2 2 2 2 2 2 1 2 2 2 2 2 2 2 2 2 1 2 2 2 2 2 2 2 2 2 1 2 2 2 2 2 2 2 2 2 1 2 2 2 2 2 2 2 2 2 1 2 2 2 2 2 2 2 2 2 1 2 2 2 2 2 2 2 2 2 1 2 2 2 2 2 2 2 2 2 1 2 2 2 2 2 2 2 2 2 2 2 2 2 2 2 2 2 2 2 2 2 2 2 2 2 2 2 2 2 2 2 2 2 2 2 2 2 2 2 2 2 2 2 2 2 2 2 2 2 2 2 2 2 2 2 2 2 2 2 2 2 2 2 2 2 2 2 2 2 2 2 2 2 2 2 2 2 2 2 2 2 2 2 2 2 2 2 2 2 2 2 2 2 2 2 2 2 2 2 2 2 2 2 1 2 2 1 2 2 2 2 2 2 1 2 2 1 2 2 2 2 2 2 1 2 2 1 2 2 2 2 2 2 1 2 2 1 2 2 2 2 2 2 1 2 2 1 2 2 2 2 2 2 1 2 2 1 2 2 2 2 2 2 1 2 2 1 2 2 2 2 2 2 1 2 2 1 2 2 2 2 2 2 1 2 2 1 2 2 2 2 2 2 1 2 2 1 2 2 2 2 2 2 2 2 2 2 2 2 1 2 2 2 2 2 2 2 2 2 1 2 2 2 2 2 2 2 2 2 1 2 2 2 2 2 2 2 2 2 1 2 2 2 2 2 2 2 2 2 1 2 2 2 2 2 2 2 2 2 1 2 2 2 2 2 2 2 2 2 1 2 2 2 2 2 2 2 2 2 1 2 2 2 2 2 2 2 2 2 1 2 2 2 2 2 2 2 2 2 1 2 2 2 2 2 2 2 2 2 2 2 2 2 2 2 2 2 2 2 2 2 2 2 2 2 2 2 2 2 2 2 2 2 2 2 2 2 2 2 2 2 2 2 2 2 2 2 2 2 2 2 2 2 2 2 2 2 2 2 2 2 2 2 2 2 2 2 2 2 2 2 2 2 2 2 2 2 2 2 2 2 2 2 2 2 2 2 2 2 2 2 2 2 2 2 2 2 2 2 2 2 2 2 1 2 2 1 2 2 2 2 2 2 1 2 2 1 2 2 2 2 2 2 1 2 2 1 2 2 2 2 2 2 1 2 2 1 2 2 2 2 2 2 1 2 2 1 2 2 2 2 2 2 1 2 2 1 2 2 2 2 2 2 1 2 2 1 2 2 2 2 2 2 1 2 2 1 2 2 2 2 2 2 1 2 2 1 2 2 2 2 2 2 1 2 2 1 2 2 2 2 2 2 2 2 2 2 2 2 1 2 2 2 2 2 2 2 2 2 1 2 2 2 2 2 2 2 2 2 1 2 2 2 2 2 2 2 2 2 1 2 2 2 2 2 2 2 2 2 1 2 2 2 2 2 2 2 2 2 1 2 2 2 2 2 2 2 2 2 1 2 2 2 2 2 2 2 2 2 1 2 2 2 2 2 2 2 2 2 1 2 2 2 2 2 2 2 2 2 1 2 2 2 1 2 2 2 2 2 2 2 2 2 1 2 2 2 2 2 2 2 2 2 1 2 2 2 2 2 2 2 2 2 1 2 2 2 2 2 2 2 2 2 1 2 2 2 2 2 2 2 2 2 1 2 2 2 2 2 2 2 2 2 1 2 2 2 2 2 2 2 2 2 1 2 2 2 2 2 2 2 2 2 1 2 2 2 2 2 2 2 2 2 1 2 2 2 2 2 2 2 2 2 2 2 2 2 2 2 2 2 2 2 2 2 2 2 2 2 2 2 2 2 2 2 2 2 2 2 2 2 2 2 2 2 2 2 2 2 2 2 2 2 2 2 2 2 2 2 2 2 2 2 2 2 2 2 2 2 2 2 2 2 2 2 2 2 2 2 2 2 2 2 2 2 2 2 2 2 2 2 2 2 2 2 2 2 2 2 2 2 2 2 2 2 2 2 2 2 2 2 2 2 2 2 2 1 2 2 1 2 2 2 2 2 2 1 2 2 1 2 2 2 2 2 2 1 2 2 1 2 2 2 2 2 2 1 2 2 1 2 2 2 2 2 2 1 2 2 1 2 2 2 2 2 2 1 2 2 1 2 2 2 2 2 2 1 2 2 1 2 2 2 2 2 2 1 2 2 1 2 2 2 2 2 2 1 2 2 1 2 2 2 2 2 2 1 2 2 1 2 2 2 1 2 2 2 2 2 2 2 2 2 1 2 2 2 2 2 2 2 2 2 1 2 2 2 2 2 2 2 2 2 1 2 2 2 2 2 2 2 2 2 1 2 2 2 2 2 2 2 2 2 1 2 2 2 2 2 2 2 2 2 1 2 2 2 2 2 2 2 2 2 1 2 2 2 2 2 2 2 2 2 1 2 2 2 2 2 2 2 2 2 1 2 2 2 2 2 2 2 2 2 2 2 2 2 2 2 2 2 2 2 2 2 2 2 2 2 2 2 2 2 2 2 2 2 2 2 2 2 2 2 2 2 2 2 2 2 2 2 2 2 2 2 2 2 2 2 2 2 2 2 2 2 2 2 2 2 2 2 2 2 2 2 2 2 2 2 2 2 2 2 2 2 2 2 2 2 2 2 2 2 2 2 2 2 2 2 2 2 2 2 2 2 2 2 2 2 2 2 2 2 2 2 2 1 2 2 1 2 2 2 2 2 2 1 2 2 1 2 2 2 2 2 2 1 2 2 1 2 2 2 2 2 2 1 2 2 1 2 2 2 2 2 2 1 2 2 1 2 2 2 2 2 2 1 2 2 1 2 2 2 2 2 2 1 2 2 1 2 2 2 2 2 2 1 2 2 1 2 2 2 2 2 2 1 2 2 1 2 2 2 2 2 2 1 2 2 1 2 2 2 1 2 2 2 2 2 2 2 2 2 1 2 2 2 2 2 2 2 2 2 1 2 2 2 2 2 2 2 2 2 1 2 2 2 2 2 2 2 2 2 1 2 2 2 2 2 2 2 2 2 1 2 2 2 2 2 2 2 2 2 1 2 2 2 2 2 2 2 2 2 1 2 2 2 2 2 2 2 2 2 1 2 2 2 2 2 2 2 2 2 1 2 2 2 2 2 2 2 2 2 2 2 2 2 2 2 2 2 2 2 2 2 2 2 2 2 2 2 2 2 2 2 2 2 2 2 2 2 2 2 2 2 2 2 2 2 2 2 2 2 2 2 2 2 2 2 2 2 2 2 2 2 2 2 2 2 2 2 2 2 2 2 2 2 2 2 2 2 2 2 2 2 2 2 2 2 2 2 2 2 2 2 2 2 2 2 2 2 2 2 2 2 2 2 2 2 2 2 2 2 2 2 2 1 2 2 1 2 2 2 2 2 2 1 2 2 1 2 2 2 2 2 2 1 2 2 1 2 2 2 2 2 2 1 2 2 1 2 2 2 2 2 2 1 2 2 1 2 2 2 2 2 2 1 2 2 1 2 2 2 2 2 2 1 2 2 1 2 2 2 2 2 2 1 2 2 1 2 2 2 2 2 2 1 2 2 1 2 2 2 2 2 2 1 2 2 1 2 2 2 1 2 2 2 2 2 2 2 2 2 1 2 2 2 2 2 2 2 2 2 1 2 2 2 2 2 2 2 2 2 1 2 2 2 2 2 2 2 2 2 1 2 2 2 2 2 2 2 2 2 1 2 2 2 2 2 2 2 2 2 1 2 2 2 2 2 2 2 2 2 1 2 2 2 2 2 2 2 2 2 1 2 2 2 2 2 2 2 2 2 1 2 2 2 2 2 2 2 2 2 2 2 2 2 2 2 1 2 2 2 2 2 2 2 2 2 1 2 2 2 2 2 2 2 2 2 1 2 2 2 2 2 2 2 2 2 1 2 2 2 2 2 2 2 2 2 1 2 2 2 2 2 2 2 2 2 1 2 2 2 2 2 2 2 2 2 1 2 2 2 2 2 2 2 2 2 1 2 2 2 2 2 2 2 2 2 1 2 2 2 2 2 2 2 2 2 1 2 2 2 2 2 2 2 2 2 2 2 2 2 2 2 2 2 2 2 2 2 2 2 2 2 2 2 2 2 2 2 2 2 2 2 2 2 2 2 2 2 2 2 2 2 2 2 2 2 2 2 2 2 2 2 2 2 2 2 2 2 2 2 2 2 2 2 2 2 2 2 2 2 2 2 2 2 2 2 2 2 2 2 2 2 2 2 2 2 2 2 2 2 2 2 2 2 2 2 2 2 2 2 1 2 2 1 2 2 2 2 2 2 1 2 2 1 2 2 2 2 2 2 1 2 2 1 2 2 2 2 2 2 1 2 2 1 2 2 2 2 2 2 1 2 2 1 2 2 2 2 2 2 1 2 2 1 2 2 2 2 2 2 1 2 2 1 2 2 2 2 2 2 1 2 2 1 2 2 2 2 2 2 1 2 2 1 2 2 2 2 2 2 1 2 2 1 2 2 2 2 2 2 2 2 2 2 2 2 1 2 2 2 2 2 2 2 2 2 1 2 2 2 2 2 2 2 2 2 1 2 2 2 2 2 2 2 2 2 1 2 2 2 2 2 2 2 2 2 1 2 2 2 2 2 2 2 2 2 1 2 2 2 2 2 2 2 2 2 1 2 2 2 2 2 2 2 2 2 1 2 2 2 2 2 2 2 2 2 1 2 2 2 2 2 2 2 2 2 1 2 2 2 2 2 2 2 2 2 2 2 2 2 2 2 2 2 2 2 2 2 2 2 2 2 2 2 2 2 2 2 2 2 2 2 2 2 2 2 2 2 2 2 2 2 2 2 2 2 2 2 2 2 2 2 2 2 2 2 2 2 2 2 2 2 2 2 2 2 2 2 2 2 2 2 2 2 2 2 2 2 2 2 2 2 2 2 2 2 2 2 2 2 2 2 2 2 2 2 2 2 2 2 1 2 2 1 2 2 2 2 2 2 1 2 2 1 2 2 2 2 2 2 1 2 2 1 2 2 2 2 2 2 1 2 2 1 2 2 2 2 2 2 1 2 2 1 2 2 2 2 2 2 1 2 2 1 2 2 2 2 2 2 1 2 2 1 2 2 2 2 2 2 1 2 2 1 2 2 2 2 2 2 1 2 2 1 2 2 2 2 2 2 1 2 2 1 2 2 2 2 2 2 2 2 2 2 2 2 1 2 2 2 2 2 2 2 2 2 1 2 2 2 2 2 2 2 2 2 1 2 2 2 2 2 2 2 2 2 1 2 2 2 2 2 2 2 2 2 1 2 2 2 2 2 2 2 2 2 1 2 2 2 2 2 2 2 2 2 1 2 2 2 2 2 2 2 2 2 1 2 2 2 2 2 2 2 2 2 1 2 2 2 2 2 2 2 2 2 1 2 2 2 2 2 2 2 2 2 2 2 2 2 2 2 2 2 2 2 2 2 2 2 2 2 2 2 2 2 2 2 2 2 2 2 2 2 2 2 2 2 2 2 2 2 2 2 2 2 2 2 2 2 2 2 2 2 2 2 2 2 2 2 2 2 2 2 2 2 2 2 2 2 2 2 2 2 2 2 2 2 2 2 2 2 2 2 2 2 2 2 2 2 2 2 2 2 2 2 2 2 2 2 1 2 2 1 2 2 2 2 2 2 1 2 2 1 2 2 2 2 2 2 1 2 2 1 2 2 2 2 2 2 1 2 2 1 2 2 2 2 2 2 1 2 2 1 2 2 2 2 2 2 1 2 2 1 2 2 2 2 2 2 1 2 2 1 2 2 2 2 2 2 1 2 2 1 2 2 2 2 2 2 1 2 2 1 2 2 2 2 2 2 1 2 2 1 2 2 2 2 2 2 2 2 2 2 2 2 1 2 2 2 2 2 2 2 2 2 1 2 2 2 2 2 2 2 2 2 1 2 2 2 2 2 2 2 2 2 1 2 2 2 2 2 2 2 2 2 1 2 2 2 2 2 2 2 2 2 1 2 2 2 2 2 2 2 2 2 1 2 2 2 2 2 2 2 2 2 1 2 2 2 2 2 2 2 2 2 1 2 2 2 2 2 2 2 2 2 1 2 
</Matrix>
   <Matrix name="starterNeurons" type="complete" rows="1" columns="1000" multiplier="1.0">
   7 17 27 37 47 57 67 77 87 97 101 104 111 114 121 124 131 134 141 144 151 154 161 164 171 174 181 184 191 194 307 317 327 337 347 357 367 377 387 397 401 404 411 414 421 424 431 434 441 444 451 454 461 464 471 474 481 484 491 494 607 617 627 637 647 657 667 677 687 697 701 704 711 714 721 724 731 734 741 744 751 754 761 764 771 774 781 784 791 794 907 917 927 937 947 957 967 977 987 997 1007 1017 1027 1037 1047 1057 1067 1077 1087 1097 1101 1104 1111 1114 1121 1124 1131 1134 1141 1144 1151 1154 1161 1164 1171 1174 1181 1184 1191 1194 1307 1317 1327 1337 1347 1357 1367 1377 1387 1397 1401 1404 1411 1414 1421 1424 1431 1434 1441 1444 1451 1454 1461 1464 1471 1474 1481 1484 1491 1494 1607 1617 1627 1637 1647 1657 1667 1677 1687 1697 1701 1704 1711 1714 1721 1724 1731 1734 1741 1744 1751 1754 1761 1764 1771 1774 1781 1784 1791 1794 1907 1917 1927 1937 1947 1957 1967 1977 1987 1997 2007 2017 2027 2037 2047 2057 2067 2077 2087 2097 2101 2104 2111 2114 2121 2124 2131 2134 2141 2144 2151 2154 2161 2164 2171 2174 2181 2184 2191 2194 2307 2317 2327 2337 2347 2357 2367 2377 2387 2397 2401 2404 2411 2414 2421 2424 2431 2434 2441 2444 2451 2454 2461 2464 2471 2474 2481 2484 2491 2494 2607 2617 2627 2637 2647 2657 2667 2677 2687 2697 2701 2704 2711 2714 2721 2724 2731 2734 2741 2744 2751 2754 2761 2764 2771 2774 2781 2784 2791 2794 2907 2917 2927 2937 2947 2957 2967 2977 2987 2997 3007 3017 3027 3037 3047 3057 3067 3077 3087 3097 3101 3104 3111 3114 3121 3124 3131 3134 3141 3144 3151 3154 3161 3164 3171 3174 3181 3184 3191 3194 3307 3317 3327 3337 3347 3357 3367 3377 3387 3397 3401 3404 3411 3414 3421 3424 3431 3434 3441 3444 3451 3454 3461 3464 3471 3474 3481 3484 3491 3494 3607 3617 3627 3637 3647 3657 3667 3677 3687 3697 3701 3704 3711 3714 3721 3724 3731 3734 3741 3744 3751 3754 3761 3764 3771 3774 3781 3784 3791 3794 3907 3917 3927 3937 3947 3957 3967 3977 3987 3997 4007 4017 4027 4037 4047 4057 4067 4077 4087 4097 4101 4104 4111 4114 4121 4124 4131 4134 4141 4144 4151 4154 4161 4164 4171 4174 4181 4184 4191 4194 4307 4317 4327 4337 4347 4357 4367 4377 4387 4397 4401 4404 4411 4414 4421 4424 4431 4434 4441 4444 4451 4454 4461 4464 4471 4474 4481 4484 4491 4494 4607 4617 4627 4637 4647 4657 4667 4677 4687 4697 4701 4704 4711 4714 4721 4724 4731 4734 4741 4744 4751 4754 4761 4764 4771 4774 4781 4784 4791 4794 4907 4917 4927 4937 4947 4957 4967 4977 4987 4997 5007 5017 5027 5037 5047 5057 5067 5077 5087 5097 5101 5104 5111 5114 5121 5124 5131 5134 5141 5144 5151 5154 5161 5164 5171 5174 5181 5184 5191 5194 5307 5317 5327 5337 5347 5357 5367 5377 5387 5397 5401 5404 5411 5414 5421 5424 5431 5434 5441 5444 5451 5454 5461 5464 5471 5474 5481 5484 5491 5494 5607 5617 5627 5637 5647 5657 5667 5677 5687 5697 5701 5704 5711 5714 5721 5724 5731 5734 5741 5744 5751 5754 5761 5764 5771 5774 5781 5784 5791 5794 5907 5917 5927 5937 5947 5957 5967 5977 5987 5997 6007 6017 6027 6037 6047 6057 6067 6077 6087 6097 6101 6104 6111 6114 6121 6124 6131 6134 6141 6144 6151 6154 6161 6164 6171 6174 6181 6184 6191 6194 6307 6317 6327 6337 6347 6357 6367 6377 6387 6397 6401 6404 6411 6414 6421 6424 6431 6434 6441 6444 6451 6454 6461 6464 6471 6474 6481 6484 6491 6494 6607 6617 6627 6637 6647 6657 6667 6677 6687 6697 6701 6704 6711 6714 6721 6724 6731 6734 6741 6744 6751 6754 6761 6764 6771 6774 6781 6784 6791 6794 6907 6917 6927 6937 6947 6957 6967 6977 6987 6997 7007 7017 7027 7037 7047 7057 7067 7077 7087 7097 7101 7104 7111 7114 7121 7124 7131 7134 7141 7144 7151 7154 7161 7164 7171 7174 7181 7184 7191 7194 7307 7317 7327 7337 7347 7357 7367 7377 7387 7397 7401 7404 7411 7414 7421 7424 7431 7434 7441 7444 7451 7454 7461 7464 7471 7474 7481 7484 7491 7494 7607 7617 7627 7637 7647 7657 7667 7677 7687 7697 7701 7704 7711 7714 7721 7724 7731 7734 7741 7744 7751 7754 7761 7764 7771 7774 7781 7784 7791 7794 7907 7917 7927 7937 7947 7957 7967 7977 7987 7997 8007 8017 8027 8037 8047 8057 8067 8077 8087 8097 8101 8104 8111 8114 8121 8124 8131 8134 8141 8144 8151 8154 8161 8164 8171 8174 8181 8184 8191 8194 8307 8317 8327 8337 8347 8357 8367 8377 8387 8397 8401 8404 8411 8414 8421 8424 8431 8434 8441 8444 8451 8454 8461 8464 8471 8474 8481 8484 8491 8494 8607 8617 8627 8637 8647 8657 8667 8677 8687 8697 8701 8704 8711 8714 8721 8724 8731 8734 8741 8744 8751 8754 8761 8764 8771 8774 8781 8784 8791 8794 8907 8917 8927 8937 8947 8957 8967 8977 8987 8997 9007 9017 9027 9037 9047 9057 9067 9077 9087 9097 9101 9104 9111 9114 9121 9124 9131 9134 9141 9144 9151 9154 9161 9164 9171 9174 9181 9184 9191 9194 9307 9317 9327 9337 9347 9357 9367 9377 9387 9397 9401 9404 9411 9414 9421 9424 9431 9434 9441 9444 9451 9454 9461 9464 9471 9474 9481 9484 9491 9494 9607 9617 9627 9637 9647 9657 9667 9677 9687 9697 9701 9704 9711 9714 9721 9724 9731 9734 9741 9744 9751 9754 9761 9764 9771 9774 9781 9784 9791 9794 9907 9917 9927 9937 9947 9957 9967 9977 9987 9997 
</Matrix>
   <Matrix name="neuronThresh" type="complete" rows="1" columns="10000" multiplier="1.0">
   0.015 0.015 0.015 0.015 0.015 0.015 0.015 0.0136439 0.015 0.015 0.015 0.015 0.015 0.015 0.015 0.015 0.015 0.0135698 0.015 0.015 0.015 0.015 0.015 0.015 0.015 0.015 0.015 0.0136035 0.015 0.015 0.015 0.015 0.015 0.015 0.015 0.015 0.015 0.0136481 0.015 0.015 0.015 0.015 0.015 0.015 0.015 0.015 0.015 0.0136154 0.015 0.015 0.015 0.015 0.015 0.015 0.015 0.015 0.015 0.0135983 0.015 0.015 0.015 0.015 0.015 0.015 0.015 0.015 0.015 0.0136005 0.015 0.015 0.015 0.015 0.015 0.015 0.015 0.015 0.015 0.0136454 0.015 0.015 0.015 0.015 0.015 0.015 0.015 0.015 0.015 0.013621 0.015 0.015 0.015 0.015 0.015 0.015 0.015 0.015 0.015 0.0136163 0.015 0.015 0.015 0.0136306 0.015 0.015 0.0135787 0.015 0.015 0.015 0.015 0.015 0.015 0.013637 0.015 0.015 0.0136354 0.015 0.015 0.015 0.015 0.015 0.015 0.0136048 0.015 0.015 0.0135841 0.015 0.015 0.015 0.015 0.015 0.015 0.0136373 0.015 0.015 0.0135667 0.015 0.015 0.015 0.015 0.015 0.015 0.0136506 0.015 0.015 0.013629 0.015 0.015 0.015 0.015 0.015 0.015 0.0136295 0.015 0.015 0.0135911 0.015 0.015 0.015 0.015 0.015 0.015 0.0136282 0.015 0.015 0.0136164 0.015 0.015 0.015 0.015 0.015 0.015 0.0136093 0.015 0.015 0.0135955 0.015 0.015 0.015 0.015 0.015 0.015 0.0136397 0.015 0.015 0.0136323 0.015 0.015 0.015 0.015 0.015 0.015 0.0135837 0.015 0.015 0.0135764 0.015 0.015 0.015 0.015 0.015 0.015 0.015 0.015 0.015 0.015 0.015 0.015 0.015 0.015 0.015 0.015 0.015 0.015 0.015 0.015 0.015 0.015 0.015 0.015 0.015 0.015 0.015 0.015 0.015 0.015 0.015 0.015 0.015 0.015 0.015 0.015 0.015 0.015 0.015 0.015 0.015 0.015 0.015 0.015 0.015 0.015 0.015 0.015 0.015 0.015 0.015 0.015 0.015 0.015 0.015 0.015 0.015 0.015 0.015 0.015 0.015 0.015 0.015 0.015 0.015 0.015 0.015 0.015 0.015 0.015 0.015 0.015 0.015 0.015 0.015 0.015 0.015 0.015 0.015 0.015 0.015 0.015 0.015 0.015 0.015 0.015 0.015 0.015 0.015 0.015 0.015 0.015 0.015 0.015 0.015 0.015 0.015 0.015 0.015 0.015 0.015 0.015 0.015 0.015 0.015 0.015 0.015 0.015 0.015 0.015 0.015 0.015 0.0135665 0.015 0.015 0.015 0.015 0.015 0.015 0.015 0.015 0.015 0.0136164 0.015 0.015 0.015 0.015 0.015 0.015 0.015 0.015 0.015 0.0135824 0.015 0.015 0.015 0.015 0.015 0.015 0.015 0.015 0.015 0.013596 0.015 0.015 0.015 0.015 0.015 0.015 0.015 0.015 0.015 0.0136212 0.015 0.015 0.015 0.015 0.015 0.015 0.015 0.015 0.015 0.0136442 0.015 0.015 0.015 0.015 0.015 0.015 0.015 0.015 0.015 0.0135722 0.015 0.015 0.015 0.015 0.015 0.015 0.015 0.015 0.015 0.0136065 0.015 0.015 0.015 0.015 0.015 0.015 0.015 0.015 0.015 0.0136511 0.015 0.015 0.015 0.015 0.015 0.015 0.015 0.015 0.015 0.0136527 0.015 0.015 0.015 0.0136073 0.015 0.015 0.0135995 0.015 0.015 0.015 0.015 0.015 0.015 0.0135721 0.015 0.015 0.0135816 0.015 0.015 0.015 0.015 0.015 0.015 0.0136014 0.015 0.015 0.013628 0.015 0.015 0.015 0.015 0.015 0.015 0.0136155 0.015 0.015 0.0136116 0.015 0.015 0.015 0.015 0.015 0.015 0.0135663 0.015 0.015 0.0136303 0.015 0.015 0.015 0.015 0.015 0.015 0.0136347 0.015 0.015 0.0136512 0.015 0.015 0.015 0.015 0.015 0.015 0.0135853 0.015 0.015 0.0135961 0.015 0.015 0.015 0.015 0.015 0.015 0.01359 0.015 0.015 0.0135908 0.015 0.015 0.015 0.015 0.015 0.015 0.0136246 0.015 0.015 0.0136541 0.015 0.015 0.015 0.015 0.015 0.015 0.0135781 0.015 0.015 0.0136152 0.015 0.015 0.015 0.015 0.015 0.015 0.015 0.015 0.015 0.015 0.015 0.015 0.015 0.015 0.015 0.015 0.015 0.015 0.015 0.015 0.015 0.015 0.015 0.015 0.015 0.015 0.015 0.015 0.015 0.015 0.015 0.015 0.015 0.015 0.015 0.015 0.015 0.015 0.015 0.015 0.015 0.015 0.015 0.015 0.015 0.015 0.015 0.015 0.015 0.015 0.015 0.015 0.015 0.015 0.015 0.015 0.015 0.015 0.015 0.015 0.015 0.015 0.015 0.015 0.015 0.015 0.015 0.015 0.015 0.015 0.015 0.015 0.015 0.015 0.015 0.015 0.015 0.015 0.015 0.015 0.015 0.015 0.015 0.015 0.015 0.015 0.015 0.015 0.015 0.015 0.015 0.015 0.015 0.015 0.015 0.015 0.015 0.015 0.015 0.015 0.015 0.015 0.015 0.015 0.015 0.015 0.015 0.015 0.015 0.015 0.015 0.015 0.0136191 0.015 0.015 0.015 0.015 0.015 0.015 0.015 0.015 0.015 0.0135718 0.015 0.015 0.015 0.015 0.015 0.015 0.015 0.015 0.015 0.013576 0.015 0.015 0.015 0.015 0.015 0.015 0.015 0.015 0.015 0.013586 0.015 0.015 0.015 0.015 0.015 0.015 0.015 0.015 0.015 0.0136109 0.015 0.015 0.015 0.015 0.015 0.015 0.015 0.015 0.015 0.0136463 0.015 0.015 0.015 0.015 0.015 0.015 0.015 0.015 0.015 0.0135989 0.015 0.015 0.015 0.015 0.015 0.015 0.015 0.015 0.015 0.0136193 0.015 0.015 0.015 0.015 0.015 0.015 0.015 0.015 0.015 0.0135652 0.015 0.015 0.015 0.015 0.015 0.015 0.015 0.015 0.015 0.0136276 0.015 0.015 0.015 0.0135667 0.015 0.015 0.0136325 0.015 0.015 0.015 0.015 0.015 0.015 0.0136098 0.015 0.015 0.0136002 0.015 0.015 0.015 0.015 0.015 0.015 0.0136319 0.015 0.015 0.0136328 0.015 0.015 0.015 0.015 0.015 0.015 0.0136487 0.015 0.015 0.0136318 0.015 0.015 0.015 0.015 0.015 0.015 0.0136247 0.015 0.015 0.0135822 0.015 0.015 0.015 0.015 0.015 0.015 0.0135936 0.015 0.015 0.0136344 0.015 0.015 0.015 0.015 0.015 0.015 0.0136209 0.015 0.015 0.0135754 0.015 0.015 0.015 0.015 0.015 0.015 0.0136483 0.015 0.015 0.013618 0.015 0.015 0.015 0.015 0.015 0.015 0.0135754 0.015 0.015 0.0135851 0.015 0.015 0.015 0.015 0.015 0.015 0.0135741 0.015 0.015 0.0136358 0.015 0.015 0.015 0.015 0.015 0.015 0.015 0.015 0.015 0.015 0.015 0.015 0.015 0.015 0.015 0.015 0.015 0.015 0.015 0.015 0.015 0.015 0.015 0.015 0.015 0.015 0.015 0.015 0.015 0.015 0.015 0.015 0.015 0.015 0.015 0.015 0.015 0.015 0.015 0.015 0.015 0.015 0.015 0.015 0.015 0.015 0.015 0.015 0.015 0.015 0.015 0.015 0.015 0.015 0.015 0.015 0.015 0.015 0.015 0.015 0.015 0.015 0.015 0.015 0.015 0.015 0.015 0.015 0.015 0.015 0.015 0.015 0.015 0.015 0.015 0.015 0.015 0.015 0.015 0.015 0.015 0.015 0.015 0.015 0.015 0.015 0.015 0.015 0.015 0.015 0.015 0.015 0.015 0.015 0.015 0.015 0.015 0.015 0.015 0.015 0.015 0.015 0.015 0.015 0.015 0.015 0.015 0.015 0.015 0.015 0.015 0.015 0.0136168 0.015 0.015 0.015 0.015 0.015 0.015 0.015 0.015 0.015 0.0136395 0.015 0.015 0.015 0.015 0.015 0.015 0.015 0.015 0.015 0.0135833 0.015 0.015 0.015 0.015 0.015 0.015 0.015 0.015 0.015 0.0135932 0.015 0.015 0.015 0.015 0.015 0.015 0.015 0.015 0.015 0.0136517 0.015 0.015 0.015 0.015 0.015 0.015 0.015 0.015 0.015 0.0136159 0.015 0.015 0.015 0.015 0.015 0.015 0.015 0.015 0.015 0.0136364 0.015 0.015 0.015 0.015 0.015 0.015 0.015 0.015 0.015 0.0136426 0.015 0.015 0.015 0.015 0.015 0.015 0.015 0.015 0.015 0.0135883 0.015 0.015 0.015 0.015 0.015 0.015 0.015 0.015 0.015 0.0136479 0.015 0.015 0.015 0.015 0.015 0.015 0.015 0.015 0.015 0.013627 0.015 0.015 0.015 0.015 0.015 0.015 0.015 0.015 0.015 0.0135715 0.015 0.015 0.015 0.015 0.015 0.015 0.015 0.015 0.015 0.0135862 0.015 0.015 0.015 0.015 0.015 0.015 0.015 0.015 0.015 0.01357 0.015 0.015 0.015 0.015 0.015 0.015 0.015 0.015 0.015 0.0135834 0.015 0.015 0.015 0.015 0.015 0.015 0.015 0.015 0.015 0.0136515 0.015 0.015 0.015 0.015 0.015 0.015 0.015 0.015 0.015 0.0136177 0.015 0.015 0.015 0.015 0.015 0.015 0.015 0.015 0.015 0.0135865 0.015 0.015 0.015 0.015 0.015 0.015 0.015 0.015 0.015 0.0135739 0.015 0.015 0.015 0.015 0.015 0.015 0.015 0.015 0.015 0.01359 0.015 0.015 0.015 0.0135804 0.015 0.015 0.0135991 0.015 0.015 0.015 0.015 0.015 0.015 0.0135935 0.015 0.015 0.0136291 0.015 0.015 0.015 0.015 0.015 0.015 0.0135784 0.015 0.015 0.0136097 0.015 0.015 0.015 0.015 0.015 0.015 0.0135885 0.015 0.015 0.0135748 0.015 0.015 0.015 0.015 0.015 0.015 0.0135889 0.015 0.015 0.0135947 0.015 0.015 0.015 0.015 0.015 0.015 0.0135815 0.015 0.015 0.0135767 0.015 0.015 0.015 0.015 0.015 0.015 0.0135934 0.015 0.015 0.0135799 0.015 0.015 0.015 0.015 0.015 0.015 0.0135986 0.015 0.015 0.0135849 0.015 0.015 0.015 0.015 0.015 0.015 0.0136255 0.015 0.015 0.0136105 0.015 0.015 0.015 0.015 0.015 0.015 0.0135859 0.015 0.015 0.0136134 0.015 0.015 0.015 0.015 0.015 0.015 0.015 0.015 0.015 0.015 0.015 0.015 0.015 0.015 0.015 0.015 0.015 0.015 0.015 0.015 0.015 0.015 0.015 0.015 0.015 0.015 0.015 0.015 0.015 0.015 0.015 0.015 0.015 0.015 0.015 0.015 0.015 0.015 0.015 0.015 0.015 0.015 0.015 0.015 0.015 0.015 0.015 0.015 0.015 0.015 0.015 0.015 0.015 0.015 0.015 0.015 0.015 0.015 0.015 0.015 0.015 0.015 0.015 0.015 0.015 0.015 0.015 0.015 0.015 0.015 0.015 0.015 0.015 0.015 0.015 0.015 0.015 0.015 0.015 0.015 0.015 0.015 0.015 0.015 0.015 0.015 0.015 0.015 0.015 0.015 0.015 0.015 0.015 0.015 0.015 0.015 0.015 0.015 0.015 0.015 0.015 0.015 0.015 0.015 0.015 0.015 0.015 0.015 0.015 0.015 0.015 0.015 0.0136023 0.015 0.015 0.015 0.015 0.015 0.015 0.015 0.015 0.015 0.0136455 0.015 0.015 0.015 0.015 0.015 0.015 0.015 0.015 0.015 0.0135768 0.015 0.015 0.015 0.015 0.015 0.015 0.015 0.015 0.015 0.0136461 0.015 0.015 0.015 0.015 0.015 0.015 0.015 0.015 0.015 0.0135967 0.015 0.015 0.015 0.015 0.015 0.015 0.015 0.015 0.015 0.0135663 0.015 0.015 0.015 0.015 0.015 0.015 0.015 0.015 0.015 0.0136306 0.015 0.015 0.015 0.015 0.015 0.015 0.015 0.015 0.015 0.0136231 0.015 0.015 0.015 0.015 0.015 0.015 0.015 0.015 0.015 0.0136204 0.015 0.015 0.015 0.015 0.015 0.015 0.015 0.015 0.015 0.0135932 0.015 0.015 0.015 0.0135899 0.015 0.015 0.0136315 0.015 0.015 0.015 0.015 0.015 0.015 0.0136336 0.015 0.015 0.0136529 0.015 0.015 0.015 0.015 0.015 0.015 0.0135919 0.015 0.015 0.0135714 0.015 0.015 0.015 0.015 0.015 0.015 0.0135698 0.015 0.015 0.0136031 0.015 0.015 0.015 0.015 0.015 0.015 0.0135743 0.015 0.015 0.0136103 0.015 0.015 0.015 0.015 0.015 0.015 0.0135671 0.015 0.015 0.01357 0.015 0.015 0.015 0.015 0.015 0.015 0.0135735 0.015 0.015 0.0136487 0.015 0.015 0.015 0.015 0.015 0.015 0.0136001 0.015 0.015 0.0136311 0.015 0.015 0.015 0.015 0.015 0.015 0.0136271 0.015 0.015 0.0135719 0.015 0.015 0.015 0.015 0.015 0.015 0.0136449 0.015 0.015 0.0135903 0.015 0.015 0.015 0.015 0.015 0.015 0.015 0.015 0.015 0.015 0.015 0.015 0.015 0.015 0.015 0.015 0.015 0.015 0.015 0.015 0.015 0.015 0.015 0.015 0.015 0.015 0.015 0.015 0.015 0.015 0.015 0.015 0.015 0.015 0.015 0.015 0.015 0.015 0.015 0.015 0.015 0.015 0.015 0.015 0.015 0.015 0.015 0.015 0.015 0.015 0.015 0.015 0.015 0.015 0.015 0.015 0.015 0.015 0.015 0.015 0.015 0.015 0.015 0.015 0.015 0.015 0.015 0.015 0.015 0.015 0.015 0.015 0.015 0.015 0.015 0.015 0.015 0.015 0.015 0.015 0.015 0.015 0.015 0.015 0.015 0.015 0.015 0.015 0.015 0.015 0.015 0.015 0.015 0.015 0.015 0.015 0.015 0.015 0.015 0.015 0.015 0.015 0.015 0.015 0.015 0.015 0.015 0.015 0.015 0.015 0.015 0.015 0.0135781 0.015 0.015 0.015 0.015 0.015 0.015 0.015 0.015 0.015 0.0136525 0.015 0.015 0.015 0.015 0.015 0.015 0.015 0.015 0.015 0.0135883 0.015 0.015 0.015 0.015 0.015 0.015 0.015 0.015 0.015 0.0135735 0.015 0.015 0.015 0.015 0.015 0.015 0.015 0.015 0.015 0.0136496 0.015 0.015 0.015 0.015 0.015 0.015 0.015 0.015 0.015 0.0135822 0.015 0.015 0.015 0.015 0.015 0.015 0.015 0.015 0.015 0.013591 0.015 0.015 0.015 0.015 0.015 0.015 0.015 0.015 0.015 0.0136099 0.015 0.015 0.015 0.015 0.015 0.015 0.015 0.015 0.015 0.0135862 0.015 0.015 0.015 0.015 0.015 0.015 0.015 0.015 0.015 0.0136015 0.015 0.015 0.015 0.0135812 0.015 0.015 0.0136026 0.015 0.015 0.015 0.015 0.015 0.015 0.0135905 0.015 0.015 0.0135932 0.015 0.015 0.015 0.015 0.015 0.015 0.0135881 0.015 0.015 0.0136003 0.015 0.015 0.015 0.015 0.015 0.015 0.0136094 0.015 0.015 0.0135652 0.015 0.015 0.015 0.015 0.015 0.015 0.0136292 0.015 0.015 0.0136164 0.015 0.015 0.015 0.015 0.015 0.015 0.0136356 0.015 0.015 0.0135875 0.015 0.015 0.015 0.015 0.015 0.015 0.0136458 0.015 0.015 0.0136522 0.015 0.015 0.015 0.015 0.015 0.015 0.0136062 0.015 0.015 0.0136246 0.015 0.015 0.015 0.015 0.015 0.015 0.013618 0.015 0.015 0.0136066 0.015 0.015 0.015 0.015 0.015 0.015 0.0135857 0.015 0.015 0.0136504 0.015 0.015 0.015 0.015 0.015 0.015 0.015 0.015 0.015 0.015 0.015 0.015 0.015 0.015 0.015 0.015 0.015 0.015 0.015 0.015 0.015 0.015 0.015 0.015 0.015 0.015 0.015 0.015 0.015 0.015 0.015 0.015 0.015 0.015 0.015 0.015 0.015 0.015 0.015 0.015 0.015 0.015 0.015 0.015 0.015 0.015 0.015 0.015 0.015 0.015 0.015 0.015 0.015 0.015 0.015 0.015 0.015 0.015 0.015 0.015 0.015 0.015 0.015 0.015 0.015 0.015 0.015 0.015 0.015 0.015 0.015 0.015 0.015 0.015 0.015 0.015 0.015 0.015 0.015 0.015 0.015 0.015 0.015 0.015 0.015 0.015 0.015 0.015 0.015 0.015 0.015 0.015 0.015 0.015 0.015 0.015 0.015 0.015 0.015 0.015 0.015 0.015 0.015 0.015 0.015 0.015 0.015 0.015 0.015 0.015 0.015 0.015 0.0136305 0.015 0.015 0.015 0.015 0.015 0.015 0.015 0.015 0.015 0.0136223 0.015 0.015 0.015 0.015 0.015 0.015 0.015 0.015 0.015 0.0136281 0.015 0.015 0.015 0.015 0.015 0.015 0.015 0.015 0.015 0.0135701 0.015 0.015 0.015 0.015 0.015 0.015 0.015 0.015 0.015 0.0136152 0.015 0.015 0.015 0.015 0.015 0.015 0.015 0.015 0.015 0.0135663 0.015 0.015 0.015 0.015 0.015 0.015 0.015 0.015 0.015 0.0136424 0.015 0.015 0.015 0.015 0.015 0.015 0.015 0.015 0.015 0.0136266 0.015 0.015 0.015 0.015 0.015 0.015 0.015 0.015 0.015 0.0135793 0.015 0.015 0.015 0.015 0.015 0.015 0.015 0.015 0.015 0.0136263 0.015 0.015 0.015 0.015 0.015 0.015 0.015 0.015 0.015 0.0135857 0.015 0.015 0.015 0.015 0.015 0.015 0.015 0.015 0.015 0.0136177 0.015 0.015 0.015 0.015 0.015 0.015 0.015 0.015 0.015 0.0136474 0.015 0.015 0.015 0.015 0.015 0.015 0.015 0.015 0.015 0.0136012 0.015 0.015 0.015 0.015 0.015 0.015 0.015 0.015 0.015 0.0136052 0.015 0.015 0.015 0.015 0.015 0.015 0.015 0.015 0.015 0.0136536 0.015 0.015 0.015 0.015 0.015 0.015 0.015 0.015 0.015 0.0135678 0.015 0.015 0.015 0.015 0.015 0.015 0.015 0.015 0.015 0.0136157 0.015 0.015 0.015 0.015 0.015 0.015 0.015 0.015 0.015 0.0135737 0.015 0.015 0.015 0.015 0.015 0.015 0.015 0.015 0.015 0.0136244 0.015 0.015 0.015 0.0136031 0.015 0.015 0.0136475 0.015 0.015 0.015 0.015 0.015 0.015 0.013635 0.015 0.015 0.0135685 0.015 0.015 0.015 0.015 0.015 0.015 0.0136091 0.015 0.015 0.013602 0.015 0.015 0.015 0.015 0.015 0.015 0.0136109 0.015 0.015 0.0135876 0.015 0.015 0.015 0.015 0.015 0.015 0.013634 0.015 0.015 0.0135847 0.015 0.015 0.015 0.015 0.015 0.015 0.0136079 0.015 0.015 0.0135732 0.015 0.015 0.015 0.015 0.015 0.015 0.0135959 0.015 0.015 0.0136265 0.015 0.015 0.015 0.015 0.015 0.015 0.0135942 0.015 0.015 0.0136175 0.015 0.015 0.015 0.015 0.015 0.015 0.0135663 0.015 0.015 0.0136432 0.015 0.015 0.015 0.015 0.015 0.015 0.0136181 0.015 0.015 0.0136339 0.015 0.015 0.015 0.015 0.015 0.015 0.015 0.015 0.015 0.015 0.015 0.015 0.015 0.015 0.015 0.015 0.015 0.015 0.015 0.015 0.015 0.015 0.015 0.015 0.015 0.015 0.015 0.015 0.015 0.015 0.015 0.015 0.015 0.015 0.015 0.015 0.015 0.015 0.015 0.015 0.015 0.015 0.015 0.015 0.015 0.015 0.015 0.015 0.015 0.015 0.015 0.015 0.015 0.015 0.015 0.015 0.015 0.015 0.015 0.015 0.015 0.015 0.015 0.015 0.015 0.015 0.015 0.015 0.015 0.015 0.015 0.015 0.015 0.015 0.015 0.015 0.015 0.015 0.015 0.015 0.015 0.015 0.015 0.015 0.015 0.015 0.015 0.015 0.015 0.015 0.015 0.015 0.015 0.015 0.015 0.015 0.015 0.015 0.015 0.015 0.015 0.015 0.015 0.015 0.015 0.015 0.015 0.015 0.015 0.015 0.015 0.015 0.0135842 0.015 0.015 0.015 0.015 0.015 0.015 0.015 0.015 0.015 0.013611 0.015 0.015 0.015 0.015 0.015 0.015 0.015 0.015 0.015 0.0136368 0.015 0.015 0.015 0.015 0.015 0.015 0.015 0.015 0.015 0.0136017 0.015 0.015 0.015 0.015 0.015 0.015 0.015 0.015 0.015 0.0136376 0.015 0.015 0.015 0.015 0.015 0.015 0.015 0.015 0.015 0.0136318 0.015 0.015 0.015 0.015 0.015 0.015 0.015 0.015 0.015 0.013591 0.015 0.015 0.015 0.015 0.015 0.015 0.015 0.015 0.015 0.0136528 0.015 0.015 0.015 0.015 0.015 0.015 0.015 0.015 0.015 0.0136094 0.015 0.015 0.015 0.015 0.015 0.015 0.015 0.015 0.015 0.013568 0.015 0.015 0.015 0.0135655 0.015 0.015 0.0136531 0.015 0.015 0.015 0.015 0.015 0.015 0.0136342 0.015 0.015 0.0136031 0.015 0.015 0.015 0.015 0.015 0.015 0.0136292 0.015 0.015 0.0135821 0.015 0.015 0.015 0.015 0.015 0.015 0.0135824 0.015 0.015 0.0136304 0.015 0.015 0.015 0.015 0.015 0.015 0.0136332 0.015 0.015 0.0136433 0.015 0.015 0.015 0.015 0.015 0.015 0.0136171 0.015 0.015 0.0135735 0.015 0.015 0.015 0.015 0.015 0.015 0.0135893 0.015 0.015 0.0136051 0.015 0.015 0.015 0.015 0.015 0.015 0.013582 0.015 0.015 0.0136068 0.015 0.015 0.015 0.015 0.015 0.015 0.0135806 0.015 0.015 0.0135881 0.015 0.015 0.015 0.015 0.015 0.015 0.0136176 0.015 0.015 0.0136202 0.015 0.015 0.015 0.015 0.015 0.015 0.015 0.015 0.015 0.015 0.015 0.015 0.015 0.015 0.015 0.015 0.015 0.015 0.015 0.015 0.015 0.015 0.015 0.015 0.015 0.015 0.015 0.015 0.015 0.015 0.015 0.015 0.015 0.015 0.015 0.015 0.015 0.015 0.015 0.015 0.015 0.015 0.015 0.015 0.015 0.015 0.015 0.015 0.015 0.015 0.015 0.015 0.015 0.015 0.015 0.015 0.015 0.015 0.015 0.015 0.015 0.015 0.015 0.015 0.015 0.015 0.015 0.015 0.015 0.015 0.015 0.015 0.015 0.015 0.015 0.015 0.015 0.015 0.015 0.015 0.015 0.015 0.015 0.015 0.015 0.015 0.015 0.015 0.015 0.015 0.015 0.015 0.015 0.015 0.015 0.015 0.015 0.015 0.015 0.015 0.015 0.015 0.015 0.015 0.015 0.015 0.015 0.015 0.015 0.015 0.015 0.015 0.0135745 0.015 0.015 0.015 0.015 0.015 0.015 0.015 0.015 0.015 0.0136485 0.015 0.015 0.015 0.015 0.015 0.015 0.015 0.015 0.015 0.0136352 0.015 0.015 0.015 0.015 0.015 0.015 0.015 0.015 0.015 0.0135995 0.015 0.015 0.015 0.015 0.015 0.015 0.015 0.015 0.015 0.0135862 0.015 0.015 0.015 0.015 0.015 0.015 0.015 0.015 0.015 0.0135945 0.015 0.015 0.015 0.015 0.015 0.015 0.015 0.015 0.015 0.013633 0.015 0.015 0.015 0.015 0.015 0.015 0.015 0.015 0.015 0.0135739 0.015 0.015 0.015 0.015 0.015 0.015 0.015 0.015 0.015 0.0135901 0.015 0.015 0.015 0.015 0.015 0.015 0.015 0.015 0.015 0.0135657 0.015 0.015 0.015 0.013639 0.015 0.015 0.0136477 0.015 0.015 0.015 0.015 0.015 0.015 0.0136231 0.015 0.015 0.0136467 0.015 0.015 0.015 0.015 0.015 0.015 0.013596 0.015 0.015 0.0135796 0.015 0.015 0.015 0.015 0.015 0.015 0.0136545 0.015 0.015 0.0136038 0.015 0.015 0.015 0.015 0.015 0.015 0.0135816 0.015 0.015 0.0136424 0.015 0.015 0.015 0.015 0.015 0.015 0.013573 0.015 0.015 0.0135776 0.015 0.015 0.015 0.015 0.015 0.015 0.0136374 0.015 0.015 0.0136389 0.015 0.015 0.015 0.015 0.015 0.015 0.0135928 0.015 0.015 0.0135724 0.015 0.015 0.015 0.015 0.015 0.015 0.0136396 0.015 0.015 0.0135655 0.015 0.015 0.015 0.015 0.015 0.015 0.0136109 0.015 0.015 0.013566 0.015 0.015 0.015 0.015 0.015 0.015 0.015 0.015 0.015 0.015 0.015 0.015 0.015 0.015 0.015 0.015 0.015 0.015 0.015 0.015 0.015 0.015 0.015 0.015 0.015 0.015 0.015 0.015 0.015 0.015 0.015 0.015 0.015 0.015 0.015 0.015 0.015 0.015 0.015 0.015 0.015 0.015 0.015 0.015 0.015 0.015 0.015 0.015 0.015 0.015 0.015 0.015 0.015 0.015 0.015 0.015 0.015 0.015 0.015 0.015 0.015 0.015 0.015 0.015 0.015 0.015 0.015 0.015 0.015 0.015 0.015 0.015 0.015 0.015 0.015 0.015 0.015 0.015 0.015 0.015 0.015 0.015 0.015 0.015 0.015 0.015 0.015 0.015 0.015 0.015 0.015 0.015 0.015 0.015 0.015 0.015 0.015 0.015 0.015 0.015 0.015 0.015 0.015 0.015 0.015 0.015 0.015 0.015 0.015 0.015 0.015 0.015 0.013613 0.015 0.015 0.015 0.015 0.015 0.015 0.015 0.015 0.015 0.0136146 0.015 0.015 0.015 0.015 0.015 0.015 0.015 0.015 0.015 0.0136069 0.015 0.015 0.015 0.015 0.015 0.015 0.015 0.015 0.015 0.0136048 0.015 0.015 0.015 0.015 0.015 0.015 0.015 0.015 0.015 0.0135872 0.015 0.015 0.015 0.015 0.015 0.015 0.015 0.015 0.015 0.013592 0.015 0.015 0.015 0.015 0.015 0.015 0.015 0.015 0.015 0.0136473 0.015 0.015 0.015 0.015 0.015 0.015 0.015 0.015 0.015 0.0136018 0.015 0.015 0.015 0.015 0.015 0.015 0.015 0.015 0.015 0.0135673 0.015 0.015 0.015 0.015 0.015 0.015 0.015 0.015 0.015 0.013596 0.015 0.015 0.015 0.015 0.015 0.015 0.015 0.015 0.015 0.0135738 0.015 0.015 0.015 0.015 0.015 0.015 0.015 0.015 0.015 0.0136237 0.015 0.015 0.015 0.015 0.015 0.015 0.015 0.015 0.015 0.0135799 0.015 0.015 0.015 0.015 0.015 0.015 0.015 0.015 0.015 0.0135692 0.015 0.015 0.015 0.015 0.015 0.015 0.015 0.015 0.015 0.0136 0.015 0.015 0.015 0.015 0.015 0.015 0.015 0.015 0.015 0.013629 0.015 0.015 0.015 0.015 0.015 0.015 0.015 0.015 0.015 0.0135874 0.015 0.015 0.015 0.015 0.015 0.015 0.015 0.015 0.015 0.0135655 0.015 0.015 0.015 0.015 0.015 0.015 0.015 0.015 0.015 0.0136144 0.015 0.015 0.015 0.015 0.015 0.015 0.015 0.015 0.015 0.0136465 0.015 0.015 0.015 0.0136326 0.015 0.015 0.0135902 0.015 0.015 0.015 0.015 0.015 0.015 0.0136015 0.015 0.015 0.0136438 0.015 0.015 0.015 0.015 0.015 0.015 0.0136047 0.015 0.015 0.0136465 0.015 0.015 0.015 0.015 0.015 0.015 0.0136493 0.015 0.015 0.0136258 0.015 0.015 0.015 0.015 0.015 0.015 0.0135986 0.015 0.015 0.0136469 0.015 0.015 0.015 0.015 0.015 0.015 0.0136411 0.015 0.015 0.0136498 0.015 0.015 0.015 0.015 0.015 0.015 0.0136273 0.015 0.015 0.0136108 0.015 0.015 0.015 0.015 0.015 0.015 0.0135813 0.015 0.015 0.0136007 0.015 0.015 0.015 0.015 0.015 0.015 0.0136381 0.015 0.015 0.0136387 0.015 0.015 0.015 0.015 0.015 0.015 0.0136176 0.015 0.015 0.0136183 0.015 0.015 0.015 0.015 0.015 0.015 0.015 0.015 0.015 0.015 0.015 0.015 0.015 0.015 0.015 0.015 0.015 0.015 0.015 0.015 0.015 0.015 0.015 0.015 0.015 0.015 0.015 0.015 0.015 0.015 0.015 0.015 0.015 0.015 0.015 0.015 0.015 0.015 0.015 0.015 0.015 0.015 0.015 0.015 0.015 0.015 0.015 0.015 0.015 0.015 0.015 0.015 0.015 0.015 0.015 0.015 0.015 0.015 0.015 0.015 0.015 0.015 0.015 0.015 0.015 0.015 0.015 0.015 0.015 0.015 0.015 0.015 0.015 0.015 0.015 0.015 0.015 0.015 0.015 0.015 0.015 0.015 0.015 0.015 0.015 0.015 0.015 0.015 0.015 0.015 0.015 0.015 0.015 0.015 0.015 0.015 0.015 0.015 0.015 0.015 0.015 0.015 0.015 0.015 0.015 0.015 0.015 0.015 0.015 0.015 0.015 0.015 0.0136414 0.015 0.015 0.015 0.015 0.015 0.015 0.015 0.015 0.015 0.0136194 0.015 0.015 0.015 0.015 0.015 0.015 0.015 0.015 0.015 0.0135881 0.015 0.015 0.015 0.015 0.015 0.015 0.015 0.015 0.015 0.013597 0.015 0.015 0.015 0.015 0.015 0.015 0.015 0.015 0.015 0.0135776 0.015 0.015 0.015 0.015 0.015 0.015 0.015 0.015 0.015 0.0135887 0.015 0.015 0.015 0.015 0.015 0.015 0.015 0.015 0.015 0.0136312 0.015 0.015 0.015 0.015 0.015 0.015 0.015 0.015 0.015 0.0136002 0.015 0.015 0.015 0.015 0.015 0.015 0.015 0.015 0.015 0.0135683 0.015 0.015 0.015 0.015 0.015 0.015 0.015 0.015 0.015 0.0136432 0.015 0.015 0.015 0.0136404 0.015 0.015 0.0136121 0.015 0.015 0.015 0.015 0.015 0.015 0.0136209 0.015 0.015 0.0136371 0.015 0.015 0.015 0.015 0.015 0.015 0.0136185 0.015 0.015 0.0136052 0.015 0.015 0.015 0.015 0.015 0.015 0.0136254 0.015 0.015 0.013649 0.015 0.015 0.015 0.015 0.015 0.015 0.0135885 0.015 0.015 0.013575 0.015 0.015 0.015 0.015 0.015 0.015 0.0135907 0.015 0.015 0.0135911 0.015 0.015 0.015 0.015 0.015 0.015 0.0135959 0.015 0.015 0.0135757 0.015 0.015 0.015 0.015 0.015 0.015 0.0136036 0.015 0.015 0.0135691 0.015 0.015 0.015 0.015 0.015 0.015 0.0135669 0.015 0.015 0.0136425 0.015 0.015 0.015 0.015 0.015 0.015 0.013592 0.015 0.015 0.0136541 0.015 0.015 0.015 0.015 0.015 0.015 0.015 0.015 0.015 0.015 0.015 0.015 0.015 0.015 0.015 0.015 0.015 0.015 0.015 0.015 0.015 0.015 0.015 0.015 0.015 0.015 0.015 0.015 0.015 0.015 0.015 0.015 0.015 0.015 0.015 0.015 0.015 0.015 0.015 0.015 0.015 0.015 0.015 0.015 0.015 0.015 0.015 0.015 0.015 0.015 0.015 0.015 0.015 0.015 0.015 0.015 0.015 0.015 0.015 0.015 0.015 0.015 0.015 0.015 0.015 0.015 0.015 0.015 0.015 0.015 0.015 0.015 0.015 0.015 0.015 0.015 0.015 0.015 0.015 0.015 0.015 0.015 0.015 0.015 0.015 0.015 0.015 0.015 0.015 0.015 0.015 0.015 0.015 0.015 0.015 0.015 0.015 0.015 0.015 0.015 0.015 0.015 0.015 0.015 0.015 0.015 0.015 0.015 0.015 0.015 0.015 0.015 0.013567 0.015 0.015 0.015 0.015 0.015 0.015 0.015 0.015 0.015 0.0136484 0.015 0.015 0.015 0.015 0.015 0.015 0.015 0.015 0.015 0.0136455 0.015 0.015 0.015 0.015 0.015 0.015 0.015 0.015 0.015 0.0136122 0.015 0.015 0.015 0.015 0.015 0.015 0.015 0.015 0.015 0.0136299 0.015 0.015 0.015 0.015 0.015 0.015 0.015 0.015 0.015 0.0136453 0.015 0.015 0.015 0.015 0.015 0.015 0.015 0.015 0.015 0.0136263 0.015 0.015 0.015 0.015 0.015 0.015 0.015 0.015 0.015 0.0135928 0.015 0.015 0.015 0.015 0.015 0.015 0.015 0.015 0.015 0.0136501 0.015 0.015 0.015 0.015 0.015 0.015 0.015 0.015 0.015 0.0135707 0.015 0.015 0.015 0.0135721 0.015 0.015 0.0135888 0.015 0.015 0.015 0.015 0.015 0.015 0.013582 0.015 0.015 0.0135752 0.015 0.015 0.015 0.015 0.015 0.015 0.0136293 0.015 0.015 0.0136396 0.015 0.015 0.015 0.015 0.015 0.015 0.0136227 0.015 0.015 0.013652 0.015 0.015 0.015 0.015 0.015 0.015 0.0135982 0.015 0.015 0.0136476 0.015 0.015 0.015 0.015 0.015 0.015 0.013617 0.015 0.015 0.0136331 0.015 0.015 0.015 0.015 0.015 0.015 0.0135878 0.015 0.015 0.0135927 0.015 0.015 0.015 0.015 0.015 0.015 0.0135657 0.015 0.015 0.0136126 0.015 0.015 0.015 0.015 0.015 0.015 0.0135805 0.015 0.015 0.0135713 0.015 0.015 0.015 0.015 0.015 0.015 0.0136094 0.015 0.015 0.0136331 0.015 0.015 0.015 0.015 0.015 0.015 0.015 0.015 0.015 0.015 0.015 0.015 0.015 0.015 0.015 0.015 0.015 0.015 0.015 0.015 0.015 0.015 0.015 0.015 0.015 0.015 0.015 0.015 0.015 0.015 0.015 0.015 0.015 0.015 0.015 0.015 0.015 0.015 0.015 0.015 0.015 0.015 0.015 0.015 0.015 0.015 0.015 0.015 0.015 0.015 0.015 0.015 0.015 0.015 0.015 0.015 0.015 0.015 0.015 0.015 0.015 0.015 0.015 0.015 0.015 0.015 0.015 0.015 0.015 0.015 0.015 0.015 0.015 0.015 0.015 0.015 0.015 0.015 0.015 0.015 0.015 0.015 0.015 0.015 0.015 0.015 0.015 0.015 0.015 0.015 0.015 0.015 0.015 0.015 0.015 0.015 0.015 0.015 0.015 0.015 0.015 0.015 0.015 0.015 0.015 0.015 0.015 0.015 0.015 0.015 0.015 0.015 0.0136124 0.015 0.015 0.015 0.015 0.015 0.015 0.015 0.015 0.015 0.013635 0.015 0.015 0.015 0.015 0.015 0.015 0.015 0.015 0.015 0.0135843 0.015 0.015 0.015 0.015 0.015 0.015 0.015 0.015 0.015 0.0136217 0.015 0.015 0.015 0.015 0.015 0.015 0.015 0.015 0.015 0.0135662 0.015 0.015 0.015 0.015 0.015 0.015 0.015 0.015 0.015 0.013625 0.015 0.015 0.015 0.015 0.015 0.015 0.015 0.015 0.015 0.0136448 0.015 0.015 0.015 0.015 0.015 0.015 0.015 0.015 0.015 0.0136264 0.015 0.015 0.015 0.015 0.015 0.015 0.015 0.015 0.015 0.0136062 0.015 0.015 0.015 0.015 0.015 0.015 0.015 0.015 0.015 0.0136178 0.015 0.015 0.015 0.015 0.015 0.015 0.015 0.015 0.015 0.0136385 0.015 0.015 0.015 0.015 0.015 0.015 0.015 0.015 0.015 0.0136514 0.015 0.015 0.015 0.015 0.015 0.015 0.015 0.015 0.015 0.0135974 0.015 0.015 0.015 0.015 0.015 0.015 0.015 0.015 0.015 0.0136326 0.015 0.015 0.015 0.015 0.015 0.015 0.015 0.015 0.015 0.0136216 0.015 0.015 0.015 0.015 0.015 0.015 0.015 0.015 0.015 0.0136088 0.015 0.015 0.015 0.015 0.015 0.015 0.015 0.015 0.015 0.0136249 0.015 0.015 0.015 0.015 0.015 0.015 0.015 0.015 0.015 0.0135655 0.015 0.015 0.015 0.015 0.015 0.015 0.015 0.015 0.015 0.0135941 0.015 0.015 0.015 0.015 0.015 0.015 0.015 0.015 0.015 0.0135894 0.015 0.015 0.015 0.0136477 0.015 0.015 0.0136014 0.015 0.015 0.015 0.015 0.015 0.015 0.0135948 0.015 0.015 0.0135871 0.015 0.015 0.015 0.015 0.015 0.015 0.0136219 0.015 0.015 0.0136249 0.015 0.015 0.015 0.015 0.015 0.015 0.0135929 0.015 0.015 0.0136207 0.015 0.015 0.015 0.015 0.015 0.015 0.013648 0.015 0.015 0.0135809 0.015 0.015 0.015 0.015 0.015 0.015 0.0136053 0.015 0.015 0.0136364 0.015 0.015 0.015 0.015 0.015 0.015 0.0136111 0.015 0.015 0.0136396 0.015 0.015 0.015 0.015 0.015 0.015 0.0136146 0.015 0.015 0.0135876 0.015 0.015 0.015 0.015 0.015 0.015 0.0136523 0.015 0.015 0.0136077 0.015 0.015 0.015 0.015 0.015 0.015 0.0135661 0.015 0.015 0.0136257 0.015 0.015 0.015 0.015 0.015 0.015 0.015 0.015 0.015 0.015 0.015 0.015 0.015 0.015 0.015 0.015 0.015 0.015 0.015 0.015 0.015 0.015 0.015 0.015 0.015 0.015 0.015 0.015 0.015 0.015 0.015 0.015 0.015 0.015 0.015 0.015 0.015 0.015 0.015 0.015 0.015 0.015 0.015 0.015 0.015 0.015 0.015 0.015 0.015 0.015 0.015 0.015 0.015 0.015 0.015 0.015 0.015 0.015 0.015 0.015 0.015 0.015 0.015 0.015 0.015 0.015 0.015 0.015 0.015 0.015 0.015 0.015 0.015 0.015 0.015 0.015 0.015 0.015 0.015 0.015 0.015 0.015 0.015 0.015 0.015 0.015 0.015 0.015 0.015 0.015 0.015 0.015 0.015 0.015 0.015 0.015 0.015 0.015 0.015 0.015 0.015 0.015 0.015 0.015 0.015 0.015 0.015 0.015 0.015 0.015 0.015 0.015 0.0136236 0.015 0.015 0.015 0.015 0.015 0.015 0.015 0.015 0.015 0.0135985 0.015 0.015 0.015 0.015 0.015 0.015 0.015 0.015 0.015 0.0136323 0.015 0.015 0.015 0.015 0.015 0.015 0.015 0.015 0.015 0.0135897 0.015 0.015 0.015 0.015 0.015 0.015 0.015 0.015 0.015 0.0136507 0.015 0.015 0.015 0.015 0.015 0.015 0.015 0.015 0.015 0.0136119 0.015 0.015 0.015 0.015 0.015 0.015 0.015 0.015 0.015 0.0136382 0.015 0.015 0.015 0.015 0.015 0.015 0.015 0.015 0.015 0.0136466 0.015 0.015 0.015 0.015 0.015 0.015 0.015 0.015 0.015 0.0135798 0.015 0.015 0.015 0.015 0.015 0.015 0.015 0.015 0.015 0.013641 0.015 0.015 0.015 0.0135994 0.015 0.015 0.0135803 0.015 0.015 0.015 0.015 0.015 0.015 0.0135692 0.015 0.015 0.0136486 0.015 0.015 0.015 0.015 0.015 0.015 0.0135867 0.015 0.015 0.013587 0.015 0.015 0.015 0.015 0.015 0.015 0.0136229 0.015 0.015 0.0135685 0.015 0.015 0.015 0.015 0.015 0.015 0.0136036 0.015 0.015 0.0136002 0.015 0.015 0.015 0.015 0.015 0.015 0.013588 0.015 0.015 0.013651 0.015 0.015 0.015 0.015 0.015 0.015 0.0135977 0.015 0.015 0.0136358 0.015 0.015 0.015 0.015 0.015 0.015 0.0136549 0.015 0.015 0.0136462 0.015 0.015 0.015 0.015 0.015 0.015 0.0136374 0.015 0.015 0.0136148 0.015 0.015 0.015 0.015 0.015 0.015 0.0135872 0.015 0.015 0.0136069 0.015 0.015 0.015 0.015 0.015 0.015 0.015 0.015 0.015 0.015 0.015 0.015 0.015 0.015 0.015 0.015 0.015 0.015 0.015 0.015 0.015 0.015 0.015 0.015 0.015 0.015 0.015 0.015 0.015 0.015 0.015 0.015 0.015 0.015 0.015 0.015 0.015 0.015 0.015 0.015 0.015 0.015 0.015 0.015 0.015 0.015 0.015 0.015 0.015 0.015 0.015 0.015 0.015 0.015 0.015 0.015 0.015 0.015 0.015 0.015 0.015 0.015 0.015 0.015 0.015 0.015 0.015 0.015 0.015 0.015 0.015 0.015 0.015 0.015 0.015 0.015 0.015 0.015 0.015 0.015 0.015 0.015 0.015 0.015 0.015 0.015 0.015 0.015 0.015 0.015 0.015 0.015 0.015 0.015 0.015 0.015 0.015 0.015 0.015 0.015 0.015 0.015 0.015 0.015 0.015 0.015 0.015 0.015 0.015 0.015 0.015 0.015 0.0135841 0.015 0.015 0.015 0.015 0.015 0.015 0.015 0.015 0.015 0.0136224 0.015 0.015 0.015 0.015 0.015 0.015 0.015 0.015 0.015 0.0135951 0.015 0.015 0.015 0.015 0.015 0.015 0.015 0.015 0.015 0.0135984 0.015 0.015 0.015 0.015 0.015 0.015 0.015 0.015 0.015 0.0135768 0.015 0.015 0.015 0.015 0.015 0.015 0.015 0.015 0.015 0.0136253 0.015 0.015 0.015 0.015 0.015 0.015 0.015 0.015 0.015 0.0135686 0.015 0.015 0.015 0.015 0.015 0.015 0.015 0.015 0.015 0.0136265 0.015 0.015 0.015 0.015 0.015 0.015 0.015 0.015 0.015 0.0136199 0.015 0.015 0.015 0.015 0.015 0.015 0.015 0.015 0.015 0.0135661 0.015 0.015 0.015 0.0135838 0.015 0.015 0.0136151 0.015 0.015 0.015 0.015 0.015 0.015 0.0135877 0.015 0.015 0.0136204 0.015 0.015 0.015 0.015 0.015 0.015 0.0135884 0.015 0.015 0.013641 0.015 0.015 0.015 0.015 0.015 0.015 0.0136045 0.015 0.015 0.0136437 0.015 0.015 0.015 0.015 0.015 0.015 0.0136312 0.015 0.015 0.0135688 0.015 0.015 0.015 0.015 0.015 0.015 0.0135958 0.015 0.015 0.0136484 0.015 0.015 0.015 0.015 0.015 0.015 0.0136213 0.015 0.015 0.0136323 0.015 0.015 0.015 0.015 0.015 0.015 0.0136057 0.015 0.015 0.0135891 0.015 0.015 0.015 0.015 0.015 0.015 0.0136272 0.015 0.015 0.0136081 0.015 0.015 0.015 0.015 0.015 0.015 0.0135667 0.015 0.015 0.0135856 0.015 0.015 0.015 0.015 0.015 0.015 0.015 0.015 0.015 0.015 0.015 0.015 0.015 0.015 0.015 0.015 0.015 0.015 0.015 0.015 0.015 0.015 0.015 0.015 0.015 0.015 0.015 0.015 0.015 0.015 0.015 0.015 0.015 0.015 0.015 0.015 0.015 0.015 0.015 0.015 0.015 0.015 0.015 0.015 0.015 0.015 0.015 0.015 0.015 0.015 0.015 0.015 0.015 0.015 0.015 0.015 0.015 0.015 0.015 0.015 0.015 0.015 0.015 0.015 0.015 0.015 0.015 0.015 0.015 0.015 0.015 0.015 0.015 0.015 0.015 0.015 0.015 0.015 0.015 0.015 0.015 0.015 0.015 0.015 0.015 0.015 0.015 0.015 0.015 0.015 0.015 0.015 0.015 0.015 0.015 0.015 0.015 0.015 0.015 0.015 0.015 0.015 0.015 0.015 0.015 0.015 0.015 0.015 0.015 0.015 0.015 0.015 0.0135879 0.015 0.015 0.015 0.015 0.015 0.015 0.015 0.015 0.015 0.0136325 0.015 0.015 0.015 0.015 0.015 0.015 0.015 0.015 0.015 0.0136138 0.015 0.015 0.015 0.015 0.015 0.015 0.015 0.015 0.015 0.0136151 0.015 0.015 0.015 0.015 0.015 0.015 0.015 0.015 0.015 0.0136111 0.015 0.015 0.015 0.015 0.015 0.015 0.015 0.015 0.015 0.013609 0.015 0.015 0.015 0.015 0.015 0.015 0.015 0.015 0.015 0.0135658 0.015 0.015 0.015 0.015 0.015 0.015 0.015 0.015 0.015 0.013573 0.015 0.015 0.015 0.015 0.015 0.015 0.015 0.015 0.015 0.0136225 0.015 0.015 0.015 0.015 0.015 0.015 0.015 0.015 0.015 0.0136241 0.015 0.015 0.015 0.015 0.015 0.015 0.015 0.015 0.015 0.0136251 0.015 0.015 0.015 0.015 0.015 0.015 0.015 0.015 0.015 0.0136188 0.015 0.015 0.015 0.015 0.015 0.015 0.015 0.015 0.015 0.0136089 0.015 0.015 0.015 0.015 0.015 0.015 0.015 0.015 0.015 0.0135937 0.015 0.015 0.015 0.015 0.015 0.015 0.015 0.015 0.015 0.0135714 0.015 0.015 0.015 0.015 0.015 0.015 0.015 0.015 0.015 0.0136056 0.015 0.015 0.015 0.015 0.015 0.015 0.015 0.015 0.015 0.0135934 0.015 0.015 0.015 0.015 0.015 0.015 0.015 0.015 0.015 0.0136488 0.015 0.015 0.015 0.015 0.015 0.015 0.015 0.015 0.015 0.0135853 0.015 0.015 0.015 0.015 0.015 0.015 0.015 0.015 0.015 0.0136192 0.015 0.015 0.015 0.0136442 0.015 0.015 0.013597 0.015 0.015 0.015 0.015 0.015 0.015 0.0136154 0.015 0.015 0.0135689 0.015 0.015 0.015 0.015 0.015 0.015 0.0135853 0.015 0.015 0.0135747 0.015 0.015 0.015 0.015 0.015 0.015 0.0136317 0.015 0.015 0.0136333 0.015 0.015 0.015 0.015 0.015 0.015 0.0136205 0.015 0.015 0.0136479 0.015 0.015 0.015 0.015 0.015 0.015 0.0136126 0.015 0.015 0.013571 0.015 0.015 0.015 0.015 0.015 0.015 0.0136539 0.015 0.015 0.0136401 0.015 0.015 0.015 0.015 0.015 0.015 0.013587 0.015 0.015 0.0136131 0.015 0.015 0.015 0.015 0.015 0.015 0.0136398 0.015 0.015 0.0135997 0.015 0.015 0.015 0.015 0.015 0.015 0.013608 0.015 0.015 0.0136521 0.015 0.015 0.015 0.015 0.015 0.015 0.015 0.015 0.015 0.015 0.015 0.015 0.015 0.015 0.015 0.015 0.015 0.015 0.015 0.015 0.015 0.015 0.015 0.015 0.015 0.015 0.015 0.015 0.015 0.015 0.015 0.015 0.015 0.015 0.015 0.015 0.015 0.015 0.015 0.015 0.015 0.015 0.015 0.015 0.015 0.015 0.015 0.015 0.015 0.015 0.015 0.015 0.015 0.015 0.015 0.015 0.015 0.015 0.015 0.015 0.015 0.015 0.015 0.015 0.015 0.015 0.015 0.015 0.015 0.015 0.015 0.015 0.015 0.015 0.015 0.015 0.015 0.015 0.015 0.015 0.015 0.015 0.015 0.015 0.015 0.015 0.015 0.015 0.015 0.015 0.015 0.015 0.015 0.015 0.015 0.015 0.015 0.015 0.015 0.015 0.015 0.015 0.015 0.015 0.015 0.015 0.015 0.015 0.015 0.015 0.015 0.015 0.0136244 0.015 0.015 0.015 0.015 0.015 0.015 0.015 0.015 0.015 0.0135812 0.015 0.015 0.015 0.015 0.015 0.015 0.015 0.015 0.015 0.0135881 0.015 0.015 0.015 0.015 0.015 0.015 0.015 0.015 0.015 0.0136304 0.015 0.015 0.015 0.015 0.015 0.015 0.015 0.015 0.015 0.0135945 0.015 0.015 0.015 0.015 0.015 0.015 0.015 0.015 0.015 0.0135793 0.015 0.015 0.015 0.015 0.015 0.015 0.015 0.015 0.015 0.0136501 0.015 0.015 0.015 0.015 0.015 0.015 0.015 0.015 0.015 0.0135769 0.015 0.015 0.015 0.015 0.015 0.015 0.015 0.015 0.015 0.013633 0.015 0.015 0.015 0.015 0.015 0.015 0.015 0.015 0.015 0.0135652 0.015 0.015 0.015 0.0136156 0.015 0.015 0.0136342 0.015 0.015 0.015 0.015 0.015 0.015 0.0136316 0.015 0.015 0.0135694 0.015 0.015 0.015 0.015 0.015 0.015 0.0136027 0.015 0.015 0.0136151 0.015 0.015 0.015 0.015 0.015 0.015 0.013582 0.015 0.015 0.0136492 0.015 0.015 0.015 0.015 0.015 0.015 0.0135882 0.015 0.015 0.013652 0.015 0.015 0.015 0.015 0.015 0.015 0.0135998 0.015 0.015 0.0136421 0.015 0.015 0.015 0.015 0.015 0.015 0.0135712 0.015 0.015 0.0135772 0.015 0.015 0.015 0.015 0.015 0.015 0.0135785 0.015 0.015 0.0136115 0.015 0.015 0.015 0.015 0.015 0.015 0.0135733 0.015 0.015 0.0136139 0.015 0.015 0.015 0.015 0.015 0.015 0.0135879 0.015 0.015 0.0136246 0.015 0.015 0.015 0.015 0.015 0.015 0.015 0.015 0.015 0.015 0.015 0.015 0.015 0.015 0.015 0.015 0.015 0.015 0.015 0.015 0.015 0.015 0.015 0.015 0.015 0.015 0.015 0.015 0.015 0.015 0.015 0.015 0.015 0.015 0.015 0.015 0.015 0.015 0.015 0.015 0.015 0.015 0.015 0.015 0.015 0.015 0.015 0.015 0.015 0.015 0.015 0.015 0.015 0.015 0.015 0.015 0.015 0.015 0.015 0.015 0.015 0.015 0.015 0.015 0.015 0.015 0.015 0.015 0.015 0.015 0.015 0.015 0.015 0.015 0.015 0.015 0.015 0.015 0.015 0.015 0.015 0.015 0.015 0.015 0.015 0.015 0.015 0.015 0.015 0.015 0.015 0.015 0.015 0.015 0.015 0.015 0.015 0.015 0.015 0.015 0.015 0.015 0.015 0.015 0.015 0.015 0.015 0.015 0.015 0.015 0.015 0.015 0.0135666 0.015 0.015 0.015 0.015 0.015 0.015 0.015 0.015 0.015 0.0135805 0.015 0.015 0.015 0.015 0.015 0.015 0.015 0.015 0.015 0.0135802 0.015 0.015 0.015 0.015 0.015 0.015 0.015 0.015 0.015 0.0135832 0.015 0.015 0.015 0.015 0.015 0.015 0.015 0.015 0.015 0.0136353 0.015 0.015 0.015 0.015 0.015 0.015 0.015 0.015 0.015 0.0136344 0.015 0.015 0.015 0.015 0.015 0.015 0.015 0.015 0.015 0.0136419 0.015 0.015 0.015 0.015 0.015 0.015 0.015 0.015 0.015 0.0136345 0.015 0.015 0.015 0.015 0.015 0.015 0.015 0.015 0.015 0.0135711 0.015 0.015 0.015 0.015 0.015 0.015 0.015 0.015 0.015 0.0135774 0.015 0.015 0.015 0.0136502 0.015 0.015 0.0136437 0.015 0.015 0.015 0.015 0.015 0.015 0.0136401 0.015 0.015 0.0136493 0.015 0.015 0.015 0.015 0.015 0.015 0.0136355 0.015 0.015 0.0136227 0.015 0.015 0.015 0.015 0.015 0.015 0.0136087 0.015 0.015 0.0135828 0.015 0.015 0.015 0.015 0.015 0.015 0.0135958 0.015 0.015 0.0135977 0.015 0.015 0.015 0.015 0.015 0.015 0.0136041 0.015 0.015 0.0136115 0.015 0.015 0.015 0.015 0.015 0.015 0.0136178 0.015 0.015 0.0136357 0.015 0.015 0.015 0.015 0.015 0.015 0.0136001 0.015 0.015 0.0136009 0.015 0.015 0.015 0.015 0.015 0.015 0.0136328 0.015 0.015 0.0136493 0.015 0.015 0.015 0.015 0.015 0.015 0.0136299 0.015 0.015 0.0136088 0.015 0.015 0.015 0.015 0.015 0.015 0.015 0.015 0.015 0.015 0.015 0.015 0.015 0.015 0.015 0.015 0.015 0.015 0.015 0.015 0.015 0.015 0.015 0.015 0.015 0.015 0.015 0.015 0.015 0.015 0.015 0.015 0.015 0.015 0.015 0.015 0.015 0.015 0.015 0.015 0.015 0.015 0.015 0.015 0.015 0.015 0.015 0.015 0.015 0.015 0.015 0.015 0.015 0.015 0.015 0.015 0.015 0.015 0.015 0.015 0.015 0.015 0.015 0.015 0.015 0.015 0.015 0.015 0.015 0.015 0.015 0.015 0.015 0.015 0.015 0.015 0.015 0.015 0.015 0.015 0.015 0.015 0.015 0.015 0.015 0.015 0.015 0.015 0.015 0.015 0.015 0.015 0.015 0.015 0.015 0.015 0.015 0.015 0.015 0.015 0.015 0.015 0.015 0.015 0.015 0.015 0.015 0.015 0.015 0.015 0.015 0.015 0.0135875 0.015 0.015 0.015 0.015 0.015 0.015 0.015 0.015 0.015 0.0136429 0.015 0.015 0.015 0.015 0.015 0.015 0.015 0.015 0.015 0.0136424 0.015 0.015 0.015 0.015 0.015 0.015 0.015 0.015 0.015 0.0136207 0.015 0.015 0.015 0.015 0.015 0.015 0.015 0.015 0.015 0.013615 0.015 0.015 0.015 0.015 0.015 0.015 0.015 0.015 0.015 0.013609 0.015 0.015 0.015 0.015 0.015 0.015 0.015 0.015 0.015 0.0135939 0.015 0.015 0.015 0.015 0.015 0.015 0.015 0.015 0.015 0.0136144 0.015 0.015 0.015 0.015 0.015 0.015 0.015 0.015 0.015 0.0136197 0.015 0.015 0.015 0.015 0.015 0.015 0.015 0.015 0.015 0.0136076 0.015 0.015 0.015 0.015 0.015 0.015 0.015 0.015 0.015 0.0136063 0.015 0.015 0.015 0.015 0.015 0.015 0.015 0.015 0.015 0.0135935 0.015 0.015 0.015 0.015 0.015 0.015 0.015 0.015 0.015 0.0136276 0.015 0.015 0.015 0.015 0.015 0.015 0.015 0.015 0.015 0.0135728 0.015 0.015 0.015 0.015 0.015 0.015 0.015 0.015 0.015 0.0136401 0.015 0.015 0.015 0.015 0.015 0.015 0.015 0.015 0.015 0.0135996 0.015 0.015 0.015 0.015 0.015 0.015 0.015 0.015 0.015 0.0136137 0.015 0.015 0.015 0.015 0.015 0.015 0.015 0.015 0.015 0.0135705 0.015 0.015 0.015 0.015 0.015 0.015 0.015 0.015 0.015 0.0135881 0.015 0.015 0.015 0.015 0.015 0.015 0.015 0.015 0.015 0.0135942 0.015 0.015 0.015 0.0135932 0.015 0.015 0.0136517 0.015 0.015 0.015 0.015 0.015 0.015 0.0136258 0.015 0.015 0.0136155 0.015 0.015 0.015 0.015 0.015 0.015 0.0136465 0.015 0.015 0.0136282 0.015 0.015 0.015 0.015 0.015 0.015 0.0136141 0.015 0.015 0.0136102 0.015 0.015 0.015 0.015 0.015 0.015 0.0136028 0.015 0.015 0.0136355 0.015 0.015 0.015 0.015 0.015 0.015 0.0135673 0.015 0.015 0.0136006 0.015 0.015 0.015 0.015 0.015 0.015 0.0136135 0.015 0.015 0.0135846 0.015 0.015 0.015 0.015 0.015 0.015 0.0135914 0.015 0.015 0.0135816 0.015 0.015 0.015 0.015 0.015 0.015 0.0136046 0.015 0.015 0.0136378 0.015 0.015 0.015 0.015 0.015 0.015 0.0136316 0.015 0.015 0.0136058 0.015 0.015 0.015 0.015 0.015 0.015 0.015 0.015 0.015 0.015 0.015 0.015 0.015 0.015 0.015 0.015 0.015 0.015 0.015 0.015 0.015 0.015 0.015 0.015 0.015 0.015 0.015 0.015 0.015 0.015 0.015 0.015 0.015 0.015 0.015 0.015 0.015 0.015 0.015 0.015 0.015 0.015 0.015 0.015 0.015 0.015 0.015 0.015 0.015 0.015 0.015 0.015 0.015 0.015 0.015 0.015 0.015 0.015 0.015 0.015 0.015 0.015 0.015 0.015 0.015 0.015 0.015 0.015 0.015 0.015 0.015 0.015 0.015 0.015 0.015 0.015 0.015 0.015 0.015 0.015 0.015 0.015 0.015 0.015 0.015 0.015 0.015 0.015 0.015 0.015 0.015 0.015 0.015 0.015 0.015 0.015 0.015 0.015 0.015 0.015 0.015 0.015 0.015 0.015 0.015 0.015 0.015 0.015 0.015 0.015 0.015 0.015 0.0136393 0.015 0.015 0.015 0.015 0.015 0.015 0.015 0.015 0.015 0.013641 0.015 0.015 0.015 0.015 0.015 0.015 0.015 0.015 0.015 0.0136089 0.015 0.015 0.015 0.015 0.015 0.015 0.015 0.015 0.015 0.0136435 0.015 0.015 0.015 0.015 0.015 0.015 0.015 0.015 0.015 0.0136206 0.015 0.015 0.015 0.015 0.015 0.015 0.015 0.015 0.015 0.0135798 0.015 0.015 0.015 0.015 0.015 0.015 0.015 0.015 0.015 0.0136374 0.015 0.015 0.015 0.015 0.015 0.015 0.015 0.015 0.015 0.0135946 0.015 0.015 0.015 0.015 0.015 0.015 0.015 0.015 0.015 0.0136509 0.015 0.015 0.015 0.015 0.015 0.015 0.015 0.015 0.015 0.0135696 0.015 0.015 0.015 0.013646 0.015 0.015 0.0136289 0.015 0.015 0.015 0.015 0.015 0.015 0.013582 0.015 0.015 0.0136141 0.015 0.015 0.015 0.015 0.015 0.015 0.0136091 0.015 0.015 0.0136333 0.015 0.015 0.015 0.015 0.015 0.015 0.0136397 0.015 0.015 0.0136304 0.015 0.015 0.015 0.015 0.015 0.015 0.0135809 0.015 0.015 0.0136357 0.015 0.015 0.015 0.015 0.015 0.015 0.0136094 0.015 0.015 0.0136151 0.015 0.015 0.015 0.015 0.015 0.015 0.0136118 0.015 0.015 0.0135833 0.015 0.015 0.015 0.015 0.015 0.015 0.0136297 0.015 0.015 0.0136281 0.015 0.015 0.015 0.015 0.015 0.015 0.013599 0.015 0.015 0.0136186 0.015 0.015 0.015 0.015 0.015 0.015 0.0136122 0.015 0.015 0.0135732 0.015 0.015 0.015 0.015 0.015 0.015 0.015 0.015 0.015 0.015 0.015 0.015 0.015 0.015 0.015 0.015 0.015 0.015 0.015 0.015 0.015 0.015 0.015 0.015 0.015 0.015 0.015 0.015 0.015 0.015 0.015 0.015 0.015 0.015 0.015 0.015 0.015 0.015 0.015 0.015 0.015 0.015 0.015 0.015 0.015 0.015 0.015 0.015 0.015 0.015 0.015 0.015 0.015 0.015 0.015 0.015 0.015 0.015 0.015 0.015 0.015 0.015 0.015 0.015 0.015 0.015 0.015 0.015 0.015 0.015 0.015 0.015 0.015 0.015 0.015 0.015 0.015 0.015 0.015 0.015 0.015 0.015 0.015 0.015 0.015 0.015 0.015 0.015 0.015 0.015 0.015 0.015 0.015 0.015 0.015 0.015 0.015 0.015 0.015 0.015 0.015 0.015 0.015 0.015 0.015 0.015 0.015 0.015 0.015 0.015 0.015 0.015 0.013582 0.015 0.015 0.015 0.015 0.015 0.015 0.015 0.015 0.015 0.0135715 0.015 0.015 0.015 0.015 0.015 0.015 0.015 0.015 0.015 0.0135815 0.015 0.015 0.015 0.015 0.015 0.015 0.015 0.015 0.015 0.0135774 0.015 0.015 0.015 0.015 0.015 0.015 0.015 0.015 0.015 0.0135897 0.015 0.015 0.015 0.015 0.015 0.015 0.015 0.015 0.015 0.0136093 0.015 0.015 0.015 0.015 0.015 0.015 0.015 0.015 0.015 0.0135832 0.015 0.015 0.015 0.015 0.015 0.015 0.015 0.015 0.015 0.0136475 0.015 0.015 0.015 0.015 0.015 0.015 0.015 0.015 0.015 0.0136405 0.015 0.015 0.015 0.015 0.015 0.015 0.015 0.015 0.015 0.0136138 0.015 0.015 0.015 0.013648 0.015 0.015 0.0136301 0.015 0.015 0.015 0.015 0.015 0.015 0.0136036 0.015 0.015 0.0135942 0.015 0.015 0.015 0.015 0.015 0.015 0.0136349 0.015 0.015 0.0136025 0.015 0.015 0.015 0.015 0.015 0.015 0.0135976 0.015 0.015 0.0136457 0.015 0.015 0.015 0.015 0.015 0.015 0.0136146 0.015 0.015 0.013611 0.015 0.015 0.015 0.015 0.015 0.015 0.0136134 0.015 0.015 0.0136039 0.015 0.015 0.015 0.015 0.015 0.015 0.0135699 0.015 0.015 0.0136289 0.015 0.015 0.015 0.015 0.015 0.015 0.0136165 0.015 0.015 0.0136385 0.015 0.015 0.015 0.015 0.015 0.015 0.0136132 0.015 0.015 0.0135964 0.015 0.015 0.015 0.015 0.015 0.015 0.0136477 0.015 0.015 0.0136425 0.015 0.015 0.015 0.015 0.015 0.015 0.015 0.015 0.015 0.015 0.015 0.015 0.015 0.015 0.015 0.015 0.015 0.015 0.015 0.015 0.015 0.015 0.015 0.015 0.015 0.015 0.015 0.015 0.015 0.015 0.015 0.015 0.015 0.015 0.015 0.015 0.015 0.015 0.015 0.015 0.015 0.015 0.015 0.015 0.015 0.015 0.015 0.015 0.015 0.015 0.015 0.015 0.015 0.015 0.015 0.015 0.015 0.015 0.015 0.015 0.015 0.015 0.015 0.015 0.015 0.015 0.015 0.015 0.015 0.015 0.015 0.015 0.015 0.015 0.015 0.015 0.015 0.015 0.015 0.015 0.015 0.015 0.015 0.015 0.015 0.015 0.015 0.015 0.015 0.015 0.015 0.015 0.015 0.015 0.015 0.015 0.015 0.015 0.015 0.015 0.015 0.015 0.015 0.015 0.015 0.015 0.015 0.015 0.015 0.015 0.015 0.015 0.013596 0.015 0.015 0.015 0.015 0.015 0.015 0.015 0.015 0.015 0.0136506 0.015 0.015 0.015 0.015 0.015 0.015 0.015 0.015 0.015 0.0136176 0.015 0.015 0.015 0.015 0.015 0.015 0.015 0.015 0.015 0.0135957 0.015 0.015 0.015 0.015 0.015 0.015 0.015 0.015 0.015 0.0135805 0.015 0.015 0.015 0.015 0.015 0.015 0.015 0.015 0.015 0.0135966 0.015 0.015 0.015 0.015 0.015 0.015 0.015 0.015 0.015 0.0135941 0.015 0.015 0.015 0.015 0.015 0.015 0.015 0.015 0.015 0.0136076 0.015 0.015 0.015 0.015 0.015 0.015 0.015 0.015 0.015 0.0135682 0.015 0.015 0.015 0.015 0.015 0.015 0.015 0.015 0.015 0.0135697 0.015 0.015 0.015 0.015 0.015 0.015 0.015 0.015 0.015 0.0136077 0.015 0.015 0.015 0.015 0.015 0.015 0.015 0.015 0.015 0.0136146 0.015 0.015 0.015 0.015 0.015 0.015 0.015 0.015 0.015 0.01363 0.015 0.015 0.015 0.015 0.015 0.015 0.015 0.015 0.015 0.0136082 0.015 0.015 0.015 0.015 0.015 0.015 0.015 0.015 0.015 0.0136495 0.015 0.015 0.015 0.015 0.015 0.015 0.015 0.015 0.015 0.013631 0.015 0.015 0.015 0.015 0.015 0.015 0.015 0.015 0.015 0.0135871 0.015 0.015 0.015 0.015 0.015 0.015 0.015 0.015 0.015 0.0136194 0.015 0.015 0.015 0.015 0.015 0.015 0.015 0.015 0.015 0.0136495 0.015 0.015 0.015 0.015 0.015 0.015 0.015 0.015 0.015 0.0136447 0.015 0.015 0.015 0.0136317 0.015 0.015 0.0135868 0.015 0.015 0.015 0.015 0.015 0.015 0.0135737 0.015 0.015 0.0136139 0.015 0.015 0.015 0.015 0.015 0.015 0.0135724 0.015 0.015 0.0136095 0.015 0.015 0.015 0.015 0.015 0.015 0.0135656 0.015 0.015 0.0136322 0.015 0.015 0.015 0.015 0.015 0.015 0.0136349 0.015 0.015 0.013616 0.015 0.015 0.015 0.015 0.015 0.015 0.0135806 0.015 0.015 0.0136375 0.015 0.015 0.015 0.015 0.015 0.015 0.0135943 0.015 0.015 0.0136362 0.015 0.015 0.015 0.015 0.015 0.015 0.0136141 0.015 0.015 0.0136129 0.015 0.015 0.015 0.015 0.015 0.015 0.0136182 0.015 0.015 0.0135679 0.015 0.015 0.015 0.015 0.015 0.015 0.0136205 0.015 0.015 0.0136288 0.015 0.015 0.015 0.015 0.015 0.015 0.015 0.015 0.015 0.015 0.015 0.015 0.015 0.015 0.015 0.015 0.015 0.015 0.015 0.015 0.015 0.015 0.015 0.015 0.015 0.015 0.015 0.015 0.015 0.015 0.015 0.015 0.015 0.015 0.015 0.015 0.015 0.015 0.015 0.015 0.015 0.015 0.015 0.015 0.015 0.015 0.015 0.015 0.015 0.015 0.015 0.015 0.015 0.015 0.015 0.015 0.015 0.015 0.015 0.015 0.015 0.015 0.015 0.015 0.015 0.015 0.015 0.015 0.015 0.015 0.015 0.015 0.015 0.015 0.015 0.015 0.015 0.015 0.015 0.015 0.015 0.015 0.015 0.015 0.015 0.015 0.015 0.015 0.015 0.015 0.015 0.015 0.015 0.015 0.015 0.015 0.015 0.015 0.015 0.015 0.015 0.015 0.015 0.015 0.015 0.015 0.015 0.015 0.015 0.015 0.015 0.015 0.0136149 0.015 0.015 0.015 0.015 0.015 0.015 0.015 0.015 0.015 0.0136098 0.015 0.015 0.015 0.015 0.015 0.015 0.015 0.015 0.015 0.013581 0.015 0.015 0.015 0.015 0.015 0.015 0.015 0.015 0.015 0.0136131 0.015 0.015 0.015 0.015 0.015 0.015 0.015 0.015 0.015 0.0136228 0.015 0.015 0.015 0.015 0.015 0.015 0.015 0.015 0.015 0.0136156 0.015 0.015 0.015 0.015 0.015 0.015 0.015 0.015 0.015 0.0136009 0.015 0.015 0.015 0.015 0.015 0.015 0.015 0.015 0.015 0.0135702 0.015 0.015 0.015 0.015 0.015 0.015 0.015 0.015 0.015 0.0136057 0.015 0.015 0.015 0.015 0.015 0.015 0.015 0.015 0.015 0.0136125 0.015 0.015 0.015 0.013628 0.015 0.015 0.0136332 0.015 0.015 0.015 0.015 0.015 0.015 0.0136117 0.015 0.015 0.0136102 0.015 0.015 0.015 0.015 0.015 0.015 0.013631 0.015 0.015 0.013603 0.015 0.015 0.015 0.015 0.015 0.015 0.0136453 0.015 0.015 0.0136402 0.015 0.015 0.015 0.015 0.015 0.015 0.0135841 0.015 0.015 0.0136498 0.015 0.015 0.015 0.015 0.015 0.015 0.0135841 0.015 0.015 0.0136391 0.015 0.015 0.015 0.015 0.015 0.015 0.0136477 0.015 0.015 0.0136385 0.015 0.015 0.015 0.015 0.015 0.015 0.0136284 0.015 0.015 0.0136087 0.015 0.015 0.015 0.015 0.015 0.015 0.0136277 0.015 0.015 0.0135914 0.015 0.015 0.015 0.015 0.015 0.015 0.0136363 0.015 0.015 0.0135939 0.015 0.015 0.015 0.015 0.015 0.015 0.015 0.015 0.015 0.015 0.015 0.015 0.015 0.015 0.015 0.015 0.015 0.015 0.015 0.015 0.015 0.015 0.015 0.015 0.015 0.015 0.015 0.015 0.015 0.015 0.015 0.015 0.015 0.015 0.015 0.015 0.015 0.015 0.015 0.015 0.015 0.015 0.015 0.015 0.015 0.015 0.015 0.015 0.015 0.015 0.015 0.015 0.015 0.015 0.015 0.015 0.015 0.015 0.015 0.015 0.015 0.015 0.015 0.015 0.015 0.015 0.015 0.015 0.015 0.015 0.015 0.015 0.015 0.015 0.015 0.015 0.015 0.015 0.015 0.015 0.015 0.015 0.015 0.015 0.015 0.015 0.015 0.015 0.015 0.015 0.015 0.015 0.015 0.015 0.015 0.015 0.015 0.015 0.015 0.015 0.015 0.015 0.015 0.015 0.015 0.015 0.015 0.015 0.015 0.015 0.015 0.015 0.0136221 0.015 0.015 0.015 0.015 0.015 0.015 0.015 0.015 0.015 0.0136232 0.015 0.015 0.015 0.015 0.015 0.015 0.015 0.015 0.015 0.0136341 0.015 0.015 0.015 0.015 0.015 0.015 0.015 0.015 0.015 0.0136185 0.015 0.015 0.015 0.015 0.015 0.015 0.015 0.015 0.015 0.0136543 0.015 0.015 0.015 0.015 0.015 0.015 0.015 0.015 0.015 0.0136125 0.015 0.015 0.015 0.015 0.015 0.015 0.015 0.015 0.015 0.0135941 0.015 0.015 0.015 0.015 0.015 0.015 0.015 0.015 0.015 0.0135715 0.015 0.015 0.015 0.015 0.015 0.015 0.015 0.015 0.015 0.0136199 0.015 0.015 0.015 0.015 0.015 0.015 0.015 0.015 0.015 0.0136258 0.015 0.015 0.015 0.0135938 0.015 0.015 0.0136314 0.015 0.015 0.015 0.015 0.015 0.015 0.0136361 0.015 0.015 0.0135983 0.015 0.015 0.015 0.015 0.015 0.015 0.0136148 0.015 0.015 0.0136111 0.015 0.015 0.015 0.015 0.015 0.015 0.0136447 0.015 0.015 0.0136533 0.015 0.015 0.015 0.015 0.015 0.015 0.0135735 0.015 0.015 0.0136338 0.015 0.015 0.015 0.015 0.015 0.015 0.0136362 0.015 0.015 0.0136026 0.015 0.015 0.015 0.015 0.015 0.015 0.0136289 0.015 0.015 0.0136099 0.015 0.015 0.015 0.015 0.015 0.015 0.0136053 0.015 0.015 0.0136232 0.015 0.015 0.015 0.015 0.015 0.015 0.0136388 0.015 0.015 0.013596 0.015 0.015 0.015 0.015 0.015 0.015 0.013596 0.015 0.015 0.0136103 0.015 0.015 0.015 0.015 0.015 0.015 0.015 0.015 0.015 0.015 0.015 0.015 0.015 0.015 0.015 0.015 0.015 0.015 0.015 0.015 0.015 0.015 0.015 0.015 0.015 0.015 0.015 0.015 0.015 0.015 0.015 0.015 0.015 0.015 0.015 0.015 0.015 0.015 0.015 0.015 0.015 0.015 0.015 0.015 0.015 0.015 0.015 0.015 0.015 0.015 0.015 0.015 0.015 0.015 0.015 0.015 0.015 0.015 0.015 0.015 0.015 0.015 0.015 0.015 0.015 0.015 0.015 0.015 0.015 0.015 0.015 0.015 0.015 0.015 0.015 0.015 0.015 0.015 0.015 0.015 0.015 0.015 0.015 0.015 0.015 0.015 0.015 0.015 0.015 0.015 0.015 0.015 0.015 0.015 0.015 0.015 0.015 0.015 0.015 0.015 0.015 0.015 0.015 0.015 0.015 0.015 0.015 0.015 0.015 0.015 0.015 0.015 0.0135776 0.015 0.015 0.015 0.015 0.015 0.015 0.015 0.015 0.015 0.0135801 0.015 0.015 0.015 0.015 0.015 0.015 0.015 0.015 0.015 0.0136461 0.015 0.015 0.015 0.015 0.015 0.015 0.015 0.015 0.015 0.013578 0.015 0.015 0.015 0.015 0.015 0.015 0.015 0.015 0.015 0.0136438 0.015 0.015 0.015 0.015 0.015 0.015 0.015 0.015 0.015 0.0136302 0.015 0.015 0.015 0.015 0.015 0.015 0.015 0.015 0.015 0.0136071 0.015 0.015 0.015 0.015 0.015 0.015 0.015 0.015 0.015 0.0135991 0.015 0.015 0.015 0.015 0.015 0.015 0.015 0.015 0.015 0.013568 0.015 0.015 0.015 0.015 0.015 0.015 0.015 0.015 0.015 0.0136288 0.015 0.015 0.015 0.015 0.015 0.015 0.015 0.015 0.015 0.0136285 0.015 0.015 0.015 0.015 0.015 0.015 0.015 0.015 0.015 0.0136358 0.015 0.015 0.015 0.015 0.015 0.015 0.015 0.015 0.015 0.0136362 0.015 0.015 0.015 0.015 0.015 0.015 0.015 0.015 0.015 0.0136339 0.015 0.015 0.015 0.015 0.015 0.015 0.015 0.015 0.015 0.0135852 0.015 0.015 0.015 0.015 0.015 0.015 0.015 0.015 0.015 0.0135663 0.015 0.015 0.015 0.015 0.015 0.015 0.015 0.015 0.015 0.013587 0.015 0.015 0.015 0.015 0.015 0.015 0.015 0.015 0.015 0.0136351 0.015 0.015 0.015 0.015 0.015 0.015 0.015 0.015 0.015 0.0136122 0.015 0.015 0.015 0.015 0.015 0.015 0.015 0.015 0.015 0.0135801 0.015 0.015 0.015 0.0136098 0.015 0.015 0.0136424 0.015 0.015 0.015 0.015 0.015 0.015 0.013652 0.015 0.015 0.0136019 0.015 0.015 0.015 0.015 0.015 0.015 0.0136176 0.015 0.015 0.0135673 0.015 0.015 0.015 0.015 0.015 0.015 0.0135688 0.015 0.015 0.0135846 0.015 0.015 0.015 0.015 0.015 0.015 0.0135686 0.015 0.015 0.0136384 0.015 0.015 0.015 0.015 0.015 0.015 0.0136074 0.015 0.015 0.0136524 0.015 0.015 0.015 0.015 0.015 0.015 0.0136543 0.015 0.015 0.0136265 0.015 0.015 0.015 0.015 0.015 0.015 0.0136477 0.015 0.015 0.0135707 0.015 0.015 0.015 0.015 0.015 0.015 0.0136129 0.015 0.015 0.013612 0.015 0.015 0.015 0.015 0.015 0.015 0.0136362 0.015 0.015 0.0136096 0.015 0.015 0.015 0.015 0.015 0.015 0.015 0.015 0.015 0.015 0.015 0.015 0.015 0.015 0.015 0.015 0.015 0.015 0.015 0.015 0.015 0.015 0.015 0.015 0.015 0.015 0.015 0.015 0.015 0.015 0.015 0.015 0.015 0.015 0.015 0.015 0.015 0.015 0.015 0.015 0.015 0.015 0.015 0.015 0.015 0.015 0.015 0.015 0.015 0.015 0.015 0.015 0.015 0.015 0.015 0.015 0.015 0.015 0.015 0.015 0.015 0.015 0.015 0.015 0.015 0.015 0.015 0.015 0.015 0.015 0.015 0.015 0.015 0.015 0.015 0.015 0.015 0.015 0.015 0.015 0.015 0.015 0.015 0.015 0.015 0.015 0.015 0.015 0.015 0.015 0.015 0.015 0.015 0.015 0.015 0.015 0.015 0.015 0.015 0.015 0.015 0.015 0.015 0.015 0.015 0.015 0.015 0.015 0.015 0.015 0.015 0.015 0.0135905 0.015 0.015 0.015 0.015 0.015 0.015 0.015 0.015 0.015 0.0136219 0.015 0.015 0.015 0.015 0.015 0.015 0.015 0.015 0.015 0.0135696 0.015 0.015 0.015 0.015 0.015 0.015 0.015 0.015 0.015 0.0136119 0.015 0.015 0.015 0.015 0.015 0.015 0.015 0.015 0.015 0.0136448 0.015 0.015 0.015 0.015 0.015 0.015 0.015 0.015 0.015 0.0136536 0.015 0.015 0.015 0.015 0.015 0.015 0.015 0.015 0.015 0.0136475 0.015 0.015 0.015 0.015 0.015 0.015 0.015 0.015 0.015 0.0136251 0.015 0.015 0.015 0.015 0.015 0.015 0.015 0.015 0.015 0.0135963 0.015 0.015 0.015 0.015 0.015 0.015 0.015 0.015 0.015 0.0135654 0.015 0.015 0.015 0.0135683 0.015 0.015 0.0136093 0.015 0.015 0.015 0.015 0.015 0.015 0.0135937 0.015 0.015 0.0136078 0.015 0.015 0.015 0.015 0.015 0.015 0.0135824 0.015 0.015 0.0136364 0.015 0.015 0.015 0.015 0.015 0.015 0.0136009 0.015 0.015 0.0135859 0.015 0.015 0.015 0.015 0.015 0.015 0.0135921 0.015 0.015 0.0136221 0.015 0.015 0.015 0.015 0.015 0.015 0.0135737 0.015 0.015 0.0136422 0.015 0.015 0.015 0.015 0.015 0.015 0.0135786 0.015 0.015 0.0135672 0.015 0.015 0.015 0.015 0.015 0.015 0.0136523 0.015 0.015 0.0135807 0.015 0.015 0.015 0.015 0.015 0.015 0.013636 0.015 0.015 0.0135789 0.015 0.015 0.015 0.015 0.015 0.015 0.0136473 0.015 0.015 0.0136355 0.015 0.015 0.015 0.015 0.015 0.015 0.015 0.015 0.015 0.015 0.015 0.015 0.015 0.015 0.015 0.015 0.015 0.015 0.015 0.015 0.015 0.015 0.015 0.015 0.015 0.015 0.015 0.015 0.015 0.015 0.015 0.015 0.015 0.015 0.015 0.015 0.015 0.015 0.015 0.015 0.015 0.015 0.015 0.015 0.015 0.015 0.015 0.015 0.015 0.015 0.015 0.015 0.015 0.015 0.015 0.015 0.015 0.015 0.015 0.015 0.015 0.015 0.015 0.015 0.015 0.015 0.015 0.015 0.015 0.015 0.015 0.015 0.015 0.015 0.015 0.015 0.015 0.015 0.015 0.015 0.015 0.015 0.015 0.015 0.015 0.015 0.015 0.015 0.015 0.015 0.015 0.015 0.015 0.015 0.015 0.015 0.015 0.015 0.015 0.015 0.015 0.015 0.015 0.015 0.015 0.015 0.015 0.015 0.015 0.015 0.015 0.015 0.0136053 0.015 0.015 0.015 0.015 0.015 0.015 0.015 0.015 0.015 0.0135666 0.015 0.015 0.015 0.015 0.015 0.015 0.015 0.015 0.015 0.0135823 0.015 0.015 0.015 0.015 0.015 0.015 0.015 0.015 0.015 0.0135971 0.015 0.015 0.015 0.015 0.015 0.015 0.015 0.015 0.015 0.013593 0.015 0.015 0.015 0.015 0.015 0.015 0.015 0.015 0.015 0.0136306 0.015 0.015 0.015 0.015 0.015 0.015 0.015 0.015 0.015 0.013597 0.015 0.015 0.015 0.015 0.015 0.015 0.015 0.015 0.015 0.0136032 0.015 0.015 0.015 0.015 0.015 0.015 0.015 0.015 0.015 0.013619 0.015 0.015 0.015 0.015 0.015 0.015 0.015 0.015 0.015 0.013609 0.015 0.015 0.015 0.0136496 0.015 0.015 0.013614 0.015 0.015 0.015 0.015 0.015 0.015 0.0135777 0.015 0.015 0.0135729 0.015 0.015 0.015 0.015 0.015 0.015 0.0136468 0.015 0.015 0.0135802 0.015 0.015 0.015 0.015 0.015 0.015 0.0135833 0.015 0.015 0.0136108 0.015 0.015 0.015 0.015 0.015 0.015 0.0135699 0.015 0.015 0.0136236 0.015 0.015 0.015 0.015 0.015 0.015 0.0136326 0.015 0.015 0.013645 0.015 0.015 0.015 0.015 0.015 0.015 0.0135779 0.015 0.015 0.0136411 0.015 0.015 0.015 0.015 0.015 0.015 0.0135855 0.015 0.015 0.0136362 0.015 0.015 0.015 0.015 0.015 0.015 0.0136348 0.015 0.015 0.0136131 0.015 0.015 0.015 0.015 0.015 0.015 0.0136004 0.015 0.015 0.0135761 0.015 0.015 0.015 0.015 0.015 0.015 0.015 0.015 0.015 0.015 0.015 0.015 0.015 0.015 0.015 0.015 0.015 0.015 0.015 0.015 0.015 0.015 0.015 0.015 0.015 0.015 0.015 0.015 0.015 0.015 0.015 0.015 0.015 0.015 0.015 0.015 0.015 0.015 0.015 0.015 0.015 0.015 0.015 0.015 0.015 0.015 0.015 0.015 0.015 0.015 0.015 0.015 0.015 0.015 0.015 0.015 0.015 0.015 0.015 0.015 0.015 0.015 0.015 0.015 0.015 0.015 0.015 0.015 0.015 0.015 0.015 0.015 0.015 0.015 0.015 0.015 0.015 0.015 0.015 0.015 0.015 0.015 0.015 0.015 0.015 0.015 0.015 0.015 0.015 0.015 0.015 0.015 0.015 0.015 0.015 0.015 0.015 0.015 0.015 0.015 0.015 0.015 0.015 0.015 0.015 0.015 0.015 0.015 0.015 0.015 0.015 0.015 0.0136513 0.015 0.015 0.015 0.015 0.015 0.015 0.015 0.015 0.015 0.0136345 0.015 0.015 0.015 0.015 0.015 0.015 0.015 0.015 0.015 0.0136092 0.015 0.015 0.015 0.015 0.015 0.015 0.015 0.015 0.015 0.0135852 0.015 0.015 0.015 0.015 0.015 0.015 0.015 0.015 0.015 0.0136328 0.015 0.015 0.015 0.015 0.015 0.015 0.015 0.015 0.015 0.0136158 0.015 0.015 0.015 0.015 0.015 0.015 0.015 0.015 0.015 0.0136315 0.015 0.015 0.015 0.015 0.015 0.015 0.015 0.015 0.015 0.0136545 0.015 0.015 0.015 0.015 0.015 0.015 0.015 0.015 0.015 0.0136256 0.015 0.015 0.015 0.015 0.015 0.015 0.015 0.015 0.015 0.0135744 0.015 0.015 0.015 0.015 0.015 0.015 0.015 0.015 0.015 0.0136342 0.015 0.015 0.015 0.015 0.015 0.015 0.015 0.015 0.015 0.0135942 0.015 0.015 0.015 0.015 0.015 0.015 0.015 0.015 0.015 0.0136418 0.015 0.015 0.015 0.015 0.015 0.015 0.015 0.015 0.015 0.0136067 0.015 0.015 0.015 0.015 0.015 0.015 0.015 0.015 0.015 0.0136512 0.015 0.015 0.015 0.015 0.015 0.015 0.015 0.015 0.015 0.0135982 0.015 0.015 0.015 0.015 0.015 0.015 0.015 0.015 0.015 0.0136493 0.015 0.015 0.015 0.015 0.015 0.015 0.015 0.015 0.015 0.0135692 0.015 0.015 0.015 0.015 0.015 0.015 0.015 0.015 0.015 0.013649 0.015 0.015 0.015 0.015 0.015 0.015 0.015 0.015 0.015 0.0136272 0.015 0.015 0.015 0.0136301 0.015 0.015 0.0136062 0.015 0.015 0.015 0.015 0.015 0.015 0.013649 0.015 0.015 0.0136019 0.015 0.015 0.015 0.015 0.015 0.015 0.0136327 0.015 0.015 0.0135833 0.015 0.015 0.015 0.015 0.015 0.015 0.0136064 0.015 0.015 0.013611 0.015 0.015 0.015 0.015 0.015 0.015 0.0136379 0.015 0.015 0.0135722 0.015 0.015 0.015 0.015 0.015 0.015 0.0136422 0.015 0.015 0.0136189 0.015 0.015 0.015 0.015 0.015 0.015 0.0135815 0.015 0.015 0.0135765 0.015 0.015 0.015 0.015 0.015 0.015 0.0136034 0.015 0.015 0.0136061 0.015 0.015 0.015 0.015 0.015 0.015 0.0136115 0.015 0.015 0.0136232 0.015 0.015 0.015 0.015 0.015 0.015 0.0135863 0.015 0.015 0.0136455 0.015 0.015 0.015 0.015 0.015 0.015 0.015 0.015 0.015 0.015 0.015 0.015 0.015 0.015 0.015 0.015 0.015 0.015 0.015 0.015 0.015 0.015 0.015 0.015 0.015 0.015 0.015 0.015 0.015 0.015 0.015 0.015 0.015 0.015 0.015 0.015 0.015 0.015 0.015 0.015 0.015 0.015 0.015 0.015 0.015 0.015 0.015 0.015 0.015 0.015 0.015 0.015 0.015 0.015 0.015 0.015 0.015 0.015 0.015 0.015 0.015 0.015 0.015 0.015 0.015 0.015 0.015 0.015 0.015 0.015 0.015 0.015 0.015 0.015 0.015 0.015 0.015 0.015 0.015 0.015 0.015 0.015 0.015 0.015 0.015 0.015 0.015 0.015 0.015 0.015 0.015 0.015 0.015 0.015 0.015 0.015 0.015 0.015 0.015 0.015 0.015 0.015 0.015 0.015 0.015 0.015 0.015 0.015 0.015 0.015 0.015 0.015 0.0136445 0.015 0.015 0.015 0.015 0.015 0.015 0.015 0.015 0.015 0.0136199 0.015 0.015 0.015 0.015 0.015 0.015 0.015 0.015 0.015 0.0136045 0.015 0.015 0.015 0.015 0.015 0.015 0.015 0.015 0.015 0.013632 0.015 0.015 0.015 0.015 0.015 0.015 0.015 0.015 0.015 0.0136169 0.015 0.015 0.015 0.015 0.015 0.015 0.015 0.015 0.015 0.013609 0.015 0.015 0.015 0.015 0.015 0.015 0.015 0.015 0.015 0.0136216 0.015 0.015 0.015 0.015 0.015 0.015 0.015 0.015 0.015 0.0135987 0.015 0.015 0.015 0.015 0.015 0.015 0.015 0.015 0.015 0.0136463 0.015 0.015 0.015 0.015 0.015 0.015 0.015 0.015 0.015 0.0136256 0.015 0.015 0.015 0.0136175 0.015 0.015 0.0136355 0.015 0.015 0.015 0.015 0.015 0.015 0.0135712 0.015 0.015 0.0136376 0.015 0.015 0.015 0.015 0.015 0.015 0.0136166 0.015 0.015 0.0135856 0.015 0.015 0.015 0.015 0.015 0.015 0.0135863 0.015 0.015 0.0136418 0.015 0.015 0.015 0.015 0.015 0.015 0.013643 0.015 0.015 0.0135833 0.015 0.015 0.015 0.015 0.015 0.015 0.0136492 0.015 0.015 0.0135993 0.015 0.015 0.015 0.015 0.015 0.015 0.0136493 0.015 0.015 0.0136323 0.015 0.015 0.015 0.015 0.015 0.015 0.0136292 0.015 0.015 0.0136372 0.015 0.015 0.015 0.015 0.015 0.015 0.0135745 0.015 0.015 0.0136117 0.015 0.015 0.015 0.015 0.015 0.015 0.0136033 0.015 0.015 0.0135882 0.015 0.015 0.015 0.015 0.015 0.015 0.015 0.015 0.015 0.015 0.015 0.015 0.015 0.015 0.015 0.015 0.015 0.015 0.015 0.015 0.015 0.015 0.015 0.015 0.015 0.015 0.015 0.015 0.015 0.015 0.015 0.015 0.015 0.015 0.015 0.015 0.015 0.015 0.015 0.015 0.015 0.015 0.015 0.015 0.015 0.015 0.015 0.015 0.015 0.015 0.015 0.015 0.015 0.015 0.015 0.015 0.015 0.015 0.015 0.015 0.015 0.015 0.015 0.015 0.015 0.015 0.015 0.015 0.015 0.015 0.015 0.015 0.015 0.015 0.015 0.015 0.015 0.015 0.015 0.015 0.015 0.015 0.015 0.015 0.015 0.015 0.015 0.015 0.015 0.015 0.015 0.015 0.015 0.015 0.015 0.015 0.015 0.015 0.015 0.015 0.015 0.015 0.015 0.015 0.015 0.015 0.015 0.015 0.015 0.015 0.015 0.015 0.0136293 0.015 0.015 0.015 0.015 0.015 0.015 0.015 0.015 0.015 0.0136515 0.015 0.015 0.015 0.015 0.015 0.015 0.015 0.015 0.015 0.0136258 0.015 0.015 0.015 0.015 0.015 0.015 0.015 0.015 0.015 0.0135963 0.015 0.015 0.015 0.015 0.015 0.015 0.015 0.015 0.015 0.0135969 0.015 0.015 0.015 0.015 0.015 0.015 0.015 0.015 0.015 0.0136248 0.015 0.015 0.015 0.015 0.015 0.015 0.015 0.015 0.015 0.013648 0.015 0.015 0.015 0.015 0.015 0.015 0.015 0.015 0.015 0.0136501 0.015 0.015 0.015 0.015 0.015 0.015 0.015 0.015 0.015 0.0135988 0.015 0.015 0.015 0.015 0.015 0.015 0.015 0.015 0.015 0.0135737 0.015 0.015 0.015 0.0135931 0.015 0.015 0.0136355 0.015 0.015 0.015 0.015 0.015 0.015 0.0135913 0.015 0.015 0.0136458 0.015 0.015 0.015 0.015 0.015 0.015 0.0135789 0.015 0.015 0.0136346 0.015 0.015 0.015 0.015 0.015 0.015 0.013566 0.015 0.015 0.0136298 0.015 0.015 0.015 0.015 0.015 0.015 0.0136034 0.015 0.015 0.0135817 0.015 0.015 0.015 0.015 0.015 0.015 0.0136166 0.015 0.015 0.0135755 0.015 0.015 0.015 0.015 0.015 0.015 0.0136005 0.015 0.015 0.013592 0.015 0.015 0.015 0.015 0.015 0.015 0.0136171 0.015 0.015 0.013643 0.015 0.015 0.015 0.015 0.015 0.015 0.0136038 0.015 0.015 0.0135838 0.015 0.015 0.015 0.015 0.015 0.015 0.0136126 0.015 0.015 0.0135964 0.015 0.015 0.015 0.015 0.015 0.015 0.015 0.015 0.015 0.015 0.015 0.015 0.015 0.015 0.015 0.015 0.015 0.015 0.015 0.015 0.015 0.015 0.015 0.015 0.015 0.015 0.015 0.015 0.015 0.015 0.015 0.015 0.015 0.015 0.015 0.015 0.015 0.015 0.015 0.015 0.015 0.015 0.015 0.015 0.015 0.015 0.015 0.015 0.015 0.015 0.015 0.015 0.015 0.015 0.015 0.015 0.015 0.015 0.015 0.015 0.015 0.015 0.015 0.015 0.015 0.015 0.015 0.015 0.015 0.015 0.015 0.015 0.015 0.015 0.015 0.015 0.015 0.015 0.015 0.015 0.015 0.015 0.015 0.015 0.015 0.015 0.015 0.015 0.015 0.015 0.015 0.015 0.015 0.015 0.015 0.015 0.015 0.015 0.015 0.015 0.015 0.015 0.015 0.015 0.015 0.015 0.015 0.015 0.015 0.015 0.015 0.015 0.0136435 0.015 0.015 0.015 0.015 0.015 0.015 0.015 0.015 0.015 0.0136139 0.015 0.015 0.015 0.015 0.015 0.015 0.015 0.015 0.015 0.0136501 0.015 0.015 0.015 0.015 0.015 0.015 0.015 0.015 0.015 0.0136399 0.015 0.015 0.015 0.015 0.015 0.015 0.015 0.015 0.015 0.0135692 0.015 0.015 0.015 0.015 0.015 0.015 0.015 0.015 0.015 0.0135925 0.015 0.015 0.015 0.015 0.015 0.015 0.015 0.015 0.015 0.0135926 0.015 0.015 0.015 0.015 0.015 0.015 0.015 0.015 0.015 0.0135786 0.015 0.015 0.015 0.015 0.015 0.015 0.015 0.015 0.015 0.0135944 0.015 0.015 0.015 0.015 0.015 0.015 0.015 0.015 0.015 0.0136373 0.015 0.015 
</Matrix>
   <Matrix name="Tsim" type="complete" rows="1" columns="1" multiplier="1.0">
   10
</Matrix>
   <Matrix name="simulationEndTime" type="complete" rows="1" columns="1" multiplier="1.0">
   20
</Matrix>
</SimState>
