<?xml version="1.0" standalone="no"?>
<!-- State output file for the DCT growth modeling-->
<SimState>
   <Matrix name="radiiHistory" type="complete" rows="21" columns="900" multiplier="1.0">
   0.4 0.4 0.4 0.4 0.4 0.4 0.4 0.4 0.4 0.4 0.4 0.4 0.4 0.4 0.4 0.4 0.4 0.4 0.4 0.4 0.4 0.4 0.4 0.4 0.4 0.4 0.4 0.4 0.4 0.4 0.4 0.4 0.4 0.4 0.4 0.4 0.4 0.4 0.4 0.4 0.4 0.4 0.4 0.4 0.4 0.4 0.4 0.4 0.4 0.4 0.4 0.4 0.4 0.4 0.4 0.4 0.4 0.4 0.4 0.4 0.4 0.4 0.4 0.4 0.4 0.4 0.4 0.4 0.4 0.4 0.4 0.4 0.4 0.4 0.4 0.4 0.4 0.4 0.4 0.4 0.4 0.4 0.4 0.4 0.4 0.4 0.4 0.4 0.4 0.4 0.4 0.4 0.4 0.4 0.4 0.4 0.4 0.4 0.4 0.4 0.4 0.4 0.4 0.4 0.4 0.4 0.4 0.4 0.4 0.4 0.4 0.4 0.4 0.4 0.4 0.4 0.4 0.4 0.4 0.4 0.4 0.4 0.4 0.4 0.4 0.4 0.4 0.4 0.4 0.4 0.4 0.4 0.4 0.4 0.4 0.4 0.4 0.4 0.4 0.4 0.4 0.4 0.4 0.4 0.4 0.4 0.4 0.4 0.4 0.4 0.4 0.4 0.4 0.4 0.4 0.4 0.4 0.4 0.4 0.4 0.4 0.4 0.4 0.4 0.4 0.4 0.4 0.4 0.4 0.4 0.4 0.4 0.4 0.4 0.4 0.4 0.4 0.4 0.4 0.4 0.4 0.4 0.4 0.4 0.4 0.4 0.4 0.4 0.4 0.4 0.4 0.4 0.4 0.4 0.4 0.4 0.4 0.4 0.4 0.4 0.4 0.4 0.4 0.4 0.4 0.4 0.4 0.4 0.4 0.4 0.4 0.4 0.4 0.4 0.4 0.4 0.4 0.4 0.4 0.4 0.4 0.4 0.4 0.4 0.4 0.4 0.4 0.4 0.4 0.4 0.4 0.4 0.4 0.4 0.4 0.4 0.4 0.4 0.4 0.4 0.4 0.4 0.4 0.4 0.4 0.4 0.4 0.4 0.4 0.4 0.4 0.4 0.4 0.4 0.4 0.4 0.4 0.4 0.4 0.4 0.4 0.4 0.4 0.4 0.4 0.4 0.4 0.4 0.4 0.4 0.4 0.4 0.4 0.4 0.4 0.4 0.4 0.4 0.4 0.4 0.4 0.4 0.4 0.4 0.4 0.4 0.4 0.4 0.4 0.4 0.4 0.4 0.4 0.4 0.4 0.4 0.4 0.4 0.4 0.4 0.4 0.4 0.4 0.4 0.4 0.4 0.4 0.4 0.4 0.4 0.4 0.4 0.4 0.4 0.4 0.4 0.4 0.4 0.4 0.4 0.4 0.4 0.4 0.4 0.4 0.4 0.4 0.4 0.4 0.4 0.4 0.4 0.4 0.4 0.4 0.4 0.4 0.4 0.4 0.4 0.4 0.4 0.4 0.4 0.4 0.4 0.4 0.4 0.4 0.4 0.4 0.4 0.4 0.4 0.4 0.4 0.4 0.4 0.4 0.4 0.4 0.4 0.4 0.4 0.4 0.4 0.4 0.4 0.4 0.4 0.4 0.4 0.4 0.4 0.4 0.4 0.4 0.4 0.4 0.4 0.4 0.4 0.4 0.4 0.4 0.4 0.4 0.4 0.4 0.4 0.4 0.4 0.4 0.4 0.4 0.4 0.4 0.4 0.4 0.4 0.4 0.4 0.4 0.4 0.4 0.4 0.4 0.4 0.4 0.4 0.4 0.4 0.4 0.4 0.4 0.4 0.4 0.4 0.4 0.4 0.4 0.4 0.4 0.4 0.4 0.4 0.4 0.4 0.4 0.4 0.4 0.4 0.4 0.4 0.4 0.4 0.4 0.4 0.4 0.4 0.4 0.4 0.4 0.4 0.4 0.4 0.4 0.4 0.4 0.4 0.4 0.4 0.4 0.4 0.4 0.4 0.4 0.4 0.4 0.4 0.4 0.4 0.4 0.4 0.4 0.4 0.4 0.4 0.4 0.4 0.4 0.4 0.4 0.4 0.4 0.4 0.4 0.4 0.4 0.4 0.4 0.4 0.4 0.4 0.4 0.4 0.4 0.4 0.4 0.4 0.4 0.4 0.4 0.4 0.4 0.4 0.4 0.4 0.4 0.4 0.4 0.4 0.4 0.4 0.4 0.4 0.4 0.4 0.4 0.4 0.4 0.4 0.4 0.4 0.4 0.4 0.4 0.4 0.4 0.4 0.4 0.4 0.4 0.4 0.4 0.4 0.4 0.4 0.4 0.4 0.4 0.4 0.4 0.4 0.4 0.4 0.4 0.4 0.4 0.4 0.4 0.4 0.4 0.4 0.4 0.4 0.4 0.4 0.4 0.4 0.4 0.4 0.4 0.4 0.4 0.4 0.4 0.4 0.4 0.4 0.4 0.4 0.4 0.4 0.4 0.4 0.4 0.4 0.4 0.4 0.4 0.4 0.4 0.4 0.4 0.4 0.4 0.4 0.4 0.4 0.4 0.4 0.4 0.4 0.4 0.4 0.4 0.4 0.4 0.4 0.4 0.4 0.4 0.4 0.4 0.4 0.4 0.4 0.4 0.4 0.4 0.4 0.4 0.4 0.4 0.4 0.4 0.4 0.4 0.4 0.4 0.4 0.4 0.4 0.4 0.4 0.4 0.4 0.4 0.4 0.4 0.4 0.4 0.4 0.4 0.4 0.4 0.4 0.4 0.4 0.4 0.4 0.4 0.4 0.4 0.4 0.4 0.4 0.4 0.4 0.4 0.4 0.4 0.4 0.4 0.4 0.4 0.4 0.4 0.4 0.4 0.4 0.4 0.4 0.4 0.4 0.4 0.4 0.4 0.4 0.4 0.4 0.4 0.4 0.4 0.4 0.4 0.4 0.4 0.4 0.4 0.4 0.4 0.4 0.4 0.4 0.4 0.4 0.4 0.4 0.4 0.4 0.4 0.4 0.4 0.4 0.4 0.4 0.4 0.4 0.4 0.4 0.4 0.4 0.4 0.4 0.4 0.4 0.4 0.4 0.4 0.4 0.4 0.4 0.4 0.4 0.4 0.4 0.4 0.4 0.4 0.4 0.4 0.4 0.4 0.4 0.4 0.4 0.4 0.4 0.4 0.4 0.4 0.4 0.4 0.4 0.4 0.4 0.4 0.4 0.4 0.4 0.4 0.4 0.4 0.4 0.4 0.4 0.4 0.4 0.4 0.4 0.4 0.4 0.4 0.4 0.4 0.4 0.4 0.4 0.4 0.4 0.4 0.4 0.4 0.4 0.4 0.4 0.4 0.4 0.4 0.4 0.4 0.4 0.4 0.4 0.4 0.4 0.4 0.4 0.4 0.4 0.4 0.4 0.4 0.4 0.4 0.4 0.4 0.4 0.4 0.4 0.4 0.4 0.4 0.4 0.4 0.4 0.4 0.4 0.4 0.4 0.4 0.4 0.4 0.4 0.4 0.4 0.4 0.4 0.4 0.4 0.4 0.4 0.4 0.4 0.4 0.4 0.4 0.4 0.4 0.4 0.4 0.4 0.4 0.4 0.4 0.4 0.4 0.4 0.4 0.4 0.4 0.4 0.4 0.4 0.4 0.4 0.4 0.4 0.4 0.4 0.4 0.4 0.4 0.4 0.4 0.4 0.4 0.4 0.4 0.4 0.4 0.4 0.4 0.4 0.4 0.4 0.4 0.4 0.4 0.4 0.4 0.4 0.4 0.4 0.4 0.4 0.4 0.4 0.4 0.4 0.4 0.4 0.4 0.4 0.4 0.4 0.4 0.4 0.4 0.4 0.4 0.4 0.4 0.4 0.4 0.4 0.4 0.4 0.4 0.4 0.4 0.4 0.4 0.4 0.4 0.4 0.4 0.4 0.4 0.4 0.4 0.4 0.4 0.4 0.4 0.4 0.4 0.4 
0.409951 0.409951 0.409951 0.409951 0.409951 0.409951 0.409951 0.40953 0.409951 0.409951 0.409951 0.409951 0.409951 0.409951 0.409951 0.409951 0.409951 0.39 0.409951 0.409951 0.409951 0.409951 0.409951 0.409951 0.409951 0.409951 0.409951 0.390841 0.409951 0.409951 0.409951 0.401101 0.409951 0.409951 0.409932 0.409951 0.409951 0.409951 0.409951 0.409951 0.409951 0.40993 0.409951 0.409951 0.390003 0.409951 0.409951 0.409951 0.409951 0.409951 0.409951 0.40986 0.409951 0.409951 0.392276 0.409951 0.409951 0.409951 0.409951 0.409951 0.409951 0.409951 0.409951 0.409951 0.409951 0.409951 0.409951 0.409951 0.409951 0.409951 0.409951 0.409951 0.409951 0.409951 0.409951 0.409951 0.409951 0.409951 0.409951 0.409951 0.409951 0.409951 0.409951 0.409951 0.409951 0.409951 0.409951 0.409951 0.409951 0.409951 0.409951 0.409951 0.409951 0.409951 0.409951 0.409951 0.409951 0.394195 0.409951 0.409951 0.409951 0.409951 0.409951 0.409951 0.409951 0.409951 0.409951 0.409891 0.409951 0.409951 0.409951 0.409951 0.409951 0.409951 0.409951 0.409951 0.409951 0.408024 0.409951 0.409951 0.409951 0.405805 0.409951 0.409951 0.39 0.409951 0.409951 0.409951 0.409951 0.409951 0.409951 0.390002 0.409951 0.409951 0.390001 0.409951 0.409951 0.409951 0.409951 0.409951 0.409951 0.396943 0.409951 0.409951 0.409597 0.409951 0.409951 0.409951 0.409951 0.409951 0.409951 0.409951 0.409951 0.409951 0.409951 0.409951 0.409951 0.409951 0.409951 0.409951 0.409951 0.409951 0.409951 0.409951 0.409951 0.409951 0.409951 0.409951 0.409951 0.409951 0.409951 0.409951 0.409951 0.409951 0.409951 0.409951 0.409951 0.409951 0.409951 0.409951 0.409951 0.409951 0.409951 0.409951 0.409951 0.409951 0.409951 0.409821 0.409951 0.409951 0.409951 0.409951 0.409951 0.409951 0.409951 0.409951 0.409951 0.395338 0.409951 0.409951 0.409951 0.409951 0.409951 0.409951 0.409951 0.409951 0.409951 0.39092 0.409951 0.409951 0.409951 0.39 0.409951 0.409951 0.39003 0.409951 0.409951 0.409951 0.409951 0.409951 0.409951 0.407457 0.409951 0.409951 0.390035 0.409951 0.409951 0.409951 0.409951 0.409951 0.409951 0.408831 0.409951 0.409951 0.39001 0.409951 0.409951 0.409951 0.409951 0.409951 0.409951 0.409951 0.409951 0.409951 0.409951 0.409951 0.409951 0.409951 0.409951 0.409951 0.409951 0.409951 0.409951 0.409951 0.409951 0.409951 0.409951 0.409951 0.409951 0.409951 0.409951 0.409951 0.409951 0.409951 0.409951 0.409951 0.409951 0.409951 0.409951 0.409951 0.409951 0.409951 0.409951 0.409951 0.409951 0.409951 0.409951 0.40348 0.409951 0.409951 0.409951 0.409951 0.409951 0.409951 0.409951 0.409951 0.409951 0.408644 0.409951 0.409951 0.409951 0.409951 0.409951 0.409951 0.409951 0.409951 0.409951 0.409341 0.409951 0.409951 0.409951 0.409951 0.409951 0.409951 0.409951 0.409951 0.409951 0.390005 0.409951 0.409951 0.409951 0.409951 0.409951 0.409951 0.409951 0.409951 0.409951 0.409739 0.409951 0.409951 0.409951 0.409951 0.409951 0.409951 0.409951 0.409951 0.409951 0.390135 0.409951 0.409951 0.409951 0.409907 0.409951 0.409951 0.409784 0.409951 0.409951 0.409951 0.409951 0.409951 0.409951 0.390004 0.409951 0.409951 0.409926 0.409951 0.409951 0.409951 0.409951 0.409951 0.409951 0.393696 0.409951 0.409951 0.39023 0.409951 0.409951 0.409951 0.409951 0.409951 0.409951 0.409951 0.409951 0.409951 0.409951 0.409951 0.409951 0.409951 0.409951 0.409951 0.409951 0.409951 0.409951 0.409951 0.409951 0.409951 0.409951 0.409951 0.409951 0.409951 0.409951 0.409951 0.409951 0.409951 0.409951 0.409951 0.409951 0.409951 0.409951 0.409951 0.409951 0.409951 0.409951 0.409951 0.409951 0.409951 0.409951 0.409898 0.409951 0.409951 0.409951 0.409951 0.409951 0.409951 0.409951 0.409951 0.409951 0.390079 0.409951 0.409951 0.409951 0.409951 0.409951 0.409951 0.409951 0.409951 0.409951 0.409842 0.409951 0.409951 0.409951 0.390119 0.409951 0.409951 0.40938 0.409951 0.409951 0.409951 0.409951 0.409951 0.409951 0.407849 0.409951 0.409951 0.390001 0.409951 0.409951 0.409951 0.409951 0.409951 0.409951 0.39 0.409951 0.409951 0.392687 0.409951 0.409951 0.409951 0.409951 0.409951 0.409951 0.409951 0.409951 0.409951 0.409951 0.409951 0.409951 0.409951 0.409951 0.409951 0.409951 0.409951 0.409951 0.409951 0.409951 0.409951 0.409951 0.409951 0.409951 0.409951 0.409951 0.409951 0.409951 0.409951 0.409951 0.409951 0.409951 0.409951 0.409951 0.409951 0.409951 0.409951 0.409951 0.409951 0.409951 0.409951 0.409951 0.409232 0.409951 0.409951 0.409951 0.409951 0.409951 0.409951 0.409951 0.409951 0.409951 0.39 0.409951 0.409951 0.409951 0.409951 0.409951 0.409951 0.409951 0.409951 0.409951 0.396382 0.409951 0.409951 0.409951 0.409832 0.409951 0.409951 0.403057 0.409951 0.409951 0.409951 0.409951 0.409951 0.409951 0.408337 0.409951 0.409951 0.407006 0.409951 0.409951 0.409951 0.409951 0.409951 0.409951 0.392614 0.409951 0.409951 0.392543 0.409951 0.409951 0.409951 0.409951 0.409951 0.409951 0.409951 0.409951 0.409951 0.409951 0.409951 0.409951 0.409951 0.409951 0.409951 0.409951 0.409951 0.409951 0.409951 0.409951 0.409951 0.409951 0.409951 0.409951 0.409951 0.409951 0.409951 0.409951 0.409951 0.409951 0.409951 0.409951 0.409951 0.409951 0.409951 0.409951 0.409951 0.409951 0.409951 0.409951 0.409951 0.409951 0.409633 0.409951 0.409951 0.409951 0.409951 0.409951 0.409951 0.409951 0.409951 0.409951 0.409918 0.409951 0.409951 0.409951 0.409951 0.409951 0.409951 0.409951 0.409951 0.409951 0.409847 0.409951 0.409951 0.409951 0.409951 0.409951 0.409951 0.409951 0.409951 0.409951 0.395094 0.409951 0.409951 0.409951 0.409951 0.409951 0.409951 0.409951 0.409951 0.409951 0.390002 0.409951 0.409951 0.409951 0.409951 0.409951 0.409951 0.409951 0.409951 0.409951 0.390001 0.409951 0.409951 0.409951 0.409361 0.409951 0.409951 0.409451 0.409951 0.409951 0.409951 0.409951 0.409951 0.409951 0.409341 0.409951 0.409951 0.40932 0.409951 0.409951 0.409951 0.409951 0.409951 0.409951 0.409361 0.409951 0.409951 0.409869 0.409951 0.409951 0.409951 0.409951 0.409951 0.409951 0.409951 0.409951 0.409951 0.409951 0.409951 0.409951 0.409951 0.409951 0.409951 0.409951 0.409951 0.409951 0.409951 0.409951 0.409951 0.409951 0.409951 0.409951 0.409951 0.409951 0.409951 0.409951 0.409951 0.409951 0.409951 0.409951 0.409951 0.409951 0.409951 0.409951 0.409951 0.409951 0.409951 0.409951 0.409951 0.409951 0.397825 0.409951 0.409951 0.409951 0.409951 0.409951 0.409951 0.409951 0.409951 0.409951 0.390238 0.409951 0.409951 0.409951 0.409951 0.409951 0.409951 0.409951 0.409951 0.409951 0.39 0.409951 0.409951 0.409951 0.390245 0.409951 0.409951 0.409815 0.409951 0.409951 0.409951 0.409951 0.409951 0.409951 0.390253 0.409951 0.409951 0.409865 0.409951 0.409951 0.409951 0.409951 0.409951 0.409951 0.40908 0.409951 0.409951 0.391396 0.409951 0.409951 0.409951 0.409951 0.409951 0.409951 0.409951 0.409951 0.409951 0.409951 0.409951 0.409951 0.409951 0.409951 0.409951 0.409951 0.409951 0.409951 0.409951 0.409951 0.409951 0.409951 0.409951 0.409951 0.409951 0.409951 0.409951 0.409951 0.409951 0.409951 0.409951 0.409951 0.409951 0.409951 0.409951 0.409951 0.409951 0.409951 0.409951 0.409951 0.409951 0.409951 0.390013 0.409951 0.409951 0.409951 0.409951 0.409951 0.409951 0.409951 0.409951 0.409951 0.409847 0.409951 0.409951 0.409951 0.409951 0.409951 0.409951 0.409951 0.409951 0.409951 0.403889 0.409951 0.409951 0.409951 0.390012 0.409951 0.409951 0.396111 0.409951 0.409951 0.409951 0.409951 0.409951 0.409951 0.392406 0.409951 0.409951 0.408795 0.409951 0.409951 0.409951 0.409951 0.409951 0.409951 0.409907 0.409951 0.409951 0.4 0.409951 0.409951 0.409951 0.409951 0.409951 0.409951 0.409951 0.409951 0.409951 0.409951 0.409951 0.409951 0.409951 0.409951 0.409951 0.409951 0.409951 0.409951 0.409951 0.409951 0.409951 0.409951 0.409951 0.409951 0.409951 0.409951 0.409951 0.409951 0.409951 0.409951 0.409951 0.409951 0.409951 0.409951 0.409951 0.409951 0.409951 0.409951 0.409951 0.409951 0.409951 0.409951 0.405699 0.409951 0.409951 0.409951 0.409951 0.409951 0.409951 0.409951 0.409951 0.409951 0.409655 0.409951 0.409951 0.409951 0.409951 0.409951 0.409951 0.409951 0.409951 0.409951 0.409826 0.409951 0.409951 
0.419901 0.419901 0.419901 0.419901 0.419901 0.419901 0.419901 0.418428 0.419901 0.419901 0.419901 0.419901 0.419901 0.419901 0.419901 0.419901 0.419901 0.38 0.419901 0.419901 0.419901 0.419901 0.419901 0.419901 0.419901 0.419901 0.419901 0.381976 0.419901 0.419901 0.419901 0.402202 0.419901 0.419901 0.41986 0.419901 0.419901 0.419901 0.419901 0.419901 0.419901 0.419874 0.419901 0.419901 0.380004 0.419901 0.419901 0.419901 0.419901 0.419901 0.419901 0.419712 0.419901 0.419901 0.384616 0.419901 0.419901 0.419901 0.419901 0.419901 0.419901 0.419901 0.419901 0.419901 0.419901 0.419901 0.419901 0.419901 0.419901 0.419901 0.419901 0.419901 0.419901 0.419901 0.419901 0.419901 0.419901 0.419901 0.419901 0.419901 0.419901 0.419901 0.419901 0.419901 0.419901 0.419901 0.419901 0.419901 0.419901 0.419901 0.419901 0.419901 0.419901 0.419901 0.419901 0.419901 0.419901 0.387987 0.419901 0.419901 0.419901 0.419901 0.419901 0.419901 0.419901 0.419901 0.419901 0.419764 0.419901 0.419901 0.419901 0.419901 0.419901 0.419901 0.419901 0.419901 0.419901 0.415263 0.419901 0.419901 0.419901 0.411504 0.419901 0.419901 0.380001 0.419901 0.419901 0.419901 0.419901 0.419901 0.419901 0.380004 0.419901 0.419901 0.380003 0.419901 0.419901 0.419901 0.419901 0.419901 0.419901 0.390933 0.419901 0.419901 0.419252 0.419901 0.419901 0.419901 0.419901 0.419901 0.419901 0.419901 0.419901 0.419901 0.419901 0.419901 0.419901 0.419901 0.419901 0.419901 0.419901 0.419901 0.419901 0.419901 0.419901 0.419901 0.419901 0.419901 0.419901 0.419901 0.419901 0.419901 0.419901 0.419901 0.419901 0.419901 0.419901 0.419901 0.419901 0.419901 0.419901 0.419901 0.419901 0.419901 0.419901 0.419901 0.419901 0.419583 0.419901 0.419901 0.419901 0.419901 0.419901 0.419901 0.419901 0.419901 0.419901 0.390675 0.419901 0.419901 0.419901 0.419901 0.419901 0.419901 0.419901 0.419901 0.419901 0.381255 0.419901 0.419901 0.419901 0.38 0.419901 0.419901 0.380051 0.419901 0.419901 0.419901 0.419901 0.419901 0.419901 0.414127 0.419901 0.419901 0.380055 0.419901 0.419901 0.419901 0.419901 0.419901 0.419901 0.417626 0.419901 0.419901 0.380013 0.419901 0.419901 0.419901 0.419901 0.419901 0.419901 0.419901 0.419901 0.419901 0.419901 0.419901 0.419901 0.419901 0.419901 0.419901 0.419901 0.419901 0.419901 0.419901 0.419901 0.419901 0.419901 0.419901 0.419901 0.419901 0.419901 0.419901 0.419901 0.419901 0.419901 0.419901 0.419901 0.419901 0.419901 0.419901 0.419901 0.419901 0.419901 0.419901 0.419901 0.419901 0.419901 0.401155 0.419901 0.419901 0.419901 0.419901 0.419901 0.419901 0.419901 0.419901 0.419901 0.415569 0.419901 0.419901 0.419901 0.419901 0.419901 0.419901 0.419901 0.419901 0.419901 0.418912 0.419901 0.419901 0.419901 0.419901 0.419901 0.419901 0.419901 0.419901 0.419901 0.38001 0.419901 0.419901 0.419901 0.419901 0.419901 0.419901 0.419901 0.419901 0.419901 0.419394 0.419901 0.419901 0.419901 0.419901 0.419901 0.419901 0.419901 0.419901 0.419901 0.380388 0.419901 0.419901 0.419901 0.41983 0.419901 0.419901 0.41956 0.419901 0.419901 0.419901 0.419901 0.419901 0.419901 0.380008 0.419901 0.419901 0.419824 0.419901 0.419901 0.419901 0.419901 0.419901 0.419901 0.387686 0.419901 0.419901 0.380517 0.419901 0.419901 0.419901 0.419901 0.419901 0.419901 0.419901 0.419901 0.419901 0.419901 0.419901 0.419901 0.419901 0.419901 0.419901 0.419901 0.419901 0.419901 0.419901 0.419901 0.419901 0.419901 0.419901 0.419901 0.419901 0.419901 0.419901 0.419901 0.419901 0.419901 0.419901 0.419901 0.419901 0.419901 0.419901 0.419901 0.419901 0.419901 0.419901 0.419901 0.419901 0.419901 0.419767 0.419901 0.419901 0.419901 0.419901 0.419901 0.419901 0.419901 0.419901 0.419901 0.380137 0.419901 0.419901 0.419901 0.419901 0.419901 0.419901 0.419901 0.419901 0.419901 0.419589 0.419901 0.419901 0.419901 0.380316 0.419901 0.419901 0.418635 0.419901 0.419901 0.419901 0.419901 0.419901 0.419901 0.413959 0.419901 0.419901 0.380002 0.419901 0.419901 0.419901 0.419901 0.419901 0.419901 0.380001 0.419901 0.419901 0.384303 0.419901 0.419901 0.419901 0.419901 0.419901 0.419901 0.419901 0.419901 0.419901 0.419901 0.419901 0.419901 0.419901 0.419901 0.419901 0.419901 0.419901 0.419901 0.419901 0.419901 0.419901 0.419901 0.419901 0.419901 0.419901 0.419901 0.419901 0.419901 0.419901 0.419901 0.419901 0.419901 0.419901 0.419901 0.419901 0.419901 0.419901 0.419901 0.419901 0.419901 0.419901 0.419901 0.418441 0.419901 0.419901 0.419901 0.419901 0.419901 0.419901 0.419901 0.419901 0.419901 0.38 0.419901 0.419901 0.419901 0.419901 0.419901 0.419901 0.419901 0.419901 0.419901 0.392764 0.419901 0.419901 0.419901 0.419635 0.419901 0.419901 0.408199 0.419901 0.419901 0.419901 0.419901 0.419901 0.419901 0.416416 0.419901 0.419901 0.413847 0.419901 0.419901 0.419901 0.419901 0.419901 0.419901 0.385451 0.419901 0.419901 0.38523 0.419901 0.419901 0.419901 0.419901 0.419901 0.419901 0.419901 0.419901 0.419901 0.419901 0.419901 0.419901 0.419901 0.419901 0.419901 0.419901 0.419901 0.419901 0.419901 0.419901 0.419901 0.419901 0.419901 0.419901 0.419901 0.419901 0.419901 0.419901 0.419901 0.419901 0.419901 0.419901 0.419901 0.419901 0.419901 0.419901 0.419901 0.419901 0.419901 0.419901 0.419901 0.419901 0.419031 0.419901 0.419901 0.419901 0.419901 0.419901 0.419901 0.419901 0.419901 0.419901 0.419803 0.419901 0.419901 0.419901 0.419901 0.419901 0.419901 0.419901 0.419901 0.419901 0.419616 0.419901 0.419901 0.419901 0.419901 0.419901 0.419901 0.419901 0.419901 0.419901 0.386664 0.419901 0.419901 0.419901 0.419901 0.419901 0.419901 0.419901 0.419901 0.419901 0.380007 0.419901 0.419901 0.419901 0.419901 0.419901 0.419901 0.419901 0.419901 0.419901 0.380001 0.419901 0.419901 0.419901 0.418638 0.419901 0.419901 0.419095 0.419901 0.419901 0.419901 0.419901 0.419901 0.419901 0.418809 0.419901 0.419901 0.418251 0.419901 0.419901 0.419901 0.419901 0.419901 0.419901 0.418829 0.419901 0.419901 0.419729 0.419901 0.419901 0.419901 0.419901 0.419901 0.419901 0.419901 0.419901 0.419901 0.419901 0.419901 0.419901 0.419901 0.419901 0.419901 0.419901 0.419901 0.419901 0.419901 0.419901 0.419901 0.419901 0.419901 0.419901 0.419901 0.419901 0.419901 0.419901 0.419901 0.419901 0.419901 0.419901 0.419901 0.419901 0.419901 0.419901 0.419901 0.419901 0.419901 0.419901 0.419901 0.419901 0.39688 0.419901 0.419901 0.419901 0.419901 0.419901 0.419901 0.419901 0.419901 0.419901 0.380411 0.419901 0.419901 0.419901 0.419901 0.419901 0.419901 0.419901 0.419901 0.419901 0.38 0.419901 0.419901 0.419901 0.380506 0.419901 0.419901 0.419624 0.419901 0.419901 0.419901 0.419901 0.419901 0.419901 0.380506 0.419901 0.419901 0.419753 0.419901 0.419901 0.419901 0.419901 0.419901 0.419901 0.416804 0.419901 0.419901 0.382212 0.419901 0.419901 0.419901 0.419901 0.419901 0.419901 0.419901 0.419901 0.419901 0.419901 0.419901 0.419901 0.419901 0.419901 0.419901 0.419901 0.419901 0.419901 0.419901 0.419901 0.419901 0.419901 0.419901 0.419901 0.419901 0.419901 0.419901 0.419901 0.419901 0.419901 0.419901 0.419901 0.419901 0.419901 0.419901 0.419901 0.419901 0.419901 0.419901 0.419901 0.419901 0.419901 0.380023 0.419901 0.419901 0.419901 0.419901 0.419901 0.419901 0.419901 0.419901 0.419901 0.419711 0.419901 0.419901 0.419901 0.419901 0.419901 0.419901 0.419901 0.419901 0.419901 0.409371 0.419901 0.419901 0.419901 0.380027 0.419901 0.419901 0.389269 0.419901 0.419901 0.419901 0.419901 0.419901 0.419901 0.384558 0.419901 0.419901 0.417757 0.419901 0.419901 0.419901 0.419901 0.419901 0.419901 0.419825 0.419901 0.419901 0.395846 0.419901 0.419901 0.419901 0.419901 0.419901 0.419901 0.419901 0.419901 0.419901 0.419901 0.419901 0.419901 0.419901 0.419901 0.419901 0.419901 0.419901 0.419901 0.419901 0.419901 0.419901 0.419901 0.419901 0.419901 0.419901 0.419901 0.419901 0.419901 0.419901 0.419901 0.419901 0.419901 0.419901 0.419901 0.419901 0.419901 0.419901 0.419901 0.419901 0.419901 0.419901 0.419901 0.411069 0.419901 0.419901 0.419901 0.419901 0.419901 0.419901 0.419901 0.419901 0.419901 0.419359 0.419901 0.419901 0.419901 0.419901 0.419901 0.419901 0.419901 0.419901 0.419901 0.419682 0.419901 0.419901 
0.429852 0.429852 0.429852 0.429852 0.429852 0.429852 0.429852 0.427683 0.429852 0.429852 0.429852 0.429852 0.429852 0.429852 0.429852 0.429852 0.429852 0.37 0.429852 0.429852 0.429852 0.429852 0.429852 0.429852 0.429852 0.429852 0.429852 0.372677 0.429852 0.429852 0.429852 0.402044 0.429852 0.429852 0.429786 0.429852 0.429852 0.429852 0.429852 0.429852 0.429852 0.429797 0.429852 0.429852 0.370007 0.429852 0.429852 0.429852 0.429852 0.429852 0.429852 0.429589 0.429852 0.429852 0.376097 0.429852 0.429852 0.429852 0.429852 0.429852 0.429852 0.429852 0.429852 0.429852 0.429852 0.429852 0.429852 0.429852 0.429852 0.429852 0.429852 0.429852 0.429852 0.429852 0.429852 0.429852 0.429852 0.429852 0.429852 0.429852 0.429852 0.429852 0.429852 0.429852 0.429852 0.429852 0.429852 0.429852 0.429852 0.429852 0.429852 0.429852 0.429852 0.429852 0.429852 0.429852 0.429852 0.380394 0.429852 0.429852 0.429852 0.429852 0.429852 0.429852 0.429852 0.429852 0.429852 0.429659 0.429852 0.429852 0.429852 0.429852 0.429852 0.429852 0.429852 0.429852 0.429852 0.422502 0.429852 0.429852 0.429852 0.416289 0.429852 0.429852 0.370002 0.429852 0.429852 0.429852 0.429852 0.429852 0.429852 0.370005 0.429852 0.429852 0.370004 0.429852 0.429852 0.429852 0.429852 0.429852 0.429852 0.386027 0.429852 0.429852 0.428983 0.429852 0.429852 0.429852 0.429852 0.429852 0.429852 0.429852 0.429852 0.429852 0.429852 0.429852 0.429852 0.429852 0.429852 0.429852 0.429852 0.429852 0.429852 0.429852 0.429852 0.429852 0.429852 0.429852 0.429852 0.429852 0.429852 0.429852 0.429852 0.429852 0.429852 0.429852 0.429852 0.429852 0.429852 0.429852 0.429852 0.429852 0.429852 0.429852 0.429852 0.429852 0.429852 0.429439 0.429852 0.429852 0.429852 0.429852 0.429852 0.429852 0.429852 0.429852 0.429852 0.386391 0.429852 0.429852 0.429852 0.429852 0.429852 0.429852 0.429852 0.429852 0.429852 0.372736 0.429852 0.429852 0.429852 0.370001 0.429852 0.429852 0.370069 0.429852 0.429852 0.429852 0.429852 0.429852 0.429852 0.421132 0.429852 0.429852 0.370089 0.429852 0.429852 0.429852 0.429852 0.429852 0.429852 0.425593 0.429852 0.429852 0.370016 0.429852 0.429852 0.429852 0.429852 0.429852 0.429852 0.429852 0.429852 0.429852 0.429852 0.429852 0.429852 0.429852 0.429852 0.429852 0.429852 0.429852 0.429852 0.429852 0.429852 0.429852 0.429852 0.429852 0.429852 0.429852 0.429852 0.429852 0.429852 0.429852 0.429852 0.429852 0.429852 0.429852 0.429852 0.429852 0.429852 0.429852 0.429852 0.429852 0.429852 0.429852 0.429852 0.401471 0.429852 0.429852 0.429852 0.429852 0.429852 0.429852 0.429852 0.429852 0.429852 0.423648 0.429852 0.429852 0.429852 0.429852 0.429852 0.429852 0.429852 0.429852 0.429852 0.428577 0.429852 0.429852 0.429852 0.429852 0.429852 0.429852 0.429852 0.429852 0.429852 0.370014 0.429852 0.429852 0.429852 0.429852 0.429852 0.429852 0.429852 0.429852 0.429852 0.428952 0.429852 0.429852 0.429852 0.429852 0.429852 0.429852 0.429852 0.429852 0.429852 0.371008 0.429852 0.429852 0.429852 0.429749 0.429852 0.429852 0.429397 0.429852 0.429852 0.429852 0.429852 0.429852 0.429852 0.370014 0.429852 0.429852 0.429697 0.429852 0.429852 0.429852 0.429852 0.429852 0.429852 0.385361 0.429852 0.429852 0.370907 0.429852 0.429852 0.429852 0.429852 0.429852 0.429852 0.429852 0.429852 0.429852 0.429852 0.429852 0.429852 0.429852 0.429852 0.429852 0.429852 0.429852 0.429852 0.429852 0.429852 0.429852 0.429852 0.429852 0.429852 0.429852 0.429852 0.429852 0.429852 0.429852 0.429852 0.429852 0.429852 0.429852 0.429852 0.429852 0.429852 0.429852 0.429852 0.429852 0.429852 0.429852 0.429852 0.42968 0.429852 0.429852 0.429852 0.429852 0.429852 0.429852 0.429852 0.429852 0.429852 0.370205 0.429852 0.429852 0.429852 0.429852 0.429852 0.429852 0.429852 0.429852 0.429852 0.429344 0.429852 0.429852 0.429852 0.370425 0.429852 0.429852 0.427687 0.429852 0.429852 0.429852 0.429852 0.429852 0.429852 0.421272 0.429852 0.429852 0.370004 0.429852 0.429852 0.429852 0.429852 0.429852 0.429852 0.370002 0.429852 0.429852 0.37531 0.429852 0.429852 0.429852 0.429852 0.429852 0.429852 0.429852 0.429852 0.429852 0.429852 0.429852 0.429852 0.429852 0.429852 0.429852 0.429852 0.429852 0.429852 0.429852 0.429852 0.429852 0.429852 0.429852 0.429852 0.429852 0.429852 0.429852 0.429852 0.429852 0.429852 0.429852 0.429852 0.429852 0.429852 0.429852 0.429852 0.429852 0.429852 0.429852 0.429852 0.429852 0.429852 0.427403 0.429852 0.429852 0.429852 0.429852 0.429852 0.429852 0.429852 0.429852 0.429852 0.370001 0.429852 0.429852 0.429852 0.429852 0.429852 0.429852 0.429852 0.429852 0.429852 0.391045 0.429852 0.429852 0.429852 0.429438 0.429852 0.429852 0.406633 0.429852 0.429852 0.429852 0.429852 0.429852 0.429852 0.424076 0.429852 0.429852 0.421634 0.429852 0.429852 0.429852 0.429852 0.429852 0.429852 0.378445 0.429852 0.429852 0.377844 0.429852 0.429852 0.429852 0.429852 0.429852 0.429852 0.429852 0.429852 0.429852 0.429852 0.429852 0.429852 0.429852 0.429852 0.429852 0.429852 0.429852 0.429852 0.429852 0.429852 0.429852 0.429852 0.429852 0.429852 0.429852 0.429852 0.429852 0.429852 0.429852 0.429852 0.429852 0.429852 0.429852 0.429852 0.429852 0.429852 0.429852 0.429852 0.429852 0.429852 0.429852 0.429852 0.428653 0.429852 0.429852 0.429852 0.429852 0.429852 0.429852 0.429852 0.429852 0.429852 0.429715 0.429852 0.429852 0.429852 0.429852 0.429852 0.429852 0.429852 0.429852 0.429852 0.429453 0.429852 0.429852 0.429852 0.429852 0.429852 0.429852 0.429852 0.429852 0.429852 0.379425 0.429852 0.429852 0.429852 0.429852 0.429852 0.429852 0.429852 0.429852 0.429852 0.370009 0.429852 0.429852 0.429852 0.429852 0.429852 0.429852 0.429852 0.429852 0.429852 0.370002 0.429852 0.429852 0.429852 0.428122 0.429852 0.429852 0.428595 0.429852 0.429852 0.429852 0.429852 0.429852 0.429852 0.427674 0.429852 0.429852 0.42755 0.429852 0.429852 0.429852 0.429852 0.429852 0.429852 0.427759 0.429852 0.429852 0.429576 0.429852 0.429852 0.429852 0.429852 0.429852 0.429852 0.429852 0.429852 0.429852 0.429852 0.429852 0.429852 0.429852 0.429852 0.429852 0.429852 0.429852 0.429852 0.429852 0.429852 0.429852 0.429852 0.429852 0.429852 0.429852 0.429852 0.429852 0.429852 0.429852 0.429852 0.429852 0.429852 0.429852 0.429852 0.429852 0.429852 0.429852 0.429852 0.429852 0.429852 0.429852 0.429852 0.39625 0.429852 0.429852 0.429852 0.429852 0.429852 0.429852 0.429852 0.429852 0.429852 0.370499 0.429852 0.429852 0.429852 0.429852 0.429852 0.429852 0.429852 0.429852 0.429852 0.37 0.429852 0.429852 0.429852 0.370948 0.429852 0.429852 0.429475 0.429852 0.429852 0.429852 0.429852 0.429852 0.429852 0.371145 0.429852 0.429852 0.42963 0.429852 0.429852 0.429852 0.429852 0.429852 0.429852 0.425407 0.429852 0.429852 0.373924 0.429852 0.429852 0.429852 0.429852 0.429852 0.429852 0.429852 0.429852 0.429852 0.429852 0.429852 0.429852 0.429852 0.429852 0.429852 0.429852 0.429852 0.429852 0.429852 0.429852 0.429852 0.429852 0.429852 0.429852 0.429852 0.429852 0.429852 0.429852 0.429852 0.429852 0.429852 0.429852 0.429852 0.429852 0.429852 0.429852 0.429852 0.429852 0.429852 0.429852 0.429852 0.429852 0.370044 0.429852 0.429852 0.429852 0.429852 0.429852 0.429852 0.429852 0.429852 0.429852 0.429596 0.429852 0.429852 0.429852 0.429852 0.429852 0.429852 0.429852 0.429852 0.429852 0.412851 0.429852 0.429852 0.429852 0.37005 0.429852 0.429852 0.382106 0.429852 0.429852 0.429852 0.429852 0.429852 0.429852 0.375954 0.429852 0.429852 0.425545 0.429852 0.429852 0.429852 0.429852 0.429852 0.429852 0.429723 0.429852 0.429852 0.395373 0.429852 0.429852 0.429852 0.429852 0.429852 0.429852 0.429852 0.429852 0.429852 0.429852 0.429852 0.429852 0.429852 0.429852 0.429852 0.429852 0.429852 0.429852 0.429852 0.429852 0.429852 0.429852 0.429852 0.429852 0.429852 0.429852 0.429852 0.429852 0.429852 0.429852 0.429852 0.429852 0.429852 0.429852 0.429852 0.429852 0.429852 0.429852 0.429852 0.429852 0.429852 0.429852 0.415975 0.429852 0.429852 0.429852 0.429852 0.429852 0.429852 0.429852 0.429852 0.429852 0.428827 0.429852 0.429852 0.429852 0.429852 0.429852 0.429852 0.429852 0.429852 0.429852 0.429524 0.429852 0.429852 
0.439802 0.439802 0.439802 0.439802 0.439802 0.439802 0.439802 0.436706 0.439802 0.439802 0.439802 0.439802 0.439802 0.439802 0.439802 0.439802 0.439802 0.360001 0.439802 0.439802 0.439802 0.439802 0.439802 0.439802 0.439802 0.439802 0.439802 0.363278 0.439802 0.439802 0.439802 0.401413 0.439802 0.439802 0.439713 0.439802 0.439802 0.439802 0.439802 0.439802 0.439802 0.43971 0.439802 0.439802 0.360011 0.439802 0.439802 0.439802 0.439802 0.439802 0.439802 0.439415 0.439802 0.439802 0.367104 0.439802 0.439802 0.439802 0.439802 0.439802 0.439802 0.439802 0.439802 0.439802 0.439802 0.439802 0.439802 0.439802 0.439802 0.439802 0.439802 0.439802 0.439802 0.439802 0.439802 0.439802 0.439802 0.439802 0.439802 0.439802 0.439802 0.439802 0.439802 0.439802 0.439802 0.439802 0.439802 0.439802 0.439802 0.439802 0.439802 0.439802 0.439802 0.439802 0.439802 0.439802 0.439802 0.37308 0.439802 0.439802 0.439802 0.439802 0.439802 0.439802 0.439802 0.439802 0.439802 0.439536 0.439802 0.439802 0.439802 0.439802 0.439802 0.439802 0.439802 0.439802 0.439802 0.428806 0.439802 0.439802 0.439802 0.423045 0.439802 0.439802 0.360004 0.439802 0.439802 0.439802 0.439802 0.439802 0.439802 0.360009 0.439802 0.439802 0.360007 0.439802 0.439802 0.439802 0.439802 0.439802 0.439802 0.384003 0.439802 0.439802 0.438554 0.439802 0.439802 0.439802 0.439802 0.439802 0.439802 0.439802 0.439802 0.439802 0.439802 0.439802 0.439802 0.439802 0.439802 0.439802 0.439802 0.439802 0.439802 0.439802 0.439802 0.439802 0.439802 0.439802 0.439802 0.439802 0.439802 0.439802 0.439802 0.439802 0.439802 0.439802 0.439802 0.439802 0.439802 0.439802 0.439802 0.439802 0.439802 0.439802 0.439802 0.439802 0.439802 0.439286 0.439802 0.439802 0.439802 0.439802 0.439802 0.439802 0.439802 0.439802 0.439802 0.381853 0.439802 0.439802 0.439802 0.439802 0.439802 0.439802 0.439802 0.439802 0.439802 0.363576 0.439802 0.439802 0.439802 0.360001 0.439802 0.439802 0.3601 0.439802 0.439802 0.439802 0.439802 0.439802 0.439802 0.428856 0.439802 0.439802 0.360099 0.439802 0.439802 0.439802 0.439802 0.439802 0.439802 0.433779 0.439802 0.439802 0.360021 0.439802 0.439802 0.439802 0.439802 0.439802 0.439802 0.439802 0.439802 0.439802 0.439802 0.439802 0.439802 0.439802 0.439802 0.439802 0.439802 0.439802 0.439802 0.439802 0.439802 0.439802 0.439802 0.439802 0.439802 0.439802 0.439802 0.439802 0.439802 0.439802 0.439802 0.439802 0.439802 0.439802 0.439802 0.439802 0.439802 0.439802 0.439802 0.439802 0.439802 0.439802 0.439802 0.398703 0.439802 0.439802 0.439802 0.439802 0.439802 0.439802 0.439802 0.439802 0.439802 0.430887 0.439802 0.439802 0.439802 0.439802 0.439802 0.439802 0.439802 0.439802 0.439802 0.438175 0.439802 0.439802 0.439802 0.439802 0.439802 0.439802 0.439802 0.439802 0.439802 0.360027 0.439802 0.439802 0.439802 0.439802 0.439802 0.439802 0.439802 0.439802 0.439802 0.438549 0.439802 0.439802 0.439802 0.439802 0.439802 0.439802 0.439802 0.439802 0.439802 0.361323 0.439802 0.439802 0.439802 0.439679 0.439802 0.439802 0.439194 0.439802 0.439802 0.439802 0.439802 0.439802 0.439802 0.360016 0.439802 0.439802 0.439612 0.439802 0.439802 0.439802 0.439802 0.439802 0.439802 0.381077 0.439802 0.439802 0.361263 0.439802 0.439802 0.439802 0.439802 0.439802 0.439802 0.439802 0.439802 0.439802 0.439802 0.439802 0.439802 0.439802 0.439802 0.439802 0.439802 0.439802 0.439802 0.439802 0.439802 0.439802 0.439802 0.439802 0.439802 0.439802 0.439802 0.439802 0.439802 0.439802 0.439802 0.439802 0.439802 0.439802 0.439802 0.439802 0.439802 0.439802 0.439802 0.439802 0.439802 0.439802 0.439802 0.43959 0.439802 0.439802 0.439802 0.439802 0.439802 0.439802 0.439802 0.439802 0.439802 0.360263 0.439802 0.439802 0.439802 0.439802 0.439802 0.439802 0.439802 0.439802 0.439802 0.439175 0.439802 0.439802 0.439802 0.36054 0.439802 0.439802 0.437138 0.439802 0.439802 0.439802 0.439802 0.439802 0.439802 0.427077 0.439802 0.439802 0.360005 0.439802 0.439802 0.439802 0.439802 0.439802 0.439802 0.360002 0.439802 0.439802 0.367461 0.439802 0.439802 0.439802 0.439802 0.439802 0.439802 0.439802 0.439802 0.439802 0.439802 0.439802 0.439802 0.439802 0.439802 0.439802 0.439802 0.439802 0.439802 0.439802 0.439802 0.439802 0.439802 0.439802 0.439802 0.439802 0.439802 0.439802 0.439802 0.439802 0.439802 0.439802 0.439802 0.439802 0.439802 0.439802 0.439802 0.439802 0.439802 0.439802 0.439802 0.439802 0.439802 0.436268 0.439802 0.439802 0.439802 0.439802 0.439802 0.439802 0.439802 0.439802 0.439802 0.360001 0.439802 0.439802 0.439802 0.439802 0.439802 0.439802 0.439802 0.439802 0.439802 0.38902 0.439802 0.439802 0.439802 0.439289 0.439802 0.439802 0.408353 0.439802 0.439802 0.439802 0.439802 0.439802 0.439802 0.432941 0.439802 0.439802 0.429714 0.439802 0.439802 0.439802 0.439802 0.439802 0.439802 0.369261 0.439802 0.439802 0.371834 0.439802 0.439802 0.439802 0.439802 0.439802 0.439802 0.439802 0.439802 0.439802 0.439802 0.439802 0.439802 0.439802 0.439802 0.439802 0.439802 0.439802 0.439802 0.439802 0.439802 0.439802 0.439802 0.439802 0.439802 0.439802 0.439802 0.439802 0.439802 0.439802 0.439802 0.439802 0.439802 0.439802 0.439802 0.439802 0.439802 0.439802 0.439802 0.439802 0.439802 0.439802 0.439802 0.438274 0.439802 0.439802 0.439802 0.439802 0.439802 0.439802 0.439802 0.439802 0.439802 0.439607 0.439802 0.439802 0.439802 0.439802 0.439802 0.439802 0.439802 0.439802 0.439802 0.439295 0.439802 0.439802 0.439802 0.439802 0.439802 0.439802 0.439802 0.439802 0.439802 0.372419 0.439802 0.439802 0.439802 0.439802 0.439802 0.439802 0.439802 0.439802 0.439802 0.360012 0.439802 0.439802 0.439802 0.439802 0.439802 0.439802 0.439802 0.439802 0.439802 0.360004 0.439802 0.439802 0.439802 0.437307 0.439802 0.439802 0.43803 0.439802 0.439802 0.439802 0.439802 0.439802 0.439802 0.436104 0.439802 0.439802 0.436949 0.439802 0.439802 0.439802 0.439802 0.439802 0.439802 0.437059 0.439802 0.439802 0.439432 0.439802 0.439802 0.439802 0.439802 0.439802 0.439802 0.439802 0.439802 0.439802 0.439802 0.439802 0.439802 0.439802 0.439802 0.439802 0.439802 0.439802 0.439802 0.439802 0.439802 0.439802 0.439802 0.439802 0.439802 0.439802 0.439802 0.439802 0.439802 0.439802 0.439802 0.439802 0.439802 0.439802 0.439802 0.439802 0.439802 0.439802 0.439802 0.439802 0.439802 0.439802 0.439802 0.394377 0.439802 0.439802 0.439802 0.439802 0.439802 0.439802 0.439802 0.439802 0.439802 0.360678 0.439802 0.439802 0.439802 0.439802 0.439802 0.439802 0.439802 0.439802 0.439802 0.36 0.439802 0.439802 0.439802 0.361133 0.439802 0.439802 0.43934 0.439802 0.439802 0.439802 0.439802 0.439802 0.439802 0.361383 0.439802 0.439802 0.43949 0.439802 0.439802 0.439802 0.439802 0.439802 0.439802 0.434272 0.439802 0.439802 0.36434 0.439802 0.439802 0.439802 0.439802 0.439802 0.439802 0.439802 0.439802 0.439802 0.439802 0.439802 0.439802 0.439802 0.439802 0.439802 0.439802 0.439802 0.439802 0.439802 0.439802 0.439802 0.439802 0.439802 0.439802 0.439802 0.439802 0.439802 0.439802 0.439802 0.439802 0.439802 0.439802 0.439802 0.439802 0.439802 0.439802 0.439802 0.439802 0.439802 0.439802 0.439802 0.439802 0.36006 0.439802 0.439802 0.439802 0.439802 0.439802 0.439802 0.439802 0.439802 0.439802 0.439494 0.439802 0.439802 0.439802 0.439802 0.439802 0.439802 0.439802 0.439802 0.439802 0.417135 0.439802 0.439802 0.439802 0.360058 0.439802 0.439802 0.375708 0.439802 0.439802 0.439802 0.439802 0.439802 0.439802 0.368869 0.439802 0.439802 0.434409 0.439802 0.439802 0.439802 0.439802 0.439802 0.439802 0.439625 0.439802 0.439802 0.393807 0.439802 0.439802 0.439802 0.439802 0.439802 0.439802 0.439802 0.439802 0.439802 0.439802 0.439802 0.439802 0.439802 0.439802 0.439802 0.439802 0.439802 0.439802 0.439802 0.439802 0.439802 0.439802 0.439802 0.439802 0.439802 0.439802 0.439802 0.439802 0.439802 0.439802 0.439802 0.439802 0.439802 0.439802 0.439802 0.439802 0.439802 0.439802 0.439802 0.439802 0.439802 0.439802 0.419593 0.439802 0.439802 0.439802 0.439802 0.439802 0.439802 0.439802 0.439802 0.439802 0.43846 0.439802 0.439802 0.439802 0.439802 0.439802 0.439802 0.439802 0.439802 0.439802 0.439327 0.439802 0.439802 
0.449753 0.449753 0.449753 0.449753 0.449753 0.449753 0.449753 0.445636 0.449753 0.449753 0.449753 0.449753 0.449753 0.449753 0.449753 0.449753 0.449753 0.350001 0.449753 0.449753 0.449753 0.449753 0.449753 0.449753 0.449753 0.449753 0.449753 0.354069 0.449753 0.449753 0.449753 0.400312 0.449753 0.449753 0.449646 0.449753 0.449753 0.449753 0.449753 0.449753 0.449753 0.449626 0.449753 0.449753 0.350014 0.449753 0.449753 0.449753 0.449753 0.449753 0.449753 0.449262 0.449753 0.449753 0.359137 0.449753 0.449753 0.449753 0.449753 0.449753 0.449753 0.449753 0.449753 0.449753 0.449753 0.449753 0.449753 0.449753 0.449753 0.449753 0.449753 0.449753 0.449753 0.449753 0.449753 0.449753 0.449753 0.449753 0.449753 0.449753 0.449753 0.449753 0.449753 0.449753 0.449753 0.449753 0.449753 0.449753 0.449753 0.449753 0.449753 0.449753 0.449753 0.449753 0.449753 0.449753 0.449753 0.367489 0.449753 0.449753 0.449753 0.449753 0.449753 0.449753 0.449753 0.449753 0.449753 0.449417 0.449753 0.449753 0.449753 0.449753 0.449753 0.449753 0.449753 0.449753 0.449753 0.434916 0.449753 0.449753 0.449753 0.426663 0.449753 0.449753 0.350005 0.449753 0.449753 0.449753 0.449753 0.449753 0.449753 0.35001 0.449753 0.449753 0.350008 0.449753 0.449753 0.449753 0.449753 0.449753 0.449753 0.378861 0.449753 0.449753 0.448219 0.449753 0.449753 0.449753 0.449753 0.449753 0.449753 0.449753 0.449753 0.449753 0.449753 0.449753 0.449753 0.449753 0.449753 0.449753 0.449753 0.449753 0.449753 0.449753 0.449753 0.449753 0.449753 0.449753 0.449753 0.449753 0.449753 0.449753 0.449753 0.449753 0.449753 0.449753 0.449753 0.449753 0.449753 0.449753 0.449753 0.449753 0.449753 0.449753 0.449753 0.449753 0.449753 0.449122 0.449753 0.449753 0.449753 0.449753 0.449753 0.449753 0.449753 0.449753 0.449753 0.380442 0.449753 0.449753 0.449753 0.449753 0.449753 0.449753 0.449753 0.449753 0.449753 0.355146 0.449753 0.449753 0.449753 0.350001 0.449753 0.449753 0.350126 0.449753 0.449753 0.449753 0.449753 0.449753 0.449753 0.435438 0.449753 0.449753 0.350114 0.449753 0.449753 0.449753 0.449753 0.449753 0.449753 0.442115 0.449753 0.449753 0.350029 0.449753 0.449753 0.449753 0.449753 0.449753 0.449753 0.449753 0.449753 0.449753 0.449753 0.449753 0.449753 0.449753 0.449753 0.449753 0.449753 0.449753 0.449753 0.449753 0.449753 0.449753 0.449753 0.449753 0.449753 0.449753 0.449753 0.449753 0.449753 0.449753 0.449753 0.449753 0.449753 0.449753 0.449753 0.449753 0.449753 0.449753 0.449753 0.449753 0.449753 0.449753 0.449753 0.400575 0.449753 0.449753 0.449753 0.449753 0.449753 0.449753 0.449753 0.449753 0.449753 0.438795 0.449753 0.449753 0.449753 0.449753 0.449753 0.449753 0.449753 0.449753 0.449753 0.447772 0.449753 0.449753 0.449753 0.449753 0.449753 0.449753 0.449753 0.449753 0.449753 0.350033 0.449753 0.449753 0.449753 0.449753 0.449753 0.449753 0.449753 0.449753 0.449753 0.448271 0.449753 0.449753 0.449753 0.449753 0.449753 0.449753 0.449753 0.449753 0.449753 0.351943 0.449753 0.449753 0.449753 0.449597 0.449753 0.449753 0.449031 0.449753 0.449753 0.449753 0.449753 0.449753 0.449753 0.350019 0.449753 0.449753 0.449489 0.449753 0.449753 0.449753 0.449753 0.449753 0.449753 0.374967 0.449753 0.449753 0.351748 0.449753 0.449753 0.449753 0.449753 0.449753 0.449753 0.449753 0.449753 0.449753 0.449753 0.449753 0.449753 0.449753 0.449753 0.449753 0.449753 0.449753 0.449753 0.449753 0.449753 0.449753 0.449753 0.449753 0.449753 0.449753 0.449753 0.449753 0.449753 0.449753 0.449753 0.449753 0.449753 0.449753 0.449753 0.449753 0.449753 0.449753 0.449753 0.449753 0.449753 0.449753 0.449753 0.449481 0.449753 0.449753 0.449753 0.449753 0.449753 0.449753 0.449753 0.449753 0.449753 0.350301 0.449753 0.449753 0.449753 0.449753 0.449753 0.449753 0.449753 0.449753 0.449753 0.448959 0.449753 0.449753 0.449753 0.350668 0.449753 0.449753 0.446394 0.449753 0.449753 0.449753 0.449753 0.449753 0.449753 0.43439 0.449753 0.449753 0.350007 0.449753 0.449753 0.449753 0.449753 0.449753 0.449753 0.350003 0.449753 0.449753 0.358499 0.449753 0.449753 0.449753 0.449753 0.449753 0.449753 0.449753 0.449753 0.449753 0.449753 0.449753 0.449753 0.449753 0.449753 0.449753 0.449753 0.449753 0.449753 0.449753 0.449753 0.449753 0.449753 0.449753 0.449753 0.449753 0.449753 0.449753 0.449753 0.449753 0.449753 0.449753 0.449753 0.449753 0.449753 0.449753 0.449753 0.449753 0.449753 0.449753 0.449753 0.449753 0.449753 0.444952 0.449753 0.449753 0.449753 0.449753 0.449753 0.449753 0.449753 0.449753 0.449753 0.350001 0.449753 0.449753 0.449753 0.449753 0.449753 0.449753 0.449753 0.449753 0.449753 0.387454 0.449753 0.449753 0.449753 0.449115 0.449753 0.449753 0.406941 0.449753 0.449753 0.449753 0.449753 0.449753 0.449753 0.441127 0.449753 0.449753 0.43724 0.449753 0.449753 0.449753 0.449753 0.449753 0.449753 0.361023 0.449753 0.449753 0.364308 0.449753 0.449753 0.449753 0.449753 0.449753 0.449753 0.449753 0.449753 0.449753 0.449753 0.449753 0.449753 0.449753 0.449753 0.449753 0.449753 0.449753 0.449753 0.449753 0.449753 0.449753 0.449753 0.449753 0.449753 0.449753 0.449753 0.449753 0.449753 0.449753 0.449753 0.449753 0.449753 0.449753 0.449753 0.449753 0.449753 0.449753 0.449753 0.449753 0.449753 0.449753 0.449753 0.447758 0.449753 0.449753 0.449753 0.449753 0.449753 0.449753 0.449753 0.449753 0.449753 0.449505 0.449753 0.449753 0.449753 0.449753 0.449753 0.449753 0.449753 0.449753 0.449753 0.449126 0.449753 0.449753 0.449753 0.449753 0.449753 0.449753 0.449753 0.449753 0.449753 0.364035 0.449753 0.449753 0.449753 0.449753 0.449753 0.449753 0.449753 0.449753 0.449753 0.350014 0.449753 0.449753 0.449753 0.449753 0.449753 0.449753 0.449753 0.449753 0.449753 0.350005 0.449753 0.449753 0.449753 0.446724 0.449753 0.449753 0.447481 0.449753 0.449753 0.449753 0.449753 0.449753 0.449753 0.445465 0.449753 0.449753 0.446204 0.449753 0.449753 0.449753 0.449753 0.449753 0.449753 0.446291 0.449753 0.449753 0.449288 0.449753 0.449753 0.449753 0.449753 0.449753 0.449753 0.449753 0.449753 0.449753 0.449753 0.449753 0.449753 0.449753 0.449753 0.449753 0.449753 0.449753 0.449753 0.449753 0.449753 0.449753 0.449753 0.449753 0.449753 0.449753 0.449753 0.449753 0.449753 0.449753 0.449753 0.449753 0.449753 0.449753 0.449753 0.449753 0.449753 0.449753 0.449753 0.449753 0.449753 0.449753 0.449753 0.393121 0.449753 0.449753 0.449753 0.449753 0.449753 0.449753 0.449753 0.449753 0.449753 0.350973 0.449753 0.449753 0.449753 0.449753 0.449753 0.449753 0.449753 0.449753 0.449753 0.35 0.449753 0.449753 0.449753 0.351682 0.449753 0.449753 0.449209 0.449753 0.449753 0.449753 0.449753 0.449753 0.449753 0.351506 0.449753 0.449753 0.449367 0.449753 0.449753 0.449753 0.449753 0.449753 0.449753 0.442703 0.449753 0.449753 0.35526 0.449753 0.449753 0.449753 0.449753 0.449753 0.449753 0.449753 0.449753 0.449753 0.449753 0.449753 0.449753 0.449753 0.449753 0.449753 0.449753 0.449753 0.449753 0.449753 0.449753 0.449753 0.449753 0.449753 0.449753 0.449753 0.449753 0.449753 0.449753 0.449753 0.449753 0.449753 0.449753 0.449753 0.449753 0.449753 0.449753 0.449753 0.449753 0.449753 0.449753 0.449753 0.449753 0.350068 0.449753 0.449753 0.449753 0.449753 0.449753 0.449753 0.449753 0.449753 0.449753 0.449398 0.449753 0.449753 0.449753 0.449753 0.449753 0.449753 0.449753 0.449753 0.449753 0.422505 0.449753 0.449753 0.449753 0.350068 0.449753 0.449753 0.369217 0.449753 0.449753 0.449753 0.449753 0.449753 0.449753 0.362028 0.449753 0.449753 0.443168 0.449753 0.449753 0.449753 0.449753 0.449753 0.449753 0.449532 0.449753 0.449753 0.392241 0.449753 0.449753 0.449753 0.449753 0.449753 0.449753 0.449753 0.449753 0.449753 0.449753 0.449753 0.449753 0.449753 0.449753 0.449753 0.449753 0.449753 0.449753 0.449753 0.449753 0.449753 0.449753 0.449753 0.449753 0.449753 0.449753 0.449753 0.449753 0.449753 0.449753 0.449753 0.449753 0.449753 0.449753 0.449753 0.449753 0.449753 0.449753 0.449753 0.449753 0.449753 0.449753 0.424735 0.449753 0.449753 0.449753 0.449753 0.449753 0.449753 0.449753 0.449753 0.449753 0.447567 0.449753 0.449753 0.449753 0.449753 0.449753 0.449753 0.449753 0.449753 0.449753 0.449174 0.449753 0.449753 
0.459703 0.459703 0.459703 0.459703 0.459703 0.459703 0.459703 0.454358 0.459703 0.459703 0.459703 0.459703 0.459703 0.459703 0.459703 0.459703 0.459703 0.340001 0.459703 0.459703 0.459703 0.459703 0.459703 0.459703 0.459703 0.459703 0.459703 0.34499 0.459703 0.459703 0.459703 0.397399 0.459703 0.459703 0.459571 0.459703 0.459703 0.459703 0.459703 0.459703 0.459703 0.459556 0.459703 0.459703 0.34002 0.459703 0.459703 0.459703 0.459703 0.459703 0.459703 0.459113 0.459703 0.459703 0.35168 0.459703 0.459703 0.459703 0.459703 0.459703 0.459703 0.459703 0.459703 0.459703 0.459703 0.459703 0.459703 0.459703 0.459703 0.459703 0.459703 0.459703 0.459703 0.459703 0.459703 0.459703 0.459703 0.459703 0.459703 0.459703 0.459703 0.459703 0.459703 0.459703 0.459703 0.459703 0.459703 0.459703 0.459703 0.459703 0.459703 0.459703 0.459703 0.459703 0.459703 0.459703 0.459703 0.361185 0.459703 0.459703 0.459703 0.459703 0.459703 0.459703 0.459703 0.459703 0.459703 0.459305 0.459703 0.459703 0.459703 0.459703 0.459703 0.459703 0.459703 0.459703 0.459703 0.442229 0.459703 0.459703 0.459703 0.433061 0.459703 0.459703 0.340005 0.459703 0.459703 0.459703 0.459703 0.459703 0.459703 0.340013 0.459703 0.459703 0.340011 0.459703 0.459703 0.459703 0.459703 0.459703 0.459703 0.374707 0.459703 0.459703 0.457924 0.459703 0.459703 0.459703 0.459703 0.459703 0.459703 0.459703 0.459703 0.459703 0.459703 0.459703 0.459703 0.459703 0.459703 0.459703 0.459703 0.459703 0.459703 0.459703 0.459703 0.459703 0.459703 0.459703 0.459703 0.459703 0.459703 0.459703 0.459703 0.459703 0.459703 0.459703 0.459703 0.459703 0.459703 0.459703 0.459703 0.459703 0.459703 0.459703 0.459703 0.459703 0.459703 0.458919 0.459703 0.459703 0.459703 0.459703 0.459703 0.459703 0.459703 0.459703 0.459703 0.375904 0.459703 0.459703 0.459703 0.459703 0.459703 0.459703 0.459703 0.459703 0.459703 0.345826 0.459703 0.459703 0.459703 0.340001 0.459703 0.459703 0.340152 0.459703 0.459703 0.459703 0.459703 0.459703 0.459703 0.442279 0.459703 0.459703 0.340142 0.459703 0.459703 0.459703 0.459703 0.459703 0.459703 0.450302 0.459703 0.459703 0.340035 0.459703 0.459703 0.459703 0.459703 0.459703 0.459703 0.459703 0.459703 0.459703 0.459703 0.459703 0.459703 0.459703 0.459703 0.459703 0.459703 0.459703 0.459703 0.459703 0.459703 0.459703 0.459703 0.459703 0.459703 0.459703 0.459703 0.459703 0.459703 0.459703 0.459703 0.459703 0.459703 0.459703 0.459703 0.459703 0.459703 0.459703 0.459703 0.459703 0.459703 0.459703 0.459703 0.398855 0.459703 0.459703 0.459703 0.459703 0.459703 0.459703 0.459703 0.459703 0.459703 0.446034 0.459703 0.459703 0.459703 0.459703 0.459703 0.459703 0.459703 0.459703 0.459703 0.457476 0.459703 0.459703 0.459703 0.459703 0.459703 0.459703 0.459703 0.459703 0.459703 0.340037 0.459703 0.459703 0.459703 0.459703 0.459703 0.459703 0.459703 0.459703 0.459703 0.457856 0.459703 0.459703 0.459703 0.459703 0.459703 0.459703 0.459703 0.459703 0.459703 0.342346 0.459703 0.459703 0.459703 0.459515 0.459703 0.459703 0.458834 0.459703 0.459703 0.459703 0.459703 0.459703 0.459703 0.340026 0.459703 0.459703 0.459366 0.459703 0.459703 0.459703 0.459703 0.459703 0.459703 0.371212 0.459703 0.459703 0.342018 0.459703 0.459703 0.459703 0.459703 0.459703 0.459703 0.459703 0.459703 0.459703 0.459703 0.459703 0.459703 0.459703 0.459703 0.459703 0.459703 0.459703 0.459703 0.459703 0.459703 0.459703 0.459703 0.459703 0.459703 0.459703 0.459703 0.459703 0.459703 0.459703 0.459703 0.459703 0.459703 0.459703 0.459703 0.459703 0.459703 0.459703 0.459703 0.459703 0.459703 0.459703 0.459703 0.45935 0.459703 0.459703 0.459703 0.459703 0.459703 0.459703 0.459703 0.459703 0.459703 0.340403 0.459703 0.459703 0.459703 0.459703 0.459703 0.459703 0.459703 0.459703 0.459703 0.458749 0.459703 0.459703 0.459703 0.340853 0.459703 0.459703 0.455473 0.459703 0.459703 0.459703 0.459703 0.459703 0.459703 0.441776 0.459703 0.459703 0.340008 0.459703 0.459703 0.459703 0.459703 0.459703 0.459703 0.340003 0.459703 0.459703 0.349777 0.459703 0.459703 0.459703 0.459703 0.459703 0.459703 0.459703 0.459703 0.459703 0.459703 0.459703 0.459703 0.459703 0.459703 0.459703 0.459703 0.459703 0.459703 0.459703 0.459703 0.459703 0.459703 0.459703 0.459703 0.459703 0.459703 0.459703 0.459703 0.459703 0.459703 0.459703 0.459703 0.459703 0.459703 0.459703 0.459703 0.459703 0.459703 0.459703 0.459703 0.459703 0.459703 0.454003 0.459703 0.459703 0.459703 0.459703 0.459703 0.459703 0.459703 0.459703 0.459703 0.340002 0.459703 0.459703 0.459703 0.459703 0.459703 0.459703 0.459703 0.459703 0.459703 0.384255 0.459703 0.459703 0.459703 0.458976 0.459703 0.459703 0.408507 0.459703 0.459703 0.459703 0.459703 0.459703 0.459703 0.449646 0.459703 0.459703 0.445319 0.459703 0.459703 0.459703 0.459703 0.459703 0.459703 0.352687 0.459703 0.459703 0.356121 0.459703 0.459703 0.459703 0.459703 0.459703 0.459703 0.459703 0.459703 0.459703 0.459703 0.459703 0.459703 0.459703 0.459703 0.459703 0.459703 0.459703 0.459703 0.459703 0.459703 0.459703 0.459703 0.459703 0.459703 0.459703 0.459703 0.459703 0.459703 0.459703 0.459703 0.459703 0.459703 0.459703 0.459703 0.459703 0.459703 0.459703 0.459703 0.459703 0.459703 0.459703 0.459703 0.457423 0.459703 0.459703 0.459703 0.459703 0.459703 0.459703 0.459703 0.459703 0.459703 0.459423 0.459703 0.459703 0.459703 0.459703 0.459703 0.459703 0.459703 0.459703 0.459703 0.459007 0.459703 0.459703 0.459703 0.459703 0.459703 0.459703 0.459703 0.459703 0.459703 0.356722 0.459703 0.459703 0.459703 0.459703 0.459703 0.459703 0.459703 0.459703 0.459703 0.340018 0.459703 0.459703 0.459703 0.459703 0.459703 0.459703 0.459703 0.459703 0.459703 0.340007 0.459703 0.459703 0.459703 0.456208 0.459703 0.459703 0.457011 0.459703 0.459703 0.459703 0.459703 0.459703 0.459703 0.454572 0.459703 0.459703 0.455197 0.459703 0.459703 0.459703 0.459703 0.459703 0.459703 0.455086 0.459703 0.459703 0.459189 0.459703 0.459703 0.459703 0.459703 0.459703 0.459703 0.459703 0.459703 0.459703 0.459703 0.459703 0.459703 0.459703 0.459703 0.459703 0.459703 0.459703 0.459703 0.459703 0.459703 0.459703 0.459703 0.459703 0.459703 0.459703 0.459703 0.459703 0.459703 0.459703 0.459703 0.459703 0.459703 0.459703 0.459703 0.459703 0.459703 0.459703 0.459703 0.459703 0.459703 0.459703 0.459703 0.391096 0.459703 0.459703 0.459703 0.459703 0.459703 0.459703 0.459703 0.459703 0.459703 0.341039 0.459703 0.459703 0.459703 0.459703 0.459703 0.459703 0.459703 0.459703 0.459703 0.34 0.459703 0.459703 0.459703 0.341821 0.459703 0.459703 0.458999 0.459703 0.459703 0.459703 0.459703 0.459703 0.459703 0.341722 0.459703 0.459703 0.459218 0.459703 0.459703 0.459703 0.459703 0.459703 0.459703 0.451133 0.459703 0.459703 0.34633 0.459703 0.459703 0.459703 0.459703 0.459703 0.459703 0.459703 0.459703 0.459703 0.459703 0.459703 0.459703 0.459703 0.459703 0.459703 0.459703 0.459703 0.459703 0.459703 0.459703 0.459703 0.459703 0.459703 0.459703 0.459703 0.459703 0.459703 0.459703 0.459703 0.459703 0.459703 0.459703 0.459703 0.459703 0.459703 0.459703 0.459703 0.459703 0.459703 0.459703 0.459703 0.459703 0.340083 0.459703 0.459703 0.459703 0.459703 0.459703 0.459703 0.459703 0.459703 0.459703 0.459305 0.459703 0.459703 0.459703 0.459703 0.459703 0.459703 0.459703 0.459703 0.459703 0.42753 0.459703 0.459703 0.459703 0.340082 0.459703 0.459703 0.363009 0.459703 0.459703 0.459703 0.459703 0.459703 0.459703 0.354004 0.459703 0.459703 0.451406 0.459703 0.459703 0.459703 0.459703 0.459703 0.459703 0.459442 0.459703 0.459703 0.3889 0.459703 0.459703 0.459703 0.459703 0.459703 0.459703 0.459703 0.459703 0.459703 0.459703 0.459703 0.459703 0.459703 0.459703 0.459703 0.459703 0.459703 0.459703 0.459703 0.459703 0.459703 0.459703 0.459703 0.459703 0.459703 0.459703 0.459703 0.459703 0.459703 0.459703 0.459703 0.459703 0.459703 0.459703 0.459703 0.459703 0.459703 0.459703 0.459703 0.459703 0.459703 0.459703 0.429273 0.459703 0.459703 0.459703 0.459703 0.459703 0.459703 0.459703 0.459703 0.459703 0.457151 0.459703 0.459703 0.459703 0.459703 0.459703 0.459703 0.459703 0.459703 0.459703 0.45903 0.459703 0.459703 
0.469654 0.469654 0.469654 0.469654 0.469654 0.469654 0.469654 0.463189 0.469654 0.469654 0.469654 0.469654 0.469654 0.469654 0.469654 0.469654 0.469654 0.330001 0.469654 0.469654 0.469654 0.469654 0.469654 0.469654 0.469654 0.469654 0.469654 0.335522 0.469654 0.469654 0.469654 0.395527 0.469654 0.469654 0.469499 0.469654 0.469654 0.469654 0.469654 0.469654 0.469654 0.46949 0.469654 0.469654 0.330021 0.469654 0.469654 0.469654 0.469654 0.469654 0.469654 0.468922 0.469654 0.469654 0.344154 0.469654 0.469654 0.469654 0.469654 0.469654 0.469654 0.469654 0.469654 0.469654 0.469654 0.469654 0.469654 0.469654 0.469654 0.469654 0.469654 0.469654 0.469654 0.469654 0.469654 0.469654 0.469654 0.469654 0.469654 0.469654 0.469654 0.469654 0.469654 0.469654 0.469654 0.469654 0.469654 0.469654 0.469654 0.469654 0.469654 0.469654 0.469654 0.469654 0.469654 0.469654 0.469654 0.355276 0.469654 0.469654 0.469654 0.469654 0.469654 0.469654 0.469654 0.469654 0.469654 0.469193 0.469654 0.469654 0.469654 0.469654 0.469654 0.469654 0.469654 0.469654 0.469654 0.44881 0.469654 0.469654 0.469654 0.436541 0.469654 0.469654 0.330006 0.469654 0.469654 0.469654 0.469654 0.469654 0.469654 0.330015 0.469654 0.469654 0.330012 0.469654 0.469654 0.469654 0.469654 0.469654 0.469654 0.370818 0.469654 0.469654 0.467628 0.469654 0.469654 0.469654 0.469654 0.469654 0.469654 0.469654 0.469654 0.469654 0.469654 0.469654 0.469654 0.469654 0.469654 0.469654 0.469654 0.469654 0.469654 0.469654 0.469654 0.469654 0.469654 0.469654 0.469654 0.469654 0.469654 0.469654 0.469654 0.469654 0.469654 0.469654 0.469654 0.469654 0.469654 0.469654 0.469654 0.469654 0.469654 0.469654 0.469654 0.469654 0.469654 0.468751 0.469654 0.469654 0.469654 0.469654 0.469654 0.469654 0.469654 0.469654 0.469654 0.368447 0.469654 0.469654 0.469654 0.469654 0.469654 0.469654 0.469654 0.469654 0.469654 0.336774 0.469654 0.469654 0.469654 0.330002 0.469654 0.469654 0.330166 0.469654 0.469654 0.469654 0.469654 0.469654 0.469654 0.447978 0.469654 0.469654 0.330158 0.469654 0.469654 0.469654 0.469654 0.469654 0.469654 0.458905 0.469654 0.469654 0.330041 0.469654 0.469654 0.469654 0.469654 0.469654 0.469654 0.469654 0.469654 0.469654 0.469654 0.469654 0.469654 0.469654 0.469654 0.469654 0.469654 0.469654 0.469654 0.469654 0.469654 0.469654 0.469654 0.469654 0.469654 0.469654 0.469654 0.469654 0.469654 0.469654 0.469654 0.469654 0.469654 0.469654 0.469654 0.469654 0.469654 0.469654 0.469654 0.469654 0.469654 0.469654 0.469654 0.395798 0.469654 0.469654 0.469654 0.469654 0.469654 0.469654 0.469654 0.469654 0.469654 0.452615 0.469654 0.469654 0.469654 0.469654 0.469654 0.469654 0.469654 0.469654 0.469654 0.467198 0.469654 0.469654 0.469654 0.469654 0.469654 0.469654 0.469654 0.469654 0.469654 0.330049 0.469654 0.469654 0.469654 0.469654 0.469654 0.469654 0.469654 0.469654 0.469654 0.467551 0.469654 0.469654 0.469654 0.469654 0.469654 0.469654 0.469654 0.469654 0.469654 0.33249 0.469654 0.469654 0.469654 0.469419 0.469654 0.469654 0.468665 0.469654 0.469654 0.469654 0.469654 0.469654 0.469654 0.330029 0.469654 0.469654 0.469247 0.469654 0.469654 0.469654 0.469654 0.469654 0.469654 0.366307 0.469654 0.469654 0.332995 0.469654 0.469654 0.469654 0.469654 0.469654 0.469654 0.469654 0.469654 0.469654 0.469654 0.469654 0.469654 0.469654 0.469654 0.469654 0.469654 0.469654 0.469654 0.469654 0.469654 0.469654 0.469654 0.469654 0.469654 0.469654 0.469654 0.469654 0.469654 0.469654 0.469654 0.469654 0.469654 0.469654 0.469654 0.469654 0.469654 0.469654 0.469654 0.469654 0.469654 0.469654 0.469654 0.469251 0.469654 0.469654 0.469654 0.469654 0.469654 0.469654 0.469654 0.469654 0.469654 0.330453 0.469654 0.469654 0.469654 0.469654 0.469654 0.469654 0.469654 0.469654 0.469654 0.468504 0.469654 0.469654 0.469654 0.330951 0.469654 0.469654 0.464632 0.469654 0.469654 0.469654 0.469654 0.469654 0.469654 0.448445 0.469654 0.469654 0.330009 0.469654 0.469654 0.469654 0.469654 0.469654 0.469654 0.330004 0.469654 0.469654 0.342392 0.469654 0.469654 0.469654 0.469654 0.469654 0.469654 0.469654 0.469654 0.469654 0.469654 0.469654 0.469654 0.469654 0.469654 0.469654 0.469654 0.469654 0.469654 0.469654 0.469654 0.469654 0.469654 0.469654 0.469654 0.469654 0.469654 0.469654 0.469654 0.469654 0.469654 0.469654 0.469654 0.469654 0.469654 0.469654 0.469654 0.469654 0.469654 0.469654 0.469654 0.469654 0.469654 0.462522 0.469654 0.469654 0.469654 0.469654 0.469654 0.469654 0.469654 0.469654 0.469654 0.330002 0.469654 0.469654 0.469654 0.469654 0.469654 0.469654 0.469654 0.469654 0.469654 0.380637 0.469654 0.469654 0.469654 0.468715 0.469654 0.469654 0.411275 0.469654 0.469654 0.469654 0.469654 0.469654 0.469654 0.458122 0.469654 0.469654 0.453505 0.469654 0.469654 0.469654 0.469654 0.469654 0.469654 0.34523 0.469654 0.469654 0.349631 0.469654 0.469654 0.469654 0.469654 0.469654 0.469654 0.469654 0.469654 0.469654 0.469654 0.469654 0.469654 0.469654 0.469654 0.469654 0.469654 0.469654 0.469654 0.469654 0.469654 0.469654 0.469654 0.469654 0.469654 0.469654 0.469654 0.469654 0.469654 0.469654 0.469654 0.469654 0.469654 0.469654 0.469654 0.469654 0.469654 0.469654 0.469654 0.469654 0.469654 0.469654 0.469654 0.46717 0.469654 0.469654 0.469654 0.469654 0.469654 0.469654 0.469654 0.469654 0.469654 0.469318 0.469654 0.469654 0.469654 0.469654 0.469654 0.469654 0.469654 0.469654 0.469654 0.468849 0.469654 0.469654 0.469654 0.469654 0.469654 0.469654 0.469654 0.469654 0.469654 0.349483 0.469654 0.469654 0.469654 0.469654 0.469654 0.469654 0.469654 0.469654 0.469654 0.330021 0.469654 0.469654 0.469654 0.469654 0.469654 0.469654 0.469654 0.469654 0.469654 0.330008 0.469654 0.469654 0.469654 0.465416 0.469654 0.469654 0.466243 0.469654 0.469654 0.469654 0.469654 0.469654 0.469654 0.463871 0.469654 0.469654 0.464538 0.469654 0.469654 0.469654 0.469654 0.469654 0.469654 0.464538 0.469654 0.469654 0.469054 0.469654 0.469654 0.469654 0.469654 0.469654 0.469654 0.469654 0.469654 0.469654 0.469654 0.469654 0.469654 0.469654 0.469654 0.469654 0.469654 0.469654 0.469654 0.469654 0.469654 0.469654 0.469654 0.469654 0.469654 0.469654 0.469654 0.469654 0.469654 0.469654 0.469654 0.469654 0.469654 0.469654 0.469654 0.469654 0.469654 0.469654 0.469654 0.469654 0.469654 0.469654 0.469654 0.389996 0.469654 0.469654 0.469654 0.469654 0.469654 0.469654 0.469654 0.469654 0.469654 0.331075 0.469654 0.469654 0.469654 0.469654 0.469654 0.469654 0.469654 0.469654 0.469654 0.33 0.469654 0.469654 0.469654 0.332044 0.469654 0.469654 0.468887 0.469654 0.469654 0.469654 0.469654 0.469654 0.469654 0.331821 0.469654 0.469654 0.469087 0.469654 0.469654 0.469654 0.469654 0.469654 0.469654 0.457803 0.469654 0.469654 0.337534 0.469654 0.469654 0.469654 0.469654 0.469654 0.469654 0.469654 0.469654 0.469654 0.469654 0.469654 0.469654 0.469654 0.469654 0.469654 0.469654 0.469654 0.469654 0.469654 0.469654 0.469654 0.469654 0.469654 0.469654 0.469654 0.469654 0.469654 0.469654 0.469654 0.469654 0.469654 0.469654 0.469654 0.469654 0.469654 0.469654 0.469654 0.469654 0.469654 0.469654 0.469654 0.469654 0.330094 0.469654 0.469654 0.469654 0.469654 0.469654 0.469654 0.469654 0.469654 0.469654 0.469206 0.469654 0.469654 0.469654 0.469654 0.469654 0.469654 0.469654 0.469654 0.469654 0.428631 0.469654 0.469654 0.469654 0.330098 0.469654 0.469654 0.357418 0.469654 0.469654 0.469654 0.469654 0.469654 0.469654 0.346998 0.469654 0.469654 0.459485 0.469654 0.469654 0.469654 0.469654 0.469654 0.469654 0.469349 0.469654 0.469654 0.3878 0.469654 0.469654 0.469654 0.469654 0.469654 0.469654 0.469654 0.469654 0.469654 0.469654 0.469654 0.469654 0.469654 0.469654 0.469654 0.469654 0.469654 0.469654 0.469654 0.469654 0.469654 0.469654 0.469654 0.469654 0.469654 0.469654 0.469654 0.469654 0.469654 0.469654 0.469654 0.469654 0.469654 0.469654 0.469654 0.469654 0.469654 0.469654 0.469654 0.469654 0.469654 0.469654 0.434972 0.469654 0.469654 0.469654 0.469654 0.469654 0.469654 0.469654 0.469654 0.469654 0.466837 0.469654 0.469654 0.469654 0.469654 0.469654 0.469654 0.469654 0.469654 0.469654 0.468734 0.469654 0.469654 
0.479604 0.479604 0.479604 0.479604 0.479604 0.479604 0.479604 0.471872 0.479604 0.479604 0.479604 0.479604 0.479604 0.479604 0.479604 0.479604 0.479604 0.320001 0.479604 0.479604 0.479604 0.479604 0.479604 0.479604 0.479604 0.479604 0.479604 0.326362 0.479604 0.479604 0.479604 0.396627 0.479604 0.479604 0.479425 0.479604 0.479604 0.479604 0.479604 0.479604 0.479604 0.4794 0.479604 0.479604 0.320023 0.479604 0.479604 0.479604 0.479604 0.479604 0.479604 0.47881 0.479604 0.479604 0.336915 0.479604 0.479604 0.479604 0.479604 0.479604 0.479604 0.479604 0.479604 0.479604 0.479604 0.479604 0.479604 0.479604 0.479604 0.479604 0.479604 0.479604 0.479604 0.479604 0.479604 0.479604 0.479604 0.479604 0.479604 0.479604 0.479604 0.479604 0.479604 0.479604 0.479604 0.479604 0.479604 0.479604 0.479604 0.479604 0.479604 0.479604 0.479604 0.479604 0.479604 0.479604 0.479604 0.34852 0.479604 0.479604 0.479604 0.479604 0.479604 0.479604 0.479604 0.479604 0.479604 0.479087 0.479604 0.479604 0.479604 0.479604 0.479604 0.479604 0.479604 0.479604 0.479604 0.455567 0.479604 0.479604 0.479604 0.44378 0.479604 0.479604 0.320008 0.479604 0.479604 0.479604 0.479604 0.479604 0.479604 0.320016 0.479604 0.479604 0.320012 0.479604 0.479604 0.479604 0.479604 0.479604 0.479604 0.366155 0.479604 0.479604 0.477359 0.479604 0.479604 0.479604 0.479604 0.479604 0.479604 0.479604 0.479604 0.479604 0.479604 0.479604 0.479604 0.479604 0.479604 0.479604 0.479604 0.479604 0.479604 0.479604 0.479604 0.479604 0.479604 0.479604 0.479604 0.479604 0.479604 0.479604 0.479604 0.479604 0.479604 0.479604 0.479604 0.479604 0.479604 0.479604 0.479604 0.479604 0.479604 0.479604 0.479604 0.479604 0.479604 0.478513 0.479604 0.479604 0.479604 0.479604 0.479604 0.479604 0.479604 0.479604 0.479604 0.364163 0.479604 0.479604 0.479604 0.479604 0.479604 0.479604 0.479604 0.479604 0.479604 0.32839 0.479604 0.479604 0.479604 0.320002 0.479604 0.479604 0.320193 0.479604 0.479604 0.479604 0.479604 0.479604 0.479604 0.454376 0.479604 0.479604 0.320173 0.479604 0.479604 0.479604 0.479604 0.479604 0.479604 0.467589 0.479604 0.479604 0.320047 0.479604 0.479604 0.479604 0.479604 0.479604 0.479604 0.479604 0.479604 0.479604 0.479604 0.479604 0.479604 0.479604 0.479604 0.479604 0.479604 0.479604 0.479604 0.479604 0.479604 0.479604 0.479604 0.479604 0.479604 0.479604 0.479604 0.479604 0.479604 0.479604 0.479604 0.479604 0.479604 0.479604 0.479604 0.479604 0.479604 0.479604 0.479604 0.479604 0.479604 0.479604 0.479604 0.393623 0.479604 0.479604 0.479604 0.479604 0.479604 0.479604 0.479604 0.479604 0.479604 0.457521 0.479604 0.479604 0.479604 0.479604 0.479604 0.479604 0.479604 0.479604 0.479604 0.476539 0.479604 0.479604 0.479604 0.479604 0.479604 0.479604 0.479604 0.479604 0.479604 0.320056 0.479604 0.479604 0.479604 0.479604 0.479604 0.479604 0.479604 0.479604 0.479604 0.477206 0.479604 0.479604 0.479604 0.479604 0.479604 0.479604 0.479604 0.479604 0.479604 0.322727 0.479604 0.479604 0.479604 0.479326 0.479604 0.479604 0.47848 0.479604 0.479604 0.479604 0.479604 0.479604 0.479604 0.320032 0.479604 0.479604 0.479107 0.479604 0.479604 0.479604 0.479604 0.479604 0.479604 0.359068 0.479604 0.479604 0.323264 0.479604 0.479604 0.479604 0.479604 0.479604 0.479604 0.479604 0.479604 0.479604 0.479604 0.479604 0.479604 0.479604 0.479604 0.479604 0.479604 0.479604 0.479604 0.479604 0.479604 0.479604 0.479604 0.479604 0.479604 0.479604 0.479604 0.479604 0.479604 0.479604 0.479604 0.479604 0.479604 0.479604 0.479604 0.479604 0.479604 0.479604 0.479604 0.479604 0.479604 0.479604 0.479604 0.479153 0.479604 0.479604 0.479604 0.479604 0.479604 0.479604 0.479604 0.479604 0.479604 0.320525 0.479604 0.479604 0.479604 0.479604 0.479604 0.479604 0.479604 0.479604 0.479604 0.478281 0.479604 0.479604 0.479604 0.321082 0.479604 0.479604 0.473625 0.479604 0.479604 0.479604 0.479604 0.479604 0.479604 0.45475 0.479604 0.479604 0.32001 0.479604 0.479604 0.479604 0.479604 0.479604 0.479604 0.320004 0.479604 0.479604 0.334732 0.479604 0.479604 0.479604 0.479604 0.479604 0.479604 0.479604 0.479604 0.479604 0.479604 0.479604 0.479604 0.479604 0.479604 0.479604 0.479604 0.479604 0.479604 0.479604 0.479604 0.479604 0.479604 0.479604 0.479604 0.479604 0.479604 0.479604 0.479604 0.479604 0.479604 0.479604 0.479604 0.479604 0.479604 0.479604 0.479604 0.479604 0.479604 0.479604 0.479604 0.479604 0.479604 0.471682 0.479604 0.479604 0.479604 0.479604 0.479604 0.479604 0.479604 0.479604 0.479604 0.320003 0.479604 0.479604 0.479604 0.479604 0.479604 0.479604 0.479604 0.479604 0.479604 0.377157 0.479604 0.479604 0.479604 0.478505 0.479604 0.479604 0.412995 0.479604 0.479604 0.479604 0.479604 0.479604 0.479604 0.466359 0.479604 0.479604 0.461031 0.479604 0.479604 0.479604 0.479604 0.479604 0.479604 0.337044 0.479604 0.479604 0.34305 0.479604 0.479604 0.479604 0.479604 0.479604 0.479604 0.479604 0.479604 0.479604 0.479604 0.479604 0.479604 0.479604 0.479604 0.479604 0.479604 0.479604 0.479604 0.479604 0.479604 0.479604 0.479604 0.479604 0.479604 0.479604 0.479604 0.479604 0.479604 0.479604 0.479604 0.479604 0.479604 0.479604 0.479604 0.479604 0.479604 0.479604 0.479604 0.479604 0.479604 0.479604 0.479604 0.476639 0.479604 0.479604 0.479604 0.479604 0.479604 0.479604 0.479604 0.479604 0.479604 0.479213 0.479604 0.479604 0.479604 0.479604 0.479604 0.479604 0.479604 0.479604 0.479604 0.478604 0.479604 0.479604 0.479604 0.479604 0.479604 0.479604 0.479604 0.479604 0.479604 0.342026 0.479604 0.479604 0.479604 0.479604 0.479604 0.479604 0.479604 0.479604 0.479604 0.320023 0.479604 0.479604 0.479604 0.479604 0.479604 0.479604 0.479604 0.479604 0.479604 0.320008 0.479604 0.479604 0.479604 0.474315 0.479604 0.479604 0.475773 0.479604 0.479604 0.479604 0.479604 0.479604 0.479604 0.472301 0.479604 0.479604 0.47356 0.479604 0.479604 0.479604 0.479604 0.479604 0.479604 0.473815 0.479604 0.479604 0.478891 0.479604 0.479604 0.479604 0.479604 0.479604 0.479604 0.479604 0.479604 0.479604 0.479604 0.479604 0.479604 0.479604 0.479604 0.479604 0.479604 0.479604 0.479604 0.479604 0.479604 0.479604 0.479604 0.479604 0.479604 0.479604 0.479604 0.479604 0.479604 0.479604 0.479604 0.479604 0.479604 0.479604 0.479604 0.479604 0.479604 0.479604 0.479604 0.479604 0.479604 0.479604 0.479604 0.390626 0.479604 0.479604 0.479604 0.479604 0.479604 0.479604 0.479604 0.479604 0.479604 0.321122 0.479604 0.479604 0.479604 0.479604 0.479604 0.479604 0.479604 0.479604 0.479604 0.32 0.479604 0.479604 0.479604 0.3224 0.479604 0.479604 0.478772 0.479604 0.479604 0.479604 0.479604 0.479604 0.479604 0.322031 0.479604 0.479604 0.47896 0.479604 0.479604 0.479604 0.479604 0.479604 0.479604 0.466525 0.479604 0.479604 0.328483 0.479604 0.479604 0.479604 0.479604 0.479604 0.479604 0.479604 0.479604 0.479604 0.479604 0.479604 0.479604 0.479604 0.479604 0.479604 0.479604 0.479604 0.479604 0.479604 0.479604 0.479604 0.479604 0.479604 0.479604 0.479604 0.479604 0.479604 0.479604 0.479604 0.479604 0.479604 0.479604 0.479604 0.479604 0.479604 0.479604 0.479604 0.479604 0.479604 0.479604 0.479604 0.479604 0.320105 0.479604 0.479604 0.479604 0.479604 0.479604 0.479604 0.479604 0.479604 0.479604 0.479127 0.479604 0.479604 0.479604 0.479604 0.479604 0.479604 0.479604 0.479604 0.479604 0.429104 0.479604 0.479604 0.479604 0.320104 0.479604 0.479604 0.35121 0.479604 0.479604 0.479604 0.479604 0.479604 0.479604 0.339031 0.479604 0.479604 0.468763 0.479604 0.479604 0.479604 0.479604 0.479604 0.479604 0.479267 0.479604 0.479604 0.385326 0.479604 0.479604 0.479604 0.479604 0.479604 0.479604 0.479604 0.479604 0.479604 0.479604 0.479604 0.479604 0.479604 0.479604 0.479604 0.479604 0.479604 0.479604 0.479604 0.479604 0.479604 0.479604 0.479604 0.479604 0.479604 0.479604 0.479604 0.479604 0.479604 0.479604 0.479604 0.479604 0.479604 0.479604 0.479604 0.479604 0.479604 0.479604 0.479604 0.479604 0.479604 0.479604 0.441978 0.479604 0.479604 0.479604 0.479604 0.479604 0.479604 0.479604 0.479604 0.479604 0.476492 0.479604 0.479604 0.479604 0.479604 0.479604 0.479604 0.479604 0.479604 0.479604 0.478595 0.479604 0.479604 
0.489555 0.489555 0.489555 0.489555 0.489555 0.489555 0.489555 0.481031 0.489555 0.489555 0.489555 0.489555 0.489555 0.489555 0.489555 0.489555 0.489555 0.310001 0.489555 0.489555 0.489555 0.489555 0.489555 0.489555 0.489555 0.489555 0.489555 0.317063 0.489555 0.489555 0.489555 0.395683 0.489555 0.489555 0.489359 0.489555 0.489555 0.489555 0.489555 0.489555 0.489555 0.489336 0.489555 0.489555 0.310024 0.489555 0.489555 0.489555 0.489555 0.489555 0.489555 0.488652 0.489555 0.489555 0.330611 0.489555 0.489555 0.489555 0.489555 0.489555 0.489555 0.489555 0.489555 0.489555 0.489555 0.489555 0.489555 0.489555 0.489555 0.489555 0.489555 0.489555 0.489555 0.489555 0.489555 0.489555 0.489555 0.489555 0.489555 0.489555 0.489555 0.489555 0.489555 0.489555 0.489555 0.489555 0.489555 0.489555 0.489555 0.489555 0.489555 0.489555 0.489555 0.489555 0.489555 0.489555 0.489555 0.340926 0.489555 0.489555 0.489555 0.489555 0.489555 0.489555 0.489555 0.489555 0.489555 0.488975 0.489555 0.489555 0.489555 0.489555 0.489555 0.489555 0.489555 0.489555 0.489555 0.462323 0.489555 0.489555 0.489555 0.449689 0.489555 0.489555 0.310009 0.489555 0.489555 0.489555 0.489555 0.489555 0.489555 0.310017 0.489555 0.489555 0.310013 0.489555 0.489555 0.489555 0.489555 0.489555 0.489555 0.36137 0.489555 0.489555 0.487073 0.489555 0.489555 0.489555 0.489555 0.489555 0.489555 0.489555 0.489555 0.489555 0.489555 0.489555 0.489555 0.489555 0.489555 0.489555 0.489555 0.489555 0.489555 0.489555 0.489555 0.489555 0.489555 0.489555 0.489555 0.489555 0.489555 0.489555 0.489555 0.489555 0.489555 0.489555 0.489555 0.489555 0.489555 0.489555 0.489555 0.489555 0.489555 0.489555 0.489555 0.489555 0.489555 0.488345 0.489555 0.489555 0.489555 0.489555 0.489555 0.489555 0.489555 0.489555 0.489555 0.357765 0.489555 0.489555 0.489555 0.489555 0.489555 0.489555 0.489555 0.489555 0.489555 0.319029 0.489555 0.489555 0.489555 0.310002 0.489555 0.489555 0.310218 0.489555 0.489555 0.489555 0.489555 0.489555 0.489555 0.46197 0.489555 0.489555 0.310188 0.489555 0.489555 0.489555 0.489555 0.489555 0.489555 0.47443 0.489555 0.489555 0.310055 0.489555 0.489555 0.489555 0.489555 0.489555 0.489555 0.489555 0.489555 0.489555 0.489555 0.489555 0.489555 0.489555 0.489555 0.489555 0.489555 0.489555 0.489555 0.489555 0.489555 0.489555 0.489555 0.489555 0.489555 0.489555 0.489555 0.489555 0.489555 0.489555 0.489555 0.489555 0.489555 0.489555 0.489555 0.489555 0.489555 0.489555 0.489555 0.489555 0.489555 0.489555 0.489555 0.391751 0.489555 0.489555 0.489555 0.489555 0.489555 0.489555 0.489555 0.489555 0.489555 0.46392 0.489555 0.489555 0.489555 0.489555 0.489555 0.489555 0.489555 0.489555 0.489555 0.486253 0.489555 0.489555 0.489555 0.489555 0.489555 0.489555 0.489555 0.489555 0.489555 0.310064 0.489555 0.489555 0.489555 0.489555 0.489555 0.489555 0.489555 0.489555 0.489555 0.486827 0.489555 0.489555 0.489555 0.489555 0.489555 0.489555 0.489555 0.489555 0.489555 0.313095 0.489555 0.489555 0.489555 0.489242 0.489555 0.489555 0.488219 0.489555 0.489555 0.489555 0.489555 0.489555 0.489555 0.310036 0.489555 0.489555 0.488998 0.489555 0.489555 0.489555 0.489555 0.489555 0.489555 0.353697 0.489555 0.489555 0.313509 0.489555 0.489555 0.489555 0.489555 0.489555 0.489555 0.489555 0.489555 0.489555 0.489555 0.489555 0.489555 0.489555 0.489555 0.489555 0.489555 0.489555 0.489555 0.489555 0.489555 0.489555 0.489555 0.489555 0.489555 0.489555 0.489555 0.489555 0.489555 0.489555 0.489555 0.489555 0.489555 0.489555 0.489555 0.489555 0.489555 0.489555 0.489555 0.489555 0.489555 0.489555 0.489555 0.488999 0.489555 0.489555 0.489555 0.489555 0.489555 0.489555 0.489555 0.489555 0.489555 0.310554 0.489555 0.489555 0.489555 0.489555 0.489555 0.489555 0.489555 0.489555 0.489555 0.487936 0.489555 0.489555 0.489555 0.311214 0.489555 0.489555 0.483235 0.489555 0.489555 0.489555 0.489555 0.489555 0.489555 0.461913 0.489555 0.489555 0.310011 0.489555 0.489555 0.489555 0.489555 0.489555 0.489555 0.310005 0.489555 0.489555 0.326494 0.489555 0.489555 0.489555 0.489555 0.489555 0.489555 0.489555 0.489555 0.489555 0.489555 0.489555 0.489555 0.489555 0.489555 0.489555 0.489555 0.489555 0.489555 0.489555 0.489555 0.489555 0.489555 0.489555 0.489555 0.489555 0.489555 0.489555 0.489555 0.489555 0.489555 0.489555 0.489555 0.489555 0.489555 0.489555 0.489555 0.489555 0.489555 0.489555 0.489555 0.489555 0.489555 0.480866 0.489555 0.489555 0.489555 0.489555 0.489555 0.489555 0.489555 0.489555 0.489555 0.310003 0.489555 0.489555 0.489555 0.489555 0.489555 0.489555 0.489555 0.489555 0.489555 0.373677 0.489555 0.489555 0.489555 0.488331 0.489555 0.489555 0.41331 0.489555 0.489555 0.489555 0.489555 0.489555 0.489555 0.47479 0.489555 0.489555 0.468557 0.489555 0.489555 0.489555 0.489555 0.489555 0.489555 0.330374 0.489555 0.489555 0.335325 0.489555 0.489555 0.489555 0.489555 0.489555 0.489555 0.489555 0.489555 0.489555 0.489555 0.489555 0.489555 0.489555 0.489555 0.489555 0.489555 0.489555 0.489555 0.489555 0.489555 0.489555 0.489555 0.489555 0.489555 0.489555 0.489555 0.489555 0.489555 0.489555 0.489555 0.489555 0.489555 0.489555 0.489555 0.489555 0.489555 0.489555 0.489555 0.489555 0.489555 0.489555 0.489555 0.486352 0.489555 0.489555 0.489555 0.489555 0.489555 0.489555 0.489555 0.489555 0.489555 0.489097 0.489555 0.489555 0.489555 0.489555 0.489555 0.489555 0.489555 0.489555 0.489555 0.488441 0.489555 0.489555 0.489555 0.489555 0.489555 0.489555 0.489555 0.489555 0.489555 0.338408 0.489555 0.489555 0.489555 0.489555 0.489555 0.489555 0.489555 0.489555 0.489555 0.310029 0.489555 0.489555 0.489555 0.489555 0.489555 0.489555 0.489555 0.489555 0.489555 0.31001 0.489555 0.489555 0.489555 0.483394 0.489555 0.489555 0.485241 0.489555 0.489555 0.489555 0.489555 0.489555 0.489555 0.481435 0.489555 0.489555 0.482881 0.489555 0.489555 0.489555 0.489555 0.489555 0.489555 0.482778 0.489555 0.489555 0.488789 0.489555 0.489555 0.489555 0.489555 0.489555 0.489555 0.489555 0.489555 0.489555 0.489555 0.489555 0.489555 0.489555 0.489555 0.489555 0.489555 0.489555 0.489555 0.489555 0.489555 0.489555 0.489555 0.489555 0.489555 0.489555 0.489555 0.489555 0.489555 0.489555 0.489555 0.489555 0.489555 0.489555 0.489555 0.489555 0.489555 0.489555 0.489555 0.489555 0.489555 0.489555 0.489555 0.390942 0.489555 0.489555 0.489555 0.489555 0.489555 0.489555 0.489555 0.489555 0.489555 0.31128 0.489555 0.489555 0.489555 0.489555 0.489555 0.489555 0.489555 0.489555 0.489555 0.31 0.489555 0.489555 0.489555 0.312791 0.489555 0.489555 0.488632 0.489555 0.489555 0.489555 0.489555 0.489555 0.489555 0.312409 0.489555 0.489555 0.488855 0.489555 0.489555 0.489555 0.489555 0.489555 0.489555 0.475087 0.489555 0.489555 0.31946 0.489555 0.489555 0.489555 0.489555 0.489555 0.489555 0.489555 0.489555 0.489555 0.489555 0.489555 0.489555 0.489555 0.489555 0.489555 0.489555 0.489555 0.489555 0.489555 0.489555 0.489555 0.489555 0.489555 0.489555 0.489555 0.489555 0.489555 0.489555 0.489555 0.489555 0.489555 0.489555 0.489555 0.489555 0.489555 0.489555 0.489555 0.489555 0.489555 0.489555 0.489555 0.489555 0.310114 0.489555 0.489555 0.489555 0.489555 0.489555 0.489555 0.489555 0.489555 0.489555 0.48904 0.489555 0.489555 0.489555 0.489555 0.489555 0.489555 0.489555 0.489555 0.489555 0.434246 0.489555 0.489555 0.489555 0.310118 0.489555 0.489555 0.344906 0.489555 0.489555 0.489555 0.489555 0.489555 0.489555 0.330743 0.489555 0.489555 0.478143 0.489555 0.489555 0.489555 0.489555 0.489555 0.489555 0.489155 0.489555 0.489555 0.385484 0.489555 0.489555 0.489555 0.489555 0.489555 0.489555 0.489555 0.489555 0.489555 0.489555 0.489555 0.489555 0.489555 0.489555 0.489555 0.489555 0.489555 0.489555 0.489555 0.489555 0.489555 0.489555 0.489555 0.489555 0.489555 0.489555 0.489555 0.489555 0.489555 0.489555 0.489555 0.489555 0.489555 0.489555 0.489555 0.489555 0.489555 0.489555 0.489555 0.489555 0.489555 0.489555 0.448734 0.489555 0.489555 0.489555 0.489555 0.489555 0.489555 0.489555 0.489555 0.489555 0.485909 0.489555 0.489555 0.489555 0.489555 0.489555 0.489555 0.489555 0.489555 0.489555 0.488378 0.489555 0.489555 
0.499505 0.499505 0.499505 0.499505 0.499505 0.499505 0.499505 0.490054 0.499505 0.499505 0.499505 0.499505 0.499505 0.499505 0.499505 0.499505 0.499505 0.300001 0.499505 0.499505 0.499505 0.499505 0.499505 0.499505 0.499505 0.499505 0.499505 0.307683 0.499505 0.499505 0.499505 0.396314 0.499505 0.499505 0.499293 0.499505 0.499505 0.499505 0.499505 0.499505 0.499505 0.499252 0.499505 0.499505 0.300031 0.499505 0.499505 0.499505 0.499505 0.499505 0.499505 0.498512 0.499505 0.499505 0.322323 0.499505 0.499505 0.499505 0.499505 0.499505 0.499505 0.499505 0.499505 0.499505 0.499505 0.499505 0.499505 0.499505 0.499505 0.499505 0.499505 0.499505 0.499505 0.499505 0.499505 0.499505 0.499505 0.499505 0.499505 0.499505 0.499505 0.499505 0.499505 0.499505 0.499505 0.499505 0.499505 0.499505 0.499505 0.499505 0.499505 0.499505 0.499505 0.499505 0.499505 0.499505 0.499505 0.334816 0.499505 0.499505 0.499505 0.499505 0.499505 0.499505 0.499505 0.499505 0.499505 0.498856 0.499505 0.499505 0.499505 0.499505 0.499505 0.499505 0.499505 0.499505 0.499505 0.468993 0.499505 0.499505 0.499505 0.455059 0.499505 0.499505 0.30001 0.499505 0.499505 0.499505 0.499505 0.499505 0.499505 0.300018 0.499505 0.499505 0.300014 0.499505 0.499505 0.499505 0.499505 0.499505 0.499505 0.356464 0.499505 0.499505 0.496795 0.499505 0.499505 0.499505 0.499505 0.499505 0.499505 0.499505 0.499505 0.499505 0.499505 0.499505 0.499505 0.499505 0.499505 0.499505 0.499505 0.499505 0.499505 0.499505 0.499505 0.499505 0.499505 0.499505 0.499505 0.499505 0.499505 0.499505 0.499505 0.499505 0.499505 0.499505 0.499505 0.499505 0.499505 0.499505 0.499505 0.499505 0.499505 0.499505 0.499505 0.499505 0.499505 0.498142 0.499505 0.499505 0.499505 0.499505 0.499505 0.499505 0.499505 0.499505 0.499505 0.351755 0.499505 0.499505 0.499505 0.499505 0.499505 0.499505 0.499505 0.499505 0.499505 0.311006 0.499505 0.499505 0.499505 0.300003 0.499505 0.499505 0.30025 0.499505 0.499505 0.499505 0.499505 0.499505 0.499505 0.469994 0.499505 0.499505 0.300203 0.499505 0.499505 0.499505 0.499505 0.499505 0.499505 0.482509 0.499505 0.499505 0.300061 0.499505 0.499505 0.499505 0.499505 0.499505 0.499505 0.499505 0.499505 0.499505 0.499505 0.499505 0.499505 0.499505 0.499505 0.499505 0.499505 0.499505 0.499505 0.499505 0.499505 0.499505 0.499505 0.499505 0.499505 0.499505 0.499505 0.499505 0.499505 0.499505 0.499505 0.499505 0.499505 0.499505 0.499505 0.499505 0.499505 0.499505 0.499505 0.499505 0.499505 0.499505 0.499505 0.390963 0.499505 0.499505 0.499505 0.499505 0.499505 0.499505 0.499505 0.499505 0.499505 0.470761 0.499505 0.499505 0.499505 0.499505 0.499505 0.499505 0.499505 0.499505 0.499505 0.496 0.499505 0.499505 0.499505 0.499505 0.499505 0.499505 0.499505 0.499505 0.499505 0.300072 0.499505 0.499505 0.499505 0.499505 0.499505 0.499505 0.499505 0.499505 0.499505 0.496512 0.499505 0.499505 0.499505 0.499505 0.499505 0.499505 0.499505 0.499505 0.499505 0.303207 0.499505 0.499505 0.499505 0.499163 0.499505 0.499505 0.498003 0.499505 0.499505 0.499505 0.499505 0.499505 0.499505 0.300039 0.499505 0.499505 0.498875 0.499505 0.499505 0.499505 0.499505 0.499505 0.499505 0.348327 0.499505 0.499505 0.303762 0.499505 0.499505 0.499505 0.499505 0.499505 0.499505 0.499505 0.499505 0.499505 0.499505 0.499505 0.499505 0.499505 0.499505 0.499505 0.499505 0.499505 0.499505 0.499505 0.499505 0.499505 0.499505 0.499505 0.499505 0.499505 0.499505 0.499505 0.499505 0.499505 0.499505 0.499505 0.499505 0.499505 0.499505 0.499505 0.499505 0.499505 0.499505 0.499505 0.499505 0.499505 0.499505 0.498906 0.499505 0.499505 0.499505 0.499505 0.499505 0.499505 0.499505 0.499505 0.499505 0.300586 0.499505 0.499505 0.499505 0.499505 0.499505 0.499505 0.499505 0.499505 0.499505 0.497733 0.499505 0.499505 0.499505 0.301345 0.499505 0.499505 0.492341 0.499505 0.499505 0.499505 0.499505 0.499505 0.499505 0.466451 0.499505 0.499505 0.300012 0.499505 0.499505 0.499505 0.499505 0.499505 0.499505 0.300005 0.499505 0.499505 0.317932 0.499505 0.499505 0.499505 0.499505 0.499505 0.499505 0.499505 0.499505 0.499505 0.499505 0.499505 0.499505 0.499505 0.499505 0.499505 0.499505 0.499505 0.499505 0.499505 0.499505 0.499505 0.499505 0.499505 0.499505 0.499505 0.499505 0.499505 0.499505 0.499505 0.499505 0.499505 0.499505 0.499505 0.499505 0.499505 0.499505 0.499505 0.499505 0.499505 0.499505 0.499505 0.499505 0.489946 0.499505 0.499505 0.499505 0.499505 0.499505 0.499505 0.499505 0.499505 0.499505 0.300003 0.499505 0.499505 0.499505 0.499505 0.499505 0.499505 0.499505 0.499505 0.499505 0.369393 0.499505 0.499505 0.499505 0.498128 0.499505 0.499505 0.414411 0.499505 0.499505 0.499505 0.499505 0.499505 0.499505 0.482813 0.499505 0.499505 0.476406 0.499505 0.499505 0.499505 0.499505 0.499505 0.499505 0.321652 0.499505 0.499505 0.327417 0.499505 0.499505 0.499505 0.499505 0.499505 0.499505 0.499505 0.499505 0.499505 0.499505 0.499505 0.499505 0.499505 0.499505 0.499505 0.499505 0.499505 0.499505 0.499505 0.499505 0.499505 0.499505 0.499505 0.499505 0.499505 0.499505 0.499505 0.499505 0.499505 0.499505 0.499505 0.499505 0.499505 0.499505 0.499505 0.499505 0.499505 0.499505 0.499505 0.499505 0.499505 0.499505 0.496115 0.499505 0.499505 0.499505 0.499505 0.499505 0.499505 0.499505 0.499505 0.499505 0.49901 0.499505 0.499505 0.499505 0.499505 0.499505 0.499505 0.499505 0.499505 0.499505 0.498305 0.499505 0.499505 0.499505 0.499505 0.499505 0.499505 0.499505 0.499505 0.499505 0.333037 0.499505 0.499505 0.499505 0.499505 0.499505 0.499505 0.499505 0.499505 0.499505 0.30003 0.499505 0.499505 0.499505 0.499505 0.499505 0.499505 0.499505 0.499505 0.499505 0.300011 0.499505 0.499505 0.499505 0.492924 0.499505 0.499505 0.494675 0.499505 0.499505 0.499505 0.499505 0.499505 0.499505 0.49023 0.499505 0.499505 0.492113 0.499505 0.499505 0.499505 0.499505 0.499505 0.499505 0.491829 0.499505 0.499505 0.498666 0.499505 0.499505 0.499505 0.499505 0.499505 0.499505 0.499505 0.499505 0.499505 0.499505 0.499505 0.499505 0.499505 0.499505 0.499505 0.499505 0.499505 0.499505 0.499505 0.499505 0.499505 0.499505 0.499505 0.499505 0.499505 0.499505 0.499505 0.499505 0.499505 0.499505 0.499505 0.499505 0.499505 0.499505 0.499505 0.499505 0.499505 0.499505 0.499505 0.499505 0.499505 0.499505 0.386788 0.499505 0.499505 0.499505 0.499505 0.499505 0.499505 0.499505 0.499505 0.499505 0.301454 0.499505 0.499505 0.499505 0.499505 0.499505 0.499505 0.499505 0.499505 0.499505 0.300001 0.499505 0.499505 0.499505 0.303393 0.499505 0.499505 0.498474 0.499505 0.499505 0.499505 0.499505 0.499505 0.499505 0.302549 0.499505 0.499505 0.498724 0.499505 0.499505 0.499505 0.499505 0.499505 0.499505 0.483649 0.499505 0.499505 0.311612 0.499505 0.499505 0.499505 0.499505 0.499505 0.499505 0.499505 0.499505 0.499505 0.499505 0.499505 0.499505 0.499505 0.499505 0.499505 0.499505 0.499505 0.499505 0.499505 0.499505 0.499505 0.499505 0.499505 0.499505 0.499505 0.499505 0.499505 0.499505 0.499505 0.499505 0.499505 0.499505 0.499505 0.499505 0.499505 0.499505 0.499505 0.499505 0.499505 0.499505 0.499505 0.499505 0.300124 0.499505 0.499505 0.499505 0.499505 0.499505 0.499505 0.499505 0.499505 0.499505 0.498941 0.499505 0.499505 0.499505 0.499505 0.499505 0.499505 0.499505 0.499505 0.499505 0.438269 0.499505 0.499505 0.499505 0.300135 0.499505 0.499505 0.338415 0.499505 0.499505 0.499505 0.499505 0.499505 0.499505 0.32358 0.499505 0.499505 0.48611 0.499505 0.499505 0.499505 0.499505 0.499505 0.499505 0.499062 0.499505 0.499505 0.384853 0.499505 0.499505 0.499505 0.499505 0.499505 0.499505 0.499505 0.499505 0.499505 0.499505 0.499505 0.499505 0.499505 0.499505 0.499505 0.499505 0.499505 0.499505 0.499505 0.499505 0.499505 0.499505 0.499505 0.499505 0.499505 0.499505 0.499505 0.499505 0.499505 0.499505 0.499505 0.499505 0.499505 0.499505 0.499505 0.499505 0.499505 0.499505 0.499505 0.499505 0.499505 0.499505 0.455404 0.499505 0.499505 0.499505 0.499505 0.499505 0.499505 0.499505 0.499505 0.499505 0.495408 0.499505 0.499505 0.499505 0.499505 0.499505 0.499505 0.499505 0.499505 0.499505 0.498243 0.499505 0.499505 
0.509456 0.509456 0.509456 0.509456 0.509456 0.509456 0.509456 0.499077 0.509456 0.509456 0.509456 0.509456 0.509456 0.509456 0.509456 0.509456 0.509456 0.290002 0.509456 0.509456 0.509456 0.509456 0.509456 0.509456 0.509456 0.509456 0.509456 0.298342 0.509456 0.509456 0.509456 0.396944 0.509456 0.509456 0.509226 0.509456 0.509456 0.509456 0.509456 0.509456 0.509456 0.509159 0.509456 0.509456 0.290033 0.509456 0.509456 0.509456 0.509456 0.509456 0.509456 0.508407 0.509456 0.509456 0.31419 0.509456 0.509456 0.509456 0.509456 0.509456 0.509456 0.509456 0.509456 0.509456 0.509456 0.509456 0.509456 0.509456 0.509456 0.509456 0.509456 0.509456 0.509456 0.509456 0.509456 0.509456 0.509456 0.509456 0.509456 0.509456 0.509456 0.509456 0.509456 0.509456 0.509456 0.509456 0.509456 0.509456 0.509456 0.509456 0.509456 0.509456 0.509456 0.509456 0.509456 0.509456 0.509456 0.327577 0.509456 0.509456 0.509456 0.509456 0.509456 0.509456 0.509456 0.509456 0.509456 0.508737 0.509456 0.509456 0.509456 0.509456 0.509456 0.509456 0.509456 0.509456 0.509456 0.476587 0.509456 0.509456 0.509456 0.459844 0.509456 0.509456 0.29001 0.509456 0.509456 0.509456 0.509456 0.509456 0.509456 0.290019 0.509456 0.509456 0.290017 0.509456 0.509456 0.509456 0.509456 0.509456 0.509456 0.35231 0.509456 0.509456 0.506586 0.509456 0.509456 0.509456 0.509456 0.509456 0.509456 0.509456 0.509456 0.509456 0.509456 0.509456 0.509456 0.509456 0.509456 0.509456 0.509456 0.509456 0.509456 0.509456 0.509456 0.509456 0.509456 0.509456 0.509456 0.509456 0.509456 0.509456 0.509456 0.509456 0.509456 0.509456 0.509456 0.509456 0.509456 0.509456 0.509456 0.509456 0.509456 0.509456 0.509456 0.509456 0.509456 0.507932 0.509456 0.509456 0.509456 0.509456 0.509456 0.509456 0.509456 0.509456 0.509456 0.348275 0.509456 0.509456 0.509456 0.509456 0.509456 0.509456 0.509456 0.509456 0.509456 0.302141 0.509456 0.509456 0.509456 0.290003 0.509456 0.509456 0.290278 0.509456 0.509456 0.509456 0.509456 0.509456 0.509456 0.476104 0.509456 0.509456 0.290227 0.509456 0.509456 0.509456 0.509456 0.509456 0.509456 0.490846 0.509456 0.509456 0.290065 0.509456 0.509456 0.509456 0.509456 0.509456 0.509456 0.509456 0.509456 0.509456 0.509456 0.509456 0.509456 0.509456 0.509456 0.509456 0.509456 0.509456 0.509456 0.509456 0.509456 0.509456 0.509456 0.509456 0.509456 0.509456 0.509456 0.509456 0.509456 0.509456 0.509456 0.509456 0.509456 0.509456 0.509456 0.509456 0.509456 0.509456 0.509456 0.509456 0.509456 0.509456 0.509456 0.391279 0.509456 0.509456 0.509456 0.509456 0.509456 0.509456 0.509456 0.509456 0.509456 0.478074 0.509456 0.509456 0.509456 0.509456 0.509456 0.509456 0.509456 0.509456 0.509456 0.505633 0.509456 0.509456 0.509456 0.509456 0.509456 0.509456 0.509456 0.509456 0.509456 0.290076 0.509456 0.509456 0.509456 0.509456 0.509456 0.509456 0.509456 0.509456 0.509456 0.506156 0.509456 0.509456 0.509456 0.509456 0.509456 0.509456 0.509456 0.509456 0.509456 0.293502 0.509456 0.509456 0.509456 0.509073 0.509456 0.509456 0.50775 0.509456 0.509456 0.509456 0.509456 0.509456 0.509456 0.290045 0.509456 0.509456 0.508744 0.509456 0.509456 0.509456 0.509456 0.509456 0.509456 0.344304 0.509456 0.509456 0.294311 0.509456 0.509456 0.509456 0.509456 0.509456 0.509456 0.509456 0.509456 0.509456 0.509456 0.509456 0.509456 0.509456 0.509456 0.509456 0.509456 0.509456 0.509456 0.509456 0.509456 0.509456 0.509456 0.509456 0.509456 0.509456 0.509456 0.509456 0.509456 0.509456 0.509456 0.509456 0.509456 0.509456 0.509456 0.509456 0.509456 0.509456 0.509456 0.509456 0.509456 0.509456 0.509456 0.508814 0.509456 0.509456 0.509456 0.509456 0.509456 0.509456 0.509456 0.509456 0.509456 0.290673 0.509456 0.509456 0.509456 0.509456 0.509456 0.509456 0.509456 0.509456 0.509456 0.507472 0.509456 0.509456 0.509456 0.291404 0.509456 0.509456 0.501304 0.509456 0.509456 0.509456 0.509456 0.509456 0.509456 0.473907 0.509456 0.509456 0.290012 0.509456 0.509456 0.509456 0.509456 0.509456 0.509456 0.290005 0.509456 0.509456 0.310024 0.509456 0.509456 0.509456 0.509456 0.509456 0.509456 0.509456 0.509456 0.509456 0.509456 0.509456 0.509456 0.509456 0.509456 0.509456 0.509456 0.509456 0.509456 0.509456 0.509456 0.509456 0.509456 0.509456 0.509456 0.509456 0.509456 0.509456 0.509456 0.509456 0.509456 0.509456 0.509456 0.509456 0.509456 0.509456 0.509456 0.509456 0.509456 0.509456 0.509456 0.509456 0.509456 0.499306 0.509456 0.509456 0.509456 0.509456 0.509456 0.509456 0.509456 0.509456 0.509456 0.290004 0.509456 0.509456 0.509456 0.509456 0.509456 0.509456 0.509456 0.509456 0.509456 0.36524 0.509456 0.509456 0.509456 0.507867 0.509456 0.509456 0.415042 0.509456 0.509456 0.509456 0.509456 0.509456 0.509456 0.491497 0.509456 0.509456 0.48333 0.509456 0.509456 0.509456 0.509456 0.509456 0.509456 0.313865 0.509456 0.509456 0.319891 0.509456 0.509456 0.509456 0.509456 0.509456 0.509456 0.509456 0.509456 0.509456 0.509456 0.509456 0.509456 0.509456 0.509456 0.509456 0.509456 0.509456 0.509456 0.509456 0.509456 0.509456 0.509456 0.509456 0.509456 0.509456 0.509456 0.509456 0.509456 0.509456 0.509456 0.509456 0.509456 0.509456 0.509456 0.509456 0.509456 0.509456 0.509456 0.509456 0.509456 0.509456 0.509456 0.50581 0.509456 0.509456 0.509456 0.509456 0.509456 0.509456 0.509456 0.509456 0.509456 0.508923 0.509456 0.509456 0.509456 0.509456 0.509456 0.509456 0.509456 0.509456 0.509456 0.508157 0.509456 0.509456 0.509456 0.509456 0.509456 0.509456 0.509456 0.509456 0.509456 0.324958 0.509456 0.509456 0.509456 0.509456 0.509456 0.509456 0.509456 0.509456 0.509456 0.290034 0.509456 0.509456 0.509456 0.509456 0.509456 0.509456 0.509456 0.509456 0.509456 0.290012 0.509456 0.509456 0.509456 0.502392 0.509456 0.509456 0.504159 0.509456 0.509456 0.509456 0.509456 0.509456 0.509456 0.499439 0.509456 0.509456 0.501193 0.509456 0.509456 0.509456 0.509456 0.509456 0.509456 0.501344 0.509456 0.509456 0.508475 0.509456 0.509456 0.509456 0.509456 0.509456 0.509456 0.509456 0.509456 0.509456 0.509456 0.509456 0.509456 0.509456 0.509456 0.509456 0.509456 0.509456 0.509456 0.509456 0.509456 0.509456 0.509456 0.509456 0.509456 0.509456 0.509456 0.509456 0.509456 0.509456 0.509456 0.509456 0.509456 0.509456 0.509456 0.509456 0.509456 0.509456 0.509456 0.509456 0.509456 0.509456 0.509456 0.386472 0.509456 0.509456 0.509456 0.509456 0.509456 0.509456 0.509456 0.509456 0.509456 0.291644 0.509456 0.509456 0.509456 0.509456 0.509456 0.509456 0.509456 0.509456 0.509456 0.290001 0.509456 0.509456 0.509456 0.293697 0.509456 0.509456 0.508316 0.509456 0.509456 0.509456 0.509456 0.509456 0.509456 0.292835 0.509456 0.509456 0.508608 0.509456 0.509456 0.509456 0.509456 0.509456 0.509456 0.492479 0.509456 0.509456 0.302714 0.509456 0.509456 0.509456 0.509456 0.509456 0.509456 0.509456 0.509456 0.509456 0.509456 0.509456 0.509456 0.509456 0.509456 0.509456 0.509456 0.509456 0.509456 0.509456 0.509456 0.509456 0.509456 0.509456 0.509456 0.509456 0.509456 0.509456 0.509456 0.509456 0.509456 0.509456 0.509456 0.509456 0.509456 0.509456 0.509456 0.509456 0.509456 0.509456 0.509456 0.509456 0.509456 0.290134 0.509456 0.509456 0.509456 0.509456 0.509456 0.509456 0.509456 0.509456 0.509456 0.508814 0.509456 0.509456 0.509456 0.509456 0.509456 0.509456 0.509456 0.509456 0.509456 0.440742 0.509456 0.509456 0.509456 0.290149 0.509456 0.509456 0.330448 0.509456 0.509456 0.509456 0.509456 0.509456 0.509456 0.316341 0.509456 0.509456 0.494754 0.509456 0.509456 0.509456 0.509456 0.509456 0.509456 0.508954 0.509456 0.509456 0.384537 0.509456 0.509456 0.509456 0.509456 0.509456 0.509456 0.509456 0.509456 0.509456 0.509456 0.509456 0.509456 0.509456 0.509456 0.509456 0.509456 0.509456 0.509456 0.509456 0.509456 0.509456 0.509456 0.509456 0.509456 0.509456 0.509456 0.509456 0.509456 0.509456 0.509456 0.509456 0.509456 0.509456 0.509456 0.509456 0.509456 0.509456 0.509456 0.509456 0.509456 0.509456 0.509456 0.460886 0.509456 0.509456 0.509456 0.509456 0.509456 0.509456 0.509456 0.509456 0.509456 0.505163 0.509456 0.509456 0.509456 0.509456 0.509456 0.509456 0.509456 0.509456 0.509456 0.508052 0.509456 0.509456 
0.519407 0.519407 0.519407 0.519407 0.519407 0.519407 0.519407 0.508456 0.519407 0.519407 0.519407 0.519407 0.519407 0.519407 0.519407 0.519407 0.519407 0.280002 0.519407 0.519407 0.519407 0.519407 0.519407 0.519407 0.519407 0.519407 0.519407 0.28911 0.519407 0.519407 0.519407 0.395533 0.519407 0.519407 0.519156 0.519407 0.519407 0.519407 0.519407 0.519407 0.519407 0.519066 0.519407 0.519407 0.280036 0.519407 0.519407 0.519407 0.519407 0.519407 0.519407 0.518216 0.519407 0.519407 0.30503 0.519407 0.519407 0.519407 0.519407 0.519407 0.519407 0.519407 0.519407 0.519407 0.519407 0.519407 0.519407 0.519407 0.519407 0.519407 0.519407 0.519407 0.519407 0.519407 0.519407 0.519407 0.519407 0.519407 0.519407 0.519407 0.519407 0.519407 0.519407 0.519407 0.519407 0.519407 0.519407 0.519407 0.519407 0.519407 0.519407 0.519407 0.519407 0.519407 0.519407 0.519407 0.519407 0.320821 0.519407 0.519407 0.519407 0.519407 0.519407 0.519407 0.519407 0.519407 0.519407 0.518621 0.519407 0.519407 0.519407 0.519407 0.519407 0.519407 0.519407 0.519407 0.519407 0.484374 0.519407 0.519407 0.519407 0.465215 0.519407 0.519407 0.280011 0.519407 0.519407 0.519407 0.519407 0.519407 0.519407 0.280022 0.519407 0.519407 0.280018 0.519407 0.519407 0.519407 0.519407 0.519407 0.519407 0.349542 0.519407 0.519407 0.516271 0.519407 0.519407 0.519407 0.519407 0.519407 0.519407 0.519407 0.519407 0.519407 0.519407 0.519407 0.519407 0.519407 0.519407 0.519407 0.519407 0.519407 0.519407 0.519407 0.519407 0.519407 0.519407 0.519407 0.519407 0.519407 0.519407 0.519407 0.519407 0.519407 0.519407 0.519407 0.519407 0.519407 0.519407 0.519407 0.519407 0.519407 0.519407 0.519407 0.519407 0.519407 0.519407 0.517716 0.519407 0.519407 0.519407 0.519407 0.519407 0.519407 0.519407 0.519407 0.519407 0.341877 0.519407 0.519407 0.519407 0.519407 0.519407 0.519407 0.519407 0.519407 0.519407 0.292841 0.519407 0.519407 0.519407 0.280003 0.519407 0.519407 0.280338 0.519407 0.519407 0.519407 0.519407 0.519407 0.519407 0.480642 0.519407 0.519407 0.280245 0.519407 0.519407 0.519407 0.519407 0.519407 0.519407 0.49887 0.519407 0.519407 0.28007 0.519407 0.519407 0.519407 0.519407 0.519407 0.519407 0.519407 0.519407 0.519407 0.519407 0.519407 0.519407 0.519407 0.519407 0.519407 0.519407 0.519407 0.519407 0.519407 0.519407 0.519407 0.519407 0.519407 0.519407 0.519407 0.519407 0.519407 0.519407 0.519407 0.519407 0.519407 0.519407 0.519407 0.519407 0.519407 0.519407 0.519407 0.519407 0.519407 0.519407 0.519407 0.519407 0.391437 0.519407 0.519407 0.519407 0.519407 0.519407 0.519407 0.519407 0.519407 0.519407 0.48508 0.519407 0.519407 0.519407 0.519407 0.519407 0.519407 0.519407 0.519407 0.519407 0.515277 0.519407 0.519407 0.519407 0.519407 0.519407 0.519407 0.519407 0.519407 0.519407 0.280082 0.519407 0.519407 0.519407 0.519407 0.519407 0.519407 0.519407 0.519407 0.519407 0.515811 0.519407 0.519407 0.519407 0.519407 0.519407 0.519407 0.519407 0.519407 0.519407 0.283837 0.519407 0.519407 0.519407 0.518977 0.519407 0.519407 0.517587 0.519407 0.519407 0.519407 0.519407 0.519407 0.519407 0.280047 0.519407 0.519407 0.518648 0.519407 0.519407 0.519407 0.519407 0.519407 0.519407 0.338 0.519407 0.519407 0.284514 0.519407 0.519407 0.519407 0.519407 0.519407 0.519407 0.519407 0.519407 0.519407 0.519407 0.519407 0.519407 0.519407 0.519407 0.519407 0.519407 0.519407 0.519407 0.519407 0.519407 0.519407 0.519407 0.519407 0.519407 0.519407 0.519407 0.519407 0.519407 0.519407 0.519407 0.519407 0.519407 0.519407 0.519407 0.519407 0.519407 0.519407 0.519407 0.519407 0.519407 0.519407 0.519407 0.518694 0.519407 0.519407 0.519407 0.519407 0.519407 0.519407 0.519407 0.519407 0.519407 0.280707 0.519407 0.519407 0.519407 0.519407 0.519407 0.519407 0.519407 0.519407 0.519407 0.517234 0.519407 0.519407 0.519407 0.28154 0.519407 0.519407 0.510664 0.519407 0.519407 0.519407 0.519407 0.519407 0.519407 0.480488 0.519407 0.519407 0.280014 0.519407 0.519407 0.519407 0.519407 0.519407 0.519407 0.280006 0.519407 0.519407 0.301593 0.519407 0.519407 0.519407 0.519407 0.519407 0.519407 0.519407 0.519407 0.519407 0.519407 0.519407 0.519407 0.519407 0.519407 0.519407 0.519407 0.519407 0.519407 0.519407 0.519407 0.519407 0.519407 0.519407 0.519407 0.519407 0.519407 0.519407 0.519407 0.519407 0.519407 0.519407 0.519407 0.519407 0.519407 0.519407 0.519407 0.519407 0.519407 0.519407 0.519407 0.519407 0.519407 0.508204 0.519407 0.519407 0.519407 0.519407 0.519407 0.519407 0.519407 0.519407 0.519407 0.280004 0.519407 0.519407 0.519407 0.519407 0.519407 0.519407 0.519407 0.519407 0.519407 0.36135 0.519407 0.519407 0.519407 0.51767 0.519407 0.519407 0.415042 0.519407 0.519407 0.519407 0.519407 0.519407 0.519407 0.500016 0.519407 0.519407 0.489912 0.519407 0.519407 0.519407 0.519407 0.519407 0.519407 0.306626 0.519407 0.519407 0.311812 0.519407 0.519407 0.519407 0.519407 0.519407 0.519407 0.519407 0.519407 0.519407 0.519407 0.519407 0.519407 0.519407 0.519407 0.519407 0.519407 0.519407 0.519407 0.519407 0.519407 0.519407 0.519407 0.519407 0.519407 0.519407 0.519407 0.519407 0.519407 0.519407 0.519407 0.519407 0.519407 0.519407 0.519407 0.519407 0.519407 0.519407 0.519407 0.519407 0.519407 0.519407 0.519407 0.515485 0.519407 0.519407 0.519407 0.519407 0.519407 0.519407 0.519407 0.519407 0.519407 0.518836 0.519407 0.519407 0.519407 0.519407 0.519407 0.519407 0.519407 0.519407 0.519407 0.517919 0.519407 0.519407 0.519407 0.519407 0.519407 0.519407 0.519407 0.519407 0.519407 0.316772 0.519407 0.519407 0.519407 0.519407 0.519407 0.519407 0.519407 0.519407 0.519407 0.280038 0.519407 0.519407 0.519407 0.519407 0.519407 0.519407 0.519407 0.519407 0.519407 0.280013 0.519407 0.519407 0.519407 0.511526 0.519407 0.519407 0.513539 0.519407 0.519407 0.519407 0.519407 0.519407 0.519407 0.508546 0.519407 0.519407 0.510272 0.519407 0.519407 0.519407 0.519407 0.519407 0.519407 0.510622 0.519407 0.519407 0.518348 0.519407 0.519407 0.519407 0.519407 0.519407 0.519407 0.519407 0.519407 0.519407 0.519407 0.519407 0.519407 0.519407 0.519407 0.519407 0.519407 0.519407 0.519407 0.519407 0.519407 0.519407 0.519407 0.519407 0.519407 0.519407 0.519407 0.519407 0.519407 0.519407 0.519407 0.519407 0.519407 0.519407 0.519407 0.519407 0.519407 0.519407 0.519407 0.519407 0.519407 0.519407 0.519407 0.381566 0.519407 0.519407 0.519407 0.519407 0.519407 0.519407 0.519407 0.519407 0.519407 0.281813 0.519407 0.519407 0.519407 0.519407 0.519407 0.519407 0.519407 0.519407 0.519407 0.280001 0.519407 0.519407 0.519407 0.284002 0.519407 0.519407 0.518131 0.519407 0.519407 0.519407 0.519407 0.519407 0.519407 0.283039 0.519407 0.519407 0.51846 0.519407 0.519407 0.519407 0.519407 0.519407 0.519407 0.500559 0.519407 0.519407 0.293607 0.519407 0.519407 0.519407 0.519407 0.519407 0.519407 0.519407 0.519407 0.519407 0.519407 0.519407 0.519407 0.519407 0.519407 0.519407 0.519407 0.519407 0.519407 0.519407 0.519407 0.519407 0.519407 0.519407 0.519407 0.519407 0.519407 0.519407 0.519407 0.519407 0.519407 0.519407 0.519407 0.519407 0.519407 0.519407 0.519407 0.519407 0.519407 0.519407 0.519407 0.519407 0.519407 0.280143 0.519407 0.519407 0.519407 0.519407 0.519407 0.519407 0.519407 0.519407 0.519407 0.518724 0.519407 0.519407 0.519407 0.519407 0.519407 0.519407 0.519407 0.519407 0.519407 0.44351 0.519407 0.519407 0.519407 0.28016 0.519407 0.519407 0.324338 0.519407 0.519407 0.519407 0.519407 0.519407 0.519407 0.308208 0.519407 0.519407 0.503652 0.519407 0.519407 0.519407 0.519407 0.519407 0.519407 0.518849 0.519407 0.519407 0.383749 0.519407 0.519407 0.519407 0.519407 0.519407 0.519407 0.519407 0.519407 0.519407 0.519407 0.519407 0.519407 0.519407 0.519407 0.519407 0.519407 0.519407 0.519407 0.519407 0.519407 0.519407 0.519407 0.519407 0.519407 0.519407 0.519407 0.519407 0.519407 0.519407 0.519407 0.519407 0.519407 0.519407 0.519407 0.519407 0.519407 0.519407 0.519407 0.519407 0.519407 0.519407 0.519407 0.468199 0.519407 0.519407 0.519407 0.519407 0.519407 0.519407 0.519407 0.519407 0.519407 0.514735 0.519407 0.519407 0.519407 0.519407 0.519407 0.519407 0.519407 0.519407 0.519407 0.517867 0.519407 0.519407 
0.529357 0.529357 0.529357 0.529357 0.529357 0.529357 0.529357 0.517616 0.529357 0.529357 0.529357 0.529357 0.529357 0.529357 0.529357 0.529357 0.529357 0.270002 0.529357 0.529357 0.529357 0.529357 0.529357 0.529357 0.529357 0.529357 0.529357 0.280315 0.529357 0.529357 0.529357 0.395848 0.529357 0.529357 0.529076 0.529357 0.529357 0.529357 0.529357 0.529357 0.529357 0.52899 0.529357 0.529357 0.270045 0.529357 0.529357 0.529357 0.529357 0.529357 0.529357 0.527986 0.529357 0.529357 0.298274 0.529357 0.529357 0.529357 0.529357 0.529357 0.529357 0.529357 0.529357 0.529357 0.529357 0.529357 0.529357 0.529357 0.529357 0.529357 0.529357 0.529357 0.529357 0.529357 0.529357 0.529357 0.529357 0.529357 0.529357 0.529357 0.529357 0.529357 0.529357 0.529357 0.529357 0.529357 0.529357 0.529357 0.529357 0.529357 0.529357 0.529357 0.529357 0.529357 0.529357 0.529357 0.529357 0.313435 0.529357 0.529357 0.529357 0.529357 0.529357 0.529357 0.529357 0.529357 0.529357 0.528525 0.529357 0.529357 0.529357 0.529357 0.529357 0.529357 0.529357 0.529357 0.529357 0.490179 0.529357 0.529357 0.529357 0.469498 0.529357 0.529357 0.270013 0.529357 0.529357 0.529357 0.529357 0.529357 0.529357 0.270025 0.529357 0.529357 0.27002 0.529357 0.529357 0.529357 0.529357 0.529357 0.529357 0.344636 0.529357 0.529357 0.525993 0.529357 0.529357 0.529357 0.529357 0.529357 0.529357 0.529357 0.529357 0.529357 0.529357 0.529357 0.529357 0.529357 0.529357 0.529357 0.529357 0.529357 0.529357 0.529357 0.529357 0.529357 0.529357 0.529357 0.529357 0.529357 0.529357 0.529357 0.529357 0.529357 0.529357 0.529357 0.529357 0.529357 0.529357 0.529357 0.529357 0.529357 0.529357 0.529357 0.529357 0.529357 0.529357 0.527525 0.529357 0.529357 0.529357 0.529357 0.529357 0.529357 0.529357 0.529357 0.529357 0.337723 0.529357 0.529357 0.529357 0.529357 0.529357 0.529357 0.529357 0.529357 0.529357 0.283633 0.529357 0.529357 0.529357 0.270003 0.529357 0.529357 0.27036 0.529357 0.529357 0.529357 0.529357 0.529357 0.529357 0.487312 0.529357 0.529357 0.270256 0.529357 0.529357 0.529357 0.529357 0.529357 0.529357 0.507107 0.529357 0.529357 0.270077 0.529357 0.529357 0.529357 0.529357 0.529357 0.529357 0.529357 0.529357 0.529357 0.529357 0.529357 0.529357 0.529357 0.529357 0.529357 0.529357 0.529357 0.529357 0.529357 0.529357 0.529357 0.529357 0.529357 0.529357 0.529357 0.529357 0.529357 0.529357 0.529357 0.529357 0.529357 0.529357 0.529357 0.529357 0.529357 0.529357 0.529357 0.529357 0.529357 0.529357 0.529357 0.529357 0.392224 0.529357 0.529357 0.529357 0.529357 0.529357 0.529357 0.529357 0.529357 0.529357 0.492537 0.529357 0.529357 0.529357 0.529357 0.529357 0.529357 0.529357 0.529357 0.529357 0.524886 0.529357 0.529357 0.529357 0.529357 0.529357 0.529357 0.529357 0.529357 0.529357 0.270088 0.529357 0.529357 0.529357 0.529357 0.529357 0.529357 0.529357 0.529357 0.529357 0.52542 0.529357 0.529357 0.529357 0.529357 0.529357 0.529357 0.529357 0.529357 0.529357 0.274227 0.529357 0.529357 0.529357 0.52889 0.529357 0.529357 0.527377 0.529357 0.529357 0.529357 0.529357 0.529357 0.529357 0.27005 0.529357 0.529357 0.528553 0.529357 0.529357 0.529357 0.529357 0.529357 0.529357 0.333462 0.529357 0.529357 0.274759 0.529357 0.529357 0.529357 0.529357 0.529357 0.529357 0.529357 0.529357 0.529357 0.529357 0.529357 0.529357 0.529357 0.529357 0.529357 0.529357 0.529357 0.529357 0.529357 0.529357 0.529357 0.529357 0.529357 0.529357 0.529357 0.529357 0.529357 0.529357 0.529357 0.529357 0.529357 0.529357 0.529357 0.529357 0.529357 0.529357 0.529357 0.529357 0.529357 0.529357 0.529357 0.529357 0.528582 0.529357 0.529357 0.529357 0.529357 0.529357 0.529357 0.529357 0.529357 0.529357 0.270744 0.529357 0.529357 0.529357 0.529357 0.529357 0.529357 0.529357 0.529357 0.529357 0.526965 0.529357 0.529357 0.529357 0.271659 0.529357 0.529357 0.519873 0.529357 0.529357 0.529357 0.529357 0.529357 0.529357 0.487574 0.529357 0.529357 0.270015 0.529357 0.529357 0.529357 0.529357 0.529357 0.529357 0.270006 0.529357 0.529357 0.293305 0.529357 0.529357 0.529357 0.529357 0.529357 0.529357 0.529357 0.529357 0.529357 0.529357 0.529357 0.529357 0.529357 0.529357 0.529357 0.529357 0.529357 0.529357 0.529357 0.529357 0.529357 0.529357 0.529357 0.529357 0.529357 0.529357 0.529357 0.529357 0.529357 0.529357 0.529357 0.529357 0.529357 0.529357 0.529357 0.529357 0.529357 0.529357 0.529357 0.529357 0.529357 0.529357 0.517167 0.529357 0.529357 0.529357 0.529357 0.529357 0.529357 0.529357 0.529357 0.529357 0.270004 0.529357 0.529357 0.529357 0.529357 0.529357 0.529357 0.529357 0.529357 0.529357 0.356208 0.529357 0.529357 0.529357 0.527401 0.529357 0.529357 0.417367 0.529357 0.529357 0.529357 0.529357 0.529357 0.529357 0.507925 0.529357 0.529357 0.494817 0.529357 0.529357 0.529357 0.529357 0.529357 0.529357 0.298388 0.529357 0.529357 0.304355 0.529357 0.529357 0.529357 0.529357 0.529357 0.529357 0.529357 0.529357 0.529357 0.529357 0.529357 0.529357 0.529357 0.529357 0.529357 0.529357 0.529357 0.529357 0.529357 0.529357 0.529357 0.529357 0.529357 0.529357 0.529357 0.529357 0.529357 0.529357 0.529357 0.529357 0.529357 0.529357 0.529357 0.529357 0.529357 0.529357 0.529357 0.529357 0.529357 0.529357 0.529357 0.529357 0.52514 0.529357 0.529357 0.529357 0.529357 0.529357 0.529357 0.529357 0.529357 0.529357 0.52873 0.529357 0.529357 0.529357 0.529357 0.529357 0.529357 0.529357 0.529357 0.529357 0.527745 0.529357 0.529357 0.529357 0.529357 0.529357 0.529357 0.529357 0.529357 0.529357 0.309048 0.529357 0.529357 0.529357 0.529357 0.529357 0.529357 0.529357 0.529357 0.529357 0.270039 0.529357 0.529357 0.529357 0.529357 0.529357 0.529357 0.529357 0.529357 0.529357 0.270014 0.529357 0.529357 0.529357 0.520886 0.529357 0.529357 0.523124 0.529357 0.529357 0.529357 0.529357 0.529357 0.529357 0.517476 0.529357 0.529357 0.519481 0.529357 0.529357 0.529357 0.529357 0.529357 0.529357 0.519962 0.529357 0.529357 0.528184 0.529357 0.529357 0.529357 0.529357 0.529357 0.529357 0.529357 0.529357 0.529357 0.529357 0.529357 0.529357 0.529357 0.529357 0.529357 0.529357 0.529357 0.529357 0.529357 0.529357 0.529357 0.529357 0.529357 0.529357 0.529357 0.529357 0.529357 0.529357 0.529357 0.529357 0.529357 0.529357 0.529357 0.529357 0.529357 0.529357 0.529357 0.529357 0.529357 0.529357 0.529357 0.529357 0.379241 0.529357 0.529357 0.529357 0.529357 0.529357 0.529357 0.529357 0.529357 0.529357 0.271921 0.529357 0.529357 0.529357 0.529357 0.529357 0.529357 0.529357 0.529357 0.529357 0.270001 0.529357 0.529357 0.529357 0.274298 0.529357 0.529357 0.527934 0.529357 0.529357 0.529357 0.529357 0.529357 0.529357 0.273207 0.529357 0.529357 0.528337 0.529357 0.529357 0.529357 0.529357 0.529357 0.529357 0.50928 0.529357 0.529357 0.284811 0.529357 0.529357 0.529357 0.529357 0.529357 0.529357 0.529357 0.529357 0.529357 0.529357 0.529357 0.529357 0.529357 0.529357 0.529357 0.529357 0.529357 0.529357 0.529357 0.529357 0.529357 0.529357 0.529357 0.529357 0.529357 0.529357 0.529357 0.529357 0.529357 0.529357 0.529357 0.529357 0.529357 0.529357 0.529357 0.529357 0.529357 0.529357 0.529357 0.529357 0.529357 0.529357 0.270158 0.529357 0.529357 0.529357 0.529357 0.529357 0.529357 0.529357 0.529357 0.529357 0.528634 0.529357 0.529357 0.529357 0.529357 0.529357 0.529357 0.529357 0.529357 0.529357 0.446851 0.529357 0.529357 0.529357 0.27017 0.529357 0.529357 0.316744 0.529357 0.529357 0.529357 0.529357 0.529357 0.529357 0.299871 0.529357 0.529357 0.512171 0.529357 0.529357 0.529357 0.529357 0.529357 0.529357 0.528761 0.529357 0.529357 0.383592 0.529357 0.529357 0.529357 0.529357 0.529357 0.529357 0.529357 0.529357 0.529357 0.529357 0.529357 0.529357 0.529357 0.529357 0.529357 0.529357 0.529357 0.529357 0.529357 0.529357 0.529357 0.529357 0.529357 0.529357 0.529357 0.529357 0.529357 0.529357 0.529357 0.529357 0.529357 0.529357 0.529357 0.529357 0.529357 0.529357 0.529357 0.529357 0.529357 0.529357 0.529357 0.529357 0.473456 0.529357 0.529357 0.529357 0.529357 0.529357 0.529357 0.529357 0.529357 0.529357 0.524482 0.529357 0.529357 0.529357 0.529357 0.529357 0.529357 0.529357 0.529357 0.529357 0.527744 0.529357 0.529357 
0.539308 0.539308 0.539308 0.539308 0.539308 0.539308 0.539308 0.526638 0.539308 0.539308 0.539308 0.539308 0.539308 0.539308 0.539308 0.539308 0.539308 0.260002 0.539308 0.539308 0.539308 0.539308 0.539308 0.539308 0.539308 0.539308 0.539308 0.271037 0.539308 0.539308 0.539308 0.393976 0.539308 0.539308 0.539006 0.539308 0.539308 0.539308 0.539308 0.539308 0.539308 0.538905 0.539308 0.539308 0.260051 0.539308 0.539308 0.539308 0.539308 0.539308 0.539308 0.537863 0.539308 0.539308 0.290307 0.539308 0.539308 0.539308 0.539308 0.539308 0.539308 0.539308 0.539308 0.539308 0.539308 0.539308 0.539308 0.539308 0.539308 0.539308 0.539308 0.539308 0.539308 0.539308 0.539308 0.539308 0.539308 0.539308 0.539308 0.539308 0.539308 0.539308 0.539308 0.539308 0.539308 0.539308 0.539308 0.539308 0.539308 0.539308 0.539308 0.539308 0.539308 0.539308 0.539308 0.539308 0.539308 0.305711 0.539308 0.539308 0.539308 0.539308 0.539308 0.539308 0.539308 0.539308 0.539308 0.53839 0.539308 0.539308 0.539308 0.539308 0.539308 0.539308 0.539308 0.539308 0.539308 0.498741 0.539308 0.539308 0.539308 0.472698 0.539308 0.539308 0.260013 0.539308 0.539308 0.539308 0.539308 0.539308 0.539308 0.260026 0.539308 0.539308 0.260023 0.539308 0.539308 0.539308 0.539308 0.539308 0.539308 0.340225 0.539308 0.539308 0.53579 0.539308 0.539308 0.539308 0.539308 0.539308 0.539308 0.539308 0.539308 0.539308 0.539308 0.539308 0.539308 0.539308 0.539308 0.539308 0.539308 0.539308 0.539308 0.539308 0.539308 0.539308 0.539308 0.539308 0.539308 0.539308 0.539308 0.539308 0.539308 0.539308 0.539308 0.539308 0.539308 0.539308 0.539308 0.539308 0.539308 0.539308 0.539308 0.539308 0.539308 0.539308 0.539308 0.537328 0.539308 0.539308 0.539308 0.539308 0.539308 0.539308 0.539308 0.539308 0.539308 0.33306 0.539308 0.539308 0.539308 0.539308 0.539308 0.539308 0.539308 0.539308 0.539308 0.274089 0.539308 0.539308 0.539308 0.260004 0.539308 0.539308 0.260373 0.539308 0.539308 0.539308 0.539308 0.539308 0.539308 0.493893 0.539308 0.539308 0.260267 0.539308 0.539308 0.539308 0.539308 0.539308 0.539308 0.51567 0.539308 0.539308 0.260093 0.539308 0.539308 0.539308 0.539308 0.539308 0.539308 0.539308 0.539308 0.539308 0.539308 0.539308 0.539308 0.539308 0.539308 0.539308 0.539308 0.539308 0.539308 0.539308 0.539308 0.539308 0.539308 0.539308 0.539308 0.539308 0.539308 0.539308 0.539308 0.539308 0.539308 0.539308 0.539308 0.539308 0.539308 0.539308 0.539308 0.539308 0.539308 0.539308 0.539308 0.539308 0.539308 0.3902 0.539308 0.539308 0.539308 0.539308 0.539308 0.539308 0.539308 0.539308 0.539308 0.499994 0.539308 0.539308 0.539308 0.539308 0.539308 0.539308 0.539308 0.539308 0.539308 0.534495 0.539308 0.539308 0.539308 0.539308 0.539308 0.539308 0.539308 0.539308 0.539308 0.260096 0.539308 0.539308 0.539308 0.539308 0.539308 0.539308 0.539308 0.539308 0.539308 0.534992 0.539308 0.539308 0.539308 0.539308 0.539308 0.539308 0.539308 0.539308 0.539308 0.264465 0.539308 0.539308 0.539308 0.538788 0.539308 0.539308 0.537233 0.539308 0.539308 0.539308 0.539308 0.539308 0.539308 0.260056 0.539308 0.539308 0.538454 0.539308 0.539308 0.539308 0.539308 0.539308 0.539308 0.328677 0.539308 0.539308 0.265188 0.539308 0.539308 0.539308 0.539308 0.539308 0.539308 0.539308 0.539308 0.539308 0.539308 0.539308 0.539308 0.539308 0.539308 0.539308 0.539308 0.539308 0.539308 0.539308 0.539308 0.539308 0.539308 0.539308 0.539308 0.539308 0.539308 0.539308 0.539308 0.539308 0.539308 0.539308 0.539308 0.539308 0.539308 0.539308 0.539308 0.539308 0.539308 0.539308 0.539308 0.539308 0.539308 0.538467 0.539308 0.539308 0.539308 0.539308 0.539308 0.539308 0.539308 0.539308 0.539308 0.260793 0.539308 0.539308 0.539308 0.539308 0.539308 0.539308 0.539308 0.539308 0.539308 0.536812 0.539308 0.539308 0.539308 0.261741 0.539308 0.539308 0.528703 0.539308 0.539308 0.539308 0.539308 0.539308 0.539308 0.493684 0.539308 0.539308 0.260016 0.539308 0.539308 0.539308 0.539308 0.539308 0.539308 0.260007 0.539308 0.539308 0.284441 0.539308 0.539308 0.539308 0.539308 0.539308 0.539308 0.539308 0.539308 0.539308 0.539308 0.539308 0.539308 0.539308 0.539308 0.539308 0.539308 0.539308 0.539308 0.539308 0.539308 0.539308 0.539308 0.539308 0.539308 0.539308 0.539308 0.539308 0.539308 0.539308 0.539308 0.539308 0.539308 0.539308 0.539308 0.539308 0.539308 0.539308 0.539308 0.539308 0.539308 0.539308 0.539308 0.526065 0.539308 0.539308 0.539308 0.539308 0.539308 0.539308 0.539308 0.539308 0.539308 0.260005 0.539308 0.539308 0.539308 0.539308 0.539308 0.539308 0.539308 0.539308 0.539308 0.355264 0.539308 0.539308 0.539308 0.537238 0.539308 0.539308 0.414745 0.539308 0.539308 0.539308 0.539308 0.539308 0.539308 0.516058 0.539308 0.539308 0.50198 0.539308 0.539308 0.539308 0.539308 0.539308 0.539308 0.290202 0.539308 0.539308 0.295835 0.539308 0.539308 0.539308 0.539308 0.539308 0.539308 0.539308 0.539308 0.539308 0.539308 0.539308 0.539308 0.539308 0.539308 0.539308 0.539308 0.539308 0.539308 0.539308 0.539308 0.539308 0.539308 0.539308 0.539308 0.539308 0.539308 0.539308 0.539308 0.539308 0.539308 0.539308 0.539308 0.539308 0.539308 0.539308 0.539308 0.539308 0.539308 0.539308 0.539308 0.539308 0.539308 0.534917 0.539308 0.539308 0.539308 0.539308 0.539308 0.539308 0.539308 0.539308 0.539308 0.538635 0.539308 0.539308 0.539308 0.539308 0.539308 0.539308 0.539308 0.539308 0.539308 0.537515 0.539308 0.539308 0.539308 0.539308 0.539308 0.539308 0.539308 0.539308 0.539308 0.301454 0.539308 0.539308 0.539308 0.539308 0.539308 0.539308 0.539308 0.539308 0.539308 0.260041 0.539308 0.539308 0.539308 0.539308 0.539308 0.539308 0.539308 0.539308 0.539308 0.260015 0.539308 0.539308 0.539308 0.529817 0.539308 0.539308 0.532639 0.539308 0.539308 0.539308 0.539308 0.539308 0.539308 0.526709 0.539308 0.539308 0.528665 0.539308 0.539308 0.539308 0.539308 0.539308 0.539308 0.52924 0.539308 0.539308 0.538069 0.539308 0.539308 0.539308 0.539308 0.539308 0.539308 0.539308 0.539308 0.539308 0.539308 0.539308 0.539308 0.539308 0.539308 0.539308 0.539308 0.539308 0.539308 0.539308 0.539308 0.539308 0.539308 0.539308 0.539308 0.539308 0.539308 0.539308 0.539308 0.539308 0.539308 0.539308 0.539308 0.539308 0.539308 0.539308 0.539308 0.539308 0.539308 0.539308 0.539308 0.539308 0.539308 0.377985 0.539308 0.539308 0.539308 0.539308 0.539308 0.539308 0.539308 0.539308 0.539308 0.262125 0.539308 0.539308 0.539308 0.539308 0.539308 0.539308 0.539308 0.539308 0.539308 0.260001 0.539308 0.539308 0.539308 0.264814 0.539308 0.539308 0.53776 0.539308 0.539308 0.539308 0.539308 0.539308 0.539308 0.263649 0.539308 0.539308 0.538201 0.539308 0.539308 0.539308 0.539308 0.539308 0.539308 0.517247 0.539308 0.539308 0.275881 0.539308 0.539308 0.539308 0.539308 0.539308 0.539308 0.539308 0.539308 0.539308 0.539308 0.539308 0.539308 0.539308 0.539308 0.539308 0.539308 0.539308 0.539308 0.539308 0.539308 0.539308 0.539308 0.539308 0.539308 0.539308 0.539308 0.539308 0.539308 0.539308 0.539308 0.539308 0.539308 0.539308 0.539308 0.539308 0.539308 0.539308 0.539308 0.539308 0.539308 0.539308 0.539308 0.260173 0.539308 0.539308 0.539308 0.539308 0.539308 0.539308 0.539308 0.539308 0.539308 0.538539 0.539308 0.539308 0.539308 0.539308 0.539308 0.539308 0.539308 0.539308 0.539308 0.453155 0.539308 0.539308 0.539308 0.260188 0.539308 0.539308 0.309739 0.539308 0.539308 0.539308 0.539308 0.539308 0.539308 0.292485 0.539308 0.539308 0.520358 0.539308 0.539308 0.539308 0.539308 0.539308 0.539308 0.538656 0.539308 0.539308 0.381416 0.539308 0.539308 0.539308 0.539308 0.539308 0.539308 0.539308 0.539308 0.539308 0.539308 0.539308 0.539308 0.539308 0.539308 0.539308 0.539308 0.539308 0.539308 0.539308 0.539308 0.539308 0.539308 0.539308 0.539308 0.539308 0.539308 0.539308 0.539308 0.539308 0.539308 0.539308 0.539308 0.539308 0.539308 0.539308 0.539308 0.539308 0.539308 0.539308 0.539308 0.539308 0.539308 0.478481 0.539308 0.539308 0.539308 0.539308 0.539308 0.539308 0.539308 0.539308 0.539308 0.534103 0.539308 0.539308 0.539308 0.539308 0.539308 0.539308 0.539308 0.539308 0.539308 0.537604 0.539308 0.539308 
0.549258 0.549258 0.549258 0.549258 0.549258 0.549258 0.549258 0.535718 0.549258 0.549258 0.549258 0.549258 0.549258 0.549258 0.549258 0.549258 0.549258 0.250002 0.549258 0.549258 0.549258 0.549258 0.549258 0.549258 0.549258 0.549258 0.549258 0.261782 0.549258 0.549258 0.549258 0.39241 0.549258 0.549258 0.548939 0.549258 0.549258 0.549258 0.549258 0.549258 0.549258 0.548835 0.549258 0.549258 0.250054 0.549258 0.549258 0.549258 0.549258 0.549258 0.549258 0.547666 0.549258 0.549258 0.28285 0.549258 0.549258 0.549258 0.549258 0.549258 0.549258 0.549258 0.549258 0.549258 0.549258 0.549258 0.549258 0.549258 0.549258 0.549258 0.549258 0.549258 0.549258 0.549258 0.549258 0.549258 0.549258 0.549258 0.549258 0.549258 0.549258 0.549258 0.549258 0.549258 0.549258 0.549258 0.549258 0.549258 0.549258 0.549258 0.549258 0.549258 0.549258 0.549258 0.549258 0.549258 0.549258 0.300012 0.549258 0.549258 0.549258 0.549258 0.549258 0.549258 0.549258 0.549258 0.549258 0.548294 0.549258 0.549258 0.549258 0.549258 0.549258 0.549258 0.549258 0.549258 0.549258 0.505497 0.549258 0.549258 0.549258 0.479188 0.549258 0.549258 0.250014 0.549258 0.549258 0.549258 0.549258 0.549258 0.549258 0.250028 0.549258 0.549258 0.250025 0.549258 0.549258 0.549258 0.549258 0.549258 0.549258 0.336884 0.549258 0.549258 0.545521 0.549258 0.549258 0.549258 0.549258 0.549258 0.549258 0.549258 0.549258 0.549258 0.549258 0.549258 0.549258 0.549258 0.549258 0.549258 0.549258 0.549258 0.549258 0.549258 0.549258 0.549258 0.549258 0.549258 0.549258 0.549258 0.549258 0.549258 0.549258 0.549258 0.549258 0.549258 0.549258 0.549258 0.549258 0.549258 0.549258 0.549258 0.549258 0.549258 0.549258 0.549258 0.549258 0.547137 0.549258 0.549258 0.549258 0.549258 0.549258 0.549258 0.549258 0.549258 0.549258 0.32972 0.549258 0.549258 0.549258 0.549258 0.549258 0.549258 0.549258 0.549258 0.549258 0.264748 0.549258 0.549258 0.549258 0.250004 0.549258 0.549258 0.250433 0.549258 0.549258 0.549258 0.549258 0.549258 0.549258 0.499903 0.549258 0.549258 0.2503 0.549258 0.549258 0.549258 0.549258 0.549258 0.549258 0.524145 0.549258 0.549258 0.250107 0.549258 0.549258 0.549258 0.549258 0.549258 0.549258 0.549258 0.549258 0.549258 0.549258 0.549258 0.549258 0.549258 0.549258 0.549258 0.549258 0.549258 0.549258 0.549258 0.549258 0.549258 0.549258 0.549258 0.549258 0.549258 0.549258 0.549258 0.549258 0.549258 0.549258 0.549258 0.549258 0.549258 0.549258 0.549258 0.549258 0.549258 0.549258 0.549258 0.549258 0.549258 0.549258 0.390358 0.549258 0.549258 0.549258 0.549258 0.549258 0.549258 0.549258 0.549258 0.549258 0.508073 0.549258 0.549258 0.549258 0.549258 0.549258 0.549258 0.549258 0.549258 0.549258 0.544139 0.549258 0.549258 0.549258 0.549258 0.549258 0.549258 0.549258 0.549258 0.549258 0.250102 0.549258 0.549258 0.549258 0.549258 0.549258 0.549258 0.549258 0.549258 0.549258 0.544625 0.549258 0.549258 0.549258 0.549258 0.549258 0.549258 0.549258 0.549258 0.549258 0.254734 0.549258 0.549258 0.549258 0.548722 0.549258 0.549258 0.546866 0.549258 0.549258 0.549258 0.549258 0.549258 0.549258 0.25006 0.549258 0.549258 0.54831 0.549258 0.549258 0.549258 0.549258 0.549258 0.549258 0.325478 0.549258 0.549258 0.255465 0.549258 0.549258 0.549258 0.549258 0.549258 0.549258 0.549258 0.549258 0.549258 0.549258 0.549258 0.549258 0.549258 0.549258 0.549258 0.549258 0.549258 0.549258 0.549258 0.549258 0.549258 0.549258 0.549258 0.549258 0.549258 0.549258 0.549258 0.549258 0.549258 0.549258 0.549258 0.549258 0.549258 0.549258 0.549258 0.549258 0.549258 0.549258 0.549258 0.549258 0.549258 0.549258 0.548382 0.549258 0.549258 0.549258 0.549258 0.549258 0.549258 0.549258 0.549258 0.549258 0.250848 0.549258 0.549258 0.549258 0.549258 0.549258 0.549258 0.549258 0.549258 0.549258 0.546602 0.549258 0.549258 0.549258 0.251846 0.549258 0.549258 0.537959 0.549258 0.549258 0.549258 0.549258 0.549258 0.549258 0.50044 0.549258 0.549258 0.250017 0.549258 0.549258 0.549258 0.549258 0.549258 0.549258 0.250007 0.549258 0.549258 0.275921 0.549258 0.549258 0.549258 0.549258 0.549258 0.549258 0.549258 0.549258 0.549258 0.549258 0.549258 0.549258 0.549258 0.549258 0.549258 0.549258 0.549258 0.549258 0.549258 0.549258 0.549258 0.549258 0.549258 0.549258 0.549258 0.549258 0.549258 0.549258 0.549258 0.549258 0.549258 0.549258 0.549258 0.549258 0.549258 0.549258 0.549258 0.549258 0.549258 0.549258 0.549258 0.549258 0.535249 0.549258 0.549258 0.549258 0.549258 0.549258 0.549258 0.549258 0.549258 0.549258 0.250005 0.549258 0.549258 0.549258 0.549258 0.549258 0.549258 0.549258 0.549258 0.549258 0.351375 0.549258 0.549258 0.549258 0.547053 0.549258 0.549258 0.414115 0.549258 0.549258 0.549258 0.549258 0.549258 0.549258 0.524956 0.549258 0.549258 0.509066 0.549258 0.549258 0.549258 0.549258 0.549258 0.549258 0.282816 0.549258 0.549258 0.288596 0.549258 0.549258 0.549258 0.549258 0.549258 0.549258 0.549258 0.549258 0.549258 0.549258 0.549258 0.549258 0.549258 0.549258 0.549258 0.549258 0.549258 0.549258 0.549258 0.549258 0.549258 0.549258 0.549258 0.549258 0.549258 0.549258 0.549258 0.549258 0.549258 0.549258 0.549258 0.549258 0.549258 0.549258 0.549258 0.549258 0.549258 0.549258 0.549258 0.549258 0.549258 0.549258 0.544475 0.549258 0.549258 0.549258 0.549258 0.549258 0.549258 0.549258 0.549258 0.549258 0.548545 0.549258 0.549258 0.549258 0.549258 0.549258 0.549258 0.549258 0.549258 0.549258 0.54733 0.549258 0.549258 0.549258 0.549258 0.549258 0.549258 0.549258 0.549258 0.549258 0.293268 0.549258 0.549258 0.549258 0.549258 0.549258 0.549258 0.549258 0.549258 0.549258 0.250042 0.549258 0.549258 0.549258 0.549258 0.549258 0.549258 0.549258 0.549258 0.549258 0.250016 0.549258 0.549258 0.549258 0.539072 0.549258 0.549258 0.54226 0.549258 0.549258 0.549258 0.549258 0.549258 0.549258 0.534997 0.549258 0.549258 0.537745 0.549258 0.549258 0.549258 0.549258 0.549258 0.549258 0.538202 0.549258 0.549258 0.547942 0.549258 0.549258 0.549258 0.549258 0.549258 0.549258 0.549258 0.549258 0.549258 0.549258 0.549258 0.549258 0.549258 0.549258 0.549258 0.549258 0.549258 0.549258 0.549258 0.549258 0.549258 0.549258 0.549258 0.549258 0.549258 0.549258 0.549258 0.549258 0.549258 0.549258 0.549258 0.549258 0.549258 0.549258 0.549258 0.549258 0.549258 0.549258 0.549258 0.549258 0.549258 0.549258 0.377512 0.549258 0.549258 0.549258 0.549258 0.549258 0.549258 0.549258 0.549258 0.549258 0.252269 0.549258 0.549258 0.549258 0.549258 0.549258 0.549258 0.549258 0.549258 0.549258 0.250001 0.549258 0.549258 0.549258 0.255037 0.549258 0.549258 0.54755 0.549258 0.549258 0.549258 0.549258 0.549258 0.549258 0.253859 0.549258 0.549258 0.548043 0.549258 0.549258 0.549258 0.549258 0.549258 0.549258 0.525631 0.549258 0.549258 0.267857 0.549258 0.549258 0.549258 0.549258 0.549258 0.549258 0.549258 0.549258 0.549258 0.549258 0.549258 0.549258 0.549258 0.549258 0.549258 0.549258 0.549258 0.549258 0.549258 0.549258 0.549258 0.549258 0.549258 0.549258 0.549258 0.549258 0.549258 0.549258 0.549258 0.549258 0.549258 0.549258 0.549258 0.549258 0.549258 0.549258 0.549258 0.549258 0.549258 0.549258 0.549258 0.549258 0.250179 0.549258 0.549258 0.549258 0.549258 0.549258 0.549258 0.549258 0.549258 0.549258 0.548423 0.549258 0.549258 0.549258 0.549258 0.549258 0.549258 0.549258 0.549258 0.549258 0.456354 0.549258 0.549258 0.549258 0.2502 0.549258 0.549258 0.303934 0.549258 0.549258 0.549258 0.549258 0.549258 0.549258 0.284637 0.549258 0.549258 0.52892 0.549258 0.549258 0.549258 0.549258 0.549258 0.549258 0.548569 0.549258 0.549258 0.377133 0.549258 0.549258 0.549258 0.549258 0.549258 0.549258 0.549258 0.549258 0.549258 0.549258 0.549258 0.549258 0.549258 0.549258 0.549258 0.549258 0.549258 0.549258 0.549258 0.549258 0.549258 0.549258 0.549258 0.549258 0.549258 0.549258 0.549258 0.549258 0.549258 0.549258 0.549258 0.549258 0.549258 0.549258 0.549258 0.549258 0.549258 0.549258 0.549258 0.549258 0.549258 0.549258 0.48418 0.549258 0.549258 0.549258 0.549258 0.549258 0.549258 0.549258 0.549258 0.549258 0.54385 0.549258 0.549258 0.549258 0.549258 0.549258 0.549258 0.549258 0.549258 0.549258 0.54746 0.549258 0.549258 
0.559209 0.559209 0.559209 0.559209 0.559209 0.559209 0.559209 0.544548 0.559209 0.559209 0.559209 0.559209 0.559209 0.559209 0.559209 0.559209 0.559209 0.240002 0.559209 0.559209 0.559209 0.559209 0.559209 0.559209 0.559209 0.559209 0.559209 0.252252 0.559209 0.559209 0.559209 0.393355 0.559209 0.559209 0.558875 0.559209 0.559209 0.559209 0.559209 0.559209 0.559209 0.55877 0.559209 0.559209 0.240056 0.559209 0.559209 0.559209 0.559209 0.559209 0.559209 0.557508 0.559209 0.559209 0.273985 0.559209 0.559209 0.559209 0.559209 0.559209 0.559209 0.559209 0.559209 0.559209 0.559209 0.559209 0.559209 0.559209 0.559209 0.559209 0.559209 0.559209 0.559209 0.559209 0.559209 0.559209 0.559209 0.559209 0.559209 0.559209 0.559209 0.559209 0.559209 0.559209 0.559209 0.559209 0.559209 0.559209 0.559209 0.559209 0.559209 0.559209 0.559209 0.559209 0.559209 0.559209 0.559209 0.293902 0.559209 0.559209 0.559209 0.559209 0.559209 0.559209 0.559209 0.559209 0.559209 0.558146 0.559209 0.559209 0.559209 0.559209 0.559209 0.559209 0.559209 0.559209 0.559209 0.512167 0.559209 0.559209 0.559209 0.483472 0.559209 0.559209 0.240015 0.559209 0.559209 0.559209 0.559209 0.559209 0.559209 0.240032 0.559209 0.559209 0.240026 0.559209 0.559209 0.559209 0.559209 0.559209 0.559209 0.332995 0.559209 0.559209 0.555142 0.559209 0.559209 0.559209 0.559209 0.559209 0.559209 0.559209 0.559209 0.559209 0.559209 0.559209 0.559209 0.559209 0.559209 0.559209 0.559209 0.559209 0.559209 0.559209 0.559209 0.559209 0.559209 0.559209 0.559209 0.559209 0.559209 0.559209 0.559209 0.559209 0.559209 0.559209 0.559209 0.559209 0.559209 0.559209 0.559209 0.559209 0.559209 0.559209 0.559209 0.559209 0.559209 0.556906 0.559209 0.559209 0.559209 0.559209 0.559209 0.559209 0.559209 0.559209 0.559209 0.323139 0.559209 0.559209 0.559209 0.559209 0.559209 0.559209 0.559209 0.559209 0.559209 0.25547 0.559209 0.559209 0.559209 0.240004 0.559209 0.559209 0.240449 0.559209 0.559209 0.559209 0.559209 0.559209 0.559209 0.507811 0.559209 0.559209 0.240326 0.559209 0.559209 0.559209 0.559209 0.559209 0.559209 0.531671 0.559209 0.559209 0.24011 0.559209 0.559209 0.559209 0.559209 0.559209 0.559209 0.559209 0.559209 0.559209 0.559209 0.559209 0.559209 0.559209 0.559209 0.559209 0.559209 0.559209 0.559209 0.559209 0.559209 0.559209 0.559209 0.559209 0.559209 0.559209 0.559209 0.559209 0.559209 0.559209 0.559209 0.559209 0.559209 0.559209 0.559209 0.559209 0.559209 0.559209 0.559209 0.559209 0.559209 0.559209 0.559209 0.391614 0.559209 0.559209 0.559209 0.559209 0.559209 0.559209 0.559209 0.559209 0.559209 0.516717 0.559209 0.559209 0.559209 0.559209 0.559209 0.559209 0.559209 0.559209 0.559209 0.553669 0.559209 0.559209 0.559209 0.559209 0.559209 0.559209 0.559209 0.559209 0.559209 0.240109 0.559209 0.559209 0.559209 0.559209 0.559209 0.559209 0.559209 0.559209 0.559209 0.554246 0.559209 0.559209 0.559209 0.559209 0.559209 0.559209 0.559209 0.559209 0.559209 0.245079 0.559209 0.559209 0.559209 0.558617 0.559209 0.559209 0.556663 0.559209 0.559209 0.559209 0.559209 0.559209 0.559209 0.240063 0.559209 0.559209 0.558198 0.559209 0.559209 0.559209 0.559209 0.559209 0.559209 0.322564 0.559209 0.559209 0.245634 0.559209 0.559209 0.559209 0.559209 0.559209 0.559209 0.559209 0.559209 0.559209 0.559209 0.559209 0.559209 0.559209 0.559209 0.559209 0.559209 0.559209 0.559209 0.559209 0.559209 0.559209 0.559209 0.559209 0.559209 0.559209 0.559209 0.559209 0.559209 0.559209 0.559209 0.559209 0.559209 0.559209 0.559209 0.559209 0.559209 0.559209 0.559209 0.559209 0.559209 0.559209 0.559209 0.558238 0.559209 0.559209 0.559209 0.559209 0.559209 0.559209 0.559209 0.559209 0.559209 0.240878 0.559209 0.559209 0.559209 0.559209 0.559209 0.559209 0.559209 0.559209 0.559209 0.556349 0.559209 0.559209 0.559209 0.241914 0.559209 0.559209 0.547191 0.559209 0.559209 0.559209 0.559209 0.559209 0.559209 0.506349 0.559209 0.559209 0.240018 0.559209 0.559209 0.559209 0.559209 0.559209 0.559209 0.240008 0.559209 0.559209 0.267684 0.559209 0.559209 0.559209 0.559209 0.559209 0.559209 0.559209 0.559209 0.559209 0.559209 0.559209 0.559209 0.559209 0.559209 0.559209 0.559209 0.559209 0.559209 0.559209 0.559209 0.559209 0.559209 0.559209 0.559209 0.559209 0.559209 0.559209 0.559209 0.559209 0.559209 0.559209 0.559209 0.559209 0.559209 0.559209 0.559209 0.559209 0.559209 0.559209 0.559209 0.559209 0.559209 0.544272 0.559209 0.559209 0.559209 0.559209 0.559209 0.559209 0.559209 0.559209 0.559209 0.240006 0.559209 0.559209 0.559209 0.559209 0.559209 0.559209 0.559209 0.559209 0.559209 0.34935 0.559209 0.559209 0.559209 0.556843 0.559209 0.559209 0.415526 0.559209 0.559209 0.559209 0.559209 0.559209 0.559209 0.532681 0.559209 0.559209 0.516379 0.559209 0.559209 0.559209 0.559209 0.559209 0.559209 0.274432 0.559209 0.559209 0.281283 0.559209 0.559209 0.559209 0.559209 0.559209 0.559209 0.559209 0.559209 0.559209 0.559209 0.559209 0.559209 0.559209 0.559209 0.559209 0.559209 0.559209 0.559209 0.559209 0.559209 0.559209 0.559209 0.559209 0.559209 0.559209 0.559209 0.559209 0.559209 0.559209 0.559209 0.559209 0.559209 0.559209 0.559209 0.559209 0.559209 0.559209 0.559209 0.559209 0.559209 0.559209 0.559209 0.553892 0.559209 0.559209 0.559209 0.559209 0.559209 0.559209 0.559209 0.559209 0.559209 0.558436 0.559209 0.559209 0.559209 0.559209 0.559209 0.559209 0.559209 0.559209 0.559209 0.557139 0.559209 0.559209 0.559209 0.559209 0.559209 0.559209 0.559209 0.559209 0.559209 0.285954 0.559209 0.559209 0.559209 0.559209 0.559209 0.559209 0.559209 0.559209 0.559209 0.240044 0.559209 0.559209 0.559209 0.559209 0.559209 0.559209 0.559209 0.559209 0.559209 0.240016 0.559209 0.559209 0.559209 0.548587 0.559209 0.559209 0.551744 0.559209 0.559209 0.559209 0.559209 0.559209 0.559209 0.544181 0.559209 0.559209 0.546676 0.559209 0.559209 0.559209 0.559209 0.559209 0.559209 0.547195 0.559209 0.559209 0.557788 0.559209 0.559209 0.559209 0.559209 0.559209 0.559209 0.559209 0.559209 0.559209 0.559209 0.559209 0.559209 0.559209 0.559209 0.559209 0.559209 0.559209 0.559209 0.559209 0.559209 0.559209 0.559209 0.559209 0.559209 0.559209 0.559209 0.559209 0.559209 0.559209 0.559209 0.559209 0.559209 0.559209 0.559209 0.559209 0.559209 0.559209 0.559209 0.559209 0.559209 0.559209 0.559209 0.378299 0.559209 0.559209 0.559209 0.559209 0.559209 0.559209 0.559209 0.559209 0.559209 0.242364 0.559209 0.559209 0.559209 0.559209 0.559209 0.559209 0.559209 0.559209 0.559209 0.240001 0.559209 0.559209 0.559209 0.245342 0.559209 0.559209 0.557415 0.559209 0.559209 0.559209 0.559209 0.559209 0.559209 0.244096 0.559209 0.559209 0.557931 0.559209 0.559209 0.559209 0.559209 0.559209 0.559209 0.533711 0.559209 0.559209 0.25875 0.559209 0.559209 0.559209 0.559209 0.559209 0.559209 0.559209 0.559209 0.559209 0.559209 0.559209 0.559209 0.559209 0.559209 0.559209 0.559209 0.559209 0.559209 0.559209 0.559209 0.559209 0.559209 0.559209 0.559209 0.559209 0.559209 0.559209 0.559209 0.559209 0.559209 0.559209 0.559209 0.559209 0.559209 0.559209 0.559209 0.559209 0.559209 0.559209 0.559209 0.559209 0.559209 0.240189 0.559209 0.559209 0.559209 0.559209 0.559209 0.559209 0.559209 0.559209 0.559209 0.558336 0.559209 0.559209 0.559209 0.559209 0.559209 0.559209 0.559209 0.559209 0.559209 0.460766 0.559209 0.559209 0.559209 0.240215 0.559209 0.559209 0.298677 0.559209 0.559209 0.559209 0.559209 0.559209 0.559209 0.27667 0.559209 0.559209 0.53735 0.559209 0.559209 0.559209 0.559209 0.559209 0.559209 0.558453 0.559209 0.559209 0.376345 0.559209 0.559209 0.559209 0.559209 0.559209 0.559209 0.559209 0.559209 0.559209 0.559209 0.559209 0.559209 0.559209 0.559209 0.559209 0.559209 0.559209 0.559209 0.559209 0.559209 0.559209 0.559209 0.559209 0.559209 0.559209 0.559209 0.559209 0.559209 0.559209 0.559209 0.559209 0.559209 0.559209 0.559209 0.559209 0.559209 0.559209 0.559209 0.559209 0.559209 0.559209 0.559209 0.489322 0.559209 0.559209 0.559209 0.559209 0.559209 0.559209 0.559209 0.559209 0.559209 0.553471 0.559209 0.559209 0.559209 0.559209 0.559209 0.559209 0.559209 0.559209 0.559209 0.557223 0.559209 0.559209 
0.569159 0.569159 0.569159 0.569159 0.569159 0.569159 0.569159 0.553479 0.569159 0.569159 0.569159 0.569159 0.569159 0.569159 0.569159 0.569159 0.569159 0.230003 0.569159 0.569159 0.569159 0.569159 0.569159 0.569159 0.569159 0.569159 0.569159 0.2428 0.569159 0.569159 0.569159 0.390881 0.569159 0.569159 0.568813 0.569159 0.569159 0.569159 0.569159 0.569159 0.569159 0.568704 0.569159 0.569159 0.230059 0.569159 0.569159 0.569159 0.569159 0.569159 0.569159 0.567339 0.569159 0.569159 0.267144 0.569159 0.569159 0.569159 0.569159 0.569159 0.569159 0.569159 0.569159 0.569159 0.569159 0.569159 0.569159 0.569159 0.569159 0.569159 0.569159 0.569159 0.569159 0.569159 0.569159 0.569159 0.569159 0.569159 0.569159 0.569159 0.569159 0.569159 0.569159 0.569159 0.569159 0.569159 0.569159 0.569159 0.569159 0.569159 0.569159 0.569159 0.569159 0.569159 0.569159 0.569159 0.569159 0.287791 0.569159 0.569159 0.569159 0.569159 0.569159 0.569159 0.569159 0.569159 0.569159 0.568026 0.569159 0.569159 0.569159 0.569159 0.569159 0.569159 0.569159 0.569159 0.569159 0.520404 0.569159 0.569159 0.569159 0.488954 0.569159 0.569159 0.230017 0.569159 0.569159 0.569159 0.569159 0.569159 0.569159 0.230036 0.569159 0.569159 0.230029 0.569159 0.569159 0.569159 0.569159 0.569159 0.569159 0.326885 0.569159 0.569159 0.564797 0.569159 0.569159 0.569159 0.569159 0.569159 0.569159 0.569159 0.569159 0.569159 0.569159 0.569159 0.569159 0.569159 0.569159 0.569159 0.569159 0.569159 0.569159 0.569159 0.569159 0.569159 0.569159 0.569159 0.569159 0.569159 0.569159 0.569159 0.569159 0.569159 0.569159 0.569159 0.569159 0.569159 0.569159 0.569159 0.569159 0.569159 0.569159 0.569159 0.569159 0.569159 0.569159 0.566727 0.569159 0.569159 0.569159 0.569159 0.569159 0.569159 0.569159 0.569159 0.569159 0.318727 0.569159 0.569159 0.569159 0.569159 0.569159 0.569159 0.569159 0.569159 0.569159 0.246787 0.569159 0.569159 0.569159 0.230004 0.569159 0.569159 0.230499 0.569159 0.569159 0.569159 0.569159 0.569159 0.569159 0.514019 0.569159 0.569159 0.230335 0.569159 0.569159 0.569159 0.569159 0.569159 0.569159 0.538834 0.569159 0.569159 0.230118 0.569159 0.569159 0.569159 0.569159 0.569159 0.569159 0.569159 0.569159 0.569159 0.569159 0.569159 0.569159 0.569159 0.569159 0.569159 0.569159 0.569159 0.569159 0.569159 0.569159 0.569159 0.569159 0.569159 0.569159 0.569159 0.569159 0.569159 0.569159 0.569159 0.569159 0.569159 0.569159 0.569159 0.569159 0.569159 0.569159 0.569159 0.569159 0.569159 0.569159 0.569159 0.569159 0.390514 0.569159 0.569159 0.569159 0.569159 0.569159 0.569159 0.569159 0.569159 0.569159 0.52388 0.569159 0.569159 0.569159 0.569159 0.569159 0.569159 0.569159 0.569159 0.569159 0.563278 0.569159 0.569159 0.569159 0.569159 0.569159 0.569159 0.569159 0.569159 0.569159 0.230114 0.569159 0.569159 0.569159 0.569159 0.569159 0.569159 0.569159 0.569159 0.569159 0.563911 0.569159 0.569159 0.569159 0.569159 0.569159 0.569159 0.569159 0.569159 0.569159 0.235324 0.569159 0.569159 0.569159 0.568545 0.569159 0.569159 0.566453 0.569159 0.569159 0.569159 0.569159 0.569159 0.569159 0.230067 0.569159 0.569159 0.568096 0.569159 0.569159 0.569159 0.569159 0.569159 0.569159 0.316973 0.569159 0.569159 0.235895 0.569159 0.569159 0.569159 0.569159 0.569159 0.569159 0.569159 0.569159 0.569159 0.569159 0.569159 0.569159 0.569159 0.569159 0.569159 0.569159 0.569159 0.569159 0.569159 0.569159 0.569159 0.569159 0.569159 0.569159 0.569159 0.569159 0.569159 0.569159 0.569159 0.569159 0.569159 0.569159 0.569159 0.569159 0.569159 0.569159 0.569159 0.569159 0.569159 0.569159 0.569159 0.569159 0.568126 0.569159 0.569159 0.569159 0.569159 0.569159 0.569159 0.569159 0.569159 0.569159 0.230924 0.569159 0.569159 0.569159 0.569159 0.569159 0.569159 0.569159 0.569159 0.569159 0.566088 0.569159 0.569159 0.569159 0.231996 0.569159 0.569159 0.556491 0.569159 0.569159 0.569159 0.569159 0.569159 0.569159 0.513942 0.569159 0.569159 0.230019 0.569159 0.569159 0.569159 0.569159 0.569159 0.569159 0.230008 0.569159 0.569159 0.258691 0.569159 0.569159 0.569159 0.569159 0.569159 0.569159 0.569159 0.569159 0.569159 0.569159 0.569159 0.569159 0.569159 0.569159 0.569159 0.569159 0.569159 0.569159 0.569159 0.569159 0.569159 0.569159 0.569159 0.569159 0.569159 0.569159 0.569159 0.569159 0.569159 0.569159 0.569159 0.569159 0.569159 0.569159 0.569159 0.569159 0.569159 0.569159 0.569159 0.569159 0.569159 0.569159 0.553571 0.569159 0.569159 0.569159 0.569159 0.569159 0.569159 0.569159 0.569159 0.569159 0.230006 0.569159 0.569159 0.569159 0.569159 0.569159 0.569159 0.569159 0.569159 0.569159 0.344325 0.569159 0.569159 0.569159 0.56659 0.569159 0.569159 0.414115 0.569159 0.569159 0.569159 0.569159 0.569159 0.569159 0.541017 0.569159 0.569159 0.523692 0.569159 0.569159 0.569159 0.569159 0.569159 0.569159 0.266708 0.569159 0.569159 0.273496 0.569159 0.569159 0.569159 0.569159 0.569159 0.569159 0.569159 0.569159 0.569159 0.569159 0.569159 0.569159 0.569159 0.569159 0.569159 0.569159 0.569159 0.569159 0.569159 0.569159 0.569159 0.569159 0.569159 0.569159 0.569159 0.569159 0.569159 0.569159 0.569159 0.569159 0.569159 0.569159 0.569159 0.569159 0.569159 0.569159 0.569159 0.569159 0.569159 0.569159 0.569159 0.569159 0.563605 0.569159 0.569159 0.569159 0.569159 0.569159 0.569159 0.569159 0.569159 0.569159 0.568346 0.569159 0.569159 0.569159 0.569159 0.569159 0.569159 0.569159 0.569159 0.569159 0.566971 0.569159 0.569159 0.569159 0.569159 0.569159 0.569159 0.569159 0.569159 0.569159 0.278641 0.569159 0.569159 0.569159 0.569159 0.569159 0.569159 0.569159 0.569159 0.569159 0.230047 0.569159 0.569159 0.569159 0.569159 0.569159 0.569159 0.569159 0.569159 0.569159 0.230019 0.569159 0.569159 0.569159 0.557907 0.569159 0.569159 0.561124 0.569159 0.569159 0.569159 0.569159 0.569159 0.569159 0.553436 0.569159 0.569159 0.555835 0.569159 0.569159 0.569159 0.569159 0.569159 0.569159 0.556427 0.569159 0.569159 0.567649 0.569159 0.569159 0.569159 0.569159 0.569159 0.569159 0.569159 0.569159 0.569159 0.569159 0.569159 0.569159 0.569159 0.569159 0.569159 0.569159 0.569159 0.569159 0.569159 0.569159 0.569159 0.569159 0.569159 0.569159 0.569159 0.569159 0.569159 0.569159 0.569159 0.569159 0.569159 0.569159 0.569159 0.569159 0.569159 0.569159 0.569159 0.569159 0.569159 0.569159 0.569159 0.569159 0.375678 0.569159 0.569159 0.569159 0.569159 0.569159 0.569159 0.569159 0.569159 0.569159 0.232634 0.569159 0.569159 0.569159 0.569159 0.569159 0.569159 0.569159 0.569159 0.569159 0.230001 0.569159 0.569159 0.569159 0.235532 0.569159 0.569159 0.567306 0.569159 0.569159 0.569159 0.569159 0.569159 0.569159 0.234383 0.569159 0.569159 0.567791 0.569159 0.569159 0.569159 0.569159 0.569159 0.569159 0.542541 0.569159 0.569159 0.249819 0.569159 0.569159 0.569159 0.569159 0.569159 0.569159 0.569159 0.569159 0.569159 0.569159 0.569159 0.569159 0.569159 0.569159 0.569159 0.569159 0.569159 0.569159 0.569159 0.569159 0.569159 0.569159 0.569159 0.569159 0.569159 0.569159 0.569159 0.569159 0.569159 0.569159 0.569159 0.569159 0.569159 0.569159 0.569159 0.569159 0.569159 0.569159 0.569159 0.569159 0.569159 0.569159 0.230199 0.569159 0.569159 0.569159 0.569159 0.569159 0.569159 0.569159 0.569159 0.569159 0.568216 0.569159 0.569159 0.569159 0.569159 0.569159 0.569159 0.569159 0.569159 0.569159 0.465672 0.569159 0.569159 0.569159 0.230234 0.569159 0.569159 0.292279 0.569159 0.569159 0.569159 0.569159 0.569159 0.569159 0.268108 0.569159 0.569159 0.546145 0.569159 0.569159 0.569159 0.569159 0.569159 0.569159 0.568372 0.569159 0.569159 0.373288 0.569159 0.569159 0.569159 0.569159 0.569159 0.569159 0.569159 0.569159 0.569159 0.569159 0.569159 0.569159 0.569159 0.569159 0.569159 0.569159 0.569159 0.569159 0.569159 0.569159 0.569159 0.569159 0.569159 0.569159 0.569159 0.569159 0.569159 0.569159 0.569159 0.569159 0.569159 0.569159 0.569159 0.569159 0.569159 0.569159 0.569159 0.569159 0.569159 0.569159 0.569159 0.569159 0.493606 0.569159 0.569159 0.569159 0.569159 0.569159 0.569159 0.569159 0.569159 0.569159 0.563115 0.569159 0.569159 0.569159 0.569159 0.569159 0.569159 0.569159 0.569159 0.569159 0.567006 0.569159 0.569159 
0.57911 0.57911 0.57911 0.57911 0.57911 0.57911 0.57911 0.562688 0.57911 0.57911 0.57911 0.57911 0.57911 0.57911 0.57911 0.57911 0.57911 0.220003 0.57911 0.57911 0.57911 0.57911 0.57911 0.57911 0.57911 0.57911 0.57911 0.23342 0.57911 0.57911 0.57911 0.392753 0.57911 0.57911 0.578739 0.57911 0.57911 0.57911 0.57911 0.57911 0.57911 0.578622 0.57911 0.57911 0.220061 0.57911 0.57911 0.57911 0.57911 0.57911 0.57911 0.577212 0.57911 0.57911 0.262238 0.57911 0.57911 0.57911 0.57911 0.57911 0.57911 0.57911 0.57911 0.57911 0.57911 0.57911 0.57911 0.57911 0.57911 0.57911 0.57911 0.57911 0.57911 0.57911 0.57911 0.57911 0.57911 0.57911 0.57911 0.57911 0.57911 0.57911 0.57911 0.57911 0.57911 0.57911 0.57911 0.57911 0.57911 0.57911 0.57911 0.57911 0.57911 0.57911 0.57911 0.57911 0.57911 0.281987 0.57911 0.57911 0.57911 0.57911 0.57911 0.57911 0.57911 0.57911 0.57911 0.577914 0.57911 0.57911 0.57911 0.57911 0.57911 0.57911 0.57911 0.57911 0.57911 0.528313 0.57911 0.57911 0.57911 0.494325 0.57911 0.57911 0.220018 0.57911 0.57911 0.57911 0.57911 0.57911 0.57911 0.220037 0.57911 0.57911 0.220031 0.57911 0.57911 0.57911 0.57911 0.57911 0.57911 0.323686 0.57911 0.57911 0.574452 0.57911 0.57911 0.57911 0.57911 0.57911 0.57911 0.57911 0.57911 0.57911 0.57911 0.57911 0.57911 0.57911 0.57911 0.57911 0.57911 0.57911 0.57911 0.57911 0.57911 0.57911 0.57911 0.57911 0.57911 0.57911 0.57911 0.57911 0.57911 0.57911 0.57911 0.57911 0.57911 0.57911 0.57911 0.57911 0.57911 0.57911 0.57911 0.57911 0.57911 0.57911 0.57911 0.576536 0.57911 0.57911 0.57911 0.57911 0.57911 0.57911 0.57911 0.57911 0.57911 0.313821 0.57911 0.57911 0.57911 0.57911 0.57911 0.57911 0.57911 0.57911 0.57911 0.237889 0.57911 0.57911 0.57911 0.220004 0.57911 0.57911 0.220521 0.57911 0.57911 0.57911 0.57911 0.57911 0.57911 0.52051 0.57911 0.57911 0.220362 0.57911 0.57911 0.57911 0.57911 0.57911 0.57911 0.546743 0.57911 0.57911 0.22013 0.57911 0.57911 0.57911 0.57911 0.57911 0.57911 0.57911 0.57911 0.57911 0.57911 0.57911 0.57911 0.57911 0.57911 0.57911 0.57911 0.57911 0.57911 0.57911 0.57911 0.57911 0.57911 0.57911 0.57911 0.57911 0.57911 0.57911 0.57911 0.57911 0.57911 0.57911 0.57911 0.57911 0.57911 0.57911 0.57911 0.57911 0.57911 0.57911 0.57911 0.57911 0.57911 0.387457 0.57911 0.57911 0.57911 0.57911 0.57911 0.57911 0.57911 0.57911 0.57911 0.530088 0.57911 0.57911 0.57911 0.57911 0.57911 0.57911 0.57911 0.57911 0.57911 0.573009 0.57911 0.57911 0.57911 0.57911 0.57911 0.57911 0.57911 0.57911 0.57911 0.220121 0.57911 0.57911 0.57911 0.57911 0.57911 0.57911 0.57911 0.57911 0.57911 0.573544 0.57911 0.57911 0.57911 0.57911 0.57911 0.57911 0.57911 0.57911 0.57911 0.225509 0.57911 0.57911 0.57911 0.57847 0.57911 0.57911 0.5762 0.57911 0.57911 0.57911 0.57911 0.57911 0.57911 0.220073 0.57911 0.57911 0.578006 0.57911 0.57911 0.57911 0.57911 0.57911 0.57911 0.310217 0.57911 0.57911 0.226104 0.57911 0.57911 0.57911 0.57911 0.57911 0.57911 0.57911 0.57911 0.57911 0.57911 0.57911 0.57911 0.57911 0.57911 0.57911 0.57911 0.57911 0.57911 0.57911 0.57911 0.57911 0.57911 0.57911 0.57911 0.57911 0.57911 0.57911 0.57911 0.57911 0.57911 0.57911 0.57911 0.57911 0.57911 0.57911 0.57911 0.57911 0.57911 0.57911 0.57911 0.57911 0.57911 0.57803 0.57911 0.57911 0.57911 0.57911 0.57911 0.57911 0.57911 0.57911 0.57911 0.220955 0.57911 0.57911 0.57911 0.57911 0.57911 0.57911 0.57911 0.57911 0.57911 0.575835 0.57911 0.57911 0.57911 0.222098 0.57911 0.57911 0.565768 0.57911 0.57911 0.57911 0.57911 0.57911 0.57911 0.520699 0.57911 0.57911 0.220021 0.57911 0.57911 0.57911 0.57911 0.57911 0.57911 0.220009 0.57911 0.57911 0.250842 0.57911 0.57911 0.57911 0.57911 0.57911 0.57911 0.57911 0.57911 0.57911 0.57911 0.57911 0.57911 0.57911 0.57911 0.57911 0.57911 0.57911 0.57911 0.57911 0.57911 0.57911 0.57911 0.57911 0.57911 0.57911 0.57911 0.57911 0.57911 0.57911 0.57911 0.57911 0.57911 0.57911 0.57911 0.57911 0.57911 0.57911 0.57911 0.57911 0.57911 0.57911 0.57911 0.562293 0.57911 0.57911 0.57911 0.57911 0.57911 0.57911 0.57911 0.57911 0.57911 0.220006 0.57911 0.57911 0.57911 0.57911 0.57911 0.57911 0.57911 0.57911 0.57911 0.340571 0.57911 0.57911 0.57911 0.576405 0.57911 0.57911 0.415215 0.57911 0.57911 0.57911 0.57911 0.57911 0.57911 0.549401 0.57911 0.57911 0.531006 0.57911 0.57911 0.57911 0.57911 0.57911 0.57911 0.258684 0.57911 0.57911 0.265836 0.57911 0.57911 0.57911 0.57911 0.57911 0.57911 0.57911 0.57911 0.57911 0.57911 0.57911 0.57911 0.57911 0.57911 0.57911 0.57911 0.57911 0.57911 0.57911 0.57911 0.57911 0.57911 0.57911 0.57911 0.57911 0.57911 0.57911 0.57911 0.57911 0.57911 0.57911 0.57911 0.57911 0.57911 0.57911 0.57911 0.57911 0.57911 0.57911 0.57911 0.57911 0.57911 0.5733 0.57911 0.57911 0.57911 0.57911 0.57911 0.57911 0.57911 0.57911 0.57911 0.578256 0.57911 0.57911 0.57911 0.57911 0.57911 0.57911 0.57911 0.57911 0.57911 0.57671 0.57911 0.57911 0.57911 0.57911 0.57911 0.57911 0.57911 0.57911 0.57911 0.270981 0.57911 0.57911 0.57911 0.57911 0.57911 0.57911 0.57911 0.57911 0.57911 0.220049 0.57911 0.57911 0.57911 0.57911 0.57911 0.57911 0.57911 0.57911 0.57911 0.22002 0.57911 0.57911 0.57911 0.567116 0.57911 0.57911 0.570541 0.57911 0.57911 0.57911 0.57911 0.57911 0.57911 0.563033 0.57911 0.57911 0.564968 0.57911 0.57911 0.57911 0.57911 0.57911 0.57911 0.565942 0.57911 0.57911 0.577411 0.57911 0.57911 0.57911 0.57911 0.57911 0.57911 0.57911 0.57911 0.57911 0.57911 0.57911 0.57911 0.57911 0.57911 0.57911 0.57911 0.57911 0.57911 0.57911 0.57911 0.57911 0.57911 0.57911 0.57911 0.57911 0.57911 0.57911 0.57911 0.57911 0.57911 0.57911 0.57911 0.57911 0.57911 0.57911 0.57911 0.57911 0.57911 0.57911 0.57911 0.57911 0.57911 0.372621 0.57911 0.57911 0.57911 0.57911 0.57911 0.57911 0.57911 0.57911 0.57911 0.222797 0.57911 0.57911 0.57911 0.57911 0.57911 0.57911 0.57911 0.57911 0.57911 0.220001 0.57911 0.57911 0.57911 0.225696 0.57911 0.57911 0.577171 0.57911 0.57911 0.57911 0.57911 0.57911 0.57911 0.224613 0.57911 0.57911 0.577696 0.57911 0.57911 0.57911 0.57911 0.57911 0.57911 0.551406 0.57911 0.57911 0.240955 0.57911 0.57911 0.57911 0.57911 0.57911 0.57911 0.57911 0.57911 0.57911 0.57911 0.57911 0.57911 0.57911 0.57911 0.57911 0.57911 0.57911 0.57911 0.57911 0.57911 0.57911 0.57911 0.57911 0.57911 0.57911 0.57911 0.57911 0.57911 0.57911 0.57911 0.57911 0.57911 0.57911 0.57911 0.57911 0.57911 0.57911 0.57911 0.57911 0.57911 0.57911 0.57911 0.220206 0.57911 0.57911 0.57911 0.57911 0.57911 0.57911 0.57911 0.57911 0.57911 0.578129 0.57911 0.57911 0.57911 0.57911 0.57911 0.57911 0.57911 0.57911 0.57911 0.470457 0.57911 0.57911 0.57911 0.220254 0.57911 0.57911 0.285788 0.57911 0.57911 0.57911 0.57911 0.57911 0.57911 0.260448 0.57911 0.57911 0.555466 0.57911 0.57911 0.57911 0.57911 0.57911 0.57911 0.578292 0.57911 0.57911 0.371876 0.57911 0.57911 0.57911 0.57911 0.57911 0.57911 0.57911 0.57911 0.57911 0.57911 0.57911 0.57911 0.57911 0.57911 0.57911 0.57911 0.57911 0.57911 0.57911 0.57911 0.57911 0.57911 0.57911 0.57911 0.57911 0.57911 0.57911 0.57911 0.57911 0.57911 0.57911 0.57911 0.57911 0.57911 0.57911 0.57911 0.57911 0.57911 0.57911 0.57911 0.57911 0.57911 0.49991 0.57911 0.57911 0.57911 0.57911 0.57911 0.57911 0.57911 0.57911 0.57911 0.572759 0.57911 0.57911 0.57911 0.57911 0.57911 0.57911 0.57911 0.57911 0.57911 0.576827 0.57911 0.57911 
0.58906 0.58906 0.58906 0.58906 0.58906 0.58906 0.58906 0.570976 0.58906 0.58906 0.58906 0.58906 0.58906 0.58906 0.58906 0.58906 0.58906 0.210003 0.58906 0.58906 0.58906 0.58906 0.58906 0.58906 0.58906 0.58906 0.58906 0.224314 0.58906 0.58906 0.58906 0.394319 0.58906 0.58906 0.588652 0.58906 0.58906 0.58906 0.58906 0.58906 0.58906 0.588545 0.58906 0.58906 0.210063 0.58906 0.58906 0.58906 0.58906 0.58906 0.58906 0.587021 0.58906 0.58906 0.253216 0.58906 0.58906 0.58906 0.58906 0.58906 0.58906 0.58906 0.58906 0.58906 0.58906 0.58906 0.58906 0.58906 0.58906 0.58906 0.58906 0.58906 0.58906 0.58906 0.58906 0.58906 0.58906 0.58906 0.58906 0.58906 0.58906 0.58906 0.58906 0.58906 0.58906 0.58906 0.58906 0.58906 0.58906 0.58906 0.58906 0.58906 0.58906 0.58906 0.58906 0.58906 0.58906 0.275496 0.58906 0.58906 0.58906 0.58906 0.58906 0.58906 0.58906 0.58906 0.58906 0.587819 0.58906 0.58906 0.58906 0.58906 0.58906 0.58906 0.58906 0.58906 0.58906 0.534711 0.58906 0.58906 0.58906 0.499806 0.58906 0.58906 0.210018 0.58906 0.58906 0.58906 0.58906 0.58906 0.58906 0.210039 0.58906 0.58906 0.210032 0.58906 0.58906 0.58906 0.58906 0.58906 0.58906 0.324159 0.58906 0.58906 0.584061 0.58906 0.58906 0.58906 0.58906 0.58906 0.58906 0.58906 0.58906 0.58906 0.58906 0.58906 0.58906 0.58906 0.58906 0.58906 0.58906 0.58906 0.58906 0.58906 0.58906 0.58906 0.58906 0.58906 0.58906 0.58906 0.58906 0.58906 0.58906 0.58906 0.58906 0.58906 0.58906 0.58906 0.58906 0.58906 0.58906 0.58906 0.58906 0.58906 0.58906 0.58906 0.58906 0.586397 0.58906 0.58906 0.58906 0.58906 0.58906 0.58906 0.58906 0.58906 0.58906 0.311347 0.58906 0.58906 0.58906 0.58906 0.58906 0.58906 0.58906 0.58906 0.58906 0.228656 0.58906 0.58906 0.58906 0.210005 0.58906 0.58906 0.210557 0.58906 0.58906 0.58906 0.58906 0.58906 0.58906 0.526718 0.58906 0.58906 0.210386 0.58906 0.58906 0.58906 0.58906 0.58906 0.58906 0.554876 0.58906 0.58906 0.210136 0.58906 0.58906 0.58906 0.58906 0.58906 0.58906 0.58906 0.58906 0.58906 0.58906 0.58906 0.58906 0.58906 0.58906 0.58906 0.58906 0.58906 0.58906 0.58906 0.58906 0.58906 0.58906 0.58906 0.58906 0.58906 0.58906 0.58906 0.58906 0.58906 0.58906 0.58906 0.58906 0.58906 0.58906 0.58906 0.58906 0.58906 0.58906 0.58906 0.58906 0.58906 0.58906 0.386983 0.58906 0.58906 0.58906 0.58906 0.58906 0.58906 0.58906 0.58906 0.58906 0.537094 0.58906 0.58906 0.58906 0.58906 0.58906 0.58906 0.58906 0.58906 0.58906 0.582553 0.58906 0.58906 0.58906 0.58906 0.58906 0.58906 0.58906 0.58906 0.58906 0.210128 0.58906 0.58906 0.58906 0.58906 0.58906 0.58906 0.58906 0.58906 0.58906 0.583088 0.58906 0.58906 0.58906 0.58906 0.58906 0.58906 0.58906 0.58906 0.58906 0.215689 0.58906 0.58906 0.58906 0.588378 0.58906 0.58906 0.585997 0.58906 0.58906 0.58906 0.58906 0.58906 0.58906 0.210077 0.58906 0.58906 0.587875 0.58906 0.58906 0.58906 0.58906 0.58906 0.58906 0.304206 0.58906 0.58906 0.216328 0.58906 0.58906 0.58906 0.58906 0.58906 0.58906 0.58906 0.58906 0.58906 0.58906 0.58906 0.58906 0.58906 0.58906 0.58906 0.58906 0.58906 0.58906 0.58906 0.58906 0.58906 0.58906 0.58906 0.58906 0.58906 0.58906 0.58906 0.58906 0.58906 0.58906 0.58906 0.58906 0.58906 0.58906 0.58906 0.58906 0.58906 0.58906 0.58906 0.58906 0.58906 0.58906 0.587903 0.58906 0.58906 0.58906 0.58906 0.58906 0.58906 0.58906 0.58906 0.58906 0.210985 0.58906 0.58906 0.58906 0.58906 0.58906 0.58906 0.58906 0.58906 0.58906 0.585662 0.58906 0.58906 0.58906 0.21235 0.58906 0.58906 0.574902 0.58906 0.58906 0.58906 0.58906 0.58906 0.58906 0.527097 0.58906 0.58906 0.210021 0.58906 0.58906 0.58906 0.58906 0.58906 0.58906 0.21001 0.58906 0.58906 0.241343 0.58906 0.58906 0.58906 0.58906 0.58906 0.58906 0.58906 0.58906 0.58906 0.58906 0.58906 0.58906 0.58906 0.58906 0.58906 0.58906 0.58906 0.58906 0.58906 0.58906 0.58906 0.58906 0.58906 0.58906 0.58906 0.58906 0.58906 0.58906 0.58906 0.58906 0.58906 0.58906 0.58906 0.58906 0.58906 0.58906 0.58906 0.58906 0.58906 0.58906 0.58906 0.58906 0.571158 0.58906 0.58906 0.58906 0.58906 0.58906 0.58906 0.58906 0.58906 0.58906 0.210007 0.58906 0.58906 0.58906 0.58906 0.58906 0.58906 0.58906 0.58906 0.58906 0.335429 0.58906 0.58906 0.58906 0.586175 0.58906 0.58906 0.414271 0.58906 0.58906 0.58906 0.58906 0.58906 0.58906 0.557738 0.58906 0.58906 0.538914 0.58906 0.58906 0.58906 0.58906 0.58906 0.58906 0.253093 0.58906 0.58906 0.259166 0.58906 0.58906 0.58906 0.58906 0.58906 0.58906 0.58906 0.58906 0.58906 0.58906 0.58906 0.58906 0.58906 0.58906 0.58906 0.58906 0.58906 0.58906 0.58906 0.58906 0.58906 0.58906 0.58906 0.58906 0.58906 0.58906 0.58906 0.58906 0.58906 0.58906 0.58906 0.58906 0.58906 0.58906 0.58906 0.58906 0.58906 0.58906 0.58906 0.58906 0.58906 0.58906 0.583005 0.58906 0.58906 0.58906 0.58906 0.58906 0.58906 0.58906 0.58906 0.58906 0.588154 0.58906 0.58906 0.58906 0.58906 0.58906 0.58906 0.58906 0.58906 0.58906 0.586587 0.58906 0.58906 0.58906 0.58906 0.58906 0.58906 0.58906 0.58906 0.58906 0.263321 0.58906 0.58906 0.58906 0.58906 0.58906 0.58906 0.58906 0.58906 0.58906 0.210053 0.58906 0.58906 0.58906 0.58906 0.58906 0.58906 0.58906 0.58906 0.58906 0.210021 0.58906 0.58906 0.58906 0.575911 0.58906 0.58906 0.579881 0.58906 0.58906 0.58906 0.58906 0.58906 0.58906 0.572167 0.58906 0.58906 0.574048 0.58906 0.58906 0.58906 0.58906 0.58906 0.58906 0.575242 0.58906 0.58906 0.587276 0.58906 0.58906 0.58906 0.58906 0.58906 0.58906 0.58906 0.58906 0.58906 0.58906 0.58906 0.58906 0.58906 0.58906 0.58906 0.58906 0.58906 0.58906 0.58906 0.58906 0.58906 0.58906 0.58906 0.58906 0.58906 0.58906 0.58906 0.58906 0.58906 0.58906 0.58906 0.58906 0.58906 0.58906 0.58906 0.58906 0.58906 0.58906 0.58906 0.58906 0.58906 0.58906 0.37152 0.58906 0.58906 0.58906 0.58906 0.58906 0.58906 0.58906 0.58906 0.58906 0.212971 0.58906 0.58906 0.58906 0.58906 0.58906 0.58906 0.58906 0.58906 0.58906 0.210001 0.58906 0.58906 0.58906 0.215887 0.58906 0.58906 0.587036 0.58906 0.58906 0.58906 0.58906 0.58906 0.58906 0.214948 0.58906 0.58906 0.587537 0.58906 0.58906 0.58906 0.58906 0.58906 0.58906 0.56001 0.58906 0.58906 0.232524 0.58906 0.58906 0.58906 0.58906 0.58906 0.58906 0.58906 0.58906 0.58906 0.58906 0.58906 0.58906 0.58906 0.58906 0.58906 0.58906 0.58906 0.58906 0.58906 0.58906 0.58906 0.58906 0.58906 0.58906 0.58906 0.58906 0.58906 0.58906 0.58906 0.58906 0.58906 0.58906 0.58906 0.58906 0.58906 0.58906 0.58906 0.58906 0.58906 0.58906 0.58906 0.58906 0.210215 0.58906 0.58906 0.58906 0.58906 0.58906 0.58906 0.58906 0.58906 0.58906 0.588034 0.58906 0.58906 0.58906 0.58906 0.58906 0.58906 0.58906 0.58906 0.58906 0.475828 0.58906 0.58906 0.58906 0.210271 0.58906 0.58906 0.281899 0.58906 0.58906 0.58906 0.58906 0.58906 0.58906 0.252481 0.58906 0.58906 0.564396 0.58906 0.58906 0.58906 0.58906 0.58906 0.58906 0.5882 0.58906 0.58906 0.369852 0.58906 0.58906 0.58906 0.58906 0.58906 0.58906 0.58906 0.58906 0.58906 0.58906 0.58906 0.58906 0.58906 0.58906 0.58906 0.58906 0.58906 0.58906 0.58906 0.58906 0.58906 0.58906 0.58906 0.58906 0.58906 0.58906 0.58906 0.58906 0.58906 0.58906 0.58906 0.58906 0.58906 0.58906 0.58906 0.58906 0.58906 0.58906 0.58906 0.58906 0.58906 0.58906 0.507759 0.58906 0.58906 0.58906 0.58906 0.58906 0.58906 0.58906 0.58906 0.58906 0.582445 0.58906 0.58906 0.58906 0.58906 0.58906 0.58906 0.58906 0.58906 0.58906 0.586642 0.58906 0.58906 
0.599011 0.599011 0.599011 0.599011 0.599011 0.599011 0.599011 0.579771 0.599011 0.599011 0.599011 0.599011 0.599011 0.599011 0.599011 0.599011 0.599011 0.200003 0.599011 0.599011 0.599011 0.599011 0.599011 0.599011 0.599011 0.599011 0.599011 0.214814 0.599011 0.599011 0.599011 0.393688 0.599011 0.599011 0.598588 0.599011 0.599011 0.599011 0.599011 0.599011 0.599011 0.598475 0.599011 0.599011 0.200068 0.599011 0.599011 0.599011 0.599011 0.599011 0.599011 0.596842 0.599011 0.599011 0.245192 0.599011 0.599011 0.599011 0.599011 0.599011 0.599011 0.599011 0.599011 0.599011 0.599011 0.599011 0.599011 0.599011 0.599011 0.599011 0.599011 0.599011 0.599011 0.599011 0.599011 0.599011 0.599011 0.599011 0.599011 0.599011 0.599011 0.599011 0.599011 0.599011 0.599011 0.599011 0.599011 0.599011 0.599011 0.599011 0.599011 0.599011 0.599011 0.599011 0.599011 0.599011 0.599011 0.268257 0.599011 0.599011 0.599011 0.599011 0.599011 0.599011 0.599011 0.599011 0.599011 0.597734 0.599011 0.599011 0.599011 0.599011 0.599011 0.599011 0.599011 0.599011 0.599011 0.541636 0.599011 0.599011 0.599011 0.506388 0.599011 0.599011 0.200019 0.599011 0.599011 0.599011 0.599011 0.599011 0.599011 0.200042 0.599011 0.599011 0.200034 0.599011 0.599011 0.599011 0.599011 0.599011 0.599011 0.32027 0.599011 0.599011 0.593716 0.599011 0.599011 0.599011 0.599011 0.599011 0.599011 0.599011 0.599011 0.599011 0.599011 0.599011 0.599011 0.599011 0.599011 0.599011 0.599011 0.599011 0.599011 0.599011 0.599011 0.599011 0.599011 0.599011 0.599011 0.599011 0.599011 0.599011 0.599011 0.599011 0.599011 0.599011 0.599011 0.599011 0.599011 0.599011 0.599011 0.599011 0.599011 0.599011 0.599011 0.599011 0.599011 0.596119 0.599011 0.599011 0.599011 0.599011 0.599011 0.599011 0.599011 0.599011 0.599011 0.308434 0.599011 0.599011 0.599011 0.599011 0.599011 0.599011 0.599011 0.599011 0.599011 0.219336 0.599011 0.599011 0.599011 0.200005 0.599011 0.599011 0.200587 0.599011 0.599011 0.599011 0.599011 0.599011 0.599011 0.533116 0.599011 0.599011 0.200399 0.599011 0.599011 0.599011 0.599011 0.599011 0.599011 0.562663 0.599011 0.599011 0.200141 0.599011 0.599011 0.599011 0.599011 0.599011 0.599011 0.599011 0.599011 0.599011 0.599011 0.599011 0.599011 0.599011 0.599011 0.599011 0.599011 0.599011 0.599011 0.599011 0.599011 0.599011 0.599011 0.599011 0.599011 0.599011 0.599011 0.599011 0.599011 0.599011 0.599011 0.599011 0.599011 0.599011 0.599011 0.599011 0.599011 0.599011 0.599011 0.599011 0.599011 0.599011 0.599011 0.38407 0.599011 0.599011 0.599011 0.599011 0.599011 0.599011 0.599011 0.599011 0.599011 0.5441 0.599011 0.599011 0.599011 0.599011 0.599011 0.599011 0.599011 0.599011 0.599011 0.592124 0.599011 0.599011 0.599011 0.599011 0.599011 0.599011 0.599011 0.599011 0.599011 0.200131 0.599011 0.599011 0.599011 0.599011 0.599011 0.599011 0.599011 0.599011 0.599011 0.592783 0.599011 0.599011 0.599011 0.599011 0.599011 0.599011 0.599011 0.599011 0.599011 0.205975 0.599011 0.599011 0.599011 0.598288 0.599011 0.599011 0.595774 0.599011 0.599011 0.599011 0.599011 0.599011 0.599011 0.200079 0.599011 0.599011 0.597748 0.599011 0.599011 0.599011 0.599011 0.599011 0.599011 0.299795 0.599011 0.599011 0.206537 0.599011 0.599011 0.599011 0.599011 0.599011 0.599011 0.599011 0.599011 0.599011 0.599011 0.599011 0.599011 0.599011 0.599011 0.599011 0.599011 0.599011 0.599011 0.599011 0.599011 0.599011 0.599011 0.599011 0.599011 0.599011 0.599011 0.599011 0.599011 0.599011 0.599011 0.599011 0.599011 0.599011 0.599011 0.599011 0.599011 0.599011 0.599011 0.599011 0.599011 0.599011 0.599011 0.597712 0.599011 0.599011 0.599011 0.599011 0.599011 0.599011 0.599011 0.599011 0.599011 0.201016 0.599011 0.599011 0.599011 0.599011 0.599011 0.599011 0.599011 0.599011 0.599011 0.595522 0.599011 0.599011 0.599011 0.202499 0.599011 0.599011 0.58437 0.599011 0.599011 0.599011 0.599011 0.599011 0.599011 0.534336 0.599011 0.599011 0.200022 0.599011 0.599011 0.599011 0.599011 0.599011 0.599011 0.20001 0.599011 0.599011 0.233618 0.599011 0.599011 0.599011 0.599011 0.599011 0.599011 0.599011 0.599011 0.599011 0.599011 0.599011 0.599011 0.599011 0.599011 0.599011 0.599011 0.599011 0.599011 0.599011 0.599011 0.599011 0.599011 0.599011 0.599011 0.599011 0.599011 0.599011 0.599011 0.599011 0.599011 0.599011 0.599011 0.599011 0.599011 0.599011 0.599011 0.599011 0.599011 0.599011 0.599011 0.599011 0.599011 0.579917 0.599011 0.599011 0.599011 0.599011 0.599011 0.599011 0.599011 0.599011 0.599011 0.200007 0.599011 0.599011 0.599011 0.599011 0.599011 0.599011 0.599011 0.599011 0.599011 0.331145 0.599011 0.599011 0.599011 0.595922 0.599011 0.599011 0.415837 0.599011 0.599011 0.599011 0.599011 0.599011 0.599011 0.565817 0.599011 0.599011 0.545838 0.599011 0.599011 0.599011 0.599011 0.599011 0.599011 0.244573 0.599011 0.599011 0.251143 0.599011 0.599011 0.599011 0.599011 0.599011 0.599011 0.599011 0.599011 0.599011 0.599011 0.599011 0.599011 0.599011 0.599011 0.599011 0.599011 0.599011 0.599011 0.599011 0.599011 0.599011 0.599011 0.599011 0.599011 0.599011 0.599011 0.599011 0.599011 0.599011 0.599011 0.599011 0.599011 0.599011 0.599011 0.599011 0.599011 0.599011 0.599011 0.599011 0.599011 0.599011 0.599011 0.592505 0.599011 0.599011 0.599011 0.599011 0.599011 0.599011 0.599011 0.599011 0.599011 0.598055 0.599011 0.599011 0.599011 0.599011 0.599011 0.599011 0.599011 0.599011 0.599011 0.596428 0.599011 0.599011 0.599011 0.599011 0.599011 0.599011 0.599011 0.599011 0.599011 0.255413 0.599011 0.599011 0.599011 0.599011 0.599011 0.599011 0.599011 0.599011 0.599011 0.200056 0.599011 0.599011 0.599011 0.599011 0.599011 0.599011 0.599011 0.599011 0.599011 0.200023 0.599011 0.599011 0.599011 0.58531 0.599011 0.599011 0.588961 0.599011 0.599011 0.599011 0.599011 0.599011 0.599011 0.581032 0.599011 0.599011 0.583428 0.599011 0.599011 0.599011 0.599011 0.599011 0.599011 0.584426 0.599011 0.599011 0.597136 0.599011 0.599011 0.599011 0.599011 0.599011 0.599011 0.599011 0.599011 0.599011 0.599011 0.599011 0.599011 0.599011 0.599011 0.599011 0.599011 0.599011 0.599011 0.599011 0.599011 0.599011 0.599011 0.599011 0.599011 0.599011 0.599011 0.599011 0.599011 0.599011 0.599011 0.599011 0.599011 0.599011 0.599011 0.599011 0.599011 0.599011 0.599011 0.599011 0.599011 0.599011 0.599011 0.368321 0.599011 0.599011 0.599011 0.599011 0.599011 0.599011 0.599011 0.599011 0.599011 0.203047 0.599011 0.599011 0.599011 0.599011 0.599011 0.599011 0.599011 0.599011 0.599011 0.200001 0.599011 0.599011 0.599011 0.206156 0.599011 0.599011 0.596896 0.599011 0.599011 0.599011 0.599011 0.599011 0.599011 0.205071 0.599011 0.599011 0.597418 0.599011 0.599011 0.599011 0.599011 0.599011 0.599011 0.568693 0.599011 0.599011 0.223107 0.599011 0.599011 0.599011 0.599011 0.599011 0.599011 0.599011 0.599011 0.599011 0.599011 0.599011 0.599011 0.599011 0.599011 0.599011 0.599011 0.599011 0.599011 0.599011 0.599011 0.599011 0.599011 0.599011 0.599011 0.599011 0.599011 0.599011 0.599011 0.599011 0.599011 0.599011 0.599011 0.599011 0.599011 0.599011 0.599011 0.599011 0.599011 0.599011 0.599011 0.599011 0.599011 0.200223 0.599011 0.599011 0.599011 0.599011 0.599011 0.599011 0.599011 0.599011 0.599011 0.597941 0.599011 0.599011 0.599011 0.599011 0.599011 0.599011 0.599011 0.599011 0.599011 0.479168 0.599011 0.599011 0.599011 0.20028 0.599011 0.599011 0.2762 0.599011 0.599011 0.599011 0.599011 0.599011 0.599011 0.243919 0.599011 0.599011 0.573192 0.599011 0.599011 0.599011 0.599011 0.599011 0.599011 0.598115 0.599011 0.599011 0.367828 0.599011 0.599011 0.599011 0.599011 0.599011 0.599011 0.599011 0.599011 0.599011 0.599011 0.599011 0.599011 0.599011 0.599011 0.599011 0.599011 0.599011 0.599011 0.599011 0.599011 0.599011 0.599011 0.599011 0.599011 0.599011 0.599011 0.599011 0.599011 0.599011 0.599011 0.599011 0.599011 0.599011 0.599011 0.599011 0.599011 0.599011 0.599011 0.599011 0.599011 0.599011 0.599011 0.51335 0.599011 0.599011 0.599011 0.599011 0.599011 0.599011 0.599011 0.599011 0.599011 0.592184 0.599011 0.599011 0.599011 0.599011 0.599011 0.599011 0.599011 0.599011 0.599011 0.596479 0.599011 0.599011 

</Matrix>
   <Matrix name="ratesHistory" type="complete" rows="21" columns="900" multiplier="1.0">
   0 0 0 0 0 0 0 0 0 0 0 0 0 0 0 0 0 0 0 0 0 0 0 0 0 0 0 0 0 0 0 0 0 0 0 0 0 0 0 0 0 0 0 0 0 0 0 0 0 0 0 0 0 0 0 0 0 0 0 0 0 0 0 0 0 0 0 0 0 0 0 0 0 0 0 0 0 0 0 0 0 0 0 0 0 0 0 0 0 0 0 0 0 0 0 0 0 0 0 0 0 0 0 0 0 0 0 0 0 0 0 0 0 0 0 0 0 0 0 0 0 0 0 0 0 0 0 0 0 0 0 0 0 0 0 0 0 0 0 0 0 0 0 0 0 0 0 0 0 0 0 0 0 0 0 0 0 0 0 0 0 0 0 0 0 0 0 0 0 0 0 0 0 0 0 0 0 0 0 0 0 0 0 0 0 0 0 0 0 0 0 0 0 0 0 0 0 0 0 0 0 0 0 0 0 0 0 0 0 0 0 0 0 0 0 0 0 0 0 0 0 0 0 0 0 0 0 0 0 0 0 0 0 0 0 0 0 0 0 0 0 0 0 0 0 0 0 0 0 0 0 0 0 0 0 0 0 0 0 0 0 0 0 0 0 0 0 0 0 0 0 0 0 0 0 0 0 0 0 0 0 0 0 0 0 0 0 0 0 0 0 0 0 0 0 0 0 0 0 0 0 0 0 0 0 0 0 0 0 0 0 0 0 0 0 0 0 0 0 0 0 0 0 0 0 0 0 0 0 0 0 0 0 0 0 0 0 0 0 0 0 0 0 0 0 0 0 0 0 0 0 0 0 0 0 0 0 0 0 0 0 0 0 0 0 0 0 0 0 0 0 0 0 0 0 0 0 0 0 0 0 0 0 0 0 0 0 0 0 0 0 0 0 0 0 0 0 0 0 0 0 0 0 0 0 0 0 0 0 0 0 0 0 0 0 0 0 0 0 0 0 0 0 0 0 0 0 0 0 0 0 0 0 0 0 0 0 0 0 0 0 0 0 0 0 0 0 0 0 0 0 0 0 0 0 0 0 0 0 0 0 0 0 0 0 0 0 0 0 0 0 0 0 0 0 0 0 0 0 0 0 0 0 0 0 0 0 0 0 0 0 0 0 0 0 0 0 0 0 0 0 0 0 0 0 0 0 0 0 0 0 0 0 0 0 0 0 0 0 0 0 0 0 0 0 0 0 0 0 0 0 0 0 0 0 0 0 0 0 0 0 0 0 0 0 0 0 0 0 0 0 0 0 0 0 0 0 0 0 0 0 0 0 0 0 0 0 0 0 0 0 0 0 0 0 0 0 0 0 0 0 0 0 0 0 0 0 0 0 0 0 0 0 0 0 0 0 0 0 0 0 0 0 0 0 0 0 0 0 0 0 0 0 0 0 0 0 0 0 0 0 0 0 0 0 0 0 0 0 0 0 0 0 0 0 0 0 0 0 0 0 0 0 0 0 0 0 0 0 0 0 0 0 0 0 0 0 0 0 0 0 0 0 0 0 0 0 0 0 0 0 0 0 0 0 0 0 0 0 0 0 0 0 0 0 0 0 0 0 0 0 0 0 0 0 0 0 0 0 0 0 0 0 0 0 0 0 0 0 0 0 0 0 0 0 0 0 0 0 0 0 0 0 0 0 0 0 0 0 0 0 0 0 0 0 0 0 0 0 0 0 0 0 0 0 0 0 0 0 0 0 0 0 0 0 0 0 0 0 0 0 0 0 0 0 0 0 0 0 0 0 0 0 0 0 0 0 0 0 0 0 0 0 0 0 0 0 0 0 0 0 0 0 0 0 0 0 0 0 0 0 0 0 0 0 0 0 0 0 0 0 0 0 0 0 0 0 0 0 0 0 0 0 0 0 0 0 0 0 0 0 0 0 0 0 0 0 0 0 0 0 0 0 0 0 0 0 0 0 0 0 0 0 0 0 0 0 0 0 0 0 0 0 0 0 0 0 0 0 0 0 0 0 0 0 0 0 0 0 0 0 0 0 0 0 0 0 0 0 0 0 0 0 0 0 0 0 0 0 0 
0 0 0 0 0 0 0 0.72 0 0 0 0 0 0 0 0 0 5.66 0 0 0 0 0 0 0 0 0 2.89 0 0 0 1.83 0 0 0.1 0 0 0 0 0 0 0.11 0 0 4.71 0 0 0 0 0 0 0.33 0 0 2.55 0 0 0 0 0 0 0 0 0 0 0 0 0 0 0 0 0 0 0 0 0 0 0 0 0 0 0 0 0 0 0 0 0 0 0 0 0 0 0 0 0 0 2.32 0 0 0 0 0 0 0 0 0 0.25 0 0 0 0 0 0 0 0 0 1.2 0 0 0 1.48 0 0 5.32 0 0 0 0 0 0 4.76 0 0 5 0 0 0 0 0 0 2.1 0 0 0.67 0 0 0 0 0 0 0 0 0 0 0 0 0 0 0 0 0 0 0 0 0 0 0 0 0 0 0 0 0 0 0 0 0 0 0 0 0 0 0 0 0 0 0.41 0 0 0 0 0 0 0 0 0 2.22 0 0 0 0 0 0 0 0 0 2.86 0 0 0 5.75 0 0 3.96 0 0 0 0 0 0 1.29 0 0 3.91 0 0 0 0 0 0 1.02 0 0 4.31 0 0 0 0 0 0 0 0 0 0 0 0 0 0 0 0 0 0 0 0 0 0 0 0 0 0 0 0 0 0 0 0 0 0 0 0 0 0 0 0 0 0 1.67 0 0 0 0 0 0 0 0 0 1.07 0 0 0 0 0 0 0 0 0 0.83 0 0 0 0 0 0 0 0 0 4.53 0 0 0 0 0 0 0 0 0 0.53 0 0 0 0 0 0 0 0 0 3.48 0 0 0 0.2 0 0 0.47 0 0 0 0 0 0 4.59 0 0 0.13 0 0 0 0 0 0 2.37 0 0 3.31 0 0 0 0 0 0 0 0 0 0 0 0 0 0 0 0 0 0 0 0 0 0 0 0 0 0 0 0 0 0 0 0 0 0 0 0 0 0 0 0 0 0 0.23 0 0 0 0 0 0 0 0 0 3.65 0 0 0 0 0 0 0 0 0 0.37 0 0 0 3.52 0 0 0.81 0 0 0 0 0 0 1.23 0 0 5.01 0 0 0 0 0 0 5.29 0 0 2.49 0 0 0 0 0 0 0 0 0 0 0 0 0 0 0 0 0 0 0 0 0 0 0 0 0 0 0 0 0 0 0 0 0 0 0 0 0 0 0 0 0 0 0.88 0 0 0 0 0 0 0 0 0 5.45 0 0 0 0 0 0 0 0 0 2.14 0 0 0 0.39 0 0 1.7 0 0 0 0 0 0 1.14 0 0 1.35 0 0 0 0 0 0 2.5 0 0 2.51 0 0 0 0 0 0 0 0 0 0 0 0 0 0 0 0 0 0 0 0 0 0 0 0 0 0 0 0 0 0 0 0 0 0 0 0 0 0 0 0 0 0 0.64 0 0 0 0 0 0 0 0 0 0.16 0 0 0 0 0 0 0 0 0 0.36 0 0 0 0 0 0 0 0 0 2.24 0 0 0 0 0 0 0 0 0 4.75 0 0 0 0 0 0 0 0 0 5.14 0 0 0 0.82 0 0 0.77 0 0 0 0 0 0 0.83 0 0 0.84 0 0 0 0 0 0 0.82 0 0 0.31 0 0 0 0 0 0 0 0 0 0 0 0 0 0 0 0 0 0 0 0 0 0 0 0 0 0 0 0 0 0 0 0 0 0 0 0 0 0 0 0 0 0 2.04 0 0 0 0 0 0 0 0 0 3.3 0 0 0 0 0 0 0 0 0 5.89 0 0 0 3.29 0 0 0.42 0 0 0 0 0 0 3.28 0 0 0.32 0 0 0 0 0 0 0.94 0 0 2.72 0 0 0 0 0 0 0 0 0 0 0 0 0 0 0 0 0 0 0 0 0 0 0 0 0 0 0 0 0 0 0 0 0 0 0 0 0 0 0 0 0 0 4.23 0 0 0 0 0 0 0 0 0 0.36 0 0 0 0 0 0 0 0 0 1.64 0 0 0 4.25 0 0 2.16 0 0 0 0 0 0 2.53 0 0 1.03 0 0 0 0 0 0 0.2 0 0 1.9 0 0 0 0 0 0 0 0 0 0 0 0 0 0 0 0 0 0 0 0 0 0 0 0 0 0 0 0 0 0 0 0 0 0 0 0 0 0 0 0 0 0 1.49 0 0 0 0 0 0 0 0 0 0.62 0 0 0 0 0 0 0 0 0 0.4 0 0 
0 0 0 0 0 0 0 1 0 0 0 0 0 0 0 0 0 5.65 0 0 0 0 0 0 0 0 0 2.79 0 0 0 1.83 0 0 0.12 0 0 0 0 0 0 0.04 0 0 4.99 0 0 0 0 0 0 0.35 0 0 2.54 0 0 0 0 0 0 0 0 0 0 0 0 0 0 0 0 0 0 0 0 0 0 0 0 0 0 0 0 0 0 0 0 0 0 0 0 0 0 0 0 0 0 2.36 0 0 0 0 0 0 0 0 0 0.3 0 0 0 0 0 0 0 0 0 1.32 0 0 0 1.49 0 0 5.13 0 0 0 0 0 0 5 0 0 4.89 0 0 0 0 0 0 2.34 0 0 0.62 0 0 0 0 0 0 0 0 0 0 0 0 0 0 0 0 0 0 0 0 0 0 0 0 0 0 0 0 0 0 0 0 0 0 0 0 0 0 0 0 0 0 0.5 0 0 0 0 0 0 0 0 0 2.22 0 0 0 0 0 0 0 0 0 3.19 0 0 0 5.51 0 0 4.07 0 0 0 0 0 0 1.39 0 0 4.08 0 0 0 0 0 0 1.03 0 0 4.72 0 0 0 0 0 0 0 0 0 0 0 0 0 0 0 0 0 0 0 0 0 0 0 0 0 0 0 0 0 0 0 0 0 0 0 0 0 0 0 0 0 0 2.05 0 0 0 0 0 0 0 0 0 1.36 0 0 0 0 0 0 0 0 0 0.69 0 0 0 0 0 0 0 0 0 4.5 0 0 0 0 0 0 0 0 0 0.62 0 0 0 0 0 0 0 0 0 3.28 0 0 0 0.14 0 0 0.48 0 0 0 0 0 0 4.61 0 0 0.23 0 0 0 0 0 0 2.34 0 0 3.24 0 0 0 0 0 0 0 0 0 0 0 0 0 0 0 0 0 0 0 0 0 0 0 0 0 0 0 0 0 0 0 0 0 0 0 0 0 0 0 0 0 0 0.31 0 0 0 0 0 0 0 0 0 3.75 0 0 0 0 0 0 0 0 0 0.52 0 0 0 3.36 0 0 0.87 0 0 0 0 0 0 1.45 0 0 4.93 0 0 0 0 0 0 5.17 0 0 2.67 0 0 0 0 0 0 0 0 0 0 0 0 0 0 0 0 0 0 0 0 0 0 0 0 0 0 0 0 0 0 0 0 0 0 0 0 0 0 0 0 0 0 0.89 0 0 0 0 0 0 0 0 0 5.56 0 0 0 0 0 0 0 0 0 2.14 0 0 0 0.44 0 0 1.54 0 0 0 0 0 0 1.19 0 0 1.37 0 0 0 0 0 0 2.47 0 0 2.49 0 0 0 0 0 0 0 0 0 0 0 0 0 0 0 0 0 0 0 0 0 0 0 0 0 0 0 0 0 0 0 0 0 0 0 0 0 0 0 0 0 0 0.8 0 0 0 0 0 0 0 0 0 0.27 0 0 0 0 0 0 0 0 0 0.49 0 0 0 0 0 0 0 0 0 2.68 0 0 0 0 0 0 0 0 0 4.55 0 0 0 0 0 0 0 0 0 5.12 0 0 0 0.86 0 0 0.63 0 0 0 0 0 0 0.76 0 0 0.99 0 0 0 0 0 0 0.76 0 0 0.33 0 0 0 0 0 0 0 0 0 0 0 0 0 0 0 0 0 0 0 0 0 0 0 0 0 0 0 0 0 0 0 0 0 0 0 0 0 0 0 0 0 0 1.96 0 0 0 0 0 0 0 0 0 3.4 0 0 0 0 0 0 0 0 0 6.05 0 0 0 3.27 0 0 0.43 0 0 0 0 0 0 3.28 0 0 0.26 0 0 0 0 0 0 1.25 0 0 2.9 0 0 0 0 0 0 0 0 0 0 0 0 0 0 0 0 0 0 0 0 0 0 0 0 0 0 0 0 0 0 0 0 0 0 0 0 0 0 0 0 0 0 4.3 0 0 0 0 0 0 0 0 0 0.32 0 0 0 0 0 0 0 0 0 1.51 0 0 0 4.18 0 0 2.43 0 0 0 0 0 0 2.57 0 0 0.98 0 0 0 0 0 0 0.16 0 0 2.18 0 0 0 0 0 0 0 0 0 0 0 0 0 0 0 0 0 0 0 0 0 0 0 0 0 0 0 0 0 0 0 0 0 0 0 0 0 0 0 0 0 0 1.52 0 0 0 0 0 0 0 0 0 0.57 0 0 0 0 0 0 0 0 0 0.34 0 0 
0 0 0 0 0 0 0 0.87 0 0 0 0 0 0 0 0 0 5.61 0 0 0 0 0 0 0 0 0 2.95 0 0 0 1.91 0 0 0.13 0 0 0 0 0 0 0.14 0 0 4.68 0 0 0 0 0 0 0.29 0 0 2.7 0 0 0 0 0 0 0 0 0 0 0 0 0 0 0 0 0 0 0 0 0 0 0 0 0 0 0 0 0 0 0 0 0 0 0 0 0 0 0 0 0 0 2.53 0 0 0 0 0 0 0 0 0 0.24 0 0 0 0 0 0 0 0 0 1.32 0 0 0 1.57 0 0 4.98 0 0 0 0 0 0 4.84 0 0 4.98 0 0 0 0 0 0 2.24 0 0 0.54 0 0 0 0 0 0 0 0 0 0 0 0 0 0 0 0 0 0 0 0 0 0 0 0 0 0 0 0 0 0 0 0 0 0 0 0 0 0 0 0 0 0 0.34 0 0 0 0 0 0 0 0 0 2.19 0 0 0 0 0 0 0 0 0 2.7 0 0 0 5.33 0 0 4.12 0 0 0 0 0 0 1.35 0 0 3.92 0 0 0 0 0 0 1.21 0 0 4.67 0 0 0 0 0 0 0 0 0 0 0 0 0 0 0 0 0 0 0 0 0 0 0 0 0 0 0 0 0 0 0 0 0 0 0 0 0 0 0 0 0 0 1.88 0 0 0 0 0 0 0 0 0 1.19 0 0 0 0 0 0 0 0 0 0.61 0 0 0 0 0 0 0 0 0 4.6 0 0 0 0 0 0 0 0 0 0.7 0 0 0 0 0 0 0 0 0 2.99 0 0 0 0.16 0 0 0.38 0 0 0 0 0 0 4.48 0 0 0.3 0 0 0 0 0 0 2.05 0 0 3.14 0 0 0 0 0 0 0 0 0 0 0 0 0 0 0 0 0 0 0 0 0 0 0 0 0 0 0 0 0 0 0 0 0 0 0 0 0 0 0 0 0 0 0.18 0 0 0 0 0 0 0 0 0 3.7 0 0 0 0 0 0 0 0 0 0.51 0 0 0 3.55 0 0 0.95 0 0 0 0 0 0 1.31 0 0 4.93 0 0 0 0 0 0 5.14 0 0 2.83 0 0 0 0 0 0 0 0 0 0 0 0 0 0 0 0 0 0 0 0 0 0 0 0 0 0 0 0 0 0 0 0 0 0 0 0 0 0 0 0 0 0 0.98 0 0 0 0 0 0 0 0 0 5.35 0 0 0 0 0 0 0 0 0 2.01 0 0 0 0.44 0 0 2 0 0 0 0 0 0 1.26 0 0 1.24 0 0 0 0 0 0 2.45 0 0 2.5 0 0 0 0 0 0 0 0 0 0 0 0 0 0 0 0 0 0 0 0 0 0 0 0 0 0 0 0 0 0 0 0 0 0 0 0 0 0 0 0 0 0 0.65 0 0 0 0 0 0 0 0 0 0.18 0 0 0 0 0 0 0 0 0 0.38 0 0 0 0 0 0 0 0 0 2.48 0 0 0 0 0 0 0 0 0 4.76 0 0 0 0 0 0 0 0 0 5.18 0 0 0 0.75 0 0 0.74 0 0 0 0 0 0 1.01 0 0 0.85 0 0 0 0 0 0 0.99 0 0 0.36 0 0 0 0 0 0 0 0 0 0 0 0 0 0 0 0 0 0 0 0 0 0 0 0 0 0 0 0 0 0 0 0 0 0 0 0 0 0 0 0 0 0 1.94 0 0 0 0 0 0 0 0 0 3.62 0 0 0 0 0 0 0 0 0 5.81 0 0 0 3.1 0 0 0.35 0 0 0 0 0 0 2.98 0 0 0.29 0 0 0 0 0 0 1.08 0 0 2.65 0 0 0 0 0 0 0 0 0 0 0 0 0 0 0 0 0 0 0 0 0 0 0 0 0 0 0 0 0 0 0 0 0 0 0 0 0 0 0 0 0 0 4.07 0 0 0 0 0 0 0 0 0 0.27 0 0 0 0 0 0 0 0 0 1.67 0 0 0 4.04 0 0 2.47 0 0 0 0 0 0 2.72 0 0 1.24 0 0 0 0 0 0 0.23 0 0 1.93 0 0 0 0 0 0 0 0 0 0 0 0 0 0 0 0 0 0 0 0 0 0 0 0 0 0 0 0 0 0 0 0 0 0 0 0 0 0 0 0 0 0 1.56 0 0 0 0 0 0 0 0 0 0.76 0 0 0 0 0 0 0 0 0 0.37 0 0 
0 0 0 0 0 0 0 0.96 0 0 0 0 0 0 0 0 0 5.73 0 0 0 0 0 0 0 0 0 3 0 0 0 1.94 0 0 0.12 0 0 0 0 0 0 0.18 0 0 4.61 0 0 0 0 0 0 0.4 0 0 2.83 0 0 0 0 0 0 0 0 0 0 0 0 0 0 0 0 0 0 0 0 0 0 0 0 0 0 0 0 0 0 0 0 0 0 0 0 0 0 0 0 0 0 2.49 0 0 0 0 0 0 0 0 0 0.29 0 0 0 0 0 0 0 0 0 1.43 0 0 0 1.38 0 0 4.92 0 0 0 0 0 0 4.67 0 0 4.66 0 0 0 0 0 0 2.03 0 0 0.69 0 0 0 0 0 0 0 0 0 0 0 0 0 0 0 0 0 0 0 0 0 0 0 0 0 0 0 0 0 0 0 0 0 0 0 0 0 0 0 0 0 0 0.36 0 0 0 0 0 0 0 0 0 2.21 0 0 0 0 0 0 0 0 0 2.89 0 0 0 5.54 0 0 3.95 0 0 0 0 0 0 1.25 0 0 4.31 0 0 0 0 0 0 1.17 0 0 4.53 0 0 0 0 0 0 0 0 0 0 0 0 0 0 0 0 0 0 0 0 0 0 0 0 0 0 0 0 0 0 0 0 0 0 0 0 0 0 0 0 0 0 2.08 0 0 0 0 0 0 0 0 0 1.32 0 0 0 0 0 0 0 0 0 0.67 0 0 0 0 0 0 0 0 0 4.22 0 0 0 0 0 0 0 0 0 0.67 0 0 0 0 0 0 0 0 0 3.21 0 0 0 0.11 0 0 0.45 0 0 0 0 0 0 4.78 0 0 0.17 0 0 0 0 0 0 2.19 0 0 3.17 0 0 0 0 0 0 0 0 0 0 0 0 0 0 0 0 0 0 0 0 0 0 0 0 0 0 0 0 0 0 0 0 0 0 0 0 0 0 0 0 0 0 0.19 0 0 0 0 0 0 0 0 0 3.75 0 0 0 0 0 0 0 0 0 0.39 0 0 0 3.53 0 0 0.77 0 0 0 0 0 0 1.48 0 0 5.07 0 0 0 0 0 0 5.39 0 0 2.57 0 0 0 0 0 0 0 0 0 0 0 0 0 0 0 0 0 0 0 0 0 0 0 0 0 0 0 0 0 0 0 0 0 0 0 0 0 0 0 0 0 0 1.01 0 0 0 0 0 0 0 0 0 5.48 0 0 0 0 0 0 0 0 0 2.03 0 0 0 0.35 0 0 1.79 0 0 0 0 0 0 1.01 0 0 1.19 0 0 0 0 0 0 2.9 0 0 2.34 0 0 0 0 0 0 0 0 0 0 0 0 0 0 0 0 0 0 0 0 0 0 0 0 0 0 0 0 0 0 0 0 0 0 0 0 0 0 0 0 0 0 0.65 0 0 0 0 0 0 0 0 0 0.25 0 0 0 0 0 0 0 0 0 0.37 0 0 0 0 0 0 0 0 0 2.45 0 0 0 0 0 0 0 0 0 4.7 0 0 0 0 0 0 0 0 0 4.87 0 0 0 0.9 0 0 0.78 0 0 0 0 0 0 1.12 0 0 0.8 0 0 0 0 0 0 0.85 0 0 0.34 0 0 0 0 0 0 0 0 0 0 0 0 0 0 0 0 0 0 0 0 0 0 0 0 0 0 0 0 0 0 0 0 0 0 0 0 0 0 0 0 0 0 2.02 0 0 0 0 0 0 0 0 0 3.39 0 0 0 0 0 0 0 0 0 6.11 0 0 0 3.38 0 0 0.32 0 0 0 0 0 0 3.3 0 0 0.33 0 0 0 0 0 0 1.01 0 0 3.12 0 0 0 0 0 0 0 0 0 0 0 0 0 0 0 0 0 0 0 0 0 0 0 0 0 0 0 0 0 0 0 0 0 0 0 0 0 0 0 0 0 0 4.15 0 0 0 0 0 0 0 0 0 0.23 0 0 0 0 0 0 0 0 0 1.61 0 0 0 4.39 0 0 2.38 0 0 0 0 0 0 2.46 0 0 1.01 0 0 0 0 0 0 0.22 0 0 2 0 0 0 0 0 0 0 0 0 0 0 0 0 0 0 0 0 0 0 0 0 0 0 0 0 0 0 0 0 0 0 0 0 0 0 0 0 0 0 0 0 0 1.66 0 0 0 0 0 0 0 0 0 0.64 0 0 0 0 0 0 0 0 0 0.44 0 0 
0 0 0 0 0 0 0 0.99 0 0 0 0 0 0 0 0 0 5.61 0 0 0 0 0 0 0 0 0 2.91 0 0 0 1.97 0 0 0.1 0 0 0 0 0 0 0.17 0 0 4.64 0 0 0 0 0 0 0.36 0 0 2.59 0 0 0 0 0 0 0 0 0 0 0 0 0 0 0 0 0 0 0 0 0 0 0 0 0 0 0 0 0 0 0 0 0 0 0 0 0 0 0 0 0 0 2.3 0 0 0 0 0 0 0 0 0 0.28 0 0 0 0 0 0 0 0 0 1.45 0 0 0 1.66 0 0 5.14 0 0 0 0 0 0 4.85 0 0 5.14 0 0 0 0 0 0 2.26 0 0 0.61 0 0 0 0 0 0 0 0 0 0 0 0 0 0 0 0 0 0 0 0 0 0 0 0 0 0 0 0 0 0 0 0 0 0 0 0 0 0 0 0 0 0 0.38 0 0 0 0 0 0 0 0 0 1.99 0 0 0 0 0 0 0 0 0 2.68 0 0 0 5.73 0 0 4 0 0 0 0 0 0 1.4 0 0 4.19 0 0 0 0 0 0 1.14 0 0 4.35 0 0 0 0 0 0 0 0 0 0 0 0 0 0 0 0 0 0 0 0 0 0 0 0 0 0 0 0 0 0 0 0 0 0 0 0 0 0 0 0 0 0 1.78 0 0 0 0 0 0 0 0 0 1.22 0 0 0 0 0 0 0 0 0 0.67 0 0 0 0 0 0 0 0 0 4.49 0 0 0 0 0 0 0 0 0 0.55 0 0 0 0 0 0 0 0 0 2.99 0 0 0 0.16 0 0 0.38 0 0 0 0 0 0 4.68 0 0 0.29 0 0 0 0 0 0 2.35 0 0 3.07 0 0 0 0 0 0 0 0 0 0 0 0 0 0 0 0 0 0 0 0 0 0 0 0 0 0 0 0 0 0 0 0 0 0 0 0 0 0 0 0 0 0 0.25 0 0 0 0 0 0 0 0 0 3.88 0 0 0 0 0 0 0 0 0 0.47 0 0 0 3.5 0 0 0.87 0 0 0 0 0 0 1.31 0 0 4.77 0 0 0 0 0 0 5.25 0 0 2.82 0 0 0 0 0 0 0 0 0 0 0 0 0 0 0 0 0 0 0 0 0 0 0 0 0 0 0 0 0 0 0 0 0 0 0 0 0 0 0 0 0 0 1.06 0 0 0 0 0 0 0 0 0 5.46 0 0 0 0 0 0 0 0 0 2 0 0 0 0.4 0 0 1.99 0 0 0 0 0 0 1.17 0 0 1.28 0 0 0 0 0 0 2.64 0 0 2.52 0 0 0 0 0 0 0 0 0 0 0 0 0 0 0 0 0 0 0 0 0 0 0 0 0 0 0 0 0 0 0 0 0 0 0 0 0 0 0 0 0 0 0.75 0 0 0 0 0 0 0 0 0 0.23 0 0 0 0 0 0 0 0 0 0.39 0 0 0 0 0 0 0 0 0 2.67 0 0 0 0 0 0 0 0 0 4.82 0 0 0 0 0 0 0 0 0 4.99 0 0 0 0.79 0 0 0.77 0 0 0 0 0 0 0.82 0 0 0.87 0 0 0 0 0 0 0.88 0 0 0.34 0 0 0 0 0 0 0 0 0 0 0 0 0 0 0 0 0 0 0 0 0 0 0 0 0 0 0 0 0 0 0 0 0 0 0 0 0 0 0 0 0 0 1.98 0 0 0 0 0 0 0 0 0 3.23 0 0 0 0 0 0 0 0 0 5.95 0 0 0 3.03 0 0 0.31 0 0 0 0 0 0 3.51 0 0 0.29 0 0 0 0 0 0 1.12 0 0 2.86 0 0 0 0 0 0 0 0 0 0 0 0 0 0 0 0 0 0 0 0 0 0 0 0 0 0 0 0 0 0 0 0 0 0 0 0 0 0 0 0 0 0 4.41 0 0 0 0 0 0 0 0 0 0.21 0 0 0 0 0 0 0 0 0 1.52 0 0 0 4.29 0 0 2.39 0 0 0 0 0 0 2.43 0 0 1.04 0 0 0 0 0 0 0.2 0 0 2 0 0 0 0 0 0 0 0 0 0 0 0 0 0 0 0 0 0 0 0 0 0 0 0 0 0 0 0 0 0 0 0 0 0 0 0 0 0 0 0 0 0 1.54 0 0 0 0 0 0 0 0 0 0.93 0 0 0 0 0 0 0 0 0 0.36 0 0 
0 0 0 0 0 0 0 1.05 0 0 0 0 0 0 0 0 0 5.73 0 0 0 0 0 0 0 0 0 2.86 0 0 0 2.09 0 0 0.13 0 0 0 0 0 0 0.11 0 0 4.48 0 0 0 0 0 0 0.35 0 0 2.51 0 0 0 0 0 0 0 0 0 0 0 0 0 0 0 0 0 0 0 0 0 0 0 0 0 0 0 0 0 0 0 0 0 0 0 0 0 0 0 0 0 0 2.37 0 0 0 0 0 0 0 0 0 0.26 0 0 0 0 0 0 0 0 0 1.31 0 0 0 1.42 0 0 5.08 0 0 0 0 0 0 4.72 0 0 4.73 0 0 0 0 0 0 2.18 0 0 0.57 0 0 0 0 0 0 0 0 0 0 0 0 0 0 0 0 0 0 0 0 0 0 0 0 0 0 0 0 0 0 0 0 0 0 0 0 0 0 0 0 0 0 0.45 0 0 0 0 0 0 0 0 0 2.21 0 0 0 0 0 0 0 0 0 2.96 0 0 0 5.42 0 0 4 0 0 0 0 0 0 1.37 0 0 3.98 0 0 0 0 0 0 1.17 0 0 4.5 0 0 0 0 0 0 0 0 0 0 0 0 0 0 0 0 0 0 0 0 0 0 0 0 0 0 0 0 0 0 0 0 0 0 0 0 0 0 0 0 0 0 2.01 0 0 0 0 0 0 0 0 0 1.32 0 0 0 0 0 0 0 0 0 0.57 0 0 0 0 0 0 0 0 0 4.6 0 0 0 0 0 0 0 0 0 0.68 0 0 0 0 0 0 0 0 0 3.13 0 0 0 0.16 0 0 0.44 0 0 0 0 0 0 4.41 0 0 0.29 0 0 0 0 0 0 2.15 0 0 3.26 0 0 0 0 0 0 0 0 0 0 0 0 0 0 0 0 0 0 0 0 0 0 0 0 0 0 0 0 0 0 0 0 0 0 0 0 0 0 0 0 0 0 0.31 0 0 0 0 0 0 0 0 0 3.57 0 0 0 0 0 0 0 0 0 0.46 0 0 0 3.38 0 0 0.94 0 0 0 0 0 0 1.3 0 0 5 0 0 0 0 0 0 5.13 0 0 2.75 0 0 0 0 0 0 0 0 0 0 0 0 0 0 0 0 0 0 0 0 0 0 0 0 0 0 0 0 0 0 0 0 0 0 0 0 0 0 0 0 0 0 0.95 0 0 0 0 0 0 0 0 0 5.5 0 0 0 0 0 0 0 0 0 2.11 0 0 0 0.33 0 0 1.8 0 0 0 0 0 0 1.1 0 0 1.19 0 0 0 0 0 0 2.66 0 0 2.63 0 0 0 0 0 0 0 0 0 0 0 0 0 0 0 0 0 0 0 0 0 0 0 0 0 0 0 0 0 0 0 0 0 0 0 0 0 0 0 0 0 0 0.61 0 0 0 0 0 0 0 0 0 0.16 0 0 0 0 0 0 0 0 0 0.28 0 0 0 0 0 0 0 0 0 2.49 0 0 0 0 0 0 0 0 0 4.65 0 0 0 0 0 0 0 0 0 4.85 0 0 0 0.75 0 0 0.72 0 0 0 0 0 0 0.93 0 0 0.97 0 0 0 0 0 0 1.03 0 0 0.22 0 0 0 0 0 0 0 0 0 0 0 0 0 0 0 0 0 0 0 0 0 0 0 0 0 0 0 0 0 0 0 0 0 0 0 0 0 0 0 0 0 0 2.03 0 0 0 0 0 0 0 0 0 3.71 0 0 0 0 0 0 0 0 0 5.96 0 0 0 3.47 0 0 0.46 0 0 0 0 0 0 3.33 0 0 0.35 0 0 0 0 0 0 1.12 0 0 2.81 0 0 0 0 0 0 0 0 0 0 0 0 0 0 0 0 0 0 0 0 0 0 0 0 0 0 0 0 0 0 0 0 0 0 0 0 0 0 0 0 0 0 4.18 0 0 0 0 0 0 0 0 0 0.2 0 0 0 0 0 0 0 0 0 1.55 0 0 0 4.21 0 0 2.36 0 0 0 0 0 0 2.6 0 0 1.16 0 0 0 0 0 0 0.19 0 0 2.12 0 0 0 0 0 0 0 0 0 0 0 0 0 0 0 0 0 0 0 0 0 0 0 0 0 0 0 0 0 0 0 0 0 0 0 0 0 0 0 0 0 0 1.59 0 0 0 0 0 0 0 0 0 0.68 0 0 0 0 0 0 0 0 0 0.34 0 0 
0 0 0 0 0 0 0 1.02 0 0 0 0 0 0 0 0 0 5.79 0 0 0 0 0 0 0 0 0 3.04 0 0 0 2.02 0 0 0.12 0 0 0 0 0 0 0.09 0 0 4.95 0 0 0 0 0 0 0.43 0 0 2.52 0 0 0 0 0 0 0 0 0 0 0 0 0 0 0 0 0 0 0 0 0 0 0 0 0 0 0 0 0 0 0 0 0 0 0 0 0 0 0 0 0 0 2.33 0 0 0 0 0 0 0 0 0 0.26 0 0 0 0 0 0 0 0 0 1.4 0 0 0 1.67 0 0 5.19 0 0 0 0 0 0 4.92 0 0 5 0 0 0 0 0 0 2.16 0 0 0.57 0 0 0 0 0 0 0 0 0 0 0 0 0 0 0 0 0 0 0 0 0 0 0 0 0 0 0 0 0 0 0 0 0 0 0 0 0 0 0 0 0 0 0.39 0 0 0 0 0 0 0 0 0 2.51 0 0 0 0 0 0 0 0 0 2.85 0 0 0 5.32 0 0 4.21 0 0 0 0 0 0 1.49 0 0 4.15 0 0 0 0 0 0 1.08 0 0 4.49 0 0 0 0 0 0 0 0 0 0 0 0 0 0 0 0 0 0 0 0 0 0 0 0 0 0 0 0 0 0 0 0 0 0 0 0 0 0 0 0 0 0 2.1 0 0 0 0 0 0 0 0 0 1.4 0 0 0 0 0 0 0 0 0 0.55 0 0 0 0 0 0 0 0 0 4.26 0 0 0 0 0 0 0 0 0 0.58 0 0 0 0 0 0 0 0 0 3.46 0 0 0 0.21 0 0 0.39 0 0 0 0 0 0 4.69 0 0 0.28 0 0 0 0 0 0 2.24 0 0 2.84 0 0 0 0 0 0 0 0 0 0 0 0 0 0 0 0 0 0 0 0 0 0 0 0 0 0 0 0 0 0 0 0 0 0 0 0 0 0 0 0 0 0 0.22 0 0 0 0 0 0 0 0 0 3.8 0 0 0 0 0 0 0 0 0 0.51 0 0 0 3.58 0 0 0.91 0 0 0 0 0 0 1.39 0 0 4.97 0 0 0 0 0 0 5.35 0 0 2.5 0 0 0 0 0 0 0 0 0 0 0 0 0 0 0 0 0 0 0 0 0 0 0 0 0 0 0 0 0 0 0 0 0 0 0 0 0 0 0 0 0 0 1.1 0 0 0 0 0 0 0 0 0 5.13 0 0 0 0 0 0 0 0 0 2.14 0 0 0 0.53 0 0 1.72 0 0 0 0 0 0 1.11 0 0 1.17 0 0 0 0 0 0 2.51 0 0 2.39 0 0 0 0 0 0 0 0 0 0 0 0 0 0 0 0 0 0 0 0 0 0 0 0 0 0 0 0 0 0 0 0 0 0 0 0 0 0 0 0 0 0 0.52 0 0 0 0 0 0 0 0 0 0.24 0 0 0 0 0 0 0 0 0 0.37 0 0 0 0 0 0 0 0 0 2.48 0 0 0 0 0 0 0 0 0 4.69 0 0 0 0 0 0 0 0 0 5.12 0 0 0 0.89 0 0 0.88 0 0 0 0 0 0 0.85 0 0 0.83 0 0 0 0 0 0 0.77 0 0 0.32 0 0 0 0 0 0 0 0 0 0 0 0 0 0 0 0 0 0 0 0 0 0 0 0 0 0 0 0 0 0 0 0 0 0 0 0 0 0 0 0 0 0 1.97 0 0 0 0 0 0 0 0 0 3.9 0 0 0 0 0 0 0 0 0 5.81 0 0 0 3.32 0 0 0.26 0 0 0 0 0 0 3.58 0 0 0.31 0 0 0 0 0 0 1.39 0 0 2.77 0 0 0 0 0 0 0 0 0 0 0 0 0 0 0 0 0 0 0 0 0 0 0 0 0 0 0 0 0 0 0 0 0 0 0 0 0 0 0 0 0 0 4.27 0 0 0 0 0 0 0 0 0 0.22 0 0 0 0 0 0 0 0 0 1.83 0 0 0 4.15 0 0 2.3 0 0 0 0 0 0 2.45 0 0 1.19 0 0 0 0 0 0 0.2 0 0 1.97 0 0 0 0 0 0 0 0 0 0 0 0 0 0 0 0 0 0 0 0 0 0 0 0 0 0 0 0 0 0 0 0 0 0 0 0 0 0 0 0 0 0 1.49 0 0 0 0 0 0 0 0 0 0.59 0 0 0 0 0 0 0 0 0 0.57 0 0 
0 0 0 0 0 0 0 1.06 0 0 0 0 0 0 0 0 0 5.56 0 0 0 0 0 0 0 0 0 2.89 0 0 0 1.83 0 0 0.13 0 0 0 0 0 0 0.19 0 0 4.9 0 0 0 0 0 0 0.26 0 0 2.48 0 0 0 0 0 0 0 0 0 0 0 0 0 0 0 0 0 0 0 0 0 0 0 0 0 0 0 0 0 0 0 0 0 0 0 0 0 0 0 0 0 0 2.42 0 0 0 0 0 0 0 0 0 0.24 0 0 0 0 0 0 0 0 0 1.38 0 0 0 1.32 0 0 4.89 0 0 0 0 0 0 5.01 0 0 5.22 0 0 0 0 0 0 2.22 0 0 0.54 0 0 0 0 0 0 0 0 0 0 0 0 0 0 0 0 0 0 0 0 0 0 0 0 0 0 0 0 0 0 0 0 0 0 0 0 0 0 0 0 0 0 0.5 0 0 0 0 0 0 0 0 0 2.19 0 0 0 0 0 0 0 0 0 2.67 0 0 0 5.42 0 0 3.99 0 0 0 0 0 0 1.42 0 0 4.19 0 0 0 0 0 0 1.06 0 0 4.46 0 0 0 0 0 0 0 0 0 0 0 0 0 0 0 0 0 0 0 0 0 0 0 0 0 0 0 0 0 0 0 0 0 0 0 0 0 0 0 0 0 0 2.04 0 0 0 0 0 0 0 0 0 1.56 0 0 0 0 0 0 0 0 0 0.83 0 0 0 0 0 0 0 0 0 4.41 0 0 0 0 0 0 0 0 0 0.62 0 0 0 0 0 0 0 0 0 3.3 0 0 0 0.2 0 0 0.42 0 0 0 0 0 0 4.7 0 0 0.33 0 0 0 0 0 0 2.48 0 0 3.26 0 0 0 0 0 0 0 0 0 0 0 0 0 0 0 0 0 0 0 0 0 0 0 0 0 0 0 0 0 0 0 0 0 0 0 0 0 0 0 0 0 0 0.22 0 0 0 0 0 0 0 0 0 3.68 0 0 0 0 0 0 0 0 0 0.48 0 0 0 3.49 0 0 0.97 0 0 0 0 0 0 1.43 0 0 5.04 0 0 0 0 0 0 5.19 0 0 2.54 0 0 0 0 0 0 0 0 0 0 0 0 0 0 0 0 0 0 0 0 0 0 0 0 0 0 0 0 0 0 0 0 0 0 0 0 0 0 0 0 0 0 0.91 0 0 0 0 0 0 0 0 0 5.21 0 0 0 0 0 0 0 0 0 2.13 0 0 0 0.46 0 0 1.79 0 0 0 0 0 0 1.16 0 0 1.28 0 0 0 0 0 0 2.63 0 0 2.4 0 0 0 0 0 0 0 0 0 0 0 0 0 0 0 0 0 0 0 0 0 0 0 0 0 0 0 0 0 0 0 0 0 0 0 0 0 0 0 0 0 0 0.76 0 0 0 0 0 0 0 0 0 0.24 0 0 0 0 0 0 0 0 0 0.51 0 0 0 0 0 0 0 0 0 2.51 0 0 0 0 0 0 0 0 0 4.79 0 0 0 0 0 0 0 0 0 5.2 0 0 0 1 0 0 0.72 0 0 0 0 0 0 1.12 0 0 0.96 0 0 0 0 0 0 0.86 0 0 0.38 0 0 0 0 0 0 0 0 0 0 0 0 0 0 0 0 0 0 0 0 0 0 0 0 0 0 0 0 0 0 0 0 0 0 0 0 0 0 0 0 0 0 1.86 0 0 0 0 0 0 0 0 0 3.82 0 0 0 0 0 0 0 0 0 6.08 0 0 0 3.17 0 0 0.27 0 0 0 0 0 0 3.34 0 0 0.3 0 0 0 0 0 0 1.05 0 0 2.85 0 0 0 0 0 0 0 0 0 0 0 0 0 0 0 0 0 0 0 0 0 0 0 0 0 0 0 0 0 0 0 0 0 0 0 0 0 0 0 0 0 0 4.27 0 0 0 0 0 0 0 0 0 0.15 0 0 0 0 0 0 0 0 0 1.87 0 0 0 4.46 0 0 2.36 0 0 0 0 0 0 2.59 0 0 0.86 0 0 0 0 0 0 0.16 0 0 2.06 0 0 0 0 0 0 0 0 0 0 0 0 0 0 0 0 0 0 0 0 0 0 0 0 0 0 0 0 0 0 0 0 0 0 0 0 0 0 0 0 0 0 1.35 0 0 0 0 0 0 0 0 0 0.62 0 0 0 0 0 0 0 0 0 0.33 0 0 
0 0 0 0 0 0 0 0.91 0 0 0 0 0 0 0 0 0 5.58 0 0 0 0 0 0 0 0 0 2.95 0 0 0 1.96 0 0 0.09 0 0 0 0 0 0 0.08 0 0 4.96 0 0 0 0 0 0 0.37 0 0 2.37 0 0 0 0 0 0 0 0 0 0 0 0 0 0 0 0 0 0 0 0 0 0 0 0 0 0 0 0 0 0 0 0 0 0 0 0 0 0 0 0 0 0 2.53 0 0 0 0 0 0 0 0 0 0.26 0 0 0 0 0 0 0 0 0 1.38 0 0 0 1.47 0 0 5.06 0 0 0 0 0 0 5.04 0 0 5.15 0 0 0 0 0 0 2.23 0 0 0.56 0 0 0 0 0 0 0 0 0 0 0 0 0 0 0 0 0 0 0 0 0 0 0 0 0 0 0 0 0 0 0 0 0 0 0 0 0 0 0 0 0 0 0.39 0 0 0 0 0 0 0 0 0 2.38 0 0 0 0 0 0 0 0 0 2.98 0 0 0 5.35 0 0 4.02 0 0 0 0 0 0 1.27 0 0 4.16 0 0 0 0 0 0 1.37 0 0 4.38 0 0 0 0 0 0 0 0 0 0 0 0 0 0 0 0 0 0 0 0 0 0 0 0 0 0 0 0 0 0 0 0 0 0 0 0 0 0 0 0 0 0 2.02 0 0 0 0 0 0 0 0 0 1.42 0 0 0 0 0 0 0 0 0 0.56 0 0 0 0 0 0 0 0 0 4.37 0 0 0 0 0 0 0 0 0 0.65 0 0 0 0 0 0 0 0 0 3.16 0 0 0 0.17 0 0 0.53 0 0 0 0 0 0 4.64 0 0 0.25 0 0 0 0 0 0 2.28 0 0 3.29 0 0 0 0 0 0 0 0 0 0 0 0 0 0 0 0 0 0 0 0 0 0 0 0 0 0 0 0 0 0 0 0 0 0 0 0 0 0 0 0 0 0 0.36 0 0 0 0 0 0 0 0 0 3.97 0 0 0 0 0 0 0 0 0 0.62 0 0 0 3.49 0 0 0.66 0 0 0 0 0 0 1.33 0 0 5.15 0 0 0 0 0 0 5.34 0 0 2.64 0 0 0 0 0 0 0 0 0 0 0 0 0 0 0 0 0 0 0 0 0 0 0 0 0 0 0 0 0 0 0 0 0 0 0 0 0 0 0 0 0 0 0.9 0 0 0 0 0 0 0 0 0 5.44 0 0 0 0 0 0 0 0 0 2.13 0 0 0 0.4 0 0 1.88 0 0 0 0 0 0 1.12 0 0 1.28 0 0 0 0 0 0 2.41 0 0 2.55 0 0 0 0 0 0 0 0 0 0 0 0 0 0 0 0 0 0 0 0 0 0 0 0 0 0 0 0 0 0 0 0 0 0 0 0 0 0 0 0 0 0 0.56 0 0 0 0 0 0 0 0 0 0.27 0 0 0 0 0 0 0 0 0 0.38 0 0 0 0 0 0 0 0 0 2.14 0 0 0 0 0 0 0 0 0 4.47 0 0 0 0 0 0 0 0 0 4.88 0 0 0 0.94 0 0 0.76 0 0 0 0 0 0 0.92 0 0 0.84 0 0 0 0 0 0 0.98 0 0 0.23 0 0 0 0 0 0 0 0 0 0 0 0 0 0 0 0 0 0 0 0 0 0 0 0 0 0 0 0 0 0 0 0 0 0 0 0 0 0 0 0 0 0 1.88 0 0 0 0 0 0 0 0 0 3.43 0 0 0 0 0 0 0 0 0 6.18 0 0 0 3.14 0 0 0.33 0 0 0 0 0 0 3.15 0 0 0.24 0 0 0 0 0 0 1.09 0 0 2.84 0 0 0 0 0 0 0 0 0 0 0 0 0 0 0 0 0 0 0 0 0 0 0 0 0 0 0 0 0 0 0 0 0 0 0 0 0 0 0 0 0 0 4.34 0 0 0 0 0 0 0 0 0 0.18 0 0 0 0 0 0 0 0 0 1.54 0 0 0 4.22 0 0 2.37 0 0 0 0 0 0 2.65 0 0 0.81 0 0 0 0 0 0 0.26 0 0 1.89 0 0 0 0 0 0 0 0 0 0 0 0 0 0 0 0 0 0 0 0 0 0 0 0 0 0 0 0 0 0 0 0 0 0 0 0 0 0 0 0 0 0 1.38 0 0 0 0 0 0 0 0 0 0.79 0 0 0 0 0 0 0 0 0 0.47 0 0 
0 0 0 0 0 0 0 0.96 0 0 0 0 0 0 0 0 0 5.73 0 0 0 0 0 0 0 0 0 2.99 0 0 0 1.86 0 0 0.09 0 0 0 0 0 0 0.17 0 0 4.42 0 0 0 0 0 0 0.33 0 0 2.65 0 0 0 0 0 0 0 0 0 0 0 0 0 0 0 0 0 0 0 0 0 0 0 0 0 0 0 0 0 0 0 0 0 0 0 0 0 0 0 0 0 0 2.35 0 0 0 0 0 0 0 0 0 0.28 0 0 0 0 0 0 0 0 0 1.39 0 0 0 1.52 0 0 5.03 0 0 0 0 0 0 4.96 0 0 4.95 0 0 0 0 0 0 2.24 0 0 0.55 0 0 0 0 0 0 0 0 0 0 0 0 0 0 0 0 0 0 0 0 0 0 0 0 0 0 0 0 0 0 0 0 0 0 0 0 0 0 0 0 0 0 0.45 0 0 0 0 0 0 0 0 0 2.34 0 0 0 0 0 0 0 0 0 2.6 0 0 0 5.47 0 0 3.94 0 0 0 0 0 0 1.2 0 0 4.18 0 0 0 0 0 0 1.19 0 0 4.46 0 0 0 0 0 0 0 0 0 0 0 0 0 0 0 0 0 0 0 0 0 0 0 0 0 0 0 0 0 0 0 0 0 0 0 0 0 0 0 0 0 0 1.95 0 0 0 0 0 0 0 0 0 1.37 0 0 0 0 0 0 0 0 0 0.52 0 0 0 0 0 0 0 0 0 4.4 0 0 0 0 0 0 0 0 0 0.59 0 0 0 0 0 0 0 0 0 3.54 0 0 0 0.15 0 0 0.47 0 0 0 0 0 0 4.66 0 0 0.29 0 0 0 0 0 0 2.28 0 0 3.28 0 0 0 0 0 0 0 0 0 0 0 0 0 0 0 0 0 0 0 0 0 0 0 0 0 0 0 0 0 0 0 0 0 0 0 0 0 0 0 0 0 0 0.2 0 0 0 0 0 0 0 0 0 3.94 0 0 0 0 0 0 0 0 0 0.45 0 0 0 3.49 0 0 0.93 0 0 0 0 0 0 1.59 0 0 5.17 0 0 0 0 0 0 5.38 0 0 2.71 0 0 0 0 0 0 0 0 0 0 0 0 0 0 0 0 0 0 0 0 0 0 0 0 0 0 0 0 0 0 0 0 0 0 0 0 0 0 0 0 0 0 0.94 0 0 0 0 0 0 0 0 0 5.61 0 0 0 0 0 0 0 0 0 2.19 0 0 0 0.45 0 0 1.83 0 0 0 0 0 0 1.2 0 0 1.23 0 0 0 0 0 0 2.75 0 0 2.58 0 0 0 0 0 0 0 0 0 0 0 0 0 0 0 0 0 0 0 0 0 0 0 0 0 0 0 0 0 0 0 0 0 0 0 0 0 0 0 0 0 0 0.5 0 0 0 0 0 0 0 0 0 0.18 0 0 0 0 0 0 0 0 0 0.32 0 0 0 0 0 0 0 0 0 2.28 0 0 0 0 0 0 0 0 0 4.89 0 0 0 0 0 0 0 0 0 5.08 0 0 0 0.72 0 0 0.78 0 0 0 0 0 0 1.03 0 0 0.88 0 0 0 0 0 0 0.95 0 0 0.29 0 0 0 0 0 0 0 0 0 0 0 0 0 0 0 0 0 0 0 0 0 0 0 0 0 0 0 0 0 0 0 0 0 0 0 0 0 0 0 0 0 0 2.18 0 0 0 0 0 0 0 0 0 3.4 0 0 0 0 0 0 0 0 0 5.89 0 0 0 3 0 0 0.37 0 0 0 0 0 0 3.47 0 0 0.31 0 0 0 0 0 0 1.09 0 0 2.57 0 0 0 0 0 0 0 0 0 0 0 0 0 0 0 0 0 0 0 0 0 0 0 0 0 0 0 0 0 0 0 0 0 0 0 0 0 0 0 0 0 0 4.32 0 0 0 0 0 0 0 0 0 0.22 0 0 0 0 0 0 0 0 0 1.63 0 0 0 4.13 0 0 2.39 0 0 0 0 0 0 2.47 0 0 1.21 0 0 0 0 0 0 0.2 0 0 1.94 0 0 0 0 0 0 0 0 0 0 0 0 0 0 0 0 0 0 0 0 0 0 0 0 0 0 0 0 0 0 0 0 0 0 0 0 0 0 0 0 0 0 1.39 0 0 0 0 0 0 0 0 0 0.74 0 0 0 0 0 0 0 0 0 0.32 0 0 
0 0 0 0 0 0 0 0.96 0 0 0 0 0 0 0 0 0 5.57 0 0 0 0 0 0 0 0 0 2.97 0 0 0 1.86 0 0 0.1 0 0 0 0 0 0 0.2 0 0 4.8 0 0 0 0 0 0 0.24 0 0 2.62 0 0 0 0 0 0 0 0 0 0 0 0 0 0 0 0 0 0 0 0 0 0 0 0 0 0 0 0 0 0 0 0 0 0 0 0 0 0 0 0 0 0 2.48 0 0 0 0 0 0 0 0 0 0.28 0 0 0 0 0 0 0 0 0 1.27 0 0 0 1.57 0 0 5.23 0 0 0 0 0 0 5.04 0 0 4.72 0 0 0 0 0 0 2.18 0 0 0.46 0 0 0 0 0 0 0 0 0 0 0 0 0 0 0 0 0 0 0 0 0 0 0 0 0 0 0 0 0 0 0 0 0 0 0 0 0 0 0 0 0 0 0.46 0 0 0 0 0 0 0 0 0 2.13 0 0 0 0 0 0 0 0 0 2.79 0 0 0 5.49 0 0 3.98 0 0 0 0 0 0 1.45 0 0 4.03 0 0 0 0 0 0 1.14 0 0 4.6 0 0 0 0 0 0 0 0 0 0 0 0 0 0 0 0 0 0 0 0 0 0 0 0 0 0 0 0 0 0 0 0 0 0 0 0 0 0 0 0 0 0 1.88 0 0 0 0 0 0 0 0 0 1.31 0 0 0 0 0 0 0 0 0 0.64 0 0 0 0 0 0 0 0 0 4.58 0 0 0 0 0 0 0 0 0 0.63 0 0 0 0 0 0 0 0 0 3.23 0 0 0 0.19 0 0 0.52 0 0 0 0 0 0 4.49 0 0 0.31 0 0 0 0 0 0 2.17 0 0 3.03 0 0 0 0 0 0 0 0 0 0 0 0 0 0 0 0 0 0 0 0 0 0 0 0 0 0 0 0 0 0 0 0 0 0 0 0 0 0 0 0 0 0 0.2 0 0 0 0 0 0 0 0 0 3.62 0 0 0 0 0 0 0 0 0 0.53 0 0 0 3.74 0 0 0.98 0 0 0 0 0 0 1.29 0 0 5.2 0 0 0 0 0 0 5.39 0 0 2.58 0 0 0 0 0 0 0 0 0 0 0 0 0 0 0 0 0 0 0 0 0 0 0 0 0 0 0 0 0 0 0 0 0 0 0 0 0 0 0 0 0 0 0.82 0 0 0 0 0 0 0 0 0 5.37 0 0 0 0 0 0 0 0 0 2.18 0 0 0 0.53 0 0 1.86 0 0 0 0 0 0 1.06 0 0 1.36 0 0 0 0 0 0 2.56 0 0 2.52 0 0 0 0 0 0 0 0 0 0 0 0 0 0 0 0 0 0 0 0 0 0 0 0 0 0 0 0 0 0 0 0 0 0 0 0 0 0 0 0 0 0 0.58 0 0 0 0 0 0 0 0 0 0.18 0 0 0 0 0 0 0 0 0 0.35 0 0 0 0 0 0 0 0 0 2.61 0 0 0 0 0 0 0 0 0 4.63 0 0 0 0 0 0 0 0 0 4.97 0 0 0 0.76 0 0 0.75 0 0 0 0 0 0 0.89 0 0 0.94 0 0 0 0 0 0 0.73 0 0 0.43 0 0 0 0 0 0 0 0 0 0 0 0 0 0 0 0 0 0 0 0 0 0 0 0 0 0 0 0 0 0 0 0 0 0 0 0 0 0 0 0 0 0 1.92 0 0 0 0 0 0 0 0 0 3.37 0 0 0 0 0 0 0 0 0 5.96 0 0 0 3.22 0 0 0.37 0 0 0 0 0 0 3.24 0 0 0.27 0 0 0 0 0 0 1.02 0 0 2.8 0 0 0 0 0 0 0 0 0 0 0 0 0 0 0 0 0 0 0 0 0 0 0 0 0 0 0 0 0 0 0 0 0 0 0 0 0 0 0 0 0 0 4.31 0 0 0 0 0 0 0 0 0 0.3 0 0 0 0 0 0 0 0 0 1.74 0 0 0 4.21 0 0 2.59 0 0 0 0 0 0 2.48 0 0 1.07 0 0 0 0 0 0 0.25 0 0 1.92 0 0 0 0 0 0 0 0 0 0 0 0 0 0 0 0 0 0 0 0 0 0 0 0 0 0 0 0 0 0 0 0 0 0 0 0 0 0 0 0 0 0 1.51 0 0 0 0 0 0 0 0 0 0.51 0 0 0 0 0 0 0 0 0 0.43 0 0 
0 0 0 0 0 0 0 0.81 0 0 0 0 0 0 0 0 0 5.82 0 0 0 0 0 0 0 0 0 2.92 0 0 0 1.99 0 0 0.11 0 0 0 0 0 0 0.2 0 0 4.71 0 0 0 0 0 0 0.43 0 0 2.89 0 0 0 0 0 0 0 0 0 0 0 0 0 0 0 0 0 0 0 0 0 0 0 0 0 0 0 0 0 0 0 0 0 0 0 0 0 0 0 0 0 0 2.42 0 0 0 0 0 0 0 0 0 0.27 0 0 0 0 0 0 0 0 0 1.24 0 0 0 1.52 0 0 4.93 0 0 0 0 0 0 4.69 0 0 5.07 0 0 0 0 0 0 2.08 0 0 0.59 0 0 0 0 0 0 0 0 0 0 0 0 0 0 0 0 0 0 0 0 0 0 0 0 0 0 0 0 0 0 0 0 0 0 0 0 0 0 0 0 0 0 0.47 0 0 0 0 0 0 0 0 0 2.38 0 0 0 0 0 0 0 0 0 2.95 0 0 0 5.53 0 0 3.74 0 0 0 0 0 0 1.59 0 0 4.13 0 0 0 0 0 0 1.2 0 0 4.54 0 0 0 0 0 0 0 0 0 0 0 0 0 0 0 0 0 0 0 0 0 0 0 0 0 0 0 0 0 0 0 0 0 0 0 0 0 0 0 0 0 0 1.89 0 0 0 0 0 0 0 0 0 1.35 0 0 0 0 0 0 0 0 0 0.63 0 0 0 0 0 0 0 0 0 4.46 0 0 0 0 0 0 0 0 0 0.62 0 0 0 0 0 0 0 0 0 3.19 0 0 0 0.21 0 0 0.38 0 0 0 0 0 0 4.76 0 0 0.21 0 0 0 0 0 0 2.37 0 0 3.35 0 0 0 0 0 0 0 0 0 0 0 0 0 0 0 0 0 0 0 0 0 0 0 0 0 0 0 0 0 0 0 0 0 0 0 0 0 0 0 0 0 0 0.28 0 0 0 0 0 0 0 0 0 3.92 0 0 0 0 0 0 0 0 0 0.5 0 0 0 3.48 0 0 0.82 0 0 0 0 0 0 1.4 0 0 4.93 0 0 0 0 0 0 5.24 0 0 2.68 0 0 0 0 0 0 0 0 0 0 0 0 0 0 0 0 0 0 0 0 0 0 0 0 0 0 0 0 0 0 0 0 0 0 0 0 0 0 0 0 0 0 1 0 0 0 0 0 0 0 0 0 5.29 0 0 0 0 0 0 0 0 0 2.16 0 0 0 0.44 0 0 1.9 0 0 0 0 0 0 1.1 0 0 1.4 0 0 0 0 0 0 2.48 0 0 2.61 0 0 0 0 0 0 0 0 0 0 0 0 0 0 0 0 0 0 0 0 0 0 0 0 0 0 0 0 0 0 0 0 0 0 0 0 0 0 0 0 0 0 0.6 0 0 0 0 0 0 0 0 0 0.18 0 0 0 0 0 0 0 0 0 0.5 0 0 0 0 0 0 0 0 0 2.63 0 0 0 0 0 0 0 0 0 4.58 0 0 0 0 0 0 0 0 0 5.15 0 0 0 0.92 0 0 0.81 0 0 0 0 0 0 0.93 0 0 0.94 0 0 0 0 0 0 0.86 0 0 0.3 0 0 0 0 0 0 0 0 0 0 0 0 0 0 0 0 0 0 0 0 0 0 0 0 0 0 0 0 0 0 0 0 0 0 0 0 0 0 0 0 0 0 2.24 0 0 0 0 0 0 0 0 0 3.41 0 0 0 0 0 0 0 0 0 6.02 0 0 0 3.22 0 0 0.42 0 0 0 0 0 0 3.35 0 0 0.35 0 0 0 0 0 0 1.19 0 0 2.87 0 0 0 0 0 0 0 0 0 0 0 0 0 0 0 0 0 0 0 0 0 0 0 0 0 0 0 0 0 0 0 0 0 0 0 0 0 0 0 0 0 0 4.34 0 0 0 0 0 0 0 0 0 0.19 0 0 0 0 0 0 0 0 0 1.72 0 0 0 4.26 0 0 2.35 0 0 0 0 0 0 2.62 0 0 1 0 0 0 0 0 0 0.24 0 0 1.95 0 0 0 0 0 0 0 0 0 0 0 0 0 0 0 0 0 0 0 0 0 0 0 0 0 0 0 0 0 0 0 0 0 0 0 0 0 0 0 0 0 0 1.31 0 0 0 0 0 0 0 0 0 0.69 0 0 0 0 0 0 0 0 0 0.42 0 0 
0 0 0 0 0 0 0 0.91 0 0 0 0 0 0 0 0 0 5.4 0 0 0 0 0 0 0 0 0 2.77 0 0 0 1.88 0 0 0.15 0 0 0 0 0 0 0.14 0 0 4.33 0 0 0 0 0 0 0.49 0 0 2.42 0 0 0 0 0 0 0 0 0 0 0 0 0 0 0 0 0 0 0 0 0 0 0 0 0 0 0 0 0 0 0 0 0 0 0 0 0 0 0 0 0 0 2.5 0 0 0 0 0 0 0 0 0 0.21 0 0 0 0 0 0 0 0 0 1.48 0 0 0 1.61 0 0 4.94 0 0 0 0 0 0 4.67 0 0 4.83 0 0 0 0 0 0 2.24 0 0 0.55 0 0 0 0 0 0 0 0 0 0 0 0 0 0 0 0 0 0 0 0 0 0 0 0 0 0 0 0 0 0 0 0 0 0 0 0 0 0 0 0 0 0 0.43 0 0 0 0 0 0 0 0 0 2.18 0 0 0 0 0 0 0 0 0 2.91 0 0 0 5.64 0 0 4.05 0 0 0 0 0 0 1.39 0 0 4.26 0 0 0 0 0 0 1.16 0 0 4.39 0 0 0 0 0 0 0 0 0 0 0 0 0 0 0 0 0 0 0 0 0 0 0 0 0 0 0 0 0 0 0 0 0 0 0 0 0 0 0 0 0 0 1.85 0 0 0 0 0 0 0 0 0 1.29 0 0 0 0 0 0 0 0 0 0.66 0 0 0 0 0 0 0 0 0 4.45 0 0 0 0 0 0 0 0 0 0.66 0 0 0 0 0 0 0 0 0 3.14 0 0 0 0.18 0 0 0.46 0 0 0 0 0 0 4.67 0 0 0.21 0 0 0 0 0 0 2.21 0 0 3.29 0 0 0 0 0 0 0 0 0 0 0 0 0 0 0 0 0 0 0 0 0 0 0 0 0 0 0 0 0 0 0 0 0 0 0 0 0 0 0 0 0 0 0.26 0 0 0 0 0 0 0 0 0 3.89 0 0 0 0 0 0 0 0 0 0.54 0 0 0 3.52 0 0 0.89 0 0 0 0 0 0 1.34 0 0 4.98 0 0 0 0 0 0 5.37 0 0 2.65 0 0 0 0 0 0 0 0 0 0 0 0 0 0 0 0 0 0 0 0 0 0 0 0 0 0 0 0 0 0 0 0 0 0 0 0 0 0 0 0 0 0 0.98 0 0 0 0 0 0 0 0 0 5.36 0 0 0 0 0 0 0 0 0 2.26 0 0 0 0.54 0 0 1.75 0 0 0 0 0 0 1.22 0 0 1.56 0 0 0 0 0 0 2.64 0 0 2.51 0 0 0 0 0 0 0 0 0 0 0 0 0 0 0 0 0 0 0 0 0 0 0 0 0 0 0 0 0 0 0 0 0 0 0 0 0 0 0 0 0 0 0.62 0 0 0 0 0 0 0 0 0 0.24 0 0 0 0 0 0 0 0 0 0.4 0 0 0 0 0 0 0 0 0 2.55 0 0 0 0 0 0 0 0 0 5.08 0 0 0 0 0 0 0 0 0 5.01 0 0 0 0.82 0 0 0.68 0 0 0 0 0 0 0.99 0 0 0.89 0 0 0 0 0 0 0.83 0 0 0.38 0 0 0 0 0 0 0 0 0 0 0 0 0 0 0 0 0 0 0 0 0 0 0 0 0 0 0 0 0 0 0 0 0 0 0 0 0 0 0 0 0 0 2.05 0 0 0 0 0 0 0 0 0 3.55 0 0 0 0 0 0 0 0 0 6.06 0 0 0 3.23 0 0 0.44 0 0 0 0 0 0 3.41 0 0 0.29 0 0 0 0 0 0 1.05 0 0 2.77 0 0 0 0 0 0 0 0 0 0 0 0 0 0 0 0 0 0 0 0 0 0 0 0 0 0 0 0 0 0 0 0 0 0 0 0 0 0 0 0 0 0 4.16 0 0 0 0 0 0 0 0 0 0.19 0 0 0 0 0 0 0 0 0 1.68 0 0 0 4.31 0 0 2.53 0 0 0 0 0 0 2.66 0 0 1.1 0 0 0 0 0 0 0.18 0 0 1.91 0 0 0 0 0 0 0 0 0 0 0 0 0 0 0 0 0 0 0 0 0 0 0 0 0 0 0 0 0 0 0 0 0 0 0 0 0 0 0 0 0 0 1.53 0 0 0 0 0 0 0 0 0 0.52 0 0 0 0 0 0 0 0 0 0.29 0 0 
0 0 0 0 0 0 0 0.96 0 0 0 0 0 0 0 0 0 5.52 0 0 0 0 0 0 0 0 0 2.94 0 0 0 2.02 0 0 0.11 0 0 0 0 0 0 0.17 0 0 4.52 0 0 0 0 0 0 0.29 0 0 2.59 0 0 0 0 0 0 0 0 0 0 0 0 0 0 0 0 0 0 0 0 0 0 0 0 0 0 0 0 0 0 0 0 0 0 0 0 0 0 0 0 0 0 2.55 0 0 0 0 0 0 0 0 0 0.32 0 0 0 0 0 0 0 0 0 1.09 0 0 0 1.69 0 0 5.17 0 0 0 0 0 0 4.93 0 0 4.69 0 0 0 0 0 0 2.2 0 0 0.45 0 0 0 0 0 0 0 0 0 0 0 0 0 0 0 0 0 0 0 0 0 0 0 0 0 0 0 0 0 0 0 0 0 0 0 0 0 0 0 0 0 0 0.44 0 0 0 0 0 0 0 0 0 2.22 0 0 0 0 0 0 0 0 0 3.09 0 0 0 5.39 0 0 4.23 0 0 0 0 0 0 1.4 0 0 4.28 0 0 0 0 0 0 1.09 0 0 4.16 0 0 0 0 0 0 0 0 0 0 0 0 0 0 0 0 0 0 0 0 0 0 0 0 0 0 0 0 0 0 0 0 0 0 0 0 0 0 0 0 0 0 2.03 0 0 0 0 0 0 0 0 0 1.29 0 0 0 0 0 0 0 0 0 0.66 0 0 0 0 0 0 0 0 0 4.38 0 0 0 0 0 0 0 0 0 0.69 0 0 0 0 0 0 0 0 0 3.3 0 0 0 0.23 0 0 0.34 0 0 0 0 0 0 4.49 0 0 0.22 0 0 0 0 0 0 2.23 0 0 3.11 0 0 0 0 0 0 0 0 0 0 0 0 0 0 0 0 0 0 0 0 0 0 0 0 0 0 0 0 0 0 0 0 0 0 0 0 0 0 0 0 0 0 0.27 0 0 0 0 0 0 0 0 0 3.8 0 0 0 0 0 0 0 0 0 0.36 0 0 0 3.64 0 0 1.02 0 0 0 0 0 0 1.45 0 0 5.14 0 0 0 0 0 0 5.24 0 0 2.79 0 0 0 0 0 0 0 0 0 0 0 0 0 0 0 0 0 0 0 0 0 0 0 0 0 0 0 0 0 0 0 0 0 0 0 0 0 0 0 0 0 0 1 0 0 0 0 0 0 0 0 0 5.1 0 0 0 0 0 0 0 0 0 1.96 0 0 0 0.38 0 0 2.07 0 0 0 0 0 0 1.18 0 0 1.33 0 0 0 0 0 0 2.63 0 0 2.7 0 0 0 0 0 0 0 0 0 0 0 0 0 0 0 0 0 0 0 0 0 0 0 0 0 0 0 0 0 0 0 0 0 0 0 0 0 0 0 0 0 0 0.48 0 0 0 0 0 0 0 0 0 0.21 0 0 0 0 0 0 0 0 0 0.49 0 0 0 0 0 0 0 0 0 2.53 0 0 0 0 0 0 0 0 0 4.94 0 0 0 0 0 0 0 0 0 4.99 0 0 0 0.99 0 0 0.73 0 0 0 0 0 0 0.88 0 0 0.9 0 0 0 0 0 0 0.86 0 0 0.27 0 0 0 0 0 0 0 0 0 0 0 0 0 0 0 0 0 0 0 0 0 0 0 0 0 0 0 0 0 0 0 0 0 0 0 0 0 0 0 0 0 0 1.98 0 0 0 0 0 0 0 0 0 3.35 0 0 0 0 0 0 0 0 0 5.89 0 0 0 3.05 0 0 0.4 0 0 0 0 0 0 3.1 0 0 0.32 0 0 0 0 0 0 1.21 0 0 2.81 0 0 0 0 0 0 0 0 0 0 0 0 0 0 0 0 0 0 0 0 0 0 0 0 0 0 0 0 0 0 0 0 0 0 0 0 0 0 0 0 0 0 4.18 0 0 0 0 0 0 0 0 0 0.21 0 0 0 0 0 0 0 0 0 1.43 0 0 0 4.13 0 0 2.45 0 0 0 0 0 0 2.5 0 0 1.17 0 0 0 0 0 0 0.24 0 0 2.04 0 0 0 0 0 0 0 0 0 0 0 0 0 0 0 0 0 0 0 0 0 0 0 0 0 0 0 0 0 0 0 0 0 0 0 0 0 0 0 0 0 0 1.55 0 0 0 0 0 0 0 0 0 0.65 0 0 0 0 0 0 0 0 0 0.33 0 0 
0 0 0 0 0 0 0 0.94 0 0 0 0 0 0 0 0 0 5.81 0 0 0 0 0 0 0 0 0 2.93 0 0 0 2 0 0 0.1 0 0 0 0 0 0 0.11 0 0 4.67 0 0 0 0 0 0 0.44 0 0 2.51 0 0 0 0 0 0 0 0 0 0 0 0 0 0 0 0 0 0 0 0 0 0 0 0 0 0 0 0 0 0 0 0 0 0 0 0 0 0 0 0 0 0 2.31 0 0 0 0 0 0 0 0 0 0.21 0 0 0 0 0 0 0 0 0 1.38 0 0 0 1.41 0 0 5.15 0 0 0 0 0 0 4.86 0 0 4.82 0 0 0 0 0 0 2.12 0 0 0.54 0 0 0 0 0 0 0 0 0 0 0 0 0 0 0 0 0 0 0 0 0 0 0 0 0 0 0 0 0 0 0 0 0 0 0 0 0 0 0 0 0 0 0.43 0 0 0 0 0 0 0 0 0 2.12 0 0 0 0 0 0 0 0 0 2.97 0 0 0 5.67 0 0 3.74 0 0 0 0 0 0 1.46 0 0 3.93 0 0 0 0 0 0 1.11 0 0 4.2 0 0 0 0 0 0 0 0 0 0 0 0 0 0 0 0 0 0 0 0 0 0 0 0 0 0 0 0 0 0 0 0 0 0 0 0 0 0 0 0 0 0 1.89 0 0 0 0 0 0 0 0 0 1.19 0 0 0 0 0 0 0 0 0 0.63 0 0 0 0 0 0 0 0 0 4.47 0 0 0 0 0 0 0 0 0 0.64 0 0 0 0 0 0 0 0 0 3.26 0 0 0 0.09 0 0 0.64 0 0 0 0 0 0 4.55 0 0 0.34 0 0 0 0 0 0 2.11 0 0 3.25 0 0 0 0 0 0 0 0 0 0 0 0 0 0 0 0 0 0 0 0 0 0 0 0 0 0 0 0 0 0 0 0 0 0 0 0 0 0 0 0 0 0 0.17 0 0 0 0 0 0 0 0 0 3.77 0 0 0 0 0 0 0 0 0 0.46 0 0 0 3.56 0 0 0.87 0 0 0 0 0 0 1.38 0 0 4.87 0 0 0 0 0 0 5.35 0 0 2.7 0 0 0 0 0 0 0 0 0 0 0 0 0 0 0 0 0 0 0 0 0 0 0 0 0 0 0 0 0 0 0 0 0 0 0 0 0 0 0 0 0 0 0.9 0 0 0 0 0 0 0 0 0 5.6 0 0 0 0 0 0 0 0 0 2.16 0 0 0 0.42 0 0 1.94 0 0 0 0 0 0 1 0 0 1.34 0 0 0 0 0 0 2.5 0 0 2.48 0 0 0 0 0 0 0 0 0 0 0 0 0 0 0 0 0 0 0 0 0 0 0 0 0 0 0 0 0 0 0 0 0 0 0 0 0 0 0 0 0 0 0.7 0 0 0 0 0 0 0 0 0 0.19 0 0 0 0 0 0 0 0 0 0.42 0 0 0 0 0 0 0 0 0 2.63 0 0 0 0 0 0 0 0 0 4.93 0 0 0 0 0 0 0 0 0 5.1 0 0 0 0.87 0 0 0.65 0 0 0 0 0 0 1.15 0 0 0.94 0 0 0 0 0 0 0.98 0 0 0.3 0 0 0 0 0 0 0 0 0 0 0 0 0 0 0 0 0 0 0 0 0 0 0 0 0 0 0 0 0 0 0 0 0 0 0 0 0 0 0 0 0 0 1.93 0 0 0 0 0 0 0 0 0 3.46 0 0 0 0 0 0 0 0 0 5.8 0 0 0 3.32 0 0 0.46 0 0 0 0 0 0 3.34 0 0 0.37 0 0 0 0 0 0 1.13 0 0 2.6 0 0 0 0 0 0 0 0 0 0 0 0 0 0 0 0 0 0 0 0 0 0 0 0 0 0 0 0 0 0 0 0 0 0 0 0 0 0 0 0 0 0 4.48 0 0 0 0 0 0 0 0 0 0.27 0 0 0 0 0 0 0 0 0 1.69 0 0 0 4.24 0 0 2.32 0 0 0 0 0 0 2.57 0 0 1.09 0 0 0 0 0 0 0.18 0 0 2.19 0 0 0 0 0 0 0 0 0 0 0 0 0 0 0 0 0 0 0 0 0 0 0 0 0 0 0 0 0 0 0 0 0 0 0 0 0 0 0 0 0 0 1.49 0 0 0 0 0 0 0 0 0 0.52 0 0 0 0 0 0 0 0 0 0.34 0 0 
0 0 0 0 0 0 0 1.02 0 0 0 0 0 0 0 0 0 5.75 0 0 0 0 0 0 0 0 0 3.08 0 0 0 1.84 0 0 0.08 0 0 0 0 0 0 0.09 0 0 4.73 0 0 0 0 0 0 0.37 0 0 2.79 0 0 0 0 0 0 0 0 0 0 0 0 0 0 0 0 0 0 0 0 0 0 0 0 0 0 0 0 0 0 0 0 0 0 0 0 0 0 0 0 0 0 2.35 0 0 0 0 0 0 0 0 0 0.35 0 0 0 0 0 0 0 0 0 1.39 0 0 0 1.61 0 0 5.05 0 0 0 0 0 0 4.62 0 0 4.88 0 0 0 0 0 0 2.16 0 0 0.65 0 0 0 0 0 0 0 0 0 0 0 0 0 0 0 0 0 0 0 0 0 0 0 0 0 0 0 0 0 0 0 0 0 0 0 0 0 0 0 0 0 0 0.49 0 0 0 0 0 0 0 0 0 2.4 0 0 0 0 0 0 0 0 0 2.94 0 0 0 5.47 0 0 4.14 0 0 0 0 0 0 1.22 0 0 4 0 0 0 0 0 0 1.28 0 0 4.65 0 0 0 0 0 0 0 0 0 0 0 0 0 0 0 0 0 0 0 0 0 0 0 0 0 0 0 0 0 0 0 0 0 0 0 0 0 0 0 0 0 0 1.82 0 0 0 0 0 0 0 0 0 1.07 0 0 0 0 0 0 0 0 0 0.72 0 0 0 0 0 0 0 0 0 4.45 0 0 0 0 0 0 0 0 0 0.65 0 0 0 0 0 0 0 0 0 3.18 0 0 0 0.24 0 0 0.45 0 0 0 0 0 0 4.77 0 0 0.26 0 0 0 0 0 0 2.09 0 0 3.41 0 0 0 0 0 0 0 0 0 0 0 0 0 0 0 0 0 0 0 0 0 0 0 0 0 0 0 0 0 0 0 0 0 0 0 0 0 0 0 0 0 0 0.34 0 0 0 0 0 0 0 0 0 3.96 0 0 0 0 0 0 0 0 0 0.52 0 0 0 3.7 0 0 0.88 0 0 0 0 0 0 1.47 0 0 5.19 0 0 0 0 0 0 5.15 0 0 2.64 0 0 0 0 0 0 0 0 0 0 0 0 0 0 0 0 0 0 0 0 0 0 0 0 0 0 0 0 0 0 0 0 0 0 0 0 0 0 0 0 0 0 0.96 0 0 0 0 0 0 0 0 0 5.42 0 0 0 0 0 0 0 0 0 2.03 0 0 0 0.46 0 0 1.81 0 0 0 0 0 0 1.25 0 0 1.31 0 0 0 0 0 0 2.67 0 0 2.49 0 0 0 0 0 0 0 0 0 0 0 0 0 0 0 0 0 0 0 0 0 0 0 0 0 0 0 0 0 0 0 0 0 0 0 0 0 0 0 0 0 0 0.79 0 0 0 0 0 0 0 0 0 0.25 0 0 0 0 0 0 0 0 0 0.43 0 0 0 0 0 0 0 0 0 2.49 0 0 0 0 0 0 0 0 0 4.76 0 0 0 0 0 0 0 0 0 5.1 0 0 0 0.73 0 0 0.75 0 0 0 0 0 0 0.9 0 0 0.99 0 0 0 0 0 0 0.97 0 0 0.36 0 0 0 0 0 0 0 0 0 0 0 0 0 0 0 0 0 0 0 0 0 0 0 0 0 0 0 0 0 0 0 0 0 0 0 0 0 0 0 0 0 0 1.85 0 0 0 0 0 0 0 0 0 3.59 0 0 0 0 0 0 0 0 0 6.06 0 0 0 3.22 0 0 0.32 0 0 0 0 0 0 3.3 0 0 0.26 0 0 0 0 0 0 1.19 0 0 2.87 0 0 0 0 0 0 0 0 0 0 0 0 0 0 0 0 0 0 0 0 0 0 0 0 0 0 0 0 0 0 0 0 0 0 0 0 0 0 0 0 0 0 4.3 0 0 0 0 0 0 0 0 0 0.18 0 0 0 0 0 0 0 0 0 1.6 0 0 0 4.18 0 0 2.27 0 0 0 0 0 0 2.59 0 0 1.12 0 0 0 0 0 0 0.27 0 0 1.95 0 0 0 0 0 0 0 0 0 0 0 0 0 0 0 0 0 0 0 0 0 0 0 0 0 0 0 0 0 0 0 0 0 0 0 0 0 0 0 0 0 0 1.54 0 0 0 0 0 0 0 0 0 0.65 0 0 0 0 0 0 0 0 0 0.5 0 0 
0 0 0 0 0 0 0 0.99 0 0 0 0 0 0 0 0 0 5.67 0 0 0 0 0 0 0 0 0 3.03 0 0 0 2.06 0 0 0.07 0 0 0 0 0 0 0.09 0 0 4.77 0 0 0 0 0 0 0.39 0 0 2.43 0 0 0 0 0 0 0 0 0 0 0 0 0 0 0 0 0 0 0 0 0 0 0 0 0 0 0 0 0 0 0 0 0 0 0 0 0 0 0 0 0 0 2.35 0 0 0 0 0 0 0 0 0 0.28 0 0 0 0 0 0 0 0 0 1.16 0 0 0 1.51 0 0 4.85 0 0 0 0 0 0 4.61 0 0 4.74 0 0 0 0 0 0 2.35 0 0 0.62 0 0 0 0 0 0 0 0 0 0 0 0 0 0 0 0 0 0 0 0 0 0 0 0 0 0 0 0 0 0 0 0 0 0 0 0 0 0 0 0 0 0 0.41 0 0 0 0 0 0 0 0 0 2.2 0 0 0 0 0 0 0 0 0 2.74 0 0 0 5.74 0 0 3.8 0 0 0 0 0 0 1.44 0 0 4.35 0 0 0 0 0 0 1.33 0 0 4.4 0 0 0 0 0 0 0 0 0 0 0 0 0 0 0 0 0 0 0 0 0 0 0 0 0 0 0 0 0 0 0 0 0 0 0 0 0 0 0 0 0 0 1.97 0 0 0 0 0 0 0 0 0 1.33 0 0 0 0 0 0 0 0 0 0.66 0 0 0 0 0 0 0 0 0 4.51 0 0 0 0 0 0 0 0 0 0.61 0 0 0 0 0 0 0 0 0 3.29 0 0 0 0.12 0 0 0.46 0 0 0 0 0 0 4.59 0 0 0.23 0 0 0 0 0 0 2.3 0 0 3.27 0 0 0 0 0 0 0 0 0 0 0 0 0 0 0 0 0 0 0 0 0 0 0 0 0 0 0 0 0 0 0 0 0 0 0 0 0 0 0 0 0 0 0.26 0 0 0 0 0 0 0 0 0 3.82 0 0 0 0 0 0 0 0 0 0.53 0 0 0 3.64 0 0 0.85 0 0 0 0 0 0 1.27 0 0 5 0 0 0 0 0 0 5.27 0 0 2.83 0 0 0 0 0 0 0 0 0 0 0 0 0 0 0 0 0 0 0 0 0 0 0 0 0 0 0 0 0 0 0 0 0 0 0 0 0 0 0 0 0 0 0.85 0 0 0 0 0 0 0 0 0 5.47 0 0 0 0 0 0 0 0 0 2.25 0 0 0 0.52 0 0 1.99 0 0 0 0 0 0 1.14 0 0 1.31 0 0 0 0 0 0 2.55 0 0 2.56 0 0 0 0 0 0 0 0 0 0 0 0 0 0 0 0 0 0 0 0 0 0 0 0 0 0 0 0 0 0 0 0 0 0 0 0 0 0 0 0 0 0 0.56 0 0 0 0 0 0 0 0 0 0.19 0 0 0 0 0 0 0 0 0 0.39 0 0 0 0 0 0 0 0 0 2.49 0 0 0 0 0 0 0 0 0 4.73 0 0 0 0 0 0 0 0 0 4.76 0 0 0 0.84 0 0 0.81 0 0 0 0 0 0 0.87 0 0 0.91 0 0 0 0 0 0 0.88 0 0 0.33 0 0 0 0 0 0 0 0 0 0 0 0 0 0 0 0 0 0 0 0 0 0 0 0 0 0 0 0 0 0 0 0 0 0 0 0 0 0 0 0 0 0 2.07 0 0 0 0 0 0 0 0 0 3.26 0 0 0 0 0 0 0 0 0 5.9 0 0 0 3.37 0 0 0.25 0 0 0 0 0 0 3.24 0 0 0.33 0 0 0 0 0 0 1.02 0 0 2.81 0 0 0 0 0 0 0 0 0 0 0 0 0 0 0 0 0 0 0 0 0 0 0 0 0 0 0 0 0 0 0 0 0 0 0 0 0 0 0 0 0 0 4.33 0 0 0 0 0 0 0 0 0 0.28 0 0 0 0 0 0 0 0 0 1.56 0 0 0 4.1 0 0 2.38 0 0 0 0 0 0 2.71 0 0 1.03 0 0 0 0 0 0 0.16 0 0 2.1 0 0 0 0 0 0 0 0 0 0 0 0 0 0 0 0 0 0 0 0 0 0 0 0 0 0 0 0 0 0 0 0 0 0 0 0 0 0 0 0 0 0 1.61 0 0 0 0 0 0 0 0 0 0.63 0 0 0 0 0 0 0 0 0 0.47 0 0 
0 0 0 0 0 0 0 0.89 0 0 0 0 0 0 0 0 0 5.6 0 0 0 0 0 0 0 0 0 2.99 0 0 0 1.78 0 0 0.13 0 0 0 0 0 0 0.16 0 0 4.75 0 0 0 0 0 0 0.3 0 0 2.24 0 0 0 0 0 0 0 0 0 0 0 0 0 0 0 0 0 0 0 0 0 0 0 0 0 0 0 0 0 0 0 0 0 0 0 0 0 0 0 0 0 0 2.32 0 0 0 0 0 0 0 0 0 0.26 0 0 0 0 0 0 0 0 0 1.22 0 0 0 1.52 0 0 5.13 0 0 0 0 0 0 4.89 0 0 4.87 0 0 0 0 0 0 2.11 0 0 0.62 0 0 0 0 0 0 0 0 0 0 0 0 0 0 0 0 0 0 0 0 0 0 0 0 0 0 0 0 0 0 0 0 0 0 0 0 0 0 0 0 0 0 0.43 0 0 0 0 0 0 0 0 0 2.24 0 0 0 0 0 0 0 0 0 2.8 0 0 0 5.38 0 0 4.06 0 0 0 0 0 0 1.41 0 0 3.99 0 0 0 0 0 0 1.22 0 0 4.26 0 0 0 0 0 0 0 0 0 0 0 0 0 0 0 0 0 0 0 0 0 0 0 0 0 0 0 0 0 0 0 0 0 0 0 0 0 0 0 0 0 0 2.1 0 0 0 0 0 0 0 0 0 1.44 0 0 0 0 0 0 0 0 0 0.54 0 0 0 0 0 0 0 0 0 4.4 0 0 0 0 0 0 0 0 0 0.64 0 0 0 0 0 0 0 0 0 3.38 0 0 0 0.13 0 0 0.52 0 0 0 0 0 0 4.47 0 0 0.19 0 0 0 0 0 0 2.42 0 0 3.34 0 0 0 0 0 0 0 0 0 0 0 0 0 0 0 0 0 0 0 0 0 0 0 0 0 0 0 0 0 0 0 0 0 0 0 0 0 0 0 0 0 0 0.21 0 0 0 0 0 0 0 0 0 3.95 0 0 0 0 0 0 0 0 0 0.52 0 0 0 3.57 0 0 0.86 0 0 0 0 0 0 1.38 0 0 4.87 0 0 0 0 0 0 5.43 0 0 2.57 0 0 0 0 0 0 0 0 0 0 0 0 0 0 0 0 0 0 0 0 0 0 0 0 0 0 0 0 0 0 0 0 0 0 0 0 0 0 0 0 0 0 1.05 0 0 0 0 0 0 0 0 0 5.44 0 0 0 0 0 0 0 0 0 2.15 0 0 0 0.42 0 0 1.83 0 0 0 0 0 0 1.13 0 0 1.31 0 0 0 0 0 0 2.6 0 0 2.54 0 0 0 0 0 0 0 0 0 0 0 0 0 0 0 0 0 0 0 0 0 0 0 0 0 0 0 0 0 0 0 0 0 0 0 0 0 0 0 0 0 0 0.58 0 0 0 0 0 0 0 0 0 0.19 0 0 0 0 0 0 0 0 0 0.53 0 0 0 0 0 0 0 0 0 2.54 0 0 0 0 0 0 0 0 0 4.83 0 0 0 0 0 0 0 0 0 5.05 0 0 0 0.89 0 0 0.79 0 0 0 0 0 0 0.67 0 0 0.92 0 0 0 0 0 0 0.73 0 0 0.5 0 0 0 0 0 0 0 0 0 0 0 0 0 0 0 0 0 0 0 0 0 0 0 0 0 0 0 0 0 0 0 0 0 0 0 0 0 0 0 0 0 0 2.1 0 0 0 0 0 0 0 0 0 3.42 0 0 0 0 0 0 0 0 0 5.74 0 0 0 3.42 0 0 0.32 0 0 0 0 0 0 3.31 0 0 0.21 0 0 0 0 0 0 1.01 0 0 2.79 0 0 0 0 0 0 0 0 0 0 0 0 0 0 0 0 0 0 0 0 0 0 0 0 0 0 0 0 0 0 0 0 0 0 0 0 0 0 0 0 0 0 4.41 0 0 0 0 0 0 0 0 0 0.18 0 0 0 0 0 0 0 0 0 1.57 0 0 0 4.09 0 0 2.39 0 0 0 0 0 0 2.54 0 0 0.84 0 0 0 0 0 0 0.15 0 0 1.99 0 0 0 0 0 0 0 0 0 0 0 0 0 0 0 0 0 0 0 0 0 0 0 0 0 0 0 0 0 0 0 0 0 0 0 0 0 0 0 0 0 0 1.43 0 0 0 0 0 0 0 0 0 0.63 0 0 0 0 0 0 0 0 0 0.41 0 0 
0 0 0 0 0 0 0 1.15 0 0 0 0 0 0 0 0 0 5.66 0 0 0 0 0 0 0 0 0 2.87 0 0 0 1.8 0 0 0.18 0 0 0 0 0 0 0.14 0 0 4.79 0 0 0 0 0 0 0.43 0 0 2.84 0 0 0 0 0 0 0 0 0 0 0 0 0 0 0 0 0 0 0 0 0 0 0 0 0 0 0 0 0 0 0 0 0 0 0 0 0 0 0 0 0 0 2.39 0 0 0 0 0 0 0 0 0 0.21 0 0 0 0 0 0 0 0 0 1.42 0 0 0 1.51 0 0 5.22 0 0 0 0 0 0 4.86 0 0 4.85 0 0 0 0 0 0 1.87 0 0 0.66 0 0 0 0 0 0 0 0 0 0 0 0 0 0 0 0 0 0 0 0 0 0 0 0 0 0 0 0 0 0 0 0 0 0 0 0 0 0 0 0 0 0 0.33 0 0 0 0 0 0 0 0 0 2.06 0 0 0 0 0 0 0 0 0 2.92 0 0 0 5.44 0 0 3.9 0 0 0 0 0 0 1.44 0 0 4.03 0 0 0 0 0 0 1.18 0 0 4.44 0 0 0 0 0 0 0 0 0 0 0 0 0 0 0 0 0 0 0 0 0 0 0 0 0 0 0 0 0 0 0 0 0 0 0 0 0 0 0 0 0 0 1.93 0 0 0 0 0 0 0 0 0 1.35 0 0 0 0 0 0 0 0 0 0.71 0 0 0 0 0 0 0 0 0 4.44 0 0 0 0 0 0 0 0 0 0.71 0 0 0 0 0 0 0 0 0 3.39 0 0 0 0.2 0 0 0.45 0 0 0 0 0 0 4.58 0 0 0.31 0 0 0 0 0 0 2.34 0 0 3.32 0 0 0 0 0 0 0 0 0 0 0 0 0 0 0 0 0 0 0 0 0 0 0 0 0 0 0 0 0 0 0 0 0 0 0 0 0 0 0 0 0 0 0.3 0 0 0 0 0 0 0 0 0 3.96 0 0 0 0 0 0 0 0 0 0.4 0 0 0 3.28 0 0 0.92 0 0 0 0 0 0 1.42 0 0 5.16 0 0 0 0 0 0 5.06 0 0 3.06 0 0 0 0 0 0 0 0 0 0 0 0 0 0 0 0 0 0 0 0 0 0 0 0 0 0 0 0 0 0 0 0 0 0 0 0 0 0 0 0 0 0 1.01 0 0 0 0 0 0 0 0 0 5.46 0 0 0 0 0 0 0 0 0 2.26 0 0 0 0.49 0 0 1.96 0 0 0 0 0 0 1.14 0 0 1.22 0 0 0 0 0 0 2.3 0 0 2.41 0 0 0 0 0 0 0 0 0 0 0 0 0 0 0 0 0 0 0 0 0 0 0 0 0 0 0 0 0 0 0 0 0 0 0 0 0 0 0 0 0 0 0.57 0 0 0 0 0 0 0 0 0 0.23 0 0 0 0 0 0 0 0 0 0.29 0 0 0 0 0 0 0 0 0 2.54 0 0 0 0 0 0 0 0 0 4.6 0 0 0 0 0 0 0 0 0 4.89 0 0 0 1.03 0 0 0.83 0 0 0 0 0 0 0.92 0 0 0.94 0 0 0 0 0 0 0.85 0 0 0.32 0 0 0 0 0 0 0 0 0 0 0 0 0 0 0 0 0 0 0 0 0 0 0 0 0 0 0 0 0 0 0 0 0 0 0 0 0 0 0 0 0 0 1.97 0 0 0 0 0 0 0 0 0 3.4 0 0 0 0 0 0 0 0 0 5.99 0 0 0 3.37 0 0 0.32 0 0 0 0 0 0 3.19 0 0 0.37 0 0 0 0 0 0 1.08 0 0 2.68 0 0 0 0 0 0 0 0 0 0 0 0 0 0 0 0 0 0 0 0 0 0 0 0 0 0 0 0 0 0 0 0 0 0 0 0 0 0 0 0 0 0 4.35 0 0 0 0 0 0 0 0 0 0.21 0 0 0 0 0 0 0 0 0 1.52 0 0 0 4.13 0 0 2.16 0 0 0 0 0 0 2.59 0 0 0.99 0 0 0 0 0 0 0.2 0 0 2.03 0 0 0 0 0 0 0 0 0 0 0 0 0 0 0 0 0 0 0 0 0 0 0 0 0 0 0 0 0 0 0 0 0 0 0 0 0 0 0 0 0 0 1.23 0 0 0 0 0 0 0 0 0 0.59 0 0 0 0 0 0 0 0 0 0.42 0 0 
0 0 0 0 0 0 0 1.03 0 0 0 0 0 0 0 0 0 5.58 0 0 0 0 0 0 0 0 0 3.06 0 0 0 1.94 0 0 0.08 0 0 0 0 0 0 0.11 0 0 4.54 0 0 0 0 0 0 0.41 0 0 2.6 0 0 0 0 0 0 0 0 0 0 0 0 0 0 0 0 0 0 0 0 0 0 0 0 0 0 0 0 0 0 0 0 0 0 0 0 0 0 0 0 0 0 2.48 0 0 0 0 0 0 0 0 0 0.17 0 0 0 0 0 0 0 0 0 1.36 0 0 0 1.4 0 0 5.23 0 0 0 0 0 0 4.74 0 0 4.92 0 0 0 0 0 0 2.16 0 0 0.62 0 0 0 0 0 0 0 0 0 0 0 0 0 0 0 0 0 0 0 0 0 0 0 0 0 0 0 0 0 0 0 0 0 0 0 0 0 0 0 0 0 0 0.55 0 0 0 0 0 0 0 0 0 2.09 0 0 0 0 0 0 0 0 0 2.96 0 0 0 5.56 0 0 3.96 0 0 0 0 0 0 1.42 0 0 4.24 0 0 0 0 0 0 1.24 0 0 4.53 0 0 0 0 0 0 0 0 0 0 0 0 0 0 0 0 0 0 0 0 0 0 0 0 0 0 0 0 0 0 0 0 0 0 0 0 0 0 0 0 0 0 2.09 0 0 0 0 0 0 0 0 0 1.35 0 0 0 0 0 0 0 0 0 0.69 0 0 0 0 0 0 0 0 0 4.67 0 0 0 0 0 0 0 0 0 0.58 0 0 0 0 0 0 0 0 0 3.24 0 0 0 0.19 0 0 0.48 0 0 0 0 0 0 4.81 0 0 0.3 0 0 0 0 0 0 2.2 0 0 3.34 0 0 0 0 0 0 0 0 0 0 0 0 0 0 0 0 0 0 0 0 0 0 0 0 0 0 0 0 0 0 0 0 0 0 0 0 0 0 0 0 0 0 0.43 0 0 0 0 0 0 0 0 0 3.94 0 0 0 0 0 0 0 0 0 0.33 0 0 0 3.45 0 0 0.76 0 0 0 0 0 0 1.32 0 0 5.15 0 0 0 0 0 0 5.3 0 0 2.55 0 0 0 0 0 0 0 0 0 0 0 0 0 0 0 0 0 0 0 0 0 0 0 0 0 0 0 0 0 0 0 0 0 0 0 0 0 0 0 0 0 0 1.04 0 0 0 0 0 0 0 0 0 5.3 0 0 0 0 0 0 0 0 0 2.19 0 0 0 0.52 0 0 1.8 0 0 0 0 0 0 1.19 0 0 1.36 0 0 0 0 0 0 2.7 0 0 2.6 0 0 0 0 0 0 0 0 0 0 0 0 0 0 0 0 0 0 0 0 0 0 0 0 0 0 0 0 0 0 0 0 0 0 0 0 0 0 0 0 0 0 0.74 0 0 0 0 0 0 0 0 0 0.22 0 0 0 0 0 0 0 0 0 0.37 0 0 0 0 0 0 0 0 0 2.58 0 0 0 0 0 0 0 0 0 4.66 0 0 0 0 0 0 0 0 0 4.98 0 0 0 0.8 0 0 0.94 0 0 0 0 0 0 1.01 0 0 0.81 0 0 0 0 0 0 0.9 0 0 0.33 0 0 0 0 0 0 0 0 0 0 0 0 0 0 0 0 0 0 0 0 0 0 0 0 0 0 0 0 0 0 0 0 0 0 0 0 0 0 0 0 0 0 2.11 0 0 0 0 0 0 0 0 0 3.66 0 0 0 0 0 0 0 0 0 6.02 0 0 0 3.26 0 0 0.33 0 0 0 0 0 0 3.51 0 0 0.28 0 0 0 0 0 0 1.06 0 0 3.01 0 0 0 0 0 0 0 0 0 0 0 0 0 0 0 0 0 0 0 0 0 0 0 0 0 0 0 0 0 0 0 0 0 0 0 0 0 0 0 0 0 0 4.37 0 0 0 0 0 0 0 0 0 0.2 0 0 0 0 0 0 0 0 0 1.68 0 0 0 4.34 0 0 2.31 0 0 0 0 0 0 2.71 0 0 1.03 0 0 0 0 0 0 0.17 0 0 2.03 0 0 0 0 0 0 0 0 0 0 0 0 0 0 0 0 0 0 0 0 0 0 0 0 0 0 0 0 0 0 0 0 0 0 0 0 0 0 0 0 0 0 1.5 0 0 0 0 0 0 0 0 0 0.53 0 0 0 0 0 0 0 0 0 0.38 0 0 

</Matrix>
   <Matrix name="burstinessHist" type="complete" rows="1" columns="2000" multiplier="1.0">
   174 196 202 202 192 187 169 198 195 180 197 195 203 202 180 202 201 187 176 181 187 175 180 199 186 198 191 181 194 180 195 198 186 193 209 208 190 213 181 199 192 208 179 186 203 210 194 199 196 184 186 190 184 195 200 181 202 189 194 189 198 213 192 197 196 190 172 185 209 188 198 184 196 181 194 184 193 191 184 184 184 202 198 179 217 190 186 198 189 201 193 177 189 196 198 202 187 190 198 200 176 193 205 185 201 193 194 196 209 190 205 176 202 191 188 207 197 200 203 193 193 202 199 218 206 194 180 184 176 203 163 197 186 197 211 211 199 192 178 198 200 207 188 197 199 215 203 194 182 210 191 197 197 200 193 202 175 184 181 189 207 189 197 200 205 209 189 207 198 196 208 202 205 198 197 188 199 198 200 175 203 216 199 187 201 184 190 202 210 195 192 209 196 198 194 195 185 215 204 186 207 195 206 197 218 199 193 183 196 190 173 191 202 201 201 182 199 188 203 214 186 207 211 200 178 206 178 190 170 181 198 181 188 186 194 191 198 166 184 211 186 198 201 198 207 201 182 203 194 198 197 201 187 178 194 198 186 194 204 173 180 184 185 176 196 177 191 205 196 193 193 197 179 209 213 195 199 180 187 211 200 190 168 202 202 190 182 181 213 195 213 201 179 186 207 205 214 201 176 191 195 212 207 187 193 200 190 207 187 185 190 208 200 186 186 196 189 199 198 191 196 209 189 178 213 191 194 215 208 205 199 178 196 194 176 196 190 194 205 184 208 192 206 185 189 199 194 183 168 201 182 196 214 179 199 179 184 193 208 199 192 191 168 209 204 204 197 178 201 203 196 221 194 198 186 188 170 190 184 202 184 190 193 207 212 213 202 203 180 180 212 190 205 204 203 193 194 187 206 199 188 197 191 207 206 207 175 188 187 203 200 202 174 187 204 198 185 211 187 193 180 193 206 200 190 196 188 196 194 200 184 209 206 183 180 201 183 192 197 189 199 203 195 188 196 181 198 220 189 187 188 193 203 215 174 194 211 199 196 202 191 194 194 194 204 174 199 182 186 199 200 179 205 207 211 217 176 190 207 182 191 184 189 193 191 175 186 184 212 189 186 194 201 213 210 211 179 217 212 212 196 193 197 183 210 186 189 195 195 183 215 197 187 210 198 216 169 182 192 175 179 198 196 196 202 201 198 173 193 188 200 207 190 187 201 208 196 195 209 199 188 178 197 206 175 201 185 197 194 189 184 204 198 197 194 193 195 193 206 190 187 182 195 202 195 167 195 186 194 191 211 203 209 184 195 202 195 177 194 181 203 180 180 191 200 202 181 191 188 216 183 199 200 198 198 213 203 215 192 196 183 194 200 200 191 199 201 210 204 205 190 214 176 195 208 195 198 183 207 198 186 197 201 202 212 196 186 192 192 204 205 192 202 173 210 192 204 207 187 223 196 170 201 202 197 200 183 187 202 177 204 189 187 179 184 207 202 194 176 204 184 201 208 193 199 206 200 211 198 208 197 198 187 189 189 195 200 210 205 211 187 185 181 202 198 204 206 201 189 206 197 213 189 186 183 188 197 205 201 188 214 210 191 194 206 191 180 210 183 194 194 215 198 189 207 200 191 187 186 203 200 208 202 208 209 183 202 184 194 211 182 192 203 194 180 205 180 193 198 214 212 196 212 195 215 204 186 185 215 187 198 194 215 204 188 201 185 176 187 193 191 206 197 199 205 198 202 201 207 189 210 192 205 197 191 196 196 203 178 185 189 192 200 201 182 182 198 183 183 201 211 205 195 199 201 180 187 187 210 180 206 201 196 201 182 190 185 186 185 190 185 212 197 196 198 182 201 231 181 196 186 193 178 204 201 214 207 193 180 216 201 210 190 222 189 183 193 181 186 194 190 200 205 202 189 196 175 192 191 202 195 218 190 180 197 192 209 210 194 187 178 219 181 172 200 192 204 204 192 203 182 206 192 194 191 200 192 182 179 200 200 206 215 177 211 175 193 187 196 192 194 194 191 197 177 206 204 182 184 201 196 189 191 192 190 205 196 198 186 198 199 182 197 199 195 180 173 198 200 183 202 183 191 199 188 190 207 188 177 201 183 204 209 206 186 208 185 202 199 194 200 188 204 196 196 176 191 174 197 206 210 197 192 218 195 197 202 200 196 194 185 205 193 187 197 197 210 186 205 171 220 206 204 215 203 197 196 199 197 194 195 208 201 199 201 185 212 193 190 196 180 202 185 194 186 210 189 194 185 208 193 193 194 193 181 201 185 213 209 198 196 208 206 183 209 202 185 187 183 193 195 165 194 166 196 208 194 198 203 194 206 184 198 180 189 201 187 209 201 186 196 190 170 192 203 186 204 177 209 200 194 206 186 197 207 177 185 191 204 197 197 197 208 205 199 208 200 195 195 192 185 185 207 182 205 189 177 209 188 197 229 196 181 197 206 189 194 193 201 176 191 194 196 186 201 191 214 186 196 196 193 191 203 200 201 183 202 188 199 202 191 195 187 202 174 213 210 178 192 169 205 200 195 189 203 199 195 204 210 206 199 194 205 191 197 189 197 215 194 207 201 190 201 190 202 189 199 206 190 193 198 178 199 205 207 218 196 207 206 200 193 210 204 206 200 195 181 195 196 192 191 206 202 201 194 195 194 177 183 188 210 181 186 202 197 206 220 202 194 214 186 189 193 197 205 198 188 186 197 187 187 187 205 211 199 191 192 197 181 194 196 201 198 189 203 175 212 199 202 175 203 181 192 191 192 181 181 198 198 196 198 220 192 188 201 198 191 184 186 193 203 177 199 213 180 189 200 183 196 214 196 182 198 200 180 203 194 188 199 183 198 191 196 209 223 212 178 190 194 196 216 199 205 189 195 195 204 192 202 186 200 170 205 198 202 204 212 199 215 206 195 181 199 214 203 191 197 185 190 195 192 206 209 197 193 183 197 195 179 192 196 200 213 199 191 201 191 179 172 204 191 208 219 208 190 179 204 216 201 197 197 195 202 186 220 206 190 216 183 187 188 200 192 185 209 190 206 205 190 201 178 185 209 202 182 196 188 198 177 206 198 192 197 193 189 191 201 193 204 184 189 199 189 195 190 184 191 200 187 185 188 193 198 191 191 204 188 219 176 201 192 206 192 188 194 185 189 186 196 181 197 192 204 193 199 178 188 196 184 212 201 187 196 208 192 200 193 198 192 182 185 220 215 189 208 200 187 195 186 185 189 206 190 190 199 202 190 197 205 196 200 192 214 193 204 181 195 190 170 185 200 213 192 176 203 190 201 199 203 199 180 198 198 202 208 198 196 176 198 206 208 196 179 175 200 192 195 179 199 175 205 179 204 201 202 198 190 184 191 185 181 193 204 206 200 192 191 202 212 208 202 179 217 198 197 203 212 204 197 208 187 188 204 198 191 189 200 197 191 216 205 203 178 198 185 184 194 193 201 197 190 202 192 197 196 196 175 181 196 206 190 205 198 199 197 195 200 208 186 205 193 192 211 187 216 189 193 194 195 195 190 205 185 189 200 208 208 204 212 190 203 222 195 188 199 203 189 198 193 200 201 180 190 193 183 199 208 185 185 198 209 208 200 197 190 191 195 195 216 210 188 199 195 183 203 204 205 198 181 190 189 199 205 213 179 199 195 202 187 165 192 216 201 176 186 190 191 198 186 188 208 202 196 178 178 193 213 196 197 203 205 202 194 178 205 202 186 190 203 196 185 196 213 183 183 198 187 188 211 196 201 212 212 199 189 203 203 187 197 220 190 178 186 198 201 188 180 194 204 206 191 214 190 198 192 183 179 188 188 190 212 199 177 210 215 210 196 192 200 180 197 211 213 204 193 169 199 209 168 186 206 188 187 202 200 184 192 191 190 193 203 194 190 183 177 194 175 196 190 207 177 194 192 201 214 194 209 187 191 199 193 176 192 199 197 213 194 190 195 203 215 190 196 173 180 208 200 195 187 228 201 175 201 210 188 201 184 181 210 196 204 171 196 189 183 208 199 210 180 204 186 193 178 193 188 209 197 170 196 184 179 190 194 203 207 210 184 197 199 193 199 197 176 205 207 188 171 192 201 206 192 204 201 196 191 205 196 193 168 201 201 217 175 186 203 193 192 191 190 192 191 195 196 186 197 193 197 174 191 200 188 206 190 202 199 195 192 211 194 179 189 205 191 185 205 204 201 190 199 183 215 210 205 198 200 203 188 195 203 188 190 209 204 193 196 193 182 177 184 204 191 179 184 203 202 182 201 188 181 217 205 204 182 192 209 182 200 203 188 206 196 199 195 183 184 196 222 178 188 192 201 212 207 197 200 191 202 196 194 210 201 207 202 196 174 210 185 193 199 190 180 203 207 208 192 199 205 202 207 195 201 177 197 196 195 207 196 207 214 184 208 197 193 194 203 197 220 192 205 202 203 191 207 192 191 190 190 212 207 179 198 195 186 180 186 190 189 186 189 193 201 217 208 202 204 187 196 214 212 225 193 200 207 200 207 195 184 196 197 186 
</Matrix>
   <Matrix name="spikesHistory" type="complete" rows="1" columns="200000" multiplier="1.0">
   0 0 0 0 1 0 1 1 2 3 0 2 2 1 1 3 2 1 5 2 2 1 0 4 3 0 0 3 3 0 0 4 3 2 4 1 1 0 2 2 2 3 3 3 0 1 3 1 1 2 2 1 3 2 3 4 2 3 1 1 5 1 1 2 1 4 2 1 1 3 1 0 2 3 4 1 0 4 2 1 1 1 2 1 0 2 3 2 0 3 2 2 2 3 1 2 1 2 1 1 1 0 3 2 4 1 0 2 2 1 3 3 2 2 2 2 2 5 2 2 1 1 1 1 3 3 1 0 6 0 1 1 1 1 2 0 3 4 1 2 2 0 2 3 1 5 2 3 6 0 4 1 4 1 3 1 0 0 4 2 1 2 1 3 0 0 3 2 2 1 2 2 2 2 3 0 5 3 1 2 1 0 2 2 1 4 3 2 2 1 1 3 2 0 2 4 2 2 5 2 4 1 0 2 3 2 1 4 3 1 2 3 2 0 2 2 2 2 2 5 2 2 0 1 1 6 2 2 3 3 2 2 2 2 1 1 2 0 1 2 3 2 2 0 2 3 1 3 1 0 3 5 3 1 0 2 2 3 3 2 4 1 4 3 1 0 0 1 3 0 2 1 2 2 4 2 0 1 1 4 3 1 3 4 3 2 4 1 2 2 1 1 6 0 3 1 2 3 2 1 3 2 3 3 0 0 4 3 3 3 0 2 1 2 1 4 0 4 2 1 1 2 4 3 5 1 0 1 3 2 0 3 4 1 3 3 1 5 0 2 2 2 3 1 4 3 0 2 1 2 3 3 1 2 3 2 0 1 3 2 1 1 2 1 2 4 3 0 4 2 2 1 0 1 4 1 2 1 2 1 3 3 3 1 3 1 3 0 1 4 3 1 1 2 1 1 2 3 5 1 2 4 1 4 2 2 2 1 1 3 1 2 2 2 1 2 0 1 3 2 1 3 3 3 2 1 1 4 0 1 1 4 0 2 2 3 3 1 0 1 2 1 0 2 3 3 7 3 1 1 1 3 2 1 3 2 4 1 0 4 5 1 2 3 0 0 2 3 3 2 0 1 1 2 3 0 4 1 3 0 3 1 3 1 0 2 3 1 2 2 2 1 1 3 2 1 3 5 1 1 3 1 1 4 0 3 1 1 2 2 2 3 4 4 2 3 0 1 1 4 2 4 3 1 1 0 2 1 0 2 2 1 0 2 2 2 3 2 0 1 3 0 2 1 0 2 0 2 6 4 1 1 0 0 2 1 2 5 3 0 3 3 2 2 0 2 1 1 1 4 6 1 1 1 2 0 2 3 3 1 2 3 0 0 0 3 1 5 3 0 0 3 3 2 3 0 4 2 2 4 2 3 3 1 2 0 0 2 0 6 2 1 1 1 2 1 0 3 2 3 2 1 2 2 1 1 2 2 0 1 2 0 0 3 1 1 7 1 1 2 0 1 2 0 1 3 3 1 1 2 2 3 0 3 1 5 3 4 2 1 0 0 0 2 0 0 2 2 3 3 3 3 3 0 3 2 1 2 4 1 1 0 4 2 2 2 1 0 2 1 2 0 3 2 1 0 1 2 2 2 1 4 2 2 2 2 3 1 1 4 2 2 0 2 3 1 2 4 1 2 7 1 1 1 4 1 3 2 0 1 0 2 2 4 0 3 2 2 2 1 2 1 0 0 3 1 3 1 1 2 4 0 0 3 2 3 3 0 1 2 3 2 2 5 5 1 1 3 0 2 2 0 3 4 3 2 2 1 2 3 1 5 1 0 3 2 1 6 1 1 2 3 0 0 2 2 0 1 2 7 1 1 2 0 0 3 3 4 4 2 4 3 0 3 3 0 1 4 1 2 5 0 2 2 0 1 2 4 2 2 3 1 1 2 4 2 1 1 3 2 2 3 3 2 1 3 3 5 2 6 0 2 1 3 2 2 2 1 0 2 3 0 0 3 3 1 3 2 3 1 0 3 1 1 4 3 0 0 1 3 2 3 1 2 3 1 2 2 2 4 1 2 1 0 3 1 1 1 0 2 3 0 3 0 4 4 3 2 2 1 1 0 2 1 3 3 1 3 0 1 3 1 1 2 3 2 1 1 1 2 4 1 0 2 3 2 3 0 0 4 2 1 2 1 3 1 1 5 0 3 0 0 3 2 0 1 1 1 1 3 1 2 0 2 2 2 1 4 0 4 2 1 2 2 0 4 1 2 1 1 2 2 0 3 3 0 4 1 4 4 1 5 3 0 0 0 0 3 2 5 2 2 2 0 0 4 2 1 1 3 3 1 1 3 2 2 1 2 4 1 2 2 3 1 5 2 1 2 4 5 2 0 0 1 1 2 4 2 3 1 0 2 2 0 2 2 1 3 2 0 1 3 4 0 3 4 4 3 0 1 1 2 3 2 1 1 1 1 1 2 2 2 2 3 5 6 0 3 0 1 2 1 2 2 1 3 2 2 4 3 1 2 1 1 2 3 6 0 0 3 1 1 3 3 0 3 3 1 2 2 1 2 1 2 2 4 1 2 2 3 0 2 3 1 2 3 2 3 2 2 1 3 1 3 5 3 2 2 1 1 3 4 2 2 1 1 2 1 2 2 2 2 1 1 1 4 0 2 4 0 4 1 2 3 2 2 2 2 3 3 2 1 1 0 2 3 0 3 2 0 1 2 3 1 3 0 1 1 4 0 3 2 3 0 2 3 3 3 2 2 7 1 1 2 1 0 1 1 2 3 0 3 4 4 4 1 2 2 5 1 1 3 2 1 4 3 2 3 3 1 2 3 2 1 0 4 1 2 4 0 0 3 0 2 4 1 0 1 4 3 3 2 1 3 3 2 1 1 0 0 4 1 1 2 3 2 4 1 2 3 3 4 1 2 1 2 3 1 0 4 3 1 0 2 1 2 5 2 0 5 2 2 5 2 1 1 0 2 1 1 0 4 2 2 0 2 1 6 2 1 2 1 3 2 0 4 4 1 3 0 1 4 3 2 1 3 1 2 2 3 1 2 3 2 0 3 4 2 2 0 2 6 2 1 2 0 1 1 1 0 3 1 1 1 4 0 0 3 2 4 4 1 3 1 2 1 2 4 2 1 2 3 2 2 3 2 3 2 2 2 1 2 1 2 3 2 0 2 2 2 2 3 1 4 0 3 2 6 1 3 0 2 1 0 1 1 4 0 2 3 1 0 3 6 1 2 0 0 4 0 1 0 2 2 2 2 0 1 4 1 0 2 4 1 3 0 0 2 4 0 0 1 6 1 3 1 2 1 2 2 1 1 0 2 2 2 3 1 0 2 3 3 6 3 2 3 1 1 2 1 2 2 3 0 4 1 1 1 4 4 0 2 1 0 3 3 3 2 4 4 0 2 1 3 2 4 2 1 0 1 0 1 4 4 2 2 2 2 1 2 3 2 5 3 0 4 0 3 2 3 1 3 0 1 3 0 2 2 4 3 1 2 0 3 0 7 1 0 3 2 2 1 0 2 2 2 2 1 3 1 5 3 3 1 0 1 0 2 3 4 3 4 1 2 2 3 4 0 0 1 1 1 1 2 3 2 3 0 1 1 1 4 5 2 2 4 1 2 3 2 3 1 4 0 2 1 1 5 0 3 1 4 0 3 2 2 3 3 4 4 3 2 0 1 3 2 3 1 2 3 1 2 0 4 0 2 3 3 1 1 1 3 3 3 0 0 2 0 0 1 3 3 2 3 0 5 0 2 1 3 0 3 1 3 3 2 3 3 0 0 0 3 2 3 3 2 3 1 3 1 6 0 0 2 3 6 2 2 3 3 1 1 2 0 3 3 0 2 2 4 1 2 3 0 4 1 0 2 1 5 1 0 2 2 1 0 2 1 2 4 3 3 0 3 2 0 2 1 1 1 3 3 1 2 1 0 5 0 2 1 2 3 1 3 5 2 2 3 3 3 2 4 2 0 1 1 2 4 1 2 3 3 2 2 0 0 1 3 4 1 0 3 3 2 0 1 0 6 0 0 6 2 1 2 1 3 1 2 1 2 3 0 3 0 5 1 3 0 1 2 2 1 2 0 1 2 2 3 2 4 0 1 4 1 3 2 0 0 2 1 3 1 4 2 0 0 1 1 3 1 2 1 6 1 3 0 0 0 1 2 1 3 2 3 5 2 1 3 5 1 1 2 2 1 0 5 1 1 1 1 2 1 1 0 3 5 2 3 3 0 2 2 0 2 4 2 1 1 3 1 1 4 1 1 0 3 0 4 2 0 1 3 0 5 3 1 0 2 1 1 2 4 5 1 0 2 0 2 0 2 1 1 1 3 1 3 0 1 0 2 2 1 1 4 2 0 2 2 1 3 2 2 0 2 4 2 1 3 4 4 1 3 2 2 1 0 1 1 1 4 4 2 2 2 3 3 4 0 2 1 1 2 1 2 2 1 2 3 0 1 3 3 3 1 3 2 2 1 1 2 2 4 1 0 3 0 1 1 1 2 1 2 2 1 4 0 3 0 2 1 2 5 1 0 0 2 2 6 2 0 1 1 1 1 0 0 2 4 0 1 4 1 0 0 2 2 2 1 3 3 1 2 3 3 1 1 2 2 3 3 3 3 4 0 2 1 4 1 6 0 0 1 2 0 2 1 4 1 0 3 0 2 1 0 1 2 4 0 1 2 1 1 2 1 2 4 3 2 1 1 3 3 2 4 1 1 1 1 2 7 2 2 2 0 4 4 3 3 4 0 1 1 2 4 1 2 2 2 1 3 3 1 1 0 2 1 2 2 1 3 2 1 0 3 1 2 1 1 4 1 1 2 2 2 2 3 0 4 2 0 0 1 2 3 4 3 2 2 1 1 3 2 6 2 2 1 1 0 3 4 2 2 2 2 0 2 3 3 4 0 1 1 1 2 2 0 3 4 1 2 3 2 0 1 3 1 1 0 2 0 1 3 2 1 2 2 3 1 1 0 0 1 5 2 0 1 2 2 2 1 2 4 1 1 4 1 1 0 2 3 1 4 2 1 4 2 1 0 4 1 3 2 1 0 1 2 1 3 4 1 2 1 0 0 2 1 3 1 0 2 1 3 3 1 3 3 2 2 1 3 3 1 2 1 0 2 0 0 2 2 2 0 3 2 1 1 3 1 4 3 4 4 2 0 4 0 3 3 2 2 1 2 1 1 2 1 2 1 1 0 3 2 0 1 6 2 3 2 0 1 3 1 2 2 1 0 3 2 4 0 4 0 2 3 1 1 1 4 3 4 4 2 3 0 0 4 3 0 4 2 2 1 0 2 0 2 1 2 2 2 4 1 9 2 3 1 1 3 1 0 1 3 2 1 3 3 3 1 6 3 0 2 1 2 2 2 3 2 3 1 1 4 0 2 2 3 1 2 2 1 0 4 3 3 4 2 1 3 2 1 1 2 0 2 3 0 0 2 0 2 4 2 2 2 0 3 3 1 3 2 5 1 2 2 2 0 2 0 1 3 1 4 1 2 1 1 2 2 1 1 1 0 2 0 4 2 1 2 1 0 0 4 6 4 3 2 3 3 2 2 0 0 3 2 3 2 0 0 2 2 2 0 4 0 1 4 2 0 1 4 3 0 4 1 4 0 1 0 2 1 1 2 4 2 0 3 2 0 4 2 0 5 1 3 2 2 3 2 2 0 2 1 2 2 1 1 2 0 4 1 1 0 1 3 2 2 2 4 2 1 3 3 5 1 4 3 3 2 1 2 0 3 1 2 2 1 1 5 3 5 1 2 1 2 1 3 2 3 2 2 3 3 1 5 0 3 0 2 0 2 1 2 1 2 1 2 0 3 0 2 4 1 1 3 2 0 1 1 4 3 1 0 5 2 3 2 4 2 1 0 4 1 4 1 2 2 1 4 0 3 2 0 3 3 2 1 3 0 1 6 1 2 1 1 3 2 0 2 2 0 3 3 3 0 1 1 0 3 0 4 0 3 6 0 2 0 2 0 1 1 4 7 0 2 1 1 0 3 3 1 1 2 3 2 2 3 1 0 2 2 2 1 3 0 2 3 1 1 1 1 2 1 1 1 5 4 1 2 2 3 3 2 2 2 3 1 3 1 1 5 3 2 2 4 3 3 0 2 3 1 0 4 1 2 1 3 2 1 1 4 3 1 0 3 4 2 3 0 0 1 1 1 2 3 1 0 2 1 0 2 3 0 3 1 1 3 3 2 1 2 1 1 3 0 4 1 0 2 1 1 3 0 2 3 0 5 1 2 2 4 3 3 1 0 1 2 2 0 5 1 2 2 2 4 1 3 0 1 2 1 2 3 2 4 0 2 2 2 2 1 3 1 3 3 1 2 2 4 1 1 5 1 0 1 2 1 2 3 1 1 1 0 2 1 1 2 1 0 2 2 1 0 4 5 1 1 3 3 4 1 2 4 4 1 3 3 7 1 1 2 2 0 1 1 1 1 4 1 3 2 5 0 2 0 2 0 4 3 2 2 4 1 2 4 2 3 0 1 3 2 1 2 3 0 2 1 2 1 4 3 0 0 3 4 2 2 1 0 0 0 2 4 5 3 1 4 2 1 1 2 0 2 1 0 5 1 1 1 1 2 8 1 1 1 3 3 4 2 3 2 3 1 2 3 1 4 1 4 1 1 2 2 1 3 1 4 1 1 2 0 3 0 0 3 1 3 3 4 0 0 1 0 2 0 3 1 1 1 4 2 2 1 1 2 0 2 3 3 2 1 1 1 2 1 5 1 1 2 1 2 4 2 0 3 2 1 0 2 3 0 1 1 0 1 4 3 2 1 1 3 1 1 3 0 1 0 1 3 3 2 4 3 1 0 2 2 1 1 0 2 3 1 1 6 5 4 1 2 0 2 0 3 3 5 2 3 3 3 2 2 1 0 0 2 2 3 1 2 3 1 1 1 5 2 3 2 2 2 2 3 2 0 2 1 4 2 4 2 3 0 2 1 3 1 0 0 1 2 2 4 1 2 1 3 5 1 1 1 2 2 3 4 1 1 0 1 2 7 1 0 1 1 1 2 3 6 2 1 3 0 1 1 0 2 0 3 1 1 1 2 1 1 4 2 2 1 1 2 1 0 1 2 3 3 2 3 4 2 2 3 2 2 1 3 2 0 4 4 2 2 1 1 0 1 2 2 1 4 2 3 3 1 3 3 2 0 2 2 5 6 1 3 0 2 0 2 3 0 2 3 5 4 4 2 1 2 2 1 1 3 2 1 1 3 0 2 3 2 3 2 2 1 0 0 1 0 2 3 1 1 1 1 6 0 1 0 3 5 4 2 1 0 1 1 0 1 3 1 2 2 4 2 1 0 0 2 0 4 1 4 0 3 2 0 4 4 0 2 1 2 0 3 1 0 0 4 1 3 0 4 2 2 2 3 3 1 1 4 3 1 3 1 5 1 3 1 2 3 2 2 0 3 3 2 3 1 0 3 0 3 3 0 3 3 3 1 1 0 5 6 1 0 2 3 0 5 3 1 1 2 2 0 1 1 4 1 2 0 4 2 5 2 4 1 2 3 3 0 1 5 1 2 2 1 0 1 3 2 2 3 0 4 2 1 1 2 1 1 1 2 2 4 0 1 2 4 1 2 2 2 2 0 2 1 0 2 3 4 1 5 1 2 2 1 4 3 2 1 0 1 4 0 2 1 4 1 2 1 3 2 2 2 3 3 4 4 1 2 0 2 0 3 2 1 2 2 3 2 5 1 0 3 5 1 2 2 2 2 2 4 3 3 0 1 0 0 2 3 3 2 1 7 1 3 2 0 1 2 2 0 2 3 3 1 4 5 1 3 4 2 1 2 4 0 1 3 2 4 1 3 2 4 1 1 2 1 2 0 4 2 1 0 1 2 5 1 4 2 4 3 0 2 0 2 0 2 1 1 8 0 1 1 1 5 1 3 1 1 4 4 5 4 2 4 2 2 1 1 0 3 0 4 3 1 4 3 0 1 3 3 6 0 2 3 2 1 1 1 1 2 2 4 6 0 5 1 3 2 1 4 1 1 1 4 2 5 2 0 1 0 1 2 0 1 6 2 1 1 0 3 3 2 1 2 3 3 1 3 2 3 6 0 1 3 0 2 4 4 2 2 3 3 1 0 1 3 3 1 0 1 4 1 1 1 0 1 2 3 1 4 2 1 3 2 3 3 0 2 1 4 1 2 1 1 1 0 0 3 2 6 2 1 1 4 0 1 3 3 0 0 3 2 5 2 1 2 2 1 2 1 1 2 1 1 5 0 2 2 2 1 2 0 3 4 0 1 1 2 4 1 1 1 4 3 0 5 3 3 0 1 2 4 3 2 2 3 4 2 2 1 1 0 4 2 1 3 2 2 2 2 1 2 0 3 1 1 1 3 2 2 1 1 2 4 5 2 3 2 1 1 1 1 2 2 9 3 5 1 1 0 4 0 0 1 5 3 1 1 1 5 3 3 3 2 1 1 1 5 2 2 0 5 0 4 2 1 2 1 4 1 3 1 4 0 4 2 2 2 0 0 1 3 1 2 2 4 2 3 0 3 6 1 1 5 0 3 0 2 3 2 3 3 2 2 1 0 1 4 2 1 1 4 1 2 2 2 1 2 4 2 0 2 2 1 3 2 3 2 0 1 2 1 2 1 4 1 3 2 0 1 1 3 2 2 3 1 1 2 1 1 1 1 2 0 1 4 1 1 5 0 1 3 2 1 3 2 3 2 3 2 0 1 1 3 0 5 1 2 2 1 1 2 6 1 1 1 2 3 1 2 2 1 3 2 2 1 0 1 2 4 2 2 2 3 1 1 2 6 1 1 2 0 0 3 6 1 0 3 2 1 4 3 2 1 2 1 3 1 2 3 2 2 3 2 2 3 0 2 3 0 3 2 3 1 3 3 0 6 0 3 2 0 0 3 1 2 3 1 1 0 4 0 1 1 5 1 2 0 4 3 1 3 2 2 0 2 4 1 1 1 3 2 2 3 2 1 4 1 3 2 0 1 3 4 1 3 2 0 3 3 3 4 4 1 2 2 1 1 1 3 1 1 2 1 0 1 4 3 2 3 1 1 3 1 5 0 3 3 3 1 1 2 1 2 2 3 0 0 2 1 6 2 0 5 2 3 0 2 0 1 2 1 3 2 1 1 3 3 2 5 1 1 5 0 3 0 0 4 0 2 3 3 0 0 0 2 2 2 3 3 1 4 2 1 1 2 2 1 4 0 1 3 0 5 1 1 2 2 1 1 4 4 2 3 3 1 2 4 0 0 1 2 3 1 3 2 5 1 0 3 0 1 1 5 2 1 4 5 3 2 2 1 4 1 2 2 2 1 3 3 2 5 0 0 0 0 5 0 2 4 3 1 2 1 3 3 3 2 2 0 3 4 2 0 1 1 2 2 5 2 2 1 1 1 1 2 3 2 3 1 1 7 0 4 0 1 2 1 2 4 1 0 0 1 4 3 0 3 2 2 4 2 2 3 5 3 1 3 2 0 4 4 1 0 1 3 6 2 1 1 2 1 3 4 2 2 2 4 2 0 0 2 2 2 1 0 4 2 2 4 3 4 3 0 0 1 3 1 1 2 1 4 3 0 3 1 3 1 3 2 3 0 1 3 4 2 2 1 1 5 3 4 2 2 0 0 2 3 1 3 2 2 2 3 0 1 1 4 0 2 0 0 1 2 0 0 1 1 1 4 1 5 0 0 1 2 1 2 3 2 0 2 1 1 3 2 0 1 1 2 2 2 0 4 3 1 2 2 2 3 3 0 2 2 3 1 3 0 2 1 5 1 1 1 3 1 2 2 4 0 2 1 1 2 1 1 2 0 4 1 0 3 0 1 3 1 3 2 0 1 1 0 1 1 3 2 2 5 1 0 1 1 2 2 3 2 2 3 4 1 3 2 4 2 3 5 1 1 0 1 1 1 5 4 3 0 3 3 0 2 0 2 1 1 3 0 3 4 3 1 1 1 3 2 2 2 0 4 3 3 1 1 1 2 2 1 4 2 4 1 0 2 0 4 3 3 2 0 2 4 0 2 4 0 4 1 3 2 1 2 1 3 1 1 1 4 1 4 3 0 1 0 1 4 1 5 0 1 0 5 2 3 1 2 4 3 1 0 1 2 2 1 1 2 5 2 0 2 7 6 0 2 1 1 2 1 3 2 2 3 4 2 2 0 1 4 1 1 4 4 2 2 5 2 3 0 2 1 4 3 3 1 1 3 3 0 5 2 2 2 3 1 0 2 1 3 2 1 6 2 1 0 3 3 1 4 1 3 1 1 3 0 3 4 2 3 2 0 0 1 1 1 3 0 1 4 1 5 4 3 2 1 2 3 2 2 1 2 3 5 2 3 1 2 3 3 1 4 2 1 2 2 3 3 1 3 4 1 3 3 0 1 0 3 1 1 2 2 1 3 3 3 2 3 1 3 2 2 0 0 2 2 4 1 2 2 1 3 1 2 0 3 2 2 1 1 4 3 0 4 1 4 3 4 4 1 3 0 2 1 2 2 1 2 2 0 1 2 1 1 3 2 1 4 1 3 3 4 2 3 1 2 2 3 2 2 5 4 2 0 2 3 1 4 2 1 2 1 1 1 0 1 2 3 1 2 1 1 2 1 3 1 1 1 4 0 1 3 3 0 1 0 2 0 3 4 2 2 0 5 1 2 1 1 4 2 1 2 0 6 5 2 2 1 3 2 2 3 0 5 2 1 0 1 0 2 2 1 2 3 0 4 3 1 4 2 2 4 2 1 2 1 3 1 0 2 1 1 3 0 2 5 3 0 1 2 2 3 0 2 3 4 1 2 2 4 5 1 3 1 2 3 0 1 2 2 3 3 1 2 1 0 3 4 3 3 1 0 2 2 1 4 1 4 4 1 3 2 5 1 0 1 2 2 1 3 2 3 2 4 2 5 2 1 1 0 4 3 3 3 1 1 1 0 2 0 2 2 1 1 5 1 5 2 2 2 2 0 3 4 1 2 1 3 2 4 1 1 2 2 1 3 0 2 2 2 1 1 1 2 1 5 2 5 1 3 1 2 1 1 2 3 5 2 1 2 3 0 1 1 0 3 1 2 1 0 1 1 3 1 1 1 6 3 3 2 2 3 3 0 0 2 1 2 6 1 3 1 0 2 4 2 3 2 2 1 1 1 2 2 4 3 3 1 2 2 0 2 2 2 1 4 2 1 3 1 2 0 2 2 1 4 1 1 1 2 1 2 2 3 2 2 0 3 3 1 3 3 0 0 3 2 0 0 0 2 2 2 1 3 2 2 1 3 1 1 3 1 0 0 6 1 1 1 5 0 0 0 2 3 0 3 1 5 1 3 1 1 2 0 3 3 1 0 0 2 1 5 3 3 1 3 4 3 1 2 1 4 0 1 1 1 2 4 1 1 2 2 1 1 2 2 0 0 0 1 2 3 1 4 2 1 0 1 2 2 3 3 1 3 1 1 2 3 0 1 3 0 3 2 2 1 1 0 1 4 1 1 3 2 3 2 1 2 1 3 2 4 2 1 2 2 1 3 3 4 7 1 1 2 2 1 0 2 2 1 3 3 3 1 4 3 3 1 1 2 1 1 1 1 1 3 2 2 3 4 3 1 1 1 1 2 0 5 2 4 0 2 0 1 3 0 2 1 4 2 3 2 0 1 1 0 1 5 2 1 5 1 2 2 3 3 1 2 1 1 2 1 1 2 3 2 2 1 1 1 1 3 5 1 0 2 3 4 0 0 2 4 5 1 1 3 2 2 3 3 1 0 2 3 2 1 0 2 4 2 1 1 4 2 1 2 4 2 2 3 0 3 1 2 1 2 1 2 2 3 3 0 1 6 1 1 1 3 1 2 4 0 2 1 3 7 1 2 1 3 0 2 4 3 3 1 1 1 0 0 2 6 3 2 2 1 0 1 4 3 2 3 1 3 3 1 0 1 0 2 2 2 0 1 1 2 2 1 3 2 5 1 0 2 2 1 2 2 0 1 2 1 1 0 0 2 3 3 1 4 2 0 0 0 0 4 1 5 2 0 3 2 3 0 2 3 4 2 2 1 2 3 2 1 3 1 3 1 2 3 4 1 1 3 2 2 1 1 3 0 3 1 1 1 2 1 3 0 4 0 3 2 1 1 1 3 2 1 3 1 1 1 3 3 0 2 2 1 4 3 2 1 2 2 4 2 2 3 4 3 1 1 1 2 1 7 0 3 2 2 0 3 3 2 3 2 1 0 2 2 6 2 0 0 2 3 1 6 3 2 3 3 5 1 0 2 0 5 1 3 1 4 0 0 1 4 3 2 2 3 2 3 1 3 0 2 1 2 2 1 1 3 1 3 4 3 2 3 1 1 3 3 3 2 0 0 2 2 1 0 5 4 3 3 0 2 1 4 2 1 1 3 1 3 2 1 4 3 1 1 0 0 1 4 2 3 0 0 3 1 1 4 1 2 0 0 1 3 0 1 1 3 1 4 0 2 2 3 1 0 0 2 0 2 4 3 2 4 1 1 0 4 3 0 0 3 3 0 0 1 0 5 3 1 2 5 3 2 1 2 3 2 3 3 1 2 0 2 1 2 1 0 3 0 6 3 4 0 2 3 1 4 1 2 3 1 0 2 0 6 0 2 1 4 3 2 3 2 2 0 0 2 5 2 4 1 2 1 1 0 1 1 1 1 0 4 3 2 3 3 2 2 1 1 2 1 2 0 1 1 3 1 3 1 2 3 4 2 3 1 1 2 1 3 0 1 4 1 4 2 0 1 2 3 3 4 0 2 5 1 2 1 2 3 1 3 0 1 0 1 4 1 5 2 2 1 2 5 0 3 5 1 5 2 1 2 2 2 1 2 1 3 3 1 2 3 3 1 0 2 1 0 3 0 6 4 3 1 3 1 2 2 1 3 3 2 1 5 2 2 4 0 5 1 3 2 1 0 0 3 2 2 2 5 2 3 1 3 3 1 0 1 1 2 2 2 2 1 0 1 2 1 1 2 2 1 3 0 4 1 2 4 2 2 2 3 1 2 2 3 2 1 4 2 2 0 2 1 3 3 3 1 3 2 0 1 1 3 2 1 4 0 1 3 1 1 1 0 1 4 2 3 1 4 6 1 0 2 0 1 1 2 1 2 4 1 3 2 0 1 1 1 0 0 1 3 2 1 4 2 4 4 2 1 2 3 0 1 5 1 1 1 2 4 1 1 0 3 2 0 0 0 4 2 4 0 3 2 1 1 0 2 2 0 3 3 2 3 3 0 3 3 2 3 3 0 0 2 3 1 1 5 3 1 1 2 2 3 2 4 2 3 2 3 1 1 2 1 1 1 0 1 4 1 4 1 2 0 2 3 5 3 6 2 0 1 1 3 1 1 2 0 1 3 3 6 1 3 1 1 1 2 4 0 1 1 2 1 4 1 1 1 4 3 1 1 2 1 0 4 2 0 5 5 0 2 4 2 1 3 2 3 1 1 1 5 1 2 3 0 2 1 2 2 1 4 2 2 3 2 1 2 2 0 2 2 2 1 0 1 3 3 3 1 4 4 1 1 0 2 3 1 2 3 4 2 1 2 1 0 1 2 3 2 1 6 0 0 3 2 3 1 1 1 2 1 1 2 1 1 2 2 1 3 1 1 2 2 2 2 2 1 4 1 2 1 2 2 2 1 3 1 3 1 1 2 2 6 3 1 1 1 0 3 1 5 0 3 4 2 1 1 2 1 4 2 5 3 2 1 0 2 1 4 4 2 2 3 4 1 1 3 2 2 3 1 1 5 3 3 2 3 2 2 2 2 3 1 1 3 2 1 0 0 0 3 3 2 4 1 4 2 2 3 5 2 1 1 1 4 1 3 2 4 3 2 5 2 2 2 3 1 2 0 2 2 4 2 2 1 1 0 2 2 2 4 0 2 5 0 3 1 4 1 0 0 1 4 1 1 1 1 2 3 3 2 0 1 3 3 1 3 2 1 1 5 3 0 0 6 5 1 1 0 0 4 2 7 4 2 3 2 2 3 0 2 1 1 3 3 4 3 2 0 4 0 2 2 1 2 1 3 4 2 2 3 3 1 4 2 1 0 0 2 1 1 2 4 1 3 1 2 1 3 1 3 0 0 3 4 0 1 0 1 2 5 2 3 2 1 2 0 1 1 2 3 1 2 2 1 3 2 3 2 3 0 0 1 1 2 3 3 3 6 0 2 0 1 2 2 4 2 5 1 2 2 2 1 2 2 1 2 2 3 2 2 1 1 4 4 1 2 0 4 2 0 1 2 1 3 2 2 1 3 2 3 2 3 4 2 1 0 2 3 3 1 3 1 0 1 2 1 1 1 2 3 1 1 3 2 3 1 1 3 1 2 0 5 2 0 2 3 1 2 3 5 3 1 4 0 2 3 3 2 2 0 3 1 4 0 2 1 3 0 2 2 0 2 6 5 1 1 3 1 2 1 3 1 0 2 1 5 4 3 1 0 3 1 2 2 4 0 1 5 0 3 0 1 2 1 2 3 3 0 0 1 3 1 2 4 4 1 2 2 2 0 0 1 1 5 3 0 1 1 3 4 2 0 2 2 1 1 3 0 1 5 3 0 1 1 1 3 0 2 3 5 2 4 1 2 1 3 1 3 2 2 2 3 1 2 0 3 3 2 1 2 3 2 2 0 3 3 5 3 2 2 1 1 2 3 0 0 2 2 3 4 7 0 4 1 2 4 1 2 3 1 0 2 3 0 3 2 4 1 2 1 2 1 1 5 3 2 2 3 2 5 2 0 0 1 3 3 1 1 0 2 0 4 1 1 2 1 2 1 6 2 3 2 2 1 3 1 0 4 2 3 1 1 3 1 2 4 2 2 5 4 3 2 2 1 3 1 2 1 4 2 2 0 1 1 3 1 3 2 1 1 3 1 0 1 2 1 2 3 3 3 0 1 2 0 0 1 0 4 0 2 0 2 1 3 3 1 1 1 2 2 1 2 2 3 0 2 2 3 5 1 0 1 3 1 3 1 1 1 0 0 2 4 6 3 1 1 1 1 1 0 4 2 4 0 3 3 1 2 2 1 2 3 3 2 0 2 1 2 1 4 3 3 1 0 1 3 0 1 1 4 0 1 4 1 0 1 3 0 6 0 2 0 4 4 1 2 1 2 1 0 0 2 1 1 3 0 1 2 1 2 2 2 2 1 1 2 2 2 3 0 4 1 1 3 1 3 2 0 1 2 4 3 0 3 0 5 2 2 3 3 2 0 1 2 3 2 3 2 1 2 0 3 2 2 2 3 3 0 1 2 0 0 3 1 1 2 2 2 2 1 2 0 4 5 3 1 3 2 4 2 2 3 1 1 1 0 3 2 0 1 1 1 1 3 0 4 6 0 4 1 0 0 0 3 1 4 2 1 3 6 1 1 3 4 2 2 1 3 0 2 3 4 1 1 3 4 2 2 4 1 3 1 2 1 2 1 6 1 2 4 0 4 1 3 3 2 1 0 2 2 1 0 2 1 4 3 2 0 2 2 2 1 3 0 0 4 0 3 1 2 2 3 1 4 5 3 2 1 2 3 2 2 1 5 3 3 2 0 0 1 1 5 1 3 0 0 2 2 1 2 2 3 0 3 5 1 5 1 2 1 2 1 3 0 1 2 0 3 4 4 0 2 1 2 2 1 2 2 3 4 0 0 3 3 2 3 5 2 0 0 1 2 2 2 0 4 3 3 1 1 0 0 2 3 4 2 2 1 1 1 2 3 3 2 3 0 1 0 1 1 4 0 1 3 4 2 4 2 0 4 3 3 2 1 1 1 2 2 4 2 2 1 2 1 1 3 3 3 3 3 1 1 1 0 2 3 1 1 0 1 1 1 3 1 5 1 1 2 2 1 2 6 4 0 2 2 2 2 4 1 2 3 2 1 1 5 1 2 1 4 0 1 2 1 4 3 1 2 2 3 5 3 4 5 3 1 2 3 0 1 0 3 2 0 0 0 4 0 2 1 2 0 2 0 3 4 1 2 2 3 0 2 3 0 0 2 2 1 3 5 2 4 2 1 3 1 0 0 2 3 2 2 2 2 4 0 3 4 2 2 2 3 2 0 4 1 1 0 2 0 3 2 2 2 2 3 1 3 2 2 1 2 1 0 1 3 1 1 2 1 0 2 5 2 0 7 0 3 2 0 3 3 1 0 1 5 1 5 4 1 3 0 2 3 2 2 0 3 2 3 2 2 1 0 3 1 2 1 1 2 1 2 2 2 0 2 1 1 1 2 1 0 2 3 2 3 2 0 1 2 1 2 1 0 1 5 4 6 1 1 3 3 1 1 4 0 3 0 0 3 0 0 1 4 1 1 4 1 0 0 4 1 3 2 2 3 3 0 1 1 1 4 0 1 1 1 4 5 5 0 2 1 1 3 0 3 3 0 1 4 2 2 1 4 0 3 2 2 0 3 1 3 1 1 5 0 1 3 4 0 3 1 3 0 0 3 4 0 5 1 2 1 4 4 3 2 0 2 2 0 4 4 1 7 6 3 0 1 0 0 3 1 3 2 1 2 1 0 1 1 4 3 2 0 3 3 1 3 3 3 1 2 2 1 0 0 2 1 3 1 3 2 2 1 3 1 3 2 0 3 2 2 2 3 0 3 4 2 1 1 3 0 2 0 1 3 4 1 0 4 0 1 0 2 4 1 0 0 2 3 2 2 2 2 0 3 1 5 3 1 2 0 1 3 2 1 0 2 3 3 1 1 3 4 1 3 4 2 1 2 2 2 1 5 0 2 1 1 3 2 2 1 2 2 3 0 0 3 0 2 0 4 5 3 2 3 0 0 2 2 1 2 3 2 2 2 3 1 0 0 1 2 3 2 2 2 2 5 4 1 2 2 0 1 4 0 6 1 3 0 3 0 1 4 1 3 6 1 0 1 0 3 3 2 3 0 0 2 3 1 3 2 1 3 3 1 1 4 2 3 1 2 2 1 1 3 3 4 3 1 1 1 2 3 2 5 2 5 3 2 1 2 2 3 0 2 0 4 2 0 4 1 1 1 2 5 2 2 3 3 2 2 1 4 0 2 0 2 0 3 3 1 1 3 1 1 2 4 2 2 3 1 1 1 0 1 2 0 0 1 5 1 0 2 4 2 0 2 1 2 1 0 4 0 3 0 4 1 2 2 2 0 2 1 3 4 2 1 1 3 1 1 1 2 3 2 1 2 3 3 4 3 1 3 0 1 1 1 0 2 2 4 1 3 1 4 2 2 0 2 0 3 1 4 3 2 2 2 1 1 2 1 2 1 3 2 2 2 1 2 1 1 1 1 4 5 3 1 1 3 0 1 3 1 3 3 4 2 2 3 2 2 0 2 3 0 2 3 2 1 1 0 6 2 0 4 1 0 2 1 4 1 1 1 1 0 3 3 3 0 3 2 2 2 2 2 3 3 0 1 2 3 3 2 0 1 2 3 3 2 2 1 3 2 1 1 3 1 2 2 3 1 4 3 3 2 2 2 2 1 0 3 2 2 1 2 3 3 3 1 2 3 4 0 4 0 2 1 1 2 1 3 2 1 2 2 5 1 2 4 0 2 1 2 4 3 2 0 4 3 1 4 1 0 1 0 3 3 1 1 2 2 2 3 1 0 2 0 4 3 3 2 0 0 1 1 2 2 1 4 0 2 4 0 2 1 1 3 1 2 1 0 2 1 4 1 1 1 2 1 2 2 2 1 2 2 1 0 2 0 1 3 4 3 1 1 3 2 1 3 1 1 2 1 0 2 2 3 1 4 1 3 2 1 1 2 0 3 1 4 2 4 0 1 3 3 3 1 0 3 2 2 7 2 0 0 2 1 3 0 1 2 2 2 4 3 3 1 2 4 3 2 2 2 2 3 0 1 2 3 1 1 3 1 2 3 1 2 1 2 1 0 2 3 4 2 2 2 3 0 0 3 2 2 2 1 2 2 1 2 2 0 3 2 1 0 1 3 1 3 1 2 1 2 0 2 1 4 3 1 3 2 1 5 1 2 1 4 1 4 3 2 1 3 1 3 2 1 1 4 1 0 2 1 3 0 2 2 2 2 1 1 4 0 1 1 2 0 1 6 0 1 2 2 1 6 2 2 5 4 2 3 1 1 0 2 0 2 4 2 2 3 3 2 3 3 0 1 4 0 4 3 4 2 0 1 1 0 3 5 0 1 1 0 2 3 3 0 5 3 3 0 2 2 4 1 1 1 1 2 2 0 2 1 3 1 1 0 1 2 2 3 3 1 0 3 1 0 1 1 1 1 3 1 1 4 6 1 2 1 1 2 0 0 3 2 2 2 2 0 2 2 3 3 0 1 1 4 2 0 0 3 3 2 3 2 6 3 1 1 3 3 5 1 1 0 1 2 0 6 2 2 2 2 3 1 0 2 4 2 3 3 0 2 0 2 1 1 0 4 0 2 0 2 2 3 0 0 4 2 1 3 3 3 4 0 2 2 1 3 2 5 2 2 1 3 2 5 1 1 2 2 5 2 3 2 2 1 2 4 0 3 0 1 1 1 0 4 4 4 3 2 1 0 3 1 3 1 2 4 2 2 2 1 5 1 1 1 2 2 3 1 1 2 3 4 1 2 2 1 2 1 2 0 2 3 1 3 4 1 2 2 4 3 1 0 2 2 0 3 2 3 1 4 1 0 5 2 2 0 0 4 0 1 4 3 0 0 1 1 1 5 2 3 4 1 3 1 0 0 7 2 1 5 0 1 1 2 3 3 3 4 0 3 0 3 2 3 2 2 2 1 0 1 3 1 4 2 1 4 2 1 2 0 2 2 6 2 0 2 0 2 1 4 1 2 1 3 1 5 2 2 0 1 1 5 1 0 3 0 1 1 1 4 3 2 1 3 2 0 4 2 1 3 1 0 2 2 2 1 1 4 2 0 2 5 1 1 2 1 1 2 2 0 4 1 3 1 2 1 0 2 2 0 2 4 3 2 0 3 2 4 2 1 4 1 3 0 6 0 1 2 0 0 1 1 0 2 4 1 5 1 1 3 2 5 3 1 1 1 2 1 0 3 0 0 4 2 1 1 4 3 3 3 2 2 2 0 0 3 3 3 1 2 4 1 0 7 0 3 3 1 5 3 3 1 3 3 1 0 4 4 2 2 2 0 0 3 2 5 3 2 1 2 3 1 1 2 2 3 2 2 5 1 2 2 2 1 4 1 1 1 2 3 4 2 2 3 2 3 1 1 2 2 1 5 3 2 1 4 0 3 1 1 1 1 3 3 2 1 2 2 0 5 0 4 2 3 2 1 2 3 1 0 2 3 1 2 2 1 0 2 3 5 1 3 3 1 2 4 1 1 1 4 1 1 2 2 3 2 1 3 2 2 3 1 1 2 0 4 3 3 1 4 2 2 2 2 2 0 4 0 5 1 2 1 2 2 5 4 0 4 0 0 0 2 2 0 0 1 1 0 2 2 2 2 3 2 1 0 3 0 2 2 2 1 4 4 0 1 3 1 0 1 1 4 2 1 2 0 4 1 4 2 1 2 0 0 1 0 1 2 1 3 0 2 0 2 1 2 6 2 3 0 3 2 1 2 1 1 0 1 2 0 1 5 2 5 3 3 3 2 3 2 1 2 0 1 3 4 1 4 2 1 2 1 2 3 1 2 2 2 3 4 3 2 1 2 1 0 7 0 1 3 2 3 2 1 2 2 3 1 5 2 1 2 1 3 4 3 1 0 0 2 1 1 4 5 3 0 5 3 0 2 4 1 3 2 2 2 1 0 1 3 0 1 1 1 3 3 3 0 0 1 2 3 1 2 3 0 2 3 4 3 5 1 1 0 1 2 5 2 0 3 2 3 2 2 2 1 2 1 2 3 1 2 3 1 2 0 2 1 3 3 4 2 1 3 4 1 0 0 2 3 2 2 5 0 4 0 4 2 1 2 0 5 2 0 2 2 0 3 1 2 1 3 3 3 1 4 2 2 2 2 2 1 1 0 2 0 2 2 0 4 0 2 2 3 1 3 1 1 1 4 1 0 0 1 2 1 1 1 3 2 2 3 4 2 1 1 2 5 2 2 2 2 0 1 0 0 1 4 2 2 1 1 3 1 4 0 1 3 2 3 1 2 0 5 3 2 2 3 2 1 3 1 3 7 1 0 2 2 0 0 4 3 4 1 3 2 3 2 1 3 3 1 4 1 2 3 1 3 3 1 3 1 2 2 3 1 2 2 5 1 4 2 1 1 4 2 1 1 2 2 0 1 3 4 2 1 2 2 3 0 0 3 0 0 3 0 2 3 2 1 6 1 0 4 4 2 4 3 1 1 0 2 1 2 3 0 2 2 3 1 2 2 3 5 1 5 3 1 0 3 1 3 2 1 0 2 1 3 0 1 3 5 0 1 4 3 3 1 2 0 2 1 2 3 3 1 1 1 4 0 0 2 4 3 3 2 2 2 2 1 1 1 2 2 0 1 0 2 5 1 3 2 2 4 3 3 1 0 1 2 2 2 3 0 2 2 4 1 3 1 1 3 1 2 2 2 2 3 0 1 3 2 3 2 2 1 2 1 4 1 2 1 3 2 3 6 1 0 2 2 3 4 2 0 2 2 2 1 1 1 0 1 3 3 0 0 2 1 3 1 0 4 1 1 2 1 2 1 4 3 2 1 7 2 1 1 0 2 2 2 1 2 4 1 1 2 1 3 3 4 1 2 0 3 2 4 1 3 3 1 0 1 1 2 0 3 1 1 2 1 0 1 1 0 0 1 2 2 1 6 1 1 4 3 2 0 4 1 1 3 1 1 3 3 2 1 1 4 2 0 3 1 3 2 1 1 2 7 1 2 1 1 2 3 2 5 1 2 2 2 1 3 1 2 1 2 2 3 0 3 3 1 3 1 1 2 0 2 1 2 1 1 1 0 3 4 2 1 4 1 0 2 1 1 3 3 3 1 2 1 0 5 1 1 0 2 1 2 2 1 5 2 6 1 3 1 1 1 3 1 1 1 2 0 1 0 1 2 5 3 2 3 4 2 1 2 2 1 1 4 5 0 2 1 3 2 0 5 2 3 0 4 0 0 3 7 0 5 0 2 2 3 2 0 2 1 1 3 3 2 1 3 1 1 1 3 2 1 1 1 3 5 1 3 1 1 3 1 1 1 4 1 4 3 1 0 2 2 3 5 1 1 1 1 3 3 2 2 2 1 1 2 1 2 0 2 2 4 2 2 0 1 4 2 0 0 3 2 1 0 2 2 3 1 3 1 1 2 1 1 5 3 4 4 2 1 2 0 4 1 1 2 2 2 4 2 1 2 1 0 2 3 2 3 0 4 4 1 2 4 2 3 0 1 2 1 3 3 0 0 4 1 3 2 1 0 7 0 0 1 2 3 2 1 3 3 1 0 3 2 1 0 2 5 1 1 1 3 6 1 0 0 0 0 1 2 1 4 4 3 5 1 1 0 3 3 2 5 4 1 4 2 2 4 2 2 1 3 2 1 3 2 3 0 1 1 0 0 1 2 3 2 2 2 1 2 3 5 3 0 2 3 3 2 3 0 1 2 3 3 1 3 2 2 0 3 3 5 0 1 4 4 3 4 0 1 1 2 4 2 2 1 2 1 5 3 3 1 0 6 0 0 1 1 3 5 2 3 2 1 6 2 1 1 1 1 2 1 2 5 3 1 1 1 2 3 1 0 1 3 2 1 0 3 1 4 2 2 2 1 3 3 2 1 1 3 2 1 1 2 1 2 5 1 2 1 4 1 2 0 1 3 0 4 1 4 0 5 1 2 0 3 2 2 2 2 4 1 1 2 2 1 1 1 1 0 1 4 2 3 2 0 4 1 1 1 1 0 4 2 1 1 5 3 4 1 2 6 0 0 0 1 0 4 3 2 2 1 2 2 3 0 4 2 4 1 1 3 1 1 1 2 4 1 4 1 1 4 0 1 1 1 2 3 3 0 3 0 1 1 2 3 0 3 1 4 1 0 3 0 2 2 2 4 5 3 1 2 1 2 3 1 1 1 2 4 4 1 2 2 2 7 1 4 5 1 2 3 2 1 3 0 1 1 4 2 3 1 0 0 3 3 1 1 3 3 1 1 4 5 2 3 0 0 2 1 2 2 0 0 1 1 2 3 1 2 2 3 0 2 1 3 0 3 1 3 4 0 0 0 3 3 2 0 1 2 3 1 1 3 3 1 1 1 0 1 3 2 2 2 1 0 3 1 1 0 1 3 1 2 1 3 3 3 1 0 2 7 3 2 2 3 3 1 2 2 2 1 5 0 1 3 0 1 2 1 4 2 1 3 1 3 1 2 2 2 3 0 1 0 3 3 2 2 3 2 1 0 7 2 1 2 4 3 2 2 0 3 3 4 2 5 3 1 1 3 0 2 2 3 1 2 4 1 1 3 1 2 3 1 4 0 2 2 1 4 4 1 2 0 4 0 2 1 0 0 4 2 2 3 1 2 2 1 0 4 4 4 0 1 2 3 1 1 2 1 0 1 2 2 0 0 1 2 2 1 3 3 1 2 4 5 4 4 1 0 2 3 1 2 1 1 4 0 2 3 2 3 4 0 4 3 2 2 1 3 3 3 0 5 3 3 1 0 0 2 5 0 3 4 3 1 3 2 2 1 1 2 1 0 1 2 3 0 3 3 2 2 5 2 3 1 0 0 0 4 1 2 3 0 1 0 2 1 1 1 2 1 2 4 1 3 3 0 3 0 3 1 1 0 6 2 4 1 3 3 2 2 2 2 3 1 2 4 1 2 3 2 7 1 2 2 3 2 0 1 1 2 1 0 1 3 0 2 0 1 1 0 4 3 3 1 3 1 0 1 0 2 2 3 1 1 1 1 2 3 0 3 2 0 0 4 2 0 3 3 1 2 1 0 4 0 0 2 1 4 4 2 1 3 1 4 0 3 5 3 2 1 3 1 2 2 1 3 0 0 4 3 1 2 2 1 2 0 0 0 0 3 2 2 4 1 3 1 5 1 3 1 1 1 2 1 3 4 4 1 2 3 1 0 5 3 1 1 3 0 3 0 0 4 1 0 3 1 1 5 3 3 2 1 3 2 2 4 1 0 2 2 5 2 4 3 2 3 1 1 3 2 0 2 1 4 2 1 1 1 2 1 3 2 0 1 1 4 3 1 1 3 0 4 1 2 0 2 1 5 5 1 2 0 2 3 2 2 4 1 3 1 4 4 3 1 3 1 3 0 2 3 1 3 2 1 0 1 0 3 4 6 1 1 4 3 3 0 4 1 2 2 4 1 0 3 1 1 5 3 2 2 4 1 0 1 2 3 4 2 0 3 0 2 0 1 2 3 0 3 1 1 2 2 1 3 3 1 2 3 1 3 3 1 4 2 1 3 0 1 1 1 2 0 2 1 2 4 2 2 4 0 2 1 0 0 3 1 2 2 3 2 2 4 2 6 3 1 5 1 1 1 5 0 2 2 1 5 1 1 1 0 3 1 2 3 6 0 4 1 2 0 2 0 2 2 2 2 5 2 1 3 0 0 0 1 0 2 1 1 3 1 0 2 4 1 1 3 3 3 2 1 1 5 3 2 2 0 2 1 4 1 0 0 3 0 3 3 3 1 1 3 1 1 2 1 1 7 2 1 2 2 1 3 1 4 2 4 2 1 3 1 1 2 1 6 3 2 5 3 3 1 1 4 2 0 1 1 3 2 2 1 5 3 0 2 2 2 0 2 1 2 1 1 3 2 4 1 1 0 0 5 7 1 2 1 2 1 1 1 2 0 1 2 3 1 0 1 3 3 2 7 2 1 2 0 1 4 2 2 4 2 2 1 3 1 1 1 2 1 1 5 3 2 0 0 5 3 1 2 2 2 3 4 1 4 5 3 1 3 1 0 3 4 1 1 3 0 3 3 1 2 2 3 0 2 4 1 2 4 1 0 0 2 2 1 1 1 0 1 1 2 2 1 2 2 2 1 0 4 5 1 2 2 1 3 2 2 1 1 1 1 3 0 4 1 4 4 3 2 3 1 3 1 1 2 1 1 4 0 2 2 2 1 2 3 0 2 6 3 1 3 0 3 3 1 3 2 1 1 2 1 2 3 4 2 2 2 4 1 1 0 3 2 2 3 3 2 1 0 2 2 1 3 3 0 2 0 2 2 4 4 1 2 1 4 4 2 0 1 3 1 2 1 1 1 1 2 2 2 2 3 2 2 0 1 4 1 3 1 3 0 4 0 2 4 1 2 1 0 3 2 2 2 2 2 3 4 1 1 3 2 0 0 2 2 0 4 3 3 2 1 1 0 0 2 0 4 1 4 1 5 3 5 2 1 2 2 2 0 2 1 5 3 0 3 2 1 3 2 1 1 2 2 1 1 1 2 2 4 1 2 2 0 2 4 0 2 0 2 3 1 5 3 1 2 2 1 2 3 5 1 2 2 1 3 2 3 1 2 2 1 3 1 2 4 3 6 3 0 2 2 3 0 2 1 3 5 3 1 0 3 0 2 2 2 0 0 4 1 2 1 3 2 0 1 6 3 1 0 2 3 3 4 0 4 3 0 1 2 2 3 1 2 2 2 4 2 1 1 1 2 2 1 2 2 3 2 3 2 1 3 0 2 0 4 2 1 6 3 1 7 1 0 1 0 4 4 2 3 1 2 4 3 2 2 2 3 3 0 0 3 3 3 4 1 2 1 2 1 1 2 0 1 1 2 4 3 1 4 1 2 2 1 3 2 4 2 2 0 4 2 3 0 1 3 2 5 3 0 1 3 2 4 1 0 3 1 1 3 3 2 2 1 3 1 1 3 2 1 5 1 1 1 2 1 1 3 2 1 1 1 2 0 1 2 0 4 5 3 2 0 0 2 1 2 5 2 4 2 0 2 1 2 0 1 2 3 1 2 4 3 1 2 3 1 2 3 4 2 3 5 1 1 3 1 2 3 1 0 1 0 4 4 0 2 2 2 3 0 1 0 2 5 4 1 3 1 1 0 0 3 3 2 2 2 1 1 0 3 3 1 2 3 3 2 3 3 1 1 4 0 3 3 4 2 3 2 2 0 1 2 1 1 3 1 3 1 3 2 2 4 7 2 2 2 2 1 0 2 3 0 1 4 5 1 1 2 1 4 1 3 3 1 0 2 3 2 2 0 0 4 1 2 0 2 3 1 0 4 2 1 2 3 4 0 0 1 1 1 0 1 2 3 2 1 1 1 0 2 2 4 0 6 0 2 0 2 2 2 1 1 0 4 2 1 3 1 0 1 1 2 1 1 4 3 1 1 1 1 1 2 3 2 4 3 7 3 1 1 2 0 1 4 2 1 1 2 1 0 2 2 2 3 2 4 2 1 1 1 1 1 1 1 0 2 2 2 0 3 1 1 3 1 3 4 4 1 1 1 0 4 0 3 1 2 2 4 2 2 2 2 1 2 3 5 1 2 3 0 0 3 6 1 2 6 1 1 0 4 3 0 2 6 0 4 3 2 2 1 1 0 4 4 1 2 1 4 2 3 2 2 1 4 1 1 2 2 3 4 4 1 1 4 2 2 3 0 3 1 0 1 3 1 1 0 6 2 1 2 0 2 1 4 1 1 2 2 1 1 1 1 1 2 4 3 2 1 2 3 2 3 0 4 5 1 1 0 2 3 2 0 4 2 3 3 2 3 1 3 1 2 0 0 0 2 1 1 2 2 3 2 3 5 5 1 1 0 4 0 3 2 1 2 4 0 4 5 0 2 1 5 2 1 1 2 2 1 3 4 0 0 0 2 3 1 0 0 3 2 1 0 6 2 1 2 3 3 0 1 2 3 3 1 3 2 1 2 2 2 2 1 2 3 3 1 4 1 1 2 1 2 4 1 2 0 2 1 3 2 1 1 1 2 3 1 2 0 3 1 2 0 1 4 2 2 2 5 4 2 1 1 1 4 4 0 0 0 2 3 4 3 1 4 2 1 1 3 1 0 4 0 3 2 1 0 2 3 1 0 2 3 0 2 1 3 1 2 3 2 3 3 3 0 2 3 4 0 1 0 2 4 3 2 2 1 1 1 2 2 4 1 1 5 2 5 3 1 2 3 3 2 1 3 2 0 3 4 2 1 1 0 5 0 0 3 0 4 3 1 1 0 1 2 2 5 1 2 2 2 1 3 0 1 2 2 1 3 0 3 2 1 3 1 3 1 1 2 3 3 1 4 6 3 1 1 1 2 0 2 4 3 3 5 3 3 0 3 5 0 0 4 1 3 1 0 4 4 1 2 6 1 5 0 3 2 1 3 1 1 2 1 2 0 4 1 2 0 1 1 1 5 0 2 6 2 0 2 2 1 3 1 4 3 1 0 1 6 2 1 2 1 1 4 3 3 3 3 3 1 1 3 2 1 3 2 1 1 0 3 2 2 2 3 1 5 2 3 1 2 2 3 3 3 0 3 1 3 1 4 0 1 1 0 4 0 2 1 2 2 0 0 2 4 1 2 3 2 0 2 2 4 1 2 2 1 4 0 2 2 1 0 0 5 3 4 3 2 1 1 3 2 1 3 1 1 1 3 3 3 0 2 0 3 1 3 1 2 1 6 1 3 3 0 2 0 2 2 0 0 3 4 3 2 2 2 1 1 1 1 3 3 1 3 0 3 4 2 2 3 3 5 5 1 2 0 2 4 2 2 3 2 2 1 1 4 1 3 1 0 1 4 7 1 2 2 0 0 1 0 2 1 2 2 2 7 2 1 1 0 3 1 3 1 3 3 0 0 1 4 3 2 1 1 2 2 5 2 0 2 5 4 5 2 4 0 2 0 4 3 1 5 0 3 2 2 1 2 2 1 1 4 1 2 1 2 3 0 1 2 1 2 4 1 4 3 1 2 2 3 3 0 2 1 1 3 4 2 0 1 3 2 3 3 1 1 1 4 3 1 4 3 0 4 1 1 1 2 1 4 1 3 3 2 1 1 1 2 2 1 5 2 1 0 2 3 3 3 2 0 1 2 3 1 3 6 4 1 3 1 1 1 0 2 1 3 0 1 1 1 3 2 5 2 0 2 0 4 4 1 2 1 1 2 1 5 1 2 4 0 2 0 3 1 1 3 3 0 1 3 0 1 4 2 2 4 2 1 0 2 2 2 5 1 2 1 2 2 2 1 1 6 1 3 2 1 3 0 2 3 3 2 1 1 1 3 3 1 2 3 3 3 2 3 0 1 2 2 5 2 2 0 3 1 1 1 2 2 2 0 0 2 2 1 2 1 1 4 2 1 0 2 2 2 1 4 2 3 1 3 2 1 3 2 1 2 1 1 2 4 2 1 0 0 3 4 4 0 3 2 2 1 3 2 2 1 3 2 3 0 2 2 4 1 3 3 2 1 2 3 3 2 0 3 3 0 2 2 3 2 0 5 2 0 0 3 1 5 2 3 2 1 2 2 2 1 1 1 1 2 2 2 0 1 4 0 1 7 0 2 1 2 4 2 2 3 0 2 2 0 2 1 2 0 0 2 1 4 1 1 2 3 4 3 2 4 1 2 2 1 0 1 5 2 3 2 1 2 2 4 5 3 3 0 2 0 2 3 1 3 6 1 4 2 1 3 2 4 4 2 0 2 0 1 1 3 3 3 1 5 0 2 2 3 1 5 1 2 1 1 1 2 3 2 3 3 1 1 0 3 2 3 2 0 1 4 2 4 3 1 1 4 3 2 4 3 2 0 3 3 1 0 3 1 1 3 3 1 3 1 3 1 1 3 0 4 2 1 2 2 1 1 3 0 1 1 5 3 1 3 2 3 2 1 1 2 4 0 3 2 2 2 2 2 1 1 1 0 3 2 2 0 2 4 5 1 1 3 4 1 5 2 1 3 3 0 3 2 2 1 4 0 0 2 1 3 4 1 3 3 2 2 2 2 0 1 0 3 3 4 2 1 1 2 2 2 3 1 1 0 3 2 1 3 1 3 1 5 4 3 3 2 2 1 1 4 2 3 1 3 0 6 2 4 3 3 4 2 2 2 0 3 2 5 4 0 3 1 2 0 2 1 4 4 4 1 1 4 1 1 2 1 2 1 5 1 2 3 1 0 4 0 6 0 0 2 2 0 0 1 1 1 0 4 5 3 3 0 1 2 0 6 2 3 0 1 0 1 0 2 1 4 4 3 3 2 3 4 2 0 2 1 1 4 5 2 0 5 1 1 3 1 3 1 4 3 3 1 2 1 2 2 0 1 5 2 2 3 2 4 1 1 1 2 4 3 3 1 1 3 0 2 4 1 1 2 3 2 3 4 2 3 6 2 2 2 0 3 2 1 4 3 0 1 1 0 6 2 2 0 1 1 0 0 5 4 1 3 2 2 1 0 1 1 1 1 1 6 1 2 3 2 4 3 1 2 1 2 1 2 1 0 3 1 1 2 1 2 1 2 2 3 2 1 0 5 3 2 3 1 1 2 0 4 0 4 2 2 2 4 2 0 2 3 3 1 3 1 2 3 0 4 4 3 2 4 2 1 2 3 0 1 2 1 2 3 2 4 0 0 1 2 2 1 2 0 0 4 3 0 2 3 2 2 5 2 2 0 3 1 1 0 3 3 1 0 1 1 4 0 5 0 3 2 4 4 2 1 4 0 1 2 1 0 2 4 2 0 3 1 0 2 0 1 1 3 1 1 3 2 3 1 1 0 1 1 2 1 3 3 3 4 4 0 3 3 5 3 2 0 2 1 2 5 3 1 1 2 1 1 3 4 0 0 2 2 1 0 3 2 3 0 1 5 4 2 3 1 2 1 1 2 1 4 1 1 2 2 3 4 1 3 1 2 0 0 1 3 1 1 0 0 3 3 1 1 2 2 1 1 1 3 2 2 6 2 0 3 2 1 1 3 3 2 0 1 2 2 4 2 1 2 2 3 1 2 2 2 1 1 2 1 2 2 5 3 0 2 0 1 2 1 3 2 2 0 2 0 1 0 3 3 1 4 3 1 2 2 1 1 1 3 1 3 2 0 3 1 1 1 2 1 1 0 3 1 1 2 2 2 0 3 2 0 1 2 2 0 4 0 7 0 2 1 1 2 1 1 2 1 3 1 4 2 3 1 0 1 0 3 1 3 1 1 2 5 2 1 1 3 0 1 2 5 1 3 2 2 4 4 3 2 0 2 1 1 1 3 2 2 3 0 0 3 1 1 1 1 2 1 1 2 2 3 3 1 3 4 0 3 2 1 2 2 3 2 1 1 0 1 0 2 1 4 2 0 3 2 1 2 3 1 1 2 2 1 5 1 6 1 1 3 5 4 5 2 2 3 1 1 2 3 1 3 3 2 1 3 3 3 2 0 0 2 1 2 2 2 0 1 2 2 1 4 2 4 3 2 1 1 3 0 2 4 0 2 2 1 1 3 2 4 2 4 6 0 2 3 0 0 3 3 3 4 2 1 1 2 2 2 2 2 0 2 2 1 1 5 1 1 1 2 0 3 1 2 1 2 4 2 2 0 2 1 4 0 0 0 2 0 0 1 1 1 1 5 1 3 1 2 2 0 1 1 2 1 2 1 3 1 3 0 1 4 1 0 3 4 1 2 1 0 1 1 2 3 4 2 0 2 3 0 1 2 2 1 4 2 1 2 0 2 2 2 1 2 1 2 1 4 1 1 1 2 2 1 3 2 1 5 4 1 0 1 3 2 2 1 3 5 0 2 0 0 4 4 4 2 2 2 2 4 1 2 1 0 1 2 2 2 2 2 2 2 1 1 0 5 2 2 3 3 1 1 4 0 3 0 2 3 1 1 3 3 4 1 4 1 2 1 0 2 3 1 1 0 1 1 3 2 2 2 3 2 3 2 0 2 3 2 1 0 1 3 1 4 1 1 2 1 5 2 2 1 3 5 3 1 1 3 2 2 1 3 0 4 1 1 3 3 3 1 2 4 0 4 2 1 0 2 1 1 2 2 2 5 2 5 2 2 2 1 1 1 1 2 1 2 2 2 1 1 1 1 4 2 0 0 3 1 1 1 0 2 3 2 3 1 3 1 3 2 1 0 1 4 4 1 3 0 2 1 3 0 2 2 1 1 1 1 1 1 1 2 1 3 3 6 3 1 4 0 1 5 2 3 0 3 1 0 3 2 2 0 0 3 2 2 4 4 0 2 3 0 3 2 3 2 1 4 4 2 1 3 2 1 3 1 3 3 3 1 2 1 1 2 5 0 2 2 2 4 2 0 3 4 1 1 0 2 4 4 1 1 1 1 1 1 6 1 5 4 0 5 0 1 2 3 0 1 2 1 2 2 1 5 4 0 4 1 1 0 1 0 1 2 3 0 1 1 1 4 4 1 5 1 1 2 2 0 1 2 1 1 3 2 0 2 2 2 3 3 2 0 2 4 1 1 1 3 4 4 2 1 2 3 2 0 3 1 5 3 2 3 1 1 3 0 1 2 2 3 2 2 4 2 0 2 0 2 1 3 1 3 2 0 2 4 1 3 0 4 2 0 1 4 2 2 1 4 0 2 6 0 1 4 0 2 0 6 4 2 2 3 3 5 4 2 2 2 1 6 2 4 2 4 1 1 2 2 3 3 2 3 1 0 5 0 0 5 2 0 1 1 3 1 1 2 1 4 1 3 0 4 2 3 4 3 1 2 1 0 4 5 2 2 2 1 0 2 1 4 3 4 3 2 0 3 2 3 2 3 2 1 5 1 2 0 2 6 0 4 3 2 1 4 1 3 4 2 2 3 1 2 1 0 3 1 3 2 2 1 0 1 3 4 0 0 3 0 3 3 4 2 4 3 2 1 3 1 0 0 2 1 1 1 1 5 3 1 3 1 4 1 1 3 4 1 1 1 3 1 3 1 6 2 3 0 0 2 1 4 2 0 2 2 3 0 1 0 3 0 2 2 6 3 1 2 2 4 3 4 1 3 1 3 4 1 0 3 1 6 0 3 2 1 0 0 3 1 2 2 5 3 2 2 3 3 1 1 1 3 3 2 2 2 2 0 4 0 1 1 3 3 2 1 2 3 2 1 2 3 4 1 2 1 1 2 2 4 3 3 2 0 1 2 2 1 1 4 1 2 2 0 2 2 3 1 1 0 2 1 7 3 0 1 2 3 2 2 0 1 2 3 5 2 3 3 2 2 3 0 2 1 0 2 2 2 2 1 4 2 0 2 0 0 1 2 2 1 6 0 6 1 2 3 2 2 4 0 2 1 3 4 2 2 1 0 2 4 4 1 1 1 3 1 0 1 5 3 4 1 4 2 0 0 1 2 3 1 1 1 2 0 3 1 2 2 3 1 2 1 1 0 3 2 3 4 2 0 1 2 1 4 1 2 2 3 0 4 2 3 1 4 1 2 1 2 1 3 2 0 2 1 4 0 1 1 3 0 0 2 1 3 2 4 1 2 0 0 0 1 1 2 4 2 0 2 1 1 1 2 1 2 3 0 2 2 1 2 2 2 0 3 5 4 1 2 0 2 2 3 1 1 2 3 1 4 0 4 4 4 3 1 0 1 0 3 3 2 2 3 3 1 2 1 3 4 2 2 1 4 3 4 1 3 2 1 1 2 1 3 0 0 2 1 1 1 2 3 2 0 2 5 2 0 5 4 0 3 1 3 2 3 1 1 0 1 3 1 4 1 2 1 1 2 2 3 2 2 2 3 1 1 5 3 1 5 0 1 2 0 4 3 1 2 0 2 0 4 0 1 2 3 2 3 1 3 1 2 3 2 2 4 1 3 0 1 2 3 1 1 1 1 2 4 6 2 2 3 3 1 4 1 2 1 4 2 2 0 3 2 0 1 1 3 1 5 2 1 1 1 3 4 2 0 2 0 3 1 1 1 1 2 3 1 1 3 3 4 1 1 3 3 2 2 2 2 2 4 1 2 3 0 2 2 2 0 5 3 0 2 1 3 2 3 3 2 2 1 2 1 0 3 1 1 2 2 2 1 4 4 1 3 1 3 0 0 5 2 1 2 1 2 2 2 1 4 5 2 1 2 1 4 2 3 1 2 1 3 4 3 2 3 2 1 1 4 2 3 1 1 2 1 2 6 0 2 2 1 3 4 1 0 2 3 1 0 6 1 1 2 2 2 2 4 3 1 1 3 2 0 2 2 2 0 0 4 5 2 4 3 1 2 3 1 3 3 1 2 2 1 2 5 1 2 3 5 3 1 1 0 1 3 0 2 1 3 1 2 3 3 1 1 3 4 2 4 1 1 2 0 1 4 2 1 0 0 3 1 6 0 1 2 1 2 1 2 1 2 0 2 2 0 1 1 2 1 1 3 2 5 2 4 1 1 5 0 2 4 0 0 0 4 3 1 2 1 1 2 4 2 1 5 4 1 5 1 4 1 1 3 0 2 1 0 1 2 2 3 0 2 3 3 2 1 3 3 2 1 4 1 0 2 2 1 0 2 1 2 1 2 2 1 2 2 5 3 3 0 4 2 3 0 2 1 2 0 2 2 3 3 2 1 1 0 0 2 1 5 2 4 2 1 3 1 5 1 3 1 1 3 0 3 3 1 1 2 3 3 0 3 0 1 2 4 2 1 3 2 0 3 2 2 3 3 2 1 1 3 2 1 4 3 2 3 2 2 2 1 2 1 2 0 2 1 2 2 4 3 2 1 5 0 2 5 0 4 1 3 1 0 1 2 0 3 2 3 1 3 0 4 4 2 1 2 6 2 4 2 0 2 0 1 2 2 1 0 4 1 3 0 3 1 1 4 3 0 1 1 2 4 2 0 3 2 1 3 2 2 0 2 3 0 4 1 1 3 2 5 1 2 1 0 3 1 3 3 1 1 7 1 4 1 4 0 3 3 1 3 4 0 2 2 2 1 3 2 2 2 0 1 5 0 2 3 1 3 2 1 1 0 0 2 3 3 2 3 4 0 3 3 1 1 6 2 2 0 2 4 2 5 1 1 1 2 2 3 2 6 1 2 2 0 3 2 0 4 4 1 3 4 2 1 4 3 4 2 2 2 2 1 2 2 3 3 2 0 3 1 2 1 4 4 3 0 0 0 3 2 2 3 0 4 2 1 6 4 2 5 1 1 1 0 2 4 0 1 4 4 2 2 1 2 2 1 1 2 2 2 2 2 1 1 1 2 2 2 4 3 4 2 4 2 4 2 0 1 1 3 1 1 4 1 0 1 1 4 3 1 2 1 4 2 1 2 3 2 2 1 4 3 2 1 1 0 2 2 1 2 2 4 2 0 2 4 6 0 1 3 3 0 4 0 1 0 4 2 2 2 3 4 3 3 2 1 2 3 1 1 3 1 0 5 3 1 1 1 3 3 2 0 3 2 2 2 0 3 1 4 1 1 3 0 2 2 3 4 2 2 1 2 2 1 2 3 2 2 1 2 2 2 3 2 3 0 1 3 1 1 4 0 0 1 3 2 2 2 6 1 0 2 2 3 4 1 0 1 0 1 1 4 1 1 3 2 1 1 2 2 0 3 4 5 1 0 5 2 3 2 4 3 3 2 1 1 4 0 0 3 4 4 6 3 1 2 0 0 3 3 2 2 1 2 2 0 1 2 1 3 3 0 2 2 7 2 1 0 2 1 0 2 3 1 0 4 0 0 2 0 3 1 5 1 2 0 3 1 3 2 2 2 2 0 0 2 2 3 0 2 1 4 1 3 4 1 1 1 1 2 0 2 5 2 1 3 0 1 2 1 3 0 1 0 0 3 2 4 1 2 4 1 5 2 0 3 1 1 1 7 0 3 1 0 1 2 2 4 2 0 5 0 1 3 2 4 4 1 1 4 2 2 2 1 4 0 3 2 2 2 3 2 1 1 1 0 2 0 0 3 3 1 6 4 2 2 0 2 5 2 2 1 2 4 1 2 4 1 2 3 2 3 1 1 2 5 2 4 3 1 2 3 2 0 0 2 3 3 4 3 0 3 5 1 2 1 0 2 1 3 0 0 1 2 6 3 4 0 1 2 1 4 3 3 2 2 2 2 2 3 0 3 3 3 2 1 1 3 2 0 0 2 3 4 2 1 2 2 3 2 1 1 1 2 1 2 1 3 1 3 2 1 1 0 1 2 5 0 1 2 2 2 2 4 1 2 6 1 3 3 0 2 1 2 4 1 2 1 4 0 0 1 2 1 3 3 0 2 2 3 3 1 0 4 0 3 1 1 1 4 3 2 2 3 0 2 3 1 0 0 4 4 1 1 1 3 0 1 4 0 1 1 3 3 1 2 4 2 1 1 1 3 1 5 2 3 2 0 1 4 2 3 4 1 5 5 2 1 2 0 1 1 3 0 2 2 2 2 3 1 1 0 5 2 1 3 3 1 3 2 3 1 0 0 3 5 2 2 2 1 1 3 0 3 3 3 3 3 1 1 4 1 2 6 3 3 2 0 0 1 0 2 4 1 1 1 3 0 0 0 3 1 1 0 2 2 4 2 2 2 1 1 1 4 2 1 4 3 5 0 2 2 1 0 3 2 1 4 4 3 1 4 4 2 2 3 2 2 3 3 1 0 1 2 1 5 3 5 3 0 1 0 0 1 2 1 0 5 0 3 1 5 2 2 2 1 1 1 5 1 0 1 0 4 1 2 1 2 2 1 5 2 1 1 4 1 1 5 1 1 3 3 0 4 2 2 0 3 2 2 2 1 4 1 1 4 2 1 1 3 4 0 1 2 1 0 1 2 6 2 0 0 3 2 4 1 1 1 2 4 4 3 2 4 5 3 3 5 1 2 3 2 3 1 1 2 1 2 2 3 4 1 2 0 1 3 2 4 1 1 0 2 1 1 1 3 6 2 1 2 2 1 1 3 4 2 3 0 0 3 1 1 4 1 1 2 0 1 0 3 3 2 1 2 1 1 4 2 1 4 3 2 2 2 0 4 3 2 2 2 1 3 3 3 2 2 1 1 0 1 3 5 1 0 4 1 5 3 0 4 5 2 3 4 0 2 4 2 2 0 2 0 4 3 2 2 1 2 2 0 0 1 5 0 5 1 0 0 4 0 2 1 2 2 4 5 2 0 1 3 0 2 1 2 3 1 0 1 0 3 2 2 3 2 2 1 2 0 1 3 1 0 4 2 2 0 1 2 3 0 2 2 2 2 1 2 5 4 1 0 3 4 0 2 1 3 4 1 3 2 0 2 0 2 2 3 1 1 5 3 1 2 2 1 2 1 3 3 2 2 2 2 1 1 1 2 3 3 1 1 3 3 4 2 4 4 1 0 0 2 2 2 6 1 2 6 3 2 0 0 0 1 3 5 2 2 2 4 2 0 1 2 1 3 1 1 3 2 1 4 0 2 1 3 2 0 1 4 0 3 0 1 5 1 2 2 3 0 2 3 3 1 3 2 2 2 2 1 1 2 1 0 2 2 1 1 4 2 2 5 2 1 2 0 0 0 1 3 1 2 2 1 2 2 3 4 3 1 0 3 1 3 2 3 2 5 3 0 1 0 1 2 1 1 1 2 2 1 2 2 3 2 0 0 3 3 0 1 0 3 1 0 2 3 0 1 3 2 5 0 2 0 3 6 1 0 1 1 4 2 2 0 2 1 3 2 2 1 1 2 2 3 3 1 3 3 3 2 0 1 4 1 1 0 1 2 3 3 0 6 4 0 1 2 0 0 2 0 1 5 1 1 3 0 2 2 2 1 2 2 0 1 5 0 0 2 1 3 1 4 0 2 3 2 1 0 2 3 2 1 2 2 5 3 2 1 4 1 3 2 0 2 5 3 3 2 2 0 3 2 0 2 3 0 0 0 2 2 2 2 5 0 2 0 2 2 2 2 0 3 0 2 0 2 2 1 3 1 1 3 3 0 3 5 2 0 3 0 0 4 1 1 4 2 3 0 3 1 1 0 1 2 2 2 2 1 1 1 1 3 2 0 3 3 1 4 2 0 1 2 2 0 2 4 1 1 1 3 0 5 3 2 0 3 3 2 0 2 0 1 2 0 1 1 2 4 2 0 1 3 4 3 3 3 2 2 2 4 1 3 2 1 2 2 1 4 2 3 1 1 1 4 4 4 2 1 3 1 4 1 2 1 4 1 0 1 5 1 3 2 1 3 1 1 3 3 1 1 3 1 4 1 1 3 1 1 2 3 2 4 0 1 1 2 4 0 2 4 1 1 1 1 5 1 0 1 3 2 2 1 0 2 0 3 3 3 2 1 4 2 1 4 2 5 0 2 1 3 1 0 2 2 1 0 1 0 1 2 5 2 3 2 3 1 2 0 3 1 0 6 1 1 3 1 5 3 2 2 0 0 3 2 3 2 3 0 2 3 3 2 2 4 3 2 3 2 3 7 1 4 4 1 2 3 2 2 2 0 2 1 2 1 0 5 1 0 3 2 0 1 0 3 1 4 2 2 1 3 0 4 2 1 2 3 4 3 2 2 2 1 1 1 2 1 2 1 2 4 1 1 2 5 1 4 1 1 0 1 0 3 3 2 2 4 0 2 6 2 1 3 0 4 4 1 3 2 2 1 1 2 0 2 4 0 2 4 1 1 1 1 2 0 2 3 1 0 2 0 0 0 2 0 4 1 3 1 2 1 1 2 0 5 4 2 4 1 4 0 1 0 1 2 5 2 2 0 3 3 2 3 1 2 4 4 3 1 0 1 1 3 2 2 0 3 1 4 2 1 2 2 1 3 3 1 4 0 2 1 0 3 2 4 1 0 2 1 1 3 1 0 2 2 2 3 1 6 1 2 0 4 6 3 2 2 0 2 2 1 3 0 2 2 1 2 5 1 4 4 1 0 6 3 2 1 2 0 2 3 2 2 1 2 1 2 2 2 3 2 2 0 2 1 2 3 2 1 1 1 3 4 1 1 5 6 1 2 0 4 0 1 4 2 3 1 1 1 2 3 0 1 5 0 2 1 1 2 1 2 4 4 1 4 1 2 2 1 2 2 2 3 3 3 2 2 1 1 1 1 2 3 2 1 4 1 0 0 1 2 2 3 1 4 4 0 5 4 4 1 1 0 2 3 1 1 3 1 2 3 1 1 4 0 5 2 0 5 2 3 0 2 1 3 3 3 1 4 2 0 0 2 1 6 0 1 1 0 2 1 4 2 2 2 0 1 4 4 1 3 2 3 2 1 1 1 1 2 3 2 1 2 3 1 2 2 0 2 2 0 3 2 5 1 1 1 5 3 5 0 2 0 1 1 5 5 1 1 4 2 1 2 0 1 4 2 3 2 2 3 4 1 1 1 2 1 2 4 0 4 5 4 2 0 0 4 2 1 1 6 2 2 0 3 4 1 0 1 2 2 2 1 3 3 1 3 5 0 3 0 2 1 2 4 0 4 4 2 0 1 3 2 1 1 3 7 0 0 0 2 4 1 5 0 1 1 4 0 2 3 3 2 1 2 7 1 2 4 5 2 0 4 2 2 1 3 4 1 2 1 2 4 1 4 2 0 1 0 1 1 1 0 3 3 2 5 2 3 2 1 1 3 4 0 1 3 3 4 3 3 1 1 2 2 1 0 3 4 3 1 3 1 0 0 2 3 0 3 2 1 2 1 1 3 1 2 2 4 3 1 4 3 5 2 2 0 0 2 1 4 1 2 0 3 4 1 5 1 1 0 1 1 1 3 2 2 3 1 5 4 1 1 2 1 6 1 1 0 4 3 1 1 2 1 4 3 3 3 1 0 3 1 3 3 3 2 3 2 1 1 3 0 1 0 0 2 6 1 1 2 2 2 3 1 0 4 0 3 1 1 1 2 0 0 2 3 1 2 2 1 2 2 4 2 1 4 2 1 2 2 1 1 2 0 2 2 3 2 3 2 3 0 3 1 2 4 4 3 4 2 1 1 2 0 4 4 1 1 1 2 1 0 0 4 1 6 1 3 2 1 2 2 1 4 2 1 2 3 1 5 2 1 0 1 3 1 4 3 5 1 2 3 2 5 0 2 3 3 0 3 1 3 1 1 1 6 1 2 4 1 2 1 3 1 2 1 2 5 1 1 2 3 0 1 2 2 2 2 1 3 2 3 1 1 1 2 3 2 2 3 2 3 2 2 0 1 2 1 3 2 3 2 0 1 4 0 1 2 3 2 1 1 1 1 0 2 2 1 2 4 5 0 2 2 1 3 3 4 1 2 0 0 0 1 1 4 2 4 3 0 2 0 3 1 1 0 4 3 0 3 0 1 3 1 3 3 2 1 1 3 2 1 2 1 2 2 4 1 3 4 1 4 3 3 1 2 4 2 2 3 2 5 0 3 1 2 6 1 5 2 2 5 0 2 5 3 0 0 2 0 3 3 1 1 1 3 2 1 2 3 0 2 2 3 4 3 3 2 4 4 2 1 0 1 1 4 1 4 2 1 2 1 0 1 4 1 1 1 2 0 1 2 2 2 3 4 2 1 0 1 0 0 2 5 3 2 0 3 1 3 1 2 1 3 3 1 3 3 2 1 1 2 3 2 4 1 3 1 0 0 2 2 4 4 2 4 2 0 4 2 1 2 1 2 0 0 1 4 2 1 2 1 3 2 3 3 5 3 3 0 1 1 2 0 1 2 3 1 3 2 2 4 4 4 1 4 1 0 1 1 2 3 3 2 5 1 0 3 1 0 2 4 2 3 3 2 4 2 2 2 2 3 3 2 4 1 2 4 1 4 1 3 1 4 3 2 1 4 1 1 2 3 0 3 2 2 3 1 0 3 2 0 2 4 1 0 0 3 2 5 4 0 2 3 4 1 2 4 1 0 5 2 0 2 3 1 2 2 2 1 1 2 1 1 2 3 2 2 0 3 1 1 2 2 2 4 1 1 1 4 2 4 3 1 2 0 2 1 3 2 1 1 1 4 3 3 0 2 1 5 0 3 0 3 4 3 2 1 4 2 4 3 1 2 5 1 3 2 2 1 2 1 1 2 2 1 4 4 2 1 1 2 2 1 2 2 3 2 2 1 4 2 3 1 6 5 1 2 3 2 2 2 1 3 0 1 2 0 1 2 1 2 5 2 2 2 2 3 1 1 1 3 1 2 3 0 2 1 3 3 0 0 1 4 1 2 1 2 2 1 1 4 1 2 3 1 3 1 3 1 1 1 1 3 3 2 2 0 3 1 4 4 1 1 0 2 1 2 3 4 4 2 2 3 3 1 3 3 0 1 1 2 3 1 4 1 4 6 3 2 1 3 1 2 3 0 4 2 2 1 3 1 0 2 1 2 2 3 2 0 1 1 2 0 2 2 2 5 3 0 2 1 4 1 1 2 0 0 3 5 3 1 0 2 2 4 1 1 3 4 4 1 2 1 3 0 2 2 2 1 3 2 3 1 2 1 5 2 1 3 4 0 1 3 2 1 2 4 1 4 2 2 2 2 2 2 2 2 2 2 2 2 3 1 1 2 0 4 3 4 2 2 1 2 0 1 4 2 2 4 2 2 1 0 0 2 1 2 2 1 1 3 3 2 3 3 2 3 4 1 2 1 3 0 1 3 1 5 0 3 3 2 0 2 1 1 3 3 2 4 3 1 2 4 0 1 2 4 1 1 2 1 0 6 1 2 0 2 0 2 3 3 5 3 1 0 4 4 1 5 1 0 1 1 2 4 3 0 1 2 3 3 4 1 2 2 0 3 1 1 2 2 2 3 2 2 2 2 2 0 1 1 0 0 0 3 6 1 1 2 1 5 2 0 3 3 1 3 2 0 4 2 0 2 1 1 3 2 0 1 3 2 0 0 3 1 4 3 1 4 1 1 3 1 1 3 4 1 2 0 3 1 0 4 0 2 2 5 3 2 0 4 1 0 0 0 0 2 3 2 3 0 2 2 4 0 1 3 3 1 3 6 2 3 2 2 3 2 1 3 1 4 1 1 2 0 2 1 2 2 2 3 3 2 4 0 2 1 2 1 3 3 4 2 3 3 2 1 2 0 3 0 3 1 0 1 1 2 1 3 0 1 1 1 0 4 2 2 1 1 5 0 1 4 0 2 2 2 4 3 0 1 2 5 2 1 1 1 2 1 4 2 4 2 2 3 3 5 0 1 1 5 4 4 1 1 3 2 3 2 0 3 3 4 1 2 0 2 3 3 4 1 1 3 2 2 2 3 1 2 3 2 1 3 0 2 1 2 6 2 3 0 3 2 1 1 2 2 2 3 2 3 0 2 5 1 0 1 2 4 3 1 5 0 3 0 3 5 2 1 4 1 0 0 1 0 2 4 3 2 4 0 3 1 4 0 1 4 4 4 1 0 1 2 0 2 4 1 1 1 3 0 0 2 3 3 4 1 0 4 2 3 5 2 1 1 2 0 1 1 1 0 2 6 1 0 2 0 2 1 1 2 2 2 0 1 2 1 4 5 2 0 3 2 1 4 3 3 3 1 2 2 3 1 3 2 2 3 0 1 4 1 3 3 0 1 3 2 1 5 4 2 0 2 1 0 2 0 3 2 2 3 2 2 6 2 3 2 4 1 1 3 1 2 1 3 1 2 4 2 1 4 3 2 0 2 1 0 3 4 3 1 2 0 1 2 5 1 2 1 1 4 3 2 1 1 2 2 1 2 1 3 2 2 2 1 4 2 3 1 2 1 1 1 1 4 0 0 4 2 3 4 2 1 4 1 1 1 2 3 0 1 2 1 3 2 4 0 1 1 0 6 1 1 2 1 0 2 0 1 0 5 1 4 2 2 1 3 2 2 4 0 2 1 1 1 2 1 2 2 2 1 2 1 1 3 1 3 3 0 0 3 2 1 2 0 2 3 0 0 0 1 1 2 2 2 2 2 4 0 8 2 3 1 2 4 2 2 3 3 0 2 0 3 2 4 3 1 2 1 1 3 1 1 2 0 2 0 4 2 2 2 0 2 1 2 4 2 1 2 1 3 1 2 2 2 1 2 5 3 3 4 0 4 4 0 1 1 3 4 2 1 1 2 1 4 2 0 0 4 3 2 3 4 2 1 0 3 2 0 2 1 1 4 1 1 1 7 1 3 1 1 2 2 3 0 4 7 3 3 1 1 3 1 1 0 4 0 3 0 2 1 0 4 5 1 3 2 2 2 4 0 3 2 2 3 2 3 5 2 1 3 2 2 2 1 1 1 3 4 0 1 2 2 1 3 2 5 1 0 2 4 1 3 3 1 1 2 6 3 4 0 2 2 3 2 2 0 2 3 3 2 3 3 3 1 2 4 0 0 3 2 1 1 2 1 4 5 4 1 1 2 1 3 3 3 2 4 2 0 3 2 2 1 0 2 0 1 2 1 2 2 2 2 4 2 4 4 1 3 3 2 1 0 0 3 4 3 2 1 2 2 1 1 1 3 0 1 4 3 3 1 0 3 1 2 2 1 3 2 2 2 2 2 3 2 0 1 4 2 3 1 1 1 2 4 1 2 6 3 0 2 5 0 1 4 2 1 2 1 2 1 3 1 0 3 3 2 2 4 0 0 2 2 4 1 3 4 1 1 0 1 1 0 0 3 1 0 4 1 4 2 2 2 4 2 3 0 1 2 2 3 0 4 1 2 1 1 2 0 3 2 0 4 5 1 1 1 2 0 2 4 0 2 2 1 0 1 2 4 1 3 3 3 2 1 3 0 2 5 2 0 2 2 1 3 1 3 4 1 4 1 4 0 4 0 5 2 3 0 1 1 1 2 3 2 2 2 2 2 1 2 2 2 0 0 3 1 1 4 2 3 4 1 1 1 1 2 1 0 2 1 4 2 3 2 3 1 1 3 2 3 2 2 3 1 5 2 1 0 2 3 2 2 0 3 2 3 4 1 3 2 2 0 1 1 0 1 5 1 1 3 2 0 2 5 2 2 3 3 1 3 5 1 2 3 0 3 5 2 2 4 1 1 3 3 2 2 2 1 1 2 1 3 3 1 2 3 3 0 1 3 1 1 4 1 1 1 6 0 2 1 3 0 2 3 1 2 2 0 5 0 3 0 2 0 1 3 2 4 0 3 4 0 1 0 3 2 2 3 2 2 2 2 1 1 2 1 2 2 3 1 4 1 3 1 1 3 1 0 2 2 3 1 2 2 1 3 2 3 4 1 3 2 1 0 0 3 5 0 1 2 1 2 1 0 0 3 1 2 1 3 4 1 4 2 5 0 2 1 6 2 1 0 0 1 1 5 4 1 1 2 0 0 5 1 1 3 0 3 2 2 3 1 4 2 5 1 1 1 3 0 1 3 2 3 1 2 3 0 2 2 3 1 1 2 1 2 1 1 3 1 6 1 3 2 3 1 2 0 1 1 4 2 1 1 3 2 1 1 2 3 3 3 3 1 2 1 0 4 2 1 3 4 2 1 3 5 0 1 0 2 2 0 0 0 3 2 2 3 4 2 0 1 3 2 1 7 3 3 2 1 2 0 1 5 1 2 2 2 0 4 3 4 1 0 0 4 4 3 2 2 3 1 3 4 1 1 4 0 1 3 2 2 1 2 1 1 4 3 0 4 4 2 1 0 2 3 1 0 1 4 4 1 3 3 1 1 2 2 1 2 3 2 2 1 0 2 8 1 3 0 2 0 3 2 0 3 1 2 1 0 2 2 2 1 1 4 1 3 1 0 4 3 2 2 0 2 0 4 2 3 5 2 0 3 4 0 3 3 1 1 1 4 2 4 1 2 3 0 3 4 2 1 2 1 2 5 1 4 2 2 5 2 3 1 3 1 4 1 2 2 2 3 0 3 1 4 2 2 3 3 3 3 4 2 1 2 2 0 0 3 0 2 1 2 3 1 4 6 0 1 3 2 2 3 1 3 2 2 0 4 2 0 1 0 1 0 3 3 2 1 2 3 3 3 4 2 0 0 0 1 2 1 1 4 1 2 3 4 4 0 2 3 0 1 2 3 1 1 3 3 2 0 1 1 2 1 2 1 2 2 1 3 5 4 1 0 0 4 0 2 2 0 2 3 2 3 4 4 0 2 2 4 5 2 2 1 0 2 2 2 2 2 3 0 4 2 3 3 0 2 5 2 3 0 0 0 3 5 2 2 3 2 1 1 1 0 3 1 3 1 1 1 0 3 2 2 1 1 3 4 0 4 1 2 2 3 2 4 5 0 0 1 1 0 4 4 2 0 1 0 4 2 1 3 2 3 5 2 2 4 2 2 1 2 1 0 0 4 1 2 2 1 4 2 1 0 2 0 2 3 2 0 1 1 3 2 2 3 1 2 0 0 3 1 0 2 3 2 3 4 2 1 1 3 0 2 2 5 2 1 3 2 3 3 3 3 3 0 4 1 5 2 1 2 3 4 1 0 1 4 3 3 6 2 0 4 3 0 2 1 2 4 3 2 1 3 0 2 2 3 2 3 1 3 3 1 3 2 2 2 3 2 2 2 0 5 0 2 1 1 3 1 1 1 2 1 5 1 0 3 1 4 2 0 1 2 1 0 0 3 4 0 4 2 2 0 2 4 4 5 4 1 2 0 3 1 0 3 4 4 5 1 2 1 1 1 1 2 3 3 2 3 2 1 3 3 2 2 1 4 2 2 1 2 1 4 0 0 0 2 1 3 1 1 0 7 1 4 1 2 3 3 3 4 3 1 3 3 1 0 1 1 2 2 3 3 3 2 2 2 2 4 3 3 2 1 0 1 3 0 4 4 2 0 0 1 1 0 3 2 1 2 2 3 1 1 1 3 2 1 3 2 2 6 2 1 1 3 2 2 0 0 2 3 2 1 0 2 2 2 4 2 4 3 2 1 0 4 1 5 1 0 2 1 1 6 2 1 2 1 3 4 3 5 1 2 0 1 0 3 2 2 1 2 2 4 2 0 3 0 2 2 3 1 2 3 1 0 1 1 4 0 4 1 1 0 1 3 3 2 0 3 1 2 1 1 3 0 2 2 1 2 1 2 3 4 3 3 3 0 1 3 3 1 2 1 2 3 5 3 0 1 1 1 3 5 1 3 2 2 0 1 1 2 0 2 5 0 2 3 5 3 2 2 1 0 3 1 2 6 1 0 2 2 3 1 3 2 3 3 3 1 5 1 0 0 0 0 2 2 1 3 5 2 1 0 0 2 2 2 3 4 0 3 2 1 2 4 2 3 0 0 5 1 1 2 2 3 2 4 4 1 3 2 1 3 2 1 2 2 3 1 3 2 4 2 1 3 0 3 1 1 1 1 1 0 1 4 1 1 0 3 1 3 6 2 3 3 2 0 1 3 2 1 3 2 0 0 5 3 1 4 1 0 2 4 1 2 2 2 4 2 2 1 2 1 3 3 1 2 4 2 0 1 3 2 1 2 2 0 3 2 4 1 3 2 0 2 2 0 1 5 3 0 1 2 3 1 2 2 3 3 2 1 6 4 1 1 0 1 2 3 1 1 3 3 2 2 3 4 0 1 0 2 1 3 1 0 3 4 3 1 2 0 0 0 4 1 3 4 6 1 1 1 4 1 2 2 2 2 0 2 2 2 0 2 3 3 1 1 2 2 2 3 1 3 1 4 4 1 2 1 1 1 0 4 1 2 1 2 0 1 2 1 2 1 4 4 1 0 1 3 1 4 1 1 2 2 1 0 2 2 2 2 1 2 1 4 1 1 0 1 2 1 4 1 1 4 2 0 2 2 3 3 2 3 2 1 3 2 3 3 3 3 5 2 4 4 1 1 2 0 3 2 2 2 2 1 1 2 1 3 1 1 2 3 1 2 2 1 3 2 3 0 0 1 1 1 3 2 3 2 1 3 2 1 4 2 3 1 4 2 2 1 3 1 2 1 2 2 5 2 3 1 3 2 2 3 2 3 4 4 2 2 1 3 3 2 1 3 1 3 1 2 5 2 1 1 1 2 2 2 5 3 2 2 1 2 3 2 0 0 2 6 1 3 2 0 2 3 1 1 0 4 2 2 1 2 5 0 2 3 1 5 2 3 0 2 1 1 1 4 1 3 3 1 2 2 5 2 1 3 4 4 1 3 1 3 0 2 2 1 4 3 2 1 2 2 1 1 0 1 3 2 0 0 3 1 3 3 2 1 0 3 1 2 3 2 3 1 5 4 2 0 2 2 4 3 1 1 2 2 2 1 4 4 2 2 2 2 1 1 1 0 0 1 2 1 3 1 0 3 1 6 0 4 3 1 1 2 1 1 1 2 0 4 2 2 3 1 2 3 1 1 3 2 1 3 3 1 1 1 1 2 2 3 1 4 4 1 2 2 3 3 5 2 2 3 1 2 5 1 1 1 1 3 1 1 0 1 1 4 3 3 1 2 0 3 1 4 1 2 0 1 1 2 2 1 2 3 5 0 0 2 2 3 2 2 2 2 2 2 0 0 3 4 3 2 1 1 4 2 1 1 0 2 2 1 4 7 4 1 2 3 2 1 1 1 0 1 2 1 3 4 2 0 0 2 5 2 5 2 1 1 1 1 2 2 1 1 0 2 2 4 2 6 2 2 3 2 6 1 2 3 1 1 0 1 0 1 1 4 2 4 3 7 1 3 2 3 0 0 2 3 2 1 4 2 6 2 2 2 1 1 3 1 1 3 1 2 2 4 1 1 1 3 4 3 4 2 5 2 0 3 3 3 0 1 2 1 0 0 1 2 2 1 0 2 4 2 2 1 1 5 1 1 2 1 4 1 0 1 4 4 4 2 1 4 3 1 2 1 0 4 3 1 2 1 2 1 1 1 4 1 0 1 3 3 0 1 4 2 2 2 2 1 1 0 2 3 2 4 2 2 0 2 4 1 3 0 2 0 2 4 4 2 2 3 1 0 2 4 3 1 3 4 3 0 4 2 0 5 0 1 1 4 2 2 6 3 3 2 1 2 2 0 2 1 1 3 1 0 1 3 2 1 4 5 2 1 2 2 4 1 0 2 1 1 2 2 1 0 2 5 2 3 1 1 3 2 3 1 2 1 5 2 2 0 3 1 3 1 2 3 3 3 0 1 4 4 6 1 1 2 1 2 3 2 3 1 2 1 3 0 2 1 4 2 5 3 4 3 1 3 2 5 4 1 1 1 2 1 0 1 3 1 1 4 5 2 1 2 2 0 5 2 3 5 2 4 1 3 1 3 0 3 4 1 3 0 2 3 2 3 2 3 2 3 1 0 2 0 2 1 0 1 0 3 6 1 3 1 1 1 2 1 1 2 2 1 2 1 2 1 2 1 1 4 2 0 1 3 1 2 1 2 1 0 1 3 3 2 1 3 4 0 1 2 1 4 3 0 0 2 2 1 1 4 4 2 0 3 0 3 5 3 4 2 5 5 1 0 3 3 2 3 3 2 2 2 1 3 2 2 1 2 3 3 0 1 2 3 3 0 3 1 1 5 1 1 2 2 0 3 0 3 1 1 3 3 3 2 2 3 2 4 3 3 1 1 2 2 4 1 5 1 3 2 2 2 0 4 2 2 4 3 1 3 0 3 1 3 3 3 1 4 0 2 1 3 0 2 4 3 0 1 0 1 3 1 1 1 4 0 4 2 3 4 3 3 4 3 2 4 1 1 0 1 3 2 2 2 2 1 1 3 2 1 1 2 1 1 2 2 2 2 1 2 3 2 0 2 4 3 3 5 0 1 3 1 2 1 2 1 0 0 4 4 0 4 1 2 2 5 3 1 1 0 1 4 5 1 4 0 1 3 5 3 5 0 0 3 1 1 1 1 2 3 2 1 1 2 0 3 2 0 5 1 2 2 1 2 2 2 2 1 4 0 0 0 1 2 2 3 2 0 4 4 0 2 0 2 2 1 0 1 7 4 2 3 1 1 3 1 2 3 1 3 2 3 0 2 3 1 2 1 1 3 3 0 1 4 6 2 2 1 3 2 2 1 3 4 3 6 3 1 3 0 1 6 1 1 3 2 3 0 0 2 1 5 1 1 0 0 0 0 3 3 1 4 2 0 0 3 3 2 3 1 0 1 3 2 1 3 0 2 1 3 5 1 1 2 0 1 1 0 1 3 2 1 1 0 1 3 1 1 5 1 0 1 0 2 2 6 2 1 4 1 1 1 2 3 2 0 4 2 2 2 1 3 2 1 3 3 0 4 1 3 1 2 1 2 2 3 1 1 2 2 2 0 1 4 3 3 3 2 1 1 2 1 3 3 4 4 1 0 1 2 3 3 2 2 3 0 2 0 1 4 5 5 5 1 0 1 1 1 3 1 0 3 2 0 2 1 1 1 3 2 5 0 0 1 3 1 3 2 1 0 1 4 2 4 2 1 4 1 2 0 3 2 0 3 0 1 0 2 1 3 3 0 2 2 2 1 1 4 3 4 4 5 2 0 1 2 3 2 2 0 3 0 4 3 3 2 3 0 3 2 1 1 4 1 0 1 1 0 6 5 3 1 1 1 1 3 0 2 1 4 3 5 3 2 2 3 0 1 5 3 3 1 1 0 1 1 2 1 2 1 3 3 0 0 2 1 2 3 2 3 5 2 0 1 1 3 0 1 3 4 2 2 3 1 2 2 0 2 3 2 2 0 3 2 1 2 1 4 3 1 1 4 1 0 1 4 2 2 2 3 3 3 1 1 1 5 3 0 0 0 2 2 2 0 2 3 5 1 1 1 3 3 3 2 0 3 4 2 2 1 4 0 0 5 0 2 2 1 0 2 2 2 5 1 1 1 1 2 3 0 2 1 2 2 2 0 1 1 2 3 1 1 2 2 0 1 1 1 3 2 7 3 3 2 0 1 0 2 0 2 2 2 1 3 5 2 1 3 0 1 3 2 1 2 3 1 0 0 2 0 0 3 1 0 4 2 4 1 1 1 1 2 1 0 1 1 2 3 3 1 1 5 3 1 4 0 2 1 2 2 0 1 4 4 0 1 1 3 5 1 2 0 2 1 1 1 4 1 4 0 6 2 4 1 1 1 1 5 3 0 2 4 3 2 4 0 3 0 3 1 1 2 3 4 0 3 0 1 3 1 2 1 3 0 4 3 1 2 1 2 1 3 2 1 1 5 0 1 1 0 1 2 2 1 1 3 2 3 0 3 5 1 2 0 1 1 1 2 3 2 4 3 2 1 3 3 0 0 1 4 6 3 2 3 3 2 2 1 3 1 2 0 1 2 0 1 6 0 3 0 2 2 2 2 0 1 3 4 1 1 3 1 1 0 4 2 3 0 4 1 2 0 1 1 0 2 2 0 0 3 5 2 4 2 3 2 2 1 1 1 5 2 4 3 1 1 1 2 5 3 3 3 4 0 6 2 3 2 3 0 2 0 1 4 2 2 3 0 2 0 3 3 2 2 1 1 2 2 2 2 2 3 0 1 2 2 4 4 2 2 3 5 2 3 0 2 1 5 2 3 3 2 3 4 2 2 0 0 2 1 2 3 0 3 2 3 0 0 2 3 2 2 1 2 3 5 0 1 2 3 1 2 2 2 1 0 4 4 2 3 3 2 3 2 0 6 0 1 0 1 2 0 3 1 4 0 0 3 4 3 4 1 0 3 2 2 1 0 3 0 1 2 4 1 3 1 4 2 2 1 1 1 3 1 1 4 3 1 5 2 2 4 1 2 1 3 1 1 3 3 3 0 0 3 2 2 6 2 1 2 1 1 2 4 1 4 4 2 2 2 1 2 1 2 1 0 2 2 0 2 2 1 2 0 3 2 2 2 1 4 2 4 1 0 4 2 3 1 1 0 4 2 0 2 2 5 1 1 4 3 3 1 2 2 2 1 1 4 1 2 0 1 2 2 1 1 2 1 2 2 1 1 4 3 2 4 0 2 1 0 0 2 3 1 2 2 2 0 3 1 1 0 4 2 1 3 0 2 4 3 2 1 3 4 1 1 1 4 2 3 5 2 1 4 1 1 1 1 2 3 2 2 2 1 2 1 1 2 1 0 5 1 3 2 0 3 1 1 6 3 5 3 1 0 1 1 2 0 2 0 0 4 4 1 0 2 1 2 2 1 0 2 1 3 0 3 3 2 0 1 3 2 1 3 2 0 1 1 1 0 4 3 2 1 2 1 4 2 3 3 1 2 1 2 3 4 4 2 2 1 3 3 2 1 2 2 4 3 0 2 1 3 1 2 2 2 2 1 3 1 3 2 4 3 0 3 2 1 0 4 1 3 1 3 2 2 3 1 4 4 1 0 0 3 2 3 3 2 5 2 3 1 1 1 1 1 2 3 3 0 2 3 3 1 0 2 3 1 2 2 3 2 5 4 0 1 0 1 3 0 2 1 6 2 1 2 2 2 2 3 2 5 3 1 1 1 0 2 2 0 2 2 1 1 5 4 2 0 1 3 1 2 2 3 7 2 1 4 0 1 2 0 2 2 1 0 1 2 3 0 0 2 3 3 4 1 0 4 3 2 0 3 2 1 2 0 1 2 1 2 2 2 3 2 1 1 3 0 0 3 4 0 2 4 3 1 1 2 1 0 5 3 1 0 2 2 2 1 2 1 1 3 3 0 1 3 0 0 2 1 2 1 4 5 2 1 1 3 2 2 1 1 2 5 2 2 3 3 2 4 3 3 1 4 0 0 1 2 1 1 1 2 0 2 5 1 2 4 3 1 3 1 2 2 5 1 0 3 1 3 4 3 2 2 2 5 1 3 2 1 3 4 2 1 0 2 4 2 1 2 1 4 1 2 1 4 1 4 3 1 2 1 2 2 1 1 1 4 2 1 1 3 4 3 3 2 2 1 1 2 4 3 3 2 2 2 2 1 0 1 0 2 3 2 2 5 1 1 1 5 4 3 0 7 1 1 2 4 2 2 0 0 3 1 4 2 3 2 3 2 4 3 3 5 3 2 0 0 3 0 0 2 4 4 1 2 2 1 2 2 1 1 3 3 4 0 1 1 5 3 3 2 2 2 3 3 1 1 3 0 1 3 1 0 4 3 6 2 4 2 1 2 2 1 3 0 1 1 0 4 3 1 1 1 3 1 1 2 1 1 2 1 1 1 2 2 3 1 1 2 1 1 2 1 3 2 2 4 2 1 1 0 4 1 2 1 2 2 0 1 6 2 2 2 3 3 0 0 1 2 0 2 4 1 2 3 0 2 3 3 3 1 3 3 2 1 2 1 1 3 1 4 3 1 2 1 2 3 4 1 2 3 4 4 1 0 1 2 2 2 3 3 2 2 2 3 1 2 4 0 2 2 2 1 4 1 1 2 1 2 2 4 1 2 5 2 3 2 2 1 2 4 3 2 1 3 2 2 2 4 1 4 3 0 2 1 1 2 0 2 2 2 1 1 0 3 1 0 3 2 3 5 1 0 3 2 2 4 3 3 1 1 3 2 1 2 4 0 0 4 1 0 0 0 1 5 1 3 2 5 2 2 2 2 1 1 3 2 1 2 3 3 2 3 3 0 6 1 2 0 4 1 5 0 0 2 1 1 3 2 2 0 1 1 2 4 4 6 3 2 0 1 5 2 2 1 6 1 1 4 1 3 2 1 3 4 2 1 1 2 2 3 1 4 3 4 1 0 3 0 1 3 0 1 3 0 3 5 3 2 3 3 2 1 4 2 4 0 2 2 2 2 5 1 0 4 2 0 2 3 2 2 3 1 1 2 3 2 0 3 3 2 0 1 6 1 4 4 2 1 2 1 1 0 3 3 1 6 0 0 3 0 3 4 3 1 0 2 1 0 1 2 2 4 4 2 2 1 2 2 1 0 0 2 2 3 1 2 0 3 1 5 3 4 0 3 0 4 2 2 2 0 0 4 2 4 3 6 0 1 2 2 3 2 0 2 3 3 1 2 2 3 3 3 0 1 1 1 2 4 2 1 3 1 3 2 2 2 0 2 0 0 2 3 2 2 3 2 2 1 1 0 1 4 2 3 0 1 1 2 1 2 2 2 2 1 1 2 2 3 1 1 2 5 0 1 1 2 1 1 1 2 2 2 3 2 1 1 5 0 1 4 5 2 2 1 1 1 0 1 2 3 3 0 5 3 1 0 1 1 4 0 2 1 2 2 3 3 1 1 2 0 1 0 4 1 3 2 3 2 2 0 5 4 4 4 2 2 2 1 1 1 2 1 3 2 2 4 3 2 3 2 1 0 1 0 3 4 1 3 1 2 2 0 3 3 1 1 3 3 3 1 2 2 5 1 1 0 1 0 3 3 3 1 0 0 5 3 1 2 4 2 1 1 5 1 1 3 1 0 1 4 2 3 3 5 1 1 0 5 2 1 3 4 2 3 2 2 2 2 2 1 2 2 1 3 3 4 0 1 2 2 1 3 2 2 4 3 1 4 2 0 1 3 1 3 1 1 3 0 6 0 1 1 0 0 1 2 3 2 0 0 2 1 2 4 2 1 2 2 1 1 1 3 2 1 2 2 2 0 0 4 1 0 0 1 6 2 2 3 2 1 0 2 3 2 2 1 3 1 3 4 1 2 4 1 0 1 2 2 1 4 3 0 2 2 3 1 1 0 1 1 1 2 1 2 1 0 2 2 2 1 1 3 3 1 0 2 2 2 1 0 2 4 1 1 1 3 2 2 0 5 3 3 1 0 2 3 0 2 1 1 2 5 6 3 1 3 1 0 4 3 1 5 2 2 1 1 2 2 2 4 2 1 0 3 3 1 2 1 2 1 1 4 0 3 2 6 1 0 1 0 2 2 2 2 2 1 3 3 1 1 1 1 4 2 3 2 5 1 2 1 1 2 2 1 1 3 2 2 1 2 2 2 4 0 3 2 2 1 1 3 1 0 1 0 4 2 3 2 3 0 5 0 0 2 1 0 3 2 2 1 2 2 3 3 2 1 2 1 1 3 1 1 5 0 1 3 1 2 0 1 0 2 2 2 0 2 5 2 4 2 1 0 1 1 1 4 1 4 0 0 2 4 2 0 3 3 0 0 2 3 2 3 2 0 1 1 1 0 0 1 2 3 1 2 2 3 3 0 0 1 1 1 1 1 4 5 2 1 0 2 1 2 2 1 2 3 3 3 3 1 3 1 3 1 4 1 2 0 1 3 1 2 1 3 2 1 4 0 3 2 1 2 2 1 1 4 0 4 1 3 1 1 3 2 1 2 3 1 2 4 1 3 1 3 0 2 1 2 1 4 1 1 1 2 1 3 3 0 4 2 2 2 2 2 0 1 2 0 2 2 1 3 0 2 2 3 3 2 3 0 3 2 2 2 2 2 1 1 1 2 2 4 0 2 4 0 1 1 1 3 5 3 1 0 2 0 1 3 2 6 1 1 4 2 1 1 1 2 1 4 3 1 1 2 1 2 2 2 2 1 2 3 2 1 4 1 4 2 1 3 0 1 1 3 2 1 1 2 1 5 2 3 3 6 2 1 1 0 1 3 2 2 3 1 2 1 5 3 4 3 1 0 0 2 3 2 0 3 1 0 2 2 0 2 1 5 2 2 1 0 2 1 6 1 2 2 0 4 1 2 1 3 1 3 0 4 2 1 1 3 4 2 0 3 1 2 2 0 1 1 1 3 2 2 0 2 1 3 2 2 0 0 2 1 2 3 1 3 2 3 2 3 2 2 5 1 4 2 2 2 2 2 2 0 1 4 2 1 1 2 2 1 1 2 4 0 0 2 1 1 0 1 1 4 4 2 5 1 0 1 0 2 2 2 0 3 4 0 0 0 1 1 2 3 2 3 1 1 5 4 1 0 2 3 1 1 1 2 1 1 2 1 3 0 1 1 1 6 2 3 1 1 3 1 2 4 2 2 1 2 1 1 1 0 5 2 2 2 5 1 0 2 0 2 5 2 4 2 3 0 2 4 1 4 3 2 2 0 2 0 3 3 2 4 4 0 0 3 2 0 1 0 2 0 1 0 2 1 4 4 4 2 3 1 1 2 0 2 0 2 4 1 3 3 2 2 2 3 2 3 2 1 0 1 3 2 5 4 0 2 2 1 1 2 3 1 1 1 7 1 2 0 1 2 2 0 2 7 1 2 4 1 1 1 2 3 2 2 2 2 2 2 3 1 1 0 2 1 5 1 1 0 1 3 3 0 1 2 2 0 3 2 2 2 1 4 1 2 2 0 1 1 0 0 0 0 1 3 1 4 2 1 1 4 1 0 2 1 2 3 5 1 2 0 2 4 1 2 3 3 2 1 4 1 1 0 3 1 4 1 1 4 3 1 2 4 0 1 1 2 1 2 0 3 2 0 2 3 3 3 0 3 1 3 1 2 3 4 0 2 0 3 3 2 5 1 3 4 5 0 1 3 0 2 0 6 3 0 6 4 1 1 1 2 1 3 4 2 0 3 2 1 3 2 3 1 1 2 3 1 4 0 1 2 0 2 5 2 1 2 1 1 1 2 4 1 4 3 4 1 1 3 1 1 2 2 2 3 3 1 3 2 4 5 4 1 0 1 2 1 2 0 3 1 5 2 2 1 1 0 0 3 2 0 2 4 1 1 1 2 0 2 1 4 3 1 2 3 3 1 2 2 3 0 1 3 2 3 1 1 4 2 2 4 1 0 1 1 4 3 3 0 1 2 3 1 3 0 1 1 2 1 2 2 0 2 2 1 1 5 1 0 2 7 0 3 2 2 2 3 1 3 2 3 1 3 3 2 1 3 2 2 1 3 1 1 1 1 1 3 1 1 1 2 4 1 4 2 4 1 4 4 3 1 1 3 1 2 1 0 1 1 4 6 3 3 1 4 1 1 0 0 1 1 1 5 1 2 3 2 1 1 3 4 2 1 2 2 2 1 0 4 5 0 2 2 2 1 1 0 2 0 2 2 1 0 7 0 1 2 4 1 3 2 4 2 2 4 3 1 3 1 3 0 1 1 2 2 2 1 1 1 7 2 3 0 0 1 3 1 2 0 0 0 2 1 1 0 2 0 2 2 0 0 3 1 1 1 3 1 3 2 1 0 2 1 2 4 1 1 1 2 2 2 3 1 2 1 2 0 1 0 0 2 2 4 2 2 3 5 2 0 0 2 2 4 1 2 1 3 2 4 2 3 1 1 2 1 2 0 2 0 4 1 1 0 3 4 1 1 5 3 1 2 2 2 2 1 0 1 2 2 2 1 2 2 2 3 1 3 2 0 1 3 2 0 3 2 2 0 4 1 0 2 1 3 1 2 1 6 1 0 1 0 1 2 2 2 4 3 2 1 2 0 3 2 3 0 2 2 4 3 0 2 1 2 2 2 4 2 3 3 3 4 2 0 0 3 3 1 0 3 2 2 0 2 2 1 3 2 2 3 3 2 2 1 2 2 1 2 1 4 1 1 1 5 4 1 2 1 4 2 2 2 2 1 1 2 3 2 3 0 3 5 1 1 0 3 3 3 3 2 2 2 2 2 1 2 1 2 4 0 2 1 3 3 2 1 3 2 3 1 5 5 3 1 0 2 2 1 3 3 2 3 2 1 2 3 2 1 1 0 3 0 1 2 2 1 1 4 3 1 1 0 3 2 4 2 2 1 1 2 1 1 2 2 3 3 3 0 1 1 1 2 0 2 1 2 4 1 1 4 1 1 4 2 2 2 1 2 1 1 2 2 2 2 1 0 0 4 4 2 3 3 1 2 4 0 2 1 3 1 3 3 1 0 6 0 2 1 2 0 3 3 1 4 1 0 2 4 1 3 4 3 3 3 1 1 0 2 2 3 3 1 1 2 1 2 3 2 1 0 3 5 2 1 3 2 5 2 2 2 4 0 3 3 1 1 0 2 1 3 2 0 3 1 6 2 3 1 2 2 1 4 0 1 0 5 1 0 1 1 2 0 1 3 0 5 2 0 4 1 1 1 1 2 2 0 3 1 2 3 1 2 2 6 1 2 3 3 4 1 2 3 4 4 4 2 2 2 2 0 1 1 0 1 5 2 1 3 4 3 2 0 1 1 1 2 4 4 3 4 1 1 0 3 2 0 3 3 2 0 2 3 2 0 1 3 3 1 3 4 2 4 1 0 1 2 2 3 2 2 2 1 3 0 2 3 5 1 1 0 2 1 1 4 2 2 3 1 0 2 4 2 1 2 3 3 3 1 2 2 0 0 4 2 1 2 6 0 0 1 1 6 1 3 5 1 1 1 4 4 2 2 1 1 1 3 2 2 1 2 1 2 3 2 2 1 2 2 0 4 2 0 4 2 1 5 2 2 5 2 1 2 3 0 2 3 4 2 2 5 4 4 0 0 1 0 3 0 2 5 1 1 0 2 2 3 6 1 2 1 1 1 1 0 1 3 3 1 2 2 2 4 4 2 2 0 2 1 1 3 1 2 0 1 1 3 4 2 3 4 2 2 3 1 3 1 1 0 2 5 1 1 1 0 4 1 1 2 2 1 2 4 2 3 1 3 2 1 1 2 2 1 2 2 0 2 2 6 1 1 2 2 1 1 1 4 2 4 5 1 2 0 3 3 2 2 2 3 2 4 5 3 3 3 0 4 1 3 1 3 1 1 4 1 1 1 2 2 2 2 0 4 1 1 2 1 1 3 0 1 3 1 1 3 2 5 4 1 0 1 2 1 3 2 1 3 8 1 2 1 3 0 1 3 2 4 2 1 0 3 1 1 4 2 1 5 3 1 1 0 2 1 2 5 4 2 3 3 2 0 0 0 3 0 2 4 1 2 2 2 3 4 2 2 0 2 1 0 1 3 1 5 3 3 4 0 2 0 2 2 2 3 3 4 1 3 2 2 3 3 2 2 0 3 2 5 2 2 2 3 2 1 5 3 2 1 2 2 1 1 1 5 0 0 0 2 2 2 2 3 2 1 2 0 3 2 1 1 1 3 1 2 6 0 1 1 0 1 2 2 1 3 2 1 1 2 5 5 0 0 1 1 4 1 0 4 0 4 1 0 1 1 2 3 0 1 2 0 1 1 2 3 3 1 2 4 2 0 3 2 3 0 2 2 2 3 2 0 5 5 2 0 1 0 4 4 0 2 2 1 1 2 2 3 1 2 1 1 0 5 2 1 0 0 3 1 1 2 3 5 1 4 2 5 2 0 3 0 0 1 3 0 1 2 3 2 0 7 1 2 2 1 1 1 1 3 1 1 3 4 1 4 0 0 5 3 1 1 4 0 1 2 2 1 0 3 0 1 5 3 2 1 3 2 3 1 5 1 2 2 3 2 1 0 5 2 1 2 2 4 1 1 4 3 1 0 1 3 3 1 6 0 1 2 2 2 5 1 0 2 1 0 5 4 3 5 2 1 1 2 5 4 4 0 0 3 3 1 1 2 3 1 6 1 0 1 1 3 2 3 2 4 4 0 2 2 0 3 2 3 2 2 2 2 1 1 2 3 6 2 2 1 4 1 2 1 1 1 0 1 1 1 3 3 0 3 2 4 0 1 4 2 3 1 4 3 1 4 3 4 1 3 0 3 1 1 3 1 0 0 1 4 2 1 1 2 4 2 1 6 1 2 3 0 1 1 4 1 0 0 2 3 1 1 1 2 2 4 3 2 1 3 2 3 2 1 1 2 0 2 0 1 3 2 1 0 1 5 2 2 0 3 3 3 3 2 0 2 2 1 3 4 3 2 1 4 4 0 2 0 2 4 1 3 2 0 2 1 2 2 3 6 3 3 2 3 2 2 3 1 0 3 1 3 3 1 0 3 0 0 3 3 2 1 2 1 2 2 4 1 2 4 0 0 1 3 2 4 3 3 2 1 2 2 0 0 2 5 2 3 0 2 3 0 3 2 2 3 2 0 2 3 1 1 2 2 1 3 2 1 2 1 3 3 3 3 2 1 1 1 4 0 1 1 1 4 2 1 1 3 2 2 2 2 1 0 3 3 1 1 2 5 2 3 1 1 2 2 2 1 2 3 4 2 3 1 3 1 3 0 2 2 3 3 4 1 2 2 1 1 4 0 5 1 2 3 1 0 2 1 3 3 1 1 4 0 4 1 0 2 3 1 3 5 0 4 2 1 3 2 1 1 2 3 3 3 1 1 0 2 5 1 4 2 1 1 1 2 2 3 2 2 0 1 3 1 2 2 0 2 3 2 3 4 1 3 2 3 0 1 5 2 2 0 2 1 0 4 2 2 0 2 1 2 5 2 3 4 3 2 0 1 0 1 2 6 1 0 1 3 1 1 2 2 0 2 3 5 4 1 3 1 2 1 3 4 1 2 2 1 2 1 1 3 2 2 1 3 2 0 1 4 3 5 0 2 5 1 0 1 1 2 3 2 4 1 1 3 4 1 1 4 0 2 2 1 1 2 1 4 1 1 2 3 1 0 2 0 5 1 2 2 3 1 5 3 3 1 3 0 2 1 0 0 3 2 3 2 2 2 4 2 1 1 1 2 1 3 1 5 2 1 1 1 1 1 2 1 3 3 3 3 0 2 0 1 4 0 2 2 2 1 3 3 3 1 1 2 1 0 1 0 0 2 0 0 1 2 2 5 1 5 5 1 1 1 1 0 2 3 3 3 3 1 2 0 3 1 2 3 2 2 2 2 0 2 0 1 0 0 2 1 0 4 3 3 2 1 1 1 0 2 0 0 4 4 1 3 1 2 5 2 3 1 2 3 1 2 5 2 1 3 0 1 0 1 0 3 3 0 0 6 1 0 3 5 3 2 2 3 2 1 0 1 4 1 0 4 1 2 1 3 4 2 2 2 2 1 3 2 2 3 1 3 2 3 1 1 3 0 3 2 2 2 2 2 5 1 1 2 1 1 5 5 4 1 2 4 0 2 1 2 1 2 0 2 1 0 6 1 2 2 2 2 2 1 4 0 0 3 2 0 3 1 2 3 2 2 1 4 1 1 2 2 0 3 0 1 2 3 1 2 2 2 3 1 2 2 0 3 3 2 2 2 1 4 4 0 2 3 2 3 3 0 0 5 1 4 2 3 1 3 3 0 2 3 1 0 0 1 0 1 0 2 4 1 2 5 0 3 2 1 5 2 0 1 2 0 2 1 3 0 3 2 3 4 0 2 5 3 1 0 5 3 0 2 2 4 2 3 2 1 0 1 1 3 0 3 0 2 2 2 4 2 3 1 2 2 2 1 1 4 2 3 4 2 1 0 0 3 3 1 2 2 1 1 3 4 2 2 5 3 1 2 1 0 2 0 1 2 2 4 3 2 0 1 1 0 3 2 3 4 3 0 1 4 1 2 1 1 1 0 1 2 5 2 2 2 2 0 0 0 2 0 1 4 2 2 1 6 5 1 2 1 1 0 1 3 4 0 1 1 0 1 4 1 1 3 2 4 2 3 4 3 3 2 2 1 2 2 1 4 2 2 1 1 2 3 1 4 0 4 3 0 0 3 1 2 3 2 0 2 2 5 1 1 1 0 0 3 0 3 2 3 0 1 2 3 4 3 0 1 3 2 3 4 0 2 0 3 3 3 1 0 2 0 1 6 4 3 3 3 0 0 4 2 3 1 3 1 1 1 2 5 3 3 1 4 1 2 2 0 3 1 4 3 2 2 1 0 0 1 4 0 4 1 2 1 2 1 1 1 1 3 4 2 1 3 2 2 2 1 2 1 2 4 6 5 3 1 0 4 5 1 3 2 4 3 5 2 0 2 1 2 1 1 1 1 2 4 0 0 3 2 2 1 3 3 3 1 1 1 2 0 4 2 3 4 3 2 3 0 1 3 1 1 4 1 1 2 3 2 2 1 3 1 4 1 4 1 0 0 0 2 2 0 5 0 4 5 2 2 0 3 3 0 1 6 1 0 3 1 0 1 1 4 3 4 2 3 1 2 2 1 1 3 0 2 4 1 3 4 0 0 2 2 1 3 3 3 2 2 3 1 0 2 1 2 1 1 2 1 4 1 4 1 0 1 4 0 1 1 3 2 1 3 1 2 0 1 2 3 2 2 3 0 2 1 0 3 0 1 2 2 3 2 1 0 1 2 0 0 2 2 1 1 1 1 4 1 1 4 1 3 1 0 0 4 0 0 7 1 3 2 1 2 1 0 5 2 4 3 0 3 0 2 3 3 0 6 0 2 3 1 0 0 3 3 2 0 1 1 3 0 1 3 4 2 0 4 0 1 1 1 4 3 1 1 4 2 1 3 1 1 1 0 1 2 0 5 0 0 2 3 1 1 1 0 0 2 0 0 4 3 5 4 1 3 2 2 1 1 2 2 2 3 1 1 5 2 3 2 0 1 1 2 3 2 0 3 3 0 1 1 2 4 2 1 3 0 1 1 2 1 3 1 0 3 5 3 2 4 0 1 3 0 0 0 3 1 2 1 0 3 3 1 1 4 2 2 2 2 1 1 1 1 2 5 4 3 2 2 3 1 1 0 3 2 4 2 1 0 0 2 1 2 2 2 2 1 2 4 1 3 4 1 0 2 1 3 4 1 2 4 0 3 1 1 1 1 1 2 4 4 4 4 1 2 1 2 0 0 1 1 2 2 2 4 0 4 1 3 1 4 5 1 1 2 4 1 2 0 3 1 0 2 0 2 0 0 4 3 2 1 0 1 1 5 2 2 2 1 5 2 1 3 4 0 3 1 1 2 4 1 1 0 3 2 0 2 1 2 1 2 1 2 4 1 1 3 2 2 1 1 1 1 1 1 3 2 3 1 1 3 0 3 3 1 1 2 2 1 5 2 4 0 1 2 2 1 1 1 4 2 2 2 0 2 3 2 2 2 1 1 3 2 2 1 0 2 3 1 3 2 4 3 4 0 0 3 0 1 2 1 3 2 1 4 1 2 1 1 3 3 1 1 4 2 2 2 4 1 1 0 3 0 4 1 0 1 2 2 2 2 1 4 1 1 4 1 1 0 0 1 2 2 0 3 2 2 4 1 2 4 3 4 1 1 2 0 1 3 0 3 0 2 1 1 1 0 1 0 3 2 2 3 3 1 3 1 0 2 1 1 2 1 1 3 1 2 0 1 2 1 0 2 0 4 4 2 0 4 3 3 2 2 0 2 3 4 0 2 1 3 2 2 0 1 0 4 3 3 2 2 2 5 2 1 2 2 3 2 1 2 3 1 3 0 4 2 1 2 0 3 3 2 3 4 5 4 3 2 1 1 1 0 1 4 0 4 2 2 2 3 1 1 1 3 0 2 2 2 1 2 2 5 0 3 3 2 3 0 1 1 1 2 0 2 2 0 5 2 0 2 2 2 5 2 4 2 0 3 1 0 1 1 2 0 2 5 2 3 0 2 1 1 0 2 4 0 3 2 1 1 2 1 2 1 2 1 2 1 4 3 0 2 3 1 2 0 1 1 2 3 1 3 2 4 3 3 1 0 3 3 2 1 2 0 2 3 1 1 2 3 1 2 3 4 3 0 2 0 1 0 3 1 2 2 2 3 2 2 3 2 1 3 3 1 1 3 0 0 3 2 1 0 3 2 1 1 5 2 1 1 0 6 3 0 0 4 2 3 1 2 5 3 4 1 1 3 1 1 2 3 0 0 2 4 4 1 1 3 4 2 1 2 1 3 2 1 0 3 4 2 0 0 2 3 0 0 4 2 0 4 0 2 1 3 2 3 2 1 1 2 1 2 2 1 1 2 2 2 2 0 5 2 1 2 1 0 2 9 1 0 1 1 4 2 3 5 2 3 0 0 2 5 1 2 1 2 3 4 1 3 2 2 1 0 1 0 5 5 0 2 1 3 2 4 2 3 0 5 4 2 3 0 3 3 2 0 2 3 0 2 2 3 3 2 1 2 1 2 0 0 1 3 2 2 3 3 0 2 1 2 2 1 2 2 0 4 1 1 2 4 1 2 5 1 2 2 2 3 2 3 2 3 1 2 4 2 2 1 0 0 4 2 1 4 8 2 2 1 1 1 0 0 2 2 1 2 2 4 0 2 2 2 2 3 2 3 0 5 3 4 2 0 2 1 2 5 2 4 0 1 3 1 1 3 1 3 1 4 4 3 2 4 0 4 0 2 0 2 2 1 0 1 1 2 2 2 3 1 1 1 4 0 2 4 2 2 2 1 2 3 1 3 2 2 2 3 1 0 3 2 0 2 2 3 4 4 1 1 2 2 3 1 2 1 3 3 1 1 1 1 0 1 2 3 2 3 0 2 2 2 2 1 3 3 0 5 3 1 0 2 4 1 3 2 1 4 6 1 0 2 2 3 5 3 2 2 1 3 2 1 4 0 1 3 2 0 3 1 0 3 1 2 1 4 1 1 0 2 1 2 3 0 2 1 2 1 1 1 1 4 2 2 2 1 1 4 1 2 1 2 1 5 2 1 1 0 2 2 5 1 0 2 3 3 2 2 4 3 0 3 0 1 4 3 4 1 2 3 1 1 3 2 3 1 3 1 4 2 2 1 2 1 2 1 2 0 1 1 0 2 1 3 4 3 2 2 2 0 3 3 0 2 5 0 1 2 3 2 2 2 2 2 3 1 4 1 3 1 1 0 0 4 3 3 1 5 1 1 2 2 1 1 2 1 2 2 2 3 2 2 1 2 3 0 1 3 5 1 2 1 2 2 2 2 1 0 0 2 2 1 2 2 6 0 2 1 1 5 2 1 0 4 1 2 2 3 2 3 2 0 2 1 4 4 3 2 1 1 3 3 2 0 0 2 2 2 2 1 4 1 3 6 1 2 0 3 2 5 2 4 0 3 2 1 5 3 0 4 4 0 3 0 0 2 3 1 1 1 2 2 2 1 1 3 3 2 2 0 0 1 2 4 2 1 3 2 1 2 1 0 0 5 1 3 0 4 0 1 6 1 2 4 0 4 1 2 2 2 2 2 0 3 1 4 3 2 0 3 0 2 2 2 1 1 2 1 1 2 4 1 0 1 1 4 2 2 2 2 4 0 2 2 0 2 5 2 2 3 2 4 2 0 3 1 1 0 1 2 2 1 4 4 1 4 3 1 0 3 1 0 2 2 2 2 0 1 0 2 1 0 2 0 3 1 2 2 4 2 2 2 2 4 2 2 2 2 4 2 2 1 4 2 2 2 3 1 0 3 3 4 4 3 1 4 1 1 0 2 0 5 4 3 3 2 0 2 1 1 1 3 0 0 1 2 1 2 3 4 2 4 2 2 1 5 0 1 2 3 2 1 5 1 3 0 2 2 3 3 3 0 5 2 2 1 1 4 3 1 1 1 3 1 2 1 2 1 2 1 2 2 2 3 3 0 5 2 1 5 2 2 2 4 1 2 3 1 4 1 5 1 2 0 2 1 2 1 4 3 4 0 3 2 3 1 2 3 3 0 5 1 5 2 2 0 2 3 2 0 4 2 2 1 2 1 5 2 1 2 0 2 0 3 0 1 4 0 3 5 1 2 0 0 1 3 4 1 1 1 4 1 3 0 1 1 1 3 2 4 1 2 3 2 0 2 5 4 5 3 3 3 1 3 1 3 0 2 2 2 2 4 2 0 3 1 3 2 2 1 0 0 5 1 3 2 4 3 2 3 2 4 1 0 1 1 1 2 1 5 0 3 3 3 2 3 2 0 3 2 1 3 1 0 2 3 2 2 3 0 2 5 1 2 2 1 2 1 3 1 3 2 2 2 5 1 0 2 2 2 1 2 2 2 3 1 3 1 1 3 4 3 2 1 1 0 1 0 5 3 1 0 4 1 2 2 0 4 2 2 2 2 3 2 3 2 0 1 1 0 4 1 6 0 4 1 1 1 1 4 0 0 1 3 1 2 0 2 1 2 1 1 2 0 1 1 3 1 3 6 2 2 2 2 1 1 4 2 1 4 6 1 0 2 3 2 1 3 2 0 1 2 2 2 3 3 2 2 1 2 4 5 2 0 2 3 0 3 0 1 5 1 8 1 1 0 0 3 2 4 2 3 5 1 2 2 2 1 3 2 0 1 1 1 2 1 1 3 1 2 2 3 2 3 1 1 2 1 1 1 3 1 0 3 3 1 2 5 1 0 1 4 1 2 4 0 3 1 1 4 2 0 2 4 0 1 0 0 1 2 2 0 1 2 2 0 2 3 1 3 2 2 4 3 1 1 2 2 3 1 3 2 4 4 1 0 1 1 3 3 2 2 2 0 1 1 3 3 1 1 4 2 4 1 1 2 2 3 2 1 3 1 3 3 1 2 2 1 2 0 2 3 1 2 4 7 0 0 1 3 1 1 3 1 2 2 1 3 0 2 1 1 0 1 3 0 2 5 1 2 3 2 3 2 4 3 2 1 2 2 3 2 2 1 1 0 1 0 1 2 3 0 1 4 3 1 4 1 2 1 1 3 3 3 2 1 1 1 1 3 1 2 0 1 3 3 2 1 3 0 3 3 2 3 3 1 2 0 8 2 3 2 2 3 4 2 1 1 3 5 2 1 4 2 1 4 2 2 1 2 2 2 0 2 0 6 3 1 4 0 2 0 2 2 0 1 2 2 1 3 1 2 3 0 0 5 3 1 2 2 2 2 2 1 0 3 2 4 1 1 2 3 1 3 2 5 2 2 2 0 3 3 0 1 2 6 2 2 0 1 3 3 2 2 2 2 2 2 3 6 3 2 2 0 2 2 1 4 3 0 0 2 2 2 2 4 3 1 1 0 4 3 1 0 2 3 2 3 2 4 1 1 1 1 4 2 1 2 3 1 1 1 0 1 5 0 2 0 2 6 1 1 2 2 1 0 2 2 5 6 4 1 3 1 0 2 2 3 1 2 4 1 2 1 3 1 1 3 1 3 1 2 2 2 2 2 2 0 1 4 1 0 5 1 3 3 4 3 0 1 4 1 2 5 0 0 2 2 4 2 4 2 0 1 0 2 4 2 3 1 5 2 4 5 0 3 1 1 3 0 5 2 2 2 1 2 1 2 1 6 2 2 1 1 3 2 3 2 2 2 0 1 2 3 2 1 3 2 1 0 1 4 1 1 0 2 2 2 2 1 3 0 2 0 0 0 3 1 2 0 2 3 4 2 3 5 3 3 2 0 2 3 2 1 2 1 3 2 2 2 2 0 1 1 0 0 1 2 0 3 2 2 1 1 2 2 1 2 3 0 0 1 1 2 4 1 1 0 2 2 1 1 3 3 3 2 0 1 0 1 2 3 5 1 1 1 2 2 4 3 2 6 0 4 1 2 1 3 2 0 2 0 1 4 2 3 4 2 1 1 1 2 3 0 1 1 1 2 2 1 2 2 1 1 0 1 3 3 4 1 0 2 1 1 1 4 1 0 1 0 3 2 2 2 2 1 2 0 2 2 1 2 2 3 2 1 1 7 4 1 1 1 2 2 1 5 3 3 2 2 0 2 2 6 1 5 1 1 1 1 1 2 1 0 0 4 4 1 0 3 2 1 4 3 0 2 1 1 2 0 3 2 2 3 4 2 2 1 1 1 2 3 1 2 2 2 2 0 1 4 6 5 2 2 1 2 3 1 4 1 2 2 1 3 3 2 2 2 1 2 1 1 1 5 4 3 5 3 2 1 1 1 3 2 1 2 0 2 4 2 1 5 1 2 1 2 1 3 5 5 0 1 1 3 2 0 2 3 1 3 3 2 1 2 2 2 2 1 2 4 2 2 0 0 4 1 1 5 4 3 0 2 1 3 3 1 3 3 2 0 1 6 0 2 1 1 2 0 3 2 3 4 0 0 0 0 2 1 1 3 2 4 1 6 1 3 3 1 1 2 1 2 3 1 2 2 1 2 3 1 3 0 2 3 1 3 2 0 3 2 1 2 2 1 5 1 2 2 5 3 0 2 2 3 1 0 4 1 2 3 2 1 3 1 2 3 3 3 2 4 0 0 1 1 2 1 2 0 0 3 1 1 2 2 4 1 1 2 4 2 4 3 1 1 2 1 2 5 2 1 2 3 3 2 2 0 2 1 2 7 0 0 1 0 1 3 2 3 0 4 0 2 0 2 1 2 2 6 2 1 2 2 3 2 1 0 1 1 1 4 0 1 4 1 3 4 1 4 2 1 1 3 1 1 2 2 3 0 0 1 2 2 4 0 1 3 1 2 0 1 2 3 5 0 0 3 1 1 4 3 2 0 6 1 2 2 0 3 4 0 1 1 3 0 0 2 0 3 1 2 3 3 1 0 4 3 3 3 2 2 1 2 3 1 1 2 0 1 0 0 3 1 2 4 2 0 4 3 1 2 0 1 4 3 1 1 3 2 2 0 4 6 0 1 3 2 1 4 3 0 2 4 1 3 2 2 1 3 1 3 0 3 2 2 3 1 1 2 0 2 1 2 1 2 2 1 1 3 0 1 2 2 3 1 1 0 5 5 0 0 1 2 1 0 0 0 7 4 2 1 2 2 0 1 0 1 3 2 2 1 3 1 2 6 1 1 3 1 3 3 0 1 0 0 2 3 0 4 3 2 1 0 2 0 1 5 3 5 3 2 0 3 0 2 2 1 2 0 1 2 3 2 2 2 1 1 5 3 0 1 2 1 3 1 1 0 4 3 2 3 2 3 2 2 1 2 2 2 2 2 1 2 6 2 2 0 4 1 1 1 4 3 3 2 3 1 4 1 0 4 1 1 1 2 4 3 3 2 4 1 4 3 1 4 3 3 5 3 1 1 0 5 1 3 5 2 2 1 4 1 0 1 3 2 4 3 2 3 3 0 1 3 1 1 2 1 3 0 2 0 1 2 1 4 1 2 2 1 1 2 1 1 1 1 3 0 2 4 3 2 2 0 1 3 1 0 1 3 2 0 2 1 2 3 3 1 4 3 0 3 3 2 4 4 0 0 4 2 1 5 1 1 4 2 2 1 3 2 2 5 0 2 1 2 3 1 4 1 3 2 1 2 3 2 0 1 3 5 1 1 1 3 2 3 2 3 3 3 3 2 5 2 1 2 1 0 4 3 1 1 4 1 4 3 3 4 0 1 0 4 2 2 4 1 1 1 3 1 1 0 1 1 1 4 3 2 0 3 2 2 3 1 4 3 2 3 1 3 2 1 2 1 1 3 1 2 4 0 2 3 4 2 5 2 0 2 2 2 2 3 2 1 1 3 6 1 2 1 3 1 4 1 3 3 3 1 4 1 4 5 0 0 3 1 3 1 0 1 1 2 5 4 2 3 1 2 2 0 1 0 2 4 0 3 2 5 2 5 4 1 1 5 1 4 4 1 1 0 3 0 4 0 3 0 2 3 3 1 2 1 4 2 3 1 0 0 1 1 2 3 4 1 4 0 3 1 4 2 2 3 0 0 1 2 2 1 2 2 1 6 3 1 3 0 0 1 4 1 3 5 2 0 3 0 0 0 1 3 4 2 1 1 1 0 1 3 5 0 3 2 1 2 1 1 2 2 0 2 1 1 3 2 1 2 1 2 5 1 2 0 1 6 0 2 2 3 0 0 3 3 2 2 0 3 1 1 2 3 0 2 2 2 1 5 1 4 1 2 2 1 4 2 1 1 0 2 2 2 0 0 3 1 2 3 1 2 3 2 1 2 2 3 1 2 1 0 1 4 1 2 4 1 4 3 0 1 4 2 1 3 0 2 3 1 0 3 1 2 2 2 2 1 2 2 4 5 1 0 1 3 3 2 2 3 3 0 2 2 1 4 3 2 1 1 1 3 2 2 1 2 1 2 3 1 5 1 1 1 0 0 1 1 3 3 2 4 3 3 1 0 3 2 2 3 2 1 2 3 0 1 2 3 1 2 0 3 2 3 1 0 5 5 2 1 0 1 1 3 3 0 1 1 3 0 5 2 2 2 4 2 0 1 3 1 0 1 2 3 2 3 1 5 3 4 2 1 1 3 2 2 0 2 5 4 1 4 1 2 4 4 1 3 2 2 2 4 1 0 3 4 1 1 2 0 4 2 0 3 2 1 1 6 3 0 1 3 0 2 2 4 1 2 0 1 2 1 2 2 1 2 0 3 4 1 2 2 3 1 1 0 3 1 0 1 3 7 2 4 4 1 0 3 2 1 0 1 2 5 1 1 2 3 4 2 4 1 1 1 4 4 2 1 3 1 4 1 4 2 1 2 2 2 1 1 3 1 1 3 4 5 2 2 2 1 0 0 1 2 1 3 2 2 1 2 0 4 3 0 1 2 3 3 1 3 1 2 1 5 3 2 1 2 2 1 0 4 4 3 0 0 2 3 1 4 1 5 1 2 2 5 0 4 0 1 2 4 3 2 1 3 3 1 1 2 3 1 0 4 2 4 0 1 0 1 4 1 1 1 1 3 2 2 1 1 4 4 5 3 1 3 1 3 1 5 2 3 3 1 2 0 3 1 4 1 2 0 1 1 3 4 1 3 5 3 1 2 3 0 3 4 1 4 2 0 1 1 4 1 3 2 5 0 2 2 2 1 0 6 3 3 2 1 2 3 2 2 1 4 2 0 7 2 0 2 5 2 2 4 0 0 2 1 3 3 4 2 1 1 4 3 0 4 2 1 1 2 3 2 2 1 2 2 2 4 4 2 0 0 1 3 3 2 1 2 1 3 3 4 3 1 1 2 1 2 1 1 3 0 2 2 1 2 4 2 2 3 2 6 2 1 2 2 0 0 0 2 4 4 1 1 3 0 0 3 2 2 0 3 2 0 4 2 3 2 0 2 4 1 1 4 3 3 3 0 1 1 0 4 1 2 2 5 4 2 3 0 2 1 2 2 3 1 0 3 2 2 1 2 3 2 1 2 1 2 2 2 1 2 1 3 3 2 1 2 4 1 3 1 4 0 3 0 1 0 3 3 2 3 1 2 3 1 2 1 3 3 1 2 1 1 0 1 1 2 2 0 9 0 1 0 0 1 3 0 2 2 3 0 1 0 1 4 1 0 3 1 3 1 2 2 1 1 0 3 3 2 2 1 3 5 1 3 2 0 1 0 2 4 5 4 3 0 0 1 3 0 4 1 0 1 3 4 4 1 1 0 2 0 3 3 2 3 3 0 0 1 1 1 2 1 1 1 5 1 4 2 1 2 1 3 3 0 1 2 2 1 0 4 1 3 0 3 4 0 1 2 4 0 2 2 4 1 3 3 0 1 2 5 4 0 3 1 1 0 10 0 2 2 1 3 1 3 3 3 1 0 0 1 4 3 0 1 3 2 2 0 2 4 0 1 3 0 2 2 1 2 3 3 2 4 5 1 3 2 0 3 1 2 3 2 3 2 2 1 2 1 0 1 2 1 2 0 5 2 1 1 1 1 2 1 2 3 5 1 3 2 1 1 3 1 2 2 0 1 2 2 3 4 1 2 4 0 1 3 3 1 2 4 0 2 3 3 1 4 0 2 0 1 2 5 2 3 2 1 0 0 1 4 1 3 3 6 2 1 3 5 2 5 2 2 1 2 0 2 4 4 0 0 0 1 4 2 4 3 1 2 4 3 1 2 2 2 1 2 2 0 0 2 0 5 2 0 3 1 3 0 4 6 1 5 1 3 0 0 3 2 2 1 3 1 1 2 3 3 0 3 0 2 2 1 4 4 4 2 2 1 1 4 0 2 3 2 2 3 1 5 5 2 4 2 2 0 2 2 2 2 1 5 3 2 1 0 2 2 2 2 3 2 3 0 0 3 2 2 2 1 2 1 2 3 2 2 1 3 2 4 1 1 0 3 0 2 1 1 2 5 3 2 1 1 4 2 4 0 2 4 2 2 4 2 4 3 4 0 4 1 2 2 3 2 2 0 0 0 4 2 4 2 4 1 5 3 1 0 2 1 4 3 1 6 3 1 2 0 3 3 5 1 1 2 2 2 0 1 1 3 2 2 2 1 2 2 2 1 3 1 0 1 2 2 4 2 0 4 2 1 1 2 3 1 0 2 2 3 3 0 4 4 2 2 1 0 2 1 0 0 0 2 3 2 1 2 3 3 6 0 2 1 1 1 3 1 1 1 0 2 4 3 4 0 2 2 2 1 1 4 2 2 4 0 2 0 0 3 2 2 2 1 1 5 4 1 1 2 3 2 1 2 3 0 5 1 3 3 3 0 1 3 1 0 0 2 4 3 3 0 3 2 0 1 2 0 2 0 2 2 3 4 1 2 2 0 4 3 2 0 1 3 4 1 1 3 1 1 3 5 3 2 3 3 3 2 0 0 3 3 2 1 0 2 1 1 0 1 2 2 3 0 3 1 3 2 3 4 4 1 1 0 2 2 1 1 4 3 0 3 2 6 2 1 1 0 0 2 1 1 1 7 1 5 1 0 3 2 0 2 0 7 3 0 3 1 3 2 1 0 1 3 1 3 1 4 2 0 1 3 3 2 2 2 1 3 0 4 0 2 3 0 7 3 3 0 0 3 1 2 0 3 1 2 0 3 2 0 5 1 1 1 1 4 2 6 4 0 4 2 2 3 2 4 1 2 3 0 0 0 2 2 2 4 4 2 0 2 1 1 3 3 2 4 2 0 1 3 3 1 2 2 3 5 1 3 2 2 5 0 1 2 1 3 1 2 0 3 2 3 1 5 2 1 2 0 2 3 3 0 0 4 2 4 4 1 2 1 3 0 1 1 1 1 2 0 3 2 2 0 4 1 0 5 1 1 2 3 2 1 1 4 0 1 3 3 1 2 2 2 2 3 1 5 1 0 3 3 0 6 2 3 2 2 3 1 2 0 1 3 1 1 1 1 5 2 2 0 1 3 0 2 4 2 3 5 3 2 2 1 0 1 1 0 4 0 1 2 6 2 2 3 2 3 2 3 0 3 1 2 1 4 2 0 1 2 2 3 2 6 1 0 3 2 1 3 1 3 1 1 2 1 3 2 2 2 2 0 3 0 3 3 1 4 2 3 2 3 2 4 1 1 1 2 3 3 4 4 2 4 1 0 1 2 1 1 5 4 3 0 2 4 2 1 1 3 2 2 2 1 1 1 2 2 1 1 1 2 2 3 2 2 4 3 2 2 0 1 3 1 2 1 1 0 1 2 2 7 1 0 1 4 1 3 1 2 2 1 1 1 3 2 2 0 3 1 4 5 4 2 2 3 5 1 1 4 1 0 0 0 4 0 2 3 1 1 2 3 0 3 0 1 3 1 1 0 2 7 1 2 1 4 1 1 4 1 2 0 2 2 2 0 3 4 1 0 3 3 1 3 2 3 3 4 0 0 1 3 2 3 1 1 0 0 2 1 2 3 1 1 1 4 2 1 3 3 2 0 1 2 3 3 3 2 2 4 2 1 0 1 1 1 2 3 0 0 1 0 2 2 3 1 2 2 1 2 4 2 3 1 2 2 0 3 2 0 2 1 2 0 4 1 4 0 5 2 3 2 2 1 2 4 3 0 2 1 1 1 0 2 3 2 2 3 2 2 2 1 4 3 2 3 1 1 2 3 1 2 1 2 1 0 4 3 1 1 2 2 1 2 1 2 3 2 1 2 1 2 1 4 4 3 1 1 1 3 2 2 2 4 4 1 5 2 2 3 2 3 1 1 3 2 0 1 0 0 1 3 3 1 2 3 1 4 3 1 0 0 1 1 1 2 6 3 0 2 0 0 2 1 1 2 5 2 2 1 0 1 2 3 1 1 7 1 3 2 2 2 1 0 2 1 2 3 2 3 4 1 1 4 0 2 2 0 0 1 3 4 3 2 1 2 2 1 2 2 2 2 7 2 2 3 4 0 0 1 1 0 2 3 2 2 5 3 0 4 3 3 2 3 1 1 4 3 3 2 4 1 3 2 0 1 0 1 0 1 5 1 4 4 2 3 1 2 2 1 1 3 2 1 2 2 4 1 4 1 2 2 5 2 0 2 2 4 0 2 2 2 4 3 0 0 2 1 2 2 3 1 1 3 3 2 2 3 2 2 3 0 1 3 1 2 3 2 2 1 2 3 1 1 2 0 3 5 5 2 1 3 0 0 0 5 3 3 1 4 1 3 3 2 3 1 1 1 0 2 1 1 2 2 2 4 4 1 6 0 1 3 1 1 2 2 1 2 3 1 3 1 2 2 4 2 1 3 3 2 2 5 1 1 2 1 3 3 2 1 3 2 0 0 0 2 2 1 3 1 3 3 0 1 0 3 6 3 1 0 2 4 2 0 1 3 1 3 1 1 5 0 3 4 2 4 2 1 1 1 2 1 5 3 4 1 2 2 0 3 1 2 4 3 0 4 1 2 4 0 2 3 2 1 3 0 3 3 3 2 6 1 1 2 2 3 4 1 0 3 0 2 2 1 1 1 1 1 1 2 2 2 0 2 2 3 2 1 2 1 1 0 3 2 1 1 2 1 2 0 3 0 1 2 3 0 3 1 2 1 0 4 3 3 3 1 2 2 2 1 2 1 1 1 1 4 1 2 4 1 4 1 3 0 1 1 1 0 2 4 5 1 1 3 2 4 0 1 1 4 4 4 1 1 1 1 1 2 0 3 1 3 3 4 2 0 1 1 3 2 0 2 2 1 4 2 0 2 0 1 3 1 2 3 1 0 2 3 4 2 1 2 2 0 1 2 0 1 3 3 3 0 2 0 4 2 2 1 2 1 3 4 4 1 1 3 0 2 3 2 2 1 0 3 2 1 3 2 3 1 3 5 0 1 2 4 1 3 1 1 2 2 1 1 1 1 1 4 5 0 2 3 0 5 2 2 0 1 0 1 2 2 1 1 0 2 0 2 2 4 0 2 3 2 0 2 0 4 5 2 5 1 1 2 3 1 1 5 0 0 1 2 3 1 1 1 5 1 4 4 5 1 4 0 1 1 4 0 3 3 3 4 0 2 1 2 3 3 3 2 0 4 0 2 2 2 2 0 1 2 3 1 6 2 1 1 1 1 3 0 1 3 2 4 2 4 4 0 1 1 1 3 4 5 1 2 0 1 3 2 0 2 2 1 2 2 0 1 1 2 2 4 3 2 2 3 2 1 0 3 0 1 2 3 2 2 4 1 5 1 0 3 2 1 1 0 2 4 1 3 2 0 2 2 3 3 2 0 5 2 0 1 0 1 0 2 3 4 3 3 2 1 1 3 2 5 6 1 1 0 0 4 0 2 3 1 3 1 1 0 3 1 3 2 1 1 1 1 4 3 0 1 0 3 2 1 2 3 2 2 2 3 0 1 1 2 0 5 1 3 4 5 0 0 2 2 4 2 2 3 2 3 1 1 3 1 0 2 2 4 4 3 4 2 2 1 1 2 1 2 3 3 1 4 4 0 1 1 2 4 2 2 1 4 0 2 0 4 1 3 2 2 2 4 3 1 3 1 4 2 4 0 0 2 5 1 1 2 3 2 3 0 3 0 2 2 3 5 1 3 1 2 3 1 0 1 1 3 4 3 2 1 0 1 4 2 2 1 0 2 1 4 1 0 4 1 3 4 0 0 3 6 3 1 1 0 2 2 3 0 3 2 0 6 3 4 2 3 1 1 1 1 3 0 2 0 0 2 4 3 1 2 3 3 2 1 0 1 3 2 1 3 2 1 3 1 1 4 2 1 3 3 3 0 0 2 1 1 3 2 1 2 1 3 3 3 3 2 2 2 0 1 1 2 4 2 1 2 2 2 2 3 2 1 1 1 0 3 3 2 1 3 1 1 4 2 3 5 1 1 1 1 1 2 4 1 3 4 2 2 0 2 1 1 2 5 3 0 2 4 3 1 1 2 4 0 2 0 3 1 2 0 2 4 2 4 2 1 0 1 4 1 2 1 4 3 2 0 3 2 7 3 2 2 0 1 0 0 4 3 3 1 1 0 4 5 0 4 2 2 1 1 3 3 2 3 2 0 2 0 2 2 1 2 1 0 2 0 3 0 3 2 1 3 4 1 1 1 3 3 1 1 1 5 1 0 0 3 2 3 0 1 0 2 2 1 0 3 3 1 1 4 4 4 2 1 4 2 1 4 5 0 1 1 5 2 2 3 5 2 1 2 3 2 2 3 1 3 2 2 4 0 1 1 2 2 2 4 2 3 2 1 3 1 0 4 0 1 4 4 2 2 2 4 1 2 3 2 0 0 4 4 3 0 2 0 4 2 0 4 1 3 0 1 4 1 1 0 2 1 0 1 0 4 6 2 2 3 3 3 4 1 1 1 3 3 1 0 2 1 4 1 5 3 0 1 3 2 4 1 2 4 1 3 3 2 3 1 1 0 1 4 0 1 2 1 3 3 2 2 1 3 2 1 1 3 4 4 0 2 2 0 2 1 0 5 0 3 0 2 1 3 3 1 2 5 0 3 1 1 2 0 1 3 3 0 7 3 2 0 0 1 5 0 2 2 4 2 0 1 1 5 5 0 1 4 0 2 0 4 1 2 4 0 3 0 2 4 5 3 1 1 0 1 2 5 2 1 0 1 0 2 0 0 1 2 2 0 2 2 2 3 4 3 3 2 1 2 2 0 1 2 2 1 3 2 1 3 0 1 2 1 0 2 2 1 6 2 4 2 0 0 0 1 1 3 3 4 3 1 2 1 0 0 3 1 1 1 1 1 2 4 1 1 0 1 3 1 1 3 2 3 2 2 2 2 1 4 5 1 3 3 1 2 4 1 0 3 3 5 3 2 0 1 0 1 0 1 3 2 0 3 3 3 1 3 2 1 1 1 2 4 1 3 2 1 3 1 3 3 4 3 2 3 2 0 4 0 2 3 1 1 2 2 3 5 1 1 1 3 3 2 1 3 5 2 2 1 1 4 2 3 2 4 2 4 2 2 1 1 1 4 3 1 1 0 1 3 1 1 2 0 2 3 4 2 0 3 0 2 1 3 3 2 2 2 5 2 0 3 4 2 1 3 3 4 3 4 1 2 0 1 1 0 4 1 2 3 2 1 4 2 1 2 3 1 2 1 3 1 3 1 3 1 2 1 1 1 0 4 2 1 3 2 0 0 1 2 4 5 2 3 4 1 2 0 1 1 4 1 3 2 2 1 2 0 1 1 4 2 1 3 0 2 1 5 2 1 2 1 4 1 3 2 1 1 3 2 2 2 2 1 3 1 3 6 0 2 2 1 3 2 0 2 0 3 2 3 2 2 1 3 2 1 1 4 1 3 4 2 1 0 6 2 2 2 2 2 0 3 2 4 2 2 2 3 3 2 0 2 2 3 1 3 3 4 3 2 2 0 3 2 4 3 0 0 1 0 1 1 2 1 0 3 3 1 1 3 3 0 2 0 2 3 1 1 5 0 1 2 2 1 2 2 2 1 0 2 0 2 1 0 5 1 3 4 1 0 2 3 2 3 1 1 0 3 3 3 2 4 2 4 1 4 0 5 3 1 2 0 3 2 2 6 1 3 4 2 1 1 0 0 3 3 2 6 0 4 2 2 1 4 6 0 5 2 4 1 6 3 1 2 2 3 0 1 2 3 3 0 0 3 3 5 0 2 2 3 2 1 4 1 6 2 1 2 3 3 2 1 2 1 1 1 0 2 1 2 2 4 3 1 4 1 2 3 1 1 0 1 1 3 1 3 4 1 1 2 0 4 0 4 4 2 1 1 4 0 2 5 2 1 1 2 0 3 1 1 1 1 3 3 7 5 0 0 1 2 2 4 2 0 1 1 4 2 1 2 0 4 3 2 1 3 1 3 1 2 1 3 2 3 7 4 3 4 3 3 0 0 1 0 2 0 2 3 2 3 2 4 6 3 1 0 0 0 4 2 2 1 2 3 0 0 7 4 1 0 2 3 0 0 3 3 2 1 0 2 5 2 2 3 1 4 3 1 4 3 0 3 3 4 1 1 1 2 1 2 3 1 2 2 0 0 2 2 3 2 3 0 4 5 2 2 1 1 0 0 1 1 3 4 2 1 1 2 0 6 2 3 5 1 1 3 0 2 3 4 2 2 2 2 2 1 4 2 3 1 2 1 4 1 0 2 1 1 3 0 5 2 0 1 1 3 3 3 2 4 1 1 2 1 3 3 1 4 1 4 3 3 3 1 2 4 3 1 2 1 1 2 1 2 1 1 2 1 5 2 1 3 1 2 3 8 0 0 1 0 2 3 0 1 1 3 1 5 1 1 0 2 0 4 5 2 3 4 2 3 3 3 2 1 4 0 2 1 4 2 2 1 1 2 4 1 1 1 1 2 0 3 1 4 2 2 1 3 1 3 2 2 4 0 3 4 2 2 2 1 2 1 2 1 4 2 1 4 1 4 1 0 3 0 2 2 1 1 3 1 2 1 0 2 2 4 1 3 2 1 1 2 3 3 2 1 0 3 1 5 3 1 1 0 1 1 3 3 3 2 2 1 2 2 2 1 2 2 3 1 1 4 4 3 1 0 1 2 3 2 0 1 1 4 1 0 1 2 3 1 2 2 0 2 4 1 2 4 2 2 2 2 3 0 3 1 1 1 2 1 2 2 0 2 1 4 4 3 2 0 0 0 1 0 3 3 3 1 2 5 0 0 1 2 1 0 1 2 3 4 0 0 1 1 2 2 0 2 3 2 2 2 2 3 1 3 3 1 1 4 1 1 3 4 2 1 3 3 3 4 0 0 1 2 1 4 2 2 0 1 2 1 2 2 1 3 2 3 0 2 2 2 2 3 4 2 1 1 3 3 2 5 4 0 0 2 3 1 2 1 1 0 2 2 3 2 1 3 4 2 3 3 1 4 2 0 3 1 3 3 4 6 2 3 0 0 1 2 1 3 3 1 1 2 2 3 2 6 0 1 2 3 1 4 1 2 0 4 3 1 2 2 2 0 4 1 3 7 1 3 0 0 0 1 3 1 4 3 1 3 2 1 0 1 1 1 1 4 1 2 2 1 2 0 2 0 1 4 0 4 1 1 0 3 2 3 3 4 5 2 3 0 3 0 0 2 1 3 3 0 3 3 2 0 2 1 1 3 1 0 3 1 0 1 0 0 1 0 3 2 2 4 4 0 1 1 5 2 3 1 2 1 1 2 3 1 1 4 5 1 1 2 2 0 0 1 1 0 1 1 5 2 3 0 3 3 0 0 3 3 1 5 2 1 1 0 5 1 0 0 2 2 3 3 1 1 2 4 1 3 3 0 2 1 2 3 4 3 1 1 0 0 2 0 1 2 3 2 3 2 2 3 3 1 3 1 0 0 3 2 2 0 2 2 2 1 0 2 4 2 1 2 4 3 2 0 3 1 2 3 1 2 3 0 6 3 5 2 0 0 1 1 0 2 1 3 3 2 7 1 3 2 2 0 1 4 0 3 0 1 2 2 1 0 2 3 3 2 2 0 2 0 3 1 2 1 3 1 3 4 2 4 2 3 2 5 1 1 2 1 0 1 4 0 1 6 3 2 0 1 1 4 5 2 1 3 2 1 1 1 4 2 1 1 6 2 1 3 0 0 1 1 4 1 2 2 2 1 1 7 1 2 0 0 2 0 3 1 1 4 2 2 1 0 2 1 4 3 1 1 4 6 0 2 1 1 3 0 1 3 3 3 1 1 2 0 2 2 3 4 5 1 1 2 2 1 0 2 0 2 2 2 5 3 1 2 3 2 2 3 3 1 2 1 1 1 2 2 4 3 0 1 3 1 1 4 3 0 1 2 2 4 3 7 2 4 1 3 3 1 1 1 1 2 0 2 4 3 1 1 1 2 0 3 1 3 3 0 1 1 0 1 1 5 2 3 0 2 4 1 2 2 4 1 2 1 1 2 2 1 0 4 1 2 1 1 1 1 2 3 1 1 5 2 2 3 0 1 1 6 0 3 3 2 1 2 2 3 2 1 1 1 4 2 3 0 7 1 1 0 2 1 3 2 2 4 3 1 0 4 1 1 3 1 2 4 2 4 0 6 2 3 2 2 2 4 4 1 3 3 1 1 3 1 1 2 2 1 4 0 0 4 4 1 1 1 2 1 2 2 4 2 1 1 2 2 3 1 3 3 1 2 0 1 3 2 2 1 3 2 0 5 1 2 2 2 1 2 3 2 1 2 1 2 1 0 3 5 3 2 2 1 4 0 1 2 3 1 4 2 3 3 1 1 2 3 1 0 3 2 3 3 2 1 2 3 3 1 2 1 3 2 1 1 2 2 2 4 4 1 1 3 2 0 0 3 3 2 0 4 0 2 4 1 1 3 2 1 2 2 1 4 2 2 1 2 2 1 2 1 3 0 3 1 2 1 3 1 4 0 1 0 1 1 3 0 1 2 3 2 5 2 0 1 3 0 3 1 2 2 4 2 2 1 2 2 1 1 0 2 4 0 1 3 0 2 1 3 2 2 1 2 4 3 2 3 2 1 3 4 2 3 2 4 1 2 1 2 2 3 2 3 1 3 3 3 2 1 2 3 1 1 3 5 2 1 1 2 2 6 2 1 3 0 1 3 1 5 2 2 3 0 0 2 2 1 2 3 0 5 2 3 3 0 1 2 1 1 2 8 4 3 1 1 1 0 1 4 1 3 1 1 0 0 2 2 1 2 3 5 2 2 3 0 1 2 1 3 1 3 1 3 1 3 2 1 2 1 1 2 5 4 1 2 2 2 1 2 5 2 0 1 0 4 2 1 1 2 5 1 2 1 0 0 1 3 4 3 1 2 4 3 3 0 1 4 1 3 1 3 0 1 3 4 2 0 3 2 1 2 1 2 1 2 2 4 3 2 2 0 0 3 0 4 1 3 1 2 0 6 0 0 0 1 4 3 2 4 1 2 3 1 1 2 2 4 3 3 0 3 2 0 2 0 4 1 2 5 1 2 2 0 2 1 3 2 2 2 2 1 5 1 1 4 2 1 1 2 6 3 0 2 2 3 0 1 0 0 3 3 2 3 1 1 1 1 0 1 2 1 3 1 3 2 3 3 2 2 4 3 1 1 2 1 2 4 0 5 0 1 4 3 0 3 2 3 3 3 5 3 2 0 0 3 1 3 4 3 1 4 3 2 1 3 1 0 2 1 1 2 1 4 3 1 3 1 3 4 3 4 2 3 2 2 3 2 3 3 2 2 1 3 2 0 2 3 0 0 1 1 1 2 1 2 2 3 1 1 1 3 0 1 4 1 2 3 0 1 1 3 2 1 3 2 2 2 2 0 3 0 1 5 1 0 1 0 1 0 3 3 3 2 1 3 0 0 1 4 1 3 1 3 0 3 1 2 5 2 2 1 5 2 1 3 1 1 2 2 1 5 2 0 1 2 2 1 1 3 1 1 3 2 1 1 3 2 1 1 2 1 3 2 2 5 3 3 1 3 5 4 1 3 1 3 2 3 1 2 1 3 1 2 1 0 0 5 3 1 4 1 2 1 1 2 3 2 2 0 3 1 2 1 4 0 3 1 2 2 3 1 1 1 2 1 3 1 4 0 2 2 1 2 4 0 3 1 1 4 2 0 0 0 3 3 2 5 2 2 2 3 1 2 0 1 0 3 2 1 0 1 3 1 2 0 2 7 1 1 1 2 4 2 2 1 0 1 3 4 1 2 3 4 2 3 0 2 2 1 0 2 0 2 4 0 5 3 3 1 2 2 2 3 0 3 2 0 4 3 2 1 3 2 5 1 2 3 3 3 2 1 4 3 4 3 1 2 1 1 3 1 1 2 2 3 0 1 0 1 3 1 3 2 2 2 1 0 1 3 3 4 1 0 0 1 3 4 2 4 2 4 1 3 0 1 3 2 0 0 3 3 3 4 2 3 2 3 1 2 1 1 2 2 2 6 2 1 3 1 2 2 0 3 3 1 1 3 1 1 1 5 2 3 2 2 3 2 3 3 1 3 0 1 2 1 2 2 0 5 3 4 1 3 2 2 1 1 0 4 4 1 0 4 1 2 1 2 3 2 0 1 1 0 0 1 0 3 0 5 0 3 4 2 1 1 1 0 4 3 2 2 3 2 1 0 1 2 1 2 4 5 2 0 1 1 1 2 2 3 1 1 5 2 3 0 1 2 1 2 0 3 0 3 0 3 0 2 5 1 0 1 1 1 1 1 0 2 1 0 3 2 3 0 3 2 2 2 4 2 5 4 1 1 2 4 1 1 1 0 3 2 5 2 4 0 3 3 1 2 2 2 2 1 0 1 1 3 1 3 0 1 1 2 1 0 3 3 0 1 0 2 4 0 0 6 1 3 1 2 2 3 2 1 0 0 2 1 2 3 2 0 1 0 1 4 2 1 5 2 3 0 0 1 1 2 2 3 5 2 3 2 1 2 5 2 0 4 0 2 1 0 4 0 5 1 1 1 3 1 0 4 2 2 3 1 1 1 3 1 1 2 3 1 0 1 0 2 2 1 1 2 1 1 0 2 1 0 0 2 1 2 7 1 0 2 2 1 3 1 3 4 3 0 1 3 1 0 4 1 2 3 1 3 1 0 3 0 5 1 0 1 4 6 3 5 2 0 0 3 0 4 1 2 2 3 2 1 4 2 3 3 0 4 1 2 2 2 0 0 2 3 3 2 2 2 2 2 2 2 4 1 3 3 3 2 1 4 2 0 3 3 1 2 2 2 1 1 2 2 2 4 1 0 1 5 3 0 4 3 1 2 2 1 2 1 5 2 0 2 0 2 4 1 1 0 2 1 1 1 1 2 3 0 2 2 5 5 1 0 4 2 0 2 1 2 3 0 1 1 1 4 1 2 1 2 3 4 1 4 1 1 1 0 2 5 0 1 3 3 1 3 1 1 3 5 2 0 3 0 5 1 2 3 1 1 2 1 3 0 1 3 4 1 0 3 1 0 0 1 2 3 0 2 3 2 0 0 4 1 4 3 1 0 5 1 3 3 2 1 3 1 1 2 3 1 2 4 2 2 0 0 1 2 1 3 3 3 1 2 3 0 2 1 3 4 0 1 2 3 2 1 2 3 1 1 2 3 4 2 2 3 2 1 3 3 0 1 3 1 2 1 5 0 4 5 1 2 3 0 2 0 1 0 4 3 2 1 2 5 0 2 2 1 2 3 2 2 2 4 3 1 1 2 1 1 2 2 1 1 2 1 4 5 1 0 1 5 1 5 3 1 2 0 1 2 1 3 4 0 3 6 3 0 2 3 1 4 4 1 1 2 2 1 5 2 2 1 2 2 3 0 3 3 2 0 2 1 3 1 0 1 2 1 4 2 4 2 1 3 4 5 2 3 2 1 2 1 1 3 2 0 1 4 5 2 3 2 2 2 3 0 3 2 3 0 3 4 2 0 3 1 0 2 5 3 2 1 2 2 1 1 2 4 1 0 3 2 3 2 5 2 1 2 1 0 1 4 4 4 3 3 1 1 1 1 0 4 0 4 4 2 1 3 1 0 0 3 0 0 3 4 2 1 3 1 1 0 2 2 0 2 0 2 0 0 2 2 3 2 5 1 2 2 2 0 4 1 3 3 1 2 3 0 5 1 1 0 4 2 1 1 3 3 2 2 0 0 2 0 1 3 1 0 2 2 5 1 3 1 4 2 2 1 2 4 4 2 1 1 4 3 1 0 3 3 2 3 2 3 4 1 2 0 1 1 3 3 1 3 2 1 3 1 0 2 1 1 4 0 2 1 1 0 4 4 0 3 2 3 2 1 0 1 2 0 1 4 3 3 3 3 1 2 3 1 1 1 0 3 1 1 5 1 3 2 0 2 2 1 2 2 2 2 3 2 2 2 1 5 3 3 1 2 3 0 2 1 4 2 3 2 1 0 2 1 2 1 4 0 1 3 2 2 2 2 1 0 0 1 3 3 3 0 2 2 1 2 2 0 1 3 3 2 1 0 4 1 0 4 1 2 1 1 2 2 1 3 1 1 0 2 3 1 2 2 4 1 2 2 1 1 3 4 4 2 1 1 2 4 3 0 0 2 0 5 4 0 1 2 1 0 3 1 3 3 2 2 2 2 3 0 2 1 3 1 3 2 4 0 1 1 3 1 0 4 5 0 0 0 4 1 3 2 1 0 3 3 2 4 2 0 4 1 1 1 0 1 1 2 4 5 1 1 3 0 0 0 1 3 0 2 2 4 0 2 1 1 1 7 2 4 0 0 1 0 2 1 3 1 1 1 0 0 3 4 2 3 4 4 2 1 1 2 3 2 4 2 0 2 2 2 4 1 0 0 1 3 3 1 1 4 1 2 4 2 2 0 0 1 0 3 4 2 1 4 0 3 0 1 4 2 2 1 2 3 1 3 0 0 2 0 1 1 0 1 1 2 3 2 1 4 5 2 4 1 2 1 1 1 3 5 1 4 4 2 2 0 4 1 3 2 0 1 1 3 1 3 3 2 1 3 4 1 0 1 1 2 3 1 1 3 1 5 3 3 2 1 2 1 2 3 2 3 0 3 2 2 2 4 2 2 2 2 3 1 2 4 3 3 4 3 2 1 0 2 1 2 1 1 4 3 1 3 2 3 1 5 2 1 4 2 1 3 1 1 1 1 4 1 2 4 2 4 3 4 0 1 0 3 1 2 2 1 5 1 1 5 1 3 1 1 4 1 0 2 1 2 0 2 1 1 3 2 2 2 3 1 2 1 0 4 5 3 2 0 1 5 1 2 1 5 3 0 3 0 2 2 4 2 2 4 2 0 2 3 2 0 0 3 2 1 4 3 2 2 2 2 1 3 2 1 2 0 5 2 4 1 2 1 3 0 3 3 3 2 4 2 5 2 2 0 2 2 3 2 0 6 2 0 2 1 5 1 2 2 1 0 3 1 1 2 2 1 1 1 2 3 3 0 5 2 1 1 1 3 0 6 2 2 4 4 2 0 3 1 3 2 0 3 2 1 2 1 1 4 0 1 2 3 1 3 2 2 2 0 3 4 0 0 4 4 1 1 2 2 2 1 1 3 2 2 1 5 1 1 2 2 1 2 1 3 0 2 1 1 1 2 0 3 3 1 1 2 1 2 3 3 2 1 2 2 1 6 1 5 1 2 1 3 0 3 2 3 2 2 1 2 4 0 3 1 4 2 2 2 1 1 1 0 1 0 1 6 2 3 2 1 1 1 3 3 0 3 2 1 5 1 0 1 2 3 2 3 3 2 1 2 0 2 1 0 1 1 3 2 4 3 3 1 1 3 2 2 3 1 3 1 3 2 2 2 0 3 2 2 2 1 2 1 1 4 2 2 2 5 1 2 2 2 1 1 1 1 2 0 4 0 2 3 3 0 3 1 3 3 4 2 1 0 2 1 1 0 1 2 3 3 2 1 2 3 2 1 3 3 1 5 1 0 0 1 0 1 1 3 4 4 2 2 2 3 5 1 4 1 0 0 1 0 3 1 2 2 1 1 2 2 1 0 1 2 1 4 1 0 3 0 4 2 0 4 3 1 0 5 2 1 1 2 1 2 3 4 4 1 0 2 0 3 3 1 3 1 3 1 0 0 2 1 0 3 4 0 0 0 4 2 0 1 4 2 2 2 3 0 0 3 2 1 1 1 2 0 0 4 2 2 1 2 3 1 1 3 2 0 3 2 3 0 2 2 2 2 3 3 2 1 2 1 2 1 2 3 1 1 6 0 0 2 2 2 2 4 1 2 3 4 1 2 2 2 4 2 1 2 5 2 2 1 1 4 3 4 2 1 2 3 1 2 0 0 2 4 2 3 3 3 4 2 3 2 0 0 2 3 3 0 3 4 2 1 0 1 3 1 1 5 5 2 0 1 1 2 2 2 2 3 1 6 2 2 2 2 0 4 3 1 4 1 5 3 1 0 0 2 1 3 1 1 2 3 2 3 2 1 1 3 1 2 0 1 4 1 6 3 3 4 0 4 2 1 3 3 0 2 2 0 5 4 2 4 1 2 3 1 3 0 2 1 0 2 3 1 2 3 2 1 2 5 1 2 2 1 3 3 3 0 1 3 1 6 1 3 0 0 4 0 2 0 2 3 3 2 2 2 3 1 3 2 1 2 6 0 2 1 1 3 2 2 2 2 0 3 2 2 3 4 3 2 2 1 2 2 3 1 1 1 2 3 4 1 2 1 3 1 1 1 0 1 3 4 3 1 1 1 2 1 2 2 2 4 4 1 4 3 4 0 1 2 0 1 0 3 2 2 0 0 3 3 1 3 2 0 2 1 5 3 3 2 2 2 5 2 1 1 3 2 0 2 3 3 0 6 3 0 3 1 1 3 3 1 2 2 2 2 2 1 3 0 5 5 2 2 2 1 2 1 1 1 0 0 3 6 4 0 0 2 2 2 4 2 2 2 1 1 4 3 1 2 1 1 3 2 0 1 3 2 4 3 0 2 4 0 1 1 3 3 1 3 1 6 3 2 1 3 0 5 2 4 0 3 1 2 2 3 2 1 4 1 4 2 3 1 4 1 1 3 0 7 0 3 2 1 1 0 3 1 1 7 5 2 0 1 1 1 1 0 3 2 0 0 1 5 0 0 3 3 2 3 1 1 1 0 1 2 0 2 2 1 3 0 1 1 0 3 3 5 3 2 1 1 0 3 2 3 2 0 3 2 3 4 1 1 3 1 1 0 1 0 2 3 5 2 2 1 1 0 2 2 1 0 5 2 3 1 0 3 2 1 2 3 3 2 2 3 1 2 2 2 0 0 2 2 2 2 7 0 2 4 1 0 0 1 1 1 2 0 2 2 0 3 2 3 2 2 2 3 4 1 3 3 2 2 2 0 3 1 0 1 5 2 1 0 4 3 0 2 3 1 2 1 2 3 0 0 2 1 3 1 2 3 3 2 5 2 1 0 3 1 0 1 2 2 3 2 1 1 1 6 2 2 6 2 1 6 2 3 1 1 1 2 3 1 3 0 4 0 1 0 3 2 3 4 3 4 1 2 1 1 1 4 5 1 4 2 1 1 5 1 0 5 1 1 0 0 0 1 2 3 6 4 0 0 3 4 2 2 2 2 1 0 1 3 4 1 3 3 1 1 5 0 2 1 2 3 4 4 0 1 0 3 7 2 2 3 3 0 2 2 0 2 3 2 1 1 6 2 4 1 3 3 1 0 2 2 2 0 3 0 1 2 2 2 2 0 5 0 2 3 2 3 4 1 4 3 2 2 1 1 0 2 1 2 2 1 3 1 2 6 3 1 3 0 0 1 3 2 5 3 1 2 3 3 1 4 4 1 2 1 2 3 3 1 3 1 1 2 1 2 1 2 2 6 1 2 1 0 1 1 2 4 0 0 1 4 3 3 1 1 1 4 2 3 3 1 2 2 2 1 5 2 2 3 2 1 3 2 2 3 0 1 2 1 2 3 1 3 1 3 1 0 2 3 1 2 1 1 0 3 2 0 6 0 0 4 2 3 1 2 1 1 0 2 3 2 2 2 2 2 2 2 2 1 0 1 4 4 3 1 0 3 2 2 2 1 4 1 3 1 0 2 3 1 2 6 1 1 3 3 2 3 2 2 2 2 3 2 2 9 2 3 1 3 4 1 1 1 1 3 3 4 2 1 1 6 2 2 1 4 2 1 2 4 0 2 0 2 3 2 2 3 4 4 3 1 3 2 1 1 0 1 1 5 2 4 2 1 1 2 3 3 2 2 3 3 6 3 0 1 2 2 2 5 0 3 3 1 2 2 0 0 1 2 3 4 2 3 2 0 2 3 2 3 2 2 1 4 1 2 1 2 1 1 2 3 2 3 1 1 2 5 1 4 0 3 3 2 2 2 1 4 0 1 4 4 1 2 2 1 3 2 1 0 1 1 3 4 2 4 2 1 2 1 2 0 0 2 1 2 1 0 2 3 2 2 2 1 1 2 2 0 4 0 3 3 1 1 2 3 4 1 0 2 3 1 0 0 2 2 2 2 4 6 3 1 2 0 2 3 2 1 3 1 3 2 6 2 0 4 2 2 4 1 1 2 2 2 2 2 1 3 0 1 3 0 1 5 4 2 1 2 2 3 1 4 2 2 3 3 1 0 1 1 0 2 1 2 0 6 1 4 0 4 2 1 3 1 0 3 1 5 3 0 0 3 3 1 0 1 1 3 2 0 5 3 1 4 1 1 1 3 1 2 1 2 1 1 5 5 2 4 1 4 0 0 1 3 2 2 1 0 2 1 1 2 4 1 3 1 1 3 1 3 3 3 1 3 0 1 1 2 2 1 0 6 2 2 1 0 3 1 1 1 1 1 4 2 3 6 2 2 0 1 2 1 1 1 2 2 0 2 1 1 3 1 3 1 1 2 1 2 2 1 3 5 1 0 1 2 1 3 5 2 5 0 1 3 1 1 2 3 1 1 1 3 1 2 4 5 3 3 0 1 3 0 0 1 3 3 2 1 2 2 4 1 3 2 4 1 3 0 1 0 3 2 2 3 3 0 2 2 0 0 3 2 2 2 0 2 2 3 0 3 3 1 3 0 2 4 1 1 1 0 3 1 1 2 4 0 0 2 4 1 0 3 3 1 4 2 2 1 3 3 2 1 2 3 1 1 6 2 3 0 2 1 1 4 2 0 2 2 3 4 3 1 1 1 1 0 1 2 0 4 2 0 3 1 1 3 1 2 1 0 1 2 1 3 1 2 0 2 2 3 2 2 6 4 0 2 0 3 1 0 3 0 3 2 1 3 2 0 0 0 0 2 2 2 4 0 2 4 2 2 0 2 1 1 3 2 0 3 2 2 2 3 1 1 1 1 2 3 2 3 2 3 2 3 1 2 0 0 1 0 2 2 4 2 2 4 4 0 0 0 2 1 2 2 3 3 3 3 3 1 3 2 1 2 1 2 2 1 2 2 3 4 1 0 0 3 6 5 4 1 1 3 2 1 1 3 1 3 3 5 1 0 2 1 2 2 1 1 2 2 1 3 1 1 1 1 0 4 3 3 4 1 1 0 2 1 2 5 3 1 0 3 1 2 1 2 2 1 1 1 2 2 0 3 2 0 1 1 1 2 2 1 2 3 4 1 3 1 3 2 1 1 1 1 4 1 2 2 1 3 2 2 1 4 1 2 1 2 2 2 3 1 1 3 1 2 2 3 2 1 1 2 0 3 2 1 1 2 2 2 1 0 1 1 3 5 2 4 1 2 0 1 2 1 4 0 1 0 0 3 3 6 3 1 2 2 0 3 5 0 3 5 2 0 1 3 0 3 0 4 1 3 3 1 1 2 1 1 0 1 2 0 0 2 2 2 5 2 0 5 1 1 2 1 1 1 1 2 3 2 1 3 4 1 2 2 1 3 0 3 3 2 2 1 1 4 3 2 2 4 2 0 2 1 4 1 3 3 2 2 1 4 0 2 0 1 3 2 2 1 4 4 2 2 4 3 2 1 0 1 2 2 3 0 5 1 1 2 2 3 3 2 1 2 2 2 5 1 1 1 2 0 2 1 2 5 2 3 1 2 4 1 2 2 1 4 1 2 1 2 3 0 3 2 0 2 4 0 5 0 0 2 1 3 3 2 0 2 2 0 1 1 4 1 0 3 1 0 3 2 2 4 3 4 1 1 2 2 2 1 3 3 1 4 1 5 3 1 0 2 0 2 2 3 1 2 1 1 2 1 3 0 0 1 2 2 2 2 3 1 3 1 1 1 5 2 1 6 0 1 1 2 1 2 3 2 0 0 3 4 4 0 3 0 2 2 4 4 1 1 0 3 1 4 2 2 1 0 3 1 1 1 1 2 1 2 3 2 3 0 1 3 3 3 2 3 4 1 2 2 2 3 0 2 2 5 2 2 1 4 3 0 0 0 3 2 2 2 5 1 1 1 1 1 4 0 2 0 2 3 2 0 0 2 5 0 3 3 2 1 1 2 2 0 1 1 1 5 2 1 3 1 5 2 1 3 0 4 1 4 1 1 0 0 1 1 0 0 2 2 4 1 1 2 1 1 3 1 1 1 3 3 3 3 2 2 3 1 1 3 2 0 5 4 1 1 2 1 1 2 5 1 2 3 2 5 2 1 0 0 1 0 2 3 2 2 3 4 3 1 2 3 2 2 1 0 2 1 2 1 2 2 3 3 1 2 2 0 3 2 2 1 2 4 0 1 4 1 3 2 2 4 1 1 4 2 3 3 3 4 3 0 3 2 2 4 1 1 2 3 0 1 1 4 5 3 3 4 0 2 4 2 1 2 3 3 0 0 4 1 3 1 7 0 3 1 2 3 1 1 3 4 2 1 2 3 0 2 1 2 1 4 1 3 4 1 2 1 0 4 2 1 1 1 4 2 2 4 2 1 3 2 2 3 2 1 3 2 5 1 4 1 5 0 0 1 3 3 2 2 0 2 0 2 2 3 1 1 3 4 0 0 0 0 5 3 4 1 1 2 6 2 3 2 2 1 2 2 2 2 0 3 6 1 4 1 3 2 2 2 3 1 0 1 6 1 2 0 3 2 3 6 0 1 1 4 4 1 3 3 0 1 1 3 3 2 3 2 1 3 1 1 0 3 3 4 2 1 1 2 4 1 2 1 1 1 0 1 1 3 5 3 1 2 4 2 0 2 1 2 3 0 1 3 3 3 0 3 3 3 3 4 7 2 1 0 2 3 2 1 4 4 2 4 2 4 4 0 0 3 1 3 1 2 3 1 4 0 4 3 1 2 2 2 2 1 1 0 2 6 1 1 0 1 2 2 4 1 1 4 5 0 3 0 0 1 1 2 1 2 3 1 2 2 3 2 3 4 1 1 3 3 4 1 3 2 3 2 2 3 1 1 1 1 0 2 3 2 3 5 2 1 1 2 3 2 3 0 4 1 5 4 2 2 1 1 1 6 1 0 3 2 3 1 2 1 2 1 4 3 0 3 4 2 0 2 3 2 0 0 3 1 4 4 2 4 3 3 0 2 1 3 3 3 2 3 2 2 0 3 5 4 1 1 1 2 1 2 2 2 1 4 4 1 0 0 2 2 2 0 2 6 1 0 1 1 2 4 3 1 0 2 0 1 4 0 3 0 1 6 4 3 0 2 1 0 2 3 2 3 3 4 4 2 0 3 3 3 0 2 3 2 1 2 2 3 2 1 5 0 1 3 5 3 1 2 2 2 0 2 2 2 0 1 2 2 4 0 0 5 1 3 2 1 5 2 0 2 5 1 3 3 1 1 2 1 3 2 2 2 3 2 0 1 2 1 3 4 2 2 1 3 2 4 4 1 3 1 2 2 3 1 3 1 1 2 2 2 1 2 2 4 0 0 3 4 1 1 2 0 3 3 0 5 0 0 1 4 0 3 1 1 3 4 1 5 0 4 3 1 2 1 2 5 2 1 2 1 2 2 2 0 1 2 1 2 1 1 3 5 2 1 0 2 3 1 5 4 3 1 1 2 3 0 0 1 2 0 0 1 2 0 4 1 1 1 1 3 0 2 2 3 0 1 1 0 3 1 1 1 3 2 1 1 1 1 3 1 1 1 2 3 4 2 3 3 1 2 3 3 3 2 1 3 1 3 1 1 1 3 2 4 0 1 2 3 4 2 2 1 2 1 1 2 1 0 4 1 1 1 1 4 2 5 1 2 0 4 1 0 2 1 0 4 1 3 2 4 1 0 2 0 2 0 6 2 0 2 1 3 4 2 4 1 1 2 2 3 0 1 1 3 3 1 1 1 0 0 0 1 3 3 1 4 4 1 0 3 1 1 2 0 0 5 6 2 1 0 1 3 2 1 2 3 1 2 3 4 4 4 3 3 0 1 1 3 1 2 2 1 1 2 2 3 0 5 1 3 1 4 1 3 1 2 5 1 2 5 2 1 1 4 3 2 0 0 4 1 1 2 2 1 3 1 1 1 3 1 3 3 3 6 3 1 1 1 2 1 3 4 1 2 3 1 5 1 2 1 1 1 0 4 0 0 3 4 1 3 2 3 1 2 1 2 2 2 2 1 0 2 5 7 1 1 1 0 1 3 1 2 1 2 5 0 1 0 1 2 2 1 0 1 2 3 1 1 7 2 3 2 0 3 3 1 2 4 1 1 0 1 0 3 0 2 2 3 0 2 2 2 3 2 2 1 2 4 2 3 3 4 1 3 1 4 2 1 6 2 1 4 3 1 1 2 2 2 2 1 0 1 2 3 4 1 5 3 4 2 0 0 0 4 3 4 2 1 2 1 1 1 0 2 3 5 2 2 2 1 4 3 2 2 2 2 1 4 1 4 4 1 3 1 2 3 0 1 2 0 2 1 3 2 0 3 1 2 3 0 0 5 0 3 0 4 0 3 3 3 2 3 2 4 0 1 0 1 1 1 2 3 1 1 6 2 1 2 3 3 0 3 5 2 1 2 4 3 3 4 3 0 1 1 4 2 0 3 1 5 2 2 3 1 2 1 4 0 4 1 1 0 0 3 3 2 2 3 2 1 3 2 0 2 4 1 2 5 0 4 2 0 2 3 0 3 3 1 3 1 1 4 3 2 0 1 2 5 2 1 0 3 1 4 2 0 1 3 2 0 2 2 0 4 0 2 2 2 3 2 2 1 3 2 2 0 0 2 2 4 3 1 4 0 1 1 1 0 4 2 0 3 0 6 1 2 4 3 1 4 4 3 2 4 1 1 3 0 2 5 4 1 2 3 2 2 0 1 3 2 4 2 3 3 4 0 2 3 2 3 1 2 0 2 1 1 4 4 1 3 2 3 1 4 2 1 3 1 1 5 2 2 3 1 1 1 2 3 3 0 1 2 3 1 3 1 1 3 2 2 2 3 4 2 1 2 4 1 2 1 2 1 0 1 3 1 1 1 1 3 1 2 4 1 1 4 1 5 2 5 1 2 1 2 2 4 0 4 1 0 5 1 2 1 1 2 4 3 4 0 3 1 2 0 2 1 2 1 2 2 4 1 1 2 0 3 3 3 0 2 2 2 0 3 3 2 1 1 1 4 2 2 3 1 1 3 4 2 1 0 3 0 0 4 2 2 2 2 2 1 4 2 1 1 4 4 4 0 2 2 2 1 3 4 4 0 2 3 0 2 2 6 0 2 0 3 2 0 2 0 1 3 3 1 3 0 2 3 4 1 1 1 2 1 1 1 0 5 2 4 1 2 4 0 3 0 5 2 3 3 2 3 2 2 2 0 0 4 2 0 2 2 1 1 2 2 4 4 2 2 1 1 2 2 2 1 1 0 2 0 3 2 3 3 0 0 4 1 0 2 1 4 2 1 3 2 2 1 3 4 0 4 1 1 1 2 7 1 1 2 1 1 2 3 1 2 0 1 2 4 2 1 1 4 2 1 2 3 0 4 3 1 4 1 4 0 1 3 0 2 0 5 2 2 0 3 1 4 2 0 2 5 1 2 2 0 1 2 3 1 3 2 4 3 4 0 3 2 4 0 2 0 0 3 3 4 0 4 2 1 2 1 0 2 3 0 3 1 2 3 3 6 5 2 3 0 0 3 0 1 1 2 4 2 1 1 2 0 0 2 0 1 1 4 0 2 2 2 4 4 0 0 2 2 2 4 0 1 0 1 4 1 1 2 1 3 3 0 1 5 3 2 5 0 2 3 1 3 4 1 5 2 2 0 1 3 4 3 2 1 0 2 2 2 2 5 4 3 3 0 0 1 2 1 2 4 4 2 1 2 2 1 1 3 3 2 4 3 2 0 3 1 1 2 0 5 3 3 0 2 0 3 1 3 4 0 1 1 0 1 3 2 1 0 4 0 3 0 3 2 3 2 4 2 2 1 2 0 1 2 3 1 4 4 2 1 0 2 3 4 4 2 4 2 0 2 2 2 3 1 1 5 2 2 3 1 2 2 0 3 0 3 3 2 2 0 4 1 0 4 4 2 1 0 4 2 0 2 2 2 2 0 2 4 1 4 4 1 1 1 1 1 0 1 3 1 1 3 2 2 1 2 1 3 1 2 3 3 2 2 2 2 0 1 1 0 2 6 1 4 3 0 3 3 2 1 2 1 5 1 3 3 2 3 2 1 2 3 1 1 1 4 2 2 4 2 3 3 1 1 0 2 2 1 1 3 2 2 3 3 3 2 1 3 5 2 3 3 1 3 3 2 0 2 1 2 2 3 2 2 0 1 1 2 2 2 2 2 3 1 1 1 2 3 0 0 5 1 2 3 1 2 3 0 0 3 2 0 1 0 1 2 1 1 2 3 2 0 3 0 3 2 4 2 4 1 1 2 1 4 2 1 2 1 1 2 2 2 2 1 2 3 1 3 2 3 1 3 1 2 0 4 2 1 3 2 3 5 0 6 1 1 3 0 3 1 1 3 0 3 2 1 2 2 2 1 5 2 2 5 2 3 2 1 3 3 1 1 1 1 1 0 1 3 1 1 2 0 3 2 4 1 1 2 3 0 3 3 3 1 1 5 2 1 2 1 2 5 1 2 2 0 2 1 1 1 3 1 5 0 4 2 1 2 2 2 3 2 6 2 2 1 3 2 2 4 4 1 1 1 0 3 3 0 1 1 4 4 3 3 0 4 3 2 0 2 2 2 1 3 3 3 1 3 1 4 2 2 2 4 2 0 0 1 1 4 0 2 2 1 2 2 3 1 1 0 0 3 2 2 1 4 2 3 1 2 1 0 6 3 4 0 2 1 0 0 2 2 1 2 1 2 1 0 1 1 2 2 1 1 3 3 2 1 2 2 1 2 1 2 2 3 1 3 2 2 4 4 3 3 2 2 1 2 1 0 3 4 3 1 1 5 1 4 2 5 3 1 1 2 0 2 2 0 2 2 3 3 4 2 3 4 1 0 1 1 1 3 5 1 3 3 2 3 4 1 1 2 2 0 1 2 2 2 1 1 0 2 3 1 2 2 1 2 4 4 1 2 1 1 0 0 1 0 2 5 1 2 3 2 4 4 2 4 3 2 0 0 3 2 4 2 4 3 1 1 1 4 1 3 4 1 3 4 3 4 1 0 1 3 0 3 0 1 3 3 8 1 1 2 0 1 1 2 2 2 1 3 3 5 2 1 3 2 2 2 1 2 4 1 6 2 1 0 1 1 5 3 0 4 4 1 0 2 3 3 2 1 1 2 0 3 1 2 0 1 1 1 2 1 2 2 2 3 2 4 1 2 2 2 3 2 5 0 1 5 1 2 2 3 3 0 3 3 6 4 2 4 1 3 3 1 2 0 5 3 0 3 2 3 2 2 3 2 3 2 3 2 2 0 0 2 1 4 3 5 2 1 1 0 5 0 2 1 3 2 3 3 0 3 2 3 1 0 2 3 2 1 3 5 3 0 2 3 3 1 1 2 3 1 2 4 2 2 3 1 0 1 1 0 2 2 1 2 2 1 5 1 1 3 1 1 1 0 2 1 1 3 1 1 4 0 2 2 1 5 2 2 4 0 2 1 3 4 0 1 2 3 1 1 2 2 2 0 3 1 3 1 2 1 2 1 0 3 1 0 0 2 3 5 0 0 2 0 1 5 4 4 0 2 0 1 0 0 0 2 2 4 3 0 1 5 1 2 0 2 1 4 1 1 2 1 2 1 3 0 1 0 2 0 4 4 2 1 1 5 1 1 4 2 1 2 1 3 0 2 2 3 1 1 2 1 3 1 1 3 4 1 2 2 0 1 1 2 0 2 4 4 3 2 1 2 2 1 2 0 3 2 3 0 2 7 1 1 3 1 2 2 1 2 1 3 0 2 2 3 2 5 1 2 2 0 0 1 3 1 1 3 1 1 2 3 3 0 0 1 1 1 1 2 2 1 8 1 0 0 4 0 1 4 3 4 2 2 1 3 3 1 1 1 3 2 5 2 2 2 3 1 0 0 1 1 2 3 1 2 2 4 1 0 3 1 2 4 5 3 2 1 1 3 3 3 3 4 1 1 2 2 0 0 0 5 3 3 4 1 4 0 2 0 0 1 3 2 2 1 4 1 2 3 0 1 2 0 4 1 3 0 2 3 1 0 2 1 2 2 1 3 3 0 0 3 5 0 1 2 1 3 2 0 1 2 0 1 5 3 3 2 3 2 1 3 3 0 0 4 2 2 3 1 5 2 1 6 1 5 0 3 1 3 1 1 3 1 2 2 1 2 0 2 2 2 3 1 2 2 2 2 2 0 3 0 4 4 4 0 0 2 3 1 1 2 2 0 4 4 5 1 0 2 2 0 1 0 2 3 2 1 1 4 2 2 4 4 2 1 3 0 1 0 3 0 2 2 0 1 3 1 3 2 5 1 0 2 2 4 7 3 5 1 0 3 1 3 1 2 3 3 0 2 1 2 2 2 0 3 4 2 2 3 2 1 3 2 2 1 2 0 0 1 1 3 1 4 0 3 1 2 1 3 3 2 3 1 4 0 1 0 2 2 1 0 2 3 3 1 4 1 1 4 1 1 2 0 4 1 4 3 5 1 2 0 1 3 3 2 3 1 1 4 1 2 6 4 0 3 2 3 2 1 2 1 4 4 4 1 1 4 4 1 0 3 1 1 3 1 2 2 0 3 0 1 5 0 5 0 1 2 3 2 2 2 2 2 4 2 1 3 4 2 1 1 2 2 2 1 4 0 2 2 3 2 2 1 2 1 2 1 3 1 1 2 2 1 2 4 1 0 2 3 3 3 2 0 2 1 4 4 2 2 3 0 3 2 2 1 3 4 3 1 2 3 2 1 1 3 5 1 3 0 0 3 3 1 1 5 3 4 3 2 1 1 1 1 1 4 1 3 1 5 1 0 2 2 0 1 2 4 2 0 1 0 2 2 1 2 2 1 2 2 0 1 4 3 1 2 2 1 0 2 2 1 4 4 1 0 1 1 2 1 2 1 0 4 3 1 1 3 1 2 0 0 3 0 2 0 4 4 0 2 0 2 4 2 2 4 0 2 1 0 2 2 3 2 2 1 4 3 1 1 5 1 4 0 2 4 3 0 1 2 2 0 0 2 4 1 2 3 1 4 5 4 0 2 1 0 0 1 2 3 1 3 1 3 2 1 3 3 0 3 5 1 3 3 1 1 3 1 3 0 2 0 4 0 1 4 0 1 0 3 1 3 3 1 0 0 4 6 2 2 1 3 1 3 2 1 0 0 2 2 0 2 3 6 2 1 1 0 3 2 2 3 0 3 0 0 1 2 2 7 3 1 2 0 1 3 3 0 2 3 1 2 0 0 2 5 2 1 3 3 2 2 2 2 1 4 6 1 1 8 1 0 2 1 1 5 2 2 1 2 1 3 1 3 2 0 2 5 2 2 1 3 2 6 2 3 2 1 2 1 1 2 3 5 4 1 2 1 1 2 5 0 1 2 1 0 1 1 4 1 1 0 4 3 3 3 0 2 2 1 3 3 2 3 0 3 2 2 0 0 3 0 0 4 1 0 1 1 5 1 3 1 0 3 3 0 1 2 1 4 2 1 2 2 1 1 0 4 0 3 0 1 2 2 1 4 2 4 1 2 7 1 0 1 1 2 2 1 1 3 3 2 1 3 1 2 2 1 3 1 1 2 4 2 0 2 5 0 1 2 4 3 1 4 1 1 2 3 1 0 4 3 0 2 5 3 1 1 2 3 3 3 2 2 4 3 0 3 3 2 3 0 2 1 2 2 0 1 1 5 1 2 4 2 2 3 1 1 0 1 1 2 1 2 5 2 1 4 1 1 2 4 2 0 2 3 1 2 1 3 1 5 2 2 1 3 2 3 1 1 0 4 3 3 3 3 3 3 1 3 0 0 3 3 3 2 2 1 0 2 2 2 3 2 2 2 0 5 1 0 1 3 2 1 0 0 0 3 4 1 3 1 2 1 3 3 3 1 1 1 0 2 4 1 2 0 1 3 3 2 1 1 0 1 3 0 3 2 0 4 0 4 4 2 1 4 2 1 2 1 0 5 2 1 2 2 3 2 0 2 0 2 2 3 0 2 5 2 1 3 2 3 3 0 3 2 1 5 2 2 3 1 3 0 1 4 3 1 4 1 1 2 1 3 3 0 0 3 2 4 2 5 2 2 1 1 5 1 0 2 3 2 3 3 3 3 1 3 0 2 3 1 2 1 1 2 3 2 5 1 5 3 3 0 0 2 1 2 3 0 2 0 4 2 0 3 1 2 2 3 3 1 4 2 3 0 2 4 3 2 1 0 2 2 3 4 1 2 1 0 1 3 2 3 3 0 3 0 2 2 0 1 1 4 2 1 1 1 0 1 2 3 5 1 2 1 2 4 1 3 4 2 1 0 3 3 3 5 1 0 1 0 4 2 3 1 1 2 3 2 0 0 4 0 2 1 3 2 2 2 3 1 2 2 2 1 2 3 1 3 1 3 1 1 1 6 2 3 0 2 4 0 4 2 1 2 1 4 4 4 5 1 1 1 0 3 0 0 3 5 1 1 2 1 1 3 1 3 2 1 1 0 3 3 2 1 1 1 2 2 0 1 0 1 1 1 4 4 2 0 5 3 0 5 3 2 2 1 2 2 2 1 1 1 3 3 1 2 1 1 3 3 1 2 1 4 1 1 3 3 4 1 1 1 3 1 0 1 0 2 2 2 2 4 2 1 3 1 1 2 2 3 2 1 2 3 1 1 1 1 1 1 1 2 1 2 5 2 0 1 4 2 2 1 2 2 2 1 4 1 1 4 0 2 1 0 7 1 1 1 1 0 2 5 4 7 1 1 2 1 2 0 1 3 1 2 2 2 1 3 3 1 3 2 1 2 1 2 0 1 2 1 1 5 0 1 0 4 2 2 5 1 0 0 5 3 2 2 0 1 1 2 3 0 2 1 1 0 2 5 2 2 0 1 0 1 0 5 3 4 2 2 1 2 1 4 2 2 2 0 1 3 3 2 4 1 5 3 2 4 1 3 0 3 4 1 1 1 1 2 5 0 4 2 3 0 1 1 4 0 2 0 2 1 4 4 2 2 2 2 5 3 1 2 3 1 0 1 3 0 3 3 1 3 0 0 2 1 1 2 0 3 2 1 2 1 3 1 3 2 4 3 0 3 1 1 2 3 3 2 4 3 1 2 4 2 3 2 2 2 1 2 1 4 3 0 1 2 1 1 3 4 2 1 3 3 3 1 0 1 1 3 3 3 4 4 4 1 2 2 1 0 0 2 0 1 3 2 2 0 1 0 4 3 7 1 6 1 3 2 3 2 1 0 3 1 1 0 1 4 0 1 2 2 1 1 0 3 2 2 3 5 3 3 3 1 2 2 4 4 1 1 2 0 1 1 6 1 2 3 4 5 2 3 1 0 0 3 1 2 4 0 1 0 1 0 2 2 4 2 3 4 3 2 2 1 2 0 5 2 2 1 4 1 2 2 1 1 3 2 1 1 3 3 1 4 2 2 5 2 5 1 2 2 1 0 0 0 2 2 0 4 4 2 3 3 2 3 1 2 2 2 1 1 4 3 2 1 0 0 3 3 1 0 2 0 1 2 2 2 4 1 2 1 6 0 0 1 2 1 1 2 2 2 1 0 4 2 2 1 2 1 2 2 2 1 2 2 1 5 2 1 1 2 1 2 1 2 1 1 2 3 0 5 1 5 2 5 0 2 2 1 4 4 1 3 2 1 1 2 2 1 5 4 1 0 1 2 1 3 0 2 4 3 1 4 5 1 3 1 1 3 2 2 2 2 1 1 2 1 0 2 2 1 1 2 3 2 3 1 2 2 3 4 2 0 0 0 3 1 2 4 3 1 1 2 6 1 3 1 3 1 3 2 1 1 1 5 1 4 1 0 2 4 0 0 1 4 3 2 4 2 1 4 3 3 0 2 2 1 2 2 2 2 2 2 2 3 1 3 2 1 2 3 0 2 1 4 1 1 2 4 1 1 0 1 4 3 2 2 1 0 0 3 1 2 4 1 2 5 2 1 2 0 2 1 0 3 0 3 2 2 2 2 0 3 4 1 2 2 4 1 2 0 0 2 2 2 0 0 2 2 3 2 2 2 2 2 2 1 3 2 1 4 1 2 1 1 0 1 1 1 4 2 1 1 3 2 2 3 4 2 0 0 0 3 3 2 2 0 5 2 3 1 2 2 1 3 2 3 2 2 2 1 1 4 1 4 1 3 0 2 1 1 4 3 2 3 1 3 2 5 1 1 2 1 2 4 5 1 1 3 0 0 3 0 1 2 1 1 1 1 2 4 2 2 1 2 3 2 1 3 1 3 4 4 3 1 1 1 1 2 0 3 3 1 2 2 2 2 1 2 4 3 4 2 3 2 3 3 1 1 0 2 3 3 1 3 4 2 5 2 0 2 2 0 1 4 0 3 3 2 2 2 2 0 0 0 5 3 3 2 2 1 0 1 1 3 0 0 4 3 2 2 1 1 3 0 2 4 5 1 0 1 2 2 2 1 3 1 2 2 3 2 2 1 1 3 0 2 0 0 3 1 2 2 2 0 3 1 5 0 1 0 3 3 2 2 2 4 2 1 1 5 2 2 2 0 3 2 1 4 3 2 3 2 2 0 3 3 3 2 4 2 1 5 2 1 3 1 3 0 2 2 3 3 3 0 2 1 2 1 1 3 0 2 3 1 2 1 1 1 5 2 5 3 2 2 1 4 3 1 2 4 0 3 2 4 1 3 1 0 1 2 0 4 2 1 1 0 2 2 4 3 1 1 3 1 3 1 1 2 2 2 2 2 1 2 3 0 5 2 3 2 0 3 0 1 5 3 1 4 1 0 0 2 2 2 2 5 2 1 2 2 6 1 1 2 1 4 0 0 3 1 3 1 2 3 2 1 1 3 4 2 1 0 2 3 2 3 3 2 2 1 2 0 0 1 3 2 2 2 1 0 0 3 6 0 2 3 3 0 5 1 1 1 1 2 2 2 0 4 0 1 1 3 2 1 3 2 3 3 2 1 1 1 3 2 1 5 2 2 3 2 1 2 1 4 1 2 2 1 5 0 1 2 0 1 2 5 2 4 1 0 1 2 0 1 2 1 5 2 5 2 0 3 2 1 1 1 3 0 3 3 0 2 2 1 0 3 4 3 0 1 1 3 1 2 2 2 1 0 3 2 2 2 3 0 1 2 1 1 6 1 1 6 0 3 1 2 3 5 2 1 0 4 3 0 1 3 2 3 3 1 1 0 6 2 4 2 2 3 2 0 0 1 1 3 3 4 1 1 2 4 0 2 3 3 1 4 3 2 1 2 0 2 4 3 3 2 2 2 2 3 3 2 1 3 2 2 3 3 0 2 6 1 0 0 3 3 0 1 2 6 2 0 1 3 0 4 2 0 2 0 4 2 3 1 2 2 6 1 1 2 1 5 2 2 0 3 0 1 1 4 2 3 4 2 1 2 2 3 2 2 0 3 2 4 0 1 2 5 0 4 1 1 3 2 2 1 1 4 4 0 1 1 4 2 4 1 1 2 2 1 0 0 3 3 1 2 1 2 2 1 4 1 3 4 1 3 4 2 4 3 2 2 3 2 1 6 2 1 2 2 2 1 1 3 2 0 1 0 1 3 3 1 3 2 3 5 1 1 3 4 0 4 1 1 0 1 3 2 3 2 1 0 2 2 1 2 3 1 2 1 1 3 3 2 0 3 0 3 1 3 1 3 1 3 3 4 0 2 2 0 1 2 5 1 1 3 1 3 2 2 0 1 4 2 2 2 0 0 1 1 5 0 0 1 0 1 6 2 0 7 0 2 3 2 1 2 3 1 1 2 1 2 2 0 2 1 1 3 1 4 3 1 3 2 0 3 1 2 1 6 2 1 4 1 2 1 3 1 1 0 1 4 2 2 3 3 0 3 1 0 2 4 4 1 2 0 3 0 0 2 0 3 3 0 0 2 5 0 3 2 0 3 0 2 1 2 2 0 0 3 4 0 2 3 1 1 3 1 0 0 2 4 1 0 2 1 7 3 0 1 3 2 0 5 1 1 2 3 2 2 1 2 3 4 1 3 2 2 0 0 3 1 4 2 2 6 3 1 2 1 3 4 1 3 1 1 4 3 5 1 0 3 1 2 0 2 4 2 2 1 1 1 2 1 4 3 1 3 1 3 3 2 5 3 1 1 1 2 2 2 2 1 2 0 2 0 3 2 2 1 2 1 2 0 2 3 4 1 3 1 2 1 1 0 3 0 5 4 2 2 2 0 5 1 2 1 3 3 1 1 5 2 2 4 3 0 2 1 0 2 0 2 3 3 4 0 3 1 1 4 3 1 0 0 1 0 1 1 2 2 0 0 2 3 4 0 2 0 1 2 5 0 3 0 1 2 2 4 1 2 2 2 3 3 0 0 3 2 3 0 2 2 4 1 1 4 1 2 3 1 2 0 2 1 1 4 4 1 0 3 3 2 4 5 2 3 2 1 0 2 2 2 0 2 4 1 0 1 1 2 1 3 4 2 3 0 1 2 4 2 1 1 4 0 2 3 0 2 2 3 4 1 1 0 2 0 3 0 2 1 1 4 0 0 0 0 3 1 0 3 5 1 1 2 5 1 1 2 4 0 0 2 1 3 1 2 4 3 3 4 2 1 1 3 2 4 2 1 3 2 0 1 2 1 2 1 0 4 1 3 3 2 2 1 2 3 4 3 1 1 0 4 1 2 2 6 2 2 2 2 3 3 0 1 2 0 1 3 3 2 3 3 2 1 2 3 2 1 2 2 1 4 1 1 2 3 3 1 4 0 2 4 2 2 3 1 1 2 0 1 5 2 3 3 3 1 0 5 5 1 1 2 0 4 0 0 5 1 3 0 2 2 2 1 2 1 2 1 3 3 2 2 1 1 2 4 3 0 1 4 3 1 0 2 5 0 1 1 0 4 3 0 6 2 0 2 2 1 2 2 0 2 3 0 1 2 2 1 1 3 2 3 2 1 1 3 2 1 0 2 2 2 1 2 1 1 5 2 2 3 5 0 4 3 3 2 1 3 1 1 2 1 2 4 1 1 2 1 3 2 1 3 0 3 1 2 3 1 1 2 2 2 4 1 3 2 4 4 1 1 2 1 1 0 1 1 3 3 6 1 1 3 2 0 3 2 0 1 0 2 1 2 4 4 1 3 3 1 0 1 1 1 2 2 1 3 0 0 4 5 2 1 0 3 1 3 1 0 2 3 2 2 1 2 1 1 0 0 0 0 1 0 4 2 2 6 4 2 2 2 2 2 2 2 0 3 3 2 1 2 1 4 2 5 2 1 2 1 3 2 3 5 5 4 6 2 1 3 2 0 1 0 3 2 0 1 1 3 3 1 1 0 3 2 0 4 4 0 2 1 1 4 1 6 2 4 3 1 2 1 0 6 2 2 0 5 2 1 3 0 0 2 2 0 1 0 5 2 0 0 0 2 3 2 2 2 3 5 1 3 2 1 0 0 2 2 1 3 3 2 3 3 1 3 1 5 2 1 4 0 2 2 3 1 0 3 2 1 0 0 3 1 1 1 2 3 4 3 1 0 3 4 2 2 3 4 5 2 2 2 3 4 1 3 2 4 4 2 1 2 0 3 1 5 2 3 1 3 0 2 5 3 3 2 2 1 2 1 1 1 2 4 1 2 1 2 2 3 1 0 4 2 3 2 5 6 1 3 2 0 2 2 2 2 1 4 2 3 1 0 4 3 4 4 1 2 3 0 1 2 3 2 3 1 2 2 3 1 3 1 0 2 0 1 3 1 2 1 4 0 2 2 4 0 2 2 3 2 1 2 0 1 1 1 3 0 3 3 2 0 4 3 2 1 1 0 1 1 1 2 5 3 2 1 1 2 5 2 3 0 2 2 0 0 2 3 1 0 1 2 1 1 4 1 2 3 2 4 3 5 2 2 3 1 0 3 2 0 2 1 3 4 1 2 2 2 2 3 3 2 4 2 2 3 4 0 3 0 2 2 2 1 1 2 1 1 1 4 1 3 1 1 2 2 1 2 0 0 1 5 3 0 0 2 2 1 1 2 1 2 0 2 3 1 2 1 1 3 1 3 2 1 3 4 0 3 4 2 1 2 4 1 0 2 6 3 1 3 1 0 2 0 1 0 4 2 4 2 2 3 1 2 0 0 2 1 1 4 1 5 1 3 2 2 7 3 2 0 2 1 2 1 1 1 0 3 0 0 4 1 1 1 4 4 1 3 3 0 0 3 3 3 1 2 2 2 3 0 3 1 2 1 0 1 1 1 2 3 0 2 3 1 2 4 2 3 2 4 3 3 2 2 3 4 0 3 1 0 2 1 0 1 1 5 4 5 2 1 1 0 1 2 2 4 2 4 2 0 0 3 3 3 2 2 2 0 5 3 1 2 1 2 2 1 1 3 2 3 1 3 1 0 1 2 3 0 3 1 0 0 1 4 0 2 3 2 2 3 1 2 6 0 2 2 1 0 4 1 2 3 3 0 2 2 2 1 1 2 1 0 2 1 2 2 3 2 0 3 0 0 4 1 2 2 2 4 1 1 2 1 3 0 6 3 1 1 2 1 1 4 1 1 4 1 2 2 2 3 1 3 2 1 1 0 1 4 5 2 2 2 1 2 2 1 4 2 1 3 5 2 3 1 3 2 0 0 1 3 1 1 1 3 3 4 5 0 1 2 1 1 2 2 1 1 1 3 2 2 4 2 1 2 1 0 3 7 1 2 2 1 3 0 3 1 3 1 0 1 2 3 3 3 2 4 1 1 1 1 1 4 2 5 2 2 6 2 2 0 6 2 4 1 0 2 2 2 3 3 5 2 0 0 1 3 3 3 1 2 2 4 2 1 0 3 4 1 2 1 3 1 3 3 2 2 4 0 1 2 5 2 3 0 0 1 4 2 2 4 3 1 0 0 2 3 2 2 2 1 5 1 0 2 4 2 4 2 2 3 1 2 5 3 1 2 3 3 2 1 1 4 2 2 1 2 1 1 2 1 2 4 1 1 2 1 2 5 3 5 0 2 2 2 1 4 1 3 0 2 2 1 2 2 1 1 4 0 3 2 2 1 1 0 2 2 1 0 0 0 2 2 2 4 2 1 0 1 2 1 2 0 2 3 2 1 4 1 1 1 1 1 3 1 5 3 1 0 2 2 1 1 5 2 5 2 2 0 1 1 2 5 4 1 1 3 1 4 4 1 7 1 1 2 1 4 4 0 1 4 2 1 5 0 2 1 2 0 4 4 2 2 3 3 2 0 0 1 3 1 3 1 2 1 4 6 1 1 0 1 1 4 1 0 6 2 1 0 2 1 3 1 1 3 0 3 0 2 2 2 0 0 3 3 3 2 3 3 0 0 3 0 2 5 2 2 3 3 0 1 1 1 1 3 1 3 2 3 3 0 2 0 0 1 2 3 3 3 1 3 0 3 2 1 0 3 0 2 2 5 1 4 1 1 2 0 4 1 1 3 1 1 2 1 1 1 4 1 3 1 2 2 1 2 0 0 0 1 4 2 5 1 1 4 2 2 2 3 0 2 3 0 2 3 4 3 1 0 2 3 3 1 1 6 2 3 0 5 1 1 1 3 1 2 1 0 5 1 2 3 2 0 3 1 4 3 2 0 0 4 2 2 3 2 3 0 1 1 3 1 3 0 4 2 1 2 5 1 1 1 0 3 4 3 2 1 2 0 0 2 1 0 2 2 4 2 4 2 0 2 3 2 0 1 3 3 0 1 1 2 2 1 2 3 0 4 3 2 2 7 0 2 2 2 2 1 2 5 1 1 1 2 3 1 0 3 3 2 2 1 5 1 0 4 0 1 4 1 3 3 0 1 3 0 3 2 2 2 0 4 1 2 1 3 2 0 3 4 3 1 1 2 3 3 2 1 1 3 3 0 1 3 3 1 4 4 2 3 1 3 2 2 3 2 3 2 0 1 2 2 4 3 0 3 1 1 2 2 1 3 3 1 3 0 4 3 2 3 1 2 5 1 1 3 4 3 1 6 0 4 1 0 0 1 3 0 4 0 2 1 2 4 0 0 3 0 3 0 2 3 2 4 4 1 3 1 1 1 3 2 1 4 1 0 2 4 1 1 1 3 1 3 0 1 4 7 2 2 2 1 0 1 2 4 2 1 1 3 2 4 3 2 1 1 2 3 1 2 3 4 3 2 3 2 4 0 3 0 2 0 1 2 2 2 4 1 4 2 3 0 2 2 1 2 1 5 3 1 3 1 0 3 0 2 3 2 0 1 7 2 3 1 5 2 0 1 3 1 0 4 2 1 1 1 2 2 6 2 1 2 3 2 2 1 1 2 4 2 4 4 5 3 0 2 1 0 2 0 5 2 0 4 1 3 1 3 2 1 0 1 0 1 3 1 1 2 2 0 1 2 2 2 2 4 2 2 2 0 0 2 0 3 3 3 3 1 1 2 2 4 4 4 2 2 1 2 0 0 1 2 3 1 4 1 3 3 2 1 2 1 3 3 1 0 1 1 1 1 2 1 0 4 2 3 1 5 2 5 1 0 2 0 3 1 3 0 1 1 3 0 1 2 3 4 3 0 3 3 1 6 5 1 1 0 0 1 0 2 1 3 3 2 0 3 1 1 1 2 2 4 4 1 2 0 2 3 1 0 4 3 7 3 2 0 1 1 2 5 3 0 2 6 0 2 0 1 3 2 1 2 2 3 3 2 2 4 1 3 0 0 1 1 6 1 1 1 2 3 1 1 2 2 0 0 2 2 3 1 3 2 1 1 6 1 1 2 2 1 0 3 2 0 0 3 2 1 2 1 2 2 3 1 1 0 2 3 2 4 0 1 1 6 2 1 4 2 1 1 1 1 2 0 3 2 2 2 3 1 2 1 4 3 3 0 2 1 3 3 2 0 4 3 4 4 3 5 2 0 2 6 2 1 0 1 1 1 0 1 1 5 2 3 2 3 2 1 3 2 3 2 2 2 4 2 4 3 2 1 2 3 1 1 1 1 3 0 3 4 3 5 2 4 1 2 0 1 6 1 2 2 1 5 1 0 1 3 1 6 2 3 3 1 3 2 0 2 0 4 2 3 4 0 1 1 4 2 2 3 2 1 2 5 0 2 1 2 2 1 2 0 1 1 3 4 2 4 2 1 2 3 2 0 2 2 3 3 1 1 2 3 4 1 2 0 2 2 2 2 1 1 2 4 1 2 1 6 3 1 1 2 0 3 3 0 3 2 4 0 4 0 1 2 1 3 0 2 1 3 1 1 1 1 3 4 2 2 2 0 1 2 1 1 2 5 1 0 4 2 1 1 1 1 2 5 3 1 2 3 2 2 0 0 1 5 1 1 1 1 3 2 1 2 3 5 3 2 3 0 3 1 1 3 2 0 1 0 4 1 3 2 3 2 5 3 0 2 1 0 1 3 1 0 3 3 2 2 4 1 2 5 1 2 4 3 3 2 2 2 0 3 3 3 2 4 1 1 2 2 1 1 0 2 2 2 1 2 3 2 5 3 1 1 0 3 2 4 1 1 2 0 0 1 2 3 4 1 3 4 3 2 4 1 1 0 2 1 1 2 3 1 5 3 3 2 2 1 2 4 2 5 4 1 0 1 3 1 2 0 4 2 5 2 2 4 2 2 2 1 1 1 1 2 1 1 4 4 5 0 1 2 2 4 0 2 3 3 1 0 0 2 1 4 1 1 4 4 0 2 2 4 2 1 1 0 4 2 2 1 1 3 1 0 1 0 5 3 6 5 2 0 0 0 3 3 2 4 6 3 1 2 3 4 3 0 2 0 1 2 3 1 1 4 1 1 1 2 1 2 2 1 1 3 3 3 1 2 3 3 1 3 3 2 1 2 1 0 3 1 2 0 2 1 3 3 3 1 0 2 3 2 0 0 2 2 2 2 2 0 1 1 1 3 1 4 0 1 1 1 3 1 4 0 1 2 3 2 2 1 1 3 2 2 0 3 3 0 5 1 1 2 4 2 3 2 0 4 1 1 2 2 3 3 2 2 2 4 2 2 1 4 1 0 0 2 2 5 2 1 0 0 0 4 2 2 1 3 1 3 2 3 1 3 3 2 3 1 2 2 0 2 0 3 1 1 1 3 2 3 2 1 5 4 1 0 1 1 3 3 1 2 3 4 2 3 1 2 3 2 0 2 3 1 3 0 3 2 3 1 1 2 2 1 3 2 4 1 3 1 6 0 2 1 3 0 4 0 1 5 2 0 2 0 2 2 2 2 4 3 2 0 0 2 4 0 4 2 4 2 2 2 2 1 1 3 1 0 2 4 3 2 3 3 1 1 0 3 1 1 3 2 2 2 5 3 1 1 2 1 0 2 2 2 2 0 2 3 2 3 3 0 2 1 2 2 1 4 5 2 4 0 1 1 1 1 3 3 0 2 4 0 3 4 0 4 1 1 0 1 2 2 3 1 1 0 3 1 3 1 4 1 6 0 6 0 1 4 4 0 0 0 3 2 1 2 2 1 3 4 0 4 2 1 1 1 4 3 3 2 1 2 3 1 2 0 3 2 2 0 1 2 2 2 3 1 1 2 1 3 1 3 0 1 1 1 6 2 4 2 2 0 3 2 3 2 4 3 2 1 1 0 3 1 0 5 2 4 2 3 3 2 1 0 2 0 2 3 2 0 2 2 4 3 4 1 0 1 5 2 3 0 2 2 4 1 1 2 4 3 1 1 3 1 3 2 0 2 3 1 2 0 4 3 1 0 6 1 2 4 2 0 3 3 2 3 1 2 0 3 1 1 4 2 1 1 4 2 1 1 2 4 3 3 1 2 2 1 4 2 1 0 2 3 0 4 4 5 1 0 2 1 1 0 3 1 1 0 1 0 5 2 0 3 2 1 2 1 2 2 1 1 1 2 1 3 0 1 1 4 1 2 4 1 2 2 2 0 3 1 2 0 2 2 2 0 2 0 0 1 2 2 4 1 3 3 1 1 1 1 2 2 1 3 1 2 2 2 4 2 0 1 2 0 2 4 2 2 3 0 0 2 2 0 4 4 2 5 3 2 3 1 1 1 2 5 2 4 0 5 1 2 2 0 1 0 3 1 1 3 3 2 1 1 0 1 3 2 4 4 1 2 4 1 1 2 1 0 3 2 3 1 1 5 2 3 2 3 4 4 1 2 1 0 2 2 1 2 3 2 1 4 5 1 1 3 0 2 2 0 5 0 1 1 0 3 0 1 0 5 3 4 1 2 3 2 0 2 3 0 1 2 2 0 3 2 2 2 4 4 1 3 0 4 0 0 0 1 3 0 4 3 4 3 0 3 0 3 3 1 2 1 2 2 0 5 3 2 4 2 2 3 0 2 2 0 2 0 2 1 1 3 2 2 3 3 2 0 1 0 0 2 1 2 0 3 5 0 1 2 4 1 1 0 2 1 2 0 3 3 2 1 0 1 1 3 3 5 3 3 6 0 2 1 0 3 0 2 1 2 3 3 3 1 2 1 2 1 0 2 4 1 2 3 3 3 0 2 3 1 1 4 2 0 3 0 3 0 2 2 2 1 4 1 2 1 2 4 2 1 2 2 2 2 2 1 1 1 3 2 2 1 3 0 1 5 6 3 0 1 2 2 5 0 1 3 1 2 2 2 3 0 1 0 2 5 2 2 4 2 3 1 1 3 3 2 1 3 0 5 2 0 2 1 1 1 0 1 1 0 1 6 2 1 1 1 3 2 2 3 1 0 0 2 2 3 3 1 1 1 2 1 6 2 1 1 3 0 2 4 2 1 2 2 1 1 3 0 4 1 1 3 1 3 1 0 3 0 2 3 2 1 1 4 4 1 0 2 2 6 3 0 2 4 1 1 1 2 0 3 2 0 2 3 3 5 3 3 2 0 1 2 3 4 1 1 3 1 4 3 3 1 2 0 0 2 1 2 4 5 0 5 2 4 4 1 0 3 1 0 1 1 2 2 2 2 1 3 0 2 2 1 3 4 2 2 0 1 2 2 0 1 0 3 3 2 0 1 1 1 6 1 0 4 1 1 1 3 1 0 2 2 4 1 3 3 3 3 1 4 1 5 0 2 1 1 3 2 1 1 2 3 2 2 4 5 2 0 3 1 2 1 1 1 3 2 3 3 2 2 2 4 3 5 1 0 4 3 3 2 0 2 2 3 1 3 4 3 1 1 3 1 2 1 3 4 0 1 3 2 2 0 1 2 3 2 0 1 3 3 2 4 2 0 2 1 2 4 0 2 2 0 1 0 2 2 1 3 2 2 0 2 1 1 2 2 2 4 1 2 3 4 1 2 1 2 1 1 1 2 6 0 2 2 2 1 2 1 2 6 2 1 2 3 3 1 1 3 3 1 1 3 2 0 0 2 0 1 3 2 4 2 0 2 2 2 1 0 3 1 1 3 1 0 4 4 4 2 2 2 0 1 2 0 1 5 1 2 0 0 1 3 1 3 4 3 4 2 1 0 5 2 2 2 4 1 2 3 1 2 2 2 0 2 4 5 3 2 0 1 0 5 0 0 1 3 0 0 2 4 2 2 0 5 4 1 2 4 1 2 1 0 2 1 2 3 0 5 1 3 1 1 1 2 4 4 2 2 2 5 1 1 3 1 1 3 0 5 0 5 2 1 3 2 5 2 1 2 4 1 1 3 3 5 1 2 2 1 1 2 3 1 2 2 3 2 0 1 3 0 5 1 0 6 0 1 2 2 2 3 0 3 1 2 2 1 0 3 3 2 0 4 0 4 2 1 2 1 1 1 2 4 1 2 4 1 4 0 3 3 1 5 4 4 3 4 0 2 2 0 1 3 2 2 4 1 0 1 1 4 1 0 2 0 1 2 2 1 3 4 3 4 3 5 2 2 5 2 2 3 1 0 4 2 1 4 3 4 1 1 2 1 2 0 2 4 3 1 1 1 2 3 2 2 3 1 3 4 4 3 2 0 3 3 2 2 3 1 2 1 0 2 4 0 2 1 2 1 4 2 4 0 4 3 3 1 3 2 0 3 1 2 2 1 2 2 3 6 3 1 1 1 4 2 1 2 2 0 3 3 4 0 1 5 3 1 3 2 0 3 2 2 1 1 2 2 1 4 3 4 1 1 3 2 2 2 2 0 6 1 1 3 0 1 2 3 4 5 0 1 3 1 3 4 4 2 2 2 0 6 2 1 1 2 2 0 2 1 1 2 4 6 5 0 0 2 1 3 1 6 2 3 4 2 3 1 4 3 3 3 0 2 1 2 0 4 0 1 1 4 3 4 2 0 1 2 1 3 2 2 3 2 1 2 2 4 1 4 1 5 3 0 1 0 0 2 2 1 1 2 3 2 2 3 1 1 1 0 2 2 2 1 2 3 3 2 0 1 2 1 2 3 1 1 3 4 2 1 2 2 3 0 0 2 0 0 2 1 1 2 2 2 1 3 3 3 2 2 0 0 2 2 3 2 1 1 3 1 1 2 4 2 2 2 1 2 1 1 2 3 1 0 4 3 3 3 3 2 5 2 0 0 1 2 0 2 4 3 2 2 0 1 2 1 1 3 0 2 4 6 0 2 1 2 2 0 1 2 6 3 0 1 2 6 1 1 1 3 4 2 2 0 1 7 4 0 2 2 1 2 2 2 1 1 3 2 0 0 1 0 3 2 3 3 1 1 1 4 2 2 1 3 2 3 2 1 2 1 0 0 2 1 4 2 1 4 1 2 0 4 3 2 1 3 1 0 1 2 2 3 3 2 2 3 3 0 1 3 1 0 1 2 2 2 2 3 3 3 3 4 2 0 0 2 0 1 3 1 2 2 3 1 1 1 0 4 5 3 3 0 6 3 1 1 2 1 3 4 1 1 1 3 2 1 2 2 3 2 0 2 3 3 3 0 1 4 3 1 1 4 0 2 1 0 2 1 1 3 2 1 3 3 2 1 4 2 1 4 1 2 1 2 2 2 2 1 3 6 0 5 0 2 3 3 2 3 3 0 0 3 3 2 5 2 2 4 2 2 2 1 1 3 2 4 1 2 4 0 2 3 1 1 1 1 2 2 1 2 3 1 4 2 1 0 2 4 3 1 1 2 0 1 1 2 2 2 2 1 1 4 0 0 1 1 1 1 3 0 3 2 1 0 1 0 1 3 4 3 1 6 2 0 2 1 4 2 2 5 1 2 2 0 2 3 2 3 1 0 1 1 4 0 1 4 1 3 5 0 0 1 4 3 1 1 2 1 3 3 4 2 0 1 2 0 3 2 2 0 1 3 1 0 3 1 3 2 4 0 1 1 3 1 3 2 3 0 2 1 1 2 3 2 0 4 3 1 2 2 0 2 2 0 2 0 1 2 5 4 0 2 4 2 1 4 3 3 1 1 0 2 0 2 1 4 5 1 4 0 0 5 4 1 3 1 2 1 1 3 2 6 3 1 2 2 1 0 0 2 1 1 4 3 2 2 3 3 0 2 2 3 1 1 7 1 0 1 0 1 2 1 0 1 3 4 2 0 2 3 4 4 2 3 2 0 1 5 2 4 1 0 1 2 2 1 1 2 0 5 1 1 3 2 0 0 2 2 0 6 2 1 1 1 2 2 3 2 0 3 1 3 2 1 2 2 3 0 1 1 1 2 2 0 3 1 2 3 5 1 4 1 3 2 2 3 1 1 0 1 0 3 2 1 3 2 0 1 1 4 2 3 1 2 4 0 4 1 3 0 1 1 0 1 1 4 2 1 1 3 2 3 1 1 5 1 5 2 1 2 0 4 1 1 1 2 2 1 4 2 3 1 1 3 3 3 3 3 3 0 2 1 2 0 3 1 0 2 0 3 4 3 4 3 0 0 3 1 3 1 2 2 3 0 3 3 1 2 2 0 1 1 1 3 1 4 5 1 1 4 0 1 1 1 2 3 2 0 4 1 4 4 1 2 1 3 4 3 3 3 1 2 1 0 2 1 1 3 1 2 2 2 0 1 3 2 2 4 5 3 0 0 2 1 2 3 1 0 2 4 2 5 2 0 2 2 1 1 2 1 2 2 2 3 0 5 4 0 0 6 1 1 0 3 1 2 2 1 1 0 2 1 3 3 3 0 2 2 2 4 0 3 0 0 1 2 3 2 4 1 1 2 2 3 4 1 4 1 2 2 2 1 4 1 5 1 1 0 1 2 4 1 2 5 2 2 1 1 3 4 2 3 3 3 0 3 3 1 3 4 2 3 4 0 1 1 2 1 0 2 0 2 3 3 4 0 2 0 1 1 4 4 0 1 1 6 0 4 0 2 0 0 2 1 1 3 1 3 3 3 2 0 2 2 0 2 2 1 2 3 4 2 0 1 2 3 0 3 2 2 1 3 1 0 3 0 1 1 2 5 1 0 0 3 1 4 3 3 1 1 3 1 2 3 2 1 2 2 2 4 1 1 5 3 1 1 0 2 2 1 2 0 2 2 2 0 0 2 0 1 2 1 2 4 3 0 0 1 2 3 4 0 3 2 3 2 0 0 0 2 1 4 0 2 2 2 3 2 0 3 2 1 0 3 1 0 3 2 3 1 1 1 3 4 1 2 2 0 3 1 3 0 3 2 1 3 3 5 2 2 1 1 0 3 1 3 2 1 2 0 3 1 1 3 3 1 2 1 3 0 3 1 0 1 3 1 3 4 3 1 1 1 1 2 3 0 2 3 4 6 2 1 3 1 4 2 1 2 0 5 1 3 1 2 2 0 0 2 1 0 3 3 2 1 0 1 0 7 1 3 3 1 0 1 2 1 2 3 3 2 3 1 3 0 3 1 0 3 0 5 1 0 1 2 2 2 1 1 0 2 2 1 2 1 3 1 1 1 3 2 3 2 3 2 0 3 1 1 2 3 0 2 2 4 2 4 1 2 1 1 3 2 2 0 3 2 1 3 2 2 2 3 2 3 3 2 2 4 2 2 1 4 0 3 2 3 2 1 1 6 4 3 2 2 2 2 0 0 0 3 2 3 2 1 0 1 1 2 1 3 0 4 0 1 2 1 2 1 1 2 3 0 1 0 4 0 1 3 3 1 1 3 1 2 1 2 1 1 3 4 3 4 2 4 1 2 2 4 2 2 3 1 1 5 4 1 1 3 1 0 4 2 2 3 3 1 6 1 1 1 5 1 3 0 3 2 1 4 1 0 1 2 2 3 3 1 4 2 3 1 0 0 3 0 3 3 2 5 2 2 4 3 0 2 1 3 5 0 1 3 3 1 3 3 3 1 3 0 1 0 2 1 3 2 3 2 1 0 0 4 0 4 2 0 1 5 3 2 3 4 0 1 4 0 2 1 3 2 2 3 1 1 1 1 1 3 2 0 3 2 0 1 3 3 2 1 0 2 2 2 2 2 2 1 3 3 1 3 3 2 2 2 1 1 1 2 0 2 1 2 3 0 2 2 2 4 3 4 1 2 1 2 5 3 1 0 2 1 2 2 1 2 4 0 4 6 3 2 0 1 3 0 2 1 2 2 1 1 2 3 1 2 2 4 2 3 2 0 2 0 3 1 0 3 3 0 1 2 1 2 3 1 1 1 2 2 0 2 1 4 1 1 1 4 2 4 1 0 0 4 1 3 2 1 2 2 2 3 1 7 0 1 3 1 1 2 2 3 2 3 1 3 2 1 4 2 3 4 0 0 1 2 2 2 1 2 1 0 2 0 1 1 1 4 4 2 0 3 3 1 5 0 3 3 2 2 1 2 1 1 2 3 5 5 1 0 0 0 3 1 5 2 1 5 0 0 0 0 4 1 2 2 2 1 0 5 3 3 1 2 1 1 2 1 3 2 3 3 2 0 2 3 2 0 0 1 5 3 2 2 5 1 1 2 0 2 0 3 1 3 2 3 1 1 2 2 2 3 2 3 2 0 2 3 2 2 3 3 1 1 4 2 1 0 2 9 2 0 1 2 4 2 0 4 1 0 1 1 1 1 0 1 2 1 0 4 3 2 5 3 0 2 2 2 4 1 2 3 1 0 2 2 2 1 1 2 3 2 5 1 3 2 3 3 3 2 1 2 1 2 1 3 2 4 3 3 3 6 1 1 1 0 1 3 2 1 3 2 2 2 2 1 2 0 2 3 1 4 2 1 1 2 2 0 1 1 8 2 1 1 1 1 1 1 3 4 4 3 2 3 2 2 0 5 0 3 0 3 4 2 2 1 4 3 1 2 2 2 3 1 2 2 2 1 1 2 1 3 2 0 0 4 4 3 2 3 1 1 4 1 1 3 2 1 1 1 6 2 1 4 0 3 2 2 5 3 2 2 1 2 4 3 2 2 2 2 5 1 1 0 4 2 3 1 3 3 2 2 3 2 4 1 2 0 3 0 1 4 2 3 0 1 3 3 3 1 1 3 1 3 3 2 2 1 3 3 0 1 3 0 5 3 2 3 1 1 2 1 5 2 1 2 1 4 2 1 2 2 4 1 1 4 3 4 0 1 4 1 1 2 1 4 1 3 3 3 3 0 3 1 5 2 3 0 1 3 0 2 2 3 3 2 1 2 2 0 1 1 4 3 5 3 3 2 3 1 1 4 4 2 4 4 0 0 1 1 3 3 2 1 1 2 4 1 2 3 1 2 1 5 3 1 2 0 2 1 2 2 1 2 4 1 3 2 5 0 5 1 3 1 2 2 3 2 2 2 3 0 2 1 2 1 1 2 2 0 3 2 3 4 2 3 0 3 2 2 2 5 1 3 5 3 0 2 2 1 1 3 2 1 2 4 3 3 2 5 2 1 3 0 2 2 1 4 1 3 2 0 3 0 0 0 5 2 1 2 0 2 2 4 3 1 2 3 5 2 1 0 2 2 4 0 1 2 2 6 0 1 2 2 1 3 1 3 1 1 3 2 1 3 1 1 2 2 3 2 2 1 2 2 3 3 1 2 0 2 2 1 3 2 1 1 3 1 1 2 1 0 3 4 1 1 0 7 3 2 3 2 1 0 2 2 5 1 0 2 2 3 1 3 3 4 1 0 0 1 1 1 3 3 4 0 4 2 0 2 2 0 1 1 2 2 0 1 2 2 2 1 3 1 3 1 1 1 1 4 7 5 1 2 0 1 5 5 0 1 1 1 1 3 6 2 2 0 1 1 1 3 5 1 3 4 2 1 2 4 0 3 4 4 3 1 0 2 2 0 2 1 2 0 2 3 2 6 1 4 2 2 0 2 0 2 1 1 0 1 5 3 2 4 5 1 2 2 2 5 2 2 5 1 1 2 0 1 2 1 5 3 1 1 4 3 1 6 2 5 2 2 0 3 3 2 1 0 1 0 0 2 2 3 3 3 1 2 0 3 1 2 3 3 3 4 3 1 2 5 5 0 1 3 4 1 3 3 0 3 1 1 2 1 0 3 2 1 3 3 2 2 2 6 2 1 3 1 2 5 0 3 1 2 2 2 4 1 5 2 5 1 1 3 0 3 1 2 3 2 2 3 1 1 0 6 0 1 1 1 1 2 1 1 4 4 2 3 2 1 1 0 5 1 3 1 3 1 3 2 4 1 1 1 5 0 4 2 0 1 3 4 1 3 1 2 1 5 3 1 3 4 4 2 3 2 2 0 0 0 3 5 2 2 0 1 3 1 1 2 2 3 2 2 3 2 2 3 2 7 2 2 1 1 4 2 1 1 2 0 1 4 2 1 1 2 1 4 3 2 4 2 3 0 3 1 5 2 1 2 4 3 2 2 3 1 1 1 2 2 1 2 3 3 2 4 2 1 2 0 1 4 2 2 0 2 3 0 4 3 1 0 1 1 4 4 1 1 1 0 2 2 1 3 0 4 3 0 1 2 4 0 2 3 0 0 2 2 0 5 0 3 1 2 2 2 0 4 0 4 3 4 1 3 3 5 1 3 0 1 0 2 4 1 4 3 1 3 3 5 2 3 1 0 3 3 1 3 2 1 1 2 5 1 1 1 3 1 2 4 2 2 3 1 2 0 1 2 1 3 1 2 2 1 1 0 5 4 3 0 0 2 1 0 2 5 3 1 2 3 5 0 0 1 3 1 0 3 1 3 3 2 1 1 1 1 0 1 3 6 0 3 5 0 2 1 5 2 4 1 1 4 2 0 1 1 0 3 4 3 1 3 6 1 1 3 2 3 0 2 2 0 2 0 6 0 1 1 3 0 3 3 3 0 2 2 2 2 2 0 2 2 4 1 2 2 1 1 3 3 3 1 2 1 3 4 0 3 3 2 5 2 2 3 3 0 2 6 2 4 3 1 3 0 1 2 3 1 2 0 3 1 5 0 1 1 3 3 0 3 0 2 3 4 2 1 1 1 2 3 1 3 0 1 0 1 1 3 3 2 0 3 5 4 3 3 1 2 0 3 0 1 2 1 2 0 3 4 1 3 3 1 1 1 2 4 0 0 0 1 1 0 4 2 2 4 4 1 3 1 1 2 4 1 0 2 2 2 4 3 1 0 3 2 3 2 3 0 0 1 2 1 3 1 5 2 0 0 1 0 3 1 3 4 5 2 1 1 2 0 2 3 0 4 2 1 1 2 2 2 0 4 2 2 1 2 3 0 2 0 2 4 1 3 1 2 3 3 3 2 0 3 1 2 4 0 0 0 2 4 2 1 2 2 2 2 4 2 0 1 2 2 2 1 2 3 2 1 2 0 2 4 1 2 3 3 2 1 3 1 2 1 1 2 1 1 1 3 0 3 2 3 0 0 1 2 0 2 5 1 3 1 0 2 3 2 1 3 1 5 4 3 3 3 2 1 0 1 2 3 3 2 1 1 3 5 3 2 2 2 1 4 2 1 1 4 0 1 3 5 4 1 1 2 3 0 4 3 2 1 4 1 0 0 7 3 3 3 0 3 0 2 1 3 1 3 2 5 3 3 3 1 1 0 3 2 4 4 2 2 1 1 0 2 2 1 2 2 1 0 4 1 3 1 0 1 1 3 2 0 2 3 4 0 3 2 4 2 3 2 2 1 2 0 3 1 0 2 2 2 2 3 3 2 2 2 1 1 1 3 1 3 2 2 3 3 0 5 4 0 2 2 0 4 0 1 2 2 4 0 0 2 1 3 2 0 3 4 3 1 1 1 4 1 0 4 1 1 2 2 4 2 2 2 3 1 1 6 1 0 3 2 3 3 1 1 3 1 2 2 2 1 0 2 0 3 2 1 4 3 1 0 3 3 2 0 1 0 2 2 1 2 3 2 0 3 1 4 3 2 0 2 2 0 0 4 2 0 1 2 1 3 3 2 2 4 4 3 2 2 1 1 2 1 0 3 2 5 2 0 2 3 0 3 1 0 1 1 2 1 3 5 1 2 1 2 3 3 1 2 0 2 1 1 0 2 4 1 0 1 3 3 3 2 2 5 2 1 2 0 4 1 2 0 2 3 0 3 1 1 3 2 2 2 1 1 1 2 1 2 2 2 1 1 1 6 3 1 0 1 0 1 2 2 2 2 1 3 2 3 3 2 5 1 0 4 1 3 1 0 2 3 2 3 1 2 6 3 2 1 1 1 3 1 2 3 4 4 1 3 0 1 4 0 0 3 4 5 2 3 3 2 0 1 2 0 1 2 0 4 1 1 3 2 1 4 1 1 2 1 4 4 2 2 1 3 2 0 0 2 1 5 2 2 4 3 2 2 1 1 2 2 1 0 3 2 4 1 0 1 3 2 4 3 3 1 1 3 4 6 2 2 1 0 3 3 1 1 2 2 2 0 1 3 3 1 0 3 2 4 1 1 2 3 0 1 0 4 2 2 3 2 1 1 2 3 3 2 3 2 3 1 1 3 0 1 4 3 2 3 1 2 2 1 7 2 2 0 1 1 4 0 1 2 0 2 1 4 0 1 1 2 1 3 1 3 1 0 1 1 1 2 1 1 5 1 2 4 1 4 3 2 3 1 1 1 2 0 0 1 1 2 4 2 2 3 0 0 2 10 2 3 1 1 0 2 2 2 4 1 0 3 5 2 3 0 0 3 2 1 4 2 1 2 1 1 1 2 1 0 3 1 2 0 2 4 0 1 3 3 1 2 5 0 1 4 2 2 2 2 2 2 3 4 2 1 2 2 0 1 0 2 4 2 2 1 3 1 2 3 4 0 5 1 3 1 0 2 2 1 2 0 1 3 4 2 2 3 2 3 5 5 3 0 2 2 2 2 2 4 1 3 1 2 4 4 0 2 0 4 4 1 3 3 2 5 2 4 1 1 3 2 2 0 2 3 4 2 0 3 4 2 0 1 1 1 2 2 3 3 1 3 2 0 3 0 3 2 3 0 0 6 3 1 3 5 0 2 2 1 2 2 5 1 5 2 1 2 4 2 3 1 1 2 2 4 3 2 1 3 1 0 1 1 1 3 1 3 2 3 3 0 0 2 2 0 6 1 2 0 3 4 0 2 3 3 2 3 2 1 2 2 2 1 4 5 0 2 2 2 1 1 2 3 1 0 2 0 0 3 0 2 1 1 7 2 1 2 1 3 0 2 2 2 1 1 3 3 1 1 1 0 1 4 0 4 1 0 4 3 2 1 3 2 1 1 1 0 2 1 3 1 2 4 4 2 1 1 1 0 2 1 4 2 0 2 1 2 1 1 1 6 2 1 3 3 2 1 3 2 2 1 2 0 2 1 0 2 4 2 1 2 0 2 4 1 2 2 4 4 2 2 4 0 4 0 2 3 3 2 2 1 2 1 2 3 2 8 1 2 0 2 0 3 2 2 4 3 1 0 1 1 2 2 0 4 1 5 0 1 1 1 3 3 3 1 2 2 4 0 0 2 1 3 0 3 0 2 2 2 2 1 3 4 0 0 3 2 0 2 2 2 4 3 1 4 4 3 2 3 2 3 5 2 3 0 2 2 0 3 2 3 2 4 1 2 1 4 2 4 1 3 2 3 1 2 2 2 4 5 3 3 2 0 0 0 4 1 1 5 7 2 2 2 0 4 3 4 1 0 1 1 1 1 4 4 3 0 3 2 0 4 2 2 0 2 0 2 3 1 3 5 4 0 1 2 3 3 0 1 2 2 3 1 1 5 4 2 1 1 3 1 1 0 1 2 2 3 3 1 3 2 0 3 1 1 1 1 4 1 4 2 2 2 3 3 0 1 1 2 0 3 2 1 2 1 2 3 4 2 2 0 4 2 0 1 2 2 2 2 4 2 3 4 1 2 1 4 2 2 1 2 3 3 1 1 0 1 0 2 4 4 1 2 2 4 2 2 6 2 3 5 0 1 1 2 2 3 3 0 6 3 1 0 0 3 1 3 1 3 1 2 2 0 2 3 2 2 3 1 2 2 1 3 2 1 2 2 0 2 0 7 2 6 1 4 3 3 2 3 2 5 3 0 3 2 3 3 2 1 2 2 2 2 2 1 0 1 3 2 3 2 1 0 0 1 2 1 3 1 1 2 4 3 1 4 3 0 1 4 1 2 3 1 1 0 0 1 2 2 1 1 3 0 1 2 1 2 0 2 2 1 2 0 2 1 2 3 2 1 4 0 1 0 0 3 1 3 4 3 1 1 3 1 1 2 2 3 3 5 1 1 2 1 1 1 1 3 2 1 1 1 0 3 3 2 2 4 1 1 1 2 1 1 3 1 2 5 1 0 1 1 1 1 4 4 0 0 5 0 2 2 3 3 4 3 2 0 1 0 2 2 2 1 2 1 0 2 1 2 3 2 2 1 3 1 2 1 2 2 2 4 1 0 1 1 2 4 1 2 0 1 4 1 1 2 1 2 3 3 0 4 5 1 2 0 2 1 3 3 1 1 2 1 3 3 0 3 2 1 0 1 0 2 3 1 1 6 3 3 2 1 2 0 2 1 2 5 2 2 3 1 5 1 3 0 4 2 2 0 1 0 2 2 3 1 3 3 1 3 3 3 5 0 4 0 0 3 3 1 0 4 1 1 3 1 1 2 0 2 0 2 1 1 0 1 3 3 2 5 1 0 1 4 2 1 2 3 1 2 4 1 1 0 4 4 2 2 1 4 2 1 2 3 2 1 0 4 0 0 0 2 2 2 5 3 1 2 3 3 1 2 2 3 2 1 1 1 0 3 1 1 3 3 3 1 3 2 0 2 2 1 1 2 2 2 1 0 4 2 2 1 5 1 0 3 1 0 2 3 0 4 2 3 2 1 3 4 1 2 0 2 0 0 2 1 1 2 2 1 4 0 2 1 2 3 1 3 2 2 1 0 5 0 3 0 4 2 3 2 1 2 1 3 3 3 3 2 0 1 0 2 1 0 2 1 2 1 1 3 5 3 0 3 2 2 1 1 0 0 3 2 3 3 1 0 1 1 0 2 3 1 1 2 6 1 1 3 2 2 1 2 1 0 1 2 1 3 1 0 0 1 2 1 5 4 1 2 3 4 1 1 1 2 2 3 2 2 1 0 6 0 2 3 1 3 2 1 2 0 2 1 0 1 1 2 2 1 4 3 0 1 3 1 1 3 2 6 1 2 4 3 2 0 3 1 0 0 2 2 2 3 0 1 0 1 0 2 1 2 4 1 3 3 1 1 1 1 1 7 0 2 0 0 2 4 3 4 2 4 1 3 3 1 0 2 2 1 1 4 1 3 1 1 4 1 5 1 2 5 0 5 2 3 4 3 1 3 3 1 2 2 3 1 2 1 0 2 4 1 5 2 5 1 2 0 0 5 2 1 1 2 3 3 0 3 0 1 2 0 3 0 1 2 3 1 4 1 1 3 1 5 3 0 1 3 3 1 2 1 5 2 5 3 0 1 2 1 3 1 0 2 2 1 5 0 1 1 3 1 5 1 0 2 2 2 3 1 2 2 1 1 5 2 1 1 1 1 4 2 1 5 2 0 3 2 5 2 2 1 2 1 2 0 1 3 1 2 3 0 4 2 4 1 5 1 2 0 2 1 3 0 2 5 2 2 2 2 3 0 3 3 4 0 2 1 1 0 1 2 2 2 3 5 2 2 3 2 3 2 4 4 3 2 2 1 0 0 3 2 1 2 2 1 1 1 1 3 1 1 5 3 3 0 4 1 0 1 1 1 1 2 2 4 1 0 4 4 2 3 1 2 1 1 1 1 0 2 4 2 2 2 0 1 2 0 3 3 0 2 1 0 4 2 1 2 2 3 1 1 1 1 5 1 2 1 4 2 5 3 2 0 1 4 2 1 5 0 5 1 2 3 0 3 0 1 4 4 3 4 2 1 5 1 2 2 1 2 6 1 1 0 3 1 4 2 3 3 2 1 2 1 3 2 1 1 1 6 1 4 1 1 1 0 1 1 2 3 1 1 2 2 1 3 1 3 1 3 3 0 2 4 3 2 2 0 2 2 2 2 3 2 0 0 1 1 0 3 2 4 3 7 0 1 2 2 3 1 1 0 1 1 4 1 1 4 2 6 5 0 1 4 2 2 5 5 3 0 1 3 3 2 2 2 1 0 1 3 0 3 5 0 3 4 2 2 2 1 0 2 3 1 1 2 1 9 1 3 1 5 2 4 2 3 2 0 0 1 5 4 1 0 2 1 4 1 1 2 1 0 2 1 3 0 1 2 4 1 2 5 1 1 1 2 2 2 2 2 2 0 4 3 0 2 2 1 1 1 3 1 0 2 1 1 1 1 2 2 4 6 2 2 3 0 2 1 1 2 3 3 1 2 1 0 1 4 4 2 4 1 2 1 0 3 3 3 2 2 2 0 0 1 3 0 3 0 1 5 0 3 2 3 0 3 1 1 8 0 2 3 3 3 3 0 4 1 0 2 1 2 2 0 3 1 2 2 3 1 1 3 4 2 0 2 3 2 1 0 5 1 3 2 2 1 1 4 4 1 3 3 2 0 1 1 2 1 2 4 5 3 2 1 1 2 1 3 5 0 3 3 2 3 1 3 2 0 1 2 1 3 2 0 1 3 2 0 2 0 1 2 2 4 1 2 1 1 1 1 2 0 3 1 2 1 2 2 0 1 1 5 1 3 2 0 1 0 2 1 1 1 2 2 2 7 0 5 1 3 1 1 1 1 4 1 1 3 1 0 3 2 1 2 1 1 2 2 3 1 2 4 3 1 2 1 2 2 1 2 2 0 0 5 5 1 2 2 4 2 2 2 3 1 0 3 4 0 6 3 0 2 2 2 1 1 3 2 3 0 2 0 3 3 1 1 3 1 1 5 0 1 4 3 1 2 2 2 0 4 3 1 1 2 3 1 1 1 0 3 4 1 4 1 3 4 4 1 0 2 1 4 2 3 0 4 2 3 1 0 2 1 2 1 2 2 3 1 1 2 1 2 2 0 2 1 2 2 1 0 2 1 1 4 1 0 1 2 1 2 1 2 1 2 1 1 2 7 1 2 4 1 2 3 3 4 0 1 0 4 3 1 2 1 4 2 0 1 2 1 0 0 5 1 5 2 2 1 0 0 2 2 0 3 4 0 2 0 3 2 3 6 1 2 0 2 2 4 0 1 1 0 2 1 2 4 2 3 0 4 3 5 0 4 2 0 2 0 2 2 1 1 1 2 1 1 3 4 3 1 2 3 2 3 2 2 2 6 1 1 3 4 0 2 1 2 4 0 2 3 4 4 2 1 1 1 2 6 4 0 1 2 1 2 2 2 1 2 1 2 0 1 2 1 2 2 1 1 1 1 5 4 5 1 2 2 2 1 3 2 0 3 0 3 4 0 2 1 3 3 1 3 1 5 1 2 5 2 0 2 2 2 0 1 3 2 1 3 1 1 4 2 1 1 0 3 2 1 2 3 3 1 3 2 0 3 3 3 3 4 3 3 1 3 3 3 2 2 0 2 2 0 1 0 3 2 3 0 1 2 4 2 3 1 5 3 0 2 2 3 2 3 4 2 3 1 1 1 3 2 1 3 5 4 2 0 3 0 3 2 1 1 2 2 1 6 1 0 0 1 5 3 2 0 1 3 2 1 1 3 0 7 4 2 2 4 1 0 1 1 0 2 2 2 1 0 2 3 5 1 1 3 1 0 0 3 0 0 3 4 1 3 3 1 1 3 1 1 5 1 1 4 2 2 5 2 0 0 2 3 3 0 4 1 2 2 0 1 2 2 3 4 3 4 3 5 0 2 1 5 1 3 1 0 1 1 2 3 4 2 1 2 1 2 1 4 2 2 1 1 0 4 0 0 0 2 2 1 4 2 1 2 3 3 1 4 3 1 2 3 2 1 2 1 0 1 1 3 2 1 3 1 3 0 4 2 2 4 1 2 2 3 1 3 0 1 4 2 1 0 3 4 0 0 2 2 0 1 1 4 0 1 4 2 2 2 0 1 0 3 2 1 3 3 4 1 3 2 1 2 2 3 2 1 1 3 2 4 3 2 2 1 0 1 0 2 3 3 2 2 2 2 1 0 5 3 3 2 2 0 1 3 2 0 4 3 4 0 0 2 3 3 1 0 4 0 1 0 2 4 0 2 4 3 0 2 1 5 3 1 1 1 2 1 3 3 0 0 1 1 1 2 1 2 2 4 4 3 2 4 2 1 2 1 1 0 1 4 2 2 3 1 3 2 2 2 1 1 0 0 1 3 2 1 3 2 4 1 1 0 2 0 2 1 5 1 5 4 4 0 0 2 5 3 3 0 1 4 4 4 0 1 1 0 3 2 3 4 1 1 1 5 2 5 1 0 3 2 3 3 4 0 4 3 1 1 2 3 2 1 2 5 0 1 3 2 1 3 1 3 4 1 1 1 0 4 3 0 3 2 3 3 1 2 3 3 2 1 2 3 1 2 2 5 1 1 1 2 1 2 2 6 6 1 4 1 0 2 4 0 5 1 1 2 0 2 1 3 1 3 3 0 5 2 4 3 0 4 3 1 2 4 2 0 3 3 1 4 0 3 1 0 2 2 1 1 1 3 1 1 3 2 2 1 3 0 0 1 2 5 1 2 2 3 0 4 3 1 2 4 1 5 1 2 1 2 2 2 2 3 3 2 2 2 2 1 2 4 7 3 3 0 1 1 3 1 4 0 2 1 3 3 0 1 2 0 2 2 3 1 1 0 3 3 5 1 2 3 0 3 1 2 2 3 1 1 1 2 0 3 0 1 1 1 0 2 2 3 5 2 1 3 1 2 0 5 1 3 2 2 2 2 2 3 2 1 2 3 1 2 1 3 0 0 5 3 2 0 3 1 2 4 4 1 2 1 4 2 0 2 2 3 5 0 0 4 2 2 2 5 5 2 2 2 2 0 0 1 4 3 4 0 0 1 3 0 4 5 1 1 2 2 3 5 2 2 1 1 1 1 1 3 1 1 4 3 2 2 2 2 2 3 3 0 2 2 0 4 1 1 1 0 1 1 0 1 2 1 1 3 3 1 4 2 5 2 4 0 0 2 2 2 4 0 1 2 2 1 2 1 5 1 3 0 1 0 0 1 3 2 2 0 4 2 0 8 2 2 1 2 1 3 3 0 1 2 5 3 2 1 1 2 2 1 2 1 2 2 0 6 3 4 1 0 3 3 1 3 5 4 2 3 0 2 1 3 2 3 0 1 3 1 3 2 1 3 1 1 4 3 4 4 0 3 1 0 1 2 4 2 3 4 2 0 1 2 3 1 3 1 3 1 6 0 2 1 1 5 0 2 2 4 1 4 2 1 2 2 3 2 0 2 1 3 1 4 3 0 6 0 1 1 1 1 2 4 2 1 2 0 3 2 1 2 5 0 7 1 2 1 4 2 2 3 1 1 1 0 2 8 0 2 2 0 2 3 0 4 0 0 1 4 1 1 2 2 3 3 1 4 2 3 3 3 1 1 0 3 1 0 4 3 1 2 2 3 1 2 2 4 1 1 3 5 1 2 3 2 3 0 1 3 1 0 1 1 3 1 1 2 1 2 0 3 1 0 3 2 2 5 4 3 0 2 1 0 3 2 4 1 1 2 0 1 2 0 3 0 2 3 2 1 3 4 0 1 2 2 5 1 3 0 1 2 0 2 1 2 4 5 0 1 3 2 1 2 2 2 1 0 3 3 0 2 1 1 5 2 5 2 2 2 1 0 1 1 1 2 0 1 2 0 0 1 5 3 2 3 2 1 2 2 1 2 2 3 2 2 1 2 1 1 2 1 7 4 1 0 1 2 2 2 2 3 0 2 3 1 2 0 2 2 3 1 1 2 0 1 2 2 2 1 4 3 4 1 2 0 1 3 3 1 1 4 0 2 4 2 0 3 0 1 0 4 2 0 3 1 2 3 1 2 1 3 4 1 2 2 4 0 1 2 2 4 3 1 2 2 1 2 1 3 2 1 3 4 4 1 3 2 0 2 0 3 3 1 3 3 1 0 1 1 2 2 3 0 3 1 0 2 0 3 2 1 4 1 4 2 1 0 4 2 3 1 0 3 1 5 2 3 0 0 2 3 1 3 1 3 1 2 2 1 3 0 3 5 2 3 1 0 5 2 0 1 1 2 4 0 3 1 3 3 4 2 1 0 3 0 2 5 4 1 1 2 5 2 3 0 2 1 0 2 1 2 2 0 3 4 3 5 3 4 0 3 2 0 5 3 0 3 0 3 4 1 1 1 1 2 1 2 0 2 2 1 2 2 1 3 1 3 2 4 2 1 0 2 3 2 1 3 2 3 1 4 1 2 2 2 4 3 2 3 6 2 2 1 3 2 1 1 0 2 2 2 3 3 2 0 3 2 0 1 4 2 2 2 3 0 4 2 2 4 1 3 0 3 1 3 4 1 1 1 1 4 1 5 3 3 1 2 0 1 2 1 1 0 0 0 1 0 1 4 1 2 2 2 2 2 2 1 3 2 1 1 1 1 3 0 3 3 2 4 4 5 2 0 2 3 1 1 2 1 3 1 2 0 0 2 4 2 3 0 2 4 1 1 3 0 1 3 0 0 3 1 2 2 1 1 2 1 2 2 2 2 3 1 1 2 2 0 2 3 3 3 3 2 2 1 1 1 2 1 3 2 2 1 0 3 1 3 0 3 1 1 1 2 5 3 1 2 3 3 1 2 4 1 4 1 2 2 1 1 1 6 0 2 3 2 4 1 3 3 1 2 4 1 1 1 2 4 2 1 1 1 1 2 3 3 1 5 4 2 3 4 1 3 0 5 1 2 1 1 0 1 1 2 3 0 0 3 4 3 1 2 1 2 1 2 2 3 1 3 3 2 1 3 2 2 3 4 3 2 2 0 2 1 2 2 2 0 1 1 2 3 5 3 2 0 1 1 2 2 1 4 0 0 0 4 3 1 1 2 1 2 1 1 2 1 2 4 0 3 3 1 1 0 1 1 1 1 3 3 0 4 2 3 1 3 0 2 3 2 1 2 3 5 1 0 1 2 2 4 5 1 2 4 1 0 3 0 2 2 1 1 1 1 0 3 3 4 2 1 1 1 2 3 1 0 2 2 3 4 6 3 0 0 1 3 1 1 1 2 3 5 1 4 6 1 1 3 3 1 1 2 2 1 3 3 3 1 1 3 1 2 1 2 2 4 0 1 2 2 1 3 5 2 1 2 3 1 2 1 4 1 1 0 1 3 2 2 2 2 0 1 0 2 0 3 5 1 4 0 5 2 1 3 3 2 2 2 1 1 2 3 1 3 2 1 1 3 0 2 1 1 2 2 3 0 3 1 0 3 3 3 1 4 3 2 1 4 2 2 3 4 2 1 1 1 2 0 3 3 0 3 3 4 4 3 3 1 1 1 2 0 1 2 3 1 1 1 3 3 1 5 2 1 4 3 0 3 4 1 2 1 1 1 1 0 3 3 2 0 2 4 2 1 1 0 1 3 1 3 0 1 0 1 3 0 3 2 3 1 4 2 2 2 4 1 1 3 2 2 4 1 2 1 1 2 1 3 4 2 1 1 4 1 1 3 2 2 4 1 0 3 4 3 0 0 2 0 1 3 4 1 2 4 1 2 5 5 1 0 0 4 4 2 0 4 2 2 0 2 1 3 3 1 0 2 0 1 4 1 3 0 1 2 1 2 2 5 0 2 2 4 0 0 3 4 3 1 1 4 0 2 4 0 0 2 2 1 1 1 2 5 1 3 3 1 1 2 0 0 3 3 2 0 5 1 1 2 3 4 2 6 0 1 1 2 3 1 0 2 1 1 1 0 2 2 1 1 3 4 3 0 2 0 3 1 3 0 4 1 1 1 1 1 0 1 1 1 2 1 3 3 3 1 1 1 2 4 1 1 3 1 2 3 1 2 0 3 4 3 3 1 0 2 2 2 1 2 3 6 3 0 3 3 3 3 1 2 2 1 0 2 1 1 3 1 3 0 3 0 4 2 3 2 3 1 3 1 4 4 0 2 2 4 3 0 3 2 3 4 1 2 1 2 1 2 4 2 3 3 1 3 1 1 2 3 1 2 3 5 3 2 1 2 2 2 2 2 3 2 2 1 2 1 5 3 1 0 3 0 5 1 3 0 1 2 3 2 1 5 3 3 1 0 3 1 0 4 0 1 1 5 2 0 1 1 1 3 1 2 2 0 2 3 0 3 2 0 1 3 2 1 1 2 2 1 0 2 1 1 1 2 3 0 2 5 2 3 3 0 5 1 2 4 4 5 0 2 0 2 0 2 1 1 0 2 0 1 5 4 2 4 1 3 2 2 4 3 3 1 0 2 1 0 2 1 2 2 3 1 2 3 4 2 1 5 2 0 2 2 4 4 3 0 2 2 1 2 0 2 5 1 0 4 3 0 4 2 1 0 3 1 3 3 0 5 1 3 0 2 1 2 0 0 3 3 1 1 3 2 1 4 3 2 1 1 2 5 4 2 2 3 1 2 5 1 1 4 1 1 1 2 4 2 2 0 3 1 3 1 0 3 2 5 3 1 0 3 1 1 2 2 2 0 0 2 1 1 2 2 3 6 1 3 0 1 0 1 2 1 2 1 1 4 3 4 2 4 1 5 1 0 3 3 0 2 0 2 1 2 2 0 6 3 2 0 1 3 5 2 3 3 1 1 1 3 2 1 2 2 1 1 4 2 2 2 1 2 0 1 2 2 5 1 1 0 3 2 2 3 1 1 1 6 2 3 1 0 1 2 1 1 2 2 2 3 2 0 2 7 4 3 0 4 0 2 2 1 2 2 3 2 3 4 2 0 1 1 3 3 0 2 2 3 3 2 0 2 4 3 1 3 0 1 2 1 2 1 2 1 1 3 1 1 0 4 3 2 3 3 1 0 1 1 1 1 3 1 1 1 1 4 0 1 4 1 4 2 2 1 1 4 1 3 1 1 3 0 5 2 0 2 2 2 2 3 2 1 0 2 4 2 1 1 3 1 5 4 0 2 2 1 1 2 1 2 2 5 1 1 3 0 2 1 3 4 2 1 3 1 1 3 3 2 1 2 0 1 2 4 0 5 0 3 2 4 5 1 3 4 4 1 1 3 0 1 3 1 1 3 1 1 2 2 2 4 4 4 2 1 4 1 0 4 1 1 3 0 1 0 1 4 0 1 0 4 2 2 2 1 4 0 2 2 3 3 4 0 1 0 5 3 2 0 3 6 3 3 2 1 1 1 4 3 3 0 2 1 1 3 2 3 4 2 2 1 1 3 3 1 1 1 1 3 1 1 2 1 2 2 0 3 1 1 3 1 0 3 7 1 4 2 0 1 1 2 2 0 2 3 0 2 2 1 2 1 1 5 2 1 1 0 2 3 2 2 3 4 3 1 2 3 1 1 2 3 3 1 2 1 2 2 3 0 3 2 0 1 2 4 2 3 2 2 1 2 5 2 2 0 1 0 5 3 2 1 3 3 1 4 2 1 1 1 3 4 1 3 2 0 0 3 2 3 0 2 1 2 0 3 2 6 2 1 1 3 1 1 0 1 2 1 1 5 2 3 3 4 0 0 2 2 1 3 1 2 0 4 4 1 5 1 1 0 2 3 1 2 3 1 4 3 4 2 1 4 0 3 6 3 1 1 0 4 0 2 1 3 2 5 3 5 1 1 4 3 2 2 3 1 4 2 0 3 1 2 3 0 3 0 1 2 5 1 0 1 0 3 0 1 1 1 3 4 2 2 3 4 0 0 3 2 3 0 2 1 3 0 2 1 4 4 4 3 3 0 2 1 2 1 2 3 4 1 3 2 1 2 0 1 1 3 2 2 5 1 3 1 1 1 2 0 5 1 0 3 2 0 2 4 2 3 1 4 3 2 1 4 1 3 1 1 1 1 1 2 2 0 1 2 1 2 4 2 0 1 3 2 3 0 4 1 4 1 1 3 3 1 0 2 1 3 3 3 2 1 1 3 1 3 1 4 4 1 0 1 3 1 3 0 2 0 2 4 2 2 1 3 2 1 1 6 1 2 2 2 1 1 0 1 2 2 2 1 1 2 6 2 5 0 1 0 2 1 1 0 2 2 2 1 1 2 5 1 3 3 1 1 0 0 3 2 0 2 3 2 3 2 3 2 3 2 0 1 2 1 3 1 1 2 3 6 0 2 1 0 1 4 1 1 0 2 1 2 0 2 2 3 5 0 5 1 3 0 1 4 2 3 2 1 4 2 5 2 1 3 3 0 0 2 1 1 1 1 0 2 5 3 1 2 1 3 1 1 5 3 1 4 1 3 4 2 2 2 2 3 2 2 2 2 1 2 1 3 0 2 3 1 1 2 2 3 0 0 2 1 2 2 4 1 0 1 0 0 2 2 2 4 3 1 3 2 1 2 2 0 1 3 2 2 4 4 1 1 1 3 5 2 2 2 0 2 2 1 2 0 0 2 2 4 1 2 3 1 2 1 1 0 1 1 4 3 4 2 2 3 1 0 4 1 2 3 4 1 3 3 0 3 1 1 3 2 3 2 5 2 1 2 1 2 4 2 0 1 2 2 3 0 2 1 1 3 3 4 4 4 2 0 1 0 1 2 0 3 1 2 0 1 1 1 5 2 6 2 0 3 1 2 1 2 4 1 3 3 1 0 2 1 1 1 1 3 1 3 0 0 1 1 1 2 3 2 3 2 0 2 3 1 3 3 3 0 1 1 1 0 2 2 2 2 1 5 3 2 4 0 2 3 5 2 1 2 1 2 1 3 1 1 3 1 3 2 3 2 2 0 1 1 1 1 3 2 2 1 3 0 2 2 2 2 0 3 0 3 2 2 0 0 1 4 0 5 2 1 6 5 1 1 3 1 4 4 3 4 0 2 2 3 1 3 2 1 1 2 4 3 3 5 4 2 2 1 1 1 3 1 1 2 3 2 4 2 1 1 4 2 0 1 3 3 3 6 2 1 1 2 0 1 1 1 3 4 2 3 2 1 1 4 2 2 0 1 1 1 1 1 2 2 3 1 1 3 3 0 3 4 2 2 1 2 0 0 2 1 4 3 2 2 1 3 1 4 3 2 1 1 0 2 3 2 1 3 0 0 3 3 1 0 4 0 2 1 3 4 2 3 1 0 2 3 1 1 4 1 3 4 1 0 5 5 1 1 2 1 2 1 1 5 2 0 3 2 3 1 2 2 0 2 2 0 3 3 0 1 2 2 2 3 1 1 0 4 4 5 2 0 3 1 0 2 0 3 3 3 3 2 0 3 1 3 0 0 0 2 2 2 0 0 3 1 1 2 1 2 4 1 2 2 1 2 1 1 2 1 3 1 0 2 1 1 0 4 0 2 2 5 3 2 1 1 1 1 1 0 2 1 3 1 2 1 4 3 2 3 4 2 1 0 4 2 0 2 2 1 1 0 1 0 2 2 6 3 2 1 5 2 1 0 0 0 4 4 2 4 0 2 3 0 2 1 0 1 4 1 1 3 0 2 1 3 1 2 2 4 2 3 5 1 3 3 3 1 2 0 2 1 2 3 2 0 2 2 3 2 6 2 4 4 1 0 3 0 1 2 2 2 1 2 2 0 4 2 1 3 1 4 1 1 0 1 2 2 2 2 3 1 2 1 3 1 2 0 1 1 4 1 4 2 2 2 2 1 1 2 2 1 5 1 3 2 1 5 2 2 1 1 1 0 4 1 3 1 3 1 2 4 4 0 2 1 3 0 1 2 2 1 4 1 1 1 3 5 1 1 5 1 2 0 4 1 4 0 1 0 4 1 1 0 0 3 2 0 0 0 3 0 6 4 1 2 0 2 3 0 3 0 5 3 2 0 3 1 1 2 2 4 1 2 1 2 0 2 5 2 2 2 0 0 3 3 1 1 0 3 1 2 1 3 3 3 0 5 4 0 2 3 2 3 1 2 0 3 3 2 1 0 2 2 1 1 3 2 3 4 0 2 4 4 1 2 1 1 2 4 4 2 0 4 3 1 1 3 2 4 1 2 2 3 1 1 0 1 0 2 2 2 3 1 3 2 0 1 1 2 3 1 4 0 2 4 2 2 4 1 0 5 0 1 3 3 2 2 1 0 3 4 2 1 3 2 1 3 3 4 2 1 3 0 2 2 1 2 0 2 2 2 1 0 3 0 3 2 2 5 2 2 3 0 1 2 6 3 1 1 3 4 1 2 2 1 1 1 1 2 1 1 2 2 4 1 3 2 2 1 2 2 4 1 2 2 1 3 0 3 1 3 2 1 1 2 1 3 1 1 0 1 4 1 2 2 1 0 2 0 4 3 1 2 0 0 1 3 3 3 1 4 4 2 2 1 4 3 1 2 0 2 3 4 3 3 2 1 0 2 2 2 1 1 4 4 3 0 5 2 1 1 2 3 3 5 3 1 2 2 1 1 3 2 4 2 3 1 1 1 2 3 4 1 0 1 3 2 1 3 4 1 2 1 7 3 3 0 2 2 0 3 3 2 2 2 1 1 1 3 4 0 3 1 2 5 0 3 2 0 2 1 2 1 4 1 1 1 2 4 3 4 2 1 4 2 3 4 0 4 0 1 1 0 0 1 1 3 3 0 2 2 3 2 1 3 2 5 0 1 7 0 1 3 0 2 2 2 4 1 6 2 3 1 1 2 5 1 1 2 1 3 0 4 1 4 4 0 2 0 0 1 1 5 4 1 3 3 2 6 3 1 0 2 1 1 2 3 2 3 4 2 1 1 3 1 4 4 3 0 2 1 1 2 5 1 2 2 1 4 1 1 2 1 1 1 4 1 2 4 4 3 1 4 2 1 0 2 4 3 2 3 4 2 0 2 1 7 2 1 3 2 5 1 3 0 2 2 2 3 2 3 4 3 1 5 1 4 0 2 1 1 4 1 1 1 2 2 3 0 4 3 3 1 1 3 1 1 0 2 3 1 1 2 4 2 1 1 0 4 1 0 2 2 2 2 0 2 1 0 1 0 3 3 2 2 1 1 1 3 2 3 0 3 0 3 1 0 1 1 1 2 3 4 2 2 2 0 4 2 2 0 1 1 2 4 2 4 0 2 1 1 4 4 1 2 1 6 2 0 1 0 1 2 3 2 2 4 1 1 2 1 1 1 3 1 4 8 0 1 1 5 1 2 4 1 1 3 2 0 1 0 3 4 1 2 2 2 4 0 3 3 2 2 0 0 0 1 3 4 1 1 2 0 5 2 3 1 1 3 1 1 0 2 4 4 1 0 3 1 3 2 2 5 2 2 2 5 2 2 5 4 1 2 0 3 1 2 2 0 1 3 2 1 2 0 0 3 5 2 2 5 3 1 3 0 3 2 4 2 2 1 2 0 2 3 3 2 3 1 1 2 1 2 7 0 0 0 1 3 1 2 3 1 2 2 2 1 0 0 0 4 1 2 1 2 2 1 2 0 1 4 1 2 3 1 3 0 0 3 1 1 3 2 1 2 5 1 1 1 0 2 4 5 3 3 3 1 5 2 2 0 0 3 0 5 1 1 4 5 1 3 2 2 1 1 1 2 3 2 1 2 4 2 2 4 1 1 2 3 1 1 3 4 1 3 2 1 1 2 3 2 2 2 1 1 5 2 4 4 0 0 3 0 2 1 4 2 0 2 2 4 2 1 4 0 3 0 1 1 4 2 2 0 3 3 1 3 1 3 2 3 2 1 1 2 2 3 2 2 0 2 5 2 1 1 2 0 3 0 3 4 1 1 1 2 1 2 2 3 3 3 1 0 3 2 4 1 0 2 3 4 2 1 2 1 5 2 0 1 0 3 1 1 4 2 0 5 5 2 1 2 4 1 2 1 2 2 3 0 2 3 2 3 3 2 0 3 2 1 2 2 2 0 2 2 2 0 2 2 1 0 3 1 5 3 0 2 2 0 1 1 1 1 2 4 0 1 3 1 2 1 6 1 1 2 2 0 3 0 1 5 2 2 2 2 1 1 1 3 3 2 1 0 4 2 3 0 5 1 0 3 0 1 1 0 3 3 1 0 0 4 3 1 1 0 1 1 1 0 2 5 0 3 5 3 2 1 3 0 1 1 2 1 3 2 6 2 2 1 4 0 1 3 2 1 2 4 3 4 0 2 3 3 6 2 2 2 4 0 2 1 6 2 0 2 2 1 4 2 1 0 1 1 1 2 3 3 4 0 6 2 2 0 2 3 3 2 1 0 3 3 1 1 0 1 0 1 1 1 3 2 0 3 3 1 4 2 2 2 2 0 0 1 1 2 0 3 4 2 0 3 2 0 4 1 1 3 2 1 3 2 3 3 2 4 0 1 2 0 1 2 1 5 1 2 1 1 4 3 2 3 1 4 0 1 2 6 2 2 5 2 3 0 3 0 0 1 0 4 7 3 1 1 2 1 2 3 0 2 1 2 1 0 2 1 1 3 1 4 1 1 5 4 0 2 1 1 1 2 1 4 1 0 2 1 5 1 2 2 1 0 1 1 1 4 2 3 4 3 1 1 1 2 1 3 2 1 1 1 0 0 2 1 3 0 3 2 1 1 0 4 0 2 1 2 2 1 2 1 1 2 3 1 2 1 4 2 2 4 3 0 1 2 3 1 3 5 2 0 0 4 0 3 4 4 5 3 1 1 3 1 2 1 4 1 1 0 1 3 2 3 1 0 1 4 3 4 2 3 5 1 0 0 1 0 3 4 1 1 0 2 1 1 1 4 3 0 3 1 0 2 2 3 1 2 2 3 4 3 3 2 3 2 3 2 3 1 2 4 2 3 2 0 3 1 1 1 3 1 3 0 2 3 1 0 1 1 2 0 3 3 1 2 1 2 2 2 0 3 1 2 0 2 2 0 5 1 0 0 1 4 0 3 5 2 3 5 1 1 2 0 5 1 2 3 2 1 1 1 4 3 1 2 0 4 1 3 1 2 2 2 4 4 2 2 0 1 1 3 2 1 2 3 5 3 0 1 2 1 2 1 3 1 0 0 2 4 3 0 0 3 0 1 1 3 1 1 2 1 1 2 3 2 2 1 0 2 1 3 5 3 2 1 1 2 3 1 1 2 3 2 2 4 3 2 1 3 2 0 0 1 0 1 1 2 1 2 1 1 5 3 0 3 0 1 3 1 2 3 0 2 1 3 2 2 5 1 3 2 0 1 3 3 1 3 1 0 2 4 0 1 1 1 3 3 4 2 2 2 0 1 2 1 3 2 1 1 2 3 1 1 3 3 2 0 1 0 2 1 1 0 2 6 3 1 2 1 0 2 0 2 2 1 2 2 1 3 1 3 2 3 3 2 2 1 1 3 2 2 6 0 1 1 0 4 2 2 2 3 0 5 1 4 1 1 2 3 4 0 2 4 0 3 1 2 4 1 4 0 1 2 2 2 2 0 1 3 1 2 2 2 0 2 3 4 1 0 2 2 4 1 4 1 2 0 2 2 1 1 2 4 2 3 2 3 1 1 2 1 2 1 3 0 1 2 3 2 3 1 3 2 4 2 2 2 0 3 4 4 1 3 3 2 2 0 1 1 1 2 0 7 0 1 2 2 3 4 1 1 5 2 1 1 2 2 4 1 1 2 1 3 1 3 5 1 2 0 1 2 2 0 1 4 0 1 3 1 4 2 3 1 1 5 1 2 3 1 3 3 2 2 3 1 2 1 2 2 2 3 2 2 2 1 2 4 3 1 2 3 1 2 2 1 1 4 3 2 1 1 1 3 1 1 3 2 0 0 2 3 1 2 1 2 2 0 4 2 2 3 1 1 6 2 5 2 4 1 3 2 2 1 1 2 3 3 2 1 0 3 3 2 2 3 2 1 7 3 3 2 0 1 1 2 1 1 3 4 2 1 2 4 0 0 1 3 2 2 3 2 1 1 1 5 3 3 1 0 4 2 2 1 1 2 3 2 1 0 1 3 4 1 2 3 1 4 1 0 1 0 3 3 5 2 6 3 1 1 1 4 2 1 1 3 0 2 3 1 4 1 4 0 0 0 3 2 2 0 0 1 1 2 3 2 4 1 2 2 0 1 0 0 1 1 2 2 0 3 1 2 3 2 2 2 1 1 2 1 0 2 2 2 1 3 1 1 2 1 1 3 4 3 5 3 2 1 4 2 1 2 3 3 3 0 0 1 3 0 2 2 2 3 0 2 3 1 2 0 2 4 3 2 1 0 4 1 3 2 5 2 1 1 0 2 2 2 1 3 1 0 2 2 2 4 1 4 0 1 0 2 4 3 3 0 2 0 1 2 3 3 0 1 1 1 1 2 2 1 3 1 2 2 2 1 2 3 3 3 2 1 1 2 2 4 5 2 4 2 1 3 4 0 3 0 1 3 1 0 1 2 4 3 0 4 4 0 0 4 3 0 1 2 1 2 1 1 0 1 2 1 4 1 2 3 1 0 2 2 4 1 1 3 3 2 2 1 2 0 1 3 0 2 3 2 2 0 0 1 2 2 2 3 3 4 4 2 0 2 2 2 2 3 3 2 1 2 1 2 4 3 1 0 2 1 3 3 2 3 1 0 0 2 1 1 1 0 3 2 3 3 2 3 4 1 5 1 0 1 1 3 3 3 1 4 3 3 0 3 2 5 1 2 3 4 3 2 2 0 1 5 1 3 4 4 0 3 2 6 1 2 5 3 2 3 0 0 1 1 3 2 0 0 2 2 2 5 3 2 5 3 1 1 1 6 0 4 2 0 2 1 1 4 3 2 2 3 1 0 3 7 0 3 3 3 3 2 1 1 5 2 1 3 0 3 0 1 2 1 2 0 1 3 2 2 2 3 0 1 5 2 5 1 3 1 1 1 1 2 2 3 2 0 3 1 0 4 4 3 2 2 3 1 0 1 2 2 2 0 4 1 4 4 2 6 2 1 0 0 1 1 0 2 3 2 1 3 2 1 0 1 1 2 1 1 1 0 2 5 1 0 4 5 0 3 2 1 2 0 5 3 2 5 3 1 2 1 1 1 4 2 0 5 3 1 0 1 2 1 1 1 2 1 1 1 1 2 5 3 2 2 3 1 0 0 1 1 2 1 2 4 0 2 1 1 3 2 5 1 2 1 5 3 3 2 1 3 3 1 1 2 0 5 6 1 0 2 1 1 1 4 2 1 4 0 3 2 1 2 2 1 3 4 1 5 0 2 1 1 3 0 2 1 3 2 1 1 4 4 0 0 1 2 1 3 2 2 1 2 3 1 2 3 6 1 3 2 2 1 1 1 3 0 1 3 2 2 3 3 3 1 1 4 2 2 1 0 2 1 3 2 2 1 3 2 1 1 1 2 1 2 2 2 2 0 5 3 2 1 2 0 3 1 1 2 3 1 0 1 4 5 2 1 1 2 2 3 2 1 1 0 3 5 0 2 4 2 1 2 1 2 1 2 4 2 4 0 3 1 1 3 1 0 4 3 3 2 3 4 1 3 2 1 2 1 0 0 0 0 3 6 5 4 1 3 1 3 1 1 7 0 1 1 3 1 3 4 3 0 5 1 3 0 2 1 3 1 3 1 5 3 3 1 3 2 2 0 4 4 1 2 3 1 4 2 1 1 2 0 1 0 2 4 4 3 3 2 3 1 0 1 5 1 1 3 2 3 4 1 1 1 2 1 0 1 0 2 4 3 2 1 2 1 3 1 2 0 2 1 2 2 2 0 5 0 1 1 0 2 0 3 3 5 3 1 0 4 2 3 2 6 1 3 1 1 3 1 3 2 1 2 0 3 3 5 3 1 4 2 1 3 1 1 1 3 1 5 2 1 1 3 2 1 1 4 5 1 2 3 0 1 3 1 3 2 3 3 2 1 4 1 1 1 4 3 1 4 1 1 3 0 5 1 4 1 1 5 0 0 3 1 2 2 3 1 0 1 5 3 3 2 0 2 0 4 4 2 0 1 2 1 1 1 2 1 5 0 2 3 0 0 1 0 0 7 1 1 2 1 0 0 3 1 2 3 3 3 3 2 0 3 3 3 3 1 2 1 2 3 3 2 1 1 2 2 2 2 2 3 3 3 4 1 3 3 3 1 1 3 1 2 2 1 3 5 5 4 4 3 2 1 0 2 2 3 1 1 3 2 0 3 2 0 2 1 1 0 0 4 1 3 5 2 5 3 2 0 1 1 1 3 2 3 4 2 3 1 0 0 2 2 3 2 4 3 4 2 2 4 1 4 2 4 1 3 1 1 3 2 4 4 2 4 3 4 1 2 0 1 2 1 1 2 5 2 2 0 1 2 2 1 1 1 5 3 2 3 2 1 3 1 0 3 3 1 3 5 1 2 1 2 2 3 2 2 2 1 3 2 0 0 1 1 1 5 0 1 3 2 4 1 3 2 0 3 0 3 1 2 1 3 3 4 4 2 2 0 1 3 1 2 1 1 2 2 3 1 3 5 2 1 3 3 1 1 4 4 5 1 3 1 3 0 4 3 7 1 2 3 4 2 1 3 2 3 2 2 0 4 0 5 2 0 0 3 0 2 5 1 0 4 3 3 0 1 1 3 6 1 0 5 1 0 0 3 1 1 1 1 3 1 2 2 4 1 1 2 0 0 1 2 4 1 0 3 3 5 3 2 3 1 1 3 1 5 4 5 0 3 2 2 0 1 2 1 2 3 4 3 0 0 2 0 1 2 3 2 1 2 1 1 4 2 4 1 1 0 2 2 2 1 1 3 4 1 2 2 0 3 3 2 1 0 0 1 3 3 1 2 2 3 1 1 4 0 4 0 3 1 2 4 3 3 1 1 2 1 1 3 1 2 1 3 3 3 2 4 1 3 2 1 2 3 3 2 3 2 1 4 2 2 0 3 4 3 1 1 1 1 0 1 4 2 0 2 4 2 3 3 1 0 0 2 2 1 2 2 1 1 5 5 3 3 0 3 0 4 2 3 1 0 0 2 0 2 2 2 2 0 1 4 1 1 4 4 2 3 2 2 2 0 1 0 2 5 4 5 2 1 3 0 1 2 0 1 4 4 2 3 2 1 2 4 0 1 1 0 2 3 5 1 1 3 3 1 1 1 3 2 1 3 3 0 3 3 2 0 6 2 0 1 2 0 2 5 1 2 3 1 1 4 1 4 1 1 2 1 2 3 2 0 1 2 1 5 0 0 2 4 2 0 1 1 2 2 1 1 2 1 4 2 1 4 0 2 2 2 1 2 0 1 3 1 1 3 4 3 0 1 0 1 3 2 4 3 2 3 2 0 6 0 2 1 2 2 0 1 1 1 0 3 0 3 2 3 3 2 2 2 3 4 0 1 0 4 1 1 2 3 1 1 1 5 4 2 0 3 2 0 0 0 2 1 1 3 2 3 5 4 3 0 1 2 2 1 2 3 1 2 2 1 3 3 2 2 3 2 3 1 2 2 3 1 3 0 1 1 5 1 2 1 3 2 2 0 1 6 2 1 1 4 3 3 3 2 2 4 2 2 2 1 1 1 5 1 2 1 4 1 0 1 2 2 1 6 0 1 4 1 0 1 5 0 4 0 0 1 1 0 1 2 2 6 0 1 4 2 0 2 3 4 0 4 3 2 4 1 1 3 1 2 2 3 3 1 2 0 1 0 2 1 1 3 5 2 2 3 2 2 2 2 3 1 5 1 2 1 3 5 1 3 1 2 1 3 2 4 2 1 0 4 2 2 1 1 5 1 3 2 1 0 1 2 0 3 2 1 0 5 2 2 0 2 1 4 2 2 4 0 3 1 1 0 1 4 1 3 2 4 2 0 4 0 2 3 2 2 0 2 2 3 2 1 8 0 0 1 1 0 2 1 0 1 3 3 2 4 1 1 0 3 4 2 2 5 0 0 2 1 0 1 3 3 3 3 0 3 1 3 2 2 4 2 5 3 2 5 1 3 2 3 1 3 0 2 0 2 3 2 3 3 2 1 1 2 3 0 4 1 2 4 2 5 0 4 2 0 0 0 5 2 4 3 1 2 1 0 0 3 2 3 5 1 2 0 1 2 1 2 1 0 2 3 1 4 0 1 1 3 4 1 2 3 2 1 0 2 1 0 5 0 2 4 1 3 1 4 2 0 1 2 3 2 1 3 4 2 2 4 1 1 2 1 1 3 3 1 0 4 1 1 4 4 2 1 1 0 5 1 2 3 2 3 5 4 0 1 2 4 1 2 1 3 0 1 3 1 3 0 2 3 0 2 1 3 2 2 2 5 2 2 1 3 2 0 0 0 2 3 1 1 2 2 2 4 1 2 1 1 0 3 4 2 2 1 4 1 2 1 5 4 1 0 2 2 1 3 0 4 1 3 1 3 2 4 1 3 5 0 1 2 2 0 1 3 3 1 0 4 0 2 2 3 2 2 2 1 1 2 2 2 1 1 5 2 3 4 0 2 0 3 0 2 3 1 2 1 0 5 2 2 2 4 1 2 3 2 2 2 0 3 2 3 1 1 2 5 3 3 3 3 1 3 3 1 0 2 0 5 1 0 3 3 2 2 2 0 1 1 2 1 3 4 2 1 4 1 2 3 2 1 0 2 1 4 1 4 0 5 3 3 3 2 3 1 0 1 1 1 0 2 5 1 1 1 0 2 0 0 3 2 1 3 2 2 4 2 1 2 1 1 3 2 4 2 3 1 1 6 6 2 2 3 1 1 2 1 2 3 2 2 4 2 0 2 2 3 5 1 1 3 1 2 4 1 6 1 2 3 0 2 2 4 2 2 1 4 1 0 3 1 1 3 4 3 0 1 4 2 2 1 2 1 0 1 1 5 5 0 2 2 3 2 2 2 1 1 3 1 3 2 1 2 2 5 2 2 1 6 4 3 0 1 1 2 1 1 4 1 4 1 2 2 4 2 0 3 2 5 2 1 3 0 3 3 4 3 3 2 2 0 3 0 1 1 2 1 3 3 3 2 3 4 2 0 3 2 3 3 3 2 0 2 3 3 1 0 1 3 0 3 4 4 1 2 2 2 1 0 2 0 0 0 0 2 3 4 2 3 3 2 3 0 1 1 3 2 2 3 1 5 0 3 2 1 3 2 0 3 3 2 0 1 1 1 3 2 1 2 1 5 3 2 3 0 3 0 4 2 2 2 4 2 1 2 1 2 1 0 7 2 4 2 3 3 0 3 1 3 2 2 0 4 2 4 4 2 1 3 2 0 1 3 0 0 2 0 3 2 2 1 4 3 2 0 1 3 4 2 1 1 3 1 3 4 4 1 3 1 1 1 1 0 0 2 2 1 3 4 2 1 2 2 2 7 2 0 0 1 4 4 0 1 0 4 4 1 6 1 1 1 2 2 1 4 3 4 4 1 4 1 2 1 3 3 2 1 3 2 2 0 2 2 2 3 2 3 3 3 2 2 1 2 0 2 2 1 3 2 1 2 2 2 0 2 1 2 2 0 2 2 0 4 1 1 1 4 1 2 1 4 0 1 2 1 0 1 6 1 0 1 3 2 4 2 1 1 2 1 3 4 2 3 1 1 0 3 1 0 3 2 0 2 2 2 4 5 1 2 1 1 1 2 2 5 3 1 3 1 4 1 3 3 1 4 2 4 2 2 2 1 0 4 1 2 1 3 3 3 6 3 2 1 3 2 3 5 3 2 1 0 3 2 1 2 1 3 3 1 2 0 4 1 3 1 2 1 4 1 1 1 2 4 3 1 2 1 2 1 1 1 4 3 1 1 6 1 4 4 2 2 3 3 2 2 1 3 1 1 5 0 0 1 5 0 2 3 2 3 2 3 1 4 1 1 1 1 2 3 3 0 2 4 4 2 3 0 1 2 1 2 3 0 5 3 1 2 3 0 4 0 2 3 0 2 1 0 0 0 1 3 1 0 3 3 0 2 3 3 2 0 3 2 4 1 2 2 2 0 1 1 1 1 5 0 5 1 2 1 2 3 5 1 0 5 0 1 1 0 2 2 2 1 3 3 0 2 2 0 1 1 1 1 2 1 2 0 1 2 5 3 0 2 1 2 3 2 1 2 2 2 2 1 1 2 3 1 1 3 5 3 0 0 2 6 2 2 3 2 1 0 0 0 2 3 3 2 3 1 3 3 1 5 1 2 0 1 1 1 1 4 0 1 3 2 1 3 3 2 0 1 2 5 1 1 0 4 3 2 3 1 1 1 2 2 1 6 4 0 2 0 3 2 3 1 3 1 2 0 3 2 1 2 3 2 3 1 0 1 5 2 2 1 4 2 1 3 3 3 4 4 1 2 3 1 3 3 1 2 1 1 2 1 2 2 3 0 5 3 2 1 0 6 0 0 4 1 1 5 3 3 2 1 3 1 4 0 0 2 1 3 1 3 2 3 6 1 2 1 3 1 0 2 5 3 1 2 1 0 5 1 1 0 2 3 2 4 3 1 3 2 4 2 1 1 2 2 1 2 1 2 3 1 2 2 2 0 3 1 1 1 2 0 1 1 2 2 3 3 2 2 3 4 1 3 3 2 3 3 5 3 3 0 4 2 0 2 1 4 5 2 1 2 1 0 2 3 3 2 1 1 4 1 3 1 0 2 7 1 0 1 2 0 5 1 1 1 4 3 3 1 1 1 0 2 1 0 2 3 5 0 2 2 1 0 3 1 3 1 2 2 3 5 1 2 1 1 3 2 5 3 3 1 1 1 2 1 3 3 3 1 2 2 0 0 1 2 1 5 5 0 2 2 4 1 2 1 4 2 2 1 3 2 1 1 1 2 3 3 1 3 1 2 1 1 3 1 0 1 2 2 1 2 1 2 2 4 1 3 0 4 1 2 1 1 1 1 0 2 3 2 3 1 0 0 3 2 1 2 4 2 2 1 3 2 1 2 1 3 2 3 2 3 3 3 1 2 0 1 2 3 4 2 0 1 2 4 3 3 1 3 0 3 2 1 2 1 2 2 1 4 5 1 1 0 0 2 5 3 2 4 2 3 3 3 2 5 0 2 1 3 3 4 0 0 2 1 4 1 1 2 2 1 2 4 2 2 3 5 2 1 1 2 3 0 2 5 2 1 1 3 0 2 0 0 2 2 4 2 2 0 1 0 3 1 3 2 1 3 3 5 2 0 0 4 1 6 1 2 1 0 2 1 2 1 2 1 3 3 2 2 0 2 4 1 1 1 3 0 3 3 3 1 1 2 2 1 5 0 1 0 2 1 1 1 3 1 2 2 2 2 3 3 2 2 0 4 4 1 1 3 3 2 4 1 1 0 3 0 2 1 6 3 3 2 1 1 1 1 4 1 1 0 1 3 2 1 0 3 4 4 3 2 2 4 3 1 0 4 4 4 2 2 4 1 5 3 2 3 1 1 0 2 1 3 2 3 4 2 1 0 0 1 2 2 2 3 2 2 1 2 3 3 1 1 2 4 1 4 2 1 2 0 0 4 2 1 4 2 2 2 1 1 2 1 3 6 3 2 3 1 2 1 3 3 1 2 0 2 1 1 1 2 6 4 3 0 1 2 5 2 1 0 2 2 0 1 1 4 2 0 5 2 1 3 1 3 1 1 1 1 1 1 1 3 4 2 4 4 2 1 1 0 1 1 4 2 3 1 3 3 1 4 1 1 1 4 0 3 4 1 0 3 3 2 4 4 1 1 3 2 1 1 4 0 0 0 3 0 6 3 4 1 2 1 2 0 1 4 2 1 1 1 1 3 0 1 3 0 2 0 2 3 2 1 3 3 0 4 0 1 1 2 3 3 2 4 0 1 2 1 3 1 0 4 2 3 0 1 5 1 1 2 3 1 2 1 2 2 2 1 1 3 2 3 1 2 0 1 4 3 2 1 2 3 1 1 3 2 1 3 1 0 1 3 0 3 3 4 1 1 3 2 0 1 4 3 2 4 1 5 4 0 3 4 0 2 4 2 0 1 1 2 0 2 1 3 2 1 6 1 1 1 4 0 4 2 4 0 1 3 3 2 4 2 3 2 0 0 4 0 2 3 1 2 2 1 0 2 4 1 0 4 0 0 2 2 2 1 1 2 4 3 3 2 1 3 0 2 0 0 3 6 2 3 2 1 3 2 1 1 0 3 2 3 2 0 4 3 0 2 1 4 2 2 1 3 2 0 2 2 4 0 1 3 1 2 2 1 2 2 4 0 1 2 2 3 2 3 2 2 4 4 0 1 0 1 2 0 6 1 3 1 2 4 5 1 2 2 1 0 2 0 3 1 2 2 1 1 4 2 1 2 1 3 4 2 0 3 2 2 5 2 1 2 2 4 2 0 3 2 6 1 1 2 2 0 2 2 4 4 5 0 3 1 3 2 0 2 1 2 0 2 3 3 1 3 3 4 2 0 5 1 1 1 0 2 3 2 2 0 3 1 2 2 0 3 1 3 1 2 3 2 4 2 4 0 4 5 0 1 1 2 2 0 2 2 2 3 4 0 6 2 3 1 0 4 0 2 3 1 4 2 3 3 0 3 3 0 3 0 4 2 3 5 3 2 2 1 1 2 6 1 1 1 2 0 2 2 3 2 3 2 1 0 2 0 2 1 2 3 1 2 1 1 3 3 2 4 1 0 1 1 2 3 2 0 3 2 3 3 2 4 2 2 2 5 3 1 0 5 2 3 0 3 1 0 3 1 4 2 3 2 0 5 2 2 0 1 1 3 3 1 0 2 4 5 0 4 1 2 2 0 4 4 0 0 1 5 2 2 3 5 2 1 2 2 0 3 1 2 4 1 3 1 0 3 1 1 1 1 1 3 2 4 4 4 0 0 3 0 5 4 4 4 3 1 1 1 4 1 1 0 1 2 3 0 1 3 3 4 3 1 2 1 4 3 3 0 0 6 2 1 1 2 1 2 1 2 3 4 0 0 5 2 1 2 0 1 3 4 1 3 2 2 3 1 3 1 1 4 1 3 3 4 5 3 2 0 4 0 2 3 1 1 0 2 2 1 0 4 3 3 0 3 1 1 2 1 1 2 3 2 5 3 4 1 0 0 3 1 2 3 2 2 1 0 5 2 2 1 2 1 1 0 3 1 0 1 3 4 3 3 3 1 0 2 3 4 3 1 1 2 3 0 1 1 2 2 0 1 1 1 1 2 2 2 2 2 2 1 2 3 1 2 3 1 1 2 1 3 2 0 2 1 0 3 1 5 1 6 1 2 1 1 0 1 1 3 2 7 1 3 3 1 2 2 2 0 3 1 3 1 2 2 0 2 0 0 0 3 3 4 2 4 2 3 1 2 3 3 2 2 3 2 0 1 2 0 0 2 3 2 1 2 0 1 2 0 2 1 3 3 3 3 2 1 2 2 1 1 1 0 2 0 4 2 3 1 1 1 5 1 1 0 2 0 3 3 3 0 1 0 3 0 5 4 1 1 4 2 0 5 4 3 6 0 1 1 2 0 3 3 2 3 1 0 2 3 3 7 0 2 2 1 2 3 1 3 1 2 1 1 1 4 4 3 3 0 2 2 3 1 2 0 1 4 1 0 1 2 2 2 5 2 3 7 0 2 2 1 7 3 4 1 2 3 1 0 1 2 1 3 1 1 5 1 0 1 2 1 1 1 0 0 3 1 3 2 1 2 1 3 2 2 1 1 4 1 2 1 3 3 1 1 3 2 3 1 2 1 0 2 2 3 3 0 0 1 5 1 3 5 2 3 1 2 1 5 1 0 3 0 1 1 5 2 3 0 2 3 0 5 2 3 4 2 4 4 3 1 2 3 1 0 3 1 1 2 0 1 1 0 1 4 5 2 3 1 2 0 1 3 2 1 3 0 0 0 2 2 4 2 2 4 1 2 4 3 1 2 2 2 0 0 3 2 2 2 2 1 5 3 1 3 2 1 1 3 1 0 2 4 3 1 5 2 0 3 3 2 0 6 2 0 0 4 0 1 3 3 3 2 1 5 3 2 1 0 1 0 2 1 4 3 1 2 2 2 3 2 3 1 3 2 1 3 2 2 2 3 0 2 1 3 4 2 1 1 1 3 1 3 2 3 0 3 3 3 4 2 0 2 3 2 3 2 2 2 2 2 5 4 3 3 1 2 0 1 0 1 3 5 2 2 1 0 2 2 2 2 3 2 2 2 3 0 2 1 3 1 0 2 4 4 0 1 3 1 4 1 1 4 1 2 5 4 1 4 1 3 2 2 3 1 2 1 2 2 3 2 2 2 0 0 4 4 0 1 3 1 3 1 1 3 3 4 2 1 4 0 2 2 4 0 1 1 4 1 1 0 3 5 0 2 2 2 3 5 2 2 0 1 1 1 2 0 3 4 0 1 1 3 4 2 2 3 2 2 2 3 2 0 1 2 1 1 3 0 2 2 3 2 3 0 4 3 0 0 1 0 0 3 4 4 2 2 0 3 1 4 3 6 1 0 2 3 2 3 0 1 2 1 1 0 1 1 0 2 2 3 2 2 3 1 4 2 2 4 2 1 3 4 3 0 1 1 2 2 3 4 2 1 2 2 2 5 3 3 1 3 3 0 2 1 3 2 0 4 2 2 2 1 4 2 0 1 2 2 2 1 3 3 0 1 2 1 2 3 3 2 2 2 1 1 2 4 2 3 2 1 2 4 3 1 1 3 1 1 3 4 3 1 1 0 1 2 0 0 4 1 3 3 2 3 0 4 2 1 2 1 1 3 0 1 1 1 2 4 3 2 2 0 0 2 3 2 2 2 2 2 2 2 1 1 2 2 1 1 2 1 1 2 2 5 2 2 0 2 1 1 2 2 1 0 5 1 2 0 2 1 3 2 3 0 2 0 1 2 0 1 3 2 0 1 3 3 2 2 0 2 4 2 1 3 3 1 5 2 1 0 2 0 2 1 2 0 3 3 5 1 0 2 2 2 2 2 3 1 2 4 0 1 3 0 2 3 3 3 1 1 3 1 2 2 2 5 0 2 3 2 0 1 3 4 3 1 5 1 2 3 2 0 1 2 0 2 2 1 0 3 1 0 5 2 1 2 1 0 3 2 5 3 2 0 5 1 4 1 2 1 1 3 6 7 1 2 2 0 4 4 3 2 2 3 4 3 4 3 1 3 1 1 1 2 3 2 2 1 3 0 4 0 2 3 3 1 2 3 1 0 4 2 1 2 2 2 1 2 1 1 3 0 2 1 2 1 2 4 2 4 3 2 6 2 0 2 1 5 3 1 1 1 1 1 0 3 1 1 1 0 2 3 0 2 2 5 3 1 2 2 1 1 1 2 4 3 1 2 2 4 2 3 2 2 3 0 3 0 3 2 0 1 2 1 0 5 3 4 2 1 1 1 2 2 3 0 3 0 2 3 3 1 0 1 3 1 0 4 2 2 3 1 5 0 1 3 1 2 2 1 3 3 0 1 2 1 3 2 1 3 3 0 1 1 3 5 1 0 3 1 1 2 4 2 2 2 1 1 2 2 2 2 3 3 4 5 3 1 2 1 4 3 5 0 1 1 1 4 2 5 3 1 1 1 2 2 2 2 3 2 5 3 1 0 3 2 2 1 1 1 6 2 2 3 2 5 0 2 2 1 2 2 1 1 3 0 1 3 3 2 5 1 2 2 2 2 2 2 1 2 5 2 3 3 2 3 0 1 3 2 2 2 1 1 2 3 5 3 2 2 4 3 2 2 0 1 2 0 3 0 1 7 2 2 1 4 4 4 0 1 3 1 4 4 0 1 4 0 0 1 3 4 1 2 2 2 0 2 2 2 0 2 6 0 1 1 2 2 1 3 1 2 3 3 0 3 4 1 3 1 3 2 2 2 0 4 1 2 2 1 0 0 1 3 3 1 2 3 1 2 2 3 2 2 3 2 4 3 3 1 1 2 3 3 1 1 5 1 2 0 4 1 3 2 2 4 0 2 3 2 1 3 0 2 1 1 1 2 1 1 3 0 4 2 1 1 2 1 0 3 2 2 1 0 1 3 3 3 0 1 3 3 2 1 1 0 3 5 1 2 5 2 0 2 5 1 2 4 0 4 3 4 1 3 0 3 2 2 0 2 0 1 5 3 2 1 3 4 2 3 1 3 1 2 3 5 2 2 2 1 3 4 3 2 3 3 1 2 3 1 0 4 1 2 3 5 0 4 1 2 4 1 2 1 4 3 2 0 3 1 1 2 1 1 1 3 3 2 3 1 2 3 3 2 4 2 0 2 1 0 4 2 2 2 3 3 3 1 0 0 6 3 1 1 1 1 2 3 2 1 2 1 1 3 1 2 1 2 0 2 2 3 1 2 1 2 4 4 1 6 3 1 0 2 3 1 4 3 4 2 3 3 1 3 2 0 2 3 2 2 0 4 1 1 4 1 1 2 2 1 0 1 0 3 1 1 4 1 1 0 4 3 0 2 0 1 5 4 1 2 4 2 2 4 1 1 5 2 1 0 0 2 3 2 2 4 1 2 1 0 3 1 1 0 1 4 1 2 0 3 2 1 1 0 0 3 4 1 1 2 0 0 1 1 0 1 4 2 0 3 2 0 2 1 2 4 1 1 1 2 2 3 1 1 5 1 2 1 4 3 1 3 0 1 1 1 3 3 2 3 1 3 2 5 1 1 5 2 0 1 4 0 1 1 3 2 1 0 0 3 3 1 1 1 5 1 0 3 1 2 1 0 3 2 4 2 4 3 2 1 2 3 2 2 2 1 1 1 2 1 2 4 5 2 2 0 1 1 1 4 1 5 2 4 3 2 1 1 1 2 3 2 0 3 0 4 2 2 1 2 2 3 5 4 2 0 1 0 2 0 2 2 4 1 1 3 2 3 0 0 3 2 2 2 5 3 1 3 0 1 3 3 1 3 1 3 3 1 3 2 0 1 2 4 8 1 0 3 2 1 3 2 0 0 1 1 1 4 4 1 5 2 1 2 1 4 3 2 2 4 3 1 2 2 0 1 2 0 4 5 8 2 2 0 0 4 2 1 2 0 0 1 1 2 2 2 1 3 4 1 0 1 2 2 0 1 2 2 0 3 3 3 3 3 0 3 1 2 4 1 0 1 1 0 2 2 1 3 1 2 2 1 4 1 1 1 2 3 1 2 1 5 3 1 3 1 4 1 2 0 4 4 3 5 2 2 1 2 3 0 1 2 1 1 0 4 1 4 3 5 2 3 3 4 3 0 2 2 0 3 1 3 0 1 2 0 6 2 5 2 0 2 3 0 2 0 3 2 1 1 6 1 3 2 1 2 0 1 3 1 1 2 2 1 2 1 1 1 1 3 3 2 2 4 2 3 2 2 1 0 1 1 5 1 1 3 4 1 1 1 2 3 4 1 5 2 2 1 1 2 0 5 3 1 2 2 4 2 1 2 2 2 1 1 5 4 0 0 1 2 3 2 3 2 2 1 3 1 0 2 1 2 1 3 1 2 4 2 1 3 1 4 0 1 3 1 2 2 0 2 4 1 3 3 2 1 2 2 2 2 1 3 1 4 1 1 2 1 4 1 2 3 1 3 2 3 3 3 3 2 4 1 2 4 1 0 2 0 3 0 3 2 2 3 2 2 2 2 1 0 1 0 6 4 3 2 3 0 2 5 3 1 2 3 3 1 3 0 2 0 3 2 1 1 3 0 2 2 2 1 1 2 1 2 1 4 1 1 1 0 2 2 1 3 0 2 1 2 1 4 2 1 1 0 1 1 3 0 1 0 4 1 1 1 3 4 2 3 0 3 2 2 2 0 1 3 2 1 1 2 1 3 7 1 1 3 2 1 1 2 2 1 2 2 4 3 2 3 0 3 1 3 2 3 0 5 0 1 1 0 1 0 3 3 5 1 3 2 1 2 2 1 5 0 1 4 2 1 2 1 2 3 3 6 2 0 2 1 2 4 2 1 0 7 3 0 0 3 1 1 5 2 4 1 2 2 1 1 2 1 3 2 1 0 7 1 2 1 2 2 3 2 3 1 2 2 0 2 0 5 1 2 3 1 0 2 2 1 2 3 1 1 2 0 2 0 2 3 2 1 1 1 2 4 0 1 4 3 1 0 2 0 2 1 5 1 2 3 0 2 2 4 2 2 3 1 3 1 2 2 4 2 1 4 2 3 0 4 1 2 3 1 1 1 1 1 4 1 0 2 2 1 0 4 2 6 2 2 1 4 1 4 1 0 2 4 0 3 4 4 3 2 2 1 0 0 1 2 1 2 1 1 2 1 1 2 2 3 3 1 1 4 3 4 1 2 2 2 5 0 6 3 1 0 3 1 1 2 2 1 0 1 4 2 1 1 2 1 1 4 2 0 2 1 2 0 1 2 2 3 0 0 0 4 1 1 2 3 2 3 0 2 1 4 1 0 3 2 1 0 3 1 1 7 6 5 1 0 1 1 2 0 3 4 0 3 2 1 2 1 4 2 2 0 3 2 1 1 3 2 2 0 1 1 0 4 1 3 1 0 5 3 2 1 1 0 0 2 1 2 2 2 6 1 3 1 1 2 1 3 8 1 1 3 2 1 1 2 4 0 1 3 0 1 4 0 4 3 3 2 2 1 0 3 2 1 4 1 5 0 1 5 3 3 1 2 1 0 3 1 3 0 0 4 3 4 1 1 0 1 3 4 1 2 0 5 0 2 2 4 1 2 1 2 1 3 4 2 3 3 2 4 3 0 2 0 1 2 1 1 0 1 4 2 2 3 2 2 3 1 2 4 2 4 2 2 4 4 2 1 5 3 2 1 2 1 3 4 0 6 2 3 0 3 1 1 2 0 4 2 2 0 2 2 2 3 1 2 3 5 1 3 0 0 2 2 2 3 3 1 2 3 1 0 1 3 2 2 2 1 1 0 3 1 1 1 1 0 4 1 1 5 1 3 1 0 2 3 1 1 3 2 0 2 0 1 4 3 1 1 1 2 1 2 0 2 1 4 3 2 2 4 0 1 1 3 0 2 3 0 0 1 0 0 1 2 1 2 1 1 5 3 1 1 1 3 3 2 1 0 2 2 3 1 2 2 1 1 0 3 5 1 0 1 3 2 0 1 4 0 2 2 1 1 4 2 3 1 4 2 3 5 0 3 2 2 2 2 2 3 1 0 4 1 5 3 4 2 3 3 3 1 3 2 1 2 1 1 2 1 2 1 4 1 0 3 2 2 3 0 3 0 3 2 3 1 1 3 2 1 0 0 3 4 1 3 2 0 3 2 1 2 3 2 2 1 0 0 2 2 2 4 3 1 2 2 3 3 3 0 2 1 3 0 0 3 1 2 2 2 1 2 4 2 4 2 3 1 0 2 1 2 1 0 4 2 1 5 2 2 3 2 0 3 3 2 2 3 0 2 1 3 3 2 2 2 1 0 0 1 2 0 1 0 1 4 1 0 4 1 2 2 0 3 1 2 2 3 2 2 2 2 3 1 2 2 0 3 4 2 3 2 1 2 2 1 1 3 2 1 3 2 1 3 2 1 1 2 4 1 1 2 2 2 3 4 1 2 1 1 1 2 6 1 1 0 1 3 2 4 0 1 2 2 2 0 0 0 2 1 0 5 2 2 4 2 2 1 2 2 2 2 1 5 0 1 3 2 0 1 3 0 2 2 0 1 4 1 3 0 3 1 0 2 4 1 2 3 2 2 1 5 3 0 3 0 1 2 0 1 4 0 1 1 1 1 7 4 3 4 3 2 2 4 1 1 0 0 1 1 4 1 2 0 2 2 1 2 4 0 2 3 2 4 3 2 4 1 1 2 1 2 3 3 3 4 0 0 4 1 4 1 3 1 4 1 1 3 3 3 1 1 2 1 2 1 2 3 4 4 2 5 2 2 1 1 0 3 3 2 1 2 3 2 2 2 1 1 2 1 4 2 0 1 2 2 2 2 2 0 0 4 0 1 2 5 3 1 4 5 2 1 0 3 1 3 1 1 2 0 5 3 1 1 3 3 2 1 0 1 0 3 2 3 3 3 2 2 6 0 2 1 1 4 3 3 1 0 1 2 5 1 4 1 0 2 1 3 1 2 3 0 4 3 5 3 1 2 1 1 2 5 1 2 2 3 4 0 2 0 3 2 6 1 0 3 3 0 2 2 2 4 3 1 4 2 0 4 3 0 3 3 2 4 1 1 0 1 2 2 0 0 0 2 3 2 2 1 3 6 5 4 1 0 2 5 2 1 0 1 1 3 2 1 0 2 4 2 1 2 1 1 1 5 3 2 1 4 4 2 0 1 1 2 0 3 0 3 2 1 3 2 0 1 1 3 3 1 2 2 1 4 0 5 0 0 2 0 2 2 3 1 5 3 2 2 2 2 0 3 0 1 0 1 2 2 2 1 1 0 1 2 3 3 1 3 1 2 2 0 1 2 4 1 0 1 0 4 1 1 2 2 5 3 1 2 1 3 2 2 1 1 1 5 1 2 1 2 2 0 0 1 1 1 4 1 3 2 3 1 3 6 0 1 1 1 1 3 2 1 3 5 3 2 1 1 1 2 2 2 4 0 1 1 0 2 3 2 5 2 2 0 1 2 2 2 3 4 0 1 4 4 0 4 5 1 2 2 3 1 4 2 2 3 2 1 1 0 3 2 3 2 3 3 3 2 1 1 1 3 0 2 2 2 3 2 2 5 2 0 2 1 2 2 3 3 0 5 3 0 2 2 0 1 1 3 5 1 2 3 1 3 2 2 1 3 4 5 0 2 2 3 1 2 2 0 3 0 1 1 1 1 1 0 0 3 1 0 3 5 2 2 4 3 1 2 3 0 5 0 2 2 2 2 2 0 2 3 2 1 0 3 1 2 4 0 3 3 2 2 1 0 2 3 0 2 4 2 2 2 1 0 0 2 3 3 0 3 3 0 3 2 2 1 6 1 1 1 3 2 2 1 4 2 1 2 0 1 4 2 2 1 2 2 2 1 0 1 1 2 3 3 0 2 2 2 1 1 2 1 1 5 3 2 4 1 2 0 1 1 3 3 4 1 1 1 0 5 4 4 2 1 1 1 2 4 4 1 5 0 1 3 3 0 6 3 3 3 0 4 2 3 1 0 1 2 0 2 2 2 0 2 4 2 3 6 3 1 0 1 2 2 0 1 1 1 2 3 1 2 3 0 4 1 2 3 1 0 3 2 3 1 2 2 1 1 4 1 2 3 2 0 0 1 1 1 1 5 2 2 2 3 3 2 0 1 3 5 1 1 4 2 3 1 1 3 0 2 0 3 3 2 3 0 4 1 1 3 3 0 2 4 1 5 1 0 1 3 0 0 5 1 2 0 0 0 4 4 2 5 1 5 1 1 4 2 0 0 0 4 4 1 4 3 1 2 0 4 1 4 1 1 3 5 1 2 0 1 0 2 4 2 2 2 3 6 2 3 3 0 2 0 2 2 2 0 1 2 5 3 3 1 5 2 2 3 1 3 2 2 1 4 2 3 4 1 0 3 1 1 1 1 3 1 2 2 1 4 3 0 2 4 1 3 0 3 3 3 0 2 2 2 1 1 1 1 3 1 4 3 3 0 1 1 1 0 1 2 2 2 1 1 1 2 0 5 2 1 4 1 2 3 0 5 1 2 1 3 3 3 1 2 1 1 2 2 1 3 1 3 3 1 2 6 2 1 0 1 5 4 4 2 2 2 3 3 0 1 0 0 0 4 5 3 2 3 5 1 3 0 2 5 1 2 1 1 3 2 1 0 2 2 3 1 1 6 0 0 1 1 1 3 4 2 3 5 3 1 1 2 2 2 0 3 5 1 3 3 0 3 1 2 2 3 1 2 2 4 1 1 0 2 0 1 1 4 2 4 1 1 3 1 1 2 5 2 2 1 2 3 1 0 4 2 3 1 2 1 6 3 2 3 1 1 2 0 3 0 1 2 2 0 2 4 1 4 2 2 4 1 4 1 0 4 3 1 1 1 2 2 3 2 1 3 3 1 3 4 3 1 1 2 4 0 0 1 4 1 6 2 1 2 2 1 1 3 3 2 2 3 1 2 2 3 2 3 1 1 2 4 0 1 3 1 0 1 1 3 3 3 3 5 2 1 6 2 2 3 1 1 2 1 1 1 3 1 2 2 1 4 4 1 1 1 0 2 2 0 1 4 0 1 2 6 4 3 2 3 4 1 1 2 1 4 3 2 2 3 2 1 5 1 3 3 3 1 2 2 0 4 2 2 1 1 0 4 2 1 0 1 1 1 1 1 4 2 3 0 2 3 4 1 2 1 0 4 3 5 2 2 2 0 0 0 2 0 1 2 3 5 3 0 4 2 4 4 0 3 1 2 3 1 3 1 0 2 4 3 0 3 3 2 0 0 2 2 0 1 2 2 5 4 3 3 0 2 2 1 2 2 3 1 3 3 4 1 4 6 3 1 0 2 1 2 2 1 1 0 3 4 0 2 1 3 1 3 4 2 1 2 3 1 1 4 2 2 2 5 2 0 2 2 3 2 2 4 0 1 4 3 4 1 2 3 2 4 1 1 4 0 4 2 3 1 2 1 1 0 1 1 4 3 4 3 4 2 1 3 1 1 3 1 3 2 2 2 3 1 2 1 1 3 2 1 1 3 2 1 3 2 0 3 0 3 1 0 2 5 0 2 1 1 3 1 1 2 3 1 4 4 3 1 1 4 5 1 0 1 4 1 3 5 0 0 3 1 4 3 0 2 1 3 3 1 4 0 0 3 3 1 5 3 4 0 0 0 2 0 0 1 1 4 0 2 3 4 3 0 2 1 1 2 1 1 1 3 5 2 1 3 0 6 1 3 0 3 0 4 2 3 2 5 3 2 3 0 2 1 2 2 2 3 1 1 3 0 3 1 1 1 3 5 3 1 3 3 2 0 3 3 1 2 1 3 5 0 0 0 1 1 2 5 2 2 4 4 2 2 3 2 0 1 2 5 2 1 4 3 2 5 0 1 4 1 3 0 3 2 4 1 2 2 0 5 1 5 2 1 2 2 1 5 0 2 0 4 3 2 2 4 4 1 1 1 1 1 2 1 4 0 4 2 1 1 1 3 3 5 1 2 3 3 0 1 1 1 2 2 4 2 3 2 2 1 2 0 3 1 5 1 1 2 1 1 1 2 3 1 3 1 0 5 1 3 1 2 5 3 0 1 3 2 2 1 3 2 1 2 1 2 5 3 2 1 2 2 3 3 1 1 1 2 2 2 2 4 0 4 3 1 2 2 1 2 0 0 4 6 3 1 0 1 0 1 2 1 3 1 0 2 1 2 5 3 3 1 4 3 2 2 1 0 0 4 6 0 3 1 2 2 2 2 1 1 3 3 3 1 3 1 3 1 1 1 6 3 1 1 4 4 2 3 4 1 0 1 3 3 2 1 2 1 3 1 0 1 2 0 2 3 3 2 2 1 1 3 1 3 1 1 0 4 4 1 1 3 1 4 1 1 2 3 1 3 1 2 2 3 3 0 3 1 2 0 4 3 1 0 0 0 2 2 3 4 1 4 3 3 3 1 1 0 3 2 1 0 5 3 3 3 1 4 2 2 2 2 1 2 2 1 6 2 3 2 1 2 1 2 2 1 3 1 1 1 2 0 2 2 3 2 0 2 1 0 2 3 2 3 0 2 2 3 2 4 0 3 0 1 1 1 1 2 3 3 2 2 2 1 3 3 2 0 0 3 2 2 2 4 2 1 0 2 2 2 0 2 1 1 2 2 1 2 1 2 4 2 1 4 2 3 2 3 2 2 1 0 4 0 1 2 1 3 2 1 2 0 2 3 3 1 1 3 3 2 4 1 2 1 2 3 0 2 0 2 1 2 2 2 2 2 4 2 1 1 1 2 5 2 3 0 0 1 0 3 1 4 3 2 1 4 1 0 5 1 5 1 2 1 1 2 1 1 0 3 3 1 1 5 3 3 0 1 1 1 3 0 3 2 1 0 6 2 1 3 2 1 4 2 5 2 1 0 4 2 2 2 1 3 3 2 1 1 1 1 2 0 0 4 2 0 0 4 5 3 1 2 1 1 1 0 0 3 4 0 1 2 1 1 3 1 1 3 0 1 5 1 3 3 2 1 5 2 1 4 0 4 1 1 0 3 0 0 2 0 2 2 0 4 1 6 3 1 2 1 1 0 4 1 3 2 3 3 1 1 7 5 0 2 0 0 1 2 2 2 4 1 5 1 1 0 2 0 1 3 0 0 5 1 2 4 2 4 2 2 2 1 4 0 4 2 2 4 0 2 1 1 5 2 1 2 0 2 4 3 3 4 3 3 1 2 1 1 1 3 4 1 0 1 3 2 2 2 0 2 3 2 2 3 1 0 2 1 0 1 2 1 4 3 3 1 4 1 0 2 1 2 2 4 1 1 3 3 5 2 0 3 2 1 3 2 2 1 1 2 1 1 4 0 1 3 4 1 2 2 3 3 2 1 1 1 2 1 2 4 0 1 0 0 1 2 0 2 2 3 5 1 3 3 3 2 3 3 3 2 2 2 3 1 3 1 5 3 0 2 2 3 1 2 2 2 2 3 1 4 1 3 2 2 0 2 4 1 3 1 1 3 1 3 1 2 1 0 3 3 2 2 0 1 3 3 2 1 2 2 1 1 3 2 4 3 1 1 2 1 3 3 2 2 1 1 2 2 2 3 5 4 2 2 3 3 2 0 1 3 2 2 2 2 5 1 2 5 2 2 5 3 0 1 5 2 1 3 1 1 1 1 1 0 0 2 1 2 0 1 5 4 4 7 2 2 1 2 2 1 2 1 4 2 3 1 2 0 4 3 2 2 4 1 2 0 2 0 1 2 2 1 2 1 3 3 0 2 2 4 3 3 4 1 2 1 0 3 1 2 0 6 3 4 1 1 6 2 1 2 1 2 2 2 0 3 2 3 1 0 3 1 2 1 4 5 1 4 2 4 1 2 3 2 2 1 3 3 0 4 4 1 1 5 2 1 2 1 1 3 2 2 0 1 1 3 1 2 2 3 3 3 3 1 6 4 0 2 2 2 4 1 2 3 1 1 1 0 1 3 1 2 5 1 4 2 1 4 1 1 2 3 2 1 1 1 1 3 3 0 1 0 0 3 1 2 2 1 4 1 0 2 3 3 1 4 3 1 2 1 2 2 1 5 4 4 1 2 2 1 1 2 0 2 5 4 0 2 2 3 0 2 1 5 1 3 3 1 2 3 2 4 3 0 2 4 3 0 0 1 3 0 5 3 3 0 1 3 2 1 1 4 3 2 1 2 2 1 0 5 1 1 3 1 0 4 2 0 6 3 3 4 6 2 3 0 4 1 2 0 3 1 3 0 3 1 0 3 1 1 1 3 0 3 3 1 1 4 2 2 1 2 1 2 3 1 3 1 1 4 2 2 0 3 1 1 5 0 2 1 0 0 2 2 1 4 0 2 2 2 0 0 5 1 0 2 0 2 1 1 4 1 3 2 1 4 2 3 4 2 2 1 2 4 1 1 2 1 1 2 2 1 2 2 4 3 1 4 2 4 4 0 3 0 1 4 0 2 1 7 2 0 5 1 3 1 3 1 1 2 3 1 1 1 3 5 1 2 0 2 3 3 1 2 1 1 2 3 1 2 1 3 1 3 1 2 1 2 1 3 4 2 2 0 2 5 0 1 2 1 3 3 3 2 1 1 1 2 1 0 1 3 0 3 2 2 2 3 1 1 1 2 1 1 3 1 1 0 2 1 3 2 2 3 3 0 2 5 2 2 0 1 2 1 3 4 2 2 3 1 2 0 1 0 2 5 4 1 2 2 2 1 0 1 2 1 3 0 4 2 0 3 0 1 2 0 1 2 2 2 1 4 2 1 2 3 3 3 0 1 1 2 1 2 2 1 2 1 0 3 1 0 3 3 5 3 0 2 2 1 2 2 4 1 2 3 2 5 1 1 2 1 2 3 2 1 1 1 2 1 3 1 4 4 1 3 3 2 0 2 2 3 3 3 1 0 0 2 0 1 2 1 1 0 2 1 3 1 1 4 2 3 2 2 3 3 3 1 2 2 2 2 1 0 1 1 2 2 4 3 1 4 2 2 1 1 0 2 1 2 0 0 1 6 1 1 2 1 2 1 2 3 1 2 2 0 4 1 1 4 1 1 4 2 2 2 5 1 3 1 3 3 0 2 2 2 9 4 2 0 0 0 4 1 1 2 4 3 6 0 3 0 1 2 3 5 1 4 3 3 1 1 2 4 0 1 3 0 3 0 5 1 2 3 3 1 3 3 3 2 1 1 1 1 3 3 3 1 1 0 4 2 2 0 2 2 0 5 4 2 4 1 0 4 2 0 2 4 3 1 3 2 3 2 2 1 1 1 2 2 0 1 4 2 3 3 0 1 0 3 0 1 1 1 5 5 0 2 2 2 1 2 1 6 0 2 2 4 2 0 0 3 2 4 2 1 3 2 4 3 0 1 2 0 0 3 1 2 5 3 0 2 3 0 2 2 2 1 1 3 1 1 2 3 5 2 2 1 2 3 4 4 1 1 1 1 2 4 0 3 3 1 2 4 4 2 3 3 3 4 1 1 1 2 3 1 3 3 4 3 2 0 3 0 1 3 1 1 3 2 3 1 4 1 3 1 2 2 2 2 0 1 3 2 5 1 3 2 1 0 1 2 4 0 6 1 2 1 1 4 1 0 0 1 2 2 2 0 3 0 0 5 6 6 2 5 2 2 0 1 1 4 1 0 1 3 4 2 3 1 3 1 1 1 1 3 2 4 3 2 4 2 0 0 1 1 4 1 1 1 3 0 3 3 1 2 2 3 4 5 3 1 0 1 2 3 1 2 5 3 1 2 2 2 2 0 3 3 2 1 2 2 2 3 2 3 5 0 2 1 1 2 6 1 1 4 2 1 3 0 1 2 1 1 6 3 0 2 2 1 4 4 2 1 2 0 2 2 1 1 2 2 3 3 3 2 3 2 2 2 4 0 1 2 2 1 2 2 2 3 1 2 1 4 3 3 2 3 1 2 1 1 1 3 0 2 0 3 2 1 3 5 2 1 0 6 0 4 4 1 2 0 1 4 0 1 2 1 2 3 3 1 4 1 1 2 3 2 1 0 1 2 0 2 4 3 4 2 2 2 4 1 1 2 2 2 4 3 1 1 4 3 2 0 0 1 1 1 1 5 2 0 2 2 2 2 1 3 1 4 1 2 0 3 3 2 2 4 2 0 3 2 0 2 1 2 5 2 2 1 1 4 2 2 1 2 1 2 3 3 0 1 5 3 2 0 1 1 4 2 2 1 1 2 2 3 3 1 0 2 1 3 2 2 3 2 4 0 0 2 2 1 2 1 3 1 1 2 4 0 1 3 2 0 2 3 4 2 3 3 1 3 7 3 1 2 0 1 0 2 2 1 2 3 2 5 3 0 2 2 2 2 1 2 2 1 3 4 4 2 2 1 4 2 2 1 4 0 1 3 1 5 2 2 1 2 3 3 2 3 3 2 1 0 1 3 2 4 0 2 3 1 3 3 0 2 2 1 1 1 1 2 0 3 1 1 3 0 2 2 0 1 2 4 1 2 7 2 4 1 3 1 1 3 1 2 5 0 1 4 2 0 0 0 6 3 0 4 2 0 0 2 3 2 2 4 2 0 2 1 4 0 3 0 1 2 3 4 3 1 1 2 3 3 3 0 1 3 1 2 0 1 2 1 3 2 3 2 2 3 0 1 1 3 1 1 1 1 6 3 4 3 1 3 0 3 4 3 1 2 0 0 0 5 5 1 2 2 1 3 4 1 1 3 2 1 2 3 2 2 1 3 2 1 3 6 1 1 3 1 2 0 3 0 2 3 1 1 1 3 1 0 5 7 4 1 3 1 4 2 2 5 0 1 2 0 2 1 3 3 4 0 2 1 2 0 3 3 1 4 2 2 2 3 1 2 3 0 0 6 0 1 4 3 2 4 1 0 2 1 7 1 0 3 3 2 1 0 4 3 1 3 0 4 1 2 1 4 2 0 1 2 3 5 1 1 1 2 4 5 1 5 1 1 3 0 2 5 0 1 3 0 1 0 1 3 3 2 3 2 3 1 1 3 2 1 1 0 3 0 1 2 1 3 2 0 3 1 4 3 3 1 1 1 4 1 0 2 1 0 4 2 3 2 3 6 1 2 3 4 0 0 3 0 0 2 5 3 1 1 2 3 2 2 1 1 3 0 1 0 0 1 5 5 0 1 4 1 3 4 2 3 2 1 0 1 5 2 1 1 3 4 3 4 1 0 2 2 2 3 1 2 4 2 1 2 1 1 3 2 1 1 0 2 2 3 4 0 2 1 3 1 1 2 3 1 2 1 0 3 0 2 0 1 3 2 3 4 1 1 3 3 2 1 0 0 1 0 1 1 5 3 2 3 4 0 2 1 1 3 0 2 4 2 0 3 1 0 1 4 0 2 3 2 1 2 1 1 2 2 7 1 2 1 0 3 2 5 1 2 4 3 2 2 2 1 1 0 2 2 0 1 1 1 1 2 3 2 2 1 3 2 1 4 2 1 2 0 1 3 0 2 2 1 1 4 3 1 1 3 1 2 1 3 1 2 1 3 0 3 1 5 1 2 2 4 0 2 2 4 1 2 2 2 4 1 2 5 1 3 0 3 2 3 3 1 2 3 1 2 4 2 2 2 0 3 1 0 1 1 0 1 2 3 0 5 1 3 1 2 0 3 1 2 1 1 1 4 2 1 3 0 0 1 0 0 3 4 1 1 1 3 3 4 1 0 1 3 1 1 2 4 2 3 2 2 1 0 7 0 0 1 0 4 2 1 2 1 0 1 2 1 0 3 2 2 3 2 5 0 3 2 2 4 2 3 2 1 1 2 2 0 4 1 4 1 3 1 2 0 4 2 3 1 1 1 3 4 2 1 4 2 5 0 3 3 1 1 3 1 2 2 0 1 3 5 2 2 3 1 0 2 2 3 2 1 1 2 1 4 2 2 2 4 1 0 3 0 3 2 3 3 2 2 3 0 2 1 4 2 4 2 2 1 3 2 0 4 3 3 1 2 1 1 4 1 3 0 1 0 0 1 2 2 3 2 2 1 1 6 2 3 2 1 1 6 3 1 2 0 2 2 1 1 4 1 2 3 2 2 0 2 1 3 3 1 3 1 3 1 1 3 2 1 1 3 3 3 1 4 2 2 1 1 0 2 2 0 1 2 1 5 1 0 2 4 2 3 5 0 0 4 1 2 5 3 3 1 3 1 0 1 1 4 2 2 2 2 2 4 5 2 0 6 0 5 2 2 4 3 1 0 1 2 4 3 1 1 2 2 3 2 5 3 2 1 1 3 2 2 1 0 1 0 0 1 3 0 2 5 6 0 2 2 1 3 1 3 1 1 3 2 3 3 1 3 1 1 4 3 4 0 3 0 0 4 0 3 1 1 2 6 1 1 1 2 3 0 4 2 1 3 0 0 3 2 1 2 4 4 4 3 1 1 2 0 4 4 2 2 0 2 1 2 2 4 0 1 2 4 1 3 2 1 2 1 1 4 3 2 0 2 2 1 2 3 1 2 0 2 3 3 5 4 1 0 1 1 2 3 3 2 0 1 2 3 3 2 1 2 2 4 0 3 1 4 0 1 2 2 1 2 0 1 2 1 1 3 2 1 3 1 3 0 1 3 2 1 2 2 1 2 0 3 3 1 1 0 4 2 3 3 1 2 1 1 3 1 4 3 3 3 0 1 0 1 4 2 2 2 3 4 1 4 2 1 0 2 1 1 4 1 3 4 1 3 1 1 1 4 0 1 7 2 2 5 2 0 1 3 3 0 2 3 1 1 2 3 1 2 0 3 2 0 2 1 4 1 2 0 1 3 3 3 1 3 2 3 5 2 2 1 3 1 2 2 0 3 0 1 0 5 1 6 2 2 4 2 1 0 4 1 4 1 1 2 3 5 2 1 0 2 2 2 3 0 4 5 0 3 1 1 5 3 1 1 1 5 3 3 0 3 3 2 2 1 2 3 2 2 0 2 4 2 3 3 2 3 1 6 2 3 1 0 3 1 1 2 1 3 2 4 3 0 6 2 2 0 3 3 1 2 1 4 2 2 4 3 1 3 1 2 0 2 2 2 4 1 1 4 0 1 2 2 3 1 4 3 3 1 2 1 3 4 6 5 1 3 0 0 2 2 1 1 1 2 1 3 4 2 3 2 3 4 1 3 2 5 3 0 2 2 0 2 2 2 2 2 1 1 0 4 3 1 1 3 1 4 1 2 1 3 0 2 2 2 2 4 3 2 1 1 3 1 1 2 2 0 2 3 3 3 2 0 3 1 3 1 2 2 3 1 3 4 4 1 5 2 2 3 1 1 2 0 0 2 2 1 0 2 1 2 3 3 0 3 1 1 1 3 4 0 1 1 1 3 3 3 2 1 1 4 1 0 0 4 3 1 3 3 0 2 0 1 1 2 4 0 2 1 1 2 2 4 1 2 3 3 1 4 4 1 0 2 3 1 3 4 2 2 2 1 1 2 1 2 3 5 1 1 1 2 0 1 5 2 1 2 2 4 3 1 0 1 1 3 0 3 1 2 2 0 0 2 4 1 1 3 4 3 1 2 1 2 1 4 3 4 0 5 2 0 2 2 1 2 1 4 1 2 3 2 2 2 2 1 2 2 3 0 3 1 1 1 5 1 2 2 1 2 3 1 2 2 3 1 3 2 1 1 2 7 1 3 3 2 2 0 2 1 1 2 0 3 3 0 1 2 3 3 1 2 3 3 0 3 3 2 4 3 2 2 2 3 2 1 1 4 1 3 1 0 2 3 5 5 0 0 6 1 1 0 4 3 0 1 1 3 2 1 2 4 1 2 0 5 2 2 2 2 1 1 3 1 2 1 4 1 2 0 1 5 4 1 2 0 4 1 1 4 2 3 2 2 0 0 4 5 1 2 1 1 4 5 4 2 2 0 1 3 1 1 6 4 4 0 4 4 1 3 2 1 2 1 1 3 2 3 0 0 0 1 6 1 1 4 1 1 1 4 2 3 0 1 1 2 1 2 1 1 2 1 3 3 1 1 3 2 1 2 2 0 1 3 1 2 1 0 2 3 4 4 1 1 3 1 1 0 3 2 0 6 2 1 1 0 5 2 1 0 4 1 1 1 0 3 1 5 2 2 2 2 1 3 0 2 2 3 2 2 2 3 0 2 2 2 2 3 1 2 1 2 1 1 2 2 4 4 4 1 2 1 3 1 3 0 3 1 1 1 1 2 2 2 0 0 2 3 2 2 0 2 3 2 1 4 0 1 1 5 0 1 3 1 5 0 3 1 2 1 0 1 0 6 1 3 1 3 2 1 1 3 1 0 2 0 4 2 2 2 2 0 5 0 2 1 5 2 1 2 4 2 3 0 3 3 1 1 0 0 3 1 1 1 3 1 1 1 3 1 5 1 2 3 3 1 4 2 2 3 5 0 3 3 2 0 2 2 1 3 1 2 2 2 3 1 5 1 5 3 2 1 3 1 2 3 3 1 0 0 1 0 4 2 2 3 4 1 1 1 1 3 3 2 0 1 1 1 1 1 6 4 2 1 4 1 3 1 3 1 4 2 2 1 0 0 2 4 2 4 1 3 3 4 1 3 2 2 3 4 2 2 1 1 1 2 2 1 6 0 2 3 0 5 2 2 1 3 1 0 4 2 1 0 6 0 1 3 1 1 5 3 1 1 3 3 1 1 1 3 3 2 2 2 2 0 0 3 2 1 0 0 1 5 3 0 1 1 3 0 0 3 1 0 2 2 2 3 1 0 3 2 0 2 4 3 2 1 4 2 0 1 2 0 3 4 6 3 0 2 3 3 4 1 1 0 0 1 2 1 2 2 2 3 1 3 3 1 2 1 4 2 3 1 1 2 2 4 2 2 2 1 1 2 2 0 2 3 1 2 2 1 1 0 2 5 1 1 1 2 2 2 1 4 3 2 4 1 3 2 3 1 3 2 1 1 0 4 2 1 6 3 0 0 2 1 2 1 0 2 4 2 1 3 1 1 3 2 2 4 0 2 4 0 5 1 2 3 1 1 1 3 0 2 1 3 1 2 3 4 2 0 5 4 3 3 2 0 2 3 2 1 2 1 0 4 3 2 6 1 2 2 3 1 0 2 4 2 3 0 2 1 1 2 3 3 3 1 3 2 1 2 3 2 6 0 4 3 2 1 0 4 0 1 0 3 1 3 1 0 0 3 3 4 0 0 3 0 5 1 2 2 0 5 1 2 1 1 2 3 0 1 2 1 2 3 2 1 1 1 2 3 3 3 1 1 3 1 0 3 0 1 2 2 2 1 2 2 3 1 0 2 1 4 1 2 2 4 3 3 0 2 1 6 4 1 4 1 1 3 1 3 2 2 2 3 3 5 2 1 2 4 0 3 1 2 1 2 3 0 2 1 0 1 3 3 1 2 3 1 1 3 4 2 4 2 2 0 2 2 1 6 3 5 1 0 0 2 4 1 2 1 5 3 4 5 0 3 2 2 1 3 1 5 5 0 2 1 2 3 0 1 4 2 1 1 2 2 2 0 0 0 1 2 0 2 3 6 2 0 3 2 2 2 1 3 3 0 1 5 1 4 1 2 2 1 2 3 2 3 4 0 1 1 4 0 2 1 0 1 3 1 1 1 4 2 3 3 2 2 1 1 5 6 1 1 2 3 4 3 0 4 1 0 3 2 1 2 1 0 4 7 1 2 1 7 1 2 2 0 1 0 3 0 2 1 3 1 2 3 3 2 1 1 0 1 2 2 2 2 2 0 1 5 2 5 1 1 2 3 1 1 3 0 3 3 3 0 1 1 6 1 1 2 0 0 3 4 2 0 3 1 2 1 2 1 5 1 2 2 0 2 1 3 1 3 4 3 1 2 1 1 3 2 2 1 1 2 2 2 4 1 3 3 4 2 2 4 1 1 3 3 3 1 3 1 2 1 2 0 1 1 4 0 1 3 2 2 0 3 2 1 2 2 2 1 6 1 0 1 1 3 2 1 0 2 2 0 2 5 2 6 2 1 2 3 3 2 1 0 3 3 3 1 1 1 2 2 0 2 1 1 3 2 3 1 2 3 2 3 1 2 2 5 1 1 3 3 3 4 4 0 1 3 1 4 2 0 2 1 4 1 2 4 2 2 1 4 2 3 1 1 1 5 0 2 2 2 3 2 2 1 3 1 1 3 2 3 4 1 2 3 1 2 1 0 5 1 1 4 4 0 2 2 2 1 3 3 0 1 1 1 3 0 6 2 3 3 2 2 2 0 1 1 2 2 4 1 5 3 3 2 2 1 3 2 1 1 0 5 3 6 1 0 1 3 5 4 1 1 0 3 1 2 2 1 1 3 5 5 2 2 0 1 1 3 5 0 0 0 2 1 2 1 1 2 1 4 0 1 2 1 3 2 1 0 2 3 3 4 5 0 3 2 1 4 1 4 1 1 2 1 1 2 2 0 1 1 3 3 1 2 3 3 5 1 2 1 2 1 0 2 0 1 4 3 4 5 1 2 0 0 1 3 1 2 3 0 6 1 0 1 1 1 4 1 2 3 3 0 1 0 2 5 3 3 4 1 3 3 1 1 0 1 3 1 1 5 1 0 2 1 1 2 4 1 3 0 3 1 0 6 1 2 2 1 2 2 2 3 3 1 0 2 4 0 2 2 2 1 1 4 2 0 1 4 0 2 1 2 3 2 1 4 2 0 2 2 1 1 2 4 0 1 4 2 3 2 0 3 4 3 0 3 2 4 2 0 2 0 0 7 3 3 1 1 3 1 3 1 2 0 1 2 2 3 1 1 0 2 0 2 3 3 2 4 0 2 2 2 2 4 3 0 3 2 2 2 1 2 2 1 0 0 1 3 4 1 2 2 1 3 3 5 2 3 1 1 2 2 2 0 1 1 2 1 2 1 3 1 4 0 2 4 2 1 2 1 3 7 0 1 1 1 1 5 2 3 2 2 1 1 1 1 2 3 2 0 2 1 2 2 2 1 3 3 2 1 1 2 3 4 2 2 4 0 1 3 1 1 0 4 5 0 0 0 1 4 2 1 0 2 2 1 2 6 1 2 1 2 2 0 3 0 0 2 0 2 2 4 1 3 3 0 2 3 3 2 1 0 5 0 2 4 2 1 1 1 2 4 2 1 2 2 3 3 2 3 5 0 2 3 3 2 2 2 0 3 2 3 1 1 1 2 2 3 2 3 2 2 1 1 5 0 7 0 3 2 0 1 0 1 1 3 4 3 2 4 3 1 3 2 2 2 1 2 3 1 1 3 1 1 2 1 3 0 2 5 1 3 1 2 3 0 4 2 0 1 2 3 1 3 3 3 4 1 0 0 0 3 2 1 1 4 2 2 1 1 1 2 3 4 6 2 2 2 0 2 0 1 2 1 1 1 1 3 3 1 2 0 1 3 2 1 2 3 0 2 5 0 0 4 4 2 2 1 5 2 2 1 2 2 3 2 3 1 1 1 6 2 2 3 4 2 0 3 1 0 0 2 1 1 5 3 3 2 2 1 2 1 2 2 3 2 1 5 2 4 4 2 1 1 3 0 0 2 3 7 2 3 1 0 1 4 1 3 3 1 2 3 3 1 2 2 4 2 2 0 1 2 0 1 3 2 2 2 4 5 2 4 1 2 2 3 2 1 0 2 3 1 2 3 2 1 3 3 0 5 1 4 1 3 2 1 4 3 0 1 6 4 0 4 4 3 3 3 0 1 2 1 2 1 3 1 4 1 3 3 1 1 1 1 1 0 2 1 3 0 0 2 4 3 4 2 7 3 1 1 3 0 1 3 1 0 4 0 0 1 1 0 3 4 1 1 3 2 2 2 4 1 2 2 4 3 5 4 1 2 2 2 3 2 2 1 3 1 1 4 0 0 1 2 4 0 4 3 0 3 1 3 4 0 2 1 2 1 2 1 3 1 3 5 1 1 0 2 2 0 1 4 2 2 3 2 1 1 1 2 2 0 3 2 3 1 2 1 3 3 1 6 3 2 1 0 0 1 3 3 1 3 4 1 2 1 1 1 1 2 4 4 3 1 0 0 5 2 1 2 1 2 1 3 5 3 2 4 4 1 3 2 0 2 0 3 3 3 5 2 0 2 1 1 4 2 1 2 5 1 2 2 0 1 4 0 0 6 4 2 2 3 4 3 1 1 1 4 1 2 3 2 1 5 1 2 1 1 3 1 2 2 3 3 1 0 1 3 2 3 5 2 1 2 2 0 2 3 1 3 2 0 2 3 2 3 0 3 3 1 2 3 2 1 1 2 1 2 2 5 3 1 1 2 2 3 2 3 2 1 0 0 3 0 4 1 0 2 3 3 1 2 0 2 5 4 3 3 0 2 3 1 2 4 2 2 0 4 3 5 1 0 2 3 3 1 1 4 2 3 2 3 1 2 1 3 1 2 1 2 4 3 0 2 3 1 1 3 3 0 4 4 5 3 5 2 1 1 2 1 2 0 3 0 0 5 3 0 3 1 2 1 1 4 2 2 1 1 3 2 2 3 0 0 4 2 2 2 1 4 0 2 1 0 2 2 1 5 3 1 5 0 1 1 2 2 0 2 2 0 1 1 1 3 0 0 4 5 1 3 1 0 1 2 3 4 1 2 2 0 4 2 2 1 0 2 4 4 3 2 1 1 1 1 1 1 5 1 1 0 3 6 1 1 2 1 3 3 1 3 4 6 1 4 3 1 2 2 1 2 1 1 2 1 4 1 3 1 1 1 1 4 2 1 1 3 3 3 5 2 0 2 1 0 4 1 0 2 0 0 0 2 0 2 1 2 6 1 4 1 1 2 1 0 0 4 2 4 0 1 1 2 3 1 1 5 2 3 4 5 3 3 3 2 3 1 2 1 2 1 1 0 4 3 1 1 5 2 1 2 0 4 1 5 2 2 3 1 3 3 2 2 1 2 3 0 0 1 3 1 0 2 3 3 1 1 3 1 1 0 2 2 1 2 0 4 5 1 1 1 3 1 2 2 4 2 3 0 2 1 0 0 3 0 0 2 5 4 1 1 1 1 3 1 1 3 3 2 2 1 2 1 3 2 1 4 2 4 2 0 2 1 1 1 1 3 3 2 1 3 0 2 3 1 4 1 3 1 0 2 3 3 1 4 3 4 2 4 2 1 3 0 0 2 1 6 4 1 0 2 2 1 2 3 3 2 1 1 2 3 0 3 1 2 4 1 3 0 2 1 1 1 2 4 1 2 1 1 2 2 0 6 1 3 1 5 3 5 3 1 1 1 2 3 2 1 1 2 5 1 1 0 2 2 1 2 0 2 2 2 0 3 1 2 2 3 2 2 3 1 1 1 4 2 2 2 3 1 0 3 1 0 2 3 1 2 1 3 1 0 5 1 2 2 6 1 2 4 2 2 0 1 2 2 1 4 2 1 1 1 1 2 1 2 1 1 4 2 4 2 2 1 3 3 5 3 2 0 4 2 3 4 2 2 0 4 0 1 1 2 7 1 2 3 2 2 2 0 0 3 5 4 2 0 4 0 3 3 4 5 3 2 1 0 1 8 1 1 3 1 1 1 2 0 0 2 5 1 1 1 5 1 3 1 1 2 4 0 2 2 0 1 1 2 3 3 4 0 5 3 3 4 1 4 2 1 0 0 2 0 2 5 3 3 0 1 2 1 1 1 3 1 1 4 3 1 3 1 2 1 1 1 2 1 0 4 0 0 2 1 3 2 3 2 4 1 2 1 3 1 1 5 2 2 3 2 1 0 3 0 2 2 2 1 0 0 2 1 1 3 0 2 5 0 1 0 2 1 6 3 2 1 1 2 4 3 2 1 2 1 1 3 2 2 2 2 2 3 1 3 1 4 2 4 2 2 0 2 1 3 1 3 3 2 2 1 2 1 1 1 2 2 2 1 2 3 2 1 1 2 2 3 1 2 4 4 1 1 4 0 1 0 1 1 2 1 0 1 1 4 3 1 3 5 1 2 4 0 1 1 1 3 5 1 0 2 2 3 0 1 4 7 4 0 2 0 0 5 2 1 1 2 1 0 1 5 1 1 1 4 1 4 0 3 0 1 0 1 0 2 1 3 1 2 2 5 3 1 3 2 2 2 4 2 2 1 2 3 3 4 0 2 0 1 6 2 1 1 2 2 0 3 1 1 1 0 4 2 1 3 1 4 5 0 0 0 2 5 5 2 0 2 3 1 1 3 1 3 1 3 2 2 5 5 3 4 1 0 0 2 1 0 0 2 3 3 3 1 2 1 4 2 5 4 3 6 2 1 1 3 1 2 0 2 0 0 4 2 5 0 1 3 1 0 3 3 1 2 4 2 0 4 1 5 0 0 2 4 1 3 1 3 2 1 0 0 5 3 3 1 3 3 1 1 2 3 3 4 2 0 0 3 6 0 5 2 5 0 0 3 4 1 3 0 3 1 1 0 1 0 1 2 2 2 0 2 2 0 0 4 1 0 0 5 1 1 5 0 3 0 4 3 3 2 3 1 0 3 1 0 2 2 4 1 1 2 2 1 3 4 0 2 2 5 4 1 4 1 1 1 3 3 2 2 2 1 1 0 1 0 0 3 7 0 2 1 5 5 4 3 0 2 0 2 3 2 3 2 3 3 1 2 1 0 2 1 1 1 3 4 1 0 2 2 1 0 0 2 2 1 4 1 6 0 1 2 1 1 0 4 3 3 1 3 0 0 1 0 1 3 0 0 0 2 5 2 0 1 2 5 3 3 0 2 3 2 3 1 2 3 3 2 2 2 1 1 1 2 1 3 0 0 2 3 5 2 1 0 4 2 1 2 1 2 5 1 1 2 2 4 2 1 1 0 4 3 1 2 2 5 1 0 5 2 2 3 4 3 2 1 0 1 2 4 1 2 0 1 5 0 4 3 2 3 2 1 1 1 2 2 1 3 4 1 3 3 0 5 0 1 2 2 2 2 2 1 2 5 0 2 1 0 2 2 0 1 0 1 1 0 2 1 3 4 2 2 1 1 1 1 1 3 3 3 0 3 2 0 1 5 1 3 5 1 0 1 3 1 2 2 4 2 4 3 1 0 3 0 2 2 0 2 0 1 4 1 1 1 1 1 3 3 1 2 4 1 3 3 2 4 2 0 1 1 1 2 2 0 3 6 1 2 2 1 1 2 2 0 3 3 3 1 1 3 0 2 4 0 3 4 0 3 3 4 1 3 2 2 3 1 2 0 2 2 2 1 4 5 6 2 0 0 2 2 1 0 1 3 1 4 0 2 2 1 4 2 4 2 1 1 3 1 2 1 5 1 2 2 2 0 0 6 1 3 0 1 2 2 1 6 3 2 1 3 1 1 1 2 0 0 2 2 1 2 3 2 1 2 0 1 4 3 1 3 4 2 2 0 1 0 3 3 2 0 4 0 2 0 2 1 2 1 2 6 3 1 2 2 0 2 2 2 1 2 0 0 0 0 3 3 2 6 0 1 1 0 1 5 1 1 3 4 2 1 1 2 5 3 2 4 1 1 2 0 3 1 2 0 0 3 2 1 2 0 3 1 4 2 1 2 0 1 3 6 3 3 2 1 0 2 0 2 5 2 1 2 1 1 3 1 3 4 3 4 0 2 4 2 2 2 2 6 2 4 4 2 0 3 3 3 2 2 2 2 3 1 3 3 1 1 1 3 3 3 1 3 1 2 0 2 2 2 3 0 2 2 2 2 5 3 3 3 3 2 0 1 3 2 1 3 1 2 2 2 4 3 0 4 4 2 4 1 1 3 1 1 0 1 3 1 3 2 1 4 4 1 3 2 2 4 2 1 3 3 1 2 4 4 2 2 1 1 5 3 0 2 2 2 2 1 2 3 1 1 1 4 2 2 0 1 0 1 3 3 3 3 2 6 1 3 0 4 3 1 2 2 3 1 2 1 3 1 0 0 1 4 1 3 0 4 3 0 3 2 3 1 0 1 5 3 3 4 3 4 1 0 3 2 1 1 2 2 2 0 1 3 4 1 0 2 1 2 1 1 2 4 4 3 2 2 3 3 2 2 4 2 2 0 5 1 1 2 2 3 4 3 2 1 2 2 2 5 3 3 0 0 3 1 3 2 4 4 4 1 0 0 2 1 3 2 4 2 4 0 1 2 2 3 5 2 0 2 1 2 2 2 1 1 2 3 0 3 3 0 2 1 2 4 2 2 5 0 3 2 1 3 3 3 0 3 1 2 1 0 2 1 1 3 4 2 2 3 5 1 3 0 4 0 1 0 0 2 3 4 1 1 3 4 3 3 1 1 2 1 1 2 3 2 1 2 3 0 2 2 1 5 2 0 0 1 2 2 4 3 3 3 3 3 3 3 0 3 2 1 4 1 1 1 1 2 3 3 5 1 2 1 1 3 2 1 1 3 4 3 2 4 1 5 3 0 3 2 0 1 3 3 2 0 4 5 4 2 0 2 3 5 3 3 2 0 3 5 1 2 1 0 2 2 2 1 3 3 2 1 2 3 1 3 2 1 2 0 1 1 0 3 2 0 4 1 1 2 2 4 5 0 3 2 1 2 1 3 0 2 1 3 2 3 5 4 1 0 1 1 1 2 2 1 4 0 1 3 1 1 1 1 2 4 0 1 0 3 2 4 2 4 2 3 2 2 3 3 1 4 0 3 2 3 2 0 3 2 3 3 1 2 3 0 3 4 2 0 3 1 0 3 2 2 0 1 0 2 3 1 4 2 1 0 3 2 2 2 4 2 1 3 1 3 2 2 3 0 2 2 6 1 2 0 5 2 3 2 3 2 1 1 1 2 6 0 1 1 2 2 5 4 5 1 5 2 1 2 2 3 3 2 3 0 2 2 1 1 2 0 0 3 5 0 3 3 2 2 3 1 1 3 3 2 0 2 1 2 1 3 3 3 4 3 2 0 5 1 2 1 2 1 0 3 1 2 0 1 4 2 3 3 1 2 6 2 1 1 1 2 2 0 5 1 3 5 0 3 3 2 3 1 5 2 2 1 2 2 2 1 3 0 1 0 4 5 2 3 2 1 2 3 2 3 3 1 2 1 1 1 1 2 1 2 3 2 2 2 1 3 3 1 1 1 2 2 3 1 3 1 0 3 3 2 3 3 3 2 2 3 3 3 3 2 2 1 1 0 2 6 2 1 3 1 2 2 0 1 2 3 2 4 2 4 4 0 1 1 2 4 2 1 2 2 2 3 2 1 0 3 4 1 1 2 1 4 2 0 2 1 2 1 1 1 1 5 2 2 4 2 2 2 1 3 2 0 3 1 4 1 4 1 4 3 2 0 2 0 0 4 1 2 2 1 1 4 3 1 1 2 1 1 4 2 1 3 0 3 0 1 3 1 3 1 1 4 2 3 2 3 3 0 0 1 0 4 0 3 1 1 2 0 3 2 1 3 1 2 2 1 0 3 5 1 3 3 0 3 1 2 2 3 4 2 2 1 0 2 2 2 5 0 2 1 1 2 3 2 3 2 1 1 2 3 4 1 1 0 4 3 3 1 2 2 1 3 1 0 2 1 1 3 2 0 2 4 2 1 1 5 1 0 1 5 2 4 2 0 1 2 2 1 0 2 0 3 2 4 2 1 3 2 3 0 1 2 2 2 3 1 1 3 1 1 4 0 2 1 2 1 2 2 1 1 2 1 3 2 2 1 2 4 2 5 1 2 5 1 0 0 0 4 4 3 1 2 0 4 1 4 3 4 4 1 0 1 3 2 2 4 1 1 3 1 0 3 0 3 2 1 3 0 1 1 1 3 2 6 2 5 4 0 4 1 2 1 1 0 3 1 2 1 0 1 2 4 4 2 2 1 3 1 5 1 2 1 1 7 3 1 2 1 3 0 3 0 4 1 3 3 0 2 2 2 5 3 1 4 4 3 0 1 3 0 3 1 1 5 0 2 1 4 0 3 0 2 2 2 1 3 4 1 3 2 0 4 2 1 2 1 1 1 1 3 4 3 0 0 2 2 0 0 3 4 2 3 2 1 3 0 0 0 1 1 4 1 5 3 0 1 1 3 3 1 2 1 3 2 4 1 5 2 1 4 2 4 0 0 2 0 3 2 1 1 3 2 2 1 3 1 1 1 3 5 2 1 2 2 2 3 1 2 1 5 5 0 1 1 4 2 1 1 1 0 3 4 3 2 1 2 2 6 0 1 3 1 3 4 0 2 3 1 2 0 2 1 4 3 1 1 3 3 1 4 2 2 2 1 2 3 2 0 2 2 2 0 1 1 3 2 3 2 5 3 4 2 2 3 1 3 3 1 3 1 2 0 4 0 3 1 1 2 2 0 2 2 0 1 3 2 1 4 2 0 1 3 2 2 3 1 1 4 2 4 0 5 1 2 3 1 3 5 1 3 2 2 2 5 0 1 3 0 5 1 1 3 1 2 2 1 3 3 2 4 1 3 0 2 3 1 3 0 3 1 2 2 1 1 1 1 0 1 5 1 3 4 3 1 2 3 1 1 3 2 2 1 2 1 3 2 0 2 2 3 1 1 1 3 3 4 2 3 0 1 0 2 1 0 4 3 1 1 0 0 2 2 2 1 3 2 1 2 4 0 0 4 5 3 4 1 3 1 1 2 2 5 3 2 2 4 1 2 3 1 3 2 1 3 1 1 1 3 1 4 0 2 1 3 0 4 1 2 4 2 2 2 3 3 2 1 2 2 3 0 3 2 3 3 4 2 2 3 2 2 2 0 4 3 2 0 2 4 3 3 0 0 0 2 3 1 2 2 4 1 1 5 2 4 3 2 1 2 1 2 2 3 1 1 6 0 2 3 3 3 4 2 0 4 0 3 2 1 3 3 1 1 1 3 4 0 5 3 0 4 0 5 5 3 2 2 1 3 2 3 3 0 2 2 0 1 5 0 3 2 0 2 2 2 1 1 1 0 0 0 1 3 6 2 3 0 0 0 2 6 2 3 4 2 6 0 0 0 2 1 1 1 1 3 2 1 3 2 2 8 3 0 1 2 3 1 1 1 3 1 2 3 3 1 3 1 1 1 1 3 3 0 1 7 4 4 2 3 1 0 2 1 4 0 4 0 2 2 4 4 2 0 2 3 4 1 2 2 2 4 0 5 1 2 3 0 1 1 3 1 0 2 0 0 1 0 2 4 1 1 1 4 2 2 1 0 1 0 2 4 2 2 3 1 3 1 4 2 2 1 4 2 4 2 2 2 1 0 1 2 0 1 2 0 3 5 1 0 1 1 3 3 2 0 1 3 0 1 3 3 4 1 2 4 3 1 4 2 4 0 3 0 2 1 2 4 2 2 1 2 1 2 0 1 2 2 3 1 2 4 1 1 1 1 1 1 3 5 1 0 4 2 2 3 1 4 0 1 1 3 2 1 2 3 3 3 4 2 1 2 2 2 1 2 1 3 2 3 2 1 3 3 0 1 1 5 4 3 1 2 1 0 1 4 1 3 3 2 3 3 4 3 1 0 1 1 3 2 3 2 3 1 0 1 4 1 3 2 2 2 0 0 2 2 0 2 2 0 1 1 4 2 3 3 4 0 4 0 1 2 4 0 1 5 0 3 2 0 3 2 3 3 2 2 2 5 1 2 2 0 0 3 1 2 2 2 2 0 0 2 1 1 1 3 1 2 0 2 2 1 2 1 1 2 2 3 2 1 1 3 0 3 3 1 5 1 6 2 1 2 2 2 1 2 1 3 2 3 2 2 3 1 2 2 4 2 3 1 3 2 1 1 2 1 2 1 1 2 1 4 1 1 2 3 1 1 1 0 4 6 1 1 1 4 2 3 1 0 1 2 2 2 2 0 0 2 0 2 3 2 4 3 1 1 2 2 2 2 2 3 1 0 4 1 2 1 1 1 1 1 3 2 1 0 1 2 2 1 2 3 2 1 2 2 2 4 1 1 0 2 4 1 1 1 1 0 2 1 2 1 3 7 1 1 2 1 1 4 2 1 2 2 6 1 2 1 2 2 2 2 1 2 1 2 2 3 2 4 1 1 1 1 2 2 3 0 0 1 1 0 2 3 4 3 3 2 2 2 4 0 0 2 0 0 3 2 2 3 4 0 3 1 4 0 3 1 2 2 2 3 0 1 2 3 2 1 3 3 2 0 2 2 1 1 4 2 2 1 2 1 1 2 3 1 2 0 3 1 4 2 3 1 4 2 3 2 0 1 1 2 1 2 0 2 1 4 5 1 2 1 2 1 1 1 2 2 1 1 0 4 0 1 3 5 1 5 3 4 2 1 2 1 2 2 1 1 0 3 4 0 2 2 3 3 1 2 1 3 3 0 3 2 1 4 2 3 0 2 3 2 2 3 5 1 1 1 0 3 1 3 1 0 0 2 1 3 1 5 0 2 1 2 2 3 1 3 0 0 2 1 0 2 0 3 1 3 1 3 3 1 2 5 3 1 2 3 2 1 2 0 5 2 5 1 0 1 1 2 0 1 2 1 5 2 3 2 3 1 2 1 2 6 0 2 2 3 1 2 4 1 1 1 3 4 1 1 0 1 2 1 5 1 1 3 1 3 0 1 2 1 2 0 0 3 6 3 3 2 2 1 1 2 1 2 1 1 0 1 2 2 6 3 2 4 1 3 3 2 1 2 3 7 1 0 2 2 2 1 2 2 0 6 3 3 0 2 2 1 3 1 2 1 1 3 3 3 0 2 2 0 0 4 2 2 2 0 2 0 2 1 5 2 1 3 3 2 1 1 1 3 1 1 5 4 0 3 2 5 1 1 0 1 2 5 2 1 1 3 1 0 2 2 6 3 2 2 2 2 2 4 1 3 1 2 2 5 1 2 1 4 1 1 2 2 5 2 6 1 0 2 0 0 2 0 4 4 4 3 1 4 1 0 2 0 1 4 1 3 3 1 2 1 3 7 2 0 2 2 3 2 4 1 1 0 1 5 1 3 1 3 2 0 2 2 4 4 3 3 1 4 1 1 2 0 1 3 1 5 1 4 3 3 0 1 2 1 0 2 0 1 1 1 2 2 1 2 2 2 2 2 1 2 2 1 4 0 5 1 2 0 3 2 2 2 2 3 3 1 0 4 1 3 1 0 2 1 3 3 2 3 6 4 0 3 2 1 2 0 1 1 3 1 2 1 2 1 1 0 4 0 2 0 3 1 3 2 3 1 5 0 2 0 5 2 2 3 2 2 3 1 5 2 1 2 1 1 1 1 3 2 2 2 2 2 1 2 0 7 3 2 2 1 1 2 4 3 1 3 0 5 3 4 2 1 1 3 5 0 2 1 0 4 2 2 0 1 0 1 3 1 1 3 4 2 0 3 1 3 4 1 0 1 3 2 1 1 4 5 1 2 3 1 2 6 2 4 2 3 1 4 1 0 2 2 1 2 4 2 3 4 0 2 2 3 0 0 2 3 3 2 2 4 0 3 1 1 3 1 2 0 4 1 5 1 3 1 2 3 1 1 1 1 4 2 3 0 0 0 5 3 5 2 2 0 2 3 5 0 3 1 3 2 2 1 2 1 3 3 1 2 2 3 3 1 3 1 3 1 0 1 3 3 2 2 3 1 1 4 2 4 3 0 2 5 2 0 1 1 1 2 1 3 3 3 1 0 1 3 5 2 2 2 1 1 2 3 2 1 3 3 1 2 2 2 1 2 2 1 1 4 0 0 3 0 4 4 0 2 2 2 4 0 2 4 1 3 1 0 3 1 2 2 2 1 2 2 3 2 3 3 3 1 0 3 3 1 0 3 3 1 1 2 4 3 3 5 2 3 1 0 1 3 1 4 2 2 3 1 4 2 0 3 3 3 0 1 2 1 4 1 5 3 3 6 3 2 0 2 0 1 0 3 4 2 1 1 2 1 1 2 1 0 3 1 0 4 2 1 2 1 1 4 2 3 4 4 4 1 2 1 1 1 0 2 2 3 1 2 0 5 1 4 2 3 2 2 0 1 2 2 3 5 0 1 1 1 1 1 2 5 3 1 2 4 1 4 1 0 1 2 0 0 1 0 3 3 4 2 5 5 0 2 1 0 2 3 2 5 2 3 2 1 2 2 3 1 4 2 2 3 2 2 1 4 1 1 1 5 2 4 1 1 2 3 2 2 2 0 5 1 1 1 1 3 0 1 3 0 2 4 2 0 2 0 6 3 2 4 0 2 1 2 0 1 0 1 2 3 0 1 3 2 3 4 4 2 0 3 4 1 1 4 4 3 2 3 3 0 2 0 1 0 1 1 3 1 3 4 5 2 2 2 4 1 1 2 4 1 2 3 2 4 2 1 4 1 1 1 2 2 4 2 3 2 1 3 4 0 1 2 2 1 1 3 3 2 2 1 1 1 2 2 5 1 1 1 2 3 1 1 1 1 4 3 1 4 4 0 3 2 1 4 2 2 0 3 2 2 5 0 1 2 4 2 1 2 3 2 2 1 1 2 2 3 3 1 0 1 1 1 3 4 0 2 2 3 1 1 4 0 0 2 2 4 4 2 0 0 4 4 3 0 5 3 1 0 2 2 2 2 1 0 1 3 3 0 0 2 1 0 4 2 1 3 0 1 2 3 2 5 2 6 1 3 3 0 0 2 1 4 2 0 3 1 1 6 5 1 2 0 0 1 3 3 0 1 3 2 3 2 0 2 2 1 1 3 2 1 2 3 2 1 0 2 1 1 2 1 4 5 0 2 3 0 3 2 4 2 4 4 3 3 2 1 3 1 1 1 3 3 3 1 0 2 1 1 2 4 3 3 2 0 0 3 3 2 2 4 5 2 3 3 1 0 0 2 5 3 3 1 2 0 2 0 2 2 2 0 6 1 3 2 1 1 3 3 0 1 2 3 3 2 2 2 3 4 2 2 2 2 2 3 3 2 1 3 0 2 0 3 4 4 2 4 2 2 2 2 2 4 3 3 1 4 2 0 1 0 2 2 0 1 5 2 5 0 1 2 1 0 4 5 2 2 2 1 1 2 0 3 1 2 1 1 2 2 1 1 1 1 2 3 3 1 1 3 2 1 3 4 1 4 2 2 1 2 4 1 3 1 3 2 0 2 1 2 2 4 0 1 2 1 2 3 0 2 2 1 1 1 3 1 1 5 2 1 4 4 1 0 1 1 1 0 1 2 1 6 2 2 0 4 5 3 1 4 2 4 1 0 5 1 3 2 4 2 3 1 3 0 0 2 1 0 1 1 1 4 3 0 1 4 4 4 1 4 3 1 0 1 3 0 1 0 1 2 2 1 1 2 2 4 1 3 1 3 2 1 2 2 1 2 1 3 0 1 3 4 4 4 1 5 3 1 1 1 3 2 2 1 2 4 3 6 3 0 0 0 2 1 0 2 7 1 3 3 4 1 4 0 3 1 3 1 0 3 0 0 3 3 2 2 2 2 2 4 5 2 3 2 2 1 1 0 3 1 6 0 2 2 1 1 2 3 2 3 1 0 2 3 2 1 3 1 0 0 4 1 3 3 4 4 1 3 3 1 2 0 3 1 1 3 0 5 2 3 3 3 1 2 3 4 1 0 1 5 1 0 3 3 1 1 0 2 2 0 1 1 2 2 6 1 2 0 1 1 2 1 2 1 3 3 2 1 0 4 1 2 2 1 2 4 2 0 3 0 2 3 2 2 4 3 3 0 1 1 3 4 2 3 2 0 2 1 4 3 2 1 2 2 1 2 2 1 3 0 3 1 1 2 0 3 0 2 5 3 1 2 3 3 2 1 4 4 1 1 1 1 3 2 1 0 1 1 3 4 2 1 2 1 1 1 3 3 3 1 2 1 3 3 0 2 3 2 3 0 2 3 2 1 1 1 3 0 3 4 4 2 1 1 2 4 2 2 1 5 2 2 2 1 2 2 0 1 1 4 0 2 2 1 1 1 4 3 3 1 3 0 2 2 1 2 2 3 3 3 3 2 1 2 3 1 1 3 2 1 2 1 4 2 0 1 2 1 2 3 1 2 2 2 5 0 3 2 0 8 1 0 1 0 2 5 4 2 0 0 3 1 1 2 3 4 1 1 0 1 0 2 2 1 3 0 2 2 1 2 3 1 1 2 2 2 3 1 3 2 3 1 2 2 2 2 0 1 3 1 3 0 3 1 1 4 1 1 1 3 3 3 1 2 0 1 1 1 1 6 3 1 2 3 4 1 2 3 1 1 1 2 2 5 1 2 2 4 1 3 2 2 2 5 2 4 4 1 1 4 2 1 3 1 3 1 0 2 4 2 1 1 2 2 1 2 0 7 1 2 1 2 2 2 4 0 2 4 2 2 3 2 1 1 5 2 1 1 1 1 2 2 4 4 0 2 1 2 0 3 0 4 4 0 2 0 0 1 3 3 2 2 4 1 1 3 3 1 3 0 5 0 4 2 2 3 1 3 0 0 1 1 4 2 3 2 3 1 6 1 2 2 3 3 0 3 4 2 3 3 2 1 4 2 2 2 3 1 2 0 1 3 1 0 1 4 1 1 3 1 0 1 2 1 2 2 2 1 1 2 0 1 3 5 3 1 3 0 5 0 1 3 2 2 1 5 2 0 3 3 0 1 1 1 1 2 2 2 1 1 1 6 5 2 1 2 0 1 3 0 3 1 3 3 2 3 2 2 2 3 2 1 1 2 2 2 1 0 2 2 3 2 3 2 1 1 2 1 3 3 1 1 1 0 0 1 2 1 3 2 3 2 1 2 3 2 2 6 2 2 3 1 1 1 0 3 2 0 5 4 0 0 3 1 1 2 3 1 0 1 3 3 2 5 4 1 0 2 0 1 2 1 2 4 2 2 5 3 1 1 1 2 4 3 0 4 3 1 0 1 3 0 1 1 2 1 3 2 2 3 0 1 2 0 1 2 0 1 2 3 2 2 1 1 2 3 1 4 1 1 1 1 0 3 1 1 4 2 2 2 1 2 2 1 1 2 4 2 0 0 2 2 2 1 3 1 2 2 3 1 1 3 3 1 1 3 2 0 0 2 1 4 3 1 0 3 0 1 3 3 1 2 4 0 2 3 0 3 1 1 2 3 3 0 0 3 2 0 4 2 3 3 3 2 2 2 2 1 2 0 2 1 6 4 1 3 2 2 2 3 1 2 3 1 0 2 1 1 4 1 1 0 2 2 1 7 5 2 2 0 4 2 3 1 0 2 2 2 0 1 2 3 1 1 1 3 2 4 2 1 0 1 1 2 0 4 1 5 0 2 1 1 5 3 1 2 2 2 1 2 3 2 1 0 1 3 1 6 3 0 0 1 4 2 1 2 1 2 5 3 1 1 2 2 1 1 1 3 3 2 2 1 1 5 2 3 2 2 0 0 0 3 2 4 3 2 2 0 3 0 0 3 3 2 2 2 5 3 1 3 1 5 1 2 1 0 1 4 3 0 4 3 4 1 2 2 3 3 1 1 2 1 1 1 4 3 2 2 3 1 4 1 1 1 1 5 1 1 3 1 2 3 2 2 4 1 2 1 2 3 2 1 0 0 2 2 4 3 2 2 1 1 3 2 2 1 1 1 3 1 3 2 3 1 2 1 1 3 0 2 2 3 0 2 3 4 2 1 1 2 5 2 1 2 5 2 2 0 3 3 2 0 3 3 1 2 5 0 2 0 4 3 1 2 2 1 2 2 3 1 2 3 3 0 2 1 5 2 1 1 3 3 2 2 1 2 2 0 4 4 1 2 3 1 1 2 1 2 0 3 1 1 4 2 2 4 1 4 0 1 4 4 0 1 0 5 0 3 2 1 6 5 2 3 3 5 1 2 1 2 2 2 3 3 1 1 3 2 1 0 0 2 1 2 0 0 6 2 2 0 3 3 1 1 3 0 1 1 1 5 1 2 2 0 1 1 1 4 3 2 3 1 3 0 1 3 2 2 0 1 2 1 2 1 0 1 1 2 1 4 2 2 2 4 4 2 1 2 2 1 1 1 2 1 3 0 1 2 2 1 0 0 1 2 2 0 2 1 1 1 3 4 2 1 3 2 1 4 1 4 2 3 2 1 3 3 2 3 5 3 3 2 1 2 0 0 3 0 3 3 1 3 5 1 0 1 2 3 0 0 2 1 2 6 0 2 2 1 3 1 0 1 1 1 0 1 5 0 2 5 3 1 1 1 3 3 2 3 1 3 1 1 6 1 0 0 1 0 3 1 1 2 0 2 2 3 1 2 2 2 1 2 3 3 0 2 3 4 2 2 0 2 3 1 3 2 2 0 2 4 4 4 1 2 1 4 0 0 2 3 3 2 5 0 2 0 1 0 2 1 0 1 3 2 3 4 1 1 2 2 2 2 1 1 1 1 4 3 3 2 1 1 1 5 1 0 1 1 4 3 2 0 1 2 3 2 0 3 3 5 2 5 2 3 1 1 2 5 2 2 3 4 0 1 0 2 2 5 0 3 3 1 2 1 2 0 2 2 1 1 1 4 4 1 3 2 2 0 1 4 0 1 3 4 1 0 4 2 2 1 2 1 2 3 5 2 1 1 1 2 2 3 2 1 1 2 2 3 2 3 0 1 0 0 4 1 3 4 1 2 1 4 1 2 0 2 3 0 3 0 3 0 3 4 2 1 2 2 0 1 2 1 1 4 3 5 0 2 0 2 2 3 1 2 0 1 3 5 2 2 2 1 2 1 3 1 4 1 1 1 1 2 3 0 1 0 1 1 4 2 1 3 2 1 1 2 1 6 3 0 2 0 2 2 1 2 1 4 3 2 4 0 3 3 3 0 2 1 1 0 2 1 0 5 2 0 3 1 3 1 0 3 1 2 1 1 1 2 2 0 3 1 0 3 3 2 5 2 3 2 0 3 1 1 1 2 4 3 0 0 2 2 0 2 4 2 1 3 3 1 1 3 0 3 0 3 0 6 3 0 3 3 4 1 1 0 1 2 2 3 3 0 1 1 4 2 3 1 2 2 3 1 1 2 2 1 2 2 2 2 3 4 3 1 2 2 2 2 3 1 0 1 0 4 2 2 1 2 5 1 1 4 0 2 1 1 3 3 3 2 0 2 1 1 0 7 0 2 1 2 2 1 3 2 4 1 3 1 1 0 3 5 3 1 2 1 1 2 5 3 4 1 2 2 4 1 1 2 0 5 0 4 2 2 1 3 3 3 1 2 1 2 3 2 3 3 1 2 1 1 1 3 2 4 2 1 0 2 2 1 2 3 1 1 2 3 2 3 3 1 1 2 3 3 2 0 2 2 1 3 2 2 3 4 0 2 6 2 3 0 1 0 2 1 1 0 2 3 2 3 3 4 0 0 4 2 0 1 2 3 4 0 2 3 2 2 3 3 1 0 2 4 4 7 1 2 3 0 1 1 0 2 3 2 2 4 5 2 0 3 2 5 2 2 3 0 0 4 2 1 2 3 0 1 3 6 1 4 2 2 3 3 4 2 2 1 2 0 0 3 1 1 2 4 2 2 0 3 2 2 5 5 1 3 2 3 4 2 1 0 1 0 2 4 1 3 2 5 3 2 0 0 0 1 3 2 5 3 2 3 0 2 0 3 0 3 3 3 3 1 3 1 1 2 1 2 3 0 2 1 1 1 3 2 3 3 2 3 1 1 2 4 2 2 1 2 0 3 2 1 1 1 5 2 2 4 0 2 2 6 3 3 2 5 1 1 2 3 2 0 2 4 0 1 1 2 2 0 3 0 3 1 1 3 2 1 3 4 3 1 2 3 0 1 0 0 3 2 1 0 3 2 1 3 1 2 2 3 2 0 3 3 0 4 3 1 3 1 2 4 1 3 3 0 0 1 3 6 0 0 2 2 2 0 1 3 2 4 5 1 3 0 1 1 5 0 4 2 2 2 2 4 2 2 4 2 2 0 3 1 1 2 1 1 1 1 1 4 1 3 2 2 1 3 3 3 2 2 1 3 1 3 2 3 3 3 3 1 1 2 0 1 1 2 1 4 5 4 3 2 0 1 0 2 3 2 5 1 1 3 4 1 3 3 4 0 2 3 3 2 1 2 1 2 2 0 3 3 1 2 4 2 1 1 3 2 1 1 2 3 1 4 1 4 2 1 0 3 2 2 1 1 1 1 1 2 3 3 2 1 2 2 1 5 3 2 0 1 2 4 1 1 0 0 1 3 2 0 4 2 3 3 3 2 0 0 4 1 0 5 6 0 5 0 3 1 1 3 2 1 3 1 4 2 1 4 1 1 2 3 3 4 2 3 1 1 3 1 1 1 2 2 3 0 1 1 1 1 7 2 4 3 3 3 0 1 1 3 1 1 4 1 2 2 2 0 0 4 3 0 0 2 3 4 0 5 2 2 1 3 2 4 4 0 1 0 2 2 1 1 3 1 4 2 1 2 4 1 1 0 0 1 1 4 2 1 1 1 3 2 0 0 2 0 0 4 3 3 3 1 1 2 0 0 1 2 4 3 3 4 4 3 2 2 2 0 1 1 3 1 2 2 3 1 1 3 4 0 1 2 1 2 2 1 2 3 2 2 1 0 4 4 1 1 2 3 2 1 0 1 3 0 1 3 5 2 0 1 1 3 4 0 4 0 4 1 2 3 2 2 3 3 2 2 3 2 2 2 1 1 1 3 1 1 1 3 1 3 0 1 3 3 3 1 2 1 3 1 0 2 4 2 1 2 1 2 0 2 1 3 2 1 1 2 4 4 1 1 0 2 2 1 1 2 3 0 0 1 5 2 2 3 3 3 0 1 1 0 1 2 1 1 2 0 6 1 1 1 2 2 2 3 2 1 4 2 2 5 3 0 3 2 2 3 2 1 2 1 1 0 1 2 1 1 1 1 4 1 5 2 1 0 1 1 0 3 0 3 3 2 2 2 0 3 0 4 1 2 1 5 1 2 0 3 1 1 1 3 2 1 3 2 1 1 5 2 1 0 3 1 2 1 1 1 0 2 2 1 5 3 1 2 4 1 3 1 1 2 5 2 1 1 5 2 5 1 2 0 1 3 2 2 5 2 0 4 2 1 3 1 5 1 1 0 3 2 2 4 2 5 2 0 3 2 0 3 1 3 2 1 5 1 2 2 1 3 2 2 3 1 2 2 2 1 1 4 1 3 3 3 4 1 7 0 0 2 1 4 3 0 2 2 0 2 1 4 1 3 5 1 0 4 1 4 3 3 1 2 4 3 3 2 2 2 1 0 2 2 4 1 1 2 2 3 1 0 1 4 1 5 0 3 2 1 2 1 1 2 2 3 1 1 0 3 1 2 4 0 1 1 3 3 2 4 1 1 0 2 0 3 2 1 2 5 3 2 2 0 2 1 1 0 1 6 2 2 3 0 1 1 4 1 0 0 0 0 2 0 2 1 4 0 2 1 4 2 1 1 2 6 2 1 3 3 1 0 2 1 1 4 3 0 1 1 2 2 3 2 2 3 7 2 1 3 2 1 0 0 3 0 4 4 1 1 1 1 3 4 1 1 2 3 0 1 3 1 4 1 0 4 6 4 2 0 2 5 1 3 1 3 3 3 1 2 3 1 0 3 1 1 2 1 4 0 5 0 1 1 1 2 2 4 1 2 2 4 4 3 1 0 3 0 4 2 1 2 1 0 1 0 1 2 2 3 5 2 2 2 3 6 2 3 2 2 0 1 4 2 3 1 0 5 2 1 1 1 4 0 0 1 1 3 3 4 4 2 1 4 1 2 1 4 4 2 0 1 0 5 3 3 2 4 3 2 2 2 2 0 2 1 0 3 1 1 3 2 2 3 0 2 3 1 0 2 1 3 4 2 2 4 3 1 1 2 1 5 1 2 3 2 1 2 1 1 2 1 0 1 2 3 1 4 1 4 2 0 4 5 1 1 1 0 4 0 6 0 5 0 4 2 2 1 0 3 2 2 1 2 4 4 3 1 2 0 4 1 2 0 2 3 2 3 3 0 2 4 3 2 2 0 0 3 4 1 1 2 2 1 2 2 2 1 2 1 2 2 2 0 6 3 2 1 1 2 2 3 4 1 1 2 0 2 3 0 2 4 4 4 2 2 2 1 1 1 6 2 3 3 3 1 2 3 3 3 1 0 2 1 4 1 0 1 3 0 4 0 2 1 2 5 2 3 0 1 1 0 2 2 3 1 0 3 4 2 2 1 2 1 1 2 2 3 1 2 1 3 2 1 4 3 1 2 2 1 3 1 1 5 3 2 3 2 1 1 0 2 6 0 3 2 1 2 1 3 3 2 1 2 3 3 2 3 4 1 1 1 2 0 1 4 2 3 1 0 2 5 2 4 1 2 2 3 2 0 1 3 0 2 2 2 1 1 3 3 5 3 6 2 2 2 0 5 1 2 1 1 2 1 0 1 2 3 1 1 0 3 4 2 1 0 1 6 2 4 1 1 5 3 0 1 2 0 1 1 1 0 2 2 1 3 2 3 2 1 2 3 3 1 1 1 2 3 2 1 1 0 0 0 3 1 4 2 1 1 2 4 2 0 1 0 2 1 2 0 2 3 2 2 2 1 2 3 1 2 4 3 2 2 1 2 2 2 0 2 1 3 3 0 0 3 0 4 4 3 1 5 1 2 2 1 2 0 0 2 3 0 3 5 1 2 1 1 4 1 4 1 1 3 2 0 2 3 2 1 0 2 2 3 3 0 1 0 1 4 1 4 1 0 3 2 3 1 6 1 1 2 2 2 3 1 1 3 2 4 2 2 1 0 3 0 2 2 4 1 2 0 0 1 5 2 3 0 3 3 0 2 3 2 1 2 2 3 2 0 1 1 4 3 2 1 3 2 1 2 1 0 2 3 2 1 3 1 3 1 2 3 1 4 2 3 0 4 3 1 1 0 4 0 1 0 2 0 3 2 1 4 3 2 4 0 2 2 4 2 2 0 3 2 3 2 0 1 4 2 0 0 2 3 1 3 2 0 2 2 0 2 3 4 1 1 3 4 0 1 3 4 4 6 1 0 2 0 4 1 0 1 2 3 3 2 3 1 2 1 0 1 4 2 2 2 1 2 1 0 4 2 3 4 0 2 0 2 1 2 0 2 1 1 3 2 1 1 1 6 1 2 3 3 2 1 3 0 0 3 0 1 1 2 2 2 0 1 1 1 4 4 2 4 1 0 1 2 1 3 3 4 2 3 3 1 2 0 2 3 2 2 2 3 4 2 1 1 2 2 1 1 2 1 1 2 2 1 0 2 2 1 3 1 3 2 1 3 1 1 3 0 2 2 4 2 3 1 2 1 0 1 2 2 3 2 2 1 3 0 3 4 3 3 1 1 2 2 2 1 4 3 2 2 2 1 0 1 0 1 4 2 3 2 2 4 1 0 1 2 2 2 1 3 3 1 1 2 3 0 3 1 1 2 2 1 0 3 2 2 2 2 2 2 0 0 1 2 2 2 1 2 5 2 4 2 1 3 2 4 2 2 3 0 1 1 1 2 2 4 0 5 2 3 3 2 1 1 4 2 1 0 1 1 2 1 0 1 1 1 0 2 4 4 2 3 2 3 4 0 2 2 2 3 1 1 2 3 5 2 1 3 2 1 1 1 6 1 1 0 2 2 0 0 3 2 3 3 1 0 2 4 3 2 2 3 3 3 1 3 5 2 1 2 1 1 0 0 0 3 3 1 1 2 3 5 3 1 2 0 1 0 0 3 1 0 5 3 0 1 2 1 2 1 2 4 1 1 3 1 3 0 0 1 3 2 0 3 0 2 4 4 1 1 4 3 4 2 0 3 0 2 2 1 1 2 5 0 1 1 0 4 0 1 2 2 4 1 2 0 5 3 2 0 1 0 0 2 2 3 0 5 4 0 3 0 2 1 1 2 0 7 3 0 4 0 1 4 1 1 3 0 2 1 4 3 2 2 1 1 1 1 3 3 1 0 1 2 0 3 3 3 3 2 1 2 2 0 3 4 3 3 4 1 1 1 3 1 3 1 1 0 5 0 2 2 3 1 1 1 1 3 3 1 4 1 5 2 0 3 2 1 3 0 1 0 1 3 1 4 2 0 3 0 0 4 4 3 2 0 1 1 2 3 2 1 4 5 0 3 0 4 2 0 4 0 4 0 2 5 2 3 1 1 2 2 3 5 3 0 0 4 1 2 4 3 1 3 2 2 3 3 3 3 1 4 5 0 2 3 0 3 2 2 2 1 2 6 2 3 1 1 1 1 4 4 4 0 0 2 5 2 1 3 2 1 3 5 0 0 2 1 0 4 2 1 1 0 3 2 3 1 1 5 1 2 5 4 3 2 1 0 0 1 2 1 4 2 3 2 1 3 3 2 2 3 1 2 2 3 0 2 1 3 2 2 1 0 2 2 4 3 2 2 1 4 2 2 0 2 0 3 1 1 6 2 2 2 3 0 1 2 3 4 1 2 1 2 2 0 5 0 2 4 1 1 1 3 2 1 1 5 0 1 1 1 3 1 2 0 2 2 1 1 2 2 2 3 2 1 0 3 2 1 3 3 2 1 2 4 1 6 2 2 1 3 0 1 2 2 1 0 2 0 4 0 2 1 1 1 1 2 4 2 1 0 3 6 2 1 0 0 3 3 2 1 2 1 2 1 5 4 3 1 0 3 1 2 5 3 1 3 1 7 3 0 4 3 2 0 5 4 0 1 1 4 1 2 1 2 5 2 2 2 1 3 0 0 2 4 1 1 3 2 0 1 3 1 2 2 2 2 2 1 5 5 1 1 3 2 1 2 2 4 4 0 2 0 3 1 3 1 3 3 3 3 2 2 0 3 2 2 5 2 1 6 3 2 2 3 2 0 1 1 2 3 2 2 4 2 4 2 1 1 0 3 4 2 2 1 1 2 1 2 2 0 0 1 0 2 4 0 3 1 1 2 1 2 3 3 0 2 2 0 0 3 1 2 2 3 1 1 0 2 1 2 3 2 4 0 7 2 3 3 1 3 1 1 1 7 1 1 2 2 0 1 2 1 3 2 5 0 3 1 2 2 0 4 1 1 1 2 0 1 3 1 2 3 2 2 2 3 1 0 3 2 4 1 1 1 2 2 0 1 3 1 2 4 0 1 3 1 3 3 1 1 2 2 2 2 1 2 1 1 3 0 0 1 1 1 2 2 4 1 2 1 2 2 1 3 0 1 6 2 3 4 2 0 2 4 3 3 1 1 0 5 3 2 2 1 2 4 3 1 3 2 3 4 2 3 2 0 0 0 0 1 3 1 2 2 3 1 2 1 2 3 5 2 4 2 3 3 1 2 4 2 0 3 0 1 1 3 6 2 3 3 1 1 2 2 1 0 1 3 3 0 1 2 1 3 0 4 1 4 2 1 5 1 2 5 3 0 1 2 3 1 1 4 2 4 5 1 2 2 1 3 3 3 1 4 2 2 2 2 0 2 0 3 3 2 3 4 2 5 2 1 3 0 3 2 3 1 1 2 3 1 4 4 1 4 3 1 2 4 1 3 4 2 3 3 2 2 3 1 1 2 3 2 4 2 4 4 2 3 1 2 4 0 1 0 0 3 2 2 2 4 1 4 2 1 3 2 2 4 1 3 1 1 1 0 0 1 3 3 3 2 3 2 3 1 3 0 1 1 2 3 2 2 0 3 1 0 0 3 1 1 3 3 4 1 2 1 1 6 1 1 0 2 4 2 3 3 2 2 4 2 3 3 0 0 3 1 3 1 2 4 2 1 1 1 3 0 0 0 3 6 1 3 1 0 2 1 2 0 0 2 1 4 1 3 3 2 5 1 0 0 1 5 0 2 0 0 4 1 2 3 2 2 2 1 1 1 2 1 1 0 3 2 0 2 2 3 2 3 5 2 3 3 0 1 2 1 0 2 6 0 2 2 3 2 0 1 2 3 1 3 0 3 3 3 0 2 0 3 2 1 3 1 1 7 1 1 1 0 1 3 1 2 1 2 2 2 3 0 1 1 2 4 4 3 5 1 3 0 5 0 6 3 2 1 1 0 2 0 1 1 5 3 0 3 3 2 1 3 2 5 3 1 1 2 0 2 2 2 2 3 2 3 3 2 1 3 2 1 1 0 2 1 0 2 2 3 3 3 1 3 2 8 2 2 1 4 3 1 1 1 3 3 1 1 0 1 1 1 3 2 2 4 2 1 1 2 2 0 0 5 1 2 3 3 2 2 1 0 1 1 4 1 5 3 0 0 1 0 3 2 3 4 1 3 3 1 1 1 1 0 1 0 3 4 1 1 1 3 1 2 5 3 1 3 1 0 0 2 3 2 3 4 0 7 1 3 1 5 6 0 2 2 1 3 3 1 3 2 3 1 3 0 1 2 2 2 1 2 0 1 1 3 3 2 2 0 4 0 0 0 2 1 2 3 3 2 0 2 1 1 5 1 3 0 4 1 0 4 2 1 0 1 3 4 4 1 4 2 0 1 3 1 3 4 1 0 1 3 1 1 4 2 0 1 5 0 3 1 1 0 1 2 2 0 4 2 2 3 0 1 3 1 0 3 1 0 2 2 1 2 3 0 4 1 2 2 3 2 1 4 0 3 3 4 0 1 1 2 1 1 2 5 2 1 2 0 2 0 2 4 3 2 4 1 3 4 2 1 1 2 3 2 2 3 0 2 3 1 5 1 1 2 1 2 2 1 0 4 1 3 3 0 0 1 3 1 1 1 1 3 0 1 4 3 0 0 0 0 2 2 0 0 3 2 5 1 2 0 0 3 3 2 1 1 3 1 1 2 0 2 1 3 4 1 2 1 3 2 2 3 0 1 3 1 3 2 2 3 0 0 2 1 2 1 2 4 2 2 0 2 2 5 4 1 2 3 1 3 2 3 4 1 4 1 3 1 3 2 2 2 0 1 3 3 2 5 4 4 1 2 4 1 1 1 2 1 2 2 5 3 2 4 3 1 1 1 1 3 2 3 0 2 1 2 0 2 4 3 3 1 2 5 1 3 2 3 1 2 1 1 2 2 1 4 5 4 2 3 1 2 2 0 4 2 4 1 1 1 2 2 0 0 1 6 2 2 2 2 1 2 3 0 1 3 5 1 3 1 0 1 3 4 4 0 0 1 3 3 4 0 4 4 1 4 1 5 4 2 0 3 1 1 4 0 3 1 2 2 1 4 1 0 1 0 2 1 0 3 1 3 4 1 0 4 1 3 1 2 3 3 3 1 2 6 0 3 1 2 3 1 2 3 0 0 3 2 3 5 3 3 4 3 1 2 1 1 2 3 4 3 2 2 3 4 1 1 3 1 2 2 0 2 2 2 1 1 2 2 2 0 2 1 2 4 3 1 3 2 3 0 2 2 3 4 1 3 3 2 1 3 1 2 0 5 2 1 4 1 4 3 4 1 4 1 2 2 0 2 3 0 3 1 1 0 1 2 4 3 3 2 2 5 3 2 3 1 2 1 1 1 1 1 2 4 2 3 1 4 2 1 3 2 8 0 1 3 1 0 0 2 2 1 4 4 1 3 1 1 1 0 2 2 2 0 3 1 2 3 5 3 3 0 0 3 2 5 3 5 1 1 4 4 0 2 0 1 2 4 4 0 1 3 2 1 3 5 3 1 3 4 0 3 2 0 0 0 0 3 4 2 1 2 3 0 2 0 1 1 1 2 1 2 2 1 1 1 0 0 2 3 6 0 2 4 0 4 2 2 1 2 2 5 5 2 3 2 1 0 1 2 6 0 1 2 2 1 1 2 3 4 5 1 1 1 4 0 3 3 0 2 0 2 1 4 4 1 0 4 1 2 1 1 5 4 2 3 1 1 2 2 1 1 2 2 2 1 2 2 0 1 2 1 3 2 1 4 1 4 6 0 0 0 2 0 1 3 3 2 1 4 3 0 4 2 1 1 2 4 3 3 1 3 0 2 4 3 0 1 1 1 2 2 1 0 2 7 1 1 2 4 2 2 0 1 1 2 2 3 1 3 3 1 0 1 2 3 1 2 5 2 0 1 0 3 1 0 2 0 4 2 1 1 4 2 3 2 2 3 1 3 1 0 0 1 0 0 1 1 3 3 4 3 2 2 2 3 3 0 0 2 1 3 2 2 3 2 1 2 6 3 3 3 4 1 4 0 1 3 0 1 0 4 0 1 3 3 6 1 1 1 1 3 3 0 1 2 4 5 5 4 1 1 1 2 3 4 1 2 2 1 0 2 0 2 4 4 4 0 0 2 3 0 0 1 0 2 2 1 2 5 3 5 3 1 1 2 4 3 3 4 3 3 2 1 1 3 2 5 3 0 5 3 0 3 0 0 3 3 1 1 1 1 1 2 1 5 4 0 0 2 1 3 2 6 1 2 1 1 2 9 2 2 2 3 3 3 0 2 4 2 3 0 2 2 3 1 4 2 1 0 4 2 2 2 2 3 1 2 3 1 1 4 1 5 3 1 0 0 3 1 0 3 4 0 2 0 3 1 2 3 1 0 0 1 2 2 6 2 1 1 0 3 4 0 2 3 3 3 0 4 2 0 1 3 0 3 3 2 1 3 3 2 3 1 4 6 3 1 2 2 3 1 1 0 3 0 2 0 2 5 2 3 1 1 1 4 5 2 1 2 0 0 0 0 2 2 3 2 5 4 0 0 4 2 3 3 2 2 0 0 5 0 1 1 3 3 1 2 1 1 0 4 1 3 2 1 3 1 1 2 2 3 2 1 3 1 3 2 1 3 2 2 0 6 7 3 1 2 2 8 2 1 4 0 1 4 2 1 2 3 2 1 1 0 2 3 3 2 3 2 2 5 3 1 3 0 2 3 3 2 0 2 1 2 0 4 4 1 0 2 1 1 1 1 0 2 3 5 5 2 0 0 2 3 4 1 2 2 2 1 4 2 1 1 1 0 2 2 3 0 2 2 2 2 2 3 1 7 1 3 2 1 1 0 1 0 3 2 4 2 4 1 0 2 2 0 2 2 2 2 1 3 2 2 1 3 1 1 3 2 1 0 5 4 2 3 0 2 2 1 2 3 3 1 2 4 1 2 3 1 2 0 1 1 4 0 4 3 3 1 1 2 5 2 0 7 5 2 2 2 3 5 3 1 2 3 3 1 5 2 4 2 1 1 1 0 3 3 0 3 1 1 5 3 1 5 3 1 1 3 2 3 2 1 0 2 3 3 4 2 2 2 2 1 0 3 2 1 3 0 4 0 4 2 4 3 1 3 2 2 1 1 2 2 3 2 1 3 0 2 1 1 0 3 1 2 2 1 2 5 1 1 4 1 2 0 1 3 4 4 3 0 4 1 2 1 2 4 0 2 2 2 0 0 0 3 0 2 1 1 3 0 2 0 2 3 4 3 3 2 2 2 4 4 0 3 2 4 3 2 3 1 0 3 5 1 2 1 2 1 1 1 2 2 1 2 1 0 1 4 1 2 0 6 3 3 5 1 0 0 4 1 1 2 2 2 3 2 0 0 3 0 3 0 0 2 3 1 0 0 3 5 1 2 4 1 2 3 1 2 3 1 0 2 3 4 1 4 1 3 1 2 1 1 4 2 2 0 4 1 3 1 2 0 2 3 3 2 0 2 1 0 1 1 5 2 1 1 4 1 0 2 2 1 1 2 1 1 1 3 2 2 1 1 0 5 2 1 1 0 4 3 2 0 4 4 3 2 2 2 4 3 1 0 3 1 1 1 3 5 0 3 0 1 2 1 1 4 3 5 1 3 1 1 1 2 3 2 1 4 0 1 3 2 0 2 0 1 2 2 2 5 5 0 2 4 3 0 1 4 0 1 1 2 1 4 2 4 1 2 1 3 1 1 2 2 2 0 2 2 2 0 3 1 2 3 3 2 1 3 2 1 2 1 2 1 2 1 2 2 1 1 2 3 2 2 4 1 2 5 4 4 1 1 2 0 1 2 0 0 1 1 1 1 2 3 1 2 3 2 1 3 2 3 4 1 2 3 0 3 1 1 1 2 5 3 1 2 1 2 1 2 0 0 1 3 2 2 2 3 2 1 4 2 0 0 4 1 2 2 1 3 1 1 2 4 1 2 0 1 1 1 3 2 3 1 1 1 3 2 3 2 1 2 4 1 0 4 2 1 1 3 3 0 3 2 2 2 2 2 1 3 0 2 4 2 1 2 4 7 1 0 0 1 1 1 3 0 2 0 3 3 1 1 0 2 3 4 1 0 0 4 1 1 0 0 4 3 4 1 1 1 3 1 4 1 3 2 2 1 1 0 2 0 3 0 2 1 1 1 3 0 3 4 4 0 1 0 0 1 4 1 2 4 3 2 7 2 2 2 3 0 1 5 1 1 0 7 1 2 3 0 3 2 1 1 3 0 2 4 2 0 1 3 1 6 2 0 3 1 4 4 1 0 0 0 0 3 1 2 2 3 0 1 1 1 2 3 4 4 2 4 2 1 2 2 1 1 2 2 2 6 2 0 5 1 4 1 2 0 0 1 1 1 1 4 4 2 0 2 2 1 0 5 4 0 1 2 0 1 2 2 1 2 3 1 2 2 0 1 4 4 2 2 3 1 0 1 3 4 2 4 1 2 3 3 1 4 2 3 2 1 2 3 2 1 1 1 3 2 2 1 2 1 2 1 3 1 4 1 0 4 1 3 1 2 1 0 2 3 3 1 3 3 2 1 2 0 0 3 5 1 3 3 5 2 2 2 2 1 3 3 2 2 1 4 1 1 1 0 2 1 4 1 3 0 1 0 2 1 3 1 2 3 0 5 1 4 3 3 2 3 3 1 1 2 2 2 0 1 3 1 3 1 4 0 0 2 1 3 0 2 3 2 3 1 2 1 2 1 1 6 1 2 3 0 4 1 1 1 2 2 2 2 3 1 2 4 3 1 3 1 5 2 3 3 2 1 1 2 3 2 2 1 2 3 0 1 2 3 0 1 1 2 3 3 2 4 4 4 4 2 0 2 2 2 2 1 3 2 3 1 2 0 1 2 2 2 1 2 1 2 2 7 2 1 1 1 4 1 2 2 0 3 1 2 4 0 2 1 2 0 8 0 0 3 2 2 2 1 1 3 1 3 3 3 3 2 4 2 3 4 3 1 2 3 2 3 1 3 1 2 2 4 2 1 5 1 2 2 1 1 0 1 2 4 2 4 2 1 0 0 2 1 1 1 2 1 3 3 1 4 1 2 1 3 1 1 1 1 2 4 4 4 2 3 1 0 1 1 3 1 0 1 5 3 2 2 3 2 3 1 2 2 1 4 2 0 3 3 3 3 2 2 6 0 2 1 2 4 1 2 3 0 1 3 1 2 5 2 3 1 3 0 2 4 3 1 2 2 2 1 1 2 1 2 3 1 2 2 2 3 1 2 1 1 1 7 4 3 2 3 1 2 1 1 2 1 1 1 3 1 2 2 0 1 3 1 4 1 2 2 1 2 2 0 4 1 2 1 1 2 3 5 0 1 1 1 1 4 4 5 2 0 3 4 2 2 3 0 0 4 1 1 1 3 5 2 0 2 2 2 1 0 4 2 1 0 3 3 3 2 1 0 0 3 3 1 0 4 1 0 2 4 4 6 3 1 2 0 3 2 1 2 1 0 1 4 2 2 2 1 1 1 2 1 4 2 3 0 3 3 2 3 1 2 1 2 0 4 2 2 1 1 4 3 2 2 2 0 0 2 2 3 4 2 3 1 1 0 1 4 3 3 2 2 3 0 0 1 3 3 4 1 3 0 3 0 0 2 3 2 3 2 2 1 1 1 2 3 1 1 1 2 2 1 7 1 3 1 1 1 2 0 3 1 1 0 1 2 1 2 3 4 2 2 4 3 1 2 1 1 3 1 1 3 2 5 0 3 2 4 0 0 5 1 0 0 2 3 1 3 6 3 1 0 2 4 3 2 1 1 2 4 2 1 1 0 3 3 1 1 3 4 2 2 3 2 2 1 3 2 2 2 0 2 3 2 3 1 2 2 0 1 3 2 1 1 0 4 2 3 2 3 1 3 1 0 3 3 2 3 1 1 1 2 0 3 2 1 3 1 2 2 4 1 2 0 1 0 2 0 1 4 1 1 2 2 2 2 0 0 5 1 2 2 2 0 1 1 1 1 2 2 0 2 5 1 3 3 2 4 3 0 0 2 5 2 1 3 1 0 0 1 2 2 1 0 2 4 1 2 1 2 3 1 4 0 0 1 2 1 5 0 3 1 2 1 3 4 2 2 4 3 2 3 1 1 0 1 2 1 5 3 4 2 0 2 3 1 3 1 2 0 3 0 0 2 0 0 3 5 4 3 0 2 3 3 1 3 1 1 0 2 1 2 4 3 5 1 2 1 3 0 1 4 0 1 2 1 2 4 0 2 1 1 4 3 1 3 2 0 1 6 0 3 3 1 2 1 3 1 1 0 2 3 1 1 0 2 1 2 0 3 3 2 2 1 0 5 1 3 1 1 0 2 5 2 2 1 3 2 2 3 1 5 2 2 0 2 5 1 2 1 2 2 0 2 4 2 3 4 2 1 2 0 1 1 4 3 1 0 1 3 4 0 1 0 2 2 2 4 3 2 3 0 0 2 1 1 2 3 3 2 5 2 4 3 1 1 0 1 4 1 2 2 2 2 1 3 7 0 1 0 2 4 2 1 2 1 6 1 2 2 1 3 1 0 3 1 0 2 2 3 3 2 1 1 5 3 1 5 3 1 2 0 3 2 1 4 0 3 1 4 1 2 1 2 1 1 0 5 2 2 2 1 2 3 6 2 3 5 0 0 1 3 5 1 1 1 4 4 3 2 1 3 3 2 2 2 0 3 2 2 2 1 1 1 1 3 2 0 1 0 1 2 6 2 0 1 2 1 2 1 5 2 1 1 2 3 3 3 2 0 1 1 7 1 0 2 4 0 2 4 0 4 2 2 6 0 4 1 2 1 0 2 1 2 3 4 0 3 2 2 1 2 0 1 2 2 4 2 1 1 0 4 2 2 4 0 2 0 3 5 0 2 1 0 3 2 2 1 1 2 6 0 0 0 3 2 3 0 4 5 1 0 4 3 2 2 1 1 2 0 2 1 3 1 5 1 3 4 3 4 1 3 0 1 5 4 4 2 1 3 1 4 1 0 1 1 3 2 1 5 1 2 1 1 4 3 1 2 0 2 2 1 1 4 3 3 1 2 4 3 4 3 1 2 1 3 1 1 3 0 0 2 3 1 2 4 1 3 2 4 2 3 1 1 0 4 2 3 3 2 4 1 2 2 3 3 2 2 3 2 2 4 1 1 1 2 2 4 3 2 3 2 1 3 0 3 3 4 1 2 1 3 1 1 3 3 4 3 1 1 2 1 4 1 0 1 0 4 1 1 2 3 1 1 2 1 5 3 4 2 1 0 2 2 2 0 2 1 2 3 0 0 4 2 0 3 3 1 2 0 4 1 1 2 2 5 1 1 2 2 4 2 2 0 0 1 2 4 2 5 0 6 1 1 1 2 1 3 4 1 0 1 1 2 0 0 3 1 4 5 5 1 3 1 0 0 1 1 2 2 0 4 1 0 4 0 3 1 0 3 1 1 1 3 3 2 1 3 3 1 3 3 1 2 3 1 3 3 1 4 1 0 0 2 2 0 1 4 0 2 1 2 1 2 4 0 6 3 4 1 2 2 0 0 1 2 3 1 3 0 4 2 2 0 2 1 2 2 3 3 1 0 3 0 1 5 1 2 3 1 0 1 1 2 4 0 2 2 1 1 0 3 3 3 3 1 4 5 0 2 2 1 4 2 1 1 2 2 3 3 1 2 2 3 2 0 2 3 0 1 4 3 0 3 1 3 1 3 2 4 1 3 3 4 0 1 1 2 2 4 1 1 1 4 4 2 2 1 0 1 1 4 2 0 2 2 1 0 2 2 1 1 1 4 4 0 3 4 0 2 2 1 3 2 2 1 3 3 2 1 2 1 0 4 0 0 2 1 4 1 4 3 1 2 2 4 1 3 2 3 1 1 3 0 1 4 1 0 3 4 1 2 2 3 2 0 2 2 2 2 1 4 3 1 0 1 2 2 1 2 2 1 1 0 1 3 4 1 2 1 0 1 2 3 2 2 5 2 1 2 5 1 1 4 2 3 0 3 0 3 2 0 1 2 0 0 3 2 1 3 3 3 1 3 3 1 3 2 4 0 4 2 1 2 1 2 1 2 3 4 1 2 2 1 5 2 1 1 4 2 0 4 0 1 3 2 3 2 3 0 1 2 1 0 5 0 4 5 2 2 1 2 5 4 2 5 5 2 0 6 1 3 3 1 3 1 1 1 3 3 3 2 1 2 2 3 0 2 1 2 3 1 3 2 3 1 1 0 2 2 1 5 1 1 1 2 3 0 1 0 2 4 5 0 1 5 1 1 2 0 4 1 4 3 1 4 3 1 2 1 3 1 3 2 3 1 1 3 2 1 0 3 2 8 0 1 2 4 4 1 1 2 2 0 3 3 1 4 5 0 2 1 2 2 0 0 5 2 3 1 4 0 1 1 4 4 4 2 2 2 2 1 3 1 0 3 1 3 2 4 4 1 1 0 1 5 1 3 2 2 4 2 2 2 0 0 1 4 3 1 3 4 0 1 3 1 2 3 3 3 0 1 3 2 4 3 0 3 2 2 3 0 6 0 1 3 1 1 1 1 4 0 1 2 2 4 2 3 0 5 1 2 0 0 1 2 4 0 4 2 2 1 0 1 5 2 7 1 1 0 3 1 2 2 1 1 3 1 3 4 6 0 3 2 2 0 0 4 2 2 2 2 2 4 1 1 5 4 0 3 2 2 1 2 3 3 0 2 1 0 2 4 1 2 2 3 1 2 3 3 1 1 3 1 2 2 2 6 1 1 0 0 2 1 1 2 1 1 4 3 1 4 1 1 2 5 3 1 4 2 2 1 1 0 6 4 4 1 2 0 2 3 4 3 2 2 1 1 4 2 1 2 2 3 2 2 2 1 1 2 0 1 1 4 1 2 0 2 0 3 3 1 1 1 2 1 2 1 4 1 2 1 4 3 3 2 2 1 0 0 2 1 1 1 5 2 3 1 1 2 1 2 4 0 1 0 3 3 2 2 2 0 0 2 0 1 1 3 4 2 1 1 0 0 1 1 3 0 2 0 2 3 2 2 1 3 3 1 3 2 2 2 2 1 1 0 0 1 3 4 1 2 0 3 3 1 2 0 0 1 2 0 2 3 3 4 0 0 1 6 0 2 0 6 2 1 1 5 3 1 2 2 3 1 3 1 2 2 1 1 3 3 2 1 3 2 2 2 2 3 2 0 2 3 0 5 1 2 2 1 1 1 1 1 1 2 3 2 3 3 1 2 3 2 4 4 5 1 1 1 0 4 2 1 1 2 7 4 0 2 6 3 2 3 3 0 1 1 2 2 1 1 1 2 3 2 3 1 2 1 2 2 2 0 3 2 2 0 2 0 2 4 4 1 2 3 1 1 2 2 4 0 2 2 6 2 3 2 1 1 1 3 0 2 2 3 1 0 3 2 3 1 4 1 5 7 3 3 1 0 4 1 2 3 4 2 2 1 1 2 1 2 4 1 1 1 3 2 1 1 1 4 3 1 0 2 2 2 1 3 0 1 1 1 1 6 5 2 1 0 3 3 2 2 2 1 2 2 0 4 0 2 5 2 2 2 6 1 0 3 0 2 0 1 0 2 2 4 1 4 2 3 1 2 1 1 2 0 2 1 3 2 2 3 2 1 2 5 0 0 1 2 3 1 1 2 2 0 0 2 2 1 2 2 3 2 1 2 2 3 1 2 2 3 1 3 2 0 2 2 2 2 4 1 1 3 4 1 1 0 6 2 2 0 1 2 1 1 1 0 1 1 3 0 3 2 3 1 2 0 1 1 1 1 2 0 1 2 4 2 1 1 2 2 3 0 1 3 3 1 3 1 6 2 0 3 2 2 2 1 1 1 0 1 1 2 1 2 0 3 2 3 2 2 2 2 2 2 4 1 1 2 0 1 2 1 0 1 3 4 3 3 2 1 3 2 1 1 2 2 2 1 0 1 1 1 2 2 4 4 2 1 1 1 1 2 2 4 2 4 0 3 0 1 1 3 4 1 1 4 2 1 4 4 1 3 1 2 4 1 1 2 2 1 0 1 5 2 1 0 2 2 3 1 3 5 3 1 2 2 2 3 5 2 2 3 5 2 2 3 1 2 0 0 2 6 2 3 0 2 2 0 3 1 0 1 3 2 1 3 3 1 3 1 3 0 0 0 5 4 1 1 0 0 1 0 2 4 2 2 3 1 3 1 1 0 1 3 3 1 2 2 3 3 4 5 2 4 1 0 1 1 3 0 2 3 4 2 2 4 0 0 1 1 4 4 3 1 0 0 2 2 2 3 3 0 5 1 1 1 2 2 1 3 2 0 2 0 1 0 2 1 1 1 1 2 4 3 5 2 1 2 2 1 8 2 4 4 1 1 4 1 0 2 3 1 1 4 1 2 1 2 1 3 3 2 2 3 3 2 0 3 3 2 2 2 1 0 1 3 5 2 0 2 4 3 1 1 2 5 2 1 1 0 7 0 1 2 1 4 2 5 2 1 3 6 0 0 0 2 4 2 2 3 2 0 1 3 4 2 2 0 0 0 1 3 2 2 2 5 3 2 2 1 1 0 3 1 4 0 2 4 1 1 5 1 2 2 1 2 1 2 3 3 2 3 1 1 5 0 2 3 1 2 4 3 0 3 4 0 1 3 2 2 4 1 4 0 3 1 1 1 2 1 3 1 4 2 2 2 0 3 2 3 0 1 1 5 2 3 2 4 2 1 0 2 1 1 3 2 5 3 3 2 1 0 2 1 1 1 1 4 2 1 1 0 2 2 1 2 2 0 1 4 4 2 5 1 4 2 5 3 2 3 3 0 1 3 2 2 3 0 2 1 1 3 1 6 1 1 2 1 1 2 1 2 2 6 4 1 2 1 3 2 1 2 2 3 3 1 1 0 2 4 0 5 2 4 2 1 2 2 3 2 1 1 3 2 1 1 2 3 1 3 2 2 1 4 0 3 3 1 3 2 4 3 2 3 1 1 4 1 0 3 2 0 1 1 1 0 1 2 2 5 0 3 5 0 2 2 0 1 1 1 1 1 2 3 0 0 3 1 1 0 2 2 5 0 3 2 5 2 1 3 2 5 1 0 3 1 0 1 1 3 0 2 1 1 1 1 5 5 0 1 3 2 1 1 4 2 2 3 0 0 5 1 3 3 1 2 2 3 4 2 1 4 1 3 5 0 2 4 2 2 0 2 3 3 2 2 2 0 2 2 1 1 2 2 1 2 4 0 5 3 2 3 1 4 2 1 0 2 3 4 4 1 2 0 5 1 1 1 4 1 3 2 3 2 1 2 0 3 3 3 0 6 0 0 0 2 3 1 2 2 3 3 2 0 3 3 4 3 0 1 0 1 1 0 1 2 4 1 3 2 2 1 5 1 0 1 4 1 1 2 1 0 3 5 1 1 3 1 0 1 4 3 1 4 2 1 3 2 3 2 0 1 2 0 4 4 1 1 3 1 1 3 0 3 0 1 0 1 1 4 2 0 2 0 3 1 1 1 4 2 2 2 0 2 5 1 2 4 3 1 1 2 0 2 2 3 3 2 2 2 1 4 2 4 0 0 3 0 2 2 3 0 4 2 3 2 2 1 2 2 4 2 1 0 4 2 5 1 2 2 2 4 3 3 4 2 4 1 1 1 3 2 1 0 3 3 0 1 0 6 3 3 3 1 2 0 2 4 1 1 0 3 5 3 4 2 4 1 0 1 1 1 0 1 2 2 2 3 4 4 1 1 1 1 1 4 1 0 4 1 1 4 2 1 1 3 2 2 6 3 4 1 4 0 2 5 0 2 1 2 1 2 0 2 1 1 1 6 2 2 1 3 5 1 3 1 2 0 2 0 3 4 1 0 3 1 2 1 0 3 4 2 4 1 2 2 2 1 2 2 3 1 3 1 2 1 0 2 2 2 1 2 0 1 6 2 1 1 1 2 1 2 1 0 1 3 2 0 8 2 5 1 1 2 3 0 5 1 0 3 5 1 2 1 3 3 2 3 2 1 4 0 1 4 1 3 2 2 1 1 0 5 1 3 1 4 3 4 0 2 2 3 2 3 3 1 3 2 0 2 1 1 0 2 2 0 0 1 2 2 4 2 2 3 2 3 2 1 3 1 1 1 5 0 3 2 1 2 3 0 2 2 0 2 2 4 0 0 4 0 1 1 5 2 2 2 2 3 1 0 4 3 2 2 1 1 1 1 1 2 1 1 1 2 1 2 1 4 2 0 3 1 3 2 1 0 5 0 1 2 1 0 5 2 2 0 4 1 2 2 2 7 3 0 2 1 0 2 2 4 1 1 1 2 3 1 3 1 0 2 2 1 1 5 2 0 4 4 1 2 0 2 1 3 3 4 0 3 2 2 1 3 2 1 2 3 1 0 3 2 3 3 1 1 2 0 2 2 4 2 2 1 3 4 1 3 4 1 2 1 2 1 4 2 2 2 4 1 2 1 5 2 0 3 2 0 4 1 1 2 1 2 3 2 1 2 0 1 3 3 2 1 4 1 5 1 0 1 4 3 1 4 2 0 4 3 1 2 5 3 1 3 1 1 2 2 3 2 3 2 0 2 1 5 1 0 2 3 2 2 0 1 3 4 0 2 2 0 0 4 1 3 0 1 3 3 3 0 2 3 4 2 2 2 3 2 2 3 3 2 4 1 1 1 2 1 2 2 1 0 0 2 1 4 1 1 1 3 1 3 1 0 1 3 4 5 2 3 0 1 2 3 1 0 1 1 3 3 1 3 2 4 1 2 0 1 2 1 0 2 3 2 1 4 3 2 1 1 3 0 4 2 2 0 2 3 0 3 3 2 0 4 1 2 2 2 2 1 1 5 4 2 0 2 0 1 1 3 4 3 1 4 1 1 2 1 4 1 0 6 1 1 0 2 0 2 2 1 4 2 0 2 3 3 2 2 2 2 1 1 2 1 1 2 3 2 2 0 2 1 0 3 2 1 3 3 0 1 3 0 1 3 1 6 2 3 0 1 2 1 4 4 1 2 0 0 4 2 3 1 0 3 1 2 2 1 3 0 3 0 1 3 4 1 1 4 2 4 2 2 2 0 3 2 1 2 2 1 2 1 1 2 2 3 1 2 3 1 1 4 2 3 0 1 4 1 0 2 0 1 1 1 3 0 3 2 1 3 0 3 2 3 1 2 2 3 4 2 1 1 1 2 1 0 1 1 5 2 3 2 1 1 1 3 2 0 2 2 1 3 1 1 2 3 0 5 0 5 2 3 1 1 1 7 2 0 2 1 2 1 0 2 3 2 4 0 1 2 0 2 2 1 3 0 5 7 2 0 1 2 1 2 2 2 1 1 2 2 1 0 3 1 0 2 5 2 2 1 1 2 2 4 4 4 1 1 0 2 1 2 2 8 1 0 4 3 0 0 2 2 1 2 2 3 2 3 4 0 2 2 4 2 1 4 0 1 0 3 1 1 0 4 2 5 3 2 0 3 2 2 5 3 1 1 2 0 0 3 5 0 4 1 3 4 1 1 3 0 2 1 1 2 1 1 2 3 1 0 4 4 2 1 3 6 1 1 1 0 1 1 2 2 4 4 2 3 3 1 1 3 1 3 3 1 3 2 2 2 0 3 1 3 1 4 1 2 3 1 3 1 3 1 4 4 2 0 3 2 1 2 1 5 2 5 2 1 1 1 1 1 0 2 2 0 5 2 1 0 0 1 1 3 2 4 0 0 3 0 2 2 1 3 3 3 3 2 3 3 3 0 4 2 2 4 0 1 1 0 1 0 3 5 3 1 3 2 6 4 2 1 1 2 0 2 3 2 1 2 4 3 2 3 3 2 1 4 1 0 0 1 5 1 1 0 0 0 2 3 5 2 3 5 1 0 2 2 0 3 1 0 2 3 3 4 0 5 1 5 1 0 3 1 2 1 3 1 1 1 3 2 1 3 1 0 1 1 2 2 6 2 4 1 2 4 2 2 5 1 1 2 5 4 3 1 5 2 0 3 1 2 3 4 1 3 3 0 4 0 4 0 0 3 4 2 1 4 1 2 3 2 3 0 3 1 0 3 3 3 5 2 3 3 1 1 4 2 3 2 1 1 2 5 3 1 3 3 1 2 2 2 4 4 0 0 0 1 2 2 4 3 1 3 5 2 4 1 0 2 3 2 4 2 2 3 2 1 2 4 2 1 2 1 2 4 2 0 2 0 1 3 0 3 3 1 0 3 2 1 1 2 2 0 2 4 1 0 2 4 3 0 2 1 1 4 3 2 0 3 2 1 3 4 1 2 1 1 1 1 2 0 1 0 1 3 2 3 4 3 1 3 2 0 2 2 3 1 2 1 1 2 1 2 2 1 2 3 1 0 2 3 1 1 2 0 3 2 1 1 0 2 3 1 5 2 3 1 1 1 1 1 5 1 2 1 0 2 3 2 3 3 1 2 4 3 1 2 2 0 3 4 3 4 1 1 3 3 3 2 1 4 0 0 4 1 0 5 5 5 2 2 2 0 0 1 2 3 4 0 1 1 1 3 2 2 2 4 1 0 3 2 0 0 1 3 3 7 3 3 1 5 2 1 2 2 1 1 3 1 3 1 3 0 2 4 2 0 3 1 3 2 0 4 2 5 2 1 2 3 0 2 1 2 3 1 6 1 0 1 0 4 1 5 1 2 5 1 2 1 3 1 2 4 5 1 1 1 3 1 1 1 2 3 1 1 0 2 3 1 3 2 3 4 2 2 0 2 1 3 0 2 0 0 1 5 1 1 1 4 0 3 1 2 2 2 1 3 1 1 3 1 2 2 1 2 1 2 2 2 1 2 0 1 1 4 1 3 5 3 0 2 2 2 3 1 1 2 0 1 5 2 1 2 0 0 4 0 0 3 1 1 0 1 4 2 1 2 2 2 4 1 1 3 0 0 5 2 1 3 2 1 3 3 1 2 4 4 2 3 0 5 3 0 2 5 1 1 5 2 1 0 3 1 3 0 3 1 0 2 3 3 1 0 7 1 3 3 2 2 0 1 2 1 3 1 2 0 2 2 2 0 2 2 0 1 1 4 2 1 2 3 2 4 3 3 0 0 0 5 1 2 1 2 1 1 2 1 2 4 0 0 1 3 2 1 5 0 3 3 0 2 1 1 1 1 1 2 2 4 3 3 3 1 3 0 0 1 4 5 2 0 4 2 1 0 3 2 2 1 1 1 0 1 3 3 2 3 4 0 1 1 0 1 1 2 2 0 3 4 2 0 1 2 2 2 2 4 2 2 1 0 6 2 1 2 3 2 3 1 6 2 0 1 2 3 1 2 0 2 3 4 1 2 2 1 2 2 1 1 0 1 2 4 3 4 1 0 2 1 5 3 2 1 4 0 4 1 2 0 4 1 1 1 1 3 2 2 1 1 4 2 0 1 2 4 0 1 0 2 2 0 1 2 0 1 3 2 3 1 3 1 5 1 3 1 4 2 3 2 2 0 3 0 4 1 1 5 1 3 0 2 1 2 2 5 2 3 0 0 4 2 1 3 1 4 1 1 1 1 4 3 2 0 6 2 0 3 5 0 1 2 4 2 2 1 0 1 0 3 0 2 1 4 4 0 0 3 4 1 3 1 2 1 2 0 3 0 4 0 3 2 1 1 1 2 2 2 3 1 2 2 0 2 2 3 1 2 1 1 2 3 2 3 4 1 5 3 4 1 0 2 0 2 1 3 1 1 5 2 4 1 1 4 1 2 5 1 3 2 4 0 2 3 1 0 2 0 0 1 2 5 0 1 4 3 3 4 1 2 2 0 4 3 1 2 1 1 0 2 2 3 1 2 1 1 2 4 1 3 4 3 1 3 3 2 3 3 3 0 1 1 5 3 1 1 1 3 5 0 3 1 3 1 0 2 1 2 1 2 1 1 1 3 1 2 1 3 1 3 1 4 1 0 4 2 3 1 1 3 4 1 1 2 1 4 4 1 3 0 6 0 3 4 0 0 0 2 0 1 2 4 2 1 3 2 2 1 1 4 4 2 0 3 0 0 1 2 1 2 2 4 2 4 3 3 2 1 1 2 5 3 4 1 3 1 2 0 2 0 1 2 0 1 4 1 3 3 4 1 3 2 5 2 1 5 0 0 3 5 0 1 2 0 2 0 0 1 4 4 1 3 4 0 1 3 2 2 0 3 1 2 1 1 5 0 4 1 1 0 1 2 2 1 0 2 5 2 5 2 1 4 5 1 1 3 1 1 3 1 0 2 1 2 2 3 1 3 0 5 0 2 0 3 2 2 3 4 3 1 0 2 0 0 3 2 1 5 6 2 3 1 2 2 4 4 2 2 2 1 2 1 6 1 4 1 1 2 0 3 1 1 0 2 0 3 1 1 1 1 3 1 3 4 0 1 3 0 1 3 2 0 1 1 3 6 2 3 1 2 0 2 1 0 1 3 2 1 2 2 3 0 1 3 4 3 2 4 2 3 1 0 0 1 3 2 2 2 1 4 2 2 1 0 2 1 1 3 4 1 1 3 2 1 4 2 4 3 1 1 1 2 2 2 2 2 0 1 3 2 2 1 7 1 2 2 3 1 0 1 3 1 2 3 2 0 5 1 3 0 3 5 2 5 1 2 1 3 3 0 2 2 0 4 1 1 1 2 4 2 2 3 2 2 2 2 2 1 2 1 1 0 4 1 3 2 0 2 3 2 1 2 1 2 2 0 1 2 1 3 2 3 2 1 2 2 1 2 2 0 0 1 4 3 2 1 1 2 2 2 1 4 2 0 3 2 1 0 4 1 4 3 1 1 3 0 3 2 2 1 1 2 1 2 3 2 2 0 3 1 1 1 1 4 3 0 1 3 5 0 2 0 2 2 2 2 1 0 4 1 1 1 3 1 2 3 1 3 3 1 1 3 2 3 1 0 4 1 1 3 2 1 2 0 1 3 1 2 2 5 1 4 2 2 2 4 2 3 2 2 2 1 3 1 4 3 2 2 1 3 3 0 1 4 1 2 3 0 1 0 2 2 2 2 2 6 3 3 1 2 2 0 3 0 0 2 2 2 4 0 1 4 6 1 3 1 1 4 4 3 2 4 2 1 1 2 2 1 1 3 3 0 0 2 1 2 4 0 1 1 2 1 0 1 3 3 3 3 1 3 0 5 2 3 1 3 1 2 1 0 2 1 0 3 0 7 2 1 0 4 3 2 5 0 4 0 0 2 3 2 0 5 3 2 4 2 3 2 2 0 3 4 1 1 3 2 3 2 1 0 3 2 3 1 1 1 3 1 4 2 0 0 6 2 0 1 3 1 1 3 2 1 2 2 4 4 1 4 2 3 3 4 0 1 4 2 2 2 2 4 2 1 5 0 2 2 0 4 2 2 1 0 3 1 2 2 0 3 0 0 3 3 3 2 1 1 0 3 3 1 2 1 1 2 1 2 2 0 2 1 1 2 5 2 0 1 1 1 1 1 2 3 1 0 3 3 3 3 0 2 2 5 0 2 1 3 1 2 1 0 1 3 3 6 1 1 1 1 4 1 0 1 2 1 5 3 4 2 1 2 2 1 2 0 1 4 2 1 3 1 3 0 3 1 2 3 2 2 4 1 1 2 1 4 1 6 2 4 1 0 4 2 1 1 0 2 1 1 1 0 0 0 2 3 5 2 0 2 2 2 1 2 0 2 3 0 4 4 1 2 0 1 0 6 1 1 3 4 2 1 1 4 1 0 2 4 0 1 3 1 3 4 2 3 1 2 1 0 1 3 1 0 2 1 4 0 3 1 2 2 3 2 1 2 2 2 3 1 4 1 0 5 3 0 3 1 1 3 0 3 2 2 1 3 2 0 5 3 4 2 0 2 2 1 3 2 2 0 0 5 4 1 1 3 4 0 1 0 0 0 5 2 2 2 2 3 2 2 3 6 1 2 3 0 2 1 3 4 2 1 3 1 1 3 1 1 4 3 2 4 1 1 1 1 0 2 3 3 2 2 1 4 2 1 5 2 0 3 2 0 3 2 1 1 0 3 2 1 2 4 3 2 1 1 2 1 0 1 1 4 1 4 3 4 2 3 4 1 1 3 3 1 1 0 2 3 3 0 0 2 2 4 2 5 2 1 2 3 0 3 0 3 6 4 1 4 3 0 3 0 1 4 3 2 1 1 2 2 2 1 1 3 2 1 0 3 1 4 2 5 6 3 0 1 3 0 1 3 2 1 4 0 0 2 1 1 3 2 1 0 1 2 3 2 2 0 1 3 1 2 3 0 2 4 0 2 2 2 3 1 0 3 2 3 0 3 0 3 1 3 2 0 3 2 1 0 2 2 3 3 2 0 2 1 1 4 1 1 1 2 2 2 1 1 4 3 2 1 1 4 1 5 0 2 2 4 6 2 1 3 2 1 0 2 1 4 2 5 3 2 3 3 1 1 4 0 1 1 1 2 3 1 2 3 2 2 2 4 0 2 1 2 1 1 2 1 7 1 2 0 2 3 1 1 1 0 1 4 2 2 0 0 3 1 2 0 0 3 3 1 1 1 1 0 2 2 2 4 2 1 1 1 2 2 1 1 0 3 1 2 2 2 2 5 4 4 1 2 2 3 2 1 2 3 3 1 3 2 4 1 1 0 6 1 2 2 3 1 1 1 3 1 1 1 2 6 3 2 1 3 1 1 2 0 2 3 0 1 3 2 2 0 1 4 3 4 5 0 0 2 0 2 1 2 0 4 1 1 2 3 3 3 2 2 0 2 2 2 2 2 0 2 1 3 0 2 1 3 2 1 3 3 2 2 2 1 1 2 1 1 4 3 2 2 1 0 1 1 2 4 1 1 3 2 1 1 5 2 1 2 5 1 0 1 4 1 6 1 0 2 1 2 3 0 1 2 1 3 2 0 1 4 2 4 3 3 3 1 0 2 0 2 1 2 0 4 4 4 2 2 2 5 2 2 0 2 3 2 0 3 2 3 1 3 1 1 2 2 2 3 2 1 3 0 1 4 3 2 3 5 0 2 3 2 1 3 3 2 0 4 2 0 0 2 4 2 4 3 1 5 1 0 1 0 1 2 3 1 3 3 1 1 0 3 3 2 2 0 0 0 0 2 1 4 2 3 1 2 0 4 3 0 2 2 2 2 2 1 1 0 1 1 4 4 3 3 3 2 2 0 0 2 1 1 3 3 6 3 2 1 2 0 1 3 1 3 0 1 1 2 0 1 6 1 2 2 1 1 4 3 2 0 2 2 2 5 1 2 1 3 0 5 3 1 1 5 1 1 1 1 4 2 3 0 1 1 5 2 4 2 3 1 1 1 0 2 1 4 2 3 1 2 5 4 3 1 0 6 1 2 3 4 1 1 4 2 3 1 5 3 1 2 0 4 3 2 2 1 0 3 3 0 1 2 3 5 1 0 2 3 0 2 1 2 1 1 2 1 3 4 2 1 3 3 2 1 1 3 2 0 2 2 2 3 4 1 2 2 3 2 1 1 4 1 2 2 3 0 0 6 4 4 2 3 0 1 2 1 0 1 5 2 2 2 6 3 2 1 1 0 2 4 4 1 3 2 2 2 0 3 1 1 1 2 1 3 4 1 2 1 1 3 2 1 1 1 4 0 1 2 2 0 2 2 0 4 1 0 3 1 2 2 3 3 2 3 5 1 3 2 2 4 3 1 3 3 2 4 3 3 0 1 2 1 1 1 0 2 1 3 4 1 2 1 4 0 1 2 2 1 2 0 2 2 1 1 1 1 2 0 1 1 2 7 3 5 3 2 0 2 4 2 2 0 2 2 0 0 2 4 1 2 1 4 2 4 2 2 4 2 2 3 2 0 3 2 4 2 1 2 0 2 2 2 3 0 4 0 4 0 2 0 2 2 2 1 2 3 4 0 3 1 1 4 1 0 3 1 0 3 0 1 2 2 2 0 3 2 0 2 0 0 3 2 1 5 1 3 0 1 1 2 2 3 6 1 0 0 3 1 1 1 1 2 6 1 0 4 2 1 4 2 1 1 4 4 1 2 2 5 0 1 3 0 3 1 4 1 2 2 0 4 1 1 5 1 2 3 0 0 3 2 4 3 0 3 0 1 0 2 1 3 4 3 1 2 1 2 0 1 3 2 2 4 4 3 3 1 4 0 0 0 3 3 4 4 2 4 1 1 2 0 1 3 3 1 4 0 1 1 2 1 4 3 1 5 2 0 3 0 1 1 2 5 1 0 3 2 1 1 1 0 4 2 4 2 2 2 1 1 2 2 3 2 3 1 2 0 3 3 2 3 3 4 2 1 3 3 1 1 2 1 3 0 0 1 0 5 3 1 1 5 1 3 0 2 0 2 5 1 3 6 1 2 1 0 1 4 2 3 2 2 3 0 0 1 3 1 2 5 3 3 1 0 0 0 2 1 1 1 3 4 4 3 1 2 1 1 3 2 1 2 1 4 2 3 1 2 1 4 2 2 1 3 3 1 1 4 5 4 0 1 2 0 2 3 2 2 2 0 3 4 1 2 2 4 3 2 0 1 2 2 5 2 1 0 4 0 1 2 3 2 1 3 2 2 1 2 2 2 0 2 4 0 1 3 4 1 2 0 0 3 2 1 1 2 2 1 1 4 0 2 0 3 2 1 2 1 0 1 2 4 1 0 1 3 3 1 1 0 1 1 4 2 1 1 2 0 2 0 6 4 1 4 3 1 1 0 2 4 1 0 3 2 0 6 1 0 1 3 2 2 3 0 2 6 1 4 2 1 4 1 1 3 1 3 1 3 3 3 0 3 2 1 1 1 1 1 3 4 1 1 3 4 1 5 1 2 2 0 1 2 1 2 3 1 2 5 2 0 2 4 2 2 1 1 2 1 1 3 5 1 2 1 3 1 0 3 3 2 2 1 3 3 0 0 2 1 2 0 2 0 3 3 2 1 1 1 1 3 5 0 6 0 2 4 2 4 0 3 3 0 0 3 3 2 1 2 1 1 3 3 3 3 4 1 1 0 6 4 1 0 3 2 3 0 1 3 2 4 1 3 2 1 3 0 1 4 1 1 1 0 3 4 2 0 2 3 0 0 2 1 2 3 2 5 4 2 1 3 1 2 2 0 4 2 3 2 3 1 0 2 2 1 4 4 1 5 0 3 4 1 0 2 1 2 2 3 3 2 1 2 2 3 4 0 3 0 4 5 4 3 2 1 1 2 3 2 1 4 2 2 2 2 3 1 0 2 1 1 1 1 2 0 1 4 5 4 5 2 1 1 4 1 7 1 0 2 1 0 2 1 0 0 2 0 6 3 6 1 0 2 1 3 2 1 3 2 0 1 0 0 1 3 2 0 2 2 2 2 1 3 1 1 2 2 2 0 4 3 3 4 0 6 1 2 1 1 3 4 2 3 1 1 2 1 0 3 1 5 3 0 1 3 3 0 0 2 4 4 1 1 0 2 1 0 2 3 3 2 4 1 2 1 3 1 1 3 1 2 1 1 4 3 4 1 2 1 2 1 1 2 2 4 0 1 3 1 1 1 0 2 6 1 3 1 1 2 4 1 1 3 0 1 2 2 3 0 1 3 0 0 3 0 1 1 1 2 3 2 3 3 0 0 5 0 0 2 3 0 0 2 6 4 2 1 2 0 0 1 0 0 3 4 2 3 0 4 0 2 2 1 5 0 3 1 1 3 1 3 2 5 1 3 1 2 3 2 0 1 3 0 0 2 1 1 1 1 0 3 2 1 2 0 1 3 1 2 1 1 4 4 0 1 1 2 1 2 1 2 5 1 2 4 3 1 0 1 1 2 2 3 0 5 2 3 1 3 0 3 2 1 1 2 1 2 0 2 2 0 3 2 2 1 4 1 2 3 2 1 0 2 3 3 0 5 2 0 4 0 1 5 3 1 0 2 2 2 1 0 1 1 4 2 3 3 0 1 0 3 0 0 4 3 2 2 1 2 1 2 3 1 1 1 2 2 2 4 3 3 1 2 2 0 4 3 0 3 5 2 0 1 3 2 1 3 0 0 6 1 1 1 2 3 3 2 3 3 2 3 0 1 2 3 4 0 4 2 0 0 1 0 3 2 3 1 2 5 3 3 5 2 3 2 0 2 5 1 0 3 2 0 2 0 4 1 3 1 2 0 3 1 4 2 3 2 1 3 2 1 4 3 3 3 2 3 2 0 3 1 0 2 3 4 8 2 1 1 0 2 1 1 3 3 2 1 3 1 0 0 3 4 3 3 2 5 3 1 2 1 1 1 1 3 2 2 2 3 1 1 2 1 0 2 4 1 5 3 4 0 1 0 5 3 1 0 4 4 1 2 3 0 0 0 1 1 3 3 1 5 1 0 2 0 1 3 1 4 1 2 1 2 1 3 0 4 3 4 2 0 0 2 1 4 1 0 3 1 2 3 1 3 0 1 2 5 3 3 2 1 4 1 2 1 2 4 0 1 0 0 0 2 2 2 1 2 1 2 3 2 1 1 0 2 1 1 1 3 1 2 3 2 3 0 5 0 1 1 3 2 1 0 3 1 0 1 3 1 0 4 3 2 5 0 3 2 2 1 0 1 4 1 2 0 0 4 4 3 1 3 1 4 5 2 0 1 4 1 2 1 0 1 2 0 1 3 2 1 2 4 0 1 3 3 1 2 2 2 1 2 2 3 1 0 2 2 0 4 2 4 2 2 2 0 1 5 1 0 1 1 3 1 2 1 3 2 2 3 1 0 5 3 4 1 3 3 3 3 0 3 2 1 2 4 4 3 2 1 0 2 3 1 4 2 0 3 4 3 2 2 1 1 2 2 0 3 1 2 8 1 1 3 6 3 2 0 0 5 1 4 0 5 1 2 6 1 4 3 1 3 1 3 2 0 2 1 3 2 2 3 3 2 0 0 1 0 2 0 2 4 4 1 0 2 0 4 1 0 1 4 0 3 0 5 1 0 3 2 3 2 1 3 3 2 2 0 0 3 0 4 3 3 0 1 1 2 3 3 1 4 1 2 1 1 1 1 0 1 3 1 1 1 5 5 0 3 1 2 4 0 0 1 1 1 1 2 3 0 1 3 2 3 3 1 1 2 0 3 2 0 3 2 1 1 1 3 5 2 0 2 4 3 1 0 0 1 2 2 1 2 2 2 3 5 1 0 3 1 4 1 2 1 4 4 1 3 1 1 3 0 3 1 2 3 2 2 2 1 0 2 3 2 2 2 5 1 1 0 2 3 5 0 3 0 4 0 1 1 0 2 5 2 5 2 0 2 1 3 3 4 2 1 0 1 3 2 4 1 2 2 1 3 1 2 2 2 0 2 3 1 3 2 2 1 1 2 0 1 1 2 1 2 3 2 1 3 2 0 1 1 1 2 3 0 2 1 3 3 0 0 2 3 1 0 2 2 6 0 1 1 3 1 0 1 3 5 1 4 5 2 3 3 2 2 0 6 0 1 1 2 4 1 2 3 2 1 3 6 3 1 1 2 4 3 0 2 3 2 3 3 5 2 3 0 0 1 3 2 3 1 1 0 1 1 2 2 2 4 0 3 1 1 4 4 2 1 2 2 2 3 2 0 5 0 2 1 3 3 1 1 2 1 2 6 2 2 2 1 1 2 0 1 2 2 2 1 1 2 3 2 5 2 1 1 2 2 3 1 2 0 1 2 0 2 0 1 1 4 1 3 4 3 3 0 3 2 3 1 1 2 2 2 1 3 1 3 3 4 1 0 1 2 4 2 2 3 2 3 0 2 2 1 2 2 2 1 1 3 1 1 5 3 4 3 2 2 2 1 2 2 4 1 3 2 0 2 3 1 3 0 1 3 0 4 0 2 2 2 2 1 1 1 2 1 1 4 1 2 1 2 4 4 2 1 1 2 2 3 1 2 5 2 1 0 4 0 0 2 0 1 3 2 2 2 2 1 1 4 2 2 1 5 1 0 1 1 0 4 1 0 3 4 2 3 6 2 3 2 0 0 1 1 3 1 4 0 4 2 4 0 3 0 0 3 2 4 0 0 4 1 2 6 1 2 3 2 2 1 0 3 3 4 2 0 0 0 3 1 2 2 4 1 1 5 0 1 0 0 4 0 2 4 0 3 0 2 3 3 3 5 0 1 6 2 3 3 0 5 3 1 1 2 3 3 2 3 3 3 1 0 1 1 3 3 1 0 2 2 3 7 2 2 3 2 0 3 0 1 2 1 2 2 4 2 3 1 3 3 4 1 3 0 3 4 1 3 3 0 1 2 1 0 1 1 2 3 3 3 0 2 1 4 1 2 1 1 2 2 2 2 1 4 2 2 1 0 2 1 3 2 2 1 1 3 4 3 0 0 1 1 2 3 5 1 1 3 1 1 4 5 3 2 1 3 1 2 3 3 1 2 1 3 2 1 1 0 1 2 2 0 3 2 1 2 4 2 1 5 1 1 2 1 4 0 3 1 2 0 1 2 3 0 0 1 2 1 3 4 2 2 1 4 0 3 5 1 1 1 1 1 2 4 6 0 3 1 3 1 1 2 1 1 0 2 2 3 1 2 2 0 1 1 0 1 3 2 1 3 1 1 2 1 1 3 2 1 2 2 4 2 1 4 2 1 6 2 1 0 4 1 1 1 2 2 1 2 0 2 0 1 1 3 1 1 2 4 0 2 4 4 1 1 2 1 2 0 2 0 3 3 3 3 3 3 1 2 2 3 3 2 2 0 2 6 3 0 1 0 3 0 2 3 0 3 1 2 1 6 1 2 1 1 3 1 4 3 1 1 1 2 3 0 2 2 1 3 4 0 3 1 1 0 3 1 3 0 2 1 1 2 4 2 1 1 3 3 2 1 6 2 3 3 3 4 3 2 1 2 3 1 3 1 2 0 2 1 2 3 2 2 2 4 0 1 2 3 1 0 1 1 0 4 5 2 2 3 1 2 0 0 2 1 2 5 1 2 3 1 1 4 2 2 1 4 1 1 3 0 1 1 1 2 3 1 2 0 4 2 2 2 1 2 2 2 3 2 1 2 4 2 0 2 2 1 2 2 2 3 5 2 0 3 1 3 1 4 2 3 1 1 0 0 3 0 1 2 1 2 1 3 1 3 0 2 3 4 2 3 3 2 1 1 4 0 0 2 4 1 4 3 2 2 2 1 3 0 3 0 1 3 1 0 0 5 2 0 0 2 2 2 2 3 3 2 2 1 1 1 2 4 4 2 1 2 1 1 4 1 1 1 1 5 1 0 6 2 3 1 4 3 3 1 2 2 2 1 1 2 3 2 0 4 4 3 2 1 3 0 1 3 2 2 2 1 1 2 5 1 5 4 3 0 2 1 0 4 1 1 3 0 3 2 0 3 0 2 4 3 2 1 0 3 5 5 3 2 3 3 2 3 2 1 1 4 0 3 1 4 2 3 5 1 1 3 1 2 2 0 2 3 3 0 3 0 2 0 4 2 4 3 1 4 0 1 2 2 1 3 3 5 3 2 0 2 1 4 4 0 2 1 2 2 1 1 6 0 3 3 2 1 0 4 1 4 1 2 3 2 0 1 1 3 3 2 0 1 5 4 0 3 1 3 1 4 1 3 2 4 1 2 4 2 1 2 1 5 2 2 2 0 5 1 1 5 0 1 0 1 1 3 1 2 1 1 2 2 2 1 5 1 0 5 1 1 5 5 1 0 1 0 3 0 1 3 5 3 1 1 3 2 1 3 2 3 2 0 1 0 1 3 1 2 4 3 1 5 3 5 1 1 0 3 0 2 1 3 2 4 2 0 5 5 3 1 4 2 3 0 1 3 1 2 0 2 6 2 1 1 4 2 1 0 2 4 2 2 0 2 1 1 1 4 4 1 3 1 2 1 4 0 1 2 3 3 5 1 3 1 1 0 4 0 1 6 2 2 2 0 2 0 2 1 1 5 1 3 1 1 0 6 2 0 0 2 4 1 0 1 1 1 0 1 1 3 3 2 1 3 2 6 2 0 2 1 4 2 2 1 1 1 1 1 2 2 5 0 2 2 2 3 6 2 2 3 2 1 1 2 2 2 0 1 2 2 2 5 2 2 2 1 2 3 4 1 1 3 6 2 1 2 2 1 3 2 0 0 1 3 1 1 1 4 0 4 2 3 3 2 2 3 2 3 1 3 1 4 1 2 1 0 2 2 4 0 0 1 4 2 1 1 1 5 2 1 1 0 2 2 3 2 2 3 1 2 0 6 2 4 1 2 2 2 4 4 0 1 3 2 4 3 2 0 0 0 5 0 2 2 3 1 2 3 2 3 0 1 0 4 6 0 3 2 2 1 1 2 3 3 3 2 2 3 1 0 1 3 3 1 2 0 1 2 1 2 4 1 1 3 2 5 1 2 2 2 1 3 1 3 2 0 2 0 2 1 4 2 1 0 0 3 2 2 4 2 0 1 2 2 0 2 1 2 1 4 0 2 1 3 1 2 4 1 3 2 1 5 2 2 2 1 2 2 3 2 1 2 0 2 5 0 3 3 1 0 0 2 1 3 5 2 1 2 2 4 3 3 4 0 3 1 1 2 2 1 1 2 6 3 1 3 3 1 1 3 1 1 2 3 1 4 2 2 3 1 0 2 3 1 3 2 1 1 1 2 4 0 4 0 3 3 1 2 0 1 4 2 0 0 2 2 0 3 3 2 4 1 4 5 3 0 1 0 1 6 3 3 3 1 3 2 3 0 2 1 3 0 0 2 1 3 1 1 1 1 3 5 0 2 1 6 1 0 3 2 2 1 0 3 2 1 2 1 1 2 4 1 4 0 3 5 1 2 3 2 4 3 2 0 3 3 2 3 2 1 4 1 0 2 1 2 2 0 3 3 3 2 2 1 1 3 0 2 1 3 5 2 1 1 2 3 3 1 1 1 2 3 3 0 1 0 2 3 4 5 3 2 2 1 7 1 2 1 1 2 1 4 0 1 1 2 1 0 0 3 2 2 3 2 5 1 3 3 2 2 1 0 0 2 2 1 3 0 4 1 2 1 3 1 1 3 3 3 3 1 0 1 3 3 1 2 2 4 1 1 4 0 1 3 2 0 5 4 3 1 1 2 2 1 0 2 1 3 2 2 3 2 2 2 3 3 2 1 1 3 1 1 2 4 3 1 4 1 0 3 1 2 3 2 5 2 2 0 2 3 2 0 0 1 1 2 1 0 2 2 3 2 2 2 4 1 2 1 3 2 1 1 3 4 2 3 1 2 1 0 2 1 2 2 0 5 0 4 1 2 3 1 2 3 2 3 2 1 1 0 0 1 0 3 5 3 1 3 4 2 2 2 5 2 3 3 2 0 2 2 4 3 5 0 2 0 5 2 0 3 1 1 1 1 3 5 3 0 2 4 2 1 0 2 4 2 0 1 3 1 1 4 5 3 2 2 3 2 1 2 3 1 3 1 1 2 2 0 1 3 1 1 2 4 4 3 1 3 1 3 1 2 0 4 2 2 2 3 3 2 0 1 4 1 0 2 1 0 0 5 2 1 4 3 4 1 2 1 1 3 1 2 1 5 2 2 2 2 2 2 3 2 4 1 1 1 0 2 1 3 0 1 0 1 2 0 1 0 4 2 2 4 2 1 0 2 3 1 2 3 3 1 2 3 1 2 4 3 1 3 3 5 1 1 2 1 5 2 3 1 1 2 1 1 0 1 2 2 4 1 1 3 3 0 2 1 2 1 3 1 2 2 1 3 1 3 3 1 0 2 3 3 3 0 4 1 1 4 2 2 0 1 3 3 0 2 4 2 3 3 1 3 0 2 2 1 2 5 1 2 3 5 3 2 1 3 2 1 2 2 2 1 4 3 2 1 2 3 3 0 2 0 1 4 1 0 3 3 1 0 0 1 2 3 5 1 1 2 0 0 1 1 2 5 0 0 1 2 2 1 3 3 1 0 1 1 6 4 2 3 2 1 3 2 2 4 1 2 4 5 2 3 0 1 0 2 1 3 1 3 4 1 2 0 1 2 1 4 2 2 1 5 3 0 0 5 5 3 1 5 1 2 2 2 1 2 0 2 1 4 2 3 1 1 1 0 1 2 3 2 6 2 2 4 2 3 0 1 1 1 2 3 4 2 2 1 2 1 2 2 3 1 0 2 2 2 1 1 1 1 0 2 1 3 5 5 2 5 0 0 1 0 2 3 4 1 2 1 3 1 4 0 2 1 1 1 3 3 3 1 3 3 1 6 2 3 1 1 0 2 1 3 3 6 2 1 1 4 2 0 2 0 4 2 2 2 0 2 3 1 2 1 1 2 1 3 0 0 3 4 0 2 2 4 0 1 3 2 1 5 2 2 2 2 1 1 1 3 3 1 1 2 1 5 2 3 4 2 2 1 4 0 0 0 0 3 1 0 5 2 3 0 2 1 0 2 1 4 3 0 0 3 2 1 2 0 1 2 2 5 1 2 1 1 1 0 0 4 0 2 4 2 1 1 1 3 0 3 0 0 1 5 0 3 4 1 2 1 2 3 2 2 0 3 1 0 2 2 3 1 1 2 3 2 2 3 1 0 2 4 2 2 0 1 1 3 1 1 2 1 3 1 2 1 1 1 3 2 3 3 0 0 2 1 4 1 5 1 0 3 1 1 3 2 2 1 2 4 4 0 3 3 1 0 1 3 2 0 5 2 2 2 2 2 2 5 1 3 1 1 1 0 2 4 0 1 2 3 3 2 2 4 1 2 4 2 1 6 1 2 2 3 0 1 2 1 2 0 2 3 2 1 1 0 3 1 1 1 1 3 1 1 4 1 4 1 1 3 1 2 1 4 2 2 2 1 4 0 3 2 5 3 1 1 2 0 2 3 3 1 0 3 1 0 2 2 2 1 2 1 1 3 1 2 2 3 1 2 2 3 1 2 1 1 2 2 2 2 3 2 1 2 1 3 1 0 1 3 3 1 0 2 0 1 1 1 3 1 4 2 2 1 3 2 2 2 5 2 0 1 1 1 2 4 0 1 1 3 2 1 1 3 3 1 0 2 7 3 2 2 2 2 1 4 2 2 3 2 2 1 5 0 2 3 2 0 0 0 1 0 2 1 3 2 1 4 0 2 1 3 3 3 0 4 2 0 0 2 1 4 2 2 1 0 1 4 0 3 4 0 2 2 0 0 5 3 1 4 3 1 3 4 3 4 4 1 2 2 3 1 0 3 2 2 1 2 3 1 1 2 2 2 3 1 3 2 2 1 4 3 0 1 3 1 3 6 0 2 3 3 4 3 2 2 0 0 1 5 3 2 0 3 3 4 0 3 2 2 3 2 1 4 2 4 1 1 1 5 3 0 4 1 2 3 3 2 1 2 0 3 5 0 2 1 1 3 2 1 0 3 5 0 1 1 0 4 5 3 3 0 5 1 1 0 2 2 1 3 1 1 4 3 3 3 1 1 2 1 2 2 4 1 2 2 3 1 6 0 1 0 0 3 1 3 2 2 1 2 2 2 3 1 0 2 0 0 3 3 1 0 4 2 2 4 7 2 1 0 2 3 2 1 4 2 3 2 3 3 1 4 3 4 3 1 2 1 1 3 1 1 2 1 4 0 3 0 2 4 2 2 4 3 3 2 2 1 0 2 4 0 2 2 2 4 3 2 0 3 3 3 2 1 1 1 3 1 3 1 3 3 3 1 1 1 1 1 3 2 2 2 2 1 3 1 4 5 0 2 6 1 1 2 1 0 1 0 1 6 1 2 1 1 0 2 2 1 3 3 2 3 2 4 3 1 3 1 1 1 2 2 2 0 1 2 4 2 1 5 3 5 1 1 3 5 4 2 1 0 1 1 0 3 1 3 3 3 2 2 1 1 1 3 1 2 2 0 2 8 0 1 6 2 3 3 1 0 2 3 1 3 1 4 2 2 4 1 3 2 2 1 2 2 2 1 3 2 0 3 2 4 1 1 1 2 2 2 1 3 2 3 2 2 3 1 2 1 2 4 1 1 1 2 3 3 1 0 2 2 1 3 3 2 3 1 1 3 1 3 5 3 2 0 2 2 1 1 3 3 0 1 0 1 2 0 7 3 0 0 4 0 1 1 3 2 1 0 1 2 1 1 1 3 5 2 4 2 0 3 3 1 6 1 0 2 2 3 1 1 1 6 2 4 2 1 2 3 2 4 1 0 2 2 2 1 2 2 6 6 1 2 1 1 2 1 0 2 0 6 2 2 3 3 3 2 3 0 1 2 4 4 0 2 1 0 2 3 3 2 1 1 4 2 1 1 3 1 1 3 3 2 3 3 3 3 2 3 3 0 2 0 3 3 7 1 0 2 4 3 0 1 1 3 2 1 2 3 2 0 2 2 1 0 1 1 1 4 1 1 1 2 1 1 2 5 2 1 4 2 0 0 2 0 3 4 3 3 0 2 3 0 1 4 1 3 1 1 1 0 2 4 2 0 0 3 2 2 1 5 0 2 2 3 2 3 3 0 2 2 2 1 3 1 2 0 2 4 2 2 3 4 3 2 1 2 2 3 2 5 0 0 1 3 3 2 5 1 4 2 3 4 1 6 3 3 2 0 1 1 0 4 1 0 2 1 3 3 0 4 2 3 2 1 2 4 2 2 6 1 3 2 2 3 0 0 1 1 1 3 1 0 0 1 1 2 3 3 2 3 1 2 2 1 1 1 1 3 1 3 3 4 2 2 2 0 1 3 0 1 1 5 1 1 3 2 4 1 4 1 2 3 4 1 1 3 1 1 1 2 1 4 6 1 1 1 4 3 0 3 2 3 3 1 4 0 4 1 0 2 2 2 2 3 3 4 2 2 1 3 2 0 4 2 3 0 2 5 1 0 1 2 1 1 1 2 3 4 2 0 1 1 3 1 3 2 1 3 2 4 0 2 4 2 2 2 0 1 0 4 2 4 2 1 2 4 1 4 1 4 3 3 4 0 2 2 2 4 1 4 3 2 1 1 0 1 1 2 5 1 2 2 0 4 3 1 0 1 3 1 5 0 0 2 0 4 2 5 3 3 1 3 1 1 1 2 1 3 1 4 0 2 3 3 1 1 1 1 2 1 4 0 4 0 4 2 3 1 3 1 2 3 4 1 1 3 2 0 2 1 2 1 5 2 1 3 1 1 2 2 2 2 1 2 3 2 0 2 3 2 4 4 2 1 3 3 0 1 1 4 1 0 2 1 2 2 4 1 4 5 1 0 2 4 2 1 2 4 4 1 1 1 2 1 0 1 4 5 0 1 1 3 1 3 3 1 5 1 5 2 2 1 5 4 3 1 3 0 3 3 4 1 1 0 3 0 4 1 1 2 2 2 0 0 2 3 2 2 2 3 1 3 0 1 3 3 2 0 2 2 2 1 1 0 2 3 2 2 4 5 5 0 4 3 1 3 0 2 1 2 0 2 2 3 0 0 0 1 2 2 3 3 6 3 2 3 1 0 0 2 1 1 4 2 3 3 3 4 1 1 0 3 0 1 3 3 5 3 1 2 1 2 1 2 1 0 7 1 1 1 1 2 0 1 1 2 3 1 1 2 3 1 0 4 0 2 1 2 4 7 2 2 2 2 0 0 2 5 0 1 2 2 1 1 1 0 2 4 2 1 0 1 2 5 2 3 4 4 3 1 2 3 2 0 1 4 1 1 0 1 2 1 4 1 4 3 2 2 4 2 0 0 3 0 1 3 3 2 2 2 1 3 1 0 3 4 2 0 1 2 1 1 3 4 2 3 0 2 2 2 2 1 1 1 2 2 1 5 5 3 4 1 2 1 1 0 4 3 1 3 1 1 2 1 1 1 0 3 3 1 3 3 0 1 5 1 2 1 0 2 0 2 1 2 1 2 1 4 4 3 2 2 0 1 3 4 0 1 0 0 4 2 5 0 0 3 1 3 1 2 0 3 3 4 0 1 2 5 0 2 3 2 1 2 1 1 3 2 0 0 0 0 2 2 3 5 4 3 3 2 0 2 3 2 4 0 1 1 4 1 0 3 1 1 1 2 3 5 0 1 2 3 0 4 0 1 2 2 2 0 3 1 2 1 4 3 1 1 4 4 2 2 3 1 1 5 2 0 4 2 1 4 1 4 0 2 3 4 0 3 3 3 1 0 2 4 4 4 2 3 3 1 2 0 2 2 5 2 0 0 3 0 2 2 0 0 2 2 3 2 2 3 4 1 4 2 0 3 1 1 4 3 1 1 2 4 1 1 2 1 4 2 0 0 1 2 2 0 1 2 4 2 0 1 5 1 1 2 0 4 2 1 1 6 0 1 2 4 1 2 2 3 2 3 1 1 2 1 4 0 3 2 3 2 2 4 1 3 3 4 1 4 3 1 0 2 3 1 3 1 3 1 3 0 2 2 3 3 1 0 3 1 1 1 3 2 2 3 1 0 3 4 1 3 1 2 2 3 1 2 2 1 1 5 1 4 2 2 2 4 3 0 0 4 2 3 2 2 1 1 3 1 4 4 1 1 1 1 2 1 0 1 0 3 2 2 3 3 1 4 3 2 1 4 4 0 2 1 1 2 1 5 2 0 1 2 4 0 3 0 0 2 1 0 2 4 2 0 0 2 1 2 5 3 5 1 1 2 2 1 2 1 1 3 2 2 0 3 4 2 1 0 0 3 2 2 1 3 5 1 3 4 0 1 4 1 0 2 2 2 1 0 3 2 2 3 2 2 0 2 0 0 2 0 3 3 4 3 4 4 4 3 2 2 2 2 0 0 1 1 3 3 1 0 2 2 6 3 0 5 0 0 0 4 5 1 1 1 2 2 2 4 2 2 2 1 2 3 2 0 1 1 0 2 1 2 4 1 3 3 4 0 3 2 2 1 3 2 1 0 1 3 4 4 2 3 0 2 2 3 2 4 4 4 3 0 1 0 1 2 1 2 2 2 2 1 0 3 0 3 2 3 4 2 1 4 4 5 0 0 1 4 3 1 0 1 2 1 1 2 3 0 1 1 1 4 2 4 1 3 1 2 2 5 3 2 0 3 2 2 2 2 3 2 0 0 2 0 0 6 1 1 5 3 1 2 2 3 2 1 1 6 1 1 5 1 2 2 1 2 2 2 3 0 4 2 3 2 0 2 2 1 0 4 4 1 1 4 2 4 4 0 3 1 2 3 1 3 3 0 2 3 8 3 0 1 1 3 2 3 2 5 1 3 1 2 1 0 5 3 1 4 2 1 2 2 1 3 3 1 5 0 1 1 1 1 3 1 2 0 2 2 1 1 1 5 4 1 1 0 2 2 1 2 2 3 2 3 0 1 2 5 2 2 3 2 0 3 2 0 1 2 4 3 1 0 2 1 1 2 0 1 2 1 2 2 1 1 2 4 1 3 1 2 2 3 0 1 3 1 1 2 0 1 4 2 3 2 1 0 1 0 3 2 2 6 1 4 1 1 2 1 2 1 2 3 2 1 2 0 2 3 3 2 0 2 4 1 5 4 3 1 0 2 5 1 2 0 3 0 2 3 1 3 1 4 0 3 4 2 3 2 0 4 1 4 2 0 1 0 5 3 2 2 3 2 0 2 5 1 1 4 1 4 0 3 1 1 3 1 5 2 0 0 4 1 2 2 2 1 2 2 3 4 1 0 0 3 3 3 2 2 1 1 2 1 1 3 1 2 4 3 3 3 0 1 5 2 1 2 1 1 2 3 1 4 3 1 3 3 4 1 4 0 1 3 3 1 3 2 2 0 1 1 3 2 0 3 2 4 0 1 3 0 1 3 4 2 1 0 0 0 1 1 1 0 4 1 3 2 1 2 1 4 1 1 2 2 2 2 1 5 0 0 4 1 2 3 2 1 1 0 2 3 5 1 0 1 1 1 1 3 2 0 3 1 2 3 1 1 0 2 0 0 3 4 0 3 2 2 2 2 2 1 3 4 1 3 2 1 1 0 4 1 4 0 2 0 1 2 4 2 3 3 1 1 2 4 1 1 1 2 5 0 3 3 2 1 1 1 1 3 3 3 3 0 3 1 0 3 0 1 3 3 4 1 3 3 5 2 1 1 4 0 3 1 1 2 2 2 3 5 2 1 1 4 2 4 0 0 4 1 1 1 0 2 2 3 2 4 4 1 6 3 2 1 4 4 0 2 3 4 0 2 3 2 3 3 0 5 3 2 2 5 4 0 3 2 3 1 2 2 5 1 4 4 1 1 2 0 3 3 2 0 3 1 2 1 1 2 0 2 3 2 2 2 4 1 2 2 2 4 2 1 1 0 3 0 2 5 4 2 5 1 1 2 2 3 3 1 2 3 2 2 1 3 2 2 0 2 7 3 0 3 6 2 0 1 1 2 1 0 3 0 3 1 0 5 4 0 1 3 1 2 0 5 2 3 3 3 0 1 2 2 1 1 1 3 1 1 5 4 3 0 2 0 1 3 2 1 4 2 0 2 2 2 0 1 2 0 3 3 1 4 0 4 2 1 3 5 2 1 2 3 2 0 2 2 1 3 1 4 2 5 5 3 1 3 1 1 0 4 3 3 2 2 3 2 1 0 0 2 3 5 3 0 2 4 4 1 4 2 1 1 0 2 2 3 4 3 1 5 1 3 1 2 3 3 0 1 1 2 4 3 1 4 1 0 2 1 0 2 1 1 3 3 2 6 1 0 2 2 3 3 2 3 2 3 0 1 3 1 2 2 0 1 1 4 2 4 4 4 1 1 1 0 1 5 0 6 2 1 3 3 3 1 1 1 2 4 4 4 0 1 2 2 3 3 0 1 3 4 1 2 1 4 2 1 3 5 1 2 1 2 1 2 0 5 3 1 1 4 1 2 1 3 2 3 2 4 0 1 2 3 2 4 0 4 4 2 3 1 2 0 3 5 1 2 0 1 3 5 1 3 2 3 3 1 2 2 1 2 2 4 2 2 0 2 3 5 2 1 0 2 1 1 2 1 4 5 2 3 1 5 0 1 2 2 3 1 1 0 3 1 2 3 1 2 2 1 2 2 1 1 5 2 2 2 2 2 1 1 1 2 0 2 2 4 1 1 2 5 1 4 1 5 2 2 0 2 3 5 2 2 0 1 4 2 0 1 4 2 5 0 4 1 2 0 0 5 0 2 1 2 5 0 5 2 1 3 2 2 1 5 1 3 0 2 0 1 1 4 1 4 0 3 3 3 1 1 0 0 4 3 4 1 2 3 3 1 3 0 2 2 2 7 0 0 3 2 0 3 2 4 2 4 0 1 1 3 3 1 1 3 0 2 0 2 2 5 1 2 2 1 2 1 0 1 2 1 1 3 2 3 4 1 1 2 2 1 3 4 3 2 1 1 1 2 2 0 3 2 6 3 0 2 0 1 1 2 1 0 2 1 2 2 0 0 4 2 5 2 3 1 4 2 4 0 1 0 1 3 3 2 1 1 5 3 1 3 2 3 2 1 3 2 3 1 2 1 2 2 1 2 1 5 3 3 2 4 1 3 1 1 1 2 1 5 3 2 4 0 4 2 1 1 2 0 0 2 6 3 1 3 1 3 2 0 0 1 0 4 0 2 1 3 0 2 3 1 0 2 3 1 4 0 1 2 1 3 1 2 1 3 1 1 2 3 6 0 4 4 2 3 2 2 1 0 1 2 3 1 0 2 3 0 3 1 1 2 3 1 3 2 1 3 3 2 4 1 3 1 1 2 3 4 1 3 1 0 3 2 3 0 1 3 1 4 1 0 4 2 2 6 2 2 2 2 3 3 3 1 1 4 2 1 2 0 3 3 2 3 1 1 2 1 1 3 3 0 4 3 3 2 2 3 0 1 0 0 3 1 0 2 2 1 3 0 3 3 2 3 2 3 1 3 2 4 1 0 2 0 3 3 0 2 2 1 1 1 1 1 1 4 1 3 1 0 3 5 2 1 1 2 4 1 1 1 2 1 2 0 3 3 1 2 1 2 3 2 2 3 0 0 1 1 7 0 7 4 3 2 1 4 1 3 4 4 3 3 1 4 2 1 3 3 3 0 1 2 0 3 2 1 0 1 3 2 4 2 2 2 3 1 2 1 1 0 1 0 5 2 0 3 4 2 1 4 1 2 3 2 1 2 2 3 1 4 3 1 3 1 6 4 0 1 0 3 2 2 0 4 2 1 2 4 2 1 4 1 1 2 6 0 2 2 1 2 1 3 2 2 1 4 1 1 3 0 4 2 0 1 1 3 2 2 1 3 1 2 1 2 3 3 3 3 3 1 1 8 1 0 2 0 2 3 1 4 1 4 2 1 0 0 2 1 7 2 1 5 2 3 0 2 2 2 0 2 3 0 1 2 2 0 5 1 2 2 0 1 1 1 2 0 1 2 2 1 5 5 1 1 5 4 0 1 1 4 3 3 2 2 0 1 2 1 3 3 2 0 0 0 1 1 2 1 2 4 1 1 3 3 2 2 3 1 1 1 1 4 3 3 3 2 1 1 1 3 3 1 2 2 3 1 0 6 2 1 3 2 2 0 4 2 2 2 1 5 0 1 1 4 2 3 2 1 1 2 4 3 3 2 2 1 1 1 3 2 1 0 0 2 0 1 3 2 1 4 1 3 5 3 1 0 2 0 3 3 4 2 5 1 1 0 3 3 1 3 4 4 4 2 4 0 2 3 2 2 1 1 3 2 2 0 1 4 3 3 5 3 0 1 2 2 4 1 0 2 2 1 1 1 1 1 3 2 1 4 3 1 0 2 5 1 2 2 2 2 0 3 2 1 4 3 1 3 2 2 3 2 5 2 3 2 1 1 1 0 2 1 2 1 2 4 3 1 0 2 5 3 1 1 2 2 1 1 5 2 3 3 2 2 3 3 1 1 3 1 1 1 3 2 0 2 4 3 0 1 2 2 3 1 2 3 4 3 0 2 2 3 2 3 2 1 2 4 1 2 2 2 4 2 0 2 4 2 3 3 4 3 3 0 4 1 0 1 2 3 4 2 2 1 2 6 1 4 1 3 3 2 1 5 1 3 5 0 1 1 1 2 1 4 3 1 2 2 0 4 0 1 0 2 4 1 3 2 2 2 2 2 0 5 2 0 1 2 2 0 1 0 2 3 5 1 2 1 2 1 2 1 2 0 3 2 2 1 2 1 1 1 3 2 3 1 0 1 3 3 2 0 1 1 1 1 4 1 2 3 3 1 2 0 2 1 3 3 3 2 1 0 1 1 3 1 6 2 3 2 2 3 2 2 0 1 5 2 3 2 1 3 1 4 0 1 5 1 3 2 3 3 0 1 3 3 4 2 1 4 0 2 2 2 2 4 4 1 3 0 1 4 0 2 2 2 1 3 4 1 2 3 2 0 4 2 3 3 0 2 1 1 0 4 1 4 3 1 4 0 1 3 2 3 1 0 3 2 3 1 1 2 0 3 1 2 3 2 1 3 1 1 0 1 1 3 2 2 1 2 3 2 2 4 4 1 4 5 4 3 0 3 1 0 3 2 0 2 0 3 2 0 1 2 2 0 1 1 2 0 2 1 2 2 4 4 1 2 0 2 2 1 2 2 1 2 1 5 1 0 3 3 2 1 1 3 1 1 2 4 2 0 4 0 1 3 1 1 2 3 4 1 2 4 3 1 0 2 3 1 0 3 2 2 1 0 4 0 6 2 1 5 2 4 1 3 1 1 3 2 0 2 2 2 5 0 2 2 1 1 5 1 6 2 3 0 2 4 2 1 4 1 3 0 1 1 0 0 2 4 2 2 6 2 2 2 3 2 3 6 2 1 3 3 1 3 2 4 6 0 1 4 1 0 1 0 0 1 4 1 1 5 3 1 4 2 3 2 0 0 3 3 1 1 4 2 1 3 3 1 2 0 4 1 3 2 2 1 2 1 2 1 3 1 0 3 1 0 2 2 1 1 0 2 2 3 2 4 1 3 4 1 1 0 1 1 5 3 1 0 2 6 2 1 1 4 1 3 1 2 3 1 0 3 2 3 4 3 2 3 2 0 3 2 3 3 1 1 2 2 0 3 0 3 4 2 0 2 2 2 2 1 0 4 1 1 1 0 2 3 0 2 5 1 2 3 4 3 0 2 1 2 3 1 0 2 2 2 1 2 4 1 3 3 0 0 2 2 2 0 2 1 4 2 2 2 0 0 3 0 3 4 1 2 0 4 4 1 4 2 4 0 1 2 2 0 0 2 2 3 5 0 5 2 3 2 4 1 0 4 0 2 2 2 1 1 3 4 0 3 1 0 3 3 2 3 0 3 5 2 0 2 1 1 1 4 1 2 3 3 2 1 0 3 5 1 4 0 1 0 0 1 2 3 0 1 3 2 2 1 0 3 4 4 2 1 1 1 1 1 3 2 5 1 2 1 2 4 3 3 1 0 3 1 1 3 3 3 2 5 1 2 4 0 5 1 2 3 2 4 1 1 2 2 3 1 0 2 1 1 3 0 1 3 2 0 3 2 2 1 2 2 3 3 1 3 2 6 2 1 1 0 1 2 1 1 2 3 4 1 1 5 3 1 2 0 1 3 1 2 2 1 5 4 5 0 1 2 2 6 0 0 2 2 2 1 1 0 1 5 4 2 0 2 2 0 0 1 2 3 2 2 0 1 3 4 0 1 3 3 1 1 3 1 2 0 2 0 2 4 0 3 2 2 2 1 1 1 0 3 2 4 2 1 3 0 0 3 1 1 1 2 2 3 3 0 0 0 1 3 1 1 3 4 3 5 0 2 1 0 2 3 2 4 3 2 0 6 3 1 0 3 1 0 1 2 2 0 2 1 2 3 2 3 4 5 0 1 2 0 0 1 3 0 4 3 2 0 1 3 2 1 5 2 3 1 2 2 1 2 0 3 0 2 2 1 1 3 3 2 3 2 3 5 6 0 2 3 3 1 2 1 3 1 2 1 3 7 3 2 1 1 2 0 2 1 1 1 2 1 5 0 2 4 1 2 1 1 1 2 0 0 1 1 0 0 2 1 3 0 2 2 3 1 3 1 2 2 0 3 4 1 1 2 2 3 3 2 0 2 3 4 2 1 4 4 1 2 3 1 1 2 3 1 1 3 4 2 3 4 3 1 1 1 0 2 1 1 2 3 3 3 1 1 2 2 1 4 3 1 1 1 1 2 1 4 6 1 2 1 1 3 1 0 1 0 1 3 2 4 1 1 6 1 0 0 0 5 3 0 3 1 2 2 1 4 2 4 1 4 1 2 4 1 2 0 2 0 1 3 1 4 3 1 1 1 0 1 2 2 5 3 3 2 4 3 0 1 1 0 4 0 1 1 4 2 3 3 4 4 1 0 3 1 2 0 2 1 2 3 1 4 1 3 3 2 3 1 2 2 3 0 2 2 1 1 0 2 2 2 6 3 3 0 4 2 1 0 1 1 2 3 3 1 2 4 1 2 5 1 0 1 1 2 2 5 1 2 1 0 3 1 2 2 1 3 1 2 3 5 2 2 2 0 2 3 2 4 1 0 2 1 3 1 1 1 2 3 1 0 1 5 2 0 1 3 1 3 0 1 3 3 3 2 4 1 3 2 1 1 2 2 2 0 3 0 2 1 0 0 0 2 4 2 1 2 2 3 2 0 0 2 0 1 0 1 4 6 2 3 3 3 3 2 4 0 3 4 1 4 1 5 2 3 1 0 1 2 2 0 1 1 4 4 1 1 3 0 1 2 2 1 3 2 3 0 7 2 2 3 3 3 3 4 2 0 0 0 1 0 0 3 2 2 4 2 2 3 1 1 3 2 2 4 3 6 2 3 1 1 4 0 1 3 0 4 2 1 0 3 2 4 0 2 1 3 1 2 3 4 2 2 6 2 2 2 1 1 5 1 1 2 2 2 3 1 2 2 1 1 0 2 2 2 3 3 1 2 0 1 2 0 0 1 1 4 5 0 5 1 2 1 3 3 4 2 0 1 2 0 3 4 0 3 1 2 2 3 2 3 1 2 2 1 2 3 0 1 1 1 1 6 1 4 2 2 4 0 2 1 5 2 2 2 2 3 2 0 0 0 1 2 1 1 5 0 2 1 2 4 1 1 3 3 0 1 4 1 4 1 3 3 4 0 1 2 2 1 0 1 2 3 1 3 4 4 2 1 3 1 2 2 3 2 1 4 2 1 5 1 6 0 1 3 2 0 2 2 0 1 2 2 2 0 3 4 1 3 4 1 1 1 1 1 3 2 2 3 1 0 4 1 2 3 1 0 2 1 5 0 1 0 1 3 0 2 5 2 2 0 3 2 1 2 3 4 2 3 0 0 1 3 3 1 1 3 3 2 0 1 4 3 3 3 1 0 3 2 0 3 4 1 2 1 2 5 0 2 2 4 1 0 1 4 1 3 4 2 3 0 2 2 0 3 4 0 0 2 0 3 2 2 2 1 0 5 1 2 1 2 1 2 1 2 1 3 1 1 4 3 1 1 1 3 1 3 1 1 1 5 3 1 3 1 1 0 4 0 0 4 0 1 2 4 2 1 5 1 3 1 2 2 2 2 0 1 4 0 1 3 1 2 3 3 2 2 2 3 1 1 4 3 4 2 2 4 2 1 4 3 0 5 1 2 2 2 3 1 0 3 3 1 5 2 2 6 2 2 2 3 1 1 2 1 1 2 5 2 3 0 2 1 1 0 1 2 0 2 1 1 4 2 3 3 1 0 2 1 3 2 2 2 0 2 0 3 2 3 1 0 2 3 4 1 1 4 3 3 6 4 1 3 1 0 0 2 3 2 4 1 2 2 4 0 0 5 0 4 3 2 4 0 2 2 0 5 0 1 3 2 3 1 3 2 3 1 2 2 1 3 1 1 2 3 2 1 1 1 5 3 0 1 5 2 2 2 2 2 1 2 0 0 0 0 3 1 5 2 2 1 4 3 4 4 0 4 3 0 3 2 3 1 5 1 1 4 2 0 1 1 3 3 0 1 2 0 3 1 0 2 1 0 1 3 3 2 2 2 1 2 2 3 0 3 0 2 1 1 2 0 4 3 5 1 0 1 2 0 1 3 4 3 2 1 1 4 0 1 0 1 4 6 3 3 3 1 3 0 3 3 4 2 2 1 0 3 1 0 3 1 1 2 2 4 4 1 2 2 2 3 3 1 0 1 1 2 1 2 3 1 1 0 5 3 2 1 1 1 3 1 1 1 3 4 1 1 6 3 4 2 2 1 2 1 3 3 4 1 2 1 1 0 0 1 3 1 3 3 3 2 0 3 1 3 4 0 1 5 3 2 3 2 2 2 3 0 1 0 3 1 4 2 6 0 4 3 2 2 1 1 5 1 1 2 2 1 1 2 1 0 2 3 2 1 1 3 3 2 2 0 4 1 0 0 1 1 3 4 2 1 5 3 2 2 1 1 0 1 2 2 3 2 3 0 1 1 0 4 4 0 1 0 1 2 5 1 2 3 5 3 0 0 1 2 1 1 5 4 0 2 2 5 1 4 0 1 1 4 1 0 3 1 4 4 3 0 0 1 2 4 5 1 2 1 3 2 1 0 1 1 2 2 1 2 2 1 1 1 1 3 3 0 6 6 3 3 1 1 1 0 2 2 2 4 1 3 2 1 2 3 4 1 4 3 2 2 1 4 1 3 1 3 2 4 1 0 3 0 0 1 4 1 1 1 0 3 0 2 1 2 1 0 2 2 2 3 0 7 0 3 1 1 0 2 1 5 2 1 2 1 0 1 2 3 2 4 1 2 1 1 2 1 3 4 2 1 2 0 2 3 0 3 1 2 1 0 1 1 2 3 3 1 1 2 0 1 1 2 4 2 2 2 1 4 1 1 3 6 2 3 1 1 2 4 2 2 2 1 1 3 2 2 2 2 1 1 1 2 2 0 3 0 4 2 3 1 1 1 4 0 1 1 0 2 1 2 3 0 2 5 0 0 0 4 2 3 2 2 4 3 1 5 1 2 2 0 3 1 1 1 1 6 4 2 0 2 1 3 1 1 3 1 3 4 4 0 2 4 4 1 3 2 0 4 3 0 0 2 3 1 3 2 1 4 0 1 3 3 2 0 1 3 6 0 1 2 2 2 2 2 0 2 4 2 4 2 1 1 3 4 1 0 2 0 3 0 1 1 5 0 6 0 2 2 2 2 2 1 2 2 2 4 1 0 1 0 4 4 0 3 1 1 1 3 0 1 3 2 1 2 0 5 3 2 2 3 0 4 6 1 2 2 0 1 0 2 2 0 6 0 2 1 1 1 4 3 3 3 1 2 1 2 4 1 3 0 2 0 0 1 2 2 1 3 5 2 1 3 5 1 1 2 1 1 2 0 0 0 2 3 3 1 1 2 0 2 6 0 2 2 3 2 2 1 4 3 2 4 4 1 2 2 1 4 1 3 2 4 0 1 4 1 4 3 1 4 1 3 1 1 1 1 2 1 2 1 1 0 2 1 0 3 2 3 1 6 1 2 1 0 6 4 0 0 4 1 1 4 2 2 2 1 2 1 3 4 0 1 4 4 3 1 2 4 0 3 4 0 2 2 2 4 4 2 2 1 2 0 2 2 2 4 3 1 1 3 1 1 2 2 2 6 1 4 3 3 1 3 0 0 2 2 2 1 2 2 4 1 4 3 2 1 1 4 2 1 4 1 2 4 2 1 1 4 1 2 2 2 1 2 3 4 5 2 2 0 0 6 2 2 3 1 1 1 0 4 1 2 2 1 1 2 0 2 5 2 2 3 1 2 2 2 0 4 1 0 4 2 1 3 3 3 2 2 4 1 0 2 2 4 3 1 1 0 4 1 1 2 5 0 4 6 1 3 2 2 2 3 3 1 1 1 0 2 2 3 6 4 3 0 3 2 1 1 3 2 2 1 5 4 2 3 1 2 1 2 3 2 1 2 2 1 2 0 2 1 2 1 3 2 2 0 4 3 4 0 4 0 4 3 1 0 2 3 3 4 2 3 1 3 4 2 3 0 3 1 3 1 3 0 3 2 2 0 4 3 3 3 2 1 2 0 2 1 2 0 1 1 1 2 1 1 1 0 2 0 5 0 4 5 2 0 1 0 4 1 4 1 0 3 1 4 2 1 0 6 3 1 1 1 1 1 2 4 2 4 0 1 2 3 2 1 0 2 2 1 4 2 2 2 2 0 1 2 5 2 2 4 0 2 3 2 1 0 2 2 2 4 2 2 1 2 2 1 3 3 3 2 0 2 1 5 1 0 4 3 0 5 1 3 3 0 0 1 1 3 3 5 1 2 0 2 2 1 4 5 2 3 2 2 1 4 2 3 4 2 3 1 4 3 1 2 0 1 4 3 2 1 0 0 5 3 2 2 1 2 5 2 0 2 0 1 3 3 2 3 2 0 4 2 1 2 4 2 4 2 1 1 1 3 0 1 3 4 0 0 2 6 2 0 0 3 2 1 1 5 2 3 2 0 2 0 2 2 1 1 6 3 0 3 2 0 1 3 4 0 0 2 3 3 5 1 2 1 1 1 1 0 1 2 3 3 3 4 2 1 2 3 0 0 1 5 2 2 3 2 2 2 2 2 1 3 0 1 4 5 2 4 0 3 1 3 1 2 3 5 3 2 2 0 2 2 2 5 1 4 1 3 0 2 3 2 1 1 1 0 1 2 5 2 3 0 2 1 3 1 4 2 2 0 2 1 2 0 5 1 3 0 3 2 5 2 1 0 2 2 1 2 6 4 4 1 2 2 0 3 2 3 2 0 3 0 2 3 3 0 3 1 2 1 1 3 1 1 3 1 3 2 2 3 2 1 2 3 2 2 3 0 0 0 0 2 4 2 3 2 2 3 3 0 4 1 5 1 2 4 4 3 0 4 0 2 2 3 1 2 1 4 5 1 0 1 0 2 5 1 3 1 3 0 0 0 5 2 0 0 2 0 3 1 0 1 2 0 3 1 2 3 3 1 3 0 2 0 0 0 1 4 2 2 4 3 3 0 2 3 0 6 0 3 1 1 5 3 4 4 1 1 2 4 0 3 1 3 0 1 1 3 3 1 3 1 5 4 0 3 0 1 4 3 0 4 1 2 4 3 1 1 4 3 2 3 2 2 4 3 1 2 2 0 3 1 1 2 5 1 2 3 2 1 1 2 1 2 1 1 1 3 1 4 2 4 2 1 3 1 2 5 2 2 2 1 0 1 1 1 2 1 4 2 2 1 4 1 2 1 2 1 1 3 2 1 4 1 3 2 4 1 1 4 0 5 2 1 0 1 0 2 4 2 1 4 1 3 1 0 1 2 3 3 3 4 1 2 3 3 0 1 1 2 2 1 1 2 1 3 2 3 2 2 4 2 1 1 3 1 0 0 1 1 2 3 4 2 3 4 1 2 0 0 4 2 3 6 2 3 0 2 2 2 5 4 3 2 4 0 2 2 1 5 2 2 1 2 3 4 4 2 2 1 2 0 2 1 2 1 2 2 2 0 2 2 1 2 2 2 0 2 2 3 0 3 0 4 0 1 0 1 3 2 0 1 1 2 2 2 2 0 2 2 0 0 0 2 4 1 4 3 4 1 2 2 3 2 1 0 5 5 0 1 2 2 2 1 1 6 1 1 4 1 2 3 1 3 2 3 0 3 5 1 2 1 0 1 1 0 1 1 5 3 2 3 3 3 3 1 2 1 4 1 4 1 0 2 0 0 1 2 4 0 1 3 4 2 1 5 1 2 3 1 4 0 2 1 2 2 2 1 0 0 5 1 1 1 3 1 4 2 2 0 0 2 2 2 2 1 0 3 2 1 3 2 2 0 2 2 3 2 1 1 1 1 0 4 2 0 1 4 2 3 3 0 2 3 4 3 1 0 4 4 1 4 1 1 1 2 2 1 2 0 4 3 3 3 1 1 3 0 1 2 2 0 1 3 1 1 0 0 2 5 3 1 1 1 3 1 2 2 2 1 4 3 1 1 1 3 0 1 4 2 1 3 1 1 0 2 1 2 2 1 2 1 5 1 3 3 5 4 1 1 4 4 0 2 1 1 1 5 1 1 1 2 3 0 4 1 2 5 1 2 1 1 1 2 1 0 0 4 2 1 3 2 1 2 0 2 1 1 2 2 3 0 3 1 1 2 3 2 2 1 4 1 2 0 2 3 1 4 5 1 1 4 1 4 1 1 2 1 1 0 3 3 0 1 3 3 2 0 3 4 1 2 1 3 3 2 0 1 2 2 4 2 5 3 2 1 3 4 3 2 1 1 0 0 1 2 4 4 2 1 1 4 0 2 3 2 2 1 1 1 0 0 1 2 3 1 5 3 3 2 2 2 3 0 2 1 2 1 2 2 3 0 2 4 3 0 2 4 3 4 2 1 0 2 3 3 1 1 2 2 4 1 0 1 3 3 5 3 2 4 2 3 2 2 3 4 0 1 1 0 2 2 2 0 1 1 2 1 1 3 4 4 2 2 1 5 2 1 2 2 1 1 3 1 3 2 1 0 1 1 0 3 1 2 2 3 1 0 3 2 2 1 2 5 0 1 4 2 1 3 2 0 3 2 0 2 3 2 1 1 2 1 1 0 3 1 2 2 2 1 4 1 7 3 2 0 2 3 3 3 0 1 3 0 1 0 5 4 1 1 2 2 3 1 2 2 1 1 3 0 0 1 1 4 3 3 2 3 1 4 1 0 2 0 0 2 0 2 0 1 1 1 1 3 1 1 1 0 2 3 2 3 0 1 2 1 2 3 1 1 2 4 0 1 0 2 3 1 2 2 0 1 0 2 2 2 1 3 4 1 2 1 2 1 2 2 4 2 0 3 2 3 0 1 3 2 1 1 2 1 1 2 2 2 2 0 4 1 3 1 1 0 4 4 0 2 4 1 3 0 1 3 3 0 3 3 3 3 3 0 1 1 3 1 5 2 1 1 1 1 3 4 1 1 2 2 0 1 1 2 0 4 2 1 2 0 1 3 1 4 1 9 4 2 2 0 2 2 3 3 0 5 2 0 1 1 2 1 1 1 4 1 2 4 3 2 1 1 2 0 1 0 1 1 2 2 4 4 4 1 0 0 2 2 5 6 1 0 3 3 1 1 3 1 0 0 1 3 4 2 0 1 3 5 1 1 3 1 0 1 2 1 0 0 2 3 0 4 1 0 1 0 0 0 3 3 2 1 1 4 1 1 2 2 0 2 0 2 1 5 1 2 2 0 1 4 0 1 0 2 3 1 2 2 1 3 2 1 6 5 3 0 2 1 1 2 2 0 2 2 3 1 4 2 1 0 1 0 1 1 1 0 2 7 2 0 3 1 3 4 2 3 1 1 3 3 2 3 2 2 2 1 2 2 1 0 2 2 3 1 2 7 0 5 2 3 3 1 2 0 1 1 3 0 1 3 0 2 3 1 1 0 4 1 5 3 1 2 2 3 3 2 0 4 1 2 2 3 0 1 3 3 2 0 1 3 2 1 2 5 2 2 4 0 1 0 3 1 3 1 3 2 2 1 3 2 3 2 2 2 2 3 2 3 3 1 2 1 1 3 0 0 3 1 0 1 3 3 2 0 4 4 3 3 4 0 3 3 0 1 4 1 4 2 3 0 1 3 3 3 1 2 0 0 2 1 4 3 3 1 1 4 2 0 2 2 0 3 3 2 4 5 3 1 3 4 2 3 2 2 1 2 2 2 1 4 1 4 3 3 3 1 2 0 2 1 2 1 0 3 2 2 4 1 1 0 1 1 2 3 2 1 3 4 2 1 1 2 3 1 2 3 0 2 2 3 4 3 4 3 2 1 1 0 1 2 4 2 5 0 3 1 2 2 0 4 3 2 1 0 2 4 1 0 1 0 2 2 3 0 1 3 1 0 2 2 2 2 0 4 4 3 7 2 2 1 1 2 1 1 4 1 2 1 3 2 3 2 4 0 2 0 6 0 3 4 2 1 2 2 4 2 3 4 1 3 4 2 1 1 1 2 3 0 0 2 5 3 1 0 2 4 3 1 1 2 1 1 3 3 2 0 2 2 1 1 2 3 2 1 0 1 2 3 3 0 2 2 1 1 1 2 2 2 4 1 3 2 0 2 2 1 1 1 2 4 1 1 4 4 3 1 4 1 4 1 1 2 2 2 3 1 2 1 0 1 2 0 1 1 2 2 2 0 3 3 3 2 3 2 3 1 2 1 2 1 3 0 1 1 2 4 1 0 4 2 2 3 2 2 0 3 1 2 2 1 4 2 2 5 1 3 2 0 3 1 2 2 0 1 3 3 2 1 0 3 3 5 5 1 1 0 3 1 1 1 3 2 3 3 1 2 4 2 2 1 2 4 2 2 4 3 1 2 2 4 2 2 1 4 4 0 4 3 0 0 2 3 1 1 3 3 3 0 1 3 1 2 2 2 1 2 0 0 1 3 2 0 5 1 3 1 4 6 1 1 0 3 1 3 2 2 2 4 1 0 2 3 3 1 0 1 3 5 1 1 2 2 1 5 0 2 3 2 2 1 2 2 2 2 3 2 1 3 1 0 3 1 2 2 2 2 7 1 2 3 1 1 1 1 4 0 1 2 4 2 6 2 0 3 1 2 3 1 3 2 2 1 0 4 3 3 4 0 4 2 5 0 2 1 2 2 0 4 1 3 2 0 1 3 2 4 5 3 1 0 1 1 5 1 2 2 4 2 0 1 2 1 3 2 3 1 4 2 5 1 6 0 1 4 0 0 1 2 3 3 2 1 3 3 1 0 4 0 1 2 2 2 2 4 2 0 5 2 1 0 2 2 3 0 1 2 2 1 2 2 4 1 3 3 0 1 4 4 3 2 0 2 1 4 3 2 0 1 3 2 3 3 0 0 1 3 0 3 2 2 2 1 2 3 2 3 2 2 1 1 1 3 2 2 1 2 0 3 2 7 5 1 2 0 2 1 0 2 0 6 2 0 4 4 1 1 2 4 1 2 1 0 3 1 2 0 5 1 2 2 6 1 1 2 0 2 1 1 1 1 1 3 2 2 2 0 4 1 2 3 0 1 0 2 1 1 2 2 2 3 2 3 3 0 2 1 1 0 1 4 1 4 2 2 2 4 6 1 1 1 3 3 2 1 2 2 3 3 3 2 3 2 0 1 2 6 0 1 1 2 1 3 1 3 4 2 5 0 0 2 2 1 1 1 1 3 3 1 2 0 1 0 2 5 1 1 2 3 0 6 2 2 6 1 1 1 3 1 0 0 4 2 1 1 3 1 3 3 0 1 2 2 2 6 1 1 2 1 1 1 6 0 5 2 2 4 0 1 1 1 3 2 3 3 3 1 0 2 2 3 4 1 1 3 0 1 1 0 2 3 1 0 3 0 0 0 3 1 2 1 1 3 2 2 0 2 0 1 2 2 2 3 1 0 1 0 2 1 4 1 2 0 0 3 2 2 0 4 4 2 1 5 0 2 3 0 3 2 3 3 3 1 4 0 0 0 0 4 5 5 0 3 1 2 4 2 1 1 2 2 3 1 1 2 2 2 2 2 2 3 2 1 1 4 3 3 1 2 1 5 2 2 1 2 2 3 2 3 4 1 2 3 0 2 1 1 0 4 2 2 1 1 2 3 2 3 3 2 3 3 3 0 3 0 0 1 3 4 1 2 0 3 2 2 3 2 1 2 2 2 4 2 0 1 1 2 2 3 0 2 0 3 5 0 1 1 0 1 1 1 3 3 1 0 2 2 2 1 4 0 3 3 1 1 2 0 2 2 2 6 1 4 1 0 3 0 3 3 1 2 3 3 4 3 1 2 0 1 5 3 1 0 3 0 0 4 4 2 1 4 2 3 3 0 2 1 1 2 2 3 1 6 2 4 1 1 3 2 0 2 4 1 1 2 3 7 0 2 1 0 2 1 2 0 2 6 0 1 2 3 2 3 3 3 1 0 2 2 1 2 3 2 2 3 0 1 1 1 3 4 2 2 2 3 1 0 0 4 0 1 4 3 3 0 3 4 3 0 1 0 1 1 0 2 3 1 3 3 1 4 2 1 3 0 1 1 2 1 2 4 3 2 1 2 2 1 1 2 0 3 3 0 1 2 2 2 4 4 1 2 0 2 4 2 2 0 2 0 0 3 1 4 1 1 4 1 3 1 1 2 3 1 1 4 1 0 2 2 3 2 3 2 1 1 1 0 2 7 4 1 1 1 2 3 3 1 0 4 1 0 2 2 1 0 4 5 1 1 0 0 1 1 2 3 3 1 1 3 1 0 2 2 4 1 2 1 3 2 4 3 4 2 1 2 1 2 0 2 5 3 3 4 0 1 0 1 4 2 3 5 1 2 1 3 3 2 6 1 2 2 1 1 2 4 1 2 5 2 2 3 2 3 1 3 1 0 1 4 2 4 4 2 3 2 1 1 5 2 0 1 3 4 4 1 1 0 0 3 6 3 2 4 2 4 1 2 1 1 3 3 4 2 1 2 1 2 1 2 5 3 4 0 0 4 1 4 2 1 2 3 2 1 2 2 4 3 1 1 4 0 4 2 2 3 1 2 2 0 0 1 2 0 2 3 2 1 1 2 1 3 2 1 0 0 1 3 6 3 2 2 0 2 0 1 2 4 1 4 0 2 1 3 1 3 2 5 3 0 3 0 2 1 5 3 1 2 4 4 0 0 4 1 0 4 2 3 3 1 2 1 3 2 2 2 2 1 2 1 1 1 2 0 2 2 1 3 2 2 1 2 3 5 1 1 1 2 1 1 1 2 3 1 1 2 2 4 0 0 4 1 3 1 2 2 1 0 3 2 1 2 1 2 1 1 2 2 3 3 1 3 3 2 1 3 1 0 3 0 3 0 2 2 2 3 1 3 3 2 4 2 2 1 4 1 5 3 2 1 3 1 1 1 0 3 1 6 1 0 1 4 2 0 0 1 2 3 0 0 1 1 2 2 2 1 2 2 0 3 1 2 0 6 1 1 2 5 2 4 4 2 2 1 2 1 2 2 3 1 1 3 2 1 2 1 2 3 3 3 1 4 0 3 1 2 1 2 1 1 1 2 3 0 1 5 4 3 2 4 0 2 0 2 4 3 1 5 2 0 0 1 1 3 1 3 2 4 4 4 3 0 1 1 1 0 2 4 2 1 5 0 3 3 3 2 4 1 3 1 1 1 2 2 3 0 5 0 2 0 3 1 1 1 3 2 3 1 3 2 3 1 5 1 2 1 2 1 0 1 0 1 1 2 6 2 0 1 4 1 1 3 3 1 2 1 0 2 4 3 0 1 2 2 4 2 1 3 2 1 0 4 1 3 2 1 0 2 2 3 2 2 2 2 2 1 3 0 0 0 0 2 1 4 4 0 1 2 1 0 6 2 2 1 1 1 0 2 2 3 3 1 1 3 2 4 1 1 0 2 1 0 1 1 2 1 1 6 2 0 1 2 1 2 0 3 0 3 3 2 1 0 1 1 3 2 1 5 3 1 2 1 0 1 3 1 1 2 0 3 3 2 2 3 1 1 0 1 3 1 1 3 0 2 3 5 1 2 2 3 3 5 1 2 2 3 0 1 1 2 2 3 0 2 3 0 1 1 3 2 2 1 5 3 0 1 4 2 3 5 1 1 1 1 3 1 1 3 0 4 2 0 4 2 2 0 1 4 2 1 3 4 2 4 0 2 1 3 2 1 3 2 3 2 3 2 1 1 0 3 1 2 3 1 1 1 1 2 2 3 1 4 3 3 6 1 1 2 4 0 2 1 1 2 0 2 1 1 0 1 3 0 0 1 4 2 2 3 0 4 2 2 1 3 2 0 3 3 7 4 1 1 2 2 1 2 3 1 0 2 0 2 3 3 1 3 5 1 2 2 2 2 0 1 3 2 2 2 1 1 6 3 1 1 1 6 3 1 3 3 5 1 2 1 1 2 1 1 3 1 1 1 1 2 1 2 2 3 3 2 1 1 0 4 4 3 2 1 2 1 1 2 1 3 3 2 5 1 3 0 4 1 0 1 1 4 3 3 0 2 1 2 0 4 3 0 3 5 0 2 3 1 1 1 0 3 0 0 4 2 2 1 1 3 4 1 3 0 3 1 3 0 2 3 2 4 1 3 1 1 1 2 2 4 1 2 5 2 1 4 1 3 2 1 2 2 0 2 1 2 2 1 4 0 1 4 0 2 1 0 2 2 1 0 3 2 2 2 0 1 0 2 6 4 4 2 1 0 2 2 2 1 3 3 5 3 3 1 3 2 4 3 0 3 2 2 4 3 3 0 0 4 2 2 2 2 2 2 1 5 0 3 5 0 1 4 0 3 3 1 1 2 0 0 3 2 1 2 3 2 0 0 5 4 3 1 1 3 1 1 1 1 1 2 0 2 2 2 2 6 1 2 0 5 1 2 2 3 2 2 2 0 3 2 2 1 5 1 1 4 0 3 3 3 3 2 1 0 2 0 1 5 3 1 2 2 3 0 2 1 1 1 3 1 1 3 1 2 1 1 4 3 0 1 1 0 2 1 2 2 2 4 0 2 2 2 0 1 1 4 2 2 3 0 1 3 1 0 3 3 0 2 3 4 6 1 2 1 2 0 1 3 1 2 1 1 4 2 0 4 4 1 2 0 0 3 4 1 2 2 0 0 4 3 0 1 2 1 0 0 6 2 1 2 0 1 2 2 3 1 2 3 4 2 0 3 1 5 2 2 0 2 1 0 1 2 1 1 3 0 5 2 1 0 2 1 1 1 3 1 2 2 3 1 3 2 1 3 3 4 6 4 2 1 2 2 2 4 1 0 0 2 1 3 0 3 1 2 2 3 5 2 1 2 1 1 3 2 5 8 2 4 2 1 3 3 2 4 3 0 1 3 2 3 1 1 1 4 1 2 2 1 2 0 4 1 1 2 4 2 0 4 0 1 4 2 1 1 2 1 2 3 2 3 4 4 0 1 3 2 3 1 4 2 1 0 0 2 2 2 2 4 3 1 2 2 0 3 1 1 2 3 3 0 3 0 5 2 1 3 6 1 2 0 2 5 1 5 3 2 2 2 1 0 3 2 4 1 1 2 3 4 1 1 1 2 2 1 3 1 0 3 2 2 2 1 2 3 3 2 3 2 0 1 2 5 0 2 2 1 1 2 3 3 2 1 1 5 1 2 1 2 2 2 1 2 1 3 1 4 0 2 1 1 1 4 2 5 1 3 1 1 1 1 3 0 2 1 4 1 2 2 0 3 2 3 2 2 5 1 5 0 1 1 1 1 2 1 2 0 2 2 2 2 1 1 1 2 3 2 2 4 2 0 1 4 3 2 1 0 1 4 2 3 5 2 1 1 2 0 4 3 1 2 2 2 2 3 4 2 2 5 2 3 2 1 3 4 1 1 3 1 2 5 2 3 3 2 1 0 2 2 1 3 3 4 0 2 2 3 3 4 1 2 3 3 1 5 1 2 3 0 1 6 2 4 1 0 2 3 3 1 6 4 2 0 0 0 2 1 3 2 2 3 1 3 1 1 1 1 1 0 1 3 0 1 2 0 4 3 2 3 1 4 1 3 1 3 0 2 1 1 0 0 2 6 2 2 3 2 1 4 1 1 2 2 1 2 1 1 0 2 2 3 7 1 4 5 3 3 2 1 4 0 2 3 0 2 1 3 0 5 2 1 2 2 1 1 2 1 1 5 2 1 2 2 2 1 1 2 4 0 1 2 2 2 2 1 3 1 2 2 3 1 0 1 2 1 0 1 1 4 4 2 1 3 1 1 2 1 0 1 1 3 1 2 3 2 3 1 2 2 1 2 1 1 2 0 4 3 0 2 0 3 2 1 0 2 1 2 3 1 1 2 7 3 3 1 1 1 4 4 5 0 4 2 3 1 2 1 3 1 1 2 2 0 2 2 2 2 3 1 3 3 3 3 4 0 2 3 0 2 4 1 4 1 2 2 1 3 2 2 0 3 6 3 1 2 1 2 2 2 2 1 3 1 3 2 1 3 1 1 1 3 2 0 0 3 1 6 0 4 0 1 2 1 1 2 2 0 3 1 0 4 2 3 1 1 2 1 3 3 2 3 4 2 3 3 2 1 2 2 1 2 3 4 1 2 3 3 1 1 3 0 1 3 0 3 1 3 2 1 1 4 3 3 2 0 3 3 0 1 1 6 2 4 1 1 2 0 0 2 4 2 0 1 6 3 0 2 2 4 1 3 3 2 1 2 0 0 2 4 3 3 1 1 3 0 4 1 2 3 2 2 3 2 1 4 2 3 2 5 1 3 4 2 2 1 0 3 2 2 1 5 0 3 1 3 1 2 1 0 0 3 1 1 2 1 2 1 0 3 1 6 1 1 1 0 1 2 4 3 4 0 2 2 0 2 1 0 1 2 2 0 1 4 1 1 5 1 2 2 1 3 3 2 2 0 0 2 1 0 0 0 3 2 4 0 3 4 3 1 1 3 1 2 3 5 2 1 0 3 1 1 1 2 3 1 1 1 1 2 0 2 1 1 2 3 3 1 2 3 3 0 2 1 2 1 3 2 3 0 1 1 3 2 2 4 2 4 1 2 2 0 1 2 0 3 1 1 2 2 1 1 3 3 3 1 0 2 4 2 2 3 1 4 4 1 2 1 2 1 2 2 1 2 2 4 3 1 1 4 1 0 3 2 5 0 0 1 1 2 2 4 1 1 1 2 4 1 1 1 2 4 1 3 2 1 0 2 1 2 3 3 4 2 0 3 3 4 0 2 3 1 4 4 2 1 2 1 2 0 3 1 2 2 6 1 0 2 4 1 1 0 2 2 0 2 2 2 3 0 3 1 4 2 2 2 3 2 1 0 3 0 2 2 0 1 2 2 2 3 0 3 3 1 1 4 2 1 3 1 1 2 3 1 1 2 1 3 1 1 3 0 1 3 1 3 0 2 1 3 2 4 3 2 3 2 1 2 0 4 4 0 3 2 4 1 2 3 2 4 3 2 1 5 2 2 2 2 2 0 1 2 2 4 2 1 4 1 2 2 0 1 0 1 6 4 2 3 1 1 1 4 4 1 0 1 2 2 2 1 3 2 6 3 2 1 2 1 4 3 1 6 2 4 0 1 2 1 2 3 2 1 4 2 0 1 0 1 2 1 3 2 3 2 2 1 1 0 2 0 6 2 1 1 0 3 2 2 6 3 3 2 2 2 1 2 2 1 1 2 2 3 2 5 2 1 1 3 1 3 3 3 2 1 2 4 0 2 2 1 3 1 3 1 2 0 5 1 2 2 1 1 0 0 4 0 1 3 4 1 1 0 3 1 2 2 3 2 0 1 1 2 1 1 4 3 1 1 5 2 2 0 1 3 3 5 1 1 2 1 0 2 2 3 2 0 5 1 2 2 2 4 1 0 3 4 2 2 0 2 1 2 3 2 4 2 2 1 0 3 3 3 1 1 3 0 0 1 3 4 3 3 1 1 4 4 2 2 2 2 1 0 2 0 4 3 1 5 0 2 1 1 0 2 4 5 1 0 3 4 0 2 2 1 2 4 1 2 2 3 3 3 3 4 4 1 2 3 2 1 1 1 2 1 2 1 2 2 3 0 1 1 3 2 0 0 4 3 3 2 3 1 2 0 5 0 2 1 3 1 1 2 4 1 0 3 2 3 3 0 2 3 3 1 3 3 2 2 2 1 4 1 2 4 2 2 1 1 2 2 3 2 5 2 2 4 2 1 3 0 0 3 3 1 0 7 0 2 2 2 1 1 4 1 0 4 1 1 5 2 2 2 1 3 3 2 3 1 2 3 1 1 1 1 3 1 2 1 2 0 3 2 3 4 2 3 2 0 1 2 1 1 3 1 2 1 0 1 2 3 4 0 3 1 2 1 4 1 2 2 1 2 0 3 2 2 2 2 3 6 1 2 3 1 2 1 2 6 2 4 4 1 1 0 3 0 3 2 2 4 6 2 1 0 2 0 2 3 4 0 2 1 2 4 2 2 3 5 0 1 2 0 5 1 1 3 2 2 1 0 1 2 2 2 0 2 2 1 5 0 3 5 1 2 3 0 2 0 2 3 3 4 1 3 2 2 3 1 2 3 1 1 1 1 0 4 1 4 0 3 4 0 1 2 4 0 3 0 0 4 1 5 2 1 1 4 5 2 0 2 3 1 1 3 3 2 2 2 1 0 2 2 2 2 2 3 1 4 0 5 3 1 2 3 4 1 3 3 3 6 1 5 1 2 1 2 2 0 1 2 1 3 3 1 3 2 2 4 2 1 1 0 0 5 0 0 1 0 1 2 4 3 2 1 4 3 3 4 0 1 0 3 0 4 2 0 1 3 3 5 3 1 4 2 3 1 5 2 2 0 2 3 2 1 5 1 1 1 0 2 0 1 1 3 3 1 4 2 4 1 0 1 5 0 1 0 3 1 2 4 3 2 7 3 3 1 1 2 4 3 0 1 1 4 2 0 4 1 5 1 1 2 2 2 1 1 1 3 3 3 2 2 2 1 3 2 3 1 2 3 2 0 1 0 2 1 1 4 2 1 3 1 4 0 1 3 1 1 2 1 3 0 2 3 2 2 4 2 0 1 5 1 4 1 3 1 4 1 3 0 1 2 2 1 1 1 5 6 1 3 4 1 2 1 1 1 3 1 1 3 2 3 2 1 3 2 1 3 1 5 4 3 2 1 4 1 1 1 4 1 2 2 3 2 3 2 1 2 6 3 0 1 2 3 1 3 1 2 5 2 2 2 2 1 3 2 2 0 2 0 1 6 1 1 4 0 5 1 2 1 2 3 1 1 0 4 6 1 5 5 1 1 0 4 2 4 0 2 1 3 0 1 5 3 2 2 2 3 1 1 0 1 1 0 3 3 5 1 2 1 5 4 0 2 3 2 2 3 2 1 0 1 4 1 1 2 4 3 1 2 3 4 0 0 3 1 5 1 3 2 1 3 0 5 1 2 2 1 1 2 0 3 1 2 1 1 1 1 2 4 3 0 1 4 4 1 0 6 3 0 2 1 2 1 1 0 3 3 1 3 2 0 3 3 0 2 2 1 3 2 1 1 4 2 3 3 0 3 2 3 3 2 0 1 3 2 5 1 0 1 3 1 1 0 4 2 3 2 2 1 3 2 0 2 3 5 3 1 1 2 1 2 0 1 1 3 0 1 2 2 1 5 0 1 7 2 0 2 0 1 1 1 2 2 3 4 5 1 3 4 1 0 3 3 0 2 1 2 2 4 5 3 1 0 1 1 1 2 2 4 3 2 1 2 5 1 2 2 2 2 4 0 0 1 2 1 2 0 1 0 4 2 3 6 4 3 1 0 2 3 2 1 0 2 0 2 3 3 2 1 3 2 4 0 0 1 2 3 2 5 0 1 1 4 1 1 2 2 0 5 0 1 2 4 2 2 2 2 1 2 2 1 2 3 0 3 1 4 2 2 1 1 0 3 2 1 2 1 1 1 5 1 2 4 2 2 1 4 3 3 2 1 0 1 1 1 5 3 1 3 0 4 2 4 2 2 2 0 3 2 2 3 3 2 0 0 2 0 0 4 1 3 0 2 1 2 4 2 2 1 2 3 3 3 3 3 2 0 0 2 1 2 1 1 0 3 3 1 0 0 4 2 4 1 6 2 2 3 0 2 1 3 1 3 2 1 2 3 1 1 2 2 3 2 2 2 3 3 2 1 2 2 3 0 3 1 5 1 2 1 2 4 0 2 2 1 1 4 3 2 3 2 1 2 2 2 2 1 3 3 5 3 5 0 4 1 0 1 1 1 0 2 2 2 0 1 1 1 0 1 1 0 2 4 0 2 2 4 4 0 0 4 3 0 0 1 3 3 4 2 2 3 0 1 1 1 2 1 2 1 2 0 1 1 1 2 5 3 3 1 3 3 1 4 0 2 2 1 1 1 4 1 3 1 2 3 0 0 2 1 2 5 2 1 3 1 3 1 1 5 0 2 3 3 0 2 0 3 1 5 1 3 1 2 3 1 0 1 0 0 3 3 2 2 0 5 0 1 0 1 3 3 5 2 1 3 2 0 1 1 3 0 1 1 1 3 3 2 4 3 2 1 1 3 1 4 1 4 1 4 2 4 0 1 0 2 1 0 1 3 2 3 2 1 3 1 0 3 2 2 3 2 2 0 0 4 1 2 3 3 4 1 0 2 0 4 4 1 0 1 2 1 3 2 2 4 3 3 2 2 4 1 0 6 3 1 4 2 0 2 1 1 1 1 1 2 3 6 2 0 1 1 1 4 3 3 2 1 2 0 1 1 5 2 1 4 2 3 2 5 2 2 4 2 0 1 2 5 3 4 3 6 1 0 1 1 0 1 1 3 0 3 3 2 1 2 2 3 1 2 0 2 2 4 2 0 3 2 3 1 1 4 0 4 0 2 0 1 0 3 4 3 3 2 2 1 2 1 2 0 4 0 3 1 1 2 1 0 1 4 3 1 2 5 2 1 2 1 1 1 1 0 1 2 5 3 2 1 1 0 4 0 1 2 1 1 3 4 1 2 4 2 2 4 3 2 2 2 0 2 1 1 1 0 1 3 3 1 1 2 2 4 2 3 2 2 1 1 1 1 1 2 2 2 7 3 0 1 4 1 2 3 1 3 4 5 1 1 1 1 4 0 2 0 2 4 0 1 3 3 4 4 3 1 1 1 3 2 0 3 1 2 2 2 4 1 2 1 3 2 1 3 2 2 2 0 1 1 3 3 3 0 2 2 7 2 0 0 1 3 5 4 2 3 0 1 1 2 2 1 5 0 3 3 0 6 1 0 2 1 1 5 4 1 3 1 1 0 3 1 1 1 3 0 2 1 1 2 2 1 2 4 2 2 2 1 1 2 4 0 2 1 1 5 1 0 4 1 3 2 1 1 2 2 1 4 0 5 0 2 0 3 0 0 2 3 0 1 1 1 0 3 1 0 1 3 2 7 0 2 2 3 2 1 3 1 5 3 2 4 1 1 3 3 0 3 6 1 2 1 2 1 1 4 4 1 2 2 0 1 4 2 2 2 1 0 2 2 1 0 0 2 1 3 1 2 3 1 2 1 0 2 4 3 1 3 0 1 2 2 2 0 3 3 2 1 1 2 1 3 1 1 1 1 4 1 1 3 0 4 2 2 1 3 1 0 1 4 3 5 1 2 3 2 4 2 4 2 1 2 1 1 1 1 3 4 2 1 1 3 2 0 0 4 4 1 1 1 2 0 1 0 2 2 2 2 1 3 1 3 3 1 2 0 3 2 5 2 1 1 2 4 2 0 1 2 2 1 2 3 2 0 4 3 2 1 3 0 3 1 2 2 3 1 1 1 5 1 1 4 5 1 5 1 3 0 3 3 2 2 2 2 1 3 0 1 2 2 2 3 2 1 0 2 5 1 1 2 3 3 2 1 4 4 2 5 1 3 4 1 0 1 5 0 4 1 2 3 1 3 1 2 3 2 1 4 0 3 2 2 1 2 0 2 2 2 3 2 2 1 2 1 2 2 1 3 2 1 2 0 2 0 1 3 3 3 2 2 1 1 1 0 4 0 1 4 3 4 0 1 2 2 4 1 3 2 0 4 1 1 1 2 0 3 0 3 4 2 1 2 2 0 1 3 2 5 3 1 2 2 3 3 3 2 0 1 2 1 1 2 3 4 1 4 3 1 0 2 3 1 3 2 1 3 1 1 3 2 3 3 1 2 1 3 2 3 2 2 6 1 1 0 3 3 6 0 1 2 1 1 1 2 5 0 1 2 3 3 2 2 2 1 1 1 2 0 4 2 4 3 1 4 1 4 3 4 5 1 0 2 0 3 0 2 0 1 6 1 2 0 1 3 1 2 0 4 3 1 3 1 0 0 2 0 3 0 1 1 2 4 3 2 1 1 3 0 4 2 4 0 3 2 3 1 3 0 2 3 0 4 1 4 1 0 3 3 0 2 4 4 2 4 1 1 5 2 2 0 4 2 4 1 3 1 0 2 3 4 1 2 0 1 5 4 2 4 1 3 2 1 3 2 3 4 1 3 1 2 5 2 2 1 0 1 5 4 2 3 1 6 3 3 1 3 3 1 2 3 4 3 3 1 0 1 2 3 0 5 0 1 1 0 6 2 3 3 2 3 1 2 3 0 6 5 1 3 1 1 3 2 1 1 3 1 2 3 0 1 2 0 2 5 0 3 4 3 2 0 0 2 5 1 1 1 3 2 2 0 0 2 3 3 2 0 2 1 3 6 2 1 1 1 2 3 3 2 2 2 2 3 4 1 2 2 4 3 0 1 0 0 2 4 0 0 2 2 2 2 1 1 0 1 1 5 2 1 2 2 1 0 0 0 4 3 6 3 3 5 1 1 2 3 5 2 1 3 3 2 1 0 2 0 5 2 1 2 1 4 1 0 1 2 1 1 3 0 2 1 2 1 1 5 0 0 0 2 2 0 1 4 3 1 2 1 1 5 1 1 2 3 1 4 1 2 2 4 0 2 1 2 4 3 2 2 0 5 4 3 5 3 0 1 2 1 2 1 1 4 4 3 2 3 1 0 1 0 1 2 0 4 1 2 1 0 3 1 4 0 3 1 2 1 2 1 3 2 2 1 2 0 2 2 1 1 1 1 5 1 2 1 1 3 3 1 2 3 1 3 3 1 2 3 0 3 0 3 0 1 2 1 2 4 1 6 2 3 1 1 0 4 5 4 4 2 0 2 1 3 2 0 0 1 8 2 4 1 2 5 2 3 1 0 3 3 1 2 1 0 0 2 1 3 2 1 2 2 2 5 3 1 1 1 1 2 0 1 1 3 4 2 2 1 1 3 2 2 3 2 5 2 3 2 1 0 2 2 1 2 2 3 1 4 2 2 1 2 1 3 0 3 4 1 1 2 0 3 3 1 3 2 2 1 2 2 1 3 3 2 2 0 3 2 2 3 4 2 3 1 4 0 2 4 1 1 2 0 4 4 3 1 0 1 3 1 2 2 3 1 2 3 1 2 4 1 2 2 0 2 2 4 3 1 0 5 2 1 1 3 1 1 3 2 2 4 3 4 0 4 2 2 4 0 2 2 2 2 2 4 1 1 0 2 4 2 2 5 4 1 3 1 4 2 1 5 0 1 2 4 3 2 0 3 0 0 2 1 1 3 4 4 1 2 1 4 0 2 0 3 2 1 3 2 1 2 2 3 0 2 3 3 0 1 2 3 1 1 4 1 0 0 1 0 4 3 3 3 1 3 2 2 1 2 1 0 3 2 1 1 2 0 2 0 2 1 2 1 3 3 2 0 2 0 1 4 3 3 2 1 5 1 3 4 3 1 2 0 0 4 3 4 2 0 2 2 2 2 0 0 3 2 2 2 6 0 2 1 5 0 4 3 1 2 0 2 0 1 3 2 1 1 2 1 1 3 2 5 1 3 4 0 1 2 2 2 3 2 0 2 0 1 2 1 2 1 0 5 2 3 4 4 0 3 5 1 1 0 4 0 0 1 3 1 2 4 3 0 2 2 0 4 2 2 3 3 2 3 1 2 1 1 1 2 2 2 2 1 2 1 1 4 1 4 2 3 2 3 3 2 1 1 2 3 2 0 3 0 2 3 1 0 1 5 1 3 3 4 1 1 5 0 0 1 3 1 0 1 2 2 2 1 2 4 3 2 1 2 0 1 3 1 1 0 3 3 2 0 2 1 4 1 2 3 0 2 1 5 0 5 0 2 2 0 1 2 5 3 6 1 4 0 1 0 2 3 2 3 3 3 4 3 2 2 2 1 1 3 2 3 1 4 2 0 3 1 2 3 3 2 2 3 0 0 2 2 5 1 5 1 3 4 2 0 3 1 0 1 1 0 3 2 3 1 2 2 5 5 0 0 1 1 2 1 3 1 1 2 4 3 2 1 1 4 2 2 1 2 0 2 2 1 3 5 3 3 0 2 1 2 2 1 1 2 5 2 1 1 1 3 0 4 1 0 2 3 2 3 0 1 1 2 2 2 1 1 0 1 1 3 0 2 4 3 0 0 0 1 2 0 3 3 0 1 3 2 0 3 1 4 1 3 4 2 2 0 1 3 3 0 3 2 2 2 0 1 3 3 1 2 1 2 1 3 1 4 2 3 2 1 3 3 1 1 1 6 1 2 3 1 1 2 1 1 4 2 3 1 1 3 1 3 1 1 3 0 0 5 1 0 4 1 4 1 1 0 1 2 1 1 2 2 1 2 2 2 2 1 3 6 2 1 1 1 1 4 1 1 2 2 2 2 1 4 1 0 3 0 4 0 0 3 3 1 3 1 1 2 1 2 1 5 3 3 1 2 3 2 2 2 0 0 1 4 1 1 4 3 1 3 4 2 1 4 2 1 3 2 5 5 2 2 1 2 3 2 3 0 2 1 2 1 3 1 0 1 2 2 1 0 2 4 2 1 7 0 3 1 1 1 1 0 5 2 2 0 2 2 2 3 4 3 3 0 2 1 2 2 2 4 2 4 2 0 1 2 1 2 5 1 3 0 2 3 4 2 2 3 1 0 1 2 0 2 1 2 3 4 1 2 1 3 1 0 2 0 1 2 3 3 1 2 1 2 4 1 5 1 0 1 0 1 4 2 1 5 0 2 4 2 1 1 0 2 2 2 3 1 4 1 2 4 1 1 2 2 3 2 1 2 2 0 2 3 0 1 3 2 1 4 3 5 1 0 3 1 1 2 3 3 4 0 1 1 1 4 2 1 3 2 2 3 1 3 1 2 4 4 0 2 2 3 1 4 0 1 1 5 3 3 0 0 1 2 2 2 1 2 1 2 2 0 3 2 4 1 3 3 1 2 3 2 1 2 2 0 2 1 3 1 1 0 4 3 1 1 1 3 5 2 2 2 4 0 1 2 3 3 4 0 1 3 2 1 0 1 1 1 3 2 2 4 2 1 1 2 1 5 1 1 5 2 2 1 1 1 2 2 3 3 3 1 3 0 2 1 1 1 3 6 1 1 0 4 3 1 2 3 1 0 0 2 4 2 1 1 0 2 4 1 2 0 3 1 1 2 0 1 2 2 5 5 2 1 2 1 3 2 2 1 1 1 3 0 2 1 1 2 0 5 3 1 0 1 3 4 2 1 3 4 0 2 4 0 5 1 2 2 2 1 1 1 2 2 3 3 6 2 3 2 1 3 1 3 0 1 1 1 2 3 0 1 4 2 1 3 2 1 4 2 0 1 2 5 2 3 1 0 2 0 3 3 5 1 3 2 1 3 4 0 2 1 2 3 1 1 1 4 2 1 2 2 2 2 3 3 4 1 0 3 0 1 3 1 0 4 3 1 4 1 1 0 2 4 3 3 2 3 0 2 0 6 1 3 3 0 0 1 2 3 4 1 3 4 2 1 1 2 3 2 3 4 0 1 2 3 2 1 2 2 0 1 0 0 2 2 6 3 3 2 2 0 4 0 0 1 2 1 2 1 2 1 1 3 0 3 4 2 0 2 2 1 3 2 2 1 2 1 0 0 6 3 1 3 4 3 0 2 3 2 2 2 1 1 3 0 3 2 2 2 1 2 2 1 3 1 2 5 1 0 3 2 2 4 0 3 1 2 4 1 3 1 0 4 2 1 2 3 1 3 3 3 2 2 3 3 3 0 0 2 3 3 1 2 2 1 2 0 7 2 5 3 2 5 2 1 3 2 1 5 3 4 1 1 2 4 2 3 1 3 0 3 2 3 2 1 2 2 1 1 5 3 4 3 0 3 1 0 1 2 2 1 2 1 0 3 1 5 1 2 2 2 0 4 1 3 4 4 1 2 1 3 3 1 0 1 1 1 1 1 0 2 5 2 1 3 1 2 3 2 1 6 1 1 0 0 1 5 3 2 2 1 1 3 1 4 0 2 2 3 0 0 5 0 5 1 4 3 2 4 0 1 2 3 2 2 2 1 0 2 2 2 2 1 5 3 1 0 1 2 0 1 0 3 3 4 1 3 3 1 1 5 3 0 0 3 0 1 0 0 2 0 0 0 4 3 1 1 3 0 2 1 3 4 2 0 1 1 4 3 1 3 1 2 0 1 1 1 2 3 1 2 1 3 1 1 5 3 2 1 2 2 3 4 1 0 2 0 3 2 2 2 2 1 4 7 1 1 1 0 2 1 2 2 2 3 8 1 1 0 5 0 0 4 3 2 4 1 4 2 2 2 2 4 3 1 0 5 4 0 2 1 2 3 1 2 0 2 3 0 3 2 2 3 2 3 2 0 5 2 2 0 2 0 1 2 5 2 0 1 2 1 4 0 0 1 2 2 2 2 2 4 1 2 2 2 2 1 3 0 0 3 0 3 5 1 5 0 3 2 2 1 2 1 2 2 2 1 1 1 4 3 1 3 1 3 1 1 1 1 2 2 1 3 2 1 3 0 1 3 3 2 4 2 1 3 3 3 5 1 2 1 3 2 3 4 2 1 2 1 2 1 1 2 2 2 2 4 0 1 2 0 2 6 1 1 3 2 3 2 2 1 0 1 3 3 0 2 3 2 3 1 3 2 2 2 2 3 3 2 2 5 3 1 1 1 2 1 1 5 2 2 2 3 6 2 2 2 1 0 1 0 2 3 4 1 2 0 1 0 0 2 2 1 4 4 0 4 1 1 3 2 2 1 4 4 3 1 0 2 0 2 4 1 2 0 2 2 2 0 0 1 2 3 4 4 3 2 2 4 1 0 2 3 0 0 3 1 4 1 2 3 1 0 2 3 3 2 1 3 3 2 1 2 2 1 3 1 0 4 1 3 1 3 2 4 3 5 0 2 2 0 1 2 4 2 3 1 3 1 0 4 2 0 2 0 2 5 0 2 1 3 3 1 0 2 1 1 1 1 5 1 2 3 4 2 2 0 1 0 0 2 1 1 3 1 0 6 1 3 2 1 3 1 4 2 5 1 2 1 1 1 1 0 1 1 1 1 4 0 2 1 1 3 3 1 3 3 3 1 4 2 4 1 1 2 1 3 1 4 3 2 1 1 1 4 2 3 2 1 3 2 1 0 4 6 3 2 0 2 1 5 1 3 2 3 3 2 1 2 2 3 4 0 3 1 0 1 2 3 4 1 4 5 1 4 3 2 2 0 0 3 1 4 1 1 2 1 1 1 1 1 4 1 4 1 0 0 0 0 2 7 3 2 2 1 1 1 3 2 2 4 3 2 3 1 1 2 2 1 3 2 3 1 3 1 2 2 5 2 2 2 1 4 3 2 1 2 2 1 0 3 2 3 2 4 0 2 5 2 3 3 3 1 5 2 1 0 2 2 2 0 2 1 1 2 2 0 2 4 1 0 1 2 3 2 3 2 1 5 1 2 2 0 0 1 2 4 3 3 2 1 3 3 4 0 1 1 1 1 2 3 2 2 1 2 3 1 1 3 1 0 3 3 4 1 6 1 2 1 2 2 4 1 3 1 1 2 3 2 1 1 2 2 2 3 1 3 4 1 1 2 2 4 0 1 3 0 1 4 2 3 1 4 3 1 4 2 1 2 5 3 1 0 1 1 4 0 4 2 2 1 2 2 2 3 3 0 3 2 3 4 3 3 0 2 1 1 1 1 0 1 3 1 3 3 5 2 3 1 0 3 2 2 2 3 1 1 0 4 3 1 2 3 1 0 2 1 0 3 2 5 3 3 2 1 1 1 0 3 4 2 0 3 0 2 4 1 2 2 1 2 2 1 1 0 0 3 0 0 2 1 0 2 5 3 0 2 3 1 1 3 1 1 3 2 1 3 2 2 2 3 1 0 2 0 2 2 2 4 2 2 2 1 3 0 4 3 1 2 4 4 0 2 1 2 2 2 4 2 2 1 1 1 0 2 2 2 3 5 3 3 4 1 0 2 2 1 0 1 4 2 3 1 4 2 2 4 1 3 3 2 1 3 0 2 3 1 1 3 3 6 3 3 1 3 2 0 1 1 3 2 2 4 0 2 1 3 2 1 0 3 0 2 3 7 3 0 1 3 0 2 2 1 1 2 4 1 0 5 3 1 1 3 0 2 2 0 2 1 2 3 5 1 2 4 1 0 1 3 3 2 1 2 2 2 3 0 1 6 2 3 0 0 1 1 1 5 0 0 1 1 1 2 0 1 5 2 2 2 3 3 2 5 3 2 3 0 4 0 3 2 0 2 0 3 4 4 1 1 1 1 0 1 2 3 4 1 1 1 0 4 1 2 1 1 2 4 2 4 2 2 0 0 1 2 2 1 2 3 2 4 1 0 1 1 2 1 5 1 1 2 0 2 2 3 0 2 4 3 1 1 0 2 2 2 3 1 1 1 2 0 2 3 2 2 2 2 0 3 2 6 0 1 1 3 2 0 0 2 2 3 6 0 2 2 3 1 2 0 4 4 1 1 2 3 3 5 1 2 3 3 4 1 1 4 4 4 1 2 2 2 4 1 0 1 3 0 3 4 2 4 0 2 2 1 0 3 1 2 3 1 1 1 3 2 2 4 1 2 0 2 3 1 2 3 1 2 3 0 3 1 1 3 0 1 1 2 2 2 1 3 3 0 2 1 3 3 0 3 1 4 4 1 6 1 1 0 6 0 2 1 4 3 1 2 2 3 1 2 3 1 4 4 3 0 7 1 1 1 4 2 0 2 0 4 1 4 4 0 0 1 4 4 1 2 1 0 3 3 2 1 2 1 1 5 2 4 3 1 1 0 2 1 4 4 0 3 3 0 4 1 0 5 1 2 1 2 1 1 4 3 2 2 1 0 2 0 2 2 3 1 2 2 2 3 0 1 3 3 2 4 2 1 2 2 0 5 3 0 5 1 4 1 1 1 0 3 1 0 2 0 3 1 3 3 0 3 2 0 2 1 1 4 4 0 4 1 3 3 2 2 0 1 3 2 1 3 0 0 2 1 5 1 1 2 1 1 2 6 3 3 1 2 1 1 2 2 3 3 3 2 3 1 2 0 2 0 5 1 3 1 2 0 1 6 2 5 4 0 1 4 2 2 3 1 1 0 1 2 1 3 2 4 4 1 4 3 1 0 2 1 1 1 1 0 1 4 2 2 3 4 4 2 0 5 2 1 1 0 2 0 4 1 1 4 3 1 2 0 2 1 0 1 2 2 2 2 2 3 2 2 3 2 4 3 1 2 1 2 0 3 0 0 2 3 2 2 3 3 1 2 2 3 0 1 0 0 5 2 3 1 1 0 1 1 1 2 6 1 1 2 1 5 4 1 2 2 3 1 1 3 2 0 0 1 3 3 2 0 0 3 3 3 2 2 4 2 1 3 2 3 0 2 2 4 1 0 4 2 3 3 1 3 1 5 0 3 1 0 1 2 4 1 2 1 1 0 3 5 3 2 2 1 2 1 1 3 1 2 2 1 2 2 0 2 3 2 2 0 3 2 4 1 2 1 0 2 1 2 1 2 3 2 2 7 0 2 3 1 2 1 2 0 3 0 5 1 1 3 2 0 2 3 3 1 2 1 3 1 2 5 4 0 4 2 1 0 4 3 0 2 3 4 1 4 2 2 1 0 0 1 2 2 0 0 4 8 5 0 0 1 2 3 4 3 1 3 3 1 2 0 4 2 2 4 1 0 0 3 2 1 5 3 1 3 1 2 0 2 0 1 0 2 3 2 4 2 1 2 3 1 1 0 1 4 3 2 1 0 3 2 0 0 2 2 1 0 2 2 2 2 5 1 0 2 2 1 0 5 2 0 2 3 0 2 3 3 1 2 2 0 2 2 2 0 2 2 3 3 2 1 2 2 0 4 0 3 2 2 2 0 0 1 2 3 2 2 3 3 3 2 2 1 1 2 2 1 1 2 2 2 2 1 2 0 3 3 1 2 1 6 1 1 2 4 4 3 2 2 1 1 1 1 0 2 2 3 3 1 3 2 3 4 5 1 2 0 4 1 0 3 3 2 2 1 1 0 1 1 1 4 2 2 1 7 4 3 2 3 1 1 4 2 0 3 2 3 4 2 3 1 1 2 2 2 3 2 1 4 2 1 4 3 2 0 1 1 2 3 1 3 7 1 1 2 1 2 2 1 2 3 2 1 0 3 3 1 1 5 7 0 1 0 4 0 0 6 4 3 1 2 2 3 3 3 2 4 2 0 1 4 6 3 1 4 1 2 3 2 2 2 4 2 5 4 1 1 2 1 2 2 2 2 3 2 3 1 2 1 1 0 2 1 4 1 0 2 3 0 2 1 4 0 1 3 1 4 0 3 2 0 3 0 4 2 2 2 1 1 2 3 2 3 0 1 2 3 1 6 1 2 0 0 4 2 5 2 2 1 1 1 0 0 0 5 5 1 2 3 2 3 3 0 3 1 1 1 3 2 1 4 1 3 2 2 2 1 2 1 2 1 3 1 1 3 1 2 3 4 2 0 1 1 0 1 2 3 3 1 1 2 4 1 0 2 1 0 3 4 2 1 1 2 2 2 2 0 5 2 0 1 1 1 5 1 2 1 1 1 1 4 2 1 5 2 1 1 2 1 1 2 3 0 1 3 1 2 0 3 2 2 3 1 3 1 2 2 3 4 1 5 0 2 4 1 3 0 2 2 1 3 3 1 2 2 3 2 1 1 5 2 3 2 0 0 3 1 0 1 1 3 0 1 4 1 1 1 5 1 3 1 5 0 1 1 2 1 2 1 2 5 2 3 2 0 4 0 0 0 2 2 1 2 3 1 1 4 4 5 1 2 1 0 1 6 1 2 2 2 1 2 2 2 1 4 1 0 2 2 1 1 3 0 2 2 2 1 1 0 3 1 2 1 2 2 2 2 3 2 4 1 1 2 1 4 3 0 4 0 2 1 2 3 1 2 1 1 0 2 0 1 2 3 2 3 0 2 3 3 0 3 3 3 2 0 2 1 1 1 1 4 3 2 2 2 0 1 2 0 2 2 3 0 0 1 0 4 4 1 1 1 0 2 1 1 2 3 3 1 4 0 1 1 2 3 2 1 1 2 3 1 1 3 3 1 1 1 1 2 1 3 6 4 2 4 3 2 1 2 3 2 2 0 1 2 2 0 0 0 3 3 4 3 2 2 3 2 0 3 0 4 1 0 3 2 2 1 4 3 1 2 4 1 1 2 2 1 3 1 2 1 6 0 3 1 1 1 2 2 3 2 4 2 2 1 4 3 3 3 2 3 3 3 1 3 0 1 2 5 3 0 1 1 2 4 2 2 1 0 1 1 2 1 1 4 5 2 1 1 2 0 4 2 2 1 2 1 4 3 3 4 1 3 2 4 0 4 4 0 3 0 1 1 1 4 2 1 1 4 3 1 1 0 1 2 1 3 4 2 3 2 2 1 4 4 1 4 1 1 2 0 0 2 1 2 6 5 0 1 1 1 2 2 7 1 3 1 0 2 4 1 0 3 3 0 3 2 1 0 2 2 1 1 2 3 3 1 1 4 1 4 1 2 2 1 3 3 2 1 0 0 4 4 0 1 1 1 1 1 1 3 2 3 1 0 1 3 2 1 0 3 2 2 4 2 1 3 1 3 2 1 1 0 2 5 2 2 1 4 2 1 3 4 2 1 0 2 3 2 1 4 3 2 0 2 4 0 6 3 1 1 3 0 1 3 2 3 3 0 3 3 2 3 3 5 2 1 1 3 2 1 0 1 2 2 0 1 4 3 4 1 1 1 3 3 1 8 0 1 4 1 3 3 3 1 2 0 1 2 3 0 3 1 2 4 0 2 0 1 3 1 1 4 1 3 2 2 6 0 1 5 1 3 2 3 0 2 1 0 1 2 1 3 0 2 3 3 1 4 0 1 2 1 2 3 0 3 3 1 1 1 3 3 1 2 0 1 4 5 2 0 1 1 1 2 2 3 2 2 0 0 2 0 2 4 5 2 1 0 1 2 3 1 2 2 3 6 2 0 2 1 0 1 2 1 5 2 3 3 3 2 2 2 1 1 1 2 2 0 2 4 0 1 4 2 2 2 0 2 3 3 3 2 2 1 0 5 1 1 2 4 2 1 0 6 3 0 4 2 2 1 1 1 2 2 4 1 3 4 3 5 1 0 1 4 0 1 1 3 2 1 2 2 4 3 0 4 1 2 3 2 5 0 0 1 3 2 1 3 6 0 2 1 3 2 4 1 3 2 1 2 1 2 1 1 3 3 2 2 1 1 1 3 2 5 1 2 2 5 3 2 3 1 0 1 2 3 2 4 3 1 1 0 2 1 3 2 1 3 1 1 2 1 1 5 1 0 3 4 3 1 0 3 3 2 4 1 0 3 2 0 1 2 1 1 3 0 0 1 2 2 1 3 1 4 3 1 3 2 0 3 2 2 3 5 3 2 1 3 2 2 5 3 2 0 4 1 2 4 2 1 1 5 2 3 3 2 0 2 1 3 0 1 1 3 1 2 3 2 5 1 0 2 1 3 2 1 0 6 2 3 2 2 3 0 2 0 1 3 2 1 3 1 1 3 3 0 3 0 1 3 1 1 1 1 1 2 0 3 2 4 0 3 0 3 3 1 3 3 1 1 4 1 2 2 2 2 0 1 4 3 1 3 1 3 3 3 1 2 0 1 1 5 2 4 2 1 2 1 1 0 1 2 3 2 2 1 1 1 1 3 5 5 2 0 3 3 4 1 1 2 2 2 4 1 3 1 4 4 2 1 2 0 0 4 1 3 1 2 2 2 2 2 3 5 3 3 2 0 0 1 0 1 2 1 0 2 6 4 2 2 2 3 1 5 1 1 4 2 2 1 0 3 0 1 3 2 2 2 2 2 9 2 0 2 1 2 1 3 1 1 1 0 4 2 2 2 1 4 2 0 2 3 2 2 1 3 3 6 2 3 1 2 0 2 3 1 1 2 4 0 2 1 6 1 1 2 2 1 3 2 3 4 1 5 2 0 2 4 3 6 2 1 2 2 1 3 4 3 1 0 2 3 1 1 4 2 3 2 3 2 1 2 3 0 1 1 5 5 1 3 0 5 0 2 1 1 4 1 2 0 2 0 1 1 4 6 0 2 2 1 3 2 2 1 5 3 3 1 1 1 8 2 6 0 1 1 2 0 1 2 1 3 3 2 4 4 2 1 0 1 3 1 1 2 2 3 3 3 2 1 3 2 2 5 0 3 2 2 3 0 1 1 1 2 2 3 0 3 5 0 2 1 1 1 1 2 2 4 2 2 3 0 3 3 1 3 1 2 0 2 2 0 4 2 2 2 2 2 1 5 4 3 1 1 6 0 1 2 1 1 2 1 2 3 0 1 3 3 4 3 1 2 0 2 0 1 2 1 2 4 2 2 3 2 0 3 1 3 0 3 3 5 2 5 1 4 3 5 2 4 0 0 2 1 3 2 2 2 2 1 1 1 3 2 1 2 3 3 3 1 5 1 1 3 1 1 0 2 1 1 1 3 1 3 5 1 1 0 3 1 1 3 0 3 0 4 3 3 2 2 2 2 1 2 5 1 1 2 4 2 1 2 3 2 2 2 3 4 3 0 3 2 2 1 4 1 1 1 1 3 3 1 2 4 1 0 1 0 3 3 3 3 0 3 0 3 0 1 4 0 5 1 1 2 1 3 2 1 3 5 2 3 2 0 4 3 2 1 1 2 2 1 2 3 1 3 1 3 1 1 2 1 1 2 2 1 6 1 0 1 2 1 0 7 1 3 1 1 1 0 2 0 5 1 0 3 4 1 3 5 1 4 0 2 2 1 3 1 2 3 1 4 3 1 3 4 1 1 2 0 1 2 6 3 3 2 2 2 5 1 5 2 3 1 1 2 0 2 2 1 2 4 3 6 2 2 1 0 0 3 2 2 1 5 3 2 0 1 2 1 2 1 2 1 2 2 3 0 1 3 1 1 2 3 5 0 1 1 0 4 2 2 2 1 1 4 1 1 2 2 3 0 3 3 2 0 2 4 3 1 1 3 1 3 1 3 2 5 0 3 2 2 0 0 1 1 1 1 2 1 3 6 2 2 3 1 0 2 3 0 5 0 4 2 1 2 1 1 0 2 2 3 2 0 1 2 1 2 3 3 1 1 2 2 3 1 1 2 1 3 2 2 0 1 1 3 2 3 5 1 0 1 3 4 2 1 3 3 2 1 1 4 3 2 1 5 3 2 2 2 0 3 0 3 1 3 1 2 0 2 3 4 3 3 3 2 1 0 1 2 1 3 1 0 1 1 5 1 3 3 2 3 3 1 1 1 1 1 0 3 2 4 3 3 1 2 0 3 0 2 3 4 1 2 1 5 2 3 1 2 1 0 0 1 1 1 0 1 2 4 2 0 1 2 0 3 3 2 3 1 0 7 2 4 1 1 3 0 3 1 3 1 3 4 1 2 2 4 1 3 2 4 2 2 2 1 5 2 1 0 2 1 4 1 2 0 1 2 1 3 5 5 1 0 2 0 3 1 3 5 1 0 4 1 3 2 1 2 3 1 2 0 3 1 4 2 3 3 3 3 3 3 2 0 0 2 4 2 4 1 3 2 1 2 1 2 1 3 1 1 1 2 2 0 4 0 0 1 3 4 1 0 0 0 1 1 3 3 6 1 0 1 3 4 3 2 2 3 1 4 2 0 2 0 2 1 1 2 1 3 2 2 2 2 1 3 1 0 3 3 3 0 4 0 4 3 0 4 1 2 5 3 2 0 2 3 2 1 1 1 4 1 1 2 2 1 3 2 0 2 3 1 3 4 2 3 0 2 4 2 0 1 2 2 2 4 3 3 2 0 1 1 2 3 1 1 2 1 0 8 1 2 1 0 2 2 2 1 1 3 3 1 2 1 3 4 1 1 2 2 3 3 4 0 3 3 1 0 3 0 3 1 5 2 2 1 3 1 1 2 4 2 0 3 2 1 3 1 1 4 4 5 4 1 1 1 1 1 3 5 1 0 2 2 2 3 2 2 1 1 5 1 2 4 2 1 3 2 3 2 4 2 2 2 2 1 2 2 2 0 4 2 3 2 1 0 4 3 0 3 2 2 3 5 3 1 1 1 2 0 2 4 0 1 3 3 4 2 4 3 3 1 1 2 0 1 5 3 1 3 0 0 2 3 1 0 2 4 1 2 3 2 4 1 1 1 2 1 1 3 4 2 2 1 3 1 1 2 2 2 0 2 3 1 3 3 1 5 0 1 3 1 1 2 2 0 2 0 0 2 2 1 0 3 4 3 1 1 0 1 2 3 1 9 1 1 1 4 2 1 2 3 2 2 1 2 2 2 1 2 2 4 4 3 1 0 4 5 4 2 2 0 2 2 0 4 4 1 0 2 3 5 2 2 1 3 0 3 1 1 3 0 2 2 4 1 0 3 1 0 2 6 3 1 2 1 3 2 0 3 2 3 3 2 3 1 3 3 4 2 3 2 1 0 2 1 2 1 3 1 4 4 2 3 0 4 3 1 2 0 2 2 3 3 2 3 2 2 2 1 2 0 1 5 2 2 3 2 3 1 1 1 2 3 4 3 2 2 1 3 1 1 1 4 2 1 3 2 2 4 2 4 1 1 3 0 0 0 3 2 1 1 1 2 6 1 1 0 3 2 1 1 2 2 3 3 7 2 1 2 1 0 4 2 0 2 3 1 2 3 0 4 0 0 3 2 4 2 2 3 3 1 5 2 1 4 1 3 2 3 3 1 1 1 1 1 0 3 2 2 2 3 2 1 2 1 2 1 1 2 2 1 6 1 1 4 2 3 4 2 0 1 1 3 3 4 2 2 3 3 1 0 0 3 2 0 1 2 1 3 4 3 1 2 2 1 0 1 2 2 1 4 2 1 3 6 1 2 2 2 1 4 2 2 0 2 1 5 2 4 0 1 2 1 3 1 2 2 4 1 0 1 2 4 0 1 2 4 1 3 3 0 2 3 0 3 1 0 2 2 3 2 0 3 4 2 1 2 3 2 0 6 0 1 0 2 2 2 3 4 3 1 1 3 1 1 2 1 2 0 2 1 0 1 3 5 0 2 1 3 2 2 1 1 1 1 2 1 1 4 4 0 2 2 2 2 1 5 3 2 2 5 2 2 6 1 1 2 2 1 2 3 2 7 3 1 4 2 2 4 2 2 0 2 2 2 1 1 1 0 0 1 5 1 0 1 1 1 0 2 3 3 7 3 2 1 0 1 2 2 1 4 0 2 3 2 4 0 2 4 1 3 1 5 1 3 2 1 1 2 0 3 2 4 2 0 1 1 4 3 4 0 4 0 1 2 0 0 4 3 0 1 3 1 4 1 4 0 2 2 3 0 5 1 2 1 0 3 3 2 2 3 3 1 1 2 3 0 2 0 2 2 4 1 2 3 3 1 2 0 2 0 1 1 3 2 1 1 3 0 0 1 2 4 4 5 1 3 4 1 4 2 2 1 1 4 4 1 1 1 2 4 2 1 2 0 1 2 5 4 1 3 2 2 4 0 0 2 3 3 1 2 3 0 1 1 3 3 3 3 1 0 0 4 1 1 3 3 0 1 0 1 3 4 0 2 2 3 3 0 2 1 2 4 4 4 3 2 5 1 2 2 2 3 2 5 2 1 2 1 1 0 1 1 3 1 1 2 4 2 3 1 1 1 2 1 1 3 2 0 4 2 3 0 2 0 0 2 4 3 2 1 4 1 6 3 1 2 3 2 2 1 1 4 2 1 1 3 1 3 0 3 1 4 3 2 1 4 2 4 1 2 4 0 0 3 0 2 1 2 2 2 2 2 4 1 2 1 2 3 0 2 4 1 3 0 4 2 0 1 2 3 1 0 2 3 1 1 3 0 2 2 1 1 1 2 4 2 0 1 3 3 1 5 0 4 5 3 0 1 1 4 1 2 2 1 2 0 1 3 4 2 0 2 2 2 1 1 3 2 2 2 3 0 1 4 2 3 0 4 2 2 3 3 1 2 0 1 1 2 2 1 1 1 2 3 3 1 2 1 2 5 4 1 2 2 0 2 2 1 3 1 0 2 4 3 2 2 4 1 0 2 2 5 1 1 2 2 0 2 1 3 2 2 1 0 3 4 4 0 1 2 0 3 3 0 3 3 2 1 0 2 5 0 2 3 3 1 3 2 1 5 4 3 0 2 3 2 1 3 0 3 2 3 6 2 3 2 2 1 0 1 1 1 5 3 1 0 2 4 4 3 3 2 0 1 0 2 0 2 2 3 1 3 4 0 2 0 2 1 1 2 3 2 4 1 1 3 1 2 1 3 4 1 3 5 0 1 2 3 2 1 1 7 2 2 2 3 1 2 1 1 1 2 2 5 0 1 0 1 4 1 0 5 4 3 2 3 2 4 2 3 0 3 6 0 1 2 1 0 3 0 0 2 2 4 0 1 2 1 2 4 1 1 1 2 3 0 1 4 2 1 1 3 5 1 3 3 2 1 3 3 1 1 3 3 3 1 1 3 3 2 1 0 1 1 3 0 4 3 4 2 1 3 0 4 4 4 4 1 3 3 0 0 3 1 2 1 5 1 2 1 2 1 3 2 3 0 3 1 2 1 0 2 1 2 1 1 1 2 3 1 1 2 1 4 2 2 3 1 0 1 4 2 3 2 0 3 4 2 1 2 2 0 0 5 1 2 2 6 2 0 3 1 0 3 2 0 2 3 2 2 1 1 1 0 1 3 2 3 0 1 1 5 1 3 1 3 3 1 1 2 1 4 2 1 1 0 2 4 1 3 2 3 2 1 4 2 1 3 2 3 0 3 0 4 2 1 4 3 3 2 1 4 2 1 1 2 2 2 1 2 2 4 1 0 1 3 1 2 1 1 0 1 2 5 0 2 4 2 1 1 2 4 0 3 5 1 1 0 1 2 2 1 3 1 1 1 4 2 5 2 0 1 2 1 2 1 2 1 2 1 2 3 2 3 2 1 2 2 2 4 2 2 2 2 1 3 3 4 4 3 2 3 2 1 0 4 6 1 1 3 1 1 2 1 2 0 5 1 1 5 4 0 1 0 1 3 3 4 3 1 2 2 0 1 2 3 1 3 1 4 3 3 1 4 3 1 1 1 1 3 2 2 1 2 3 1 2 1 0 0 1 0 1 0 0 1 0 1 1 3 1 2 2 1 3 1 3 4 0 0 1 2 2 4 4 1 2 2 0 3 3 5 4 3 2 0 0 0 2 1 0 1 0 4 2 1 3 2 2 2 3 2 4 2 2 1 3 1 3 0 2 2 1 2 3 1 2 0 1 0 4 3 5 1 0 3 1 2 4 7 0 1 4 2 0 2 0 1 3 1 0 4 3 3 2 3 1 4 1 3 1 2 0 2 3 5 1 2 2 6 0 5 2 4 1 2 1 1 1 3 4 3 3 0 0 2 6 2 0 4 2 1 2 2 1 0 0 1 1 4 2 0 0 0 3 1 3 1 1 2 2 1 1 0 2 2 3 2 4 2 2 3 0 2 2 1 3 2 5 2 3 1 0 6 1 0 1 2 3 8 1 3 0 3 1 3 1 3 0 2 4 3 2 2 3 2 3 3 2 2 4 4 3 3 1 2 2 2 1 1 3 4 2 0 0 1 3 2 2 3 2 3 2 0 3 1 4 0 1 1 3 2 0 2 2 0 2 3 2 1 0 3 1 1 5 2 3 1 1 4 3 2 1 1 0 3 2 2 1 1 3 0 2 2 4 1 2 5 3 3 0 3 2 0 1 3 1 4 2 2 1 3 1 4 2 4 1 0 4 2 4 2 1 2 2 5 1 1 2 3 3 1 2 4 3 1 0 0 1 3 0 5 3 1 1 1 3 1 2 4 1 2 1 0 2 1 3 3 3 0 0 0 4 2 2 2 2 4 3 2 1 2 0 2 1 2 2 1 2 5 1 4 2 2 1 3 1 4 3 2 1 1 1 2 1 4 1 2 2 4 3 1 6 3 4 0 3 0 0 1 1 3 2 3 2 5 0 4 0 1 4 0 1 1 2 3 5 1 2 3 2 3 1 1 2 3 2 3 2 4 2 3 2 2 2 1 2 2 0 0 1 2 4 4 1 2 4 2 2 0 1 5 6 1 1 3 2 0 1 4 0 5 3 2 2 2 3 3 5 1 4 3 1 0 2 1 1 2 1 2 6 1 4 2 4 4 2 2 1 2 1 3 1 4 4 2 1 2 3 3 1 1 1 3 2 2 1 0 5 0 5 1 2 1 2 1 0 1 4 3 2 0 2 3 3 2 1 1 2 3 2 1 1 3 0 1 2 1 4 1 2 5 1 0 4 1 0 1 1 2 3 2 1 2 2 1 4 2 3 3 2 0 0 3 2 4 4 1 5 2 1 3 2 0 1 1 1 3 4 2 3 1 0 4 2 1 2 1 1 3 3 5 1 4 3 1 2 1 2 2 2 0 2 3 4 0 1 2 3 1 2 1 2 3 5 1 2 1 6 0 1 3 2 4 6 2 1 4 1 3 1 2 0 4 1 2 2 2 2 3 2 1 2 0 0 1 3 2 4 0 4 3 3 1 2 3 3 1 1 2 1 2 0 3 5 1 4 1 3 3 3 1 3 2 3 5 2 4 0 4 1 0 2 1 0 3 0 2 3 2 2 1 3 2 1 2 1 1 1 3 0 3 5 4 2 4 2 3 1 0 2 0 4 2 2 0 4 1 1 2 2 2 4 2 1 2 1 3 1 2 4 5 4 1 2 2 3 0 1 5 2 1 2 3 2 1 1 4 0 0 5 0 1 2 2 1 3 2 4 2 2 3 1 0 6 1 1 1 0 3 2 1 0 1 3 1 6 1 0 2 4 1 2 3 2 1 3 2 0 0 4 2 3 4 3 4 6 4 0 1 0 2 5 2 4 3 1 3 1 3 6 4 0 2 4 0 0 0 2 5 1 2 2 2 2 4 4 3 2 0 5 0 4 2 1 4 0 1 2 0 0 2 1 5 2 2 1 0 0 0 4 3 5 7 1 0 3 2 2 2 1 4 0 0 2 1 1 1 0 3 3 2 1 1 2 2 2 2 1 2 1 2 2 1 2 6 2 1 0 2 1 2 2 2 1 1 1 2 2 0 2 3 2 2 3 1 1 3 3 2 1 2 1 2 1 2 1 1 0 2 1 6 2 0 0 1 1 6 2 4 1 5 0 2 2 1 0 0 3 1 1 2 3 5 2 0 1 4 2 3 0 2 0 2 2 1 2 1 1 2 1 2 5 1 4 1 2 1 0 5 1 4 2 1 3 2 3 3 3 1 0 3 2 2 1 4 4 2 2 1 0 1 4 7 1 0 4 1 4 3 6 0 2 3 1 3 1 1 4 2 1 1 1 3 5 1 4 4 1 0 2 0 2 1 3 2 3 3 2 2 2 2 3 3 4 4 1 2 2 0 2 2 1 3 0 2 7 2 0 2 2 0 2 4 3 3 2 2 2 0 1 3 2 5 2 2 0 2 2 0 4 0 2 2 1 2 3 3 1 1 3 1 3 3 2 2 2 1 1 3 1 2 1 2 3 2 1 2 1 1 1 2 0 3 3 1 5 0 4 3 2 0 2 3 1 2 3 4 1 1 5 3 1 4 1 2 4 3 0 3 3 2 1 0 2 4 2 3 1 2 1 3 3 2 2 1 2 0 1 2 1 0 1 1 5 2 1 2 1 3 4 2 2 3 2 2 2 4 1 3 0 0 1 7 2 2 5 0 1 3 5 0 2 2 1 6 4 0 0 2 2 1 0 1 3 3 0 3 1 3 2 2 3 1 3 0 2 0 1 6 1 1 4 4 3 2 2 2 4 1 2 3 3 2 3 1 1 0 1 5 1 2 2 2 3 2 3 3 3 0 1 5 1 1 4 2 2 0 1 5 3 2 1 2 0 2 1 4 1 1 2 4 4 3 1 2 2 3 3 4 2 0 1 1 5 1 3 2 3 1 3 0 1 1 1 2 1 2 2 0 2 0 1 5 4 2 2 1 3 4 0 2 1 1 3 0 4 3 1 5 5 4 1 2 0 3 2 1 0 3 2 3 4 2 2 2 1 0 4 1 2 4 2 0 2 4 0 1 1 0 2 4 1 0 4 5 2 2 2 2 2 3 3 0 3 1 3 0 3 3 3 1 2 1 2 6 2 2 1 2 0 2 2 1 0 2 3 1 2 3 1 1 1 1 1 4 2 0 5 1 3 3 1 2 3 0 3 2 0 1 3 4 3 2 1 1 3 4 1 2 0 1 2 1 0 1 3 1 4 0 2 2 4 2 5 1 1 0 3 1 2 0 3 4 1 3 1 2 1 2 2 1 2 1 5 1 4 0 0 0 1 3 2 2 2 4 4 3 2 4 2 0 1 3 1 1 1 4 5 0 2 2 0 0 3 2 3 1 3 1 4 1 3 0 2 1 1 2 3 4 2 2 4 3 1 1 4 1 4 1 1 1 4 3 1 0 6 4 0 0 0 1 3 4 0 2 4 0 0 3 1 2 3 2 2 1 1 3 1 1 2 1 0 4 1 2 1 4 2 2 1 0 1 0 4 1 1 2 0 1 4 2 4 1 3 1 0 2 0 3 4 2 0 2 1 2 2 1 1 1 4 1 1 2 2 3 3 1 3 1 4 2 1 1 3 2 2 1 2 3 2 2 1 1 3 0 3 2 2 1 2 1 1 2 1 2 1 1 4 4 2 2 0 3 4 1 0 2 3 3 2 1 0 3 3 4 2 1 3 0 3 1 2 3 2 2 1 2 4 1 1 2 3 2 3 2 1 1 1 2 1 4 2 1 3 2 1 4 1 3 1 0 1 1 1 1 4 3 3 5 0 2 1 3 4 2 0 4 0 1 1 2 3 1 2 2 0 0 1 2 3 4 0 2 4 4 2 1 2 1 2 1 0 1 2 3 3 4 1 4 3 2 2 4 2 1 2 3 2 0 4 1 1 4 3 1 2 1 3 2 3 0 1 0 1 4 1 1 3 2 4 0 1 3 2 3 1 2 2 0 2 3 3 3 1 2 2 0 1 5 1 2 0 3 5 3 1 2 5 4 3 2 0 1 0 4 1 2 4 1 2 0 3 2 2 2 0 2 1 3 4 0 0 2 2 1 1 1 3 1 4 3 5 1 5 2 3 4 3 1 0 1 3 2 2 3 4 2 3 0 4 0 1 3 2 1 3 1 0 3 1 1 4 5 2 1 2 1 0 2 1 2 1 2 1 1 2 2 5 2 2 3 2 0 0 2 1 2 2 5 0 3 1 3 0 7 0 1 4 0 3 3 2 2 1 3 1 1 1 0 2 2 1 0 0 0 0 2 0 1 5 5 3 1 0 2 0 3 2 1 3 3 1 3 1 2 0 1 4 2 2 3 3 2 3 0 1 2 1 4 1 2 1 0 3 1 0 1 2 2 1 3 2 3 3 1 2 3 0 4 0 2 1 1 2 3 2 4 1 4 1 1 2 2 2 2 3 3 0 4 2 2 4 4 1 2 1 2 0 2 4 4 2 2 3 0 1 1 4 1 1 2 0 1 1 3 1 1 0 1 3 4 2 3 0 4 1 3 0 2 0 1 1 2 4 4 6 3 0 4 3 2 3 2 1 2 2 2 3 7 0 2 1 2 2 2 1 2 3 0 3 1 3 1 1 1 0 0 2 1 1 2 3 1 2 2 4 2 0 2 4 2 0 1 6 4 0 1 3 1 2 4 2 3 3 6 2 1 2 2 1 4 1 1 4 3 3 2 4 1 1 0 2 2 6 7 0 0 3 4 0 0 0 0 3 0 3 1 1 3 0 3 1 3 3 3 2 2 0 3 2 3 2 1 0 2 1 2 3 0 3 1 1 4 2 1 1 2 2 1 3 2 3 1 4 1 2 0 2 0 2 0 3 2 3 0 2 2 1 3 2 2 1 5 2 2 6 1 2 3 1 3 1 5 4 2 0 2 3 0 8 2 1 1 3 2 1 1 3 3 2 7 2 2 1 1 1 1 1 1 1 1 2 3 5 1 3 0 0 3 5 4 3 0 3 1 3 1 1 0 1 0 4 1 2 0 2 2 1 1 0 3 1 4 0 2 6 2 3 0 3 4 1 2 3 1 2 3 3 2 3 2 3 2 2 2 0 2 2 0 4 4 5 3 1 0 2 1 1 1 1 3 4 1 1 2 6 4 2 1 0 0 6 1 1 3 3 2 1 2 1 1 1 2 5 2 4 1 0 1 0 1 1 5 3 3 1 3 3 1 1 1 1 2 1 1 6 3 1 1 1 5 3 3 3 0 2 1 5 2 2 3 1 2 2 3 1 0 2 1 2 1 3 4 3 4 2 1 2 1 1 5 0 4 1 3 0 3 1 1 1 3 3 1 2 0 3 3 4 1 1 1 3 0 2 2 1 2 1 1 4 1 5 2 2 2 2 2 3 0 3 1 3 2 1 1 2 0 4 1 1 1 0 2 3 1 2 2 4 1 1 1 0 5 0 1 2 1 1 1 2 3 1 3 2 2 1 4 3 5 5 1 1 2 0 1 0 1 0 3 4 0 3 3 5 3 1 3 0 2 0 2 3 6 0 2 2 2 5 1 0 4 0 3 3 6 2 2 0 1 4 3 0 6 1 0 1 2 2 0 1 2 2 4 2 4 1 0 2 4 1 1 4 0 2 3 2 2 1 2 3 1 0 0 1 1 4 1 0 2 2 1 2 1 2 0 2 3 2 1 2 2 2 1 1 4 1 2 2 1 1 4 2 1 4 2 2 1 3 2 1 0 2 3 3 3 1 0 1 2 2 0 1 2 2 2 0 2 3 2 1 4 3 5 3 0 0 1 2 2 1 3 0 1 2 2 1 2 6 3 1 3 2 1 2 6 3 0 0 2 3 0 4 1 3 1 0 2 3 3 1 2 6 1 2 5 3 1 0 3 1 2 1 4 1 1 0 0 3 2 2 2 2 0 1 0 1 0 1 1 2 1 2 4 3 2 0 1 0 2 3 1 2 2 1 3 2 2 2 3 3 3 2 0 0 1 1 1 4 1 1 4 2 4 2 3 2 1 3 2 1 6 2 0 3 2 1 2 3 2 2 4 3 2 0 1 1 0 4 0 0 1 2 2 3 1 4 1 2 0 2 2 2 1 0 5 2 2 4 2 5 0 0 2 3 0 2 0 2 2 2 1 1 0 2 1 5 2 2 2 1 2 1 3 1 4 3 1 4 0 0 2 3 2 1 1 6 4 1 1 2 3 1 3 3 1 1 1 3 3 1 0 1 2 0 2 1 1 1 4 1 1 1 3 0 2 2 1 1 1 0 2 1 5 0 2 0 1 0 2 3 5 5 3 1 0 5 0 3 2 1 1 4 1 2 2 1 1 1 0 4 1 2 4 2 1 2 0 2 2 0 4 0 2 4 6 1 1 1 4 1 3 1 0 2 2 2 0 3 0 1 6 2 1 1 2 2 2 1 2 1 0 2 4 6 0 3 0 2 3 1 1 0 0 2 0 1 2 3 2 1 0 3 4 3 2 0 2 3 1 2 3 4 2 1 4 2 7 0 2 2 1 2 1 0 1 3 1 2 3 3 1 2 3 3 1 1 1 1 1 0 1 1 5 0 3 3 0 2 2 0 2 3 2 3 5 0 2 4 0 1 5 3 3 1 2 2 4 2 2 1 2 3 3 1 2 1 2 0 6 3 3 2 1 4 1 1 0 4 2 3 0 4 2 2 1 4 3 1 1 2 2 2 1 1 1 3 3 3 1 4 3 2 2 5 4 2 1 0 5 0 3 0 0 4 5 3 3 3 0 1 0 4 1 3 3 1 2 2 0 4 3 1 1 2 2 1 2 4 3 2 4 0 2 0 4 1 2 1 3 2 1 2 2 1 1 1 2 0 2 0 1 3 0 0 4 1 3 3 1 1 1 6 0 0 2 4 2 2 0 1 3 1 3 2 3 1 1 5 4 0 0 2 0 3 1 0 3 4 2 0 0 2 2 3 1 2 2 1 3 2 1 2 2 2 5 1 0 1 2 1 1 3 6 0 2 3 3 3 2 1 1 1 2 2 1 3 1 3 1 4 2 1 2 1 2 1 3 2 2 3 4 1 2 2 0 2 1 1 4 0 1 2 3 3 1 0 1 3 1 2 1 1 5 1 3 3 3 3 1 1 1 1 2 2 1 1 2 1 1 2 2 2 5 0 2 3 1 1 1 1 2 2 3 1 3 2 0 2 2 3 2 2 1 0 3 1 2 2 2 2 1 4 1 2 3 3 4 1 2 0 2 3 3 1 2 3 1 3 1 1 1 4 4 1 3 2 2 1 3 1 1 3 5 3 4 0 2 3 0 2 0 2 2 0 2 4 2 1 2 5 0 3 1 4 1 1 1 0 2 3 3 2 4 2 3 2 4 2 2 1 1 2 2 1 1 4 1 4 2 1 3 0 0 1 2 1 2 5 2 0 3 1 4 1 4 2 2 0 4 2 1 2 0 2 3 4 1 1 2 3 2 0 2 0 3 1 3 0 2 2 3 2 2 1 2 3 2 1 4 1 4 4 2 2 1 1 1 2 3 2 2 2 2 2 4 2 0 0 4 1 1 2 3 2 1 2 2 3 1 4 2 2 1 0 2 3 4 1 3 1 4 5 0 5 1 0 1 2 1 1 4 2 3 5 3 1 3 2 0 2 1 0 1 2 0 5 3 2 2 2 2 1 0 1 2 4 1 2 3 5 2 1 1 0 3 5 4 5 2 2 5 1 0 1 0 3 4 0 4 1 2 3 2 1 3 1 3 2 2 3 1 2 0 0 2 1 3 3 2 4 2 2 4 2 3 3 2 3 0 3 1 2 1 2 3 2 1 2 2 1 2 2 0 0 3 0 4 1 1 1 1 3 3 2 0 1 2 3 1 4 3 3 1 1 2 2 5 1 0 2 3 2 4 0 3 1 3 1 2 2 2 1 1 1 1 2 3 2 2 0 7 4 2 2 1 3 0 2 0 3 2 2 1 4 4 4 3 2 3 2 3 4 2 2 3 4 3 4 2 1 4 3 2 1 2 1 1 1 3 5 2 2 4 2 2 4 1 2 2 2 1 3 4 0 2 1 1 1 3 1 2 2 2 3 2 3 2 4 2 0 2 2 2 1 3 5 1 5 1 0 4 2 2 1 1 2 1 2 0 2 1 2 2 2 2 3 2 2 3 2 1 1 2 3 1 3 3 1 3 1 1 3 0 1 4 1 2 3 0 1 3 3 3 0 5 1 2 3 3 1 4 2 0 0 2 3 1 0 3 4 5 1 0 1 1 1 1 2 2 1 6 2 1 1 5 2 3 3 2 2 5 4 1 6 1 0 2 3 0 1 2 1 1 0 4 2 3 4 5 2 0 0 3 2 2 2 2 1 2 3 4 1 1 2 0 1 2 3 3 2 1 1 0 2 0 3 1 3 2 4 1 2 1 4 3 2 1 1 0 3 5 2 0 1 0 2 3 4 3 0 1 3 0 4 3 2 2 1 4 2 3 1 2 1 4 4 3 1 1 3 0 2 2 4 3 3 4 1 0 5 0 3 0 1 1 3 1 4 1 1 2 1 2 3 2 1 3 1 1 1 2 2 2 1 2 1 3 1 2 2 4 1 2 5 1 1 1 1 3 2 2 0 5 1 4 2 4 1 1 1 3 1 2 1 3 4 2 4 2 1 0 3 2 2 1 4 1 0 4 1 4 1 0 4 2 3 3 2 1 1 1 2 1 3 4 3 1 1 1 4 2 2 3 4 2 2 1 4 3 2 1 5 3 3 2 3 0 1 1 2 3 3 2 6 1 1 2 0 2 4 1 2 2 2 3 1 0 2 0 1 2 1 1 0 3 2 1 3 3 0 0 3 2 1 3 4 4 2 2 1 5 1 3 2 1 3 1 3 1 4 1 3 3 4 2 2 3 3 1 3 0 2 4 1 2 0 0 3 2 3 3 3 1 2 2 1 0 2 2 2 2 1 0 2 0 2 1 2 2 2 3 2 3 0 2 2 0 0 4 2 5 3 2 1 2 1 2 4 0 3 3 1 1 0 0 1 1 4 1 3 1 3 2 2 2 1 1 3 2 2 3 0 1 4 3 2 2 1 1 3 1 2 1 1 0 1 1 1 2 3 1 3 2 0 2 0 4 2 2 1 3 3 3 2 1 2 2 4 2 3 1 1 2 0 1 1 0 2 3 2 4 2 4 0 1 1 2 1 2 3 2 2 2 0 2 2 1 2 4 2 2 2 2 4 1 1 3 2 3 4 1 2 1 2 3 1 3 3 3 2 3 2 5 1 3 1 2 0 2 2 1 3 3 2 2 1 1 3 4 4 1 2 1 1 3 1 2 1 1 1 4 4 0 2 1 2 3 1 1 0 1 2 3 4 5 1 3 0 5 1 1 1 1 3 3 1 2 3 2 3 3 0 2 0 4 3 4 1 2 0 1 4 2 2 1 1 3 1 0 2 3 0 1 1 1 1 1 3 2 3 1 3 0 2 1 2 1 3 0 1 1 3 2 3 2 1 1 2 2 2 1 5 0 3 3 2 2 0 2 2 2 3 1 3 0 1 3 3 2 4 2 5 2 0 4 3 4 1 2 1 4 3 1 1 1 1 4 3 1 1 2 1 2 1 2 1 4 4 1 2 0 3 1 4 2 1 3 0 2 2 2 3 4 3 0 3 0 0 3 1 4 3 1 1 2 1 2 2 3 2 1 0 1 5 0 1 3 2 1 1 0 3 1 4 3 2 2 1 1 0 4 4 2 2 1 2 1 1 3 3 1 0 3 4 0 4 2 2 4 1 2 1 0 1 1 4 3 1 4 1 4 0 2 1 3 4 0 2 5 1 1 4 2 3 3 1 3 0 3 4 3 2 0 0 3 1 0 3 3 5 3 3 2 2 2 0 4 0 1 3 6 5 0 2 3 1 2 2 4 3 0 0 0 1 3 1 1 3 2 1 0 2 1 2 4 4 2 0 3 3 3 2 1 1 1 2 1 1 1 4 3 0 2 1 2 4 2 2 1 1 2 2 2 2 3 2 0 1 1 2 0 8 2 1 0 3 2 3 1 3 0 3 0 2 4 1 4 3 1 0 4 2 3 1 1 1 4 1 5 4 1 8 0 1 3 4 1 0 3 2 2 0 3 1 4 1 0 2 3 2 1 3 1 0 4 0 4 0 3 0 2 1 3 1 2 2 3 2 2 2 3 1 2 1 3 1 5 1 4 4 3 3 0 2 2 2 1 2 2 2 3 1 3 4 0 1 2 1 0 2 1 3 0 4 0 2 2 3 1 4 3 1 0 0 1 2 2 1 2 2 2 4 1 1 2 3 2 0 0 4 0 3 2 2 2 2 1 0 3 1 2 3 1 0 2 1 3 4 2 5 3 0 1 2 2 0 0 4 1 1 3 1 5 3 2 1 0 1 2 2 1 1 1 3 3 0 3 1 3 2 4 1 3 2 3 3 2 3 1 1 2 1 2 5 1 4 1 2 2 1 0 1 1 3 1 2 1 3 3 2 3 1 3 3 3 3 0 1 2 1 0 2 1 1 1 2 1 6 0 2 1 3 2 2 1 0 4 1 3 2 2 1 4 3 2 2 0 0 0 3 5 1 0 0 3 5 2 6 0 2 3 0 2 2 3 2 1 4 1 2 1 6 2 3 2 0 2 3 1 2 3 1 2 4 2 3 3 2 0 4 1 3 2 0 1 5 3 3 0 0 4 1 1 4 3 2 1 1 2 2 4 0 0 2 3 1 2 2 1 3 1 1 5 1 1 2 4 0 2 0 2 3 5 0 0 1 2 2 1 1 1 2 3 3 0 1 2 2 2 4 2 0 1 1 1 1 4 3 2 2 1 2 1 0 0 2 4 3 1 1 3 3 3 2 1 1 2 1 0 3 0 4 2 1 3 0 4 4 3 0 2 2 0 2 4 0 2 2 2 2 2 2 1 1 3 1 3 0 3 0 1 1 1 2 1 0 1 5 4 2 2 0 1 3 1 2 0 3 5 2 3 3 2 2 0 1 3 1 1 2 4 2 4 1 4 1 4 2 0 1 1 3 0 2 2 2 3 3 4 1 1 2 5 1 2 0 3 3 3 3 3 2 3 1 1 3 1 2 2 4 2 2 1 3 4 1 5 1 1 0 3 2 0 0 2 2 3 1 3 2 0 2 2 1 2 1 6 5 2 1 1 0 1 1 3 1 3 1 1 2 1 1 0 3 0 2 3 0 0 3 2 4 3 1 3 1 1 2 2 0 0 3 0 1 2 0 2 0 1 2 5 1 3 3 0 1 4 2 3 0 3 2 0 0 1 1 1 4 2 2 2 2 1 2 2 3 0 0 4 5 1 2 0 1 1 1 1 1 2 5 3 1 1 1 4 0 1 1 0 0 2 4 1 6 2 3 1 1 1 2 1 5 2 3 3 2 1 1 1 0 1 1 3 3 2 0 2 3 5 1 2 0 3 3 0 2 4 1 2 1 4 3 0 3 4 1 2 3 0 4 1 2 0 4 1 2 1 4 2 6 3 1 2 1 7 1 4 3 3 0 1 0 2 3 2 2 1 2 4 4 5 1 2 2 1 1 1 3 1 1 2 3 2 2 3 2 1 3 4 2 0 0 3 3 0 0 2 1 3 2 2 2 2 2 0 4 0 2 3 0 2 2 2 1 2 4 4 3 1 3 1 1 2 3 2 4 1 0 3 1 2 2 5 2 0 4 1 2 3 2 1 1 1 1 2 0 1 2 3 3 3 1 0 2 3 2 1 1 2 6 4 2 2 0 3 3 1 3 3 2 3 2 2 4 2 2 3 1 1 1 1 3 0 2 4 2 4 1 3 3 0 3 1 2 2 3 4 1 2 2 3 3 2 2 0 3 2 2 2 2 3 3 3 1 3 3 0 2 2 2 4 2 2 1 2 1 1 2 1 3 2 3 1 2 5 1 1 1 3 2 3 1 3 2 2 3 3 1 2 1 0 3 3 1 1 0 2 4 0 1 0 0 4 1 1 2 1 4 1 2 2 2 2 3 0 3 1 4 2 3 3 4 2 2 0 2 1 4 1 3 2 2 2 1 1 2 3 2 0 0 3 1 3 2 4 6 2 1 3 1 4 0 3 1 0 3 2 1 1 3 2 1 2 5 1 1 5 0 1 3 2 3 2 2 2 2 0 1 1 1 1 3 5 7 2 0 1 1 4 2 1 1 1 3 3 1 3 2 1 2 1 4 0 0 0 1 1 4 3 1 2 1 2 2 4 5 0 5 3 2 1 4 0 2 2 2 3 0 4 2 0 2 4 3 3 2 3 1 3 2 4 1 1 1 0 2 4 3 1 1 1 2 0 6 1 4 1 2 1 2 3 0 0 3 2 4 0 2 3 1 3 1 0 2 1 3 3 1 0 2 4 0 1 2 2 4 0 3 1 2 1 3 3 1 1 1 4 2 3 4 1 2 1 0 1 1 1 5 2 1 1 1 2 0 3 0 1 2 1 5 4 1 1 3 1 3 0 3 2 1 3 4 2 3 5 0 1 1 0 0 3 4 1 1 4 2 3 1 1 2 0 3 4 1 2 1 2 1 1 0 2 2 4 3 3 3 1 1 3 2 2 2 3 0 1 0 1 0 3 5 2 2 2 3 3 3 3 1 2 2 1 4 0 3 4 1 1 2 1 4 1 1 1 3 4 3 1 1 1 2 2 0 6 4 2 3 2 2 2 0 0 2 2 0 1 1 3 2 2 1 2 3 2 3 1 0 4 1 2 3 1 2 2 1 4 0 4 1 1 2 0 1 1 2 3 1 1 3 2 3 0 4 0 2 6 2 3 3 3 3 2 0 0 1 2 0 4 2 4 3 1 1 5 1 2 1 4 1 3 3 1 1 4 2 2 1 0 3 1 2 1 0 3 2 3 3 1 2 0 3 4 5 1 4 1 7 0 0 2 0 2 1 2 4 0 0 3 2 2 2 0 3 1 3 0 3 3 1 1 3 3 1 1 3 1 3 2 1 2 3 2 0 0 1 2 3 3 0 1 0 4 2 0 2 0 2 3 1 1 3 3 0 4 3 0 1 2 0 1 1 2 3 1 1 2 2 0 1 4 3 0 2 4 2 6 1 7 0 0 2 1 3 2 1 2 0 4 2 2 4 2 4 1 2 2 2 1 3 1 2 1 2 1 1 3 2 2 0 1 0 1 4 3 1 2 2 1 3 4 1 1 1 1 3 1 1 1 3 1 2 3 4 2 2 3 2 2 2 1 4 3 0 0 2 1 5 4 2 1 1 0 1 1 2 2 1 1 4 2 4 2 2 2 0 1 2 0 1 3 6 2 2 1 2 1 3 2 2 1 1 3 1 1 2 1 1 1 3 1 3 1 4 1 4 1 1 1 2 1 3 5 2 2 3 1 1 2 3 3 1 1 2 2 0 2 3 4 2 1 4 2 0 1 1 1 2 2 2 3 0 1 6 2 1 4 1 3 3 2 2 2 3 2 1 2 4 3 2 3 1 1 0 2 4 3 2 0 2 2 0 2 0 1 3 3 1 3 2 1 2 4 2 1 0 2 1 2 0 2 2 4 5 3 1 2 4 1 2 4 4 0 1 2 0 0 2 4 3 1 2 2 1 3 1 4 0 2 3 3 2 0 3 1 2 0 4 0 5 1 3 3 2 2 3 2 2 2 3 0 3 0 4 1 4 2 1 2 0 2 2 1 3 2 2 4 0 3 3 2 3 5 1 3 1 2 0 1 4 1 1 5 1 2 0 1 3 2 3 4 2 0 1 4 2 1 0 4 3 1 3 4 2 3 2 1 3 1 4 1 1 3 2 1 2 2 2 5 1 0 0 1 1 4 2 4 1 2 2 2 1 0 1 1 2 2 6 2 3 2 2 2 3 4 0 2 1 1 2 0 2 1 0 1 4 2 4 0 2 1 4 1 0 2 5 1 4 0 0 2 1 4 2 3 0 2 2 1 1 2 2 4 6 1 2 0 2 1 2 1 0 2 4 2 1 1 3 1 0 1 0 2 2 4 2 1 1 0 3 1 1 4 5 1 1 2 2 2 1 1 1 2 2 2 1 3 3 3 2 4 5 2 0 2 2 2 2 5 2 3 4 2 4 0 2 1 4 3 2 0 1 2 1 2 2 2 0 3 1 3 0 2 3 2 1 1 3 4 1 3 0 0 4 1 1 3 2 0 1 2 2 1 3 2 2 1 0 2 4 1 4 1 5 5 2 0 1 0 4 4 2 1 2 1 2 5 1 4 2 2 3 1 4 3 1 2 1 2 3 1 2 2 3 1 3 4 4 2 0 2 1 2 3 4 2 3 2 0 1 2 3 2 2 1 2 1 0 2 2 3 2 2 1 3 1 5 1 2 1 1 3 3 1 5 2 2 2 2 1 1 1 1 1 3 3 4 3 0 0 1 1 3 0 1 2 1 0 2 3 3 5 1 3 1 1 2 1 2 0 2 2 0 3 2 2 2 2 2 0 1 0 2 0 3 2 3 0 1 2 1 0 1 3 1 2 3 1 2 2 1 3 0 0 3 2 4 2 1 1 3 4 3 2 2 2 2 1 0 1 1 2 2 1 1 1 2 2 1 3 2 0 3 2 1 3 3 2 4 4 2 0 4 1 4 1 2 1 1 1 2 2 1 1 1 0 3 2 1 3 2 5 4 2 0 2 5 2 1 2 3 2 1 3 0 3 6 1 3 0 1 0 4 4 3 0 2 2 2 2 0 2 3 1 4 0 3 2 1 3 2 2 7 3 0 2 0 6 4 2 1 3 0 1 2 1 0 4 1 1 2 4 0 2 0 1 1 2 2 4 5 2 2 5 2 2 1 1 1 1 0 2 3 3 1 4 4 1 3 3 3 1 4 1 0 3 2 3 3 0 2 3 3 3 0 1 2 1 2 2 5 2 4 4 0 3 1 3 4 1 1 1 1 0 2 3 1 0 2 1 2 1 0 1 5 3 2 3 1 2 3 2 0 1 1 0 0 4 1 2 1 3 2 1 0 1 0 5 4 1 3 4 2 3 1 2 1 2 2 1 2 2 3 2 3 0 4 1 0 1 6 2 3 0 1 4 1 4 0 4 4 1 2 3 1 3 5 3 2 1 1 2 3 0 2 4 2 2 1 1 1 1 4 2 1 1 1 5 2 1 1 1 3 2 4 3 2 2 1 3 2 1 1 0 1 0 1 2 4 1 4 3 4 7 1 1 1 0 1 0 2 1 4 4 3 1 3 2 2 2 2 1 3 4 1 3 3 2 3 3 0 5 1 1 1 5 1 3 2 2 3 2 2 0 4 1 3 2 1 1 1 4 1 1 1 3 2 2 2 2 2 3 1 3 0 1 0 2 3 3 3 2 5 4 6 1 2 4 1 1 1 2 1 4 4 1 2 2 0 2 2 1 3 1 0 0 1 0 2 1 3 3 1 1 1 1 2 3 0 4 3 5 3 3 2 2 1 0 0 2 0 1 1 1 2 1 5 2 2 1 3 1 1 3 2 1 0 0 1 1 2 0 3 2 2 3 0 0 0 1 2 2 0 0 3 2 1 3 1 2 3 1 1 3 2 4 7 0 1 1 4 5 1 4 1 1 2 1 1 1 1 3 2 2 2 4 4 0 0 2 1 5 1 0 7 1 1 0 1 1 1 1 1 3 2 2 3 3 3 2 4 3 0 1 3 1 1 1 3 2 1 3 5 2 1 4 2 4 0 0 3 3 2 2 1 2 1 2 1 0 2 3 1 3 0 3 2 6 2 1 2 2 1 3 3 0 2 2 1 2 0 2 2 2 2 2 1 0 1 5 0 2 3 1 3 0 1 1 2 3 0 1 8 3 2 2 2 2 3 1 3 2 0 3 1 3 0 1 1 7 0 2 1 1 0 2 3 2 4 1 1 2 1 2 2 1 2 0 1 2 4 2 4 2 1 2 0 2 0 2 1 1 3 1 4 1 0 1 2 2 2 3 0 2 4 1 2 0 4 2 1 3 2 3 1 3 0 1 3 0 5 1 0 1 2 1 1 1 1 2 4 3 5 0 0 1 1 5 1 3 1 2 4 0 2 0 2 1 1 4 1 4 3 4 1 1 0 1 5 1 6 1 2 0 3 2 0 1 1 1 1 0 3 1 0 5 4 6 2 1 0 1 1 2 0 3 1 3 1 3 0 3 3 2 4 5 1 3 1 0 0 2 4 0 3 3 2 2 2 2 2 2 4 2 1 2 2 2 2 3 1 1 1 2 2 3 1 0 3 1 3 4 2 2 2 2 0 0 2 3 4 3 1 2 2 1 4 3 0 1 3 2 3 3 1 1 2 0 2 2 0 5 1 3 2 1 3 3 0 1 2 1 1 5 0 0 2 2 3 1 0 2 2 3 1 1 3 2 2 3 1 2 1 3 4 2 0 1 2 1 1 2 1 6 1 1 2 0 3 1 2 4 3 3 2 3 2 2 2 1 3 1 2 4 3 2 2 2 2 3 0 3 0 1 2 5 1 1 2 7 0 1 1 3 1 4 1 2 4 3 2 2 2 1 1 1 1 3 4 3 3 0 0 3 1 1 1 0 7 3 1 0 3 1 2 1 3 0 2 2 0 1 0 3 1 1 2 1 3 2 2 3 2 2 3 0 1 3 1 1 1 1 3 2 1 0 2 2 5 4 2 2 1 4 4 1 0 0 1 2 0 5 2 2 1 3 4 1 1 0 3 1 2 3 4 1 2 1 3 1 4 1 2 2 2 3 3 2 0 1 2 2 4 3 2 2 3 1 1 4 1 1 1 2 2 2 0 4 4 0 1 2 3 2 0 3 2 4 5 1 0 1 1 3 1 2 2 4 2 2 2 0 2 1 1 2 1 2 1 1 0 0 3 2 3 0 0 2 0 3 1 1 2 3 1 0 2 4 5 2 1 1 2 4 0 0 3 2 3 1 1 1 3 1 1 2 2 5 0 1 2 2 1 1 3 2 0 4 2 3 0 4 2 3 2 0 3 0 1 4 4 3 1 0 1 3 1 1 0 1 2 2 1 2 2 3 3 0 2 4 1 2 3 4 3 0 1 0 3 2 3 0 1 1 3 3 0 0 1 3 2 1 1 3 1 1 1 0 5 1 1 2 2 1 3 2 0 4 0 3 1 0 4 3 3 4 1 1 3 0 2 3 4 4 4 2 3 3 2 1 2 0 3 0 3 1 1 2 1 1 1 0 1 1 4 4 2 1 1 3 2 3 1 2 2 1 1 1 0 1 2 2 3 2 3 0 1 2 1 6 1 2 2 4 2 4 3 0 3 3 0 1 3 1 1 1 1 6 2 1 4 3 0 1 1 4 2 1 9 3 2 0 0 2 1 0 1 2 1 2 2 2 0 3 2 3 1 2 3 2 2 2 1 2 2 1 1 4 2 4 2 3 1 1 2 4 2 2 1 3 2 0 4 3 3 1 3 4 1 3 0 2 1 2 1 1 2 2 4 1 2 1 2 1 3 1 3 1 1 0 1 3 1 1 1 2 3 1 2 3 5 1 1 2 0 3 4 0 4 1 2 2 2 1 3 0 2 5 6 2 1 3 0 3 0 3 2 2 0 2 4 1 1 3 1 0 3 1 1 1 2 4 2 2 5 2 0 0 3 2 1 0 1 2 1 1 3 1 3 6 3 5 1 3 0 3 1 1 1 4 2 2 1 0 1 1 0 1 4 3 1 7 2 1 2 1 2 1 1 2 4 1 2 1 3 4 3 2 3 3 1 1 1 2 1 2 0 2 3 3 2 1 1 1 4 2 5 1 0 1 3 1 3 3 2 2 4 2 1 1 1 3 2 1 4 1 1 2 2 2 1 4 0 3 1 3 2 1 3 0 1 0 2 2 4 1 1 3 4 1 1 2 3 2 5 1 2 1 1 1 4 5 1 3 0 1 4 1 2 2 4 1 4 0 2 0 2 2 3 3 2 0 4 1 4 3 3 1 3 2 3 1 0 2 3 1 0 3 5 2 0 2 3 1 3 3 1 1 3 2 3 4 0 0 2 3 1 2 1 1 6 2 0 1 2 0 1 1 2 0 2 6 1 4 4 3 1 4 2 1 3 1 1 2 3 4 2 2 0 2 1 2 2 3 2 4 6 2 0 4 1 0 0 0 2 1 1 3 1 6 3 1 5 5 2 6 2 2 1 1 3 1 1 1 4 2 3 1 1 3 3 3 3 2 3 3 2 2 2 3 3 1 2 1 3 1 0 2 3 4 3 4 2 1 2 2 4 3 1 4 3 3 0 1 2 1 2 3 1 2 3 5 1 2 0 1 2 2 0 3 6 4 0 1 2 0 1 3 2 2 0 3 1 0 0 2 5 1 3 2 0 4 1 2 3 2 4 3 4 1 4 0 2 1 2 4 0 1 3 1 0 3 1 1 3 1 1 1 1 1 0 2 3 2 0 4 1 2 1 2 2 2 2 1 2 2 3 3 1 3 3 2 0 3 1 3 4 2 2 3 0 6 2 1 0 2 1 1 2 1 3 0 1 4 4 2 2 2 4 2 2 1 1 2 4 0 1 2 3 1 2 1 4 2 2 2 2 1 2 0 3 2 5 1 2 0 3 3 1 0 1 3 2 4 3 1 0 1 4 1 2 2 1 3 1 2 0 1 1 0 2 0 4 3 3 0 3 1 3 2 2 1 2 2 3 1 3 0 4 3 3 4 1 0 0 1 2 4 1 3 2 0 1 2 1 1 3 1 0 0 4 4 3 1 1 0 5 1 2 3 2 0 2 2 0 3 1 1 2 4 2 2 1 2 2 2 2 2 1 3 1 1 2 1 0 2 4 3 5 2 3 3 1 3 2 2 3 2 2 8 4 2 1 2 0 2 2 0 3 2 2 2 3 1 2 3 4 1 1 1 1 2 1 2 1 2 0 4 3 4 2 1 2 2 3 1 3 1 2 5 4 4 1 1 0 0 3 0 2 4 3 3 1 4 1 2 4 0 3 3 0 1 1 5 2 0 2 2 2 1 3 1 1 3 5 2 2 3 1 2 3 3 1 4 1 4 1 5 1 0 2 3 1 0 1 0 2 3 1 3 2 1 1 5 2 2 1 1 1 2 2 1 2 2 2 1 1 5 2 3 2 2 3 1 2 2 4 2 3 1 2 1 0 3 1 1 0 2 1 5 1 4 3 1 1 3 1 2 2 2 2 4 2 2 2 3 3 1 0 1 1 1 4 3 5 1 1 2 1 0 0 2 4 1 1 1 1 3 0 5 1 3 1 2 0 1 1 1 0 1 1 3 1 2 0 2 1 3 5 2 2 1 6 1 1 1 2 0 1 1 5 3 3 5 3 1 1 1 1 5 1 1 4 2 1 2 2 2 1 1 3 2 3 1 2 3 0 0 2 1 0 4 2 3 1 4 2 2 2 1 2 2 2 3 0 2 4 1 2 2 0 3 3 3 1 1 5 4 0 2 1 2 1 3 2 3 1 2 2 3 1 0 2 3 1 1 0 0 2 3 3 0 3 3 0 4 1 1 1 3 4 0 2 2 2 0 1 2 1 1 1 2 3 1 1 2 1 4 1 3 1 2 1 1 4 1 1 2 3 1 0 2 3 1 8 1 0 1 1 1 2 0 3 3 4 0 3 1 1 1 2 5 5 1 3 0 2 2 0 0 1 2 2 4 2 2 1 3 3 1 3 2 1 2 4 4 1 2 1 2 2 2 0 1 1 5 1 4 4 0 2 3 3 2 3 1 0 1 2 1 3 2 1 2 2 2 0 1 0 2 5 1 1 1 2 4 2 4 3 1 1 1 2 0 3 2 0 4 0 0 0 3 1 1 4 1 2 0 0 2 0 1 2 3 1 0 1 3 0 4 1 6 2 2 2 4 1 4 2 1 1 3 3 0 1 1 1 5 4 1 6 0 0 1 1 0 0 0 5 0 2 1 2 5 4 0 0 4 0 1 3 3 2 3 2 4 3 2 5 2 2 1 1 2 3 1 4 1 4 0 1 4 3 1 1 3 2 2 3 0 1 3 4 0 2 1 1 3 6 1 2 1 2 1 0 2 1 3 2 3 5 2 1 2 2 2 4 0 3 3 3 0 1 1 3 2 3 4 2 0 3 3 0 2 2 1 1 2 0 2 3 0 0 2 1 0 4 2 2 0 3 4 0 0 3 3 0 3 3 3 1 5 7 2 0 2 4 4 7 2 1 2 3 1 3 0 2 2 1 1 1 2 2 3 3 2 1 1 3 3 1 0 2 1 2 2 4 2 3 0 1 2 3 3 1 0 2 0 1 1 0 2 1 1 3 1 2 2 4 2 0 5 3 0 1 1 0 6 3 3 2 0 2 1 0 2 4 3 2 0 1 2 1 0 1 2 3 3 2 1 1 3 0 2 2 1 2 1 1 3 2 1 2 1 4 2 3 0 2 3 1 1 1 1 4 0 1 0 3 2 3 3 4 2 0 2 3 2 3 2 1 1 4 2 2 1 0 0 4 5 0 2 3 0 0 2 2 2 1 3 1 4 3 2 2 1 1 0 2 3 0 1 2 2 1 3 0 3 2 4 4 0 1 0 5 3 1 2 2 5 3 2 1 1 1 3 0 3 1 0 1 3 3 3 2 2 4 1 5 1 1 4 0 1 2 1 5 3 6 0 0 0 2 3 1 1 2 2 1 2 5 1 0 6 4 1 2 0 2 3 3 0 1 2 3 4 4 2 1 2 2 2 1 2 1 1 1 2 6 2 6 2 1 3 0 1 3 0 0 2 1 1 4 2 6 4 1 3 0 0 3 1 1 5 0 1 2 2 3 1 4 2 1 4 2 4 2 1 3 3 2 2 1 7 1 3 2 2 3 2 0 5 1 2 1 3 1 1 1 3 2 2 0 4 2 2 5 2 4 1 2 2 0 4 0 3 0 2 3 5 0 2 0 0 3 1 1 2 1 2 5 3 1 3 2 2 2 2 1 0 2 1 0 1 2 1 1 0 1 3 3 2 5 2 3 2 0 2 1 2 3 1 2 3 1 1 1 1 0 4 3 3 3 1 1 4 1 2 1 1 4 1 1 0 1 3 2 2 2 1 1 0 4 1 3 3 3 2 5 0 0 1 1 1 1 4 1 1 1 3 0 1 3 3 1 4 3 1 2 1 1 0 4 0 3 3 4 2 2 2 1 1 5 2 1 2 1 2 1 1 0 5 2 1 6 1 2 1 0 2 1 5 2 2 2 4 0 4 1 3 3 2 3 0 0 2 0 3 2 3 2 1 6 1 2 1 0 1 0 2 2 2 2 1 6 2 0 4 2 2 0 3 2 2 2 0 0 2 1 2 3 3 2 3 1 3 2 2 0 0 0 3 2 0 5 2 4 2 1 1 2 3 2 0 4 1 2 2 2 1 0 3 1 2 3 1 2 2 1 1 3 2 3 3 2 3 0 2 2 2 0 1 3 1 5 2 3 1 1 0 3 1 2 2 4 1 1 1 3 5 3 3 2 0 2 1 1 2 1 3 2 1 2 3 1 1 1 1 3 2 1 2 1 2 5 4 1 0 4 1 4 3 2 4 4 0 2 2 0 0 6 0 2 2 3 4 3 1 1 3 3 2 2 0 4 1 1 1 1 4 0 4 0 3 1 2 3 0 1 3 0 3 2 2 2 1 2 4 3 3 2 2 1 3 2 1 2 1 2 4 2 3 1 4 1 0 1 1 2 4 1 1 0 1 2 1 2 4 1 2 1 0 1 2 3 1 0 2 2 0 2 0 4 2 1 2 5 2 1 1 0 3 3 2 1 1 1 3 3 5 1 3 2 1 3 1 2 1 4 5 3 1 0 1 2 2 3 0 2 3 2 2 1 1 1 1 1 1 2 3 1 1 1 3 1 2 4 4 2 1 1 0 3 0 1 3 0 3 1 0 4 3 0 2 1 5 2 1 3 1 1 4 1 1 1 4 1 2 2 3 2 2 1 1 2 0 1 2 3 3 4 1 2 0 2 1 1 3 4 2 1 1 3 1 0 1 3 2 2 1 1 2 1 2 3 3 3 1 5 2 6 1 0 6 4 2 1 2 1 0 3 5 2 3 1 1 3 0 6 4 1 1 3 3 2 1 2 1 2 3 1 3 1 4 1 0 3 2 1 2 2 4 0 3 4 0 3 3 1 0 0 2 3 2 3 1 1 1 2 5 1 5 2 1 0 3 2 2 1 2 1 3 2 2 2 2 0 2 2 3 3 2 3 3 2 2 1 3 2 2 2 0 3 1 1 3 4 4 4 2 0 1 2 2 5 3 5 4 3 2 2 2 1 1 0 5 4 2 3 4 0 1 2 1 2 0 2 0 5 0 1 5 2 3 1 1 1 0 6 3 1 0 2 2 4 3 4 3 1 2 0 0 1 1 3 0 0 2 1 3 2 2 0 2 2 2 4 2 2 2 2 4 2 4 2 2 0 2 1 5 1 2 6 1 1 4 0 1 0 3 3 2 2 1 3 4 1 1 2 3 1 3 1 3 4 3 2 2 0 2 2 2 1 2 0 3 2 0 1 3 1 1 2 1 3 1 3 4 2 3 3 2 2 1 1 0 1 0 3 4 1 1 2 0 5 0 4 2 1 0 1 1 2 0 3 2 1 2 5 2 1 2 0 3 0 0 2 2 1 4 3 2 0 4 1 1 0 4 1 2 1 2 2 2 3 3 1 1 0 2 2 3 1 1 2 4 2 1 1 1 2 3 1 1 3 2 3 4 2 0 1 3 6 2 1 3 0 2 6 3 1 2 0 0 3 4 2 0 2 2 0 4 4 4 1 2 4 0 3 1 2 3 1 0 3 1 3 1 2 3 0 2 4 2 2 2 3 1 2 1 0 1 1 0 4 2 1 4 2 2 3 1 2 1 3 2 1 1 1 0 2 2 4 5 2 4 1 1 0 3 3 1 4 0 0 1 0 1 6 2 1 7 1 3 2 2 2 1 1 3 2 2 5 1 2 0 1 1 2 1 2 4 7 4 4 3 1 0 3 2 1 4 2 0 3 1 3 0 0 3 1 1 2 3 0 2 2 2 4 4 0 2 0 2 2 0 1 1 1 5 2 1 1 0 0 1 1 1 1 0 3 5 5 1 2 3 1 3 2 0 2 4 3 3 3 0 2 0 3 3 2 2 1 4 1 2 1 1 1 2 3 2 2 1 3 5 5 2 2 3 3 2 1 1 1 2 3 1 1 0 2 6 2 3 3 0 1 1 0 0 4 4 1 1 1 1 2 2 3 2 6 3 3 3 1 1 1 1 2 3 2 0 1 1 1 0 1 2 1 5 2 0 2 0 0 1 0 5 1 2 1 0 1 0 2 4 0 6 1 3 2 1 1 0 0 3 2 2 2 0 0 2 1 2 1 2 1 3 0 0 3 2 2 1 3 4 2 2 1 2 4 3 2 2 2 5 5 1 4 3 1 1 1 0 1 3 1 4 2 2 1 4 0 4 2 2 2 2 1 2 3 2 3 1 1 0 4 1 1 5 3 3 2 0 2 0 1 2 2 1 2 3 2 0 5 3 3 3 1 0 3 2 2 4 2 2 3 2 2 2 3 2 3 1 1 1 2 3 1 3 2 2 3 3 3 1 2 1 2 2 1 2 1 1 1 6 2 4 1 1 1 2 2 2 2 4 2 2 0 3 2 2 1 4 3 3 4 2 0 1 3 4 4 2 3 1 1 0 0 5 1 0 2 5 2 1 4 2 2 1 0 3 1 0 0 2 3 2 0 1 1 2 5 2 1 1 1 3 3 2 2 1 2 3 1 2 1 2 1 4 1 1 2 1 2 2 0 4 3 0 1 2 4 2 4 0 1 4 1 3 2 3 0 2 1 3 2 2 4 0 3 1 5 1 0 3 2 3 0 1 1 0 1 3 2 1 0 1 2 2 1 3 0 0 2 2 3 5 2 3 3 3 2 0 1 4 0 4 2 2 0 2 2 0 0 2 4 3 3 3 1 2 3 2 0 4 1 1 1 0 1 1 4 1 1 0 3 0 6 5 1 1 2 2 4 1 3 1 2 2 1 2 4 2 1 0 6 3 2 0 5 3 2 2 0 1 1 5 1 4 2 0 0 0 3 2 2 2 2 0 2 0 2 2 1 2 5 2 3 3 1 2 2 4 1 0 3 1 1 1 2 1 2 1 2 1 3 3 1 2 1 6 1 4 1 4 3 3 3 1 2 1 1 2 2 3 3 3 3 0 4 0 1 2 0 4 1 3 1 2 1 5 1 1 4 1 3 3 0 3 3 3 7 2 3 0 1 3 4 1 1 1 0 1 0 1 4 2 0 5 1 0 2 2 1 3 1 3 0 3 6 0 2 3 4 1 1 2 3 3 2 1 1 3 1 2 3 1 1 2 4 4 2 2 2 0 3 3 3 2 1 2 4 3 0 0 0 2 1 2 3 2 1 3 0 2 2 1 1 0 2 2 0 0 1 1 3 1 0 4 0 0 0 4 1 2 0 5 2 1 0 2 1 1 1 2 0 3 2 2 2 3 2 2 1 3 1 1 2 4 3 2 2 1 5 1 2 5 1 0 3 1 2 0 4 2 2 1 1 4 3 3 1 2 1 0 3 0 2 1 2 0 4 2 1 3 5 2 0 0 1 3 2 3 2 0 3 1 2 2 1 1 4 3 2 5 1 1 0 0 5 1 0 1 4 3 2 4 6 1 4 0 3 0 1 3 2 5 2 1 0 2 5 1 2 1 0 2 0 3 3 2 1 2 4 3 2 1 0 1 4 0 1 2 3 3 4 2 2 1 1 1 3 4 2 4 1 0 3 1 1 4 2 7 4 1 4 2 1 0 1 1 3 1 1 2 3 4 1 3 1 1 0 3 2 0 2 2 2 2 2 2 1 2 1 1 2 2 2 2 2 0 5 1 2 5 2 2 3 4 2 0 1 3 2 0 3 0 5 0 1 1 3 2 3 0 2 0 1 2 2 2 1 1 4 2 3 4 0 0 3 1 2 3 2 1 0 4 1 4 0 2 1 4 3 0 0 1 4 1 0 1 6 2 2 2 1 2 2 0 2 2 0 1 2 1 0 3 1 1 2 4 0 0 1 3 1 4 3 2 2 4 0 3 3 4 2 2 5 2 1 2 1 2 2 1 3 1 3 1 1 0 2 2 1 3 3 0 1 2 3 5 3 4 1 2 2 3 0 2 3 0 3 3 1 5 0 1 2 4 4 2 1 2 1 1 3 3 0 5 1 1 1 0 3 2 1 1 3 3 2 4 1 2 1 5 1 3 2 0 2 2 3 4 2 0 1 1 2 2 4 4 1 3 2 2 2 2 2 5 1 2 5 3 4 1 1 0 1 2 0 1 0 4 0 3 4 2 2 1 0 4 2 2 4 0 1 2 6 3 1 3 1 2 2 1 3 1 3 3 1 3 2 3 1 4 0 1 2 2 5 3 0 3 1 5 1 6 2 1 2 0 3 0 1 1 6 1 1 1 4 1 4 1 2 3 2 2 2 2 1 4 1 6 1 1 1 1 6 4 2 1 2 2 2 0 4 1 1 4 3 2 3 0 4 2 4 1 3 1 2 3 0 1 1 1 5 1 2 3 6 2 3 3 4 0 0 1 2 3 2 1 3 3 4 2 3 2 1 1 3 0 3 2 4 3 2 8 1 1 0 0 1 6 1 3 4 2 2 0 2 3 3 5 4 3 2 1 2 5 4 3 0 5 1 1 0 1 3 2 1 5 4 2 0 2 3 1 1 2 1 4 1 1 1 3 2 2 2 1 3 2 2 1 2 1 4 1 1 3 3 3 5 3 3 3 1 2 3 4 4 3 3 1 2 0 0 2 2 2 1 1 3 0 4 3 3 1 1 0 1 1 2 1 2 0 1 4 0 2 1 6 3 2 3 2 2 1 0 5 2 2 1 2 2 3 1 4 0 2 0 1 2 1 1 3 0 3 2 6 1 0 1 5 0 5 1 0 1 1 3 0 3 0 1 1 1 1 2 3 2 3 2 2 0 0 2 1 4 2 4 3 2 2 5 4 1 1 1 2 3 2 1 2 0 2 1 2 3 2 1 1 4 1 0 3 4 0 1 0 4 1 2 2 2 2 2 4 1 1 2 1 0 2 0 0 2 1 3 1 5 1 1 2 1 2 1 0 2 2 4 4 2 3 1 2 2 1 1 2 0 4 2 2 0 2 3 3 2 2 1 1 1 2 2 1 1 3 1 1 4 1 2 2 0 3 1 0 3 3 0 3 1 1 5 0 1 1 0 0 5 6 1 1 2 2 0 1 4 1 3 3 2 2 4 1 4 2 1 0 3 1 1 3 1 4 1 1 1 0 1 2 6 2 1 4 4 2 2 0 2 3 2 0 3 1 2 2 2 5 4 1 1 2 1 2 2 3 2 1 2 4 1 2 3 4 2 1 1 1 2 1 3 0 3 1 3 3 1 0 0 5 5 4 2 2 0 4 3 1 0 1 2 3 3 1 1 1 0 5 2 1 1 1 1 2 1 6 2 1 0 2 1 2 3 1 1 0 5 0 3 3 1 4 1 1 4 0 1 1 3 2 1 1 3 3 3 1 4 1 0 3 1 5 2 3 1 1 3 1 4 1 3 0 2 4 2 3 2 1 3 1 3 3 3 3 3 0 1 0 3 1 2 1 1 0 2 3 3 5 2 0 3 0 1 2 0 0 3 4 4 0 1 1 2 3 1 2 0 2 3 0 3 0 1 5 3 4 1 2 2 1 5 1 3 2 1 1 2 0 2 2 3 1 3 4 1 2 1 5 2 1 1 3 3 0 2 2 2 2 1 3 6 2 3 2 1 2 3 2 4 1 3 2 5 2 1 2 2 2 2 0 3 5 1 3 1 6 1 4 0 3 1 1 1 1 3 1 2 5 2 5 2 0 1 3 2 1 0 0 3 2 5 0 2 2 2 5 0 4 1 3 3 3 1 2 1 4 5 1 2 1 0 1 5 1 2 1 4 3 1 1 4 3 4 1 1 1 2 2 1 3 2 2 0 4 0 3 0 2 3 4 3 0 1 4 2 2 1 1 3 1 0 3 3 0 1 4 4 1 0 2 2 2 3 0 3 5 1 4 2 1 1 2 2 2 1 0 1 2 2 3 2 3 4 1 2 3 2 3 1 2 3 1 0 0 2 3 1 0 1 1 2 2 3 2 1 1 1 5 1 2 0 6 1 0 2 2 1 0 4 3 4 5 3 1 2 0 3 1 3 1 4 3 3 3 2 1 3 2 2 1 2 3 2 4 1 4 2 1 1 3 2 6 3 1 1 1 2 1 4 0 3 1 2 0 2 5 5 0 2 2 2 0 2 3 3 4 4 2 2 0 3 0 2 3 4 1 3 1 4 2 1 3 4 1 2 3 2 3 0 3 1 2 3 0 2 2 2 2 4 3 1 2 1 3 2 2 3 1 1 1 1 1 3 0 4 1 1 0 2 4 1 1 2 3 1 1 1 6 2 0 1 3 0 1 4 4 1 1 3 3 0 4 4 1 2 2 2 3 2 5 1 2 2 1 2 0 1 0 1 3 5 3 1 2 0 2 3 1 0 2 1 0 2 2 3 2 2 2 4 2 2 1 1 3 0 1 1 0 3 4 2 3 1 1 3 2 1 1 5 2 3 1 1 1 3 0 0 3 2 1 2 2 5 3 2 3 2 0 1 1 1 1 3 1 2 3 2 1 5 3 7 1 0 1 3 0 1 4 3 1 2 0 3 2 3 0 1 3 1 3 2 2 3 1 6 2 0 0 3 4 2 1 1 0 3 1 1 2 3 1 2 2 0 2 2 4 0 1 3 1 0 1 3 2 2 3 0 2 2 0 0 2 1 1 1 3 4 3 5 2 2 2 0 4 4 2 5 1 3 2 3 5 1 1 2 2 1 0 2 0 1 1 2 2 2 3 2 3 3 0 1 3 2 3 5 3 3 0 1 3 2 2 2 4 1 1 2 1 2 3 3 3 0 1 1 0 3 1 2 5 0 3 2 2 1 0 2 3 3 1 1 2 3 0 1 2 1 1 2 0 1 4 0 2 2 2 2 0 1 1 3 3 0 4 1 2 3 2 1 0 3 3 0 5 2 4 1 2 4 2 1 4 1 1 1 3 3 3 2 3 2 1 2 4 0 0 3 5 3 5 1 1 2 2 4 3 0 3 1 0 1 2 1 4 2 2 3 1 1 3 1 1 0 4 1 2 1 1 1 2 1 6 3 0 3 1 1 2 6 5 0 4 2 1 3 3 2 0 4 2 4 3 5 3 0 1 2 2 2 2 1 3 1 4 2 1 3 4 3 0 2 2 0 0 1 1 1 3 1 3 3 4 3 0 3 3 2 3 0 0 1 0 3 2 1 2 3 2 2 3 1 0 1 3 1 2 3 5 4 3 0 1 1 2 1 0 0 3 0 1 4 4 2 6 1 0 1 3 1 0 3 3 1 1 6 1 1 3 1 1 4 2 2 3 3 4 1 4 0 2 0 4 4 4 2 2 3 2 1 0 1 0 1 2 2 1 1 1 2 1 1 1 5 5 0 1 2 1 2 3 1 3 1 1 1 0 5 2 2 2 2 1 2 0 2 1 1 4 4 4 1 1 1 3 1 3 1 2 2 2 1 2 4 3 0 1 6 2 3 1 3 2 1 5 2 2 1 0 2 1 1 1 2 4 2 3 1 3 1 2 0 2 3 3 3 0 1 2 4 5 1 1 2 2 2 3 4 1 4 0 1 1 3 4 0 1 1 3 2 2 0 0 3 3 2 0 2 4 0 3 0 0 1 2 4 0 3 4 2 4 2 2 1 3 3 2 0 3 4 1 1 1 3 4 2 3 0 2 2 1 1 3 0 1 0 1 5 3 2 1 1 0 2 1 2 1 2 2 0 1 1 0 2 1 5 8 3 4 2 2 1 1 1 3 1 1 2 3 1 1 1 1 1 2 4 0 4 1 4 0 1 2 3 2 2 1 1 1 1 1 0 2 2 5 3 1 0 1 2 0 1 3 1 4 3 1 4 2 5 2 0 1 2 4 3 1 3 2 4 1 2 2 2 4 0 4 3 2 2 5 1 0 1 0 1 4 3 2 1 1 2 0 3 2 2 4 3 2 1 2 1 2 1 2 4 1 0 1 3 1 3 3 4 1 0 1 5 2 3 3 1 0 1 2 3 2 3 2 3 1 3 3 2 2 0 1 1 2 1 5 6 0 3 3 1 1 0 2 3 1 1 2 3 2 0 3 6 0 1 1 4 2 2 1 1 1 2 2 1 2 2 2 0 0 2 1 2 2 0 1 0 2 1 0 2 2 0 1 0 2 5 0 2 1 1 3 6 1 4 4 0 2 0 0 3 2 4 3 3 2 5 2 1 2 3 2 2 3 0 1 0 0 0 3 1 1 5 3 0 5 1 0 0 1 2 1 0 2 2 3 4 1 2 2 2 4 2 4 0 2 2 0 1 2 1 4 2 2 0 2 2 0 0 1 1 3 3 4 4 3 1 1 3 0 0 6 1 3 4 0 2 2 4 0 2 2 2 0 3 3 2 1 2 3 0 4 3 0 1 1 4 2 3 2 2 1 2 4 2 2 2 3 2 0 0 0 2 3 2 2 3 1 0 1 0 2 1 1 3 2 3 2 3 2 2 1 2 2 0 3 3 5 3 3 4 1 1 3 1 1 2 3 1 1 3 2 1 1 2 3 3 4 3 2 2 3 2 3 1 1 2 0 2 1 4 2 3 2 1 2 1 4 3 1 2 2 4 1 3 1 2 5 3 1 4 0 3 1 1 2 1 2 3 1 3 2 3 1 5 0 2 4 2 0 0 3 2 2 3 2 3 0 3 3 2 3 0 2 0 1 3 4 2 3 1 7 0 2 2 0 1 2 1 2 2 2 2 0 4 2 2 0 1 3 2 4 1 2 1 3 3 2 0 0 1 4 2 0 2 2 2 3 2 0 3 1 0 2 3 3 2 3 2 1 3 1 3 0 4 1 6 1 3 0 3 1 3 1 4 4 0 0 4 1 4 2 2 0 2 3 6 1 2 1 0 3 4 2 2 3 1 1 2 4 1 0 1 0 2 3 1 1 2 5 0 3 0 4 1 1 4 2 2 2 3 1 2 1 1 1 1 2 1 2 5 1 3 1 5 2 3 1 2 0 4 1 4 2 1 3 0 2 3 2 1 3 0 0 2 4 2 1 2 4 1 1 3 2 2 2 3 1 3 3 3 3 3 3 2 3 1 2 1 1 2 2 2 2 1 1 2 2 5 5 1 2 3 1 2 1 3 3 2 2 4 0 0 0 0 1 7 2 1 5 2 2 0 1 3 3 1 4 1 1 3 4 1 1 2 2 1 0 2 3 3 3 3 1 2 2 1 0 3 3 2 2 2 2 3 1 0 1 2 2 2 3 3 2 1 0 2 3 3 4 1 5 2 1 4 1 6 2 1 7 0 5 3 2 1 1 2 3 2 1 1 4 1 3 2 3 0 4 2 1 3 1 2 2 1 2 0 3 7 2 1 3 0 2 1 0 2 1 3 2 3 1 3 2 3 0 1 3 2 3 1 2 2 2 2 4 3 2 1 2 0 2 1 2 1 1 5 1 2 4 4 0 1 3 4 3 3 0 0 2 3 2 2 3 5 2 2 2 1 1 1 2 2 0 3 2 1 2 1 1 3 5 0 0 1 3 1 4 3 2 4 2 2 5 3 1 0 0 2 2 0 1 1 1 6 0 3 2 1 1 3 3 1 2 1 5 3 3 2 1 2 4 3 1 3 1 0 3 2 3 2 4 1 2 3 1 2 2 5 0 2 2 4 0 2 1 1 2 0 1 3 0 6 1 2 1 5 0 3 3 1 3 5 3 1 3 1 2 1 2 2 1 3 3 2 5 5 2 2 3 0 2 3 2 3 1 3 1 1 3 3 1 2 1 1 3 2 4 1 6 1 5 4 5 2 1 4 2 0 1 2 2 3 3 2 0 0 0 2 1 1 2 2 3 4 3 2 2 1 3 1 1 0 0 1 0 2 2 2 5 3 0 3 3 4 3 3 1 1 1 2 3 1 2 0 0 3 1 3 3 3 3 2 1 1 2 3 1 5 4 2 1 2 2 4 2 1 2 2 3 2 1 2 2 3 2 0 3 2 4 4 1 1 0 1 3 0 2 4 1 4 2 4 5 2 0 2 1 3 1 0 1 4 2 1 1 1 3 3 2 2 2 0 2 0 4 3 3 3 1 1 6 2 1 2 3 2 2 2 4 3 4 0 1 1 1 2 0 1 5 1 4 1 2 1 1 5 1 2 5 1 3 2 2 0 4 2 3 0 5 3 1 0 2 0 1 1 2 0 2 4 1 5 3 2 3 1 6 2 1 3 2 2 1 2 0 4 1 2 2 1 1 1 5 1 1 2 1 4 6 0 2 0 1 1 2 1 4 1 1 4 1 1 2 4 2 2 2 3 0 2 2 1 1 2 2 1 1 3 3 1 1 2 3 2 2 2 1 0 1 2 1 3 1 4 1 1 2 2 1 1 6 3 3 0 1 3 4 3 1 2 2 0 1 2 4 0 1 7 0 2 1 0 3 1 2 2 1 2 2 0 1 0 3 2 2 1 5 0 1 2 1 1 1 0 2 1 1 3 1 2 0 4 3 2 1 2 1 3 1 1 1 1 1 5 3 3 3 1 2 1 4 6 1 1 3 1 1 1 0 2 2 3 2 1 2 1 0 3 1 1 2 4 2 2 3 2 2 2 2 6 3 1 2 3 5 1 2 3 1 2 4 3 1 1 0 1 1 1 3 1 2 2 0 1 2 1 0 3 4 1 2 2 3 1 1 1 2 2 3 2 2 3 2 3 1 3 0 1 4 0 1 4 3 0 2 0 2 2 2 4 2 3 3 0 5 3 2 4 0 1 1 2 2 2 3 4 0 1 4 3 2 0 2 1 3 1 2 0 1 2 5 3 1 2 3 2 2 3 2 1 2 5 3 4 1 3 1 3 1 3 2 1 1 3 3 5 1 2 1 2 3 1 1 2 4 3 2 3 1 1 1 2 2 2 1 0 4 0 3 3 2 5 3 2 1 1 3 2 1 1 2 1 4 2 4 1 5 2 1 2 1 3 3 2 0 2 3 2 1 0 4 1 0 2 2 1 2 4 1 0 0 3 5 1 1 2 3 6 1 3 1 2 4 0 5 5 1 1 1 3 2 0 4 1 4 2 0 4 2 1 2 3 1 1 3 2 4 2 1 2 4 3 0 1 2 1 3 4 2 1 3 1 2 3 2 5 1 2 4 0 3 1 1 1 2 1 3 2 1 3 1 1 1 0 2 1 4 3 2 0 3 2 1 0 3 2 2 3 1 1 0 1 4 1 3 4 5 1 1 3 2 0 1 2 1 4 3 3 4 1 2 0 1 2 3 4 4 4 1 5 1 5 2 1 4 0 1 1 1 4 1 1 4 2 4 4 2 0 2 2 2 0 1 2 3 2 2 2 1 2 1 2 1 1 1 1 3 3 2 1 2 2 2 3 0 4 2 2 1 0 2 0 4 0 1 2 1 2 2 5 5 2 3 2 2 0 2 2 1 4 1 0 3 0 2 4 5 1 2 1 4 1 1 0 0 1 2 0 1 1 4 5 1 2 1 0 5 0 0 0 3 2 2 2 1 6 2 3 2 3 1 1 3 3 5 1 0 0 5 1 2 3 1 3 3 2 1 2 1 4 1 2 2 4 2 3 1 1 2 3 3 2 2 3 2 3 3 2 0 3 0 1 5 4 1 1 0 2 3 2 1 2 2 4 2 1 3 1 1 2 3 1 3 1 0 0 0 2 4 1 2 0 2 1 1 1 1 1 1 4 4 2 2 0 2 1 3 1 0 0 0 5 0 1 4 5 1 0 2 2 3 2 2 3 3 3 4 0 0 3 2 2 1 1 2 0 2 0 3 1 2 0 3 5 2 4 2 3 1 2 1 3 1 3 3 1 2 0 0 0 1 5 1 1 2 1 1 1 1 1 5 3 4 1 1 0 3 5 2 1 2 2 2 2 2 4 2 1 1 2 1 0 0 0 4 2 1 2 3 2 0 2 1 1 5 3 3 2 3 3 0 2 3 0 2 2 3 1 1 0 5 4 0 0 2 4 1 2 0 0 1 3 0 1 2 1 3 3 2 3 0 1 1 5 0 3 1 5 2 3 3 0 2 2 2 1 1 2 2 1 2 1 4 4 1 3 4 2 1 5 1 2 0 4 4 4 2 0 1 2 1 2 2 1 0 2 0 2 5 2 0 2 2 3 0 1 0 0 6 1 1 3 0 2 2 3 2 4 1 2 4 3 3 3 0 0 2 1 0 1 2 1 1 0 1 4 0 2 3 2 2 0 2 5 1 1 3 1 4 1 2 3 1 2 2 1 0 1 1 2 4 2 2 4 0 1 3 3 2 0 1 2 4 2 2 3 2 1 4 3 0 5 3 1 1 0 2 2 4 1 6 1 1 0 2 2 2 3 3 2 0 4 1 4 2 2 1 3 3 1 2 0 0 2 3 4 1 2 2 4 4 2 1 1 3 0 1 3 3 3 2 1 0 3 3 2 0 2 1 5 3 3 3 1 1 2 1 1 2 0 1 1 3 3 3 3 3 4 0 0 1 3 2 1 2 4 0 1 1 1 2 1 1 1 4 2 0 0 2 3 5 2 4 1 0 1 0 1 4 3 4 3 2 0 3 0 3 0 2 2 4 1 1 2 3 2 1 3 3 2 1 1 1 1 1 1 1 1 5 3 2 2 0 3 2 3 5 1 1 4 3 3 1 1 1 2 1 5 1 2 1 2 3 1 0 5 2 1 1 1 4 2 1 1 2 2 2 3 0 1 3 4 1 4 2 3 2 4 2 2 2 0 1 1 2 0 4 2 1 1 4 1 2 5 0 2 1 4 2 2 5 5 3 2 2 2 4 1 2 1 2 3 2 3 1 3 0 5 1 1 5 1 0 3 5 1 2 2 2 3 1 3 2 2 4 1 1 2 2 1 1 2 2 2 1 3 3 3 2 0 3 2 3 2 5 5 0 4 2 0 0 2 2 3 1 3 3 3 4 1 2 1 2 0 3 1 3 1 1 5 1 1 3 7 3 0 1 1 1 4 2 1 3 2 1 1 3 2 1 1 3 1 1 3 4 3 2 0 1 6 1 2 2 2 3 1 0 0 3 3 2 1 2 1 3 2 3 0 3 0 2 2 2 2 3 2 4 1 2 1 0 4 3 3 5 3 2 1 3 2 3 0 2 1 2 2 0 0 2 4 0 4 2 3 0 0 2 5 0 3 2 3 0 3 2 2 0 3 3 3 4 3 3 2 2 2 0 1 1 2 2 4 0 2 4 1 2 3 2 2 4 1 0 6 0 2 1 0 2 3 2 0 1 2 0 3 1 1 3 3 0 2 2 1 3 1 0 4 2 0 1 3 3 1 2 3 1 4 3 1 2 0 1 4 2 1 2 4 4 3 1 2 1 2 1 2 3 2 0 0 1 3 1 0 1 1 2 4 3 2 2 3 2 3 0 2 2 3 1 2 2 1 2 2 2 0 4 3 1 1 3 0 1 3 3 2 3 3 3 2 2 0 4 1 2 1 1 2 2 3 2 0 3 4 1 1 3 4 0 4 5 0 2 2 2 0 3 1 2 1 2 3 0 5 0 1 0 2 1 4 2 1 2 2 2 1 4 0 1 0 0 1 3 2 1 1 2 2 0 1 1 3 0 2 4 1 3 2 1 2 0 1 2 1 1 2 3 3 2 3 6 1 1 4 4 1 1 1 3 1 0 1 4 5 1 2 1 1 5 1 1 2 3 3 0 0 2 2 1 2 1 4 2 1 5 3 3 1 0 2 2 6 0 2 0 0 2 2 4 2 1 1 4 3 0 1 1 2 5 2 2 3 1 1 1 1 2 2 1 1 2 4 3 0 2 3 4 3 1 2 2 2 1 3 7 1 3 1 2 1 1 2 1 1 2 1 2 2 6 1 1 1 3 0 3 1 3 4 0 1 0 2 0 4 4 1 4 1 2 2 0 2 1 2 1 1 0 1 5 4 1 0 0 2 1 3 6 4 1 4 1 2 2 3 1 0 0 3 4 1 1 5 4 5 1 3 4 2 1 2 1 1 1 2 0 2 4 1 5 2 5 0 3 0 4 0 2 2 1 1 2 0 4 3 3 2 4 2 2 0 0 5 0 1 3 2 3 0 1 3 3 2 2 1 0 1 1 1 1 1 1 2 1 4 1 3 2 2 2 2 1 0 3 1 3 3 3 1 2 1 1 0 3 2 4 2 4 1 1 4 1 4 3 1 1 1 1 2 3 1 3 1 0 1 3 2 1 2 4 1 1 2 3 3 1 2 1 0 2 1 1 4 0 3 4 2 0 2 5 1 2 1 4 3 0 1 6 3 2 1 2 0 1 1 2 5 5 1 1 2 1 0 1 3 3 1 2 0 2 1 1 5 1 1 1 3 0 0 2 2 0 2 4 1 0 2 2 1 2 4 1 3 1 0 0 1 3 3 2 0 1 4 2 3 4 0 3 2 2 1 0 6 5 1 4 2 2 2 3 0 3 1 2 1 4 1 1 2 1 2 1 1 2 2 4 1 1 0 2 3 2 1 3 3 3 1 2 2 1 0 3 1 1 3 0 1 4 1 2 3 2 0 2 2 0 1 4 3 1 4 3 0 2 1 0 0 1 2 3 2 3 2 1 2 0 2 3 0 4 1 3 3 1 3 1 3 1 2 2 3 0 0 4 1 3 0 2 4 1 2 1 5 1 2 2 1 1 3 2 1 1 2 0 6 3 0 3 1 1 8 3 1 1 0 1 2 2 2 1 3 3 1 4 3 0 1 3 2 0 1 3 3 0 0 2 4 0 0 2 2 2 0 1 2 2 4 4 0 1 2 2 4 2 3 2 1 2 1 2 2 4 2 1 3 1 2 1 3 0 4 3 2 1 0 3 3 4 1 4 4 3 2 1 3 1 3 1 0 1 1 1 1 5 2 2 1 1 2 2 3 1 4 0 2 1 3 1 1 3 3 5 0 5 6 3 1 1 1 1 0 4 1 1 3 0 0 5 2 2 4 2 1 1 1 0 4 1 3 5 2 3 2 1 2 2 1 1 6 5 1 0 4 0 1 1 2 0 1 3 2 1 1 3 4 1 1 4 2 1 2 1 2 2 3 1 7 4 1 0 1 1 2 2 0 1 3 1 2 2 1 2 3 2 4 1 1 3 3 1 2 4 3 0 1 2 3 3 2 1 2 0 2 4 2 3 3 2 3 0 4 2 3 2 4 3 1 0 4 3 0 1 4 2 3 2 1 2 2 2 2 5 3 0 1 2 2 1 1 2 2 4 2 3 3 0 3 3 2 1 1 4 2 3 3 3 5 1 3 1 3 2 1 1 1 2 6 3 1 2 1 3 5 1 3 1 2 5 2 1 1 1 3 1 1 1 2 0 1 2 2 5 3 1 6 3 1 0 5 1 3 2 1 3 3 0 2 5 4 1 1 5 2 2 1 4 2 1 2 1 4 3 2 2 3 1 2 1 2 2 1 4 1 4 0 3 1 3 2 0 2 4 0 2 2 1 2 2 2 2 2 1 0 1 1 0 0 5 0 4 1 2 1 1 5 1 0 2 0 4 0 4 0 2 0 2 2 1 6 2 1 2 3 1 3 1 1 3 2 1 3 1 1 4 3 1 2 6 2 2 1 3 3 2 2 1 2 3 0 1 0 0 2 2 1 4 3 6 1 1 2 0 2 1 5 1 1 0 2 4 0 1 4 3 1 3 0 2 1 3 0 3 0 2 1 3 1 0 2 3 2 2 2 3 0 2 1 4 2 2 2 0 2 2 2 1 1 3 2 2 3 1 1 4 2 3 1 0 2 2 5 2 4 2 4 3 1 4 2 3 1 3 0 1 3 4 1 2 3 0 3 3 2 0 0 2 1 0 4 2 4 2 5 1 5 3 1 0 2 0 4 0 0 2 3 4 2 3 1 1 1 2 1 2 2 1 1 3 1 1 0 2 2 1 4 0 3 4 0 1 2 3 2 1 1 2 2 1 3 1 2 2 2 2 3 4 3 2 1 4 2 2 0 1 2 2 5 4 3 2 0 2 1 1 3 0 1 3 3 5 3 3 0 2 1 1 2 0 1 0 2 3 2 0 2 2 0 1 6 3 2 1 3 3 3 1 1 0 2 3 2 5 1 0 3 1 1 2 1 5 4 1 4 4 2 2 2 1 3 4 1 0 2 0 5 1 1 1 3 0 2 0 1 3 0 1 3 2 3 1 1 1 3 2 0 4 2 0 2 2 3 3 4 1 2 3 2 2 1 0 2 1 3 2 1 0 2 0 2 1 0 0 5 0 2 3 0 4 4 4 5 1 1 3 0 1 2 0 2 2 3 0 2 0 3 0 2 2 1 2 4 2 0 2 1 1 3 1 5 4 1 5 1 1 1 1 1 5 0 1 1 1 2 1 3 4 1 0 1 1 2 3 2 3 0 2 3 4 0 3 0 1 0 2 1 5 1 4 0 1 1 3 5 2 2 0 1 4 0 0 5 1 0 0 1 3 1 3 3 1 6 2 1 1 1 1 2 3 3 1 2 0 1 3 0 2 1 1 3 1 1 3 1 3 0 0 3 0 3 1 2 2 1 1 0 1 2 4 3 0 1 1 3 2 3 0 1 3 1 0 0 3 0 4 1 1 2 4 1 3 3 0 4 2 1 0 2 0 0 0 2 4 4 1 5 3 1 2 1 1 1 3 4 3 1 2 0 1 4 1 1 2 3 0 2 1 4 2 1 2 0 3 1 3 1 2 5 4 2 1 4 6 2 1 3 2 0 5 1 2 3 2 1 4 0 1 2 1 3 3 1 0 3 1 2 1 1 1 1 2 1 5 3 2 1 0 2 1 5 3 2 0 1 1 2 5 1 1 3 2 0 3 2 2 6 2 2 4 4 1 1 1 1 1 0 2 4 2 1 2 4 2 1 0 1 2 1 2 3 2 2 5 0 6 2 2 3 1 2 1 0 0 2 1 0 0 3 1 2 2 1 4 1 1 3 3 2 3 2 2 1 3 2 4 1 1 1 1 1 1 0 3 1 2 0 0 0 5 2 4 2 1 0 2 3 2 2 2 2 3 2 3 3 2 1 4 2 3 1 2 0 2 3 1 1 1 4 2 4 3 2 6 4 3 2 1 2 1 1 1 1 2 1 0 2 2 4 1 2 3 1 3 3 3 3 5 1 1 1 2 2 0 1 3 2 1 0 1 2 1 3 2 3 2 4 1 5 3 2 0 3 1 3 2 2 3 1 1 2 0 4 4 2 2 4 1 3 2 0 0 0 1 0 5 1 2 2 4 3 4 2 0 3 3 2 2 3 1 3 4 0 1 4 1 4 2 1 4 1 3 5 1 1 2 0 3 3 1 3 3 2 1 1 2 2 1 2 1 1 1 2 4 0 4 4 2 3 3 1 1 1 5 2 2 3 0 1 3 1 1 4 3 2 3 0 1 1 4 1 3 3 3 4 2 1 1 1 1 4 4 3 3 2 3 0 1 2 1 1 2 3 3 5 5 2 1 1 2 2 4 2 2 4 2 2 0 4 2 3 1 3 2 1 1 3 6 1 3 3 0 2 3 3 3 2 2 4 1 4 1 2 2 2 4 4 3 1 1 1 3 2 0 0 3 4 4 1 3 0 4 0 1 2 3 1 2 3 1 3 0 1 2 4 2 3 2 7 2 2 3 5 3 1 1 3 1 2 4 3 2 2 3 2 6 2 3 0 0 5 2 1 2 2 1 2 2 2 1 0 1 1 1 4 4 1 4 1 1 0 2 3 4 2 4 0 0 1 1 2 1 3 2 2 2 3 1 4 0 1 2 1 0 2 1 2 5 2 2 1 2 4 1 0 2 2 3 1 1 2 1 0 1 1 4 1 2 2 3 2 0 0 3 3 2 5 1 0 4 1 4 3 3 1 1 4 0 2 2 3 2 2 3 2 0 2 1 2 3 2 2 1 4 1 3 1 1 2 1 2 4 2 4 2 2 1 0 3 1 2 2 3 1 2 0 2 0 1 2 5 2 5 0 3 1 2 3 1 0 2 1 2 4 1 1 0 4 1 1 1 3 0 1 3 3 4 1 0 0 1 3 0 3 3 3 1 0 1 2 2 5 0 3 1 0 1 3 1 2 4 0 1 0 2 3 2 3 0 1 0 3 0 1 5 2 4 3 0 3 1 2 2 3 2 2 2 3 5 2 1 1 4 2 0 0 3 1 2 3 3 3 2 0 0 1 2 0 2 1 3 1 1 0 3 5 1 1 4 2 1 1 1 3 3 1 1 1 0 2 1 1 5 3 2 1 2 2 2 2 3 3 0 2 1 1 2 2 2 2 3 1 1 6 2 3 1 1 2 2 0 1 1 2 2 3 2 1 6 6 4 2 1 0 6 1 1 1 3 1 1 4 3 1 2 3 1 3 2 0 4 1 4 1 2 4 1 2 1 3 1 2 5 1 1 1 5 1 1 2 3 0 0 5 2 1 3 1 3 1 4 1 1 4 1 0 3 1 2 4 4 4 2 1 1 3 1 3 3 0 3 0 3 4 2 3 1 3 2 5 1 2 1 0 1 3 4 1 2 2 1 1 2 0 5 2 3 0 4 3 0 0 4 2 4 2 3 3 2 0 0 0 3 6 2 1 3 2 2 3 0 0 4 4 6 3 2 5 3 1 1 2 1 3 2 2 1 3 2 1 1 4 0 3 2 2 3 3 1 2 0 2 4 5 1 1 2 3 4 0 1 4 0 3 0 2 1 0 4 3 2 6 3 1 2 1 4 1 0 2 2 2 1 0 1 2 0 1 1 2 2 3 4 3 2 5 3 2 0 2 3 1 2 2 0 2 3 5 1 3 4 6 0 3 5 2 0 1 0 5 2 3 0 3 0 2 2 0 1 1 1 0 5 4 2 1 2 2 4 1 1 2 1 3 2 1 2 1 3 1 1 4 1 1 3 2 0 3 2 0 1 2 1 1 1 2 3 4 1 2 1 1 3 1 4 1 1 4 1 0 3 2 1 2 0 2 3 3 2 4 1 2 2 0 2 1 2 2 2 2 3 1 3 1 5 1 5 2 1 0 1 2 3 2 1 3 2 5 2 0 2 0 1 0 1 4 2 3 2 3 5 3 4 0 1 0 1 3 6 2 3 1 1 2 0 7 0 2 3 3 1 2 2 2 0 1 3 0 1 5 1 3 1 3 3 1 2 1 1 0 3 4 3 4 1 3 3 1 3 1 1 1 1 3 1 1 1 1 2 2 0 1 2 2 0 2 3 3 4 3 0 1 1 0 3 3 2 0 5 1 1 4 2 1 3 2 1 1 1 0 3 3 1 3 3 4 1 2 0 3 4 2 2 4 5 1 3 1 4 1 1 3 1 2 1 1 4 2 4 2 1 4 1 2 2 5 0 2 3 3 2 1 1 1 2 1 4 5 1 3 1 1 1 1 3 1 5 1 0 2 4 3 2 4 3 1 1 2 2 0 3 1 2 1 3 1 2 3 1 0 2 0 1 2 1 1 3 2 2 1 3 2 1 2 1 2 0 1 6 3 3 3 2 2 3 1 1 0 1 0 2 3 3 2 2 1 2 2 2 2 4 3 1 1 1 2 3 1 2 3 2 3 3 3 3 0 5 2 2 3 1 4 1 4 1 2 2 4 2 4 1 2 3 0 2 1 1 2 2 2 2 1 2 3 1 4 1 2 1 1 1 3 3 5 2 1 1 0 3 1 3 2 1 1 2 2 3 5 1 2 2 3 4 4 2 3 0 1 2 1 3 2 5 2 3 2 1 2 0 2 1 2 2 1 3 0 1 2 1 3 4 1 1 4 2 0 2 2 2 0 3 1 1 4 3 0 2 3 1 1 2 5 4 1 1 3 1 2 3 1 0 0 3 1 1 1 3 1 1 5 0 1 3 1 0 1 2 3 1 4 1 3 0 1 3 2 2 1 3 3 0 1 5 0 2 2 3 2 2 0 1 1 0 3 1 4 3 1 1 1 2 0 5 3 2 4 0 1 1 2 3 0 4 1 2 1 3 4 2 2 2 1 2 2 1 3 1 2 2 1 1 4 1 4 1 2 4 3 1 2 1 2 1 3 0 2 4 4 1 5 2 2 4 1 4 0 0 3 2 6 1 2 0 6 3 4 3 1 1 2 2 1 3 1 1 2 2 0 1 2 1 2 1 2 1 4 1 1 2 1 4 2 4 3 3 0 4 1 0 3 2 0 3 3 3 5 1 1 2 2 1 1 3 3 5 0 2 4 1 2 3 3 1 1 5 0 4 2 4 4 2 3 2 1 2 3 1 2 2 3 1 1 4 0 2 3 0 0 2 3 1 4 3 3 1 5 1 1 0 1 1 2 2 4 3 2 2 1 1 4 3 0 3 4 0 1 4 4 1 2 4 1 1 1 2 3 0 1 0 2 3 4 3 2 2 4 1 2 3 1 2 1 2 1 5 1 3 1 4 1 2 3 3 3 5 2 1 2 1 1 4 2 5 1 3 1 2 0 1 5 2 2 0 0 4 3 3 0 0 0 1 1 0 3 2 2 2 1 1 1 1 0 1 4 0 0 5 3 2 2 0 2 1 1 1 1 1 2 2 1 1 4 0 2 4 3 1 3 6 0 2 1 0 2 2 2 1 3 3 1 1 2 0 3 4 6 1 2 2 2 3 3 3 8 1 0 3 0 2 3 4 4 0 0 2 0 1 3 2 5 0 1 1 1 0 8 3 2 0 2 2 0 5 5 1 4 1 3 2 2 3 2 1 3 4 2 2 4 6 2 2 0 1 5 2 1 1 1 0 3 1 4 3 1 4 2 5 1 3 3 2 1 3 2 3 2 3 1 2 2 1 0 0 2 2 2 1 4 1 2 3 1 1 1 2 2 2 1 1 4 4 3 6 1 1 2 6 1 2 2 0 1 3 3 1 2 4 0 1 3 1 2 5 1 3 1 0 3 2 3 1 2 2 2 1 1 2 5 1 3 1 2 3 4 2 0 2 2 2 3 3 1 5 0 0 3 5 6 2 2 2 1 1 2 1 3 1 1 0 1 3 1 1 1 1 2 2 3 3 1 2 3 2 1 1 0 0 3 2 2 1 4 1 0 2 1 2 2 2 1 2 3 3 0 0 2 1 1 4 2 1 2 6 1 0 3 3 1 1 3 1 1 0 1 2 4 2 3 0 0 0 2 2 5 4 3 1 0 4 2 1 2 3 0 3 2 1 2 1 4 2 1 2 2 0 2 1 0 2 4 3 1 0 1 1 0 2 0 1 1 4 4 2 2 1 2 2 2 1 2 2 4 2 2 1 3 2 3 5 1 4 3 0 1 1 1 1 2 1 2 1 1 3 0 2 2 1 2 1 1 1 2 2 2 2 2 0 2 1 6 1 1 4 2 1 0 1 3 3 3 2 5 0 1 3 1 2 3 4 2 3 2 3 1 3 1 1 3 1 2 2 1 5 2 2 2 1 2 2 1 0 2 1 2 3 3 1 1 0 2 1 1 3 2 3 0 3 2 2 2 2 3 2 3 3 2 2 2 0 3 0 3 3 2 1 4 2 3 4 0 2 1 3 0 1 2 0 4 2 2 1 0 5 2 2 4 2 0 0 3 0 2 2 2 3 1 3 0 0 2 2 1 0 2 4 2 3 4 3 3 2 1 1 1 3 3 4 1 4 1 5 4 2 1 0 1 3 0 1 0 0 4 4 2 0 3 2 2 2 0 0 4 0 2 1 1 2 1 6 0 4 1 5 3 0 2 3 3 1 2 2 0 0 2 1 5 2 1 1 0 2 2 2 1 1 1 1 6 3 2 1 0 3 2 3 1 1 3 1 1 1 4 3 1 2 5 4 0 3 2 1 2 2 1 1 5 1 4 2 3 1 1 1 3 2 1 1 2 1 2 2 5 1 1 1 0 3 3 2 2 2 3 2 0 0 3 3 1 1 3 2 1 4 2 2 1 1 3 4 3 3 2 0 0 1 4 0 1 0 1 1 1 4 4 3 3 1 2 2 1 2 1 3 1 4 1 1 2 2 2 1 0 3 0 1 3 6 1 0 1 1 1 2 3 4 4 5 2 1 2 1 3 1 0 1 4 3 0 1 1 1 2 1 1 2 3 0 2 2 1 2 2 2 1 2 1 4 4 3 4 1 1 0 1 1 2 3 2 2 2 1 1 2 2 2 6 4 0 0 2 1 2 3 5 1 0 1 5 4 2 0 2 1 2 1 2 3 1 4 1 0 3 2 1 1 2 2 3 4 3 1 2 0 2 0 3 1 2 1 1 2 3 2 2 0 2 2 2 0 3 2 1 4 1 1 1 1 3 2 1 2 3 3 1 3 3 3 2 0 1 1 6 3 3 3 3 0 1 2 2 1 0 1 0 4 2 3 2 2 2 1 3 3 0 2 2 1 3 2 2 2 3 1 2 4 0 0 2 2 4 5 4 0 1 3 3 0 4 0 2 5 4 2 2 3 1 1 7 5 2 1 2 2 1 2 2 2 2 1 2 0 0 0 2 1 4 4 3 3 4 1 2 3 2 1 3 2 3 1 1 2 1 2 3 1 3 5 2 1 1 1 4 2 0 1 3 2 1 3 1 3 2 4 2 1 5 3 0 1 2 2 1 3 1 1 1 3 3 4 3 1 3 6 3 0 1 1 1 2 0 4 1 1 3 1 1 3 1 0 1 1 2 4 0 5 1 2 0 0 1 3 3 1 1 1 1 3 2 3 0 5 3 1 1 1 1 5 1 1 2 1 0 3 4 1 4 2 1 3 3 2 4 1 2 1 3 2 4 3 1 1 3 2 0 3 3 1 3 2 4 1 1 4 1 2 1 2 3 2 1 2 2 0 2 2 2 0 0 1 4 2 3 1 1 1 2 1 3 2 1 1 2 2 4 2 0 1 3 2 1 1 1 2 3 1 3 3 4 5 3 4 3 0 3 2 1 4 1 2 3 1 3 3 2 0 5 1 3 1 1 0 2 4 2 4 0 1 1 4 2 1 1 3 1 2 1 2 1 2 3 0 1 1 5 3 2 4 1 1 2 3 3 3 2 3 2 5 2 6 2 1 2 2 2 1 3 0 2 1 4 2 1 4 1 2 4 3 2 2 4 3 3 3 1 2 1 2 0 3 2 4 3 3 0 0 1 2 4 3 1 1 0 2 5 0 1 1 3 0 2 3 1 2 3 0 2 3 1 0 0 3 5 1 1 2 2 1 2 3 2 4 2 3 1 4 1 1 2 6 1 3 2 4 3 2 0 0 4 1 2 3 4 1 0 2 1 0 1 3 1 2 3 4 2 2 2 2 1 2 4 2 4 2 0 0 1 3 1 2 2 2 2 3 1 2 0 1 0 1 0 2 0 1 0 1 1 2 4 0 3 3 2 1 2 0 5 3 0 4 1 1 1 2 5 1 5 2 2 1 1 3 0 3 4 0 1 3 2 3 1 0 0 4 3 3 1 1 2 1 1 1 3 3 2 3 1 2 4 1 2 3 3 2 0 3 3 3 1 3 0 2 2 1 6 3 3 1 2 3 0 0 2 2 1 1 3 2 3 0 1 3 1 2 2 3 1 1 2 1 3 2 2 1 0 0 3 5 0 5 3 4 4 0 2 3 2 3 1 2 1 2 5 3 0 2 2 5 0 2 3 0 1 3 0 2 0 0 5 0 2 0 3 1 2 1 3 1 3 2 1 2 2 3 1 0 2 2 4 0 2 1 0 0 1 4 1 2 3 2 2 2 1 1 2 1 0 1 3 6 1 2 2 3 2 2 1 2 2 0 4 0 2 4 1 2 9 1 2 0 3 1 0 0 1 6 0 2 1 4 1 1 0 3 3 0 3 2 4 2 3 1 3 2 0 0 2 0 2 1 2 2 2 2 3 2 4 2 2 2 4 0 1 1 0 0 2 4 4 2 1 4 2 3 1 1 1 2 2 2 4 1 2 3 1 1 0 1 1 4 3 0 1 3 2 2 3 4 1 1 2 3 1 3 0 2 0 2 2 4 1 2 3 0 2 3 5 5 0 2 0 2 1 1 1 0 1 1 2 4 1 1 3 2 2 3 2 0 2 2 1 1 0 1 0 4 6 1 1 1 1 1 2 2 2 1 3 2 1 1 4 5 2 2 2 1 3 2 3 1 2 1 0 2 3 3 4 3 1 4 1 3 2 4 2 0 1 1 2 3 0 3 1 2 0 2 3 2 2 4 4 0 0 2 0 2 2 5 2 1 2 2 2 0 2 3 2 2 4 1 3 0 2 1 2 5 0 6 1 1 2 2 5 2 2 1 2 2 3 1 2 2 3 1 3 4 4 1 2 1 2 2 3 2 1 1 1 1 3 1 3 1 3 0 2 5 3 5 1 3 1 0 1 4 3 3 1 2 2 2 1 1 3 2 1 2 3 3 0 1 3 2 3 2 2 1 4 2 0 3 3 2 1 2 0 4 1 0 3 0 0 2 2 3 5 3 2 3 2 2 1 3 1 2 1 3 4 1 2 3 5 0 2 2 3 2 1 1 3 4 2 2 2 1 3 2 1 2 0 3 2 2 3 1 0 3 2 1 0 2 4 5 4 2 2 2 0 1 1 1 3 5 2 3 0 1 0 1 2 1 2 1 1 1 3 0 3 2 0 2 0 2 3 2 3 2 4 1 3 0 3 1 5 1 1 3 1 2 1 1 2 2 3 0 3 1 2 1 1 1 0 1 3 1 2 4 1 2 3 3 5 2 0 2 1 1 1 0 1 4 1 2 5 0 1 1 4 1 2 4 2 2 1 1 4 0 2 2 1 1 2 2 3 1 0 2 2 3 2 6 0 1 5 1 0 2 2 3 4 1 3 1 3 1 0 1 1 3 4 1 4 1 2 1 0 1 3 2 3 2 3 1 0 0 3 1 0 3 1 2 2 3 4 2 0 2 4 4 5 1 5 2 1 0 2 2 3 1 3 1 2 2 1 1 1 2 3 2 1 0 3 2 1 1 3 3 1 2 2 3 2 2 3 3 1 2 1 3 1 2 1 4 1 1 3 3 0 3 5 0 1 1 1 2 1 3 2 0 1 3 3 1 1 1 1 3 3 1 1 1 0 2 2 0 3 3 1 0 1 2 2 2 2 3 2 0 2 4 1 1 2 4 2 3 0 1 0 2 2 2 2 5 4 1 0 2 1 3 3 1 6 2 3 1 0 1 0 2 4 3 1 2 2 2 5 4 3 1 0 1 0 6 3 1 0 0 3 2 1 2 1 1 3 2 1 3 1 2 0 3 4 2 2 0 1 3 5 4 0 2 1 0 0 1 5 2 6 3 1 2 1 1 4 3 0 2 0 2 3 1 4 3 1 6 1 0 3 2 2 2 0 6 2 2 1 1 2 3 1 0 2 0 4 4 7 2 0 4 2 4 0 3 3 3 1 1 2 3 0 2 2 0 4 3 2 2 2 2 2 0 0 2 1 1 3 0 4 1 1 2 1 2 3 0 1 3 1 1 3 2 3 1 1 5 3 3 2 6 2 1 1 0 1 1 4 1 2 1 0 1 1 4 3 2 3 2 2 3 0 1 2 2 0 4 3 0 3 1 3 3 3 2 1 0 1 1 1 2 1 0 2 1 3 1 0 3 3 2 2 1 0 1 1 2 2 2 2 0 3 2 2 0 2 2 2 4 1 0 4 0 3 0 0 3 4 0 1 2 4 2 1 4 1 2 0 2 1 3 2 4 3 1 2 1 3 1 2 4 1 1 3 1 2 2 1 3 1 3 4 2 2 5 6 2 0 0 4 3 2 4 1 1 1 1 0 1 2 5 3 1 4 0 1 6 1 2 3 4 3 1 3 1 2 1 2 2 3 1 0 1 2 1 2 3 2 1 3 0 2 2 3 4 0 1 2 5 1 1 5 2 1 2 2 0 0 4 0 2 7 1 2 3 0 1 1 3 3 2 3 2 0 0 3 3 1 1 3 2 3 3 2 1 3 3 4 3 2 2 2 1 2 1 2 2 4 0 1 2 4 1 1 2 2 5 2 1 2 0 0 2 6 0 0 1 2 1 1 3 3 1 3 1 1 1 2 3 3 2 2 0 1 3 1 6 1 2 1 2 2 3 2 1 1 2 4 2 5 4 0 2 0 1 3 1 5 2 2 4 1 0 2 3 2 0 0 0 4 4 2 1 3 2 1 2 2 1 3 4 4 0 4 2 2 0 2 1 1 1 1 4 2 3 2 0 1 1 4 4 6 1 1 0 2 1 0 2 1 1 1 0 3 3 2 2 4 5 1 0 1 1 0 1 1 1 3 2 4 1 1 3 1 1 2 4 0 2 0 3 1 2 2 5 3 4 2 0 0 4 0 2 2 3 1 4 1 2 3 2 2 0 3 2 2 1 0 2 3 4 1 3 1 2 3 0 2 1 3 0 2 4 2 5 1 2 3 1 2 1 4 1 2 1 0 1 2 2 1 0 3 2 4 1 1 4 2 1 1 3 2 1 1 2 1 3 1 1 3 1 1 1 1 3 2 3 3 1 3 4 2 3 2 2 1 3 0 2 1 3 6 4 1 3 2 3 1 2 1 1 3 2 2 1 3 3 3 1 1 3 2 1 0 4 2 1 3 0 3 1 2 1 3 2 3 4 3 1 3 2 1 1 0 6 4 5 2 2 6 0 2 0 4 2 1 1 2 2 1 3 3 1 0 3 1 0 5 2 2 2 5 0 2 2 0 0 2 1 2 3 2 2 1 2 1 1 3 2 2 3 2 3 2 3 1 0 2 3 0 2 3 0 0 2 0 3 2 4 2 2 2 0 2 2 1 1 5 1 2 2 3 1 0 0 1 4 1 2 0 2 3 2 3 1 1 1 2 5 2 3 1 2 0 1 5 2 0 1 0 1 1 3 5 4 0 1 1 2 0 2 3 1 2 2 3 3 1 0 3 4 2 4 3 2 3 3 0 3 1 1 4 3 3 0 6 1 3 0 0 2 1 1 0 2 2 6 2 5 2 0 2 1 2 1 1 1 1 0 2 2 1 2 5 0 2 0 4 0 4 2 1 6 1 2 2 1 3 3 1 3 2 1 0 0 3 6 2 0 3 0 0 3 3 0 3 2 4 1 0 4 1 0 1 1 1 3 6 1 1 2 1 1 4 3 3 2 2 2 1 0 5 4 1 1 2 1 1 2 5 0 1 4 3 3 1 0 0 1 1 3 2 2 4 3 1 0 3 2 1 0 2 3 1 2 1 4 2 2 0 1 2 1 1 5 1 0 4 3 4 2 3 2 0 0 0 2 0 3 0 3 4 2 1 1 2 1 2 4 3 2 0 2 1 3 3 1 2 2 2 2 3 1 2 0 2 0 3 2 0 1 2 0 2 1 2 1 4 3 2 1 2 5 1 4 3 2 1 4 3 0 1 4 3 3 1 2 1 5 1 2 5 2 1 3 3 2 3 3 1 0 2 1 2 1 2 3 3 2 1 1 3 1 1 3 0 6 2 2 2 4 3 1 1 4 3 2 2 1 2 3 4 3 3 1 2 0 0 0 3 1 3 0 3 0 2 3 3 2 0 4 1 5 1 1 2 2 6 1 3 1 2 0 2 0 1 3 3 2 3 2 1 3 4 0 0 3 2 1 1 3 2 4 2 0 1 0 2 2 2 0 3 2 2 2 0 0 4 0 1 2 2 2 0 4 5 2 1 1 3 3 1 6 2 0 2 0 4 2 2 3 2 2 2 0 1 1 2 3 2 2 2 1 2 3 3 5 1 0 2 2 4 4 3 1 1 2 0 1 4 1 1 2 3 3 0 1 2 0 3 4 0 3 2 3 1 2 2 4 1 2 2 2 5 2 1 2 2 0 0 0 4 3 3 1 3 0 2 1 2 1 5 0 2 3 2 2 4 2 3 3 0 1 2 1 1 2 4 3 3 1 6 2 2 2 2 1 0 1 3 2 4 3 1 0 2 2 2 4 2 3 2 6 1 0 0 1 0 4 3 3 0 1 3 3 2 1 2 4 1 2 1 2 1 2 0 1 1 2 3 3 2 3 0 1 1 2 3 1 0 1 5 3 1 0 2 3 2 0 2 0 4 1 2 1 2 3 0 1 2 1 1 2 2 2 2 3 4 1 0 1 1 4 4 0 4 1 2 2 0 0 5 1 4 1 1 3 0 0 1 3 5 1 1 5 4 2 2 0 1 2 2 1 4 1 0 4 3 2 2 1 1 2 3 3 1 0 1 4 2 1 1 1 4 1 1 4 1 2 1 1 0 5 2 2 2 3 3 0 2 3 3 3 4 1 2 0 1 1 3 6 0 1 2 2 2 3 2 0 1 0 2 1 3 3 0 3 3 2 1 1 2 1 3 1 1 4 2 1 0 0 1 5 4 2 0 2 0 2 2 1 4 0 1 1 4 2 3 2 5 3 1 2 2 2 2 3 2 4 1 3 0 1 3 3 2 4 1 2 1 0 3 2 2 2 0 2 2 1 2 2 1 4 1 3 2 1 2 0 1 3 5 2 2 1 1 1 1 2 1 1 0 1 2 0 1 4 4 5 1 1 2 3 0 3 0 1 3 3 3 6 2 3 0 4 3 3 2 2 2 2 2 0 0 3 2 4 3 1 1 1 2 0 4 3 2 1 1 2 1 1 1 3 3 1 1 5 2 4 3 0 0 4 2 0 1 3 3 1 2 2 2 1 3 1 3 2 0 0 2 2 4 2 0 1 0 0 2 2 2 2 1 0 6 2 3 3 2 2 0 2 3 0 1 2 2 1 4 1 1 1 1 2 4 2 2 1 1 2 3 2 2 0 3 1 3 3 3 2 1 2 1 3 4 5 2 2 2 6 0 6 1 1 2 1 1 2 3 1 0 2 3 1 2 2 2 2 3 0 4 1 6 2 4 1 2 1 4 1 0 1 1 2 2 1 6 1 2 3 4 1 3 1 3 1 0 4 0 1 0 3 2 2 0 0 4 5 2 1 3 1 2 1 1 1 2 3 1 1 6 1 2 2 2 2 2 1 0 1 0 1 3 2 1 4 1 1 3 1 1 3 2 3 3 2 3 1 2 2 1 3 0 3 2 4 0 0 3 4 1 0 0 1 3 0 2 3 5 1 2 2 3 0 3 1 1 4 0 0 2 2 1 5 2 3 2 1 1 1 0 1 4 4 1 2 0 1 4 5 1 2 3 3 2 0 1 1 5 0 1 1 3 5 3 3 2 2 0 2 2 1 3 1 1 4 3 0 2 3 0 2 1 1 0 4 0 4 1 3 4 1 1 3 1 2 3 1 2 3 2 4 1 1 3 3 1 1 0 4 2 2 0 2 3 0 0 3 3 0 1 4 1 3 2 3 1 1 3 3 1 0 2 2 3 1 2 1 0 1 2 1 2 1 1 2 2 1 2 1 5 3 2 2 1 4 3 2 1 1 0 0 1 3 2 0 1 1 1 2 1 2 1 3 2 3 5 3 0 2 3 0 3 1 1 4 2 3 0 4 0 4 2 1 3 1 3 2 3 1 2 3 1 6 1 4 4 2 3 3 0 2 1 1 0 2 3 0 3 2 1 2 2 3 0 4 1 0 1 1 1 0 3 0 7 0 2 3 1 2 1 0 6 3 4 0 4 0 0 5 1 0 1 0 2 1 3 1 3 2 4 1 2 1 2 3 1 4 2 1 2 2 2 1 1 1 1 1 4 2 5 2 2 2 0 0 1 4 3 1 1 2 5 2 3 0 1 1 2 2 2 2 2 2 2 2 0 0 1 4 2 0 1 2 3 3 1 0 1 5 2 4 0 0 3 2 6 3 1 2 1 1 3 2 2 4 1 1 3 1 1 2 1 5 2 3 2 2 2 2 2 2 4 0 0 1 1 1 4 1 2 5 3 4 1 3 2 4 6 3 2 0 1 3 6 4 1 2 1 0 2 2 3 4 2 2 1 1 1 1 0 2 1 1 2 2 0 1 4 1 1 4 0 0 2 2 2 1 2 1 1 4 5 0 2 3 0 1 3 4 2 1 1 4 1 0 2 6 1 0 0 2 3 2 2 3 1 2 1 1 1 1 4 2 1 4 1 4 2 0 3 1 2 1 0 1 1 4 0 4 0 3 2 2 0 2 0 2 6 1 3 1 1 0 1 2 1 2 3 2 0 3 2 2 1 2 3 2 2 4 3 5 1 1 1 0 4 2 2 2 3 3 0 3 1 1 2 2 0 1 1 0 0 0 4 2 2 3 1 1 2 1 1 0 1 1 4 2 2 3 0 2 1 1 2 0 4 2 2 3 1 1 1 0 6 2 4 2 2 3 5 2 0 1 2 2 2 2 1 3 2 4 1 1 3 1 1 4 2 3 2 0 2 4 3 3 2 2 1 4 0 0 3 1 0 0 2 5 2 4 2 4 0 5 1 0 0 1 2 3 2 1 1 1 3 3 0 4 3 4 1 1 1 2 0 1 3 1 2 0 2 1 1 2 3 3 5 1 2 1 0 2 2 0 2 1 3 2 0 3 0 2 0 6 2 5 0 0 2 2 3 3 2 1 3 1 0 1 2 0 4 1 4 5 1 0 0 4 1 3 1 1 2 1 1 2 6 1 3 0 3 1 4 1 0 3 1 1 3 3 3 3 3 1 2 0 3 2 1 0 2 3 2 2 2 4 1 3 4 0 1 0 1 4 0 0 1 2 0 4 1 3 1 1 2 1 1 3 2 5 0 6 3 2 4 3 2 2 0 0 1 1 0 6 1 1 3 2 2 4 0 1 3 0 5 2 2 3 0 4 0 4 1 2 1 3 2 2 1 1 6 3 2 2 0 0 2 1 1 2 3 2 3 2 2 1 1 0 4 3 2 2 0 3 3 3 2 1 1 1 3 4 3 2 2 2 0 5 1 1 3 1 0 1 2 2 0 2 2 1 2 2 4 3 2 6 3 1 2 0 0 0 2 1 1 4 1 6 1 1 1 1 5 2 3 3 2 2 5 3 4 2 2 2 2 0 0 3 2 2 1 2 2 2 3 0 1 1 3 2 2 3 0 2 2 3 2 1 3 1 3 2 3 1 1 3 4 1 3 1 1 1 1 0 4 3 2 1 2 2 0 2 2 1 2 0 1 5 3 1 3 0 1 1 2 4 2 1 2 1 4 2 1 2 1 2 3 3 4 0 1 5 1 1 2 3 1 4 2 3 2 3 1 3 0 3 2 3 0 0 0 4 1 1 2 3 2 1 0 3 5 2 0 3 1 1 2 1 2 3 1 3 0 2 3 1 3 0 1 3 1 3 6 1 1 1 1 3 1 2 1 2 2 0 6 2 2 2 3 0 2 3 2 2 3 3 2 0 2 3 3 3 3 2 4 0 2 1 3 0 2 2 1 0 2 4 1 4 2 1 0 1 2 0 1 1 0 1 1 3 4 0 0 3 1 0 2 3 3 2 4 3 3 2 3 4 3 3 0 1 1 2 5 2 1 1 1 2 4 1 4 2 2 1 1 3 1 1 2 2 1 1 1 5 0 1 3 1 3 0 1 4 2 1 1 4 3 1 2 3 1 2 2 2 0 0 5 5 1 1 3 5 2 1 2 2 2 1 0 1 2 2 4 2 2 4 2 1 1 1 1 1 5 1 1 0 0 0 1 2 4 2 3 2 2 3 3 2 4 1 2 2 0 1 3 4 4 5 0 3 1 3 1 1 1 4 0 2 1 5 3 2 3 0 2 1 4 2 4 2 1 5 2 1 1 4 2 2 1 1 1 1 2 4 2 2 1 3 3 1 1 5 2 1 5 2 2 0 0 4 4 3 3 0 2 0 3 2 2 2 2 2 3 4 1 3 1 2 2 2 2 5 1 1 0 2 0 3 2 0 3 2 2 2 1 1 1 3 2 1 2 4 4 1 1 0 2 2 2 2 2 2 3 1 2 1 3 1 5 1 3 3 2 0 0 0 0 1 0 1 1 1 4 1 3 2 4 5 2 2 0 2 0 1 2 2 1 1 4 1 3 0 1 1 2 3 0 3 2 2 3 2 3 1 5 3 1 4 3 1 4 3 3 2 0 3 6 1 3 3 1 0 4 2 2 1 2 4 0 0 2 4 1 1 2 0 5 1 2 2 3 2 3 0 4 3 1 2 0 3 1 1 2 3 3 3 3 0 1 2 3 1 4 3 1 1 4 3 1 3 1 4 1 1 3 3 2 2 3 2 2 2 3 3 5 0 3 3 3 3 2 2 1 2 4 2 3 3 1 5 3 0 4 0 0 1 1 4 0 3 1 1 1 2 1 0 2 1 1 1 3 4 1 1 3 0 0 3 0 3 0 3 1 2 1 2 1 2 2 1 1 4 1 1 1 5 5 2 1 0 3 0 1 3 1 3 0 0 2 3 2 2 4 0 1 1 2 2 1 1 2 0 1 0 2 6 1 2 0 1 4 2 1 2 2 2 2 2 3 1 1 1 3 2 2 4 1 3 2 1 5 1 4 2 1 0 1 4 1 3 2 1 0 2 2 2 2 4 1 2 1 0 2 2 1 2 2 5 2 1 1 2 1 3 2 2 2 1 3 0 1 3 3 2 1 1 7 2 4 3 1 2 3 2 3 3 2 2 2 2 1 0 4 5 1 1 3 2 5 1 1 2 1 4 3 0 3 0 0 0 2 3 3 4 0 2 1 1 1 2 2 2 1 0 3 3 2 3 2 4 1 4 2 0 2 2 3 0 1 1 1 2 4 5 3 0 4 0 2 0 2 2 3 2 0 2 2 2 1 1 1 5 0 0 1 1 3 1 3 5 3 3 3 1 0 2 1 3 2 1 0 3 2 2 4 2 4 1 3 1 1 0 0 4 2 2 2 1 2 1 1 4 5 5 3 3 1 0 1 3 1 5 1 1 1 1 1 0 2 1 2 1 1 1 3 4 1 3 2 2 2 5 1 2 1 0 4 2 1 0 4 2 3 1 5 2 0 2 6 1 3 1 1 1 2 1 2 2 0 4 2 1 4 1 0 2 5 1 0 2 1 2 2 2 3 3 4 2 3 2 1 3 4 2 3 4 1 3 1 0 2 2 2 3 1 3 2 2 2 1 3 2 4 1 0 4 1 3 2 3 1 2 3 1 2 1 2 3 2 3 4 2 2 2 0 6 3 1 3 3 4 1 2 0 4 2 0 4 2 5 0 1 1 1 1 2 2 2 2 1 3 2 3 0 4 2 0 0 1 2 3 1 4 1 3 3 3 1 1 3 2 0 2 2 0 2 1 1 5 0 3 2 1 2 2 0 2 2 1 4 0 2 0 3 2 4 0 1 1 4 3 3 1 1 1 4 3 2 4 0 2 1 2 1 1 3 0 1 7 4 0 0 2 2 0 3 1 3 2 3 0 2 1 2 1 2 2 2 1 0 2 5 1 3 4 1 0 3 2 1 1 2 1 1 2 2 5 3 0 1 3 4 1 2 1 1 3 1 1 2 5 1 2 2 1 1 3 1 2 4 3 2 3 3 3 1 1 3 2 0 2 0 1 2 3 2 1 3 0 2 1 1 1 0 3 2 1 1 1 1 2 0 2 4 4 2 1 3 0 4 1 2 2 4 1 2 1 2 0 2 2 2 1 1 1 2 1 4 0 2 2 2 1 0 2 1 2 3 1 1 1 1 2 2 0 7 1 4 1 3 1 2 1 4 1 2 4 1 3 2 5 0 0 1 1 1 0 3 0 2 2 2 3 2 4 1 1 4 1 1 1 1 3 1 4 3 3 4 2 3 3 0 2 3 3 3 5 1 1 1 3 1 4 1 2 3 3 1 3 6 1 2 4 3 0 1 2 3 0 2 0 3 2 2 1 0 1 2 4 1 4 4 4 1 1 1 2 1 3 1 6 2 2 0 0 0 2 1 0 3 2 1 3 2 1 1 1 4 2 2 0 0 1 3 2 1 4 2 1 2 2 2 4 1 1 2 1 2 2 3 1 1 1 4 0 2 2 1 1 1 1 2 4 3 2 1 1 2 1 3 1 2 1 4 2 1 3 1 1 0 3 0 0 3 1 3 1 1 2 2 3 2 2 0 0 1 2 1 1 3 4 1 2 1 3 1 2 0 1 1 0 2 2 3 3 0 1 1 4 4 5 3 1 2 2 3 2 2 0 2 4 1 2 4 2 5 4 1 3 4 1 0 2 4 3 2 1 2 3 0 0 4 2 1 1 5 2 2 2 2 3 2 0 3 1 1 4 1 1 3 3 1 1 1 1 1 2 1 3 0 0 2 1 0 1 1 1 3 3 2 2 1 3 3 4 0 1 3 1 1 1 4 4 2 2 3 1 2 4 0 3 4 1 2 5 1 1 1 1 0 2 3 3 1 4 0 1 2 3 2 1 2 3 3 1 0 1 2 0 0 5 0 6 3 4 1 1 1 1 2 4 0 4 0 0 7 1 2 1 2 2 4 2 1 2 1 1 2 3 2 0 2 0 1 2 1 2 1 2 4 1 3 1 0 0 3 2 3 4 4 1 2 0 3 1 3 1 0 3 4 2 3 1 5 1 5 2 3 3 0 2 5 1 1 3 1 1 3 3 0 2 0 1 2 3 3 0 3 5 4 1 2 3 2 4 0 3 0 3 2 0 2 1 1 1 1 6 0 2 4 0 2 4 5 0 2 0 0 0 4 2 1 1 2 2 0 3 2 0 1 1 4 2 2 0 2 1 2 1 3 3 2 0 5 2 1 1 3 1 2 0 0 1 3 2 1 1 1 2 0 2 4 1 0 0 4 1 2 0 1 0 2 1 4 4 2 6 1 5 1 2 3 4 2 0 1 1 1 0 4 5 2 2 0 2 4 2 0 3 3 1 3 2 1 2 3 3 1 0 3 1 2 0 0 2 4 2 3 1 2 2 1 1 2 1 5 0 2 2 2 0 1 0 4 2 2 1 0 0 3 1 2 0 4 3 3 1 0 1 2 1 0 1 2 2 2 3 2 3 3 4 0 4 1 2 3 3 2 3 2 0 2 1 2 1 5 0 0 0 2 4 2 4 2 0 2 0 0 3 4 6 1 1 0 5 1 1 2 3 1 1 2 3 2 3 4 1 0 1 2 4 2 2 2 3 4 0 3 3 1 0 1 3 2 4 4 1 2 4 0 1 6 3 1 1 1 1 1 2 2 4 1 1 4 1 1 1 0 2 2 1 1 0 6 2 4 2 3 0 1 1 1 1 3 6 1 1 2 1 2 0 3 0 5 1 1 1 3 1 3 2 1 4 3 2 1 0 2 1 2 3 0 2 0 1 5 4 0 4 2 4 2 2 0 2 2 1 0 1 3 1 3 2 1 3 4 4 0 1 1 1 2 1 4 4 2 4 3 2 2 1 1 2 3 1 1 2 2 2 2 2 1 1 1 2 3 1 1 3 1 3 2 2 2 2 5 3 4 2 0 3 0 0 4 1 3 2 1 1 2 4 1 3 2 3 4 1 4 0 2 1 3 1 2 0 2 2 1 3 0 2 2 4 3 4 1 0 1 3 3 2 0 1 3 3 4 0 7 2 1 2 3 3 1 3 2 0 0 0 1 4 2 2 4 4 0 2 2 1 2 1 2 4 1 2 1 4 4 2 0 1 4 2 1 2 1 0 3 3 1 6 1 1 2 0 0 3 1 2 4 3 4 2 1 0 1 3 1 3 1 3 0 5 3 1 3 2 1 2 2 4 3 3 3 1 2 3 2 3 2 0 2 1 3 1 2 3 4 2 3 1 1 2 3 2 0 2 1 3 2 1 3 0 2 3 2 2 2 2 0 3 1 4 1 2 3 0 2 2 1 3 1 1 1 2 2 1 1 2 1 2 1 1 2 0 1 2 2 5 1 2 1 1 2 0 3 1 3 2 0 0 5 3 2 2 1 0 3 1 2 2 1 4 0 2 1 2 2 3 4 4 4 0 3 1 2 1 3 4 2 1 1 3 1 1 2 4 2 1 3 4 3 3 3 1 2 2 2 3 2 2 1 0 0 3 2 0 3 3 4 3 3 3 1 3 2 3 4 0 1 1 2 0 3 2 3 2 2 0 2 2 3 2 5 0 2 3 3 1 2 3 3 1 0 0 2 1 6 0 2 1 6 1 1 3 1 2 1 1 1 3 1 1 1 1 4 0 1 2 0 1 1 3 1 1 1 0 1 6 2 2 3 1 2 1 1 1 2 3 1 6 3 0 2 2 0 1 2 3 1 4 2 2 2 0 0 1 3 4 3 2 2 1 2 1 2 1 1 3 0 2 1 0 2 4 2 2 0 1 6 2 2 0 1 3 0 3 1 0 4 4 1 4 3 1 1 3 0 2 1 0 1 2 6 2 1 2 2 1 0 3 1 1 0 3 2 1 2 0 3 3 1 4 0 1 2 3 2 2 3 2 3 0 2 1 1 2 0 3 2 1 2 1 2 6 1 1 3 3 4 1 3 1 4 3 0 1 3 2 1 1 1 3 0 0 1 2 4 1 0 3 4 4 2 2 1 0 3 2 0 0 2 4 1 2 1 0 3 1 1 1 3 5 3 1 1 3 3 0 1 3 2 3 1 3 1 2 4 0 4 2 1 6 0 5 2 1 1 3 2 1 1 1 3 3 3 0 4 0 2 3 4 1 2 2 0 1 4 0 3 1 1 1 1 3 1 2 2 2 5 0 1 2 3 1 1 4 2 3 0 1 6 1 1 4 6 0 1 1 2 1 3 2 1 2 2 0 4 2 5 1 3 1 3 0 4 0 6 1 4 0 0 0 1 3 0 3 4 3 2 3 1 0 0 1 1 1 1 0 2 2 3 2 3 2 1 2 4 3 1 3 2 2 0 3 3 2 4 2 0 4 1 1 5 2 2 2 3 1 2 1 3 0 3 1 0 2 1 0 2 1 3 2 2 2 2 1 2 1 2 1 2 2 0 1 1 5 1 1 3 0 3 0 3 3 0 3 1 1 1 3 4 1 4 2 5 2 1 1 0 5 2 2 2 2 2 1 3 1 1 1 2 1 1 2 0 2 1 3 0 0 4 3 3 2 2 2 1 5 2 0 5 2 4 3 3 3 4 3 0 1 2 4 1 2 0 6 3 2 0 2 3 2 2 0 1 1 7 4 4 2 3 3 0 2 0 4 0 2 1 3 1 3 1 3 2 0 1 3 4 2 6 1 0 2 2 1 3 0 1 2 1 0 3 3 3 2 4 1 1 3 2 2 2 1 2 2 4 0 1 1 2 2 1 3 1 2 6 2 4 3 0 2 2 0 1 2 2 5 1 1 7 2 4 1 3 0 5 2 1 3 3 0 0 0 3 4 3 4 6 0 2 3 2 2 0 0 3 0 1 3 2 2 3 2 3 2 1 4 4 0 3 3 2 0 2 0 1 2 3 2 0 3 1 1 1 0 4 6 0 2 1 0 2 2 2 4 1 1 2 1 2 2 2 3 1 1 3 1 1 2 3 1 1 1 1 1 1 5 1 3 0 2 2 0 2 4 2 2 1 4 1 1 3 3 0 1 2 2 4 1 1 4 1 3 0 0 3 3 0 3 1 3 0 1 2 1 2 0 2 2 3 1 5 1 0 3 2 7 2 1 1 2 2 2 2 4 3 5 2 2 1 2 0 1 2 2 0 3 2 1 4 2 2 6 2 2 2 1 2 4 2 1 2 2 1 0 2 2 2 4 3 1 3 0 0 2 3 2 2 4 0 1 6 4 0 2 0 1 2 3 1 1 4 1 1 2 0 0 3 1 3 2 2 0 3 1 1 3 1 2 4 3 2 1 2 1 1 1 2 1 3 1 2 1 5 3 2 1 0 4 0 2 2 4 2 1 0 2 1 4 4 3 3 0 2 1 3 1 1 1 0 3 3 3 2 0 4 2 3 2 0 2 1 2 6 0 3 2 2 2 5 0 2 3 2 5 2 1 0 4 1 1 8 3 1 5 3 0 1 2 5 2 2 0 2 4 3 2 1 1 1 1 1 6 2 1 3 4 2 1 2 1 1 2 4 1 1 1 2 2 4 0 1 2 0 0 2 1 3 3 4 1 3 2 3 2 1 3 2 1 2 2 3 1 3 0 4 3 2 1 1 1 2 3 4 4 0 3 2 0 2 3 3 1 1 2 3 1 1 2 2 1 1 4 6 0 0 4 2 2 1 3 1 0 1 1 1 1 2 2 2 2 0 1 2 2 4 3 0 5 1 1 0 1 2 1 0 5 1 4 0 1 3 0 3 3 2 0 3 3 2 1 3 4 2 0 1 2 0 5 3 0 2 2 5 1 1 2 2 3 2 2 1 2 4 2 3 3 1 2 2 1 2 6 1 1 1 6 2 3 1 3 1 2 1 2 3 6 1 3 0 2 0 2 4 1 1 4 0 1 1 1 4 2 4 3 3 2 0 2 0 1 1 1 3 1 1 4 3 2 0 1 0 4 1 4 2 4 4 1 1 4 1 0 3 3 2 2 0 3 1 3 2 0 3 2 1 2 1 3 2 0 2 1 2 1 4 3 1 2 1 4 0 2 2 4 3 0 2 1 2 2 4 3 2 2 2 2 1 0 2 1 4 2 4 1 1 2 3 3 1 3 0 4 4 2 3 2 1 1 3 1 1 1 0 3 2 3 2 4 4 1 2 2 2 5 2 2 4 2 1 1 0 1 0 4 2 0 1 1 3 4 1 1 2 3 2 3 2 2 3 1 0 2 0 1 1 2 3 2 3 1 2 1 2 0 2 5 1 1 3 2 3 1 0 2 2 2 5 2 1 2 5 3 2 2 2 2 2 2 0 1 1 4 2 1 5 2 2 4 0 3 3 0 1 2 1 1 2 3 3 3 1 3 1 1 3 7 1 1 1 3 4 3 1 2 2 1 0 2 1 2 3 2 1 1 2 2 0 2 2 5 0 2 1 4 2 0 2 1 0 4 1 0 3 1 3 1 1 0 2 1 7 3 3 2 1 2 3 2 2 2 1 1 1 2 1 4 3 1 2 2 3 1 2 0 3 2 2 1 0 2 6 0 3 2 4 3 2 2 1 1 2 0 0 2 1 2 1 2 2 3 4 2 3 0 1 1 1 3 2 2 0 3 1 3 2 2 1 2 3 2 0 6 1 1 2 5 3 1 1 0 2 3 2 2 1 1 3 1 1 3 3 3 2 5 2 1 1 3 3 2 3 3 3 0 3 2 0 2 0 1 1 3 2 0 0 2 1 0 4 3 3 0 1 1 0 4 1 3 4 0 5 1 2 1 2 2 0 1 2 8 1 1 1 1 4 2 1 3 0 0 3 1 1 0 4 4 2 2 3 1 2 1 2 2 0 3 1 2 2 2 2 1 1 0 3 1 1 2 3 2 1 2 1 6 2 1 0 1 1 1 6 3 1 1 2 1 2 1 3 3 0 0 4 1 1 3 1 6 0 2 0 1 3 1 1 2 3 2 4 0 3 4 0 0 3 4 2 1 6 1 1 0 0 1 1 3 3 3 2 3 0 1 0 3 0 0 4 4 3 2 1 1 1 5 1 1 2 4 1 4 3 2 0 0 0 4 2 0 5 1 1 2 0 0 3 3 2 3 1 1 0 1 3 2 0 3 3 1 1 0 4 2 3 1 1 3 3 3 0 2 1 1 2 4 1 1 2 1 2 3 1 5 0 0 2 1 0 1 6 1 2 0 1 3 3 2 1 2 5 4 2 4 1 1 2 2 0 3 2 3 2 3 0 3 2 2 3 2 2 0 2 1 2 0 3 4 3 2 0 5 2 0 1 4 1 1 2 2 4 1 2 3 3 3 0 2 2 5 2 1 3 0 3 4 3 2 2 2 0 2 4 5 2 1 2 0 2 3 1 4 3 3 3 1 0 4 5 1 3 1 4 3 3 4 3 4 3 1 2 3 4 1 0 2 4 0 4 4 1 4 2 3 3 0 4 2 1 3 0 2 3 4 2 3 3 2 1 1 2 5 1 3 1 2 2 1 1 1 7 1 0 1 5 6 2 1 4 3 3 2 2 4 3 1 0 2 1 3 4 0 5 2 3 5 2 1 1 1 0 1 2 1 1 5 4 1 1 0 2 1 2 2 1 1 2 2 0 2 0 3 2 1 5 1 2 2 1 2 3 0 3 1 2 0 2 1 1 5 0 2 2 1 1 2 0 3 1 3 2 1 2 3 1 2 0 2 2 1 1 3 0 0 4 1 1 5 1 0 2 2 2 1 1 1 1 3 2 2 3 3 2 0 1 1 4 3 3 2 0 4 1 3 1 2 5 3 1 2 1 2 2 2 3 4 2 4 3 0 2 1 2 3 3 2 4 3 3 4 2 1 1 2 0 1 1 2 5 6 2 1 2 0 0 2 1 1 3 2 1 2 2 0 3 2 0 4 2 2 3 2 2 2 4 1 2 2 2 2 3 3 4 2 0 3 0 3 1 4 2 1 3 0 1 0 4 1 3 1 2 2 2 2 2 1 1 1 4 4 2 4 0 1 3 2 1 1 5 4 2 1 3 3 1 3 2 5 2 2 3 1 4 2 1 0 2 1 0 4 5 2 1 1 3 3 1 1 3 2 2 1 4 3 2 0 3 1 1 5 2 2 2 2 3 3 2 1 3 0 4 2 2 2 1 1 4 1 5 1 2 2 4 1 1 1 1 0 0 3 2 2 2 2 3 0 1 3 0 6 1 2 3 2 2 5 2 1 2 1 0 2 2 3 1 3 1 3 4 1 4 2 1 1 1 2 1 4 4 3 2 1 1 2 0 2 2 0 3 2 1 5 3 1 2 1 1 1 3 2 3 2 1 2 1 1 3 0 1 3 3 2 1 2 2 0 5 1 0 2 2 1 2 2 4 3 3 0 4 1 0 2 0 1 3 3 4 3 2 1 3 1 2 1 1 1 0 1 2 1 1 2 3 5 1 2 1 2 2 2 1 0 0 0 4 2 4 2 3 0 2 1 1 2 2 0 1 4 2 4 3 0 2 1 3 6 1 1 1 1 4 0 5 4 2 1 1 1 1 2 1 0 2 1 1 2 4 0 0 0 2 6 6 0 2 0 1 2 1 3 1 3 1 1 2 3 2 2 3 2 0 3 0 2 2 5 2 1 1 7 0 0 2 0 1 2 0 2 1 3 5 3 4 5 2 3 3 0 1 1 2 1 0 3 1 1 3 2 2 1 1 2 3 4 1 3 2 3 4 3 1 2 1 3 1 2 0 0 3 4 6 1 2 3 1 2 2 2 0 2 3 2 2 2 2 1 3 2 3 2 0 0 2 2 3 4 1 3 1 1 2 3 4 2 3 1 1 0 3 2 1 2 1 3 1 3 1 2 0 4 2 0 2 2 4 3 2 4 2 2 1 0 1 0 4 0 3 0 1 0 1 3 1 4 3 1 1 1 3 3 0 0 2 3 0 5 2 3 3 3 1 1 3 3 4 1 4 1 1 2 1 2 1 1 1 1 1 1 3 2 2 1 1 1 4 1 5 3 5 1 4 0 1 4 4 1 4 1 2 0 1 2 1 1 2 4 2 2 1 0 3 0 1 1 0 0 2 3 2 4 2 0 1 0 1 4 1 1 4 4 2 2 2 0 3 4 2 2 2 0 1 1 1 1 5 0 2 2 2 1 0 5 2 2 2 1 2 2 4 2 1 4 0 1 2 0 2 2 2 0 1 1 2 3 3 2 1 2 1 1 2 1 4 2 1 1 2 2 1 1 2 2 1 1 2 1 2 0 4 2 3 1 3 1 2 5 2 0 3 1 4 3 2 3 1 1 1 4 1 2 2 0 2 1 2 2 4 2 0 2 4 2 1 1 2 2 1 4 0 0 3 3 1 3 1 2 1 1 4 0 3 4 2 1 1 3 6 1 3 3 2 1 2 1 0 1 0 1 1 3 1 1 3 1 2 5 3 3 2 5 2 1 3 1 3 2 2 1 2 1 0 5 1 3 2 0 5 4 2 2 3 1 1 3 4 3 1 2 1 2 2 0 5 3 0 3 6 1 2 2 3 0 1 0 1 1 2 4 4 0 1 2 0 2 6 2 4 1 2 1 1 2 2 0 1 2 2 4 1 1 1 5 2 1 0 1 3 1 4 6 1 1 0 1 3 4 1 4 2 4 4 0 3 1 0 2 1 3 3 2 3 1 5 1 0 0 3 1 5 2 2 1 1 2 2 1 1 2 0 1 2 1 5 1 4 1 2 1 4 0 1 3 2 2 2 2 3 1 1 3 0 2 2 3 2 2 2 4 4 1 1 2 2 2 0 4 2 3 1 4 0 0 4 3 0 2 0 1 0 2 2 5 1 3 1 2 3 2 2 1 3 3 3 3 4 1 0 2 0 0 3 0 1 2 4 0 1 3 1 0 5 1 1 3 2 3 4 2 1 2 2 2 3 0 1 3 0 2 2 6 1 0 1 4 4 2 2 0 4 0 1 1 0 1 3 1 5 4 2 0 1 2 2 0 2 1 1 4 0 3 2 4 1 2 2 1 1 2 2 2 3 1 0 0 2 0 1 1 2 2 0 2 2 3 3 1 1 1 2 3 1 4 1 3 1 2 4 3 1 4 3 3 3 2 2 2 1 2 2 2 2 0 2 1 1 1 6 1 2 1 2 1 2 2 3 1 2 3 2 1 0 1 4 2 2 3 1 4 3 4 2 1 2 1 5 2 1 3 0 3 1 1 3 3 1 2 1 2 3 3 0 2 1 2 3 0 4 0 2 4 1 1 1 2 0 3 0 1 1 2 2 4 1 4 4 1 1 2 2 2 2 4 3 2 4 1 4 3 0 1 4 1 2 1 3 3 2 1 3 5 1 2 2 0 3 2 4 2 0 1 1 0 1 3 5 3 2 3 3 1 1 3 4 0 2 2 2 2 1 1 1 1 1 0 1 3 1 2 4 2 1 2 2 2 1 0 1 1 1 2 3 2 1 3 2 2 0 1 5 2 3 2 2 2 3 0 2 3 6 1 1 2 1 3 1 1 5 2 1 3 2 3 2 3 3 1 3 0 3 6 1 3 2 3 3 2 2 3 5 2 1 5 1 2 1 1 1 5 3 1 2 3 2 1 1 2 0 1 0 2 2 3 7 2 4 0 1 0 3 1 1 2 0 4 1 1 1 1 2 1 0 2 3 2 0 1 2 3 1 2 6 3 2 2 1 1 5 2 1 3 2 2 2 2 1 0 2 3 3 1 3 1 3 1 2 0 2 2 0 1 5 0 0 6 0 2 3 2 2 0 3 1 0 2 1 2 4 3 2 2 2 2 2 3 1 0 3 3 2 2 3 4 3 2 0 1 2 0 1 3 2 0 2 3 1 1 1 3 1 0 2 4 7 2 1 4 0 2 3 4 2 1 2 1 1 1 2 2 4 1 1 4 4 1 3 0 0 2 1 0 0 1 1 2 1 1 3 3 3 1 3 1 1 4 1 3 5 4 1 3 1 1 1 1 3 1 0 3 4 3 2 1 2 2 4 1 3 2 2 1 6 2 1 0 2 1 2 2 2 3 5 1 1 1 0 1 4 2 2 4 4 1 2 2 1 4 3 4 3 2 2 0 1 2 1 0 0 2 3 2 1 3 4 3 1 2 2 2 3 1 1 1 6 2 0 1 2 1 2 3 0 2 4 2 1 3 1 4 0 3 4 1 2 0 1 5 1 1 1 2 0 1 4 2 3 4 5 4 1 1 0 1 0 4 2 2 6 1 4 0 1 3 2 4 1 0 2 1 2 4 3 3 2 1 4 0 1 2 2 1 1 3 2 1 3 2 2 1 2 1 2 1 1 0 1 3 3 1 4 0 2 4 0 4 1 1 2 3 3 2 4 0 3 1 4 1 3 4 4 1 3 3 5 0 1 1 1 0 2 2 3 2 2 0 2 2 0 5 3 3 1 2 1 3 1 2 1 2 2 3 1 1 3 3 2 1 2 1 1 3 0 0 4 4 5 3 1 1 1 1 1 2 3 4 0 4 3 2 0 1 3 2 1 5 2 2 2 2 2 1 1 3 4 0 3 2 2 2 1 2 2 2 2 0 4 4 1 4 2 1 1 1 3 2 4 4 2 4 1 0 4 1 0 3 2 2 3 0 3 3 1 3 2 2 3 1 3 2 2 3 2 3 1 2 1 2 1 0 3 1 0 0 4 0 1 4 1 1 3 1 3 1 6 0 2 3 3 3 1 2 1 2 3 0 1 0 1 5 3 1 1 2 2 2 3 3 1 1 0 0 3 2 2 2 1 3 0 1 5 1 1 3 3 0 3 3 1 1 2 2 6 2 0 2 0 4 2 2 1 1 0 1 1 1 4 0 1 3 5 2 2 1 0 1 1 1 3 2 3 2 3 2 3 3 2 1 4 3 3 1 0 2 3 0 3 2 3 4 2 1 0 3 0 1 0 1 3 2 3 1 2 1 2 4 2 0 2 2 4 4 2 2 3 0 0 2 4 2 5 2 3 0 2 5 3 2 1 4 2 1 1 6 2 1 3 3 2 5 1 1 2 2 2 3 4 1 2 0 4 2 2 6 2 3 1 2 2 1 2 2 2 1 2 0 3 1 2 5 0 1 2 2 1 6 3 4 3 1 1 0 4 3 2 1 2 0 3 2 2 0 0 5 0 2 3 1 1 2 4 4 1 1 0 1 2 1 2 2 3 4 4 1 2 0 2 1 0 0 4 4 0 0 0 2 0 5 3 2 2 2 2 1 4 3 2 2 2 4 2 3 0 1 1 2 0 4 1 1 0 2 2 3 2 3 0 1 4 1 0 4 0 1 4 2 3 5 2 2 6 1 2 5 0 1 2 1 2 3 2 2 2 3 4 0 1 2 1 1 0 3 3 2 3 3 4 2 0 4 6 3 0 2 2 0 3 0 2 6 1 1 6 2 1 1 3 3 1 1 2 1 1 2 3 1 4 2 1 6 1 3 2 1 2 1 0 2 3 0 3 4 2 0 2 4 1 1 1 2 4 1 0 1 2 3 1 4 6 4 0 4 1 0 1 1 1 2 3 1 2 1 2 1 4 2 1 1 2 2 2 1 1 2 2 2 7 2 0 1 1 3 1 1 0 0 1 3 2 2 1 2 2 5 2 0 4 3 2 1 2 3 0 0 1 2 2 2 2 0 1 2 2 2 2 0 3 2 1 3 0 0 2 2 3 1 1 4 3 1 2 2 2 2 1 2 4 1 4 3 0 2 1 2 2 1 0 3 0 3 1 2 4 2 2 2 1 1 3 1 3 4 1 2 3 3 1 1 1 0 2 5 1 1 1 4 0 3 3 4 2 2 2 3 2 3 2 2 2 4 3 0 2 2 2 1 4 4 0 1 0 0 1 2 1 1 3 0 3 4 3 1 4 2 2 1 0 2 1 2 2 1 3 1 4 1 3 5 2 1 0 2 1 5 3 3 2 3 1 1 2 5 0 2 1 2 3 1 2 4 2 4 3 0 0 0 0 4 0 0 1 2 3 2 2 3 3 3 0 1 4 0 2 1 3 0 1 2 3 2 2 1 2 5 1 2 3 3 5 3 0 1 2 1 4 1 7 2 0 1 3 1 3 2 1 1 1 1 2 1 3 3 1 1 4 5 2 1 3 3 2 0 2 2 1 3 1 1 4 4 1 2 2 3 0 3 1 0 0 3 3 2 0 4 0 1 2 0 1 2 5 1 4 0 2 2 2 2 2 3 0 1 1 1 3 2 1 2 1 3 0 1 0 1 1 4 1 2 2 3 1 5 2 1 1 1 2 2 3 0 1 0 0 1 0 4 4 1 1 1 3 4 2 1 0 1 3 2 1 1 3 0 3 1 1 0 2 2 2 2 5 1 3 1 1 2 2 1 2 1 2 2 2 0 1 1 2 2 1 2 2 0 4 0 4 3 1 2 2 2 1 3 3 0 1 2 2 1 1 2 2 2 2 2 0 1 4 1 3 0 3 1 3 3 0 0 1 2 2 1 3 2 1 6 1 1 1 3 1 1 2 3 3 1 1 2 4 1 1 2 1 4 3 1 2 5 0 1 0 5 3 1 2 3 0 2 1 3 3 1 1 1 1 2 0 2 2 1 2 4 1 2 4 2 2 1 1 3 3 2 4 1 2 3 0 4 0 2 2 2 1 2 1 1 2 2 1 3 1 4 1 0 0 0 2 1 0 2 4 3 4 2 1 1 3 0 2 0 2 1 2 4 4 3 1 2 2 2 0 1 2 1 3 1 4 0 3 4 1 1 0 2 3 2 1 0 1 5 3 1 0 3 0 2 1 2 3 4 4 2 1 1 4 4 0 1 3 2 2 2 2 0 5 1 3 1 3 3 1 1 4 1 2 2 1 4 3 1 0 3 2 2 3 3 1 1 1 1 3 2 1 2 2 7 0 1 3 0 4 1 0 4 1 1 0 3 4 3 2 2 3 3 0 0 1 6 3 2 2 0 2 2 3 2 0 1 5 3 6 2 3 2 3 3 2 1 1 3 3 1 4 2 2 4 1 0 2 2 0 2 0 5 1 1 2 2 0 1 2 2 1 2 2 1 3 5 2 2 3 1 2 4 2 0 1 7 0 3 3 1 2 4 0 4 1 2 1 2 2 4 1 2 2 1 0 4 1 0 4 0 2 3 2 4 4 6 0 4 1 1 1 1 5 3 0 1 2 1 3 2 2 2 0 3 3 0 0 3 1 1 5 3 2 0 1 1 0 2 3 0 3 4 3 3 2 0 1 2 2 3 4 2 1 3 1 3 2 3 4 1 4 1 0 0 1 2 4 2 0 4 1 0 1 2 4 1 3 2 3 2 3 2 2 5 2 1 0 1 4 2 2 3 1 2 2 1 0 2 5 1 2 2 2 0 1 2 3 3 0 4 2 1 2 0 2 0 2 0 5 3 1 0 2 2 1 1 4 1 2 3 2 2 2 2 0 1 0 4 2 1 2 2 0 1 1 2 3 3 0 1 3 0 4 2 3 2 4 1 1 4 0 1 3 3 4 1 2 3 0 1 1 1 3 1 1 5 2 1 0 1 0 2 4 2 1 1 1 2 2 2 0 3 4 2 1 4 1 2 0 0 2 1 0 2 1 3 1 3 2 1 1 3 1 2 1 2 4 5 4 1 1 0 5 4 0 0 0 3 3 2 1 5 0 2 1 3 4 1 2 1 3 1 2 2 0 1 5 1 2 3 1 3 0 3 2 1 4 2 2 3 0 1 3 2 4 3 5 0 1 3 3 4 2 2 2 4 0 3 4 3 2 3 0 1 4 1 1 1 2 2 4 3 2 1 1 0 2 3 0 0 3 7 0 1 1 1 1 2 1 2 1 2 1 1 4 1 2 3 1 1 3 4 0 0 2 1 5 2 0 3 3 1 1 2 1 3 2 4 3 3 1 3 1 5 1 5 3 3 1 1 1 2 0 2 0 3 1 6 3 1 1 0 3 3 4 1 3 2 0 3 0 1 3 1 3 2 3 4 3 2 1 2 3 1 1 0 1 1 2 3 1 0 3 2 2 1 1 2 1 1 1 3 1 2 2 1 2 0 2 2 2 3 1 0 4 4 0 1 2 0 2 2 2 2 3 1 3 1 3 1 3 3 4 2 4 2 1 3 1 1 1 4 3 3 2 3 3 1 1 3 2 3 1 3 2 1 2 1 2 3 3 2 2 2 3 3 3 1 0 2 2 0 0 3 2 1 2 4 0 2 0 1 3 5 1 3 1 3 1 3 2 2 1 4 2 3 5 2 2 0 1 1 1 2 0 2 0 2 4 4 6 1 3 2 1 4 4 0 2 3 4 0 2 4 0 0 3 1 1 0 2 1 4 2 3 3 2 1 3 0 0 3 0 2 1 1 2 2 3 2 1 2 1 1 0 0 2 3 2 4 2 2 4 1 2 1 1 4 2 1 3 2 4 2 1 3 4 1 1 3 2 2 1 2 2 6 2 1 0 0 4 1 1 1 1 0 3 3 6 1 0 6 4 0 1 1 2 4 0 4 0 1 3 1 3 5 1 1 4 1 2 2 2 9 2 2 0 2 2 2 0 2 2 0 1 1 3 5 2 3 4 3 2 1 0 0 3 2 3 1 2 1 2 1 3 3 2 1 1 2 3 0 2 1 4 1 1 2 2 0 5 1 2 1 0 4 1 1 2 0 2 4 0 1 1 1 4 2 2 2 2 4 2 5 2 3 2 0 2 5 1 1 2 4 1 6 2 1 1 1 1 3 5 0 1 3 3 1 2 5 2 5 3 3 3 1 1 3 1 1 3 1 0 3 3 2 1 2 1 1 1 2 3 2 3 3 2 1 1 5 1 0 1 1 5 1 3 1 0 4 4 1 2 1 0 4 2 3 0 3 3 1 0 4 4 1 2 1 3 2 2 3 2 1 1 3 1 2 1 5 0 1 0 4 3 2 2 3 2 1 0 0 2 1 4 0 3 1 3 2 3 1 4 0 2 0 2 1 1 3 1 2 3 1 2 2 2 2 1 1 2 1 4 3 3 1 3 3 1 1 3 1 2 3 1 3 2 1 5 2 2 3 0 1 2 2 1 3 1 1 4 2 2 0 1 1 4 0 1 2 3 1 2 2 2 2 3 0 1 4 2 5 1 1 2 1 1 0 1 3 1 1 0 1 2 1 5 1 0 1 3 3 1 1 2 2 1 1 2 1 2 2 2 3 1 2 1 0 0 0 1 3 4 1 2 1 2 2 2 2 2 3 0 4 2 2 1 6 0 2 1 4 0 3 1 1 0 2 2 3 0 2 3 3 3 1 4 2 1 1 3 3 2 2 6 2 2 2 1 2 1 1 1 2 2 1 1 5 1 1 1 0 3 1 5 1 4 1 1 1 2 2 3 2 2 4 2 2 1 1 4 2 2 1 1 3 5 4 3 0 0 6 3 2 5 2 1 1 1 0 2 1 0 1 2 3 5 2 2 2 0 0 1 1 2 3 2 1 2 4 2 1 4 2 5 2 3 2 2 0 6 1 1 0 4 2 2 0 3 1 1 1 0 1 2 2 0 1 2 3 2 4 2 3 3 1 3 2 4 2 4 2 3 1 2 2 4 2 1 2 1 3 0 2 2 3 2 1 0 4 0 3 3 2 2 3 0 3 2 5 3 3 3 4 0 1 0 2 0 3 2 3 1 3 2 2 5 2 0 4 0 0 0 2 1 3 2 1 0 2 1 5 2 2 1 1 2 2 3 1 6 3 1 4 0 3 4 3 0 1 1 1 7 4 1 2 1 1 1 4 2 3 3 0 2 3 2 1 1 2 1 3 0 1 3 4 1 2 3 3 4 0 0 2 0 1 3 1 3 2 1 3 5 2 2 0 2 3 1 5 1 1 4 4 2 4 1 3 2 4 3 1 0 1 0 0 6 1 2 1 2 1 3 1 3 6 3 1 0 3 3 2 3 2 1 2 0 2 4 7 3 1 0 1 3 4 1 5 2 3 3 0 2 5 2 0 0 2 2 3 1 1 1 2 4 0 2 0 2 0 4 4 0 0 5 3 1 3 0 0 2 1 1 3 0 1 3 4 2 1 3 0 1 2 3 0 4 6 1 2 1 4 2 1 5 3 0 0 1 0 4 1 0 0 2 1 2 1 1 2 0 2 4 5 2 2 3 3 2 2 2 1 1 2 2 1 3 2 1 0 1 0 8 3 1 2 0 2 0 0 2 4 1 2 3 3 1 2 3 2 0 2 1 1 2 2 2 2 2 1 3 0 1 3 0 6 4 5 3 2 3 3 2 0 2 1 3 1 2 4 0 0 2 1 6 1 4 5 3 2 3 3 1 3 2 4 1 2 2 3 3 4 1 3 3 2 0 2 0 1 2 5 2 2 2 0 1 4 1 2 4 6 1 1 2 0 3 3 0 1 1 1 3 4 2 2 0 2 0 1 2 4 1 2 1 3 2 3 4 2 1 3 1 1 2 2 0 2 2 4 2 1 1 0 3 1 5 3 1 1 0 1 2 3 1 4 0 4 4 2 1 1 3 1 3 2 0 1 0 2 3 3 4 4 3 1 2 1 0 4 2 4 0 0 2 2 0 3 1 2 2 3 5 3 4 3 1 2 0 1 1 2 2 0 1 0 2 0 0 3 2 0 1 2 0 0 1 1 1 1 4 4 1 1 2 1 2 4 2 1 1 3 2 1 1 3 3 2 0 2 1 2 1 0 1 2 3 0 1 2 1 0 1 3 2 3 0 0 2 5 2 0 3 4 1 3 0 2 4 0 3 4 2 1 3 2 1 4 0 4 0 3 1 1 0 1 4 2 1 1 2 2 3 0 1 2 3 1 2 1 0 4 3 4 4 2 0 4 1 2 1 1 3 2 2 1 0 3 2 4 2 1 3 5 1 3 1 2 3 1 3 0 1 4 0 1 2 2 2 2 0 3 1 3 0 0 1 4 2 3 3 0 3 1 2 3 4 0 1 2 2 3 5 3 3 3 3 2 1 1 0 1 1 3 4 4 1 3 0 2 1 1 3 3 2 1 6 3 3 1 3 3 5 2 2 2 1 3 3 2 0 0 2 3 2 1 4 1 1 1 3 2 2 5 4 1 1 0 1 1 4 1 3 3 5 4 3 2 0 3 1 3 2 3 2 1 0 4 2 0 1 3 3 1 0 0 5 2 3 3 2 2 1 3 4 1 2 3 0 3 2 0 2 0 3 4 0 1 1 3 4 2 2 3 2 1 1 0 2 1 2 2 9 4 2 0 1 2 4 2 0 5 3 1 2 3 1 1 2 2 2 3 1 4 0 2 1 5 4 3 1 3 1 2 1 1 1 2 1 1 2 2 1 2 2 2 1 0 5 1 3 2 2 1 4 0 2 1 2 1 5 3 1 3 1 1 2 1 0 2 3 2 4 0 2 2 2 4 3 3 2 4 3 1 3 1 1 5 0 3 2 0 1 2 2 3 3 3 2 2 1 1 4 0 2 4 3 1 2 2 1 0 0 3 4 2 3 1 2 2 1 1 2 1 3 3 2 2 1 1 1 1 0 5 0 1 7 0 1 5 5 1 1 2 6 2 2 1 1 0 1 4 1 2 1 1 5 2 1 2 2 1 1 2 3 2 2 1 2 2 3 3 3 2 2 2 3 2 2 1 1 4 2 0 0 4 2 2 0 1 1 1 1 1 1 2 2 2 3 4 3 0 2 1 0 2 1 1 0 5 3 2 2 1 1 1 0 2 3 0 2 2 0 1 2 2 1 4 2 3 2 0 1 5 2 4 1 1 1 3 3 1 1 1 1 2 5 3 2 1 0 2 2 2 2 4 0 2 2 1 0 0 1 4 4 4 2 5 1 0 0 3 2 0 0 2 2 1 6 4 2 1 1 2 0 0 1 0 6 0 2 3 1 0 3 0 5 3 2 1 0 0 4 0 0 3 1 0 5 4 1 0 0 1 2 1 2 1 1 2 3 4 1 1 1 1 6 2 2 0 1 1 2 4 0 0 4 3 0 4 1 5 1 1 2 4 1 4 3 2 2 1 0 1 1 2 1 1 1 0 2 2 1 1 1 3 2 1 1 2 2 1 3 2 0 2 3 3 2 2 2 5 3 1 0 0 0 3 3 0 2 0 7 3 2 2 2 3 1 2 1 1 1 4 2 1 2 2 2 3 1 3 3 2 1 1 2 0 3 2 1 0 2 2 1 0 2 3 0 5 0 3 0 2 3 1 1 2 3 3 2 3 1 4 1 1 2 1 2 1 1 5 1 3 3 0 1 3 2 2 2 2 1 1 5 2 3 3 1 3 5 2 0 2 3 4 4 2 2 4 2 2 1 2 1 2 2 3 0 3 1 5 1 0 1 3 2 1 2 3 1 1 1 4 5 2 1 0 3 1 2 3 1 5 1 3 1 0 0 1 0 1 4 3 3 2 3 1 4 1 0 1 3 2 1 1 3 5 3 4 3 1 3 1 1 2 1 2 2 1 2 0 2 2 3 3 2 4 1 3 1 4 1 1 2 6 1 2 1 1 1 4 3 1 0 2 1 0 2 2 1 2 2 1 2 0 0 3 3 0 2 1 5 1 0 0 2 0 2 3 5 4 1 3 1 2 0 2 1 3 3 2 1 2 1 0 1 5 2 2 3 0 3 3 0 2 2 3 2 0 3 3 2 5 2 0 1 3 1 2 3 0 2 6 3 2 1 1 2 2 0 2 3 2 3 3 2 3 4 5 2 3 2 0 1 0 1 1 1 1 4 2 2 1 3 1 1 1 3 2 2 3 3 2 2 3 0 1 1 2 1 2 2 3 2 1 4 3 2 1 3 0 1 0 0 2 3 1 2 2 2 3 2 0 0 2 2 2 2 3 2 1 2 1 1 4 4 3 3 3 1 0 0 0 1 0 1 3 4 0 3 3 2 3 3 2 1 2 3 0 4 1 2 1 2 1 3 2 2 2 2 1 2 3 1 1 0 3 0 2 1 2 1 1 2 2 3 1 5 1 2 1 3 1 0 2 1 3 1 2 1 1 2 2 1 2 3 5 2 2 1 4 2 5 2 2 2 4 1 0 4 3 1 2 2 2 2 5 2 3 1 0 0 3 3 1 0 2 3 1 1 1 1 2 3 1 0 2 3 4 0 1 1 0 2 3 3 3 1 3 5 2 3 3 0 0 4 2 2 1 1 3 1 1 1 1 3 2 1 6 1 4 1 3 3 3 1 3 2 1 1 0 2 1 3 2 2 1 2 5 4 0 1 3 1 1 2 3 4 0 4 2 1 2 0 2 3 2 1 1 3 1 1 1 2 1 1 1 6 3 2 0 0 0 1 0 0 3 1 4 3 2 2 3 1 1 2 2 1 2 0 5 2 1 1 1 5 1 1 1 1 1 3 0 1 2 1 3 1 1 3 1 6 3 0 2 0 1 2 0 3 1 2 1 4 3 1 5 0 1 1 0 3 0 0 4 0 2 2 2 2 4 1 2 1 0 1 1 1 0 5 0 2 0 2 4 1 4 5 1 1 2 5 1 0 4 3 2 4 1 2 0 2 3 3 2 1 3 1 2 1 2 3 1 3 2 1 1 4 3 1 4 5 0 1 2 1 1 1 2 5 4 4 1 3 2 4 0 3 1 2 1 1 5 1 1 2 2 2 3 0 2 3 1 4 2 3 2 2 2 1 2 3 2 1 1 3 3 1 2 1 3 0 2 1 2 3 1 1 1 3 0 4 0 2 3 3 2 0 4 0 1 2 2 3 2 1 2 2 3 2 3 2 1 1 1 4 1 3 1 4 1 0 1 2 5 3 3 2 3 1 5 0 0 4 3 2 2 0 3 1 0 1 4 1 2 0 0 1 1 3 0 2 1 2 4 2 0 3 0 1 4 4 3 2 2 0 1 2 0 1 1 2 0 3 2 0 2 2 5 3 2 1 1 2 3 2 2 1 2 1 2 2 3 1 5 1 3 1 1 2 5 1 3 0 5 2 1 0 2 4 1 5 2 2 1 1 1 3 1 2 2 3 4 0 2 1 0 0 2 3 2 2 2 3 2 1 6 4 2 2 2 1 0 2 2 2 2 4 2 3 2 4 0 2 3 2 2 3 1 3 2 1 1 2 5 1 2 4 4 0 1 0 2 0 2 2 1 1 1 1 1 2 2 0 2 2 5 3 1 1 0 2 3 2 1 3 2 3 3 2 1 4 1 2 1 0 1 3 3 0 3 6 3 2 2 5 0 0 1 1 1 3 4 2 1 3 1 2 3 0 2 3 2 0 2 1 3 2 3 2 2 3 1 1 2 1 1 3 0 3 3 1 3 1 4 2 1 3 4 4 2 2 0 3 1 2 2 4 3 1 4 1 3 4 2 1 1 1 4 3 2 1 1 3 1 3 1 0 4 3 2 1 3 2 1 2 2 0 1 4 3 4 2 2 1 0 5 2 3 2 6 1 0 4 1 0 2 0 1 0 0 2 1 1 5 3 4 5 0 2 6 1 2 0 3 6 1 1 0 1 4 2 2 1 4 1 4 0 3 2 2 3 1 0 0 3 3 1 1 0 0 3 2 3 4 2 2 1 0 2 5 2 1 1 2 4 1 3 1 1 0 5 1 5 1 1 2 4 0 2 4 3 1 2 1 1 0 3 1 2 1 1 3 4 1 5 1 0 2 1 3 6 1 3 1 1 2 2 2 2 2 3 4 0 1 3 2 1 1 2 0 0 2 3 2 0 3 3 1 2 1 3 2 2 3 1 2 3 3 1 1 1 2 1 0 1 3 6 1 1 3 2 4 1 1 3 3 3 1 2 1 2 3 1 0 2 4 6 1 2 1 3 0 0 5 2 2 2 5 1 1 1 2 3 2 0 1 0 2 1 4 2 2 2 0 1 1 2 1 0 2 2 2 2 4 2 2 2 2 4 1 5 2 3 2 3 1 2 2 5 1 2 2 0 1 2 2 1 6 1 2 4 2 1 1 1 0 2 3 2 2 1 3 1 2 1 3 0 2 3 3 4 2 1 0 2 1 2 1 2 2 4 2 0 4 3 0 1 2 0 2 1 3 3 1 3 3 2 1 1 0 0 2 0 1 2 1 1 1 2 4 0 4 2 0 1 2 3 2 3 1 1 2 1 1 4 2 1 2 3 5 0 1 1 1 3 1 1 2 1 4 0 1 2 2 1 4 1 3 3 3 2 1 2 0 3 3 4 2 4 1 0 4 2 2 3 2 2 2 1 0 3 2 1 0 1 0 5 2 2 0 1 2 2 3 3 2 4 3 0 2 3 1 2 4 0 1 2 1 4 3 0 1 3 1 4 2 1 1 1 3 2 0 3 1 2 3 6 2 1 1 0 2 1 0 1 1 4 2 1 1 1 2 2 1 3 2 4 5 0 0 1 1 5 2 3 4 2 1 1 3 1 2 2 2 0 1 1 1 0 1 2 4 2 3 1 0 0 3 1 6 1 2 4 0 0 1 2 0 1 2 4 4 4 2 3 3 5 2 2 4 0 1 1 6 1 3 2 1 0 2 2 0 2 1 3 1 0 1 4 2 1 2 3 1 0 1 2 0 4 5 3 0 1 4 2 3 2 1 1 2 2 2 0 1 5 2 2 2 3 1 1 3 2 0 2 2 1 3 1 2 4 3 1 0 0 1 3 1 4 3 3 1 4 2 3 1 2 2 1 0 1 3 0 0 3 1 3 5 2 3 0 0 0 0 4 3 2 4 1 3 2 2 2 0 2 0 3 1 0 3 4 3 3 0 1 2 6 0 3 0 1 2 0 2 1 2 1 5 0 1 3 0 2 2 1 0 0 3 2 1 3 2 2 2 0 1 3 2 3 1 2 2 2 2 2 1 1 1 1 1 3 1 2 4 2 2 3 0 3 3 2 1 1 3 0 1 4 2 0 2 5 0 2 3 1 4 2 0 2 1 1 0 3 0 4 2 4 1 3 3 0 2 4 2 2 5 3 2 3 1 3 5 3 1 3 3 1 2 2 1 1 0 0 2 3 1 1 1 4 1 3 5 0 2 2 0 0 0 3 3 2 1 3 4 1 2 4 2 4 2 3 0 2 0 2 0 1 3 3 0 4 1 2 1 3 1 1 1 1 2 2 0 2 2 1 1 2 1 4 2 1 1 2 4 1 0 1 3 3 3 4 4 1 2 0 2 1 5 1 3 1 3 2 1 2 1 1 1 3 1 3 2 3 0 2 1 2 2 5 2 3 1 5 1 2 3 1 3 5 1 1 1 3 3 2 0 1 4 3 3 2 1 1 3 2 1 2 0 1 2 1 1 2 3 2 0 1 2 1 4 2 1 0 2 2 4 2 2 2 1 0 0 5 4 5 0 3 2 1 1 2 0 2 2 4 4 3 2 2 4 1 3 0 2 4 1 4 3 1 3 1 2 2 4 1 2 2 0 2 3 2 3 1 3 1 0 8 1 0 2 1 2 2 2 3 1 2 1 3 2 2 3 5 2 3 1 1 1 3 1 2 1 2 3 2 2 0 1 3 0 2 2 0 4 2 2 4 1 3 5 1 2 1 2 2 0 2 5 1 1 4 0 3 4 1 1 0 1 1 4 2 0 3 2 1 0 6 2 1 3 3 3 3 3 4 4 1 2 5 0 2 2 1 0 2 3 2 1 0 0 3 5 4 0 2 2 2 1 3 2 3 0 3 1 2 2 2 3 1 3 1 1 1 2 2 1 1 4 4 1 3 9 3 1 1 3 2 2 3 1 3 1 5 2 1 2 1 2 0 1 2 0 0 2 2 3 2 2 5 1 1 0 1 3 3 3 4 1 0 1 3 3 2 1 5 4 4 0 1 0 1 3 1 3 1 3 1 1 5 0 2 2 2 1 1 2 2 2 1 2 0 0 6 3 2 3 1 2 1 4 3 1 4 1 5 0 1 0 2 1 1 3 0 2 3 2 1 1 0 1 2 2 1 1 1 1 2 3 2 3 1 0 0 1 3 2 2 1 3 2 0 2 2 5 3 4 2 3 0 3 0 4 3 0 1 5 0 4 2 2 3 4 2 1 2 1 1 2 5 2 1 1 2 2 4 2 2 2 1 0 1 6 3 2 2 3 4 3 2 1 3 2 4 1 0 1 2 2 2 6 2 1 0 2 2 3 2 0 1 2 5 1 0 3 2 5 3 0 3 1 4 3 0 2 1 2 0 2 2 2 3 5 2 2 2 2 2 2 0 0 2 3 1 5 1 1 1 1 2 4 1 0 2 0 2 3 1 2 1 1 4 2 0 0 0 2 3 2 1 1 3 2 3 2 1 0 2 0 3 2 3 1 6 1 1 3 3 3 1 2 4 2 2 3 3 1 0 1 1 2 1 2 1 3 2 2 2 2 2 2 1 3 3 1 4 2 2 2 3 2 1 5 0 0 2 2 1 4 1 2 1 1 4 0 2 4 3 2 1 1 2 2 5 2 1 4 2 0 2 2 3 1 1 1 1 0 3 2 1 2 0 3 4 3 1 1 2 1 2 2 2 3 3 6 1 1 3 1 3 2 1 2 3 2 2 1 3 4 2 1 3 3 0 1 1 3 0 2 2 2 5 3 1 2 3 1 3 3 2 1 2 2 4 2 1 3 2 2 1 2 4 1 1 3 1 2 2 2 1 2 2 2 1 7 2 5 1 0 5 1 0 6 2 1 1 3 2 2 1 1 2 3 3 3 2 1 1 4 1 3 3 5 1 3 3 1 2 2 2 3 3 1 1 2 1 0 3 3 2 1 2 1 3 3 2 2 1 1 1 1 2 0 2 3 2 2 2 1 3 1 3 2 3 0 0 1 3 3 2 2 3 1 0 0 3 2 1 1 2 1 2 5 1 1 1 1 9 1 3 3 2 2 5 3 1 4 3 0 0 0 3 2 2 5 3 1 2 0 1 2 3 0 6 2 7 2 0 1 2 3 3 2 1 2 3 4 6 3 2 1 1 2 2 3 3 0 2 2 2 2 4 4 1 2 1 4 1 1 2 0 1 2 1 3 4 1 2 2 4 1 1 1 2 2 1 2 5 0 0 2 1 2 0 4 1 1 1 1 3 1 2 2 5 3 1 3 2 2 2 1 1 0 1 2 2 0 3 1 2 2 4 1 5 1 2 5 3 0 2 1 2 3 0 5 3 1 4 5 0 3 4 1 1 2 2 2 0 1 1 3 3 5 2 4 0 4 2 2 2 2 2 2 2 2 2 2 2 1 4 3 3 1 1 2 1 3 1 2 2 3 1 2 1 4 2 0 1 4 2 0 1 2 1 1 2 1 3 2 0 6 1 6 0 0 2 1 1 2 1 2 2 4 0 2 4 3 1 2 1 0 1 4 4 4 0 0 2 1 1 1 1 0 0 4 1 1 3 1 2 1 1 1 1 5 2 2 2 3 1 1 0 4 1 0 4 1 0 4 4 3 3 5 2 1 1 4 2 3 2 4 3 2 0 2 3 3 2 3 2 2 4 2 1 4 1 6 5 2 2 1 1 1 2 1 1 1 4 3 1 2 1 0 0 2 0 1 2 0 1 1 3 2 1 3 2 4 1 2 2 5 0 2 2 0 3 2 3 4 1 1 4 5 3 1 0 3 0 0 4 2 3 2 2 3 5 1 1 4 1 4 1 2 2 1 4 2 1 2 2 3 4 1 2 0 3 2 2 2 1 1 1 0 2 1 2 0 3 0 3 1 2 4 2 2 1 0 1 4 4 1 2 1 0 2 1 3 4 1 1 5 2 2 0 1 2 2 3 3 4 0 2 2 2 1 3 1 3 5 2 3 2 3 3 2 1 3 1 0 2 5 3 1 0 2 2 1 1 0 2 2 8 3 2 3 2 2 2 0 2 2 2 1 1 2 3 3 2 2 2 2 3 1 1 2 5 3 2 0 1 2 3 3 2 4 0 3 0 2 1 0 2 4 6 3 1 1 1 1 3 2 0 1 2 2 2 3 3 4 3 0 1 1 1 5 3 4 2 2 3 0 3 1 2 1 5 1 0 1 0 4 4 4 0 2 1 4 0 1 3 2 3 5 0 0 3 2 3 1 1 1 1 1 1 3 1 1 4 3 2 3 1 1 2 1 0 1 3 3 2 2 1 4 1 2 4 2 2 0 1 1 3 3 2 3 2 4 4 1 0 3 3 1 0 0 2 3 1 1 1 2 1 1 4 3 5 3 1 1 1 5 1 4 5 5 3 4 2 4 1 2 1 3 1 1 2 1 0 1 1 3 1 2 1 3 3 2 1 0 0 2 2 0 1 3 3 2 0 1 5 1 1 4 0 3 1 2 3 3 1 0 3 3 2 3 3 1 3 2 1 2 2 5 0 4 5 0 3 2 0 1 1 1 3 2 1 3 1 2 2 2 0 2 2 5 5 1 2 4 1 3 2 5 2 1 3 3 2 3 2 1 1 2 3 1 1 1 4 1 1 4 1 3 2 6 1 1 1 2 1 4 1 3 2 1 2 3 3 1 7 0 5 1 5 3 1 0 2 0 2 4 1 2 2 1 0 2 2 1 3 4 1 3 0 1 5 1 2 2 1 3 3 0 2 5 2 1 1 1 1 2 0 1 2 0 2 1 2 1 3 2 1 1 4 1 0 4 1 1 1 3 5 4 2 2 2 4 4 0 0 0 2 2 2 3 4 2 1 5 3 4 4 1 0 2 1 4 3 3 2 2 0 4 2 1 1 3 6 1 2 1 3 1 1 2 3 1 3 0 3 0 3 2 1 3 2 5 2 1 0 2 1 1 2 1 5 5 2 2 0 4 1 2 0 1 3 0 2 1 2 2 4 2 2 0 2 2 0 1 2 3 3 0 4 1 2 4 1 2 0 4 1 2 2 1 1 2 2 0 3 2 3 4 1 5 3 2 2 0 3 3 2 2 4 1 1 1 3 3 2 2 2 2 4 2 1 1 4 2 2 5 2 1 0 1 2 1 0 0 4 6 1 1 4 1 0 2 3 2 1 1 5 4 2 1 3 2 0 2 2 3 2 2 6 1 1 2 0 0 1 4 4 0 3 4 3 2 1 2 3 3 0 1 3 0 0 2 2 2 4 1 3 0 4 1 2 4 1 2 4 0 2 1 3 1 2 0 1 3 3 4 2 3 0 3 2 1 2 2 0 1 0 3 4 2 2 1 3 4 3 4 2 2 2 0 0 0 3 2 2 6 6 1 0 2 2 3 3 2 2 2 2 3 2 2 1 6 1 3 1 0 2 3 3 0 1 1 3 1 2 0 1 2 2 1 6 1 1 1 3 1 2 3 0 1 3 2 3 2 2 3 1 0 1 1 1 4 4 3 1 1 3 1 1 1 1 2 3 4 1 0 2 1 2 3 1 4 2 2 1 4 3 3 1 0 2 2 2 0 5 2 1 4 4 3 1 3 1 3 1 2 0 0 0 4 0 1 4 3 3 3 2 0 3 1 1 2 1 2 2 2 3 2 3 5 0 2 1 4 2 2 1 1 0 2 2 3 2 0 3 1 2 3 1 1 1 1 0 1 1 3 1 1 2 2 1 3 2 4 2 1 1 1 7 3 0 2 3 4 2 1 0 2 1 1 1 1 4 2 1 4 2 0 1 1 0 2 3 0 2 1 2 3 3 2 2 1 1 0 5 4 0 1 5 3 0 3 0 2 1 4 1 2 3 2 2 3 2 0 0 2 1 5 2 3 3 1 4 1 1 3 2 1 0 5 3 0 5 1 1 1 2 4 0 3 2 1 1 2 4 3 3 1 1 3 1 2 0 4 2 4 3 3 1 1 2 2 2 1 3 2 3 3 1 1 1 2 1 3 2 1 4 4 1 2 0 2 1 1 1 2 5 0 1 0 2 3 3 4 1 2 5 1 1 5 2 0 3 4 3 3 3 2 0 1 1 3 2 2 2 0 2 1 3 5 1 3 3 3 3 2 1 0 2 2 3 0 2 1 2 3 4 2 4 2 2 2 3 3 3 3 2 3 2 0 2 0 5 1 1 2 1 2 3 4 3 1 1 1 2 3 1 4 0 0 3 0 2 3 1 1 2 0 3 2 1 6 1 1 1 3 5 0 2 1 2 2 2 0 5 2 4 1 0 2 2 0 0 2 5 3 2 1 1 3 2 0 1 2 0 4 4 1 1 3 1 3 1 2 1 4 1 2 4 0 3 5 0 1 4 1 2 1 5 2 4 2 2 3 3 0 2 3 0 2 1 1 4 0 1 2 3 0 4 0 2 1 3 1 0 1 0 2 1 1 0 2 0 2 7 3 0 0 0 2 5 2 2 2 2 1 2 1 1 3 2 5 1 4 2 0 2 2 1 2 0 1 3 3 2 1 0 5 3 1 2 4 1 0 3 3 1 3 2 2 2 1 2 1 2 1 2 1 2 2 0 1 6 5 3 0 2 0 1 1 2 3 3 0 1 2 0 1 2 4 0 0 3 4 0 1 4 3 2 2 1 0 2 4 5 1 1 3 1 2 1 1 4 1 2 1 3 1 0 3 3 0 3 4 3 3 1 0 2 1 1 0 2 0 1 2 2 2 4 2 0 4 1 3 1 3 2 2 3 1 3 1 6 2 1 0 1 2 1 2 0 0 4 1 0 4 2 2 2 4 3 0 3 1 3 3 1 2 4 2 2 1 2 0 3 2 4 5 4 2 1 0 6 3 2 0 3 0 1 5 3 2 2 0 4 3 3 2 5 3 3 1 0 2 3 2 2 3 0 1 0 5 3 2 4 2 3 3 2 2 1 2 2 3 2 1 1 2 0 1 1 2 1 1 2 2 3 2 0 1 3 1 0 2 2 7 2 1 4 3 1 1 0 1 1 2 4 0 1 1 2 1 5 1 4 1 3 3 3 1 1 0 5 3 2 1 4 1 3 2 0 4 1 3 2 3 1 1 3 2 3 1 3 0 3 1 5 3 1 1 2 3 3 0 0 4 2 2 2 2 1 0 1 3 2 2 2 3 3 4 4 2 1 1 1 0 2 3 2 1 1 1 1 1 1 2 0 2 2 2 4 1 1 2 3 1 2 2 3 0 3 0 5 2 5 2 1 2 5 1 0 3 2 1 1 1 4 1 3 2 1 4 1 3 2 4 2 2 0 1 2 2 2 1 3 1 1 2 2 3 0 0 0 0 2 2 1 0 3 3 4 3 2 4 0 1 1 5 1 3 3 0 2 2 6 1 4 2 2 3 1 1 1 2 2 1 2 3 3 3 2 0 0 2 0 4 0 4 1 0 0 1 2 2 4 4 2 2 1 2 1 5 1 3 3 1 0 0 2 3 2 1 2 0 4 2 5 2 2 0 3 2 1 2 2 0 2 2 2 1 3 1 2 2 1 2 2 2 3 5 3 2 0 2 3 3 1 2 2 3 3 4 0 5 0 2 1 3 5 1 2 2 1 2 3 5 1 2 1 2 1 1 3 2 4 2 1 3 4 1 3 5 2 1 1 3 5 3 0 3 1 1 4 3 2 3 2 2 3 2 3 1 2 3 1 3 5 2 1 2 2 0 3 1 2 2 4 0 6 3 1 1 1 2 7 1 5 2 1 1 1 2 1 0 3 0 4 4 1 0 0 2 0 3 1 2 1 3 0 3 4 4 3 0 2 1 3 1 0 4 3 2 2 4 4 2 0 1 5 3 3 1 3 1 1 2 5 1 0 4 2 1 1 1 3 2 1 2 1 1 3 1 1 3 2 3 2 1 2 1 6 3 1 2 2 5 2 0 0 4 1 1 2 2 2 0 4 2 0 1 2 0 1 2 5 0 2 4 0 1 1 1 2 2 4 2 3 1 2 2 5 0 3 3 0 2 2 1 1 1 1 5 1 5 1 1 0 3 4 2 0 3 4 0 5 1 3 1 3 4 2 3 0 1 3 2 1 0 2 2 1 1 0 4 3 3 2 4 1 3 3 2 4 3 1 2 4 0 1 3 2 0 2 1 4 0 0 4 4 2 2 0 0 0 3 1 2 2 0 2 3 4 2 5 1 3 2 4 2 3 2 3 0 0 2 3 1 0 2 2 1 2 1 1 3 1 0 3 3 1 3 0 3 1 2 2 0 5 1 1 1 1 0 1 3 2 1 4 2 0 1 3 3 0 0 2 1 4 0 3 0 5 3 2 1 2 1 3 3 1 1 1 0 2 1 1 3 7 1 1 1 1 2 3 1 2 1 3 2 1 4 3 1 6 1 2 2 2 2 1 0 4 0 5 2 2 2 1 5 2 1 3 4 2 3 5 0 2 1 0 2 3 1 0 2 2 3 0 2 0 2 3 2 1 3 1 1 0 2 1 2 2 1 1 0 6 2 1 4 0 3 2 0 1 2 2 3 3 3 2 2 3 0 1 1 5 2 3 3 2 1 2 1 1 2 3 0 2 0 1 3 1 2 4 0 2 4 1 2 1 2 1 4 0 1 1 3 3 2 0 2 0 3 0 4 5 0 1 5 4 0 2 1 0 2 2 2 5 0 3 2 2 2 1 3 0 0 3 2 3 1 2 2 2 1 1 0 1 4 3 0 1 3 3 3 3 1 1 1 2 1 3 2 3 7 0 2 1 2 2 0 1 1 0 1 6 2 1 2 1 2 2 3 1 3 0 3 6 3 2 2 3 4 1 3 1 1 2 1 1 4 0 4 3 0 3 3 2 2 0 3 1 0 0 3 3 2 2 1 3 1 2 2 1 0 1 1 0 2 3 1 2 1 1 1 4 2 3 1 1 3 3 0 2 4 1 2 2 2 1 2 0 5 2 0 1 3 2 3 0 0 2 1 2 1 2 5 0 2 1 3 1 2 1 1 1 1 2 1 3 2 3 3 1 1 2 4 3 1 0 2 3 0 3 2 1 3 9 4 1 1 5 2 2 4 2 1 2 1 1 4 1 1 2 3 1 2 5 2 3 3 0 0 0 2 1 3 1 2 2 1 1 1 1 1 3 1 2 4 0 4 3 1 3 0 0 1 1 3 2 3 2 0 2 3 0 3 2 3 3 1 1 0 3 3 4 2 1 1 1 2 3 2 5 2 2 0 0 2 1 4 1 0 4 2 1 2 6 2 3 2 1 5 0 2 1 4 2 1 0 1 1 1 2 2 1 1 1 4 4 0 0 3 4 2 0 5 2 1 1 0 1 1 3 1 3 2 2 2 1 4 0 0 2 2 1 1 1 0 1 2 0 1 4 4 0 4 2 3 4 0 1 0 2 3 1 1 1 0 4 2 1 3 1 3 1 1 2 6 4 2 3 2 5 0 1 1 3 1 4 2 4 2 2 2 3 2 2 2 2 3 3 3 2 3 1 1 0 2 4 2 1 5 0 0 2 1 2 4 3 5 2 1 2 3 1 2 1 2 1 2 3 0 3 1 0 5 3 2 2 2 2 4 4 2 0 1 2 2 2 4 2 3 3 0 3 0 0 1 2 2 1 3 3 3 3 2 0 4 1 0 3 3 3 2 2 3 1 2 3 0 1 0 1 2 3 1 0 3 3 3 1 2 1 3 3 2 0 4 4 2 0 0 1 2 3 3 2 2 1 0 2 4 2 3 5 1 2 2 5 2 2 2 0 2 3 1 3 3 0 0 5 2 1 1 1 1 1 2 5 1 1 2 0 2 3 1 1 2 3 3 2 2 2 2 2 3 0 4 2 2 2 1 2 4 0 0 1 0 3 0 2 1 3 4 2 1 3 2 0 2 2 5 1 3 5 2 0 1 3 3 2 1 2 3 2 0 2 3 2 4 1 4 0 4 1 2 0 0 1 5 1 2 0 1 4 1 1 2 4 1 2 2 0 2 1 2 0 1 1 3 3 2 1 2 4 1 1 1 1 3 4 3 2 4 3 3 0 1 2 2 1 4 1 2 3 2 0 1 4 2 1 2 0 4 0 5 0 5 0 3 2 1 3 0 2 0 1 4 3 1 1 0 5 4 0 1 1 1 2 3 3 2 1 1 5 1 2 4 1 0 3 2 2 2 1 0 2 2 2 2 1 1 1 1 1 0 1 1 1 0 3 4 3 1 2 1 6 2 1 1 1 3 1 3 1 4 2 2 1 4 1 7 1 0 3 3 1 0 4 1 0 2 4 4 3 1 3 2 2 2 0 3 4 4 1 0 2 5 0 0 7 3 2 3 5 3 1 0 0 4 2 1 2 4 3 2 3 0 0 2 4 1 4 1 2 2 2 2 2 0 3 2 1 3 1 1 4 3 2 1 1 2 3 1 1 1 2 4 1 3 1 1 3 3 2 2 1 1 1 3 0 3 3 1 1 3 0 2 3 2 1 4 2 3 1 0 2 4 2 2 2 3 3 4 2 0 0 2 2 0 3 3 3 1 0 2 3 2 3 2 1 1 2 2 5 1 1 1 3 1 1 1 1 2 3 1 2 1 3 1 4 2 1 2 2 0 2 1 1 2 0 1 1 2 7 1 3 4 1 3 0 1 2 1 4 2 3 6 1 2 4 3 2 2 2 1 2 4 2 2 0 1 2 2 3 0 6 2 3 1 1 1 2 3 0 0 2 2 2 2 1 1 5 2 1 3 2 4 2 0 0 3 3 3 1 2 6 0 2 0 1 2 3 3 4 0 3 0 1 0 1 2 2 2 3 3 3 1 0 1 4 2 1 1 3 1 1 2 0 2 3 4 4 1 0 2 2 2 3 2 0 1 3 1 0 5 0 3 1 3 2 3 1 4 1 3 3 2 3 0 2 2 0 4 3 2 4 0 1 2 2 3 3 1 1 4 2 2 2 1 1 2 4 3 1 3 1 1 1 4 3 6 4 1 2 1 1 2 0 1 1 1 1 0 3 1 3 3 1 3 4 2 3 3 2 2 1 1 1 0 2 2 1 3 2 5 0 2 1 5 2 1 1 0 1 2 1 1 1 1 2 1 2 0 1 2 4 1 5 1 3 6 2 3 2 2 2 2 3 1 0 1 1 0 1 1 0 0 4 5 1 1 0 2 5 1 3 2 1 1 3 0 3 0 2 2 2 3 1 4 2 0 4 3 2 0 2 2 3 0 0 3 2 3 2 3 3 3 3 0 2 2 3 2 2 2 1 3 2 5 1 6 4 3 1 1 2 1 2 1 2 1 0 2 1 0 2 2 0 2 1 4 3 2 2 1 2 1 0 3 1 1 1 3 3 4 0 4 4 0 1 2 1 1 1 1 5 1 4 0 1 4 5 0 4 0 1 1 0 4 0 2 0 5 3 1 1 4 1 1 3 0 3 2 3 3 0 0 2 0 2 2 1 1 0 2 3 0 4 0 4 2 1 3 0 2 1 5 1 1 1 1 2 1 3 1 0 1 3 3 1 3 4 3 2 2 2 1 1 3 3 2 1 1 2 1 3 1 0 5 1 3 4 0 0 1 0 0 4 2 3 0 2 3 2 2 1 2 2 3 1 0 4 1 2 2 3 2 0 1 2 2 1 3 0 0 1 0 0 3 4 2 2 1 2 3 1 2 2 2 2 1 3 0 2 3 2 2 1 2 3 2 3 1 2 1 0 5 1 0 3 3 0 3 2 2 1 2 2 2 1 1 1 2 5 3 2 1 2 2 2 1 0 2 2 0 2 4 2 1 1 3 3 1 4 5 3 1 2 1 3 1 1 1 1 3 1 1 2 0 2 2 1 3 1 3 1 2 2 2 1 3 2 2 5 1 2 4 4 1 3 1 0 3 4 1 2 2 1 1 0 4 2 3 5 4 1 2 0 2 0 0 4 3 2 1 5 0 3 4 1 0 1 4 3 0 3 2 1 1 2 4 0 4 0 0 0 3 5 3 1 1 2 4 1 3 5 2 0 2 1 3 3 1 3 0 0 2 1 2 4 2 4 1 3 0 0 4 0 3 1 4 3 1 3 1 2 4 0 2 1 1 1 7 2 3 4 2 1 0 2 3 2 3 3 1 1 1 4 3 1 1 4 3 1 1 1 2 1 3 4 0 1 5 3 1 2 4 3 1 3 1 0 1 1 1 1 2 0 1 1 4 1 5 4 2 1 1 2 1 2 5 1 2 1 3 1 3 1 1 3 2 0 1 1 1 1 3 1 0 6 3 0 1 1 1 1 1 3 4 2 1 0 3 3 2 3 2 1 0 1 1 0 3 5 3 1 1 1 3 2 3 3 4 4 3 1 3 1 2 3 2 1 1 1 1 2 1 0 2 1 3 1 5 4 0 1 1 7 2 3 3 2 2 1 2 4 1 0 0 3 0 1 1 2 2 4 2 2 2 1 2 1 0 5 2 0 5 2 3 0 4 2 0 2 2 1 4 3 2 0 2 1 1 2 1 3 2 3 2 0 3 2 3 4 2 4 1 4 1 2 2 1 5 1 3 1 2 1 5 1 1 0 0 4 0 1 8 1 6 2 2 1 0 5 2 1 2 3 3 1 1 2 3 3 0 0 5 4 1 4 2 3 0 2 3 1 1 1 2 0 4 3 3 1 3 1 1 1 0 3 4 2 1 4 2 2 1 1 1 2 3 2 3 3 1 2 5 2 0 5 2 2 3 2 3 2 3 0 1 4 2 0 4 3 0 3 1 2 2 9 0 2 2 2 4 1 4 0 1 4 1 3 2 0 1 3 0 3 4 4 2 2 0 3 2 0 1 2 1 4 0 6 0 1 2 0 0 0 0 1 3 0 3 3 4 5 4 4 1 2 1 2 1 4 1 2 2 1 5 0 2 1 3 1 2 1 1 3 1 1 3 4 1 3 2 3 1 0 2 1 3 1 2 4 1 1 3 0 3 1 3 1 1 1 0 3 4 2 3 2 2 3 2 2 1 0 4 2 3 0 0 0 1 3 2 2 0 2 3 4 4 0 0 2 3 1 2 9 1 3 1 1 2 1 1 2 1 2 1 2 4 0 1 3 2 0 1 2 2 1 3 0 2 3 4 1 2 2 1 2 0 1 2 5 0 2 3 0 4 2 2 0 3 1 0 2 3 1 3 4 3 1 3 2 4 4 3 2 0 2 0 3 4 2 2 2 0 1 1 2 3 2 1 3 4 1 2 0 1 0 1 1 2 3 3 6 1 2 3 2 1 6 1 2 3 1 1 2 4 1 2 1 2 4 1 4 1 2 0 2 4 2 5 4 0 1 4 2 2 2 1 0 0 0 3 2 2 3 3 1 0 1 3 0 2 3 1 3 4 3 3 3 0 1 4 0 3 2 2 1 0 1 6 2 2 2 0 2 1 5 0 1 4 2 2 4 3 1 0 0 0 3 2 0 2 1 2 5 3 2 0 1 2 1 1 6 4 1 1 0 4 0 2 2 4 3 2 3 0 1 2 1 3 3 2 3 3 2 2 1 1 2 0 1 4 3 3 0 3 1 0 2 1 4 2 2 4 5 3 1 1 1 0 3 3 4 4 4 2 2 3 1 2 1 0 2 1 1 1 4 4 1 2 0 2 3 3 4 4 1 1 2 4 1 0 4 2 1 0 1 0 5 0 2 2 3 2 1 3 0 3 3 1 0 1 1 1 0 2 5 1 3 0 0 4 2 3 4 2 5 0 0 0 3 2 1 1 3 2 4 4 3 2 2 3 1 2 0 5 1 2 0 3 4 1 1 4 4 2 4 0 3 0 0 2 2 3 0 3 6 1 1 2 4 0 1 2 0 2 3 1 2 2 1 1 4 1 4 4 0 2 1 2 3 1 4 1 3 2 0 4 2 2 4 2 1 0 5 1 3 1 3 1 3 1 2 3 3 3 3 3 2 0 2 1 0 0 3 2 2 3 4 2 1 2 3 3 2 3 3 2 3 2 2 0 3 2 1 0 3 4 1 2 1 2 2 1 1 3 2 2 2 1 1 7 3 2 6 2 1 3 2 0 2 0 1 1 0 2 1 1 2 3 1 2 0 3 2 4 1 2 2 1 2 1 0 3 2 1 1 0 4 1 4 3 0 5 2 4 2 0 0 1 2 1 0 0 1 0 4 6 2 5 2 4 1 1 0 0 0 3 2 4 0 3 1 2 4 1 1 2 0 3 4 3 2 4 0 4 0 2 2 3 2 1 1 1 0 2 4 1 5 1 2 3 1 3 3 2 0 1 2 0 5 2 0 0 0 2 3 6 4 1 3 0 2 2 0 1 1 4 2 3 1 0 2 3 4 0 5 0 4 3 2 3 2 0 1 0 5 1 1 5 0 2 2 0 4 2 0 3 3 3 1 3 0 3 1 2 1 4 3 2 4 2 3 5 3 3 1 0 0 1 0 3 0 3 2 2 2 3 1 3 1 2 2 1 3 2 2 1 1 3 4 3 1 2 2 2 2 2 5 1 1 3 3 2 5 1 2 1 4 0 0 1 0 0 1 1 4 3 3 3 2 3 2 0 3 3 2 2 1 3 1 2 2 4 2 3 0 4 1 2 2 2 1 2 2 3 1 2 3 3 4 0 1 2 2 1 0 2 2 1 2 2 5 0 3 0 1 2 3 0 1 4 2 2 2 1 1 1 2 4 1 2 3 0 1 4 2 5 3 2 1 1 3 2 1 1 2 5 2 2 3 2 2 2 2 3 0 2 2 2 2 2 0 1 3 3 1 1 0 4 1 0 1 3 2 2 5 3 1 1 1 2 2 0 0 6 0 5 4 0 1 3 0 3 4 1 2 0 3 1 4 2 3 1 0 1 2 3 1 1 1 1 1 0 3 3 3 2 1 3 2 1 4 1 2 1 4 3 0 1 2 3 2 3 1 2 4 2 2 2 1 2 0 3 2 2 2 4 2 1 5 3 0 1 6 1 1 3 2 2 0 3 1 2 3 3 2 2 2 1 3 3 3 4 2 4 1 2 1 4 3 2 3 2 4 1 1 3 2 1 2 4 1 2 3 1 2 2 2 1 1 0 3 1 0 0 2 4 4 5 1 5 2 1 1 3 1 0 1 0 2 4 0 0 1 0 3 1 1 2 2 1 2 1 1 2 2 3 4 3 1 0 2 1 5 3 0 2 3 3 4 0 3 1 2 1 2 1 2 2 1 2 2 2 0 0 3 4 1 0 2 2 3 1 6 3 1 3 3 2 0 3 0 3 2 3 3 1 4 1 3 1 1 3 4 2 1 4 2 1 0 1 2 2 3 3 1 0 2 0 3 2 3 1 1 2 2 2 3 4 1 3 0 0 2 1 4 2 2 2 4 1 5 1 1 4 1 3 3 1 2 2 2 2 4 1 2 3 4 1 3 0 1 1 3 1 7 5 0 4 1 1 1 1 1 5 1 5 2 1 2 5 0 2 1 1 5 0 1 3 3 3 3 0 2 0 3 2 5 4 1 2 3 6 2 0 2 3 3 2 1 2 1 0 1 3 1 3 1 4 2 3 1 1 2 1 3 2 0 2 2 4 2 2 3 5 2 2 2 1 5 2 1 2 0 2 0 2 4 2 4 1 3 0 2 3 2 2 2 1 1 1 3 1 2 3 0 2 3 2 2 3 3 3 1 1 0 3 1 4 0 0 2 2 2 3 3 0 3 2 3 0 0 2 3 1 0 1 4 2 1 3 1 2 4 2 1 0 0 2 3 1 4 2 2 3 2 2 1 1 2 1 3 0 0 2 2 3 2 1 2 2 0 2 2 2 2 2 0 3 3 2 1 3 0 1 3 3 1 1 3 3 2 3 2 0 1 4 2 1 3 2 2 2 2 1 4 1 2 2 1 2 1 1 0 1 2 0 3 2 0 3 3 1 1 4 1 3 3 3 1 2 2 3 3 3 1 0 2 1 3 3 0 2 0 1 1 0 2 3 4 4 3 1 1 3 0 2 2 2 2 2 3 2 4 2 5 3 2 2 0 4 1 1 1 3 0 2 3 2 0 2 1 1 2 3 1 1 3 1 3 3 1 4 2 0 1 2 3 2 2 3 1 1 1 2 4 3 3 2 3 2 2 1 2 1 2 1 1 3 3 3 1 2 2 2 3 5 1 1 3 0 4 2 1 2 1 2 0 1 3 1 3 3 1 2 3 2 4 3 2 1 2 3 0 2 2 2 2 1 3 2 2 1 2 1 3 2 1 1 4 1 1 1 6 1 1 1 3 3 1 3 1 3 2 1 1 1 2 3 2 2 3 4 0 1 0 1 1 1 3 2 1 3 0 4 1 3 2 0 3 0 1 2 4 1 2 3 0 1 0 1 2 4 1 5 0 3 0 3 2 3 2 2 2 4 2 1 1 5 1 2 2 0 1 2 3 3 1 4 4 2 1 1 3 2 1 1 2 7 3 1 6 0 2 1 1 2 1 3 0 0 4 1 1 1 1 1 3 4 5 3 1 1 3 4 0 1 1 2 1 0 3 1 4 2 1 5 2 2 1 4 4 0 3 0 3 3 3 1 4 1 3 2 4 0 0 2 3 2 1 4 2 4 1 3 2 3 1 4 4 0 1 1 3 0 0 2 3 1 2 1 1 3 1 1 4 1 3 2 0 1 1 1 3 0 2 3 0 1 2 2 3 2 1 3 3 3 2 5 5 1 3 1 0 3 2 2 3 0 4 2 1 3 1 5 1 1 0 4 0 1 2 5 5 3 0 0 4 3 1 1 1 2 1 1 0 2 1 3 2 1 2 1 1 2 2 3 5 0 2 6 3 2 2 2 4 0 0 4 0 2 0 4 1 2 1 0 3 2 0 3 4 1 1 0 2 2 3 1 0 3 3 2 0 2 2 0 1 1 1 1 1 1 4 3 3 1 0 3 2 0 0 1 2 2 3 2 3 3 4 3 2 0 1 0 1 4 3 2 1 5 1 1 0 0 1 3 3 4 6 1 5 2 2 1 2 1 3 1 2 0 3 5 1 2 2 1 4 1 1 0 2 5 5 2 3 3 0 3 2 2 2 2 0 3 2 3 0 3 1 3 2 3 4 1 3 3 0 1 1 1 2 4 4 2 1 3 3 0 2 4 0 3 1 3 2 0 1 2 4 2 6 2 1 6 1 1 1 0 2 3 5 3 3 2 2 1 2 3 2 2 2 2 2 3 2 0 1 1 0 4 3 0 0 2 1 2 2 3 1 0 1 0 1 0 5 1 1 4 2 2 3 4 0 3 2 0 1 4 1 0 2 4 0 0 2 1 1 4 0 1 0 2 5 1 1 3 3 2 3 2 2 2 2 1 1 1 2 1 1 3 2 2 1 2 1 1 4 1 4 1 1 2 0 3 2 1 1 2 1 1 1 2 1 3 1 1 4 2 1 3 2 1 0 2 1 3 3 3 2 2 1 2 2 3 2 0 1 1 1 2 2 3 5 2 2 2 4 0 0 0 3 2 2 1 2 4 2 4 1 2 2 4 1 2 2 1 2 4 2 1 2 2 2 2 2 2 0 4 2 0 3 2 2 0 3 2 3 1 0 2 2 2 0 3 3 2 1 3 1 2 2 2 2 2 0 2 4 3 0 3 1 1 2 3 3 2 1 2 0 1 2 2 1 1 2 4 1 2 2 0 2 2 3 1 4 3 0 2 1 2 3 3 3 0 0 1 2 1 1 1 1 2 4 1 1 2 0 3 2 2 2 4 3 1 1 2 3 2 3 2 5 3 0 0 2 1 2 3 2 2 4 2 3 3 5 4 1 0 3 2 3 4 2 2 6 0 2 2 0 1 2 3 3 1 4 5 2 2 6 3 1 3 0 1 2 2 0 4 2 2 3 4 0 2 1 1 1 3 0 0 1 3 3 2 2 2 1 2 1 3 3 6 2 0 2 2 4 2 1 2 2 1 1 3 3 5 0 1 2 2 4 0 7 2 4 3 2 2 1 3 0 1 4 3 0 2 3 1 1 0 4 2 3 3 1 2 5 1 2 2 0 1 2 3 1 1 1 0 6 4 1 3 2 5 1 1 1 2 1 0 0 0 4 3 3 2 2 5 5 2 2 3 3 0 3 1 4 2 1 2 0 3 1 4 2 3 0 2 1 2 3 1 1 4 1 1 2 2 3 3 2 0 0 4 2 3 1 1 0 3 2 1 3 1 1 3 2 4 1 4 3 3 1 2 0 3 5 4 8 1 0 0 1 3 0 3 3 2 4 1 0 1 2 2 4 0 1 2 1 4 0 5 2 1 3 2 4 4 0 1 1 1 0 3 3 1 1 4 5 2 0 0 3 2 0 3 1 1 1 4 1 4 4 4 1 1 3 2 2 4 2 1 0 4 2 2 2 4 4 2 4 1 2 0 1 0 2 2 2 4 2 3 2 2 1 2 2 1 1 2 0 5 5 1 1 2 4 0 2 0 1 1 1 3 1 2 2 2 1 3 3 1 4 2 3 3 2 4 1 0 2 2 0 4 2 4 0 4 4 1 2 2 2 3 3 2 2 0 3 4 2 3 2 5 0 1 0 3 1 1 4 1 2 2 3 2 0 0 3 2 3 5 2 0 2 0 2 1 3 1 1 1 2 3 1 5 3 3 1 3 2 2 5 0 2 3 0 3 3 1 2 3 3 4 2 2 1 1 0 2 2 2 1 3 2 1 1 4 6 3 1 4 1 3 4 1 4 2 2 0 2 2 4 0 2 0 0 3 0 4 2 1 2 5 1 1 1 2 1 1 0 0 4 2 1 1 0 1 2 1 3 3 1 2 2 2 1 2 2 2 1 5 0 3 3 1 0 3 2 1 1 3 4 3 1 1 3 2 1 0 0 2 3 4 7 0 1 1 3 6 1 1 2 1 5 1 1 3 3 0 5 0 2 1 1 2 4 0 2 4 4 2 3 1 1 1 7 2 3 3 3 2 1 1 3 1 0 1 1 2 4 4 0 0 1 2 1 1 4 3 3 2 2 2 0 3 2 0 5 2 2 0 3 2 1 4 5 1 3 4 2 1 1 3 4 2 3 2 3 2 3 3 0 1 2 1 1 4 1 4 5 0 0 4 0 0 3 1 2 3 2 2 0 2 4 0 0 3 1 1 2 0 3 1 2 2 3 3 3 3 1 2 3 0 2 1 0 2 4 2 1 3 1 2 5 1 1 1 4 4 1 1 2 3 2 2 2 1 2 3 4 1 2 3 1 3 3 1 2 5 2 0 2 2 4 4 0 1 3 4 2 0 2 1 1 1 1 1 5 2 2 2 1 2 4 2 2 2 3 5 2 1 1 3 3 2 3 3 3 2 4 3 2 3 2 1 0 4 1 4 1 2 2 4 3 3 1 2 1 3 3 2 5 1 3 1 1 3 1 2 0 3 1 2 2 1 1 3 4 1 0 3 0 1 4 4 2 4 1 2 2 4 1 2 0 2 2 4 3 3 1 1 0 3 4 1 2 4 3 2 1 3 2 2 2 1 1 2 1 2 3 2 1 3 5 1 3 2 2 3 3 4 1 4 2 3 2 0 1 2 3 1 2 0 0 2 3 4 1 2 1 1 2 3 1 0 2 1 0 3 1 2 1 2 1 2 2 2 2 4 3 3 1 0 3 0 4 2 0 3 3 1 1 1 3 0 3 3 2 4 1 3 1 2 2 2 5 3 1 0 1 2 1 2 2 2 0 1 3 1 3 2 1 1 2 1 2 2 4 1 0 1 1 2 1 0 1 5 0 1 1 2 1 5 2 2 2 2 0 2 0 2 5 3 4 0 2 3 1 2 1 1 4 1 0 2 3 5 3 2 0 1 3 3 1 1 0 3 2 0 4 3 1 1 3 0 3 4 1 3 2 4 2 0 2 4 2 2 3 1 0 1 3 2 4 4 5 1 0 1 2 1 4 1 2 0 1 3 1 0 2 3 3 1 1 2 1 1 2 2 1 1 4 1 2 3 1 1 5 5 3 3 0 1 2 1 1 3 2 0 3 3 4 2 4 2 1 2 2 1 3 1 0 0 4 1 3 2 2 3 2 3 1 4 1 1 0 2 2 4 1 3 3 1 0 3 2 5 4 1 4 0 0 3 2 0 0 3 2 2 6 1 2 2 0 2 3 2 1 2 3 3 2 0 2 1 0 4 2 3 2 4 1 1 2 5 4 2 4 1 1 0 0 5 3 5 3 2 3 3 2 1 1 2 0 4 1 1 4 0 4 1 2 2 0 0 3 3 3 1 1 4 4 2 3 1 0 0 1 1 1 6 1 1 3 0 1 0 1 1 0 4 0 1 3 3 0 1 1 2 1 1 5 3 3 0 2 2 1 2 3 1 0 4 1 2 1 1 3 4 3 0 1 1 3 4 0 1 1 2 2 2 3 1 2 2 4 3 0 2 1 3 1 2 4 1 2 3 2 3 1 2 1 2 3 1 3 3 1 2 3 3 5 0 4 4 3 3 2 0 0 2 1 8 1 1 0 1 1 0 3 1 1 1 3 2 2 2 3 0 2 3 4 4 2 3 2 1 1 4 3 2 2 4 2 6 0 2 2 4 4 0 1 1 4 2 1 4 3 1 3 0 2 0 4 1 4 1 3 2 0 1 3 4 0 2 1 3 0 4 1 1 0 2 1 2 3 0 2 0 1 4 1 1 1 1 2 0 0 1 4 4 1 2 4 1 1 0 3 2 5 0 4 2 0 2 2 0 2 2 2 3 2 3 0 4 1 1 1 2 2 0 2 0 1 1 0 1 4 3 1 1 1 2 1 3 1 0 2 1 2 1 0 2 3 0 4 3 1 5 4 2 3 2 3 0 2 3 4 3 1 0 1 4 5 1 0 2 1 0 1 6 1 4 1 4 3 2 2 3 3 3 2 1 1 3 2 0 2 2 1 3 2 2 5 1 1 2 2 4 3 3 3 3 1 2 1 1 3 3 0 2 3 0 1 1 2 5 1 3 2 0 0 2 3 3 4 1 0 2 2 2 0 2 2 2 0 3 1 2 2 1 2 2 2 0 3 2 6 0 4 2 0 3 2 6 2 1 0 0 4 3 0 3 5 2 4 3 1 1 1 2 2 1 4 2 0 2 0 3 1 2 2 3 2 2 3 0 1 5 2 1 2 4 3 2 2 2 2 4 2 2 1 6 0 2 3 2 2 1 2 1 1 1 2 0 1 1 1 3 1 3 0 2 4 2 5 1 0 1 3 1 1 3 2 3 1 1 3 3 2 0 1 1 3 1 4 1 3 2 2 2 0 4 3 2 3 2 3 1 3 4 1 4 3 1 1 1 3 2 1 2 2 1 4 3 3 1 1 3 1 1 3 2 2 0 3 2 4 2 0 2 1 4 3 2 1 1 1 1 1 2 2 2 3 1 2 0 1 3 1 2 4 2 5 4 3 2 2 1 2 3 2 0 1 1 1 5 2 2 3 2 1 2 4 2 0 2 1 2 3 1 2 0 3 2 2 1 1 1 1 2 2 1 2 2 3 1 1 4 2 0 1 3 3 3 2 0 2 1 2 0 2 3 3 1 2 3 3 5 1 3 2 2 1 1 3 3 2 1 0 1 2 1 1 4 1 4 1 2 1 1 2 3 0 1 0 3 1 1 0 2 2 1 2 2 2 1 1 2 4 1 3 2 0 2 2 2 2 1 1 3 4 1 3 1 2 3 3 0 1 4 2 3 0 2 1 4 4 0 1 0 2 2 2 3 1 0 1 0 4 1 3 1 5 1 1 2 2 1 2 1 1 3 1 3 2 1 2 2 3 1 1 3 0 1 2 8 2 1 1 0 3 0 2 2 5 1 3 2 0 3 0 5 4 2 3 1 0 1 1 1 3 2 4 1 2 2 2 1 1 1 1 2 2 2 2 1 5 3 2 0 2 1 2 2 3 0 4 6 4 2 1 2 0 2 2 2 1 0 4 0 2 2 2 3 3 3 4 0 0 2 2 2 1 4 6 2 0 2 3 3 4 1 1 2 1 2 2 1 2 3 3 0 1 3 2 1 1 2 3 0 0 2 1 0 0 3 4 2 3 3 1 2 1 3 1 1 2 2 5 2 1 1 3 0 1 2 1 4 2 1 1 0 1 1 3 2 6 3 0 4 3 1 5 4 1 0 1 0 0 1 3 3 2 1 2 1 1 4 6 1 1 1 0 0 2 4 0 2 5 2 1 1 3 3 2 2 1 0 3 3 3 2 3 3 0 5 3 1 1 2 4 0 0 1 1 2 0 5 0 2 2 0 3 5 2 3 1 0 3 1 3 1 4 2 3 1 0 0 1 1 0 0 1 0 1 3 3 3 1 3 1 2 3 2 3 1 0 2 4 2 2 0 1 2 4 1 4 1 1 1 1 3 2 1 2 1 2 2 3 1 3 3 2 3 1 2 4 0 2 3 4 2 1 2 2 2 3 1 1 2 3 3 4 2 1 3 2 1 1 1 0 1 4 0 0 2 0 3 2 1 1 2 2 3 1 4 0 2 4 2 2 2 0 3 2 3 4 1 0 3 3 4 3 2 3 2 2 1 5 0 0 3 2 5 4 2 4 1 1 6 0 2 2 4 0 1 3 2 2 1 3 3 2 3 0 2 4 2 1 0 2 1 1 1 7 1 3 1 1 2 0 2 3 1 1 4 2 3 2 1 4 2 4 2 2 1 3 3 2 1 1 1 2 2 1 0 2 5 3 2 1 4 1 3 3 2 2 1 1 1 1 1 5 1 1 5 5 3 1 2 0 1 2 1 2 1 2 3 1 3 2 2 1 2 1 7 3 3 2 2 2 2 3 0 1 0 1 2 0 1 2 3 0 2 3 2 1 3 0 1 5 2 2 1 0 0 1 1 4 3 1 1 4 1 2 0 1 3 3 4 2 3 0 1 0 1 1 1 1 2 3 4 2 2 4 3 2 1 2 1 2 3 2 0 2 2 2 2 3 2 0 2 3 1 4 2 2 1 2 1 1 1 2 2 6 1 0 2 1 3 1 3 1 2 1 2 1 4 0 3 1 2 1 1 2 1 3 4 6 1 1 0 2 1 2 1 4 2 1 4 3 3 0 0 2 1 0 0 2 3 0 2 2 0 0 0 0 0 3 2 4 1 3 3 1 3 1 1 1 2 2 1 0 1 3 2 2 1 3 1 2 4 4 0 1 1 2 3 2 4 1 3 1 2 3 0 1 6 3 4 4 2 1 1 3 1 3 4 3 1 1 1 2 2 2 2 3 3 0 0 1 1 0 0 2 2 3 2 2 2 5 4 0 4 0 2 0 2 0 3 2 1 1 2 3 1 2 1 1 0 2 4 2 1 2 4 5 1 1 2 0 1 4 5 3 2 1 4 2 1 1 3 4 3 1 3 1 1 4 1 1 0 4 3 1 3 3 3 3 1 4 1 4 0 3 0 1 4 0 2 1 2 2 3 3 4 1 1 2 0 1 2 4 4 1 3 1 1 0 4 3 4 2 2 1 0 4 5 4 1 2 0 2 2 2 3 2 4 2 2 3 2 2 0 1 3 1 3 1 6 2 0 2 0 3 2 2 4 2 3 2 0 2 4 1 0 4 6 0 2 1 4 2 3 1 4 1 2 1 2 1 2 1 2 1 1 0 3 3 2 2 1 4 1 4 1 1 1 3 2 4 2 3 1 4 1 3 2 1 5 6 2 3 2 3 0 1 1 2 1 2 1 2 2 1 2 2 4 3 0 1 3 1 2 0 0 4 6 3 2 2 1 1 2 1 3 2 0 5 5 2 2 3 1 0 0 0 3 3 2 4 2 4 1 1 3 3 2 5 1 5 0 1 4 2 1 0 3 3 1 3 1 0 1 2 1 4 0 2 1 5 1 2 0 2 4 3 1 2 2 3 1 2 3 2 3 1 1 1 7 0 2 3 4 3 2 4 0 3 1 1 3 1 1 1 3 4 3 5 0 2 3 3 2 1 2 2 2 1 3 2 1 3 2 2 4 4 1 0 1 4 1 3 3 0 1 3 3 2 3 2 1 0 1 2 1 3 0 2 3 0 2 3 3 2 1 0 1 3 2 2 4 1 2 3 1 1 1 2 1 2 3 4 0 1 2 4 0 1 0 0 3 2 5 1 3 3 1 1 2 4 1 3 1 1 1 2 1 1 2 1 2 4 2 2 2 2 2 3 5 3 3 7 0 3 1 1 3 1 2 2 3 1 2 4 0 1 2 4 1 1 1 1 0 2 1 4 1 1 2 2 1 1 1 1 1 3 2 3 3 1 1 2 1 2 3 2 0 1 2 4 2 1 2 2 2 3 2 2 1 1 2 4 1 3 3 2 2 2 1 1 1 6 3 1 3 1 2 2 1 2 4 1 2 1 0 2 1 1 2 1 3 7 4 2 2 3 1 1 2 1 1 1 2 1 3 2 3 1 1 3 1 2 2 1 2 0 0 1 0 5 3 2 3 2 1 1 2 3 2 4 0 1 3 0 3 4 0 1 2 2 3 2 3 3 3 3 2 1 1 2 1 4 2 2 1 3 2 2 1 1 1 0 3 2 1 4 4 2 1 2 1 1 2 2 1 1 1 2 5 2 1 1 1 4 0 3 3 3 1 2 3 1 1 0 3 0 1 2 3 4 1 2 4 1 1 0 1 3 0 1 2 3 1 4 2 5 1 1 3 3 4 4 0 1 1 1 3 0 5 0 3 0 3 1 2 3 2 2 2 1 1 1 1 2 2 1 0 1 1 1 3 2 0 1 2 4 1 4 4 3 1 3 0 1 3 4 4 2 2 1 3 1 3 4 2 2 2 3 2 1 2 3 1 0 1 1 1 2 3 0 1 1 2 4 4 1 2 1 1 2 4 2 0 1 1 8 2 3 2 3 1 0 2 2 1 4 3 3 2 2 1 0 1 1 0 1 2 0 1 3 1 0 1 4 1 0 1 3 3 3 3 2 1 2 5 3 3 0 2 2 2 1 3 2 1 1 1 2 1 0 2 0 2 8 1 3 1 3 2 6 3 5 0 2 2 0 2 0 4 0 3 4 2 3 2 4 2 1 1 3 1 3 0 0 2 1 3 3 1 1 3 3 2 1 1 2 3 5 2 0 1 3 0 2 1 0 0 1 6 1 1 0 2 1 2 1 1 4 5 3 1 1 3 1 0 5 2 3 0 2 0 6 3 4 1 0 1 3 1 2 2 1 3 0 2 3 3 4 2 2 2 3 1 1 1 2 3 1 6 3 1 1 2 3 2 4 3 4 1 1 2 3 1 2 2 1 1 7 1 1 1 1 4 2 1 1 5 1 1 3 3 1 1 4 2 2 3 2 5 2 3 3 1 0 2 5 1 3 1 0 5 1 1 2 3 2 2 4 2 3 0 1 2 4 4 1 1 2 0 0 3 1 2 4 5 4 3 0 4 3 0 3 2 0 2 1 4 0 1 3 3 4 1 0 2 1 2 0 3 7 1 2 2 1 3 1 2 1 0 1 2 5 3 3 1 3 1 2 1 3 1 2 3 5 0 2 1 2 2 1 4 6 1 1 2 4 0 4 1 1 2 1 0 2 4 2 3 2 2 1 2 3 5 2 0 3 0 2 7 1 2 2 1 5 0 3 2 4 1 1 2 3 1 4 3 0 1 2 5 0 3 3 2 3 1 4 3 0 3 2 3 1 0 2 2 0 4 1 2 1 1 5 2 1 2 1 1 3 2 2 0 2 1 0 2 4 1 0 2 2 0 1 3 1 2 2 2 2 2 2 2 0 5 3 3 1 2 3 0 2 3 3 0 1 2 2 5 2 3 1 1 2 0 1 5 3 1 1 3 2 0 2 2 4 2 4 4 1 3 1 1 2 1 2 1 1 3 0 2 3 0 4 3 0 4 2 1 3 0 3 1 3 0 1 1 0 3 3 3 1 3 4 1 0 1 1 1 2 4 1 8 2 1 1 2 1 6 1 4 0 1 4 0 1 1 2 1 3 3 3 1 2 2 5 3 0 2 3 3 2 3 1 1 4 2 1 0 0 2 2 2 2 2 3 1 4 2 0 1 1 2 4 0 3 1 2 3 4 3 2 5 1 2 4 1 1 1 1 2 1 2 1 0 2 0 1 4 4 5 5 0 3 0 3 0 1 4 1 1 2 2 1 2 3 2 2 2 1 0 2 2 1 2 4 3 0 4 1 2 2 0 0 3 0 1 0 3 1 3 1 1 3 4 1 3 2 3 0 2 1 4 1 1 2 2 2 3 2 1 4 3 2 1 1 1 3 3 2 2 2 2 2 2 4 2 1 3 6 4 1 3 1 0 5 1 0 1 1 1 2 5 2 2 5 0 2 0 1 2 0 2 1 2 3 3 1 4 1 1 3 2 2 2 1 1 1 4 2 1 3 2 2 0 2 2 0 2 2 0 0 5 2 5 1 1 3 0 1 1 4 1 1 2 2 2 2 3 1 3 4 4 1 1 0 2 1 1 1 1 1 1 0 2 4 2 2 4 3 0 1 1 0 2 5 2 3 3 3 1 2 2 1 2 3 1 1 1 3 2 6 0 5 1 1 0 1 2 1 0 4 4 0 1 5 2 0 2 2 1 1 1 2 2 2 1 1 4 0 3 4 0 2 2 1 4 3 3 1 3 0 3 2 1 5 0 5 3 1 0 1 3 2 4 2 1 2 2 1 0 1 1 3 3 6 3 1 1 4 2 3 4 2 4 1 0 4 2 1 0 0 5 4 2 3 1 0 1 2 1 4 2 0 1 3 3 1 4 1 4 1 3 3 1 1 2 0 1 2 1 1 0 4 2 1 3 4 0 3 3 0 1 3 3 3 3 0 1 0 2 2 2 2 2 3 7 1 0 1 2 2 3 0 4 4 0 5 2 3 3 3 2 1 4 4 0 2 3 4 3 0 3 1 3 3 1 2 4 3 3 1 2 1 2 1 1 1 2 2 1 3 3 2 0 4 0 3 2 2 1 1 2 5 2 0 0 1 1 3 3 1 1 2 1 0 2 1 1 3 2 4 3 3 2 2 2 1 2 2 3 0 2 1 5 5 3 1 2 4 3 1 1 3 1 2 3 1 3 0 0 2 2 0 3 1 6 3 6 0 2 1 3 0 2 2 0 3 0 3 3 4 0 1 4 0 2 1 2 3 4 1 5 4 3 6 1 3 2 2 3 4 1 1 1 3 1 4 0 3 3 0 2 4 2 1 2 0 1 1 2 1 2 1 0 3 1 2 2 2 0 0 3 3 4 2 1 1 4 3 1 2 1 4 0 2 1 0 1 1 2 3 0 1 0 1 3 2 1 2 4 4 2 0 0 0 6 2 2 0 2 1 2 2 1 0 3 2 4 2 2 5 0 3 2 1 3 4 4 0 0 1 2 4 0 2 1 3 2 2 4 5 2 1 2 3 1 6 1 0 0 2 4 1 3 2 2 3 3 1 3 3 1 4 1 4 3 5 1 2 0 2 1 0 2 3 0 2 1 2 2 2 4 1 3 4 0 4 0 5 1 2 1 0 3 1 4 2 3 3 1 2 2 0 2 1 1 1 2 1 3 1 3 0 0 3 0 1 2 3 3 2 3 0 2 0 1 0 2 6 1 2 1 1 1 1 1 1 2 2 2 3 2 0 1 2 3 1 0 1 3 1 2 2 0 2 0 2 3 4 2 1 4 2 3 1 0 4 3 3 3 1 3 2 2 2 0 3 3 2 1 1 3 2 2 2 0 1 1 5 1 2 3 1 2 2 1 1 3 3 2 1 1 2 4 1 3 0 1 3 0 0 5 3 0 1 1 0 4 1 3 3 1 1 2 2 3 1 0 1 7 4 0 0 0 3 2 4 4 0 1 3 1 3 2 4 1 0 2 0 1 2 0 3 0 0 2 4 1 2 2 2 6 3 2 1 2 2 2 5 1 2 2 2 3 1 3 3 2 3 0 5 0 0 2 1 0 3 3 0 2 0 2 1 1 4 1 0 0 1 4 2 2 0 0 1 1 3 1 0 0 2 2 3 5 4 1 1 1 1 0 1 4 7 2 3 3 2 2 2 3 2 1 2 1 2 5 1 2 2 3 2 1 1 1 1 0 2 4 4 3 2 4 1 2 0 1 0 2 3 3 4 3 2 0 0 2 3 4 3 1 2 0 1 2 4 0 2 3 1 2 1 3 3 3 2 4 1 1 0 1 4 1 0 5 2 1 2 3 1 2 3 0 1 5 2 2 3 2 1 1 2 1 3 0 2 0 5 1 4 3 3 4 0 1 0 5 2 1 5 4 2 1 2 3 1 0 0 3 3 4 2 2 1 2 1 3 3 1 1 3 3 6 0 1 2 2 3 0 0 2 3 1 3 3 3 4 3 2 0 1 2 1 2 2 1 4 2 0 2 1 1 4 0 1 2 1 2 2 3 2 3 2 4 4 3 2 2 1 2 0 3 1 1 3 2 3 1 1 0 1 3 0 2 3 2 1 2 1 1 0 3 3 3 4 2 3 4 2 1 1 3 0 4 0 2 2 4 0 0 3 2 2 2 0 6 1 1 4 0 6 3 2 2 1 4 2 3 1 1 1 3 0 4 5 4 1 2 2 3 1 1 2 5 1 0 1 0 4 2 2 2 3 2 1 1 2 0 1 1 4 2 2 4 1 1 1 4 4 3 3 2 3 3 2 5 0 6 1 2 0 1 2 1 2 2 4 1 2 1 5 1 2 1 1 0 3 5 2 2 0 2 3 2 1 1 1 1 4 1 1 4 1 5 2 0 6 1 4 0 2 5 1 2 5 1 1 0 3 2 4 1 3 1 3 4 1 3 2 3 1 1 4 0 3 2 1 3 4 2 2 2 2 1 2 2 1 0 3 0 1 3 1 1 3 4 2 0 2 0 1 0 5 1 2 2 1 2 2 2 1 1 2 2 1 5 3 1 1 0 3 1 1 2 4 4 0 3 0 0 2 2 2 2 1 3 2 3 0 1 3 2 1 2 2 6 2 4 2 0 0 3 0 2 1 3 3 1 1 4 3 2 0 3 1 3 2 2 0 2 5 2 0 3 1 0 1 0 1 1 2 1 5 2 1 3 2 0 3 1 1 0 0 2 2 0 4 2 3 2 3 1 1 1 1 1 1 3 1 0 4 0 3 1 3 2 5 4 2 1 1 1 5 2 0 2 2 3 1 3 3 4 3 0 1 3 3 2 1 3 2 4 1 0 4 0 2 2 2 0 4 7 3 2 1 1 2 0 1 2 2 2 3 3 3 3 4 0 2 0 3 3 0 3 4 2 1 2 2 3 1 1 3 3 0 2 2 1 1 1 3 2 2 2 1 0 3 2 4 3 1 1 2 1 2 1 2 0 1 2 3 2 1 3 3 1 2 2 3 2 2 1 2 1 2 2 2 2 5 0 1 3 0 3 1 3 0 2 0 2 2 1 0 2 2 5 2 2 1 4 0 2 4 3 2 1 1 1 1 4 3 3 2 2 2 7 3 2 2 2 3 1 1 4 1 2 4 0 2 4 0 0 3 2 2 1 2 4 1 2 2 1 0 1 3 2 4 6 0 0 3 3 4 1 1 2 2 2 1 1 1 3 2 3 1 0 1 0 2 0 2 3 4 3 2 2 2 1 2 0 3 0 5 0 4 2 2 0 2 5 2 2 3 3 0 2 5 1 2 3 0 2 1 5 2 0 1 1 3 2 1 0 3 5 4 2 2 1 1 2 6 1 2 3 2 0 4 2 1 2 2 4 0 1 5 1 0 3 7 2 0 1 0 2 2 4 2 1 1 3 3 0 0 2 0 3 1 1 3 0 6 2 1 2 0 1 2 1 2 1 0 2 4 2 1 5 0 0 3 2 4 1 1 0 1 2 1 3 2 4 3 3 2 3 3 1 1 1 3 4 4 3 0 0 4 0 1 2 1 1 1 6 1 3 1 5 1 3 1 4 0 3 0 3 2 3 1 1 2 1 1 2 3 1 0 2 0 0 2 3 0 3 2 2 2 1 2 1 3 1 2 5 2 1 1 0 0 4 1 2 1 1 1 3 1 2 2 1 1 1 0 4 3 1 2 1 0 1 3 3 0 2 3 1 1 1 1 3 2 3 4 2 3 4 1 3 2 2 1 0 1 3 3 1 6 0 3 1 3 1 0 0 1 1 0 1 2 1 3 1 4 1 1 0 2 3 1 1 1 2 1 1 0 2 0 2 5 2 2 1 1 5 2 4 5 6 2 2 2 0 1 0 1 1 2 2 4 2 1 2 1 1 0 3 1 0 3 1 5 0 3 2 2 0 0 3 1 3 4 2 0 3 0 0 3 3 2 0 2 2 5 0 3 4 0 0 1 3 2 1 0 1 2 4 3 0 2 1 4 3 0 1 0 3 5 4 1 3 2 0 1 3 1 1 0 4 1 1 2 2 0 1 3 1 6 2 3 3 1 1 2 2 2 5 5 4 5 1 3 3 1 2 2 2 2 1 2 4 2 0 0 2 2 0 2 0 2 2 0 1 3 2 2 2 5 1 5 1 2 3 3 2 0 0 2 4 3 2 6 1 0 0 0 4 1 2 1 4 3 2 3 2 2 1 5 2 2 4 0 0 2 2 4 2 1 2 1 4 0 2 1 4 2 1 3 3 1 6 3 0 3 5 2 4 0 1 1 1 1 4 4 4 2 0 2 3 1 3 2 0 3 2 3 2 0 2 1 1 1 2 4 3 0 4 3 1 2 0 0 0 6 2 2 0 5 5 3 2 0 0 0 1 5 1 1 0 4 2 3 4 1 3 0 2 0 4 2 3 1 4 1 0 1 0 5 1 2 2 2 1 1 0 3 2 3 2 3 2 4 2 2 0 4 0 3 1 2 4 4 0 5 1 4 2 3 2 1 1 5 5 1 1 3 1 1 2 0 5 0 3 3 1 3 1 2 0 1 3 3 1 2 2 2 2 2 0 1 1 1 2 2 0 1 2 1 3 2 2 3 1 4 3 0 2 2 1 3 1 0 1 1 3 2 1 0 1 2 1 2 1 5 2 1 1 1 0 0 1 2 1 3 4 1 0 3 1 3 4 3 3 1 3 0 0 1 2 0 2 4 2 4 1 2 3 0 3 2 1 3 4 1 2 1 1 2 4 3 4 0 4 1 3 2 2 1 5 3 2 0 1 3 0 2 0 2 1 3 0 2 1 3 3 1 0 3 5 2 0 2 2 0 0 1 5 3 0 1 1 2 4 1 1 2 1 2 1 2 4 3 2 1 3 4 2 0 2 3 2 2 1 1 0 3 2 2 1 3 2 1 2 0 1 0 3 2 0 2 3 2 0 2 5 2 0 1 2 0 2 2 4 0 0 1 0 6 4 4 2 0 2 2 1 1 3 4 2 1 0 1 1 3 3 2 1 2 2 1 0 0 1 4 0 2 2 2 1 2 3 1 2 3 2 0 1 3 0 3 3 3 1 1 1 1 4 1 3 2 0 3 4 5 3 5 2 2 1 0 1 1 1 4 2 3 5 3 1 3 1 0 4 2 0 1 1 1 3 3 0 2 4 2 0 3 2 1 0 2 4 3 3 0 2 4 4 0 1 0 3 4 3 2 3 1 2 3 0 3 1 4 5 2 1 1 1 0 3 3 2 1 2 1 3 2 2 1 2 1 5 0 0 3 4 1 3 2 3 2 1 3 4 2 0 2 0 3 2 3 1 1 3 1 0 3 1 1 2 1 3 0 2 3 1 0 0 0 1 2 2 1 0 2 3 1 4 2 4 2 3 3 1 2 1 1 5 0 3 1 3 0 2 2 3 3 3 1 2 1 1 3 2 3 3 0 0 0 3 3 2 3 2 1 1 0 2 2 1 2 3 0 1 0 2 4 6 3 1 1 1 3 4 4 0 2 1 0 3 3 2 5 3 4 4 2 1 0 3 3 5 2 0 1 4 0 1 2 3 5 2 1 3 1 0 5 1 0 3 0 3 2 3 0 2 1 1 1 2 2 2 3 4 4 0 2 0 0 3 3 1 3 3 0 0 2 0 2 1 5 1 1 0 3 2 2 2 2 0 4 3 1 2 3 0 4 3 0 0 1 2 2 2 2 2 3 6 0 0 2 1 4 2 2 2 0 2 1 2 1 1 2 1 2 3 4 2 1 1 2 3 5 1 1 2 2 2 1 3 1 0 0 1 2 2 7 1 1 3 3 1 2 1 2 1 4 1 1 2 1 3 3 1 2 1 1 2 2 3 3 2 1 1 4 1 3 2 0 2 2 2 3 3 2 2 1 2 1 4 2 2 3 0 2 1 2 1 1 1 2 2 3 3 3 0 6 2 1 4 2 0 1 2 1 1 3 3 4 0 1 5 1 1 1 3 0 2 2 1 2 1 1 1 1 1 6 1 0 1 1 4 2 2 2 2 1 1 2 2 2 1 1 0 2 3 5 1 0 0 2 2 3 1 2 4 4 2 0 4 0 3 1 1 1 7 2 4 2 3 2 1 1 6 3 2 3 2 2 2 2 4 4 1 1 1 2 3 4 1 3 1 3 1 0 5 1 1 3 1 3 1 3 2 2 4 1 2 1 0 1 2 3 3 0 1 2 2 4 1 1 4 3 3 2 0 1 6 1 4 1 1 3 4 1 0 1 0 1 2 3 4 4 3 1 1 2 1 3 3 2 0 4 0 1 1 2 1 1 1 1 0 1 2 1 4 2 3 4 4 3 3 1 4 0 2 1 3 1 1 1 5 3 2 2 3 2 0 0 4 0 3 2 2 2 1 3 1 3 1 0 4 0 2 3 1 2 6 0 2 2 2 6 4 0 1 3 1 2 3 0 3 1 3 3 3 2 3 3 0 2 2 0 2 1 0 5 4 1 4 1 3 4 1 0 2 1 0 3 1 3 1 2 5 1 1 3 1 1 2 2 2 3 1 3 4 1 1 3 1 2 3 3 2 0 2 1 4 2 0 1 1 1 1 6 3 1 3 2 3 2 2 2 2 1 3 2 1 1 0 4 2 1 4 2 3 1 1 2 2 3 0 1 2 3 2 2 2 1 2 1 1 1 2 0 3 3 3 2 2 5 1 3 1 3 2 0 3 1 1 1 1 2 0 2 2 2 2 1 2 3 4 2 0 2 3 3 2 4 3 0 2 1 1 3 0 0 1 2 3 2 2 4 2 1 3 1 7 3 2 0 1 3 2 2 1 1 1 1 4 2 2 0 0 4 1 2 0 2 2 1 2 0 3 1 2 3 0 2 0 0 1 0 1 0 5 1 3 0 4 1 3 1 0 4 2 1 3 2 3 3 3 2 1 4 3 0 4 0 2 1 1 5 2 1 1 1 2 1 3 1 5 1 2 1 1 0 2 2 0 3 3 3 1 2 3 1 2 3 2 3 1 4 1 0 2 1 2 4 2 3 2 1 3 4 0 0 2 4 3 1 2 2 0 4 0 1 1 0 2 2 3 3 1 1 2 1 1 2 2 1 2 3 0 3 1 2 0 3 1 1 0 1 2 1 1 1 2 2 0 0 3 2 0 4 2 1 2 2 1 2 0 3 0 0 4 1 4 1 3 1 2 2 6 3 3 3 0 0 2 2 1 3 1 3 1 2 1 2 3 1 3 2 3 2 2 0 3 0 2 2 1 2 2 5 2 3 2 3 1 1 2 0 2 1 3 2 2 1 2 0 4 2 1 2 2 1 1 0 1 2 0 0 4 3 4 0 3 2 1 2 3 2 1 1 2 2 0 2 2 3 3 2 2 2 2 0 1 4 5 4 0 1 3 1 1 5 3 3 3 0 2 2 0 4 3 2 3 1 0 1 2 3 4 3 3 3 3 6 1 1 5 2 2 2 1 4 1 1 2 4 5 1 2 0 2 1 3 1 2 3 3 6 3 0 0 1 1 0 2 0 4 4 0 3 2 3 3 2 5 1 4 1 1 3 2 4 1 0 1 2 2 3 2 2 2 3 1 2 3 4 1 0 0 1 0 2 2 1 2 3 3 0 2 5 1 2 1 2 4 2 3 2 3 1 3 1 3 3 3 0 0 1 5 1 2 3 0 3 2 2 3 0 1 2 1 5 3 1 4 4 2 1 1 1 3 1 1 1 2 0 2 1 0 0 1 0 2 0 4 1 2 2 3 0 3 2 2 3 3 4 2 5 2 3 3 0 0 1 0 6 1 1 3 3 2 0 4 5 5 1 0 2 2 2 0 1 2 1 3 6 2 1 4 3 1 1 2 2 1 4 3 1 2 1 4 0 3 1 0 1 4 0 0 0 1 2 0 2 0 1 1 5 0 0 2 3 0 2 2 1 3 0 2 6 2 2 1 0 6 1 0 1 1 2 2 0 3 2 3 0 5 3 3 2 2 1 1 1 1 5 1 2 1 1 3 5 3 2 6 0 2 1 0 4 3 4 3 2 1 1 2 2 1 3 2 2 1 3 4 4 0 0 1 2 5 2 4 1 2 4 2 3 3 1 4 0 1 5 2 5 3 1 2 0 2 0 3 2 3 0 3 2 0 3 0 2 4 4 2 0 1 1 4 3 2 5 2 3 1 3 3 3 1 1 1 3 4 2 3 2 4 0 2 1 4 1 1 1 4 0 3 0 1 1 4 1 1 3 1 3 2 4 2 1 0 2 1 2 2 2 3 2 1 2 1 1 1 2 2 3 4 2 3 4 1 5 0 1 3 2 1 1 2 1 3 3 3 1 7 2 2 0 1 0 1 1 0 3 3 2 4 1 0 2 0 3 2 0 0 0 7 1 0 4 2 1 2 3 3 2 2 2 4 1 2 2 3 6 3 1 3 3 3 1 2 0 2 4 2 2 4 4 1 2 1 1 1 2 4 0 2 4 3 1 2 2 0 0 2 1 7 4 3 1 2 1 2 2 4 5 3 2 0 2 3 2 0 3 2 1 0 4 1 2 2 0 1 2 1 3 4 2 0 2 0 4 3 1 2 3 3 3 2 1 3 2 1 3 3 1 1 1 4 3 3 3 2 2 1 2 2 0 1 1 1 4 2 2 3 2 2 2 5 3 2 0 1 1 1 3 2 0 1 2 3 3 3 3 3 0 2 1 2 3 2 2 4 1 0 1 2 4 1 4 0 1 1 4 1 0 2 4 3 2 1 6 1 2 2 1 2 3 2 2 1 0 4 1 5 0 1 5 2 1 0 2 4 2 2 0 1 2 1 2 3 2 2 3 1 4 0 1 0 1 2 3 4 4 2 1 0 0 4 1 1 4 2 0 2 1 2 1 0 1 1 0 3 0 2 3 1 3 2 0 2 2 3 3 1 2 4 2 2 1 2 4 1 6 1 2 1 1 2 4 1 0 0 3 1 3 4 0 3 1 1 2 1 2 0 2 3 1 3 5 3 6 4 2 2 1 1 1 0 1 2 0 1 6 1 3 1 1 0 3 3 0 4 0 2 1 2 3 1 3 1 2 2 2 1 3 3 1 4 1 3 0 1 3 3 1 0 2 2 2 2 2 1 2 1 0 2 2 1 4 2 1 2 5 1 5 0 4 1 0 1 0 3 0 4 2 0 2 2 4 1 1 2 0 2 1 1 0 2 4 3 1 1 1 2 3 2 5 2 2 1 0 3 2 9 3 4 1 0 3 2 0 1 4 1 3 1 4 1 1 3 0 4 1 0 5 2 0 3 1 2 5 1 0 3 0 4 1 1 2 4 2 1 2 3 5 2 1 0 4 2 1 2 2 4 1 2 1 0 3 4 1 6 1 3 3 0 3 3 0 2 1 2 3 2 0 2 3 2 0 2 3 4 0 1 1 3 1 2 2 4 3 3 0 3 3 1 1 2 1 1 1 3 1 1 4 4 1 0 1 3 2 1 3 1 0 0 3 1 0 0 2 3 1 3 3 2 4 3 2 3 2 1 1 4 2 3 3 2 4 1 2 2 2 1 2 0 1 1 6 3 1 2 1 1 0 2 0 4 7 3 0 2 3 0 1 3 2 2 2 5 0 5 2 2 2 3 2 1 1 2 0 3 0 3 3 2 0 3 0 3 3 3 3 3 1 0 1 3 3 0 4 5 1 1 1 1 4 2 2 3 3 0 1 2 3 4 1 3 1 2 1 2 0 3 2 1 2 3 1 0 2 3 1 4 2 2 1 3 1 1 1 2 0 1 3 1 4 1 3 0 4 4 1 0 0 2 3 0 1 1 2 0 3 2 2 4 0 0 5 2 1 5 2 0 1 1 2 2 3 2 3 3 1 3 1 4 3 1 1 1 1 4 2 3 2 2 3 0 3 1 1 0 3 3 1 1 1 2 2 0 1 3 2 1 1 3 1 2 3 2 4 1 4 2 2 2 1 1 4 1 2 1 1 3 2 2 1 2 3 3 0 1 1 0 3 4 2 3 0 3 2 2 1 1 2 3 3 1 1 1 5 0 1 2 0 1 3 1 1 1 2 3 2 2 1 1 3 2 4 0 2 3 2 2 2 0 1 0 4 2 3 1 3 4 1 3 1 2 2 2 3 1 6 1 0 1 2 1 1 6 4 0 1 1 1 1 4 2 4 3 5 1 1 0 2 1 6 2 1 2 2 0 1 2 1 1 1 2 1 4 2 3 4 0 6 1 4 3 1 4 1 5 5 0 1 0 0 1 1 2 2 3 2 2 1 2 2 4 2 1 1 4 1 3 4 2 1 1 1 4 2 1 3 1 3 3 2 1 6 1 1 4 3 1 1 1 0 4 4 2 0 1 2 0 1 2 2 0 2 4 0 1 1 3 3 2 1 6 1 2 5 2 2 0 3 4 1 1 2 0 1 4 4 0 2 1 1 2 2 2 5 1 1 2 0 3 1 2 2 3 3 2 1 2 4 2 3 2 0 1 1 0 1 1 2 2 4 1 2 2 2 1 2 3 2 0 2 1 5 2 3 3 1 0 3 6 1 2 4 3 0 1 0 3 3 2 1 3 1 3 5 2 0 4 0 1 3 4 3 3 3 0 2 2 2 0 3 3 0 1 1 3 1 4 2 1 4 0 1 1 0 1 0 3 3 0 0 1 2 5 3 2 3 1 1 1 1 0 0 1 6 2 2 1 0 0 2 5 2 2 1 0 0 1 1 3 6 3 3 2 1 0 2 4 1 1 3 2 2 1 4 2 3 2 2 0 7 0 2 0 0 2 4 3 3 2 0 2 2 3 1 1 1 4 3 1 4 1 3 1 1 1 1 4 2 6 3 0 2 0 0 0 2 1 4 1 1 3 5 2 4 0 4 3 3 0 2 1 4 2 0 1 2 0 1 0 0 3 3 4 1 4 2 3 2 1 0 3 2 0 3 0 4 0 4 1 2 1 3 3 4 2 3 1 2 1 1 2 0 3 4 2 2 2 0 1 4 1 3 3 5 1 0 3 1 1 3 2 0 0 1 1 5 3 2 2 3 0 0 2 2 4 2 2 3 0 4 1 2 2 4 4 0 4 1 4 3 0 1 0 5 0 2 5 1 0 2 5 1 1 3 3 2 0 2 2 3 1 2 1 0 4 5 2 2 4 2 3 3 1 0 5 4 3 3 0 0 2 0 1 2 3 2 3 2 4 2 1 4 4 0 2 2 4 0 1 0 1 1 3 0 2 4 2 1 4 3 4 2 5 1 3 1 2 1 0 1 1 1 0 2 2 2 2 0 1 3 0 2 0 1 2 3 2 3 1 2 1 4 0 2 2 1 2 2 3 2 2 4 3 2 4 0 2 4 5 1 1 3 1 0 4 1 2 2 2 0 1 3 2 2 1 1 5 0 2 1 1 4 1 3 1 4 2 2 2 2 2 5 2 3 2 1 0 4 4 0 0 2 2 3 0 2 3 1 3 2 0 0 1 3 2 0 3 2 1 1 3 0 3 6 4 1 2 2 2 0 0 1 4 2 0 3 0 4 0 4 1 1 4 0 2 2 2 2 2 0 1 0 2 4 3 1 1 2 1 2 3 3 0 4 3 0 1 1 1 0 2 4 4 2 1 2 3 1 0 2 1 1 3 2 3 1 2 2 3 0 3 2 2 1 0 0 1 3 3 1 1 1 3 0 6 4 0 2 1 2 1 2 3 2 1 2 0 2 2 2 3 2 1 1 3 1 4 3 1 1 2 0 4 4 1 1 3 3 2 4 2 1 2 0 3 4 1 2 3 2 2 2 1 4 1 2 2 2 1 2 1 1 3 2 0 0 2 1 3 2 3 1 1 0 3 1 3 2 2 3 1 2 4 3 1 2 3 0 0 1 0 2 1 5 2 2 3 2 1 3 2 5 1 3 1 0 3 5 0 1 4 3 3 0 3 3 1 4 0 2 2 1 3 3 0 1 6 3 1 3 2 2 0 3 3 1 1 2 5 0 2 0 1 0 2 3 1 1 1 2 1 2 3 1 2 4 1 2 4 3 1 2 2 0 0 2 3 4 1 0 2 2 2 6 2 3 2 2 3 0 1 0 0 0 1 6 3 1 1 3 1 2 1 4 3 0 1 2 4 3 2 1 1 2 4 0 3 0 0 1 1 2 3 1 3 2 0 1 2 1 0 1 4 3 5 0 0 4 0 3 0 0 3 2 0 6 0 5 1 3 4 3 1 1 0 2 1 3 1 3 4 2 0 1 2 2 3 3 0 1 3 1 2 2 7 2 1 1 1 1 2 3 5 1 2 2 1 1 1 1 2 4 2 3 1 2 5 0 5 2 3 1 2 0 1 3 1 3 1 2 0 3 0 1 2 1 0 2 3 2 2 4 1 0 2 1 2 2 1 1 2 4 2 0 2 2 1 0 1 7 4 4 3 2 0 4 2 1 4 0 5 3 1 3 2 8 0 3 3 1 2 2 1 3 0 1 1 2 0 3 3 2 2 1 4 3 4 2 2 2 3 1 0 0 2 2 1 2 1 4 1 3 4 4 2 3 1 2 1 0 2 3 1 4 1 1 2 1 3 3 1 0 5 3 1 1 2 3 2 2 3 4 3 0 3 0 3 3 1 4 1 3 3 2 3 0 0 4 1 5 1 3 1 0 4 3 2 1 3 1 2 2 1 1 1 1 2 3 1 1 4 3 1 2 3 2 3 1 0 0 0 1 1 6 2 0 3 1 3 4 1 4 2 2 5 0 1 3 2 2 2 0 4 2 1 3 3 3 0 1 4 1 2 2 4 0 2 1 2 2 2 3 0 0 0 1 2 1 4 2 2 2 5 4 0 0 2 2 1 1 2 3 5 1 2 1 0 1 2 1 6 2 0 1 2 1 3 2 1 4 2 2 2 3 3 1 1 1 1 3 0 2 2 2 2 0 2 2 3 1 0 5 0 1 0 3 6 3 1 1 0 2 2 2 4 0 1 1 4 1 3 3 4 2 1 3 6 1 2 1 1 3 3 2 5 1 3 3 1 1 1 4 3 1 2 2 2 3 0 3 6 1 1 4 0 1 1 0 5 2 2 5 3 2 2 2 3 3 1 5 6 4 0 2 1 1 0 1 3 2 1 0 0 2 5 2 4 2 2 2 2 0 1 1 2 2 2 2 3 4 0 2 2 3 1 1 1 0 2 2 3 2 2 4 4 1 1 2 5 2 2 8 1 1 1 2 2 5 1 2 1 1 4 4 1 0 1 4 2 2 2 1 2 4 2 1 4 2 2 3 2 3 0 3 0 1 3 1 5 3 3 2 1 2 1 2 2 0 4 2 1 1 6 2 2 1 0 3 4 1 0 4 0 3 1 2 3 1 4 3 1 0 2 4 4 2 1 2 2 0 3 4 2 2 0 3 1 0 4 2 2 5 4 0 3 1 2 3 1 1 5 1 1 2 3 3 1 2 2 4 3 3 1 1 2 1 2 1 2 1 1 4 3 3 3 1 2 3 1 2 2 2 1 2 4 3 1 0 1 2 2 2 2 2 0 3 1 1 0 2 4 0 3 2 1 6 1 2 3 1 2 0 4 0 3 2 2 1 3 0 2 4 3 2 0 1 2 3 1 0 1 2 0 3 2 2 1 1 2 3 3 1 3 4 2 1 2 3 3 4 3 0 1 3 3 3 3 1 1 3 3 4 2 5 3 2 3 3 2 4 2 2 4 2 1 3 1 1 1 2 1 1 3 0 3 0 3 4 0 2 2 1 5 0 0 3 2 2 2 3 2 1 2 2 1 3 2 0 4 0 1 1 1 1 5 2 1 1 0 2 0 0 3 2 1 3 3 1 6 3 0 3 2 0 3 2 1 1 2 0 1 3 1 1 2 0 1 2 4 2 4 2 3 3 1 2 0 1 0 2 3 1 3 4 2 3 1 3 1 0 2 0 0 4 2 2 1 4 0 2 1 1 6 3 4 4 3 2 0 2 4 2 4 0 1 0 2 2 3 2 0 1 2 0 3 1 1 3 1 3 3 2 3 1 3 3 2 2 1 0 3 1 4 4 4 2 0 5 3 2 3 0 2 5 3 3 4 2 4 1 2 1 2 2 3 2 1 3 2 2 8 1 0 3 3 0 2 3 4 0 2 1 3 2 2 1 1 2 2 1 1 1 1 0 0 2 0 1 4 1 2 2 3 2 1 4 5 0 1 3 1 0 3 2 0 0 3 1 0 4 4 2 2 1 3 2 2 1 3 5 4 3 1 3 2 2 1 4 1 2 3 1 0 1 1 1 4 1 3 3 2 1 2 3 3 2 1 2 0 3 1 0 3 4 1 3 3 3 3 1 1 3 1 1 0 5 5 2 4 2 1 0 0 3 1 3 3 2 1 1 4 2 3 2 2 4 3 1 2 3 0 2 1 1 3 1 1 2 2 0 1 3 2 2 1 2 2 0 1 1 2 1 3 0 3 1 0 0 3 3 2 6 1 2 1 5 1 5 1 1 0 0 3 0 3 2 2 1 3 4 3 0 1 1 6 1 2 3 3 6 2 1 2 2 1 2 2 2 2 2 1 3 0 4 1 2 2 2 2 2 0 5 0 2 0 2 3 1 1 2 0 2 1 3 2 2 3 0 3 2 4 0 1 0 3 3 2 2 3 1 2 2 1 2 1 5 0 2 0 3 4 2 1 5 2 3 1 2 1 1 3 1 1 1 2 4 2 0 1 2 1 4 0 3 3 1 0 1 1 2 4 1 2 0 3 2 2 2 1 2 2 2 2 1 1 4 1 3 2 0 4 2 2 4 1 5 1 2 1 4 3 0 4 3 2 2 2 1 2 3 3 2 2 2 0 3 1 0 5 0 3 1 6 0 2 1 1 0 1 2 7 3 2 3 2 1 2 1 2 2 3 2 3 2 2 3 1 1 0 6 1 1 2 2 3 4 2 1 2 3 4 2 0 2 2 3 2 1 2 4 3 1 3 3 0 1 1 4 1 0 2 2 4 1 1 1 3 3 0 3 3 2 1 0 3 2 4 2 2 6 1 1 3 4 0 2 3 2 3 5 1 3 3 3 1 3 2 4 3 2 1 2 4 4 1 2 1 5 1 0 0 0 1 4 6 1 1 0 4 2 2 0 0 1 2 3 2 2 2 4 5 3 0 1 0 0 0 2 5 0 1 5 2 3 3 1 0 6 3 0 1 3 3 1 2 2 1 3 2 1 2 1 1 2 3 4 1 1 1 1 3 0 3 1 0 4 2 3 4 2 2 0 1 2 2 1 1 3 6 2 2 1 1 3 0 0 1 1 6 1 3 4 1 2 1 1 3 0 1 2 2 2 2 3 2 2 1 1 2 0 1 3 3 3 5 2 2 2 1 1 0 4 1 3 2 2 2 1 4 0 3 2 1 2 2 2 1 2 1 4 2 1 1 1 1 0 4 4 1 0 0 2 0 2 5 1 5 0 2 5 2 2 2 1 6 1 1 3 0 1 1 2 1 2 2 0 0 3 1 3 0 5 1 0 3 0 0 0 1 0 1 2 3 4 1 1 1 4 3 2 1 1 3 1 3 2 1 1 3 2 0 0 5 1 2 2 0 0 4 3 1 1 3 2 1 4 5 3 0 3 0 3 2 2 0 0 2 1 3 1 0 3 1 1 4 4 1 1 1 0 0 2 5 1 1 0 2 0 3 3 1 3 0 2 2 2 1 0 0 4 2 3 1 1 1 1 1 5 1 3 0 3 0 3 4 2 3 3 3 3 2 2 2 2 2 3 3 3 3 1 2 3 3 3 3 1 2 3 0 2 2 1 1 1 5 0 4 1 4 1 3 3 1 4 3 0 4 4 2 0 2 2 4 1 0 0 1 2 1 2 2 0 1 0 0 1 2 2 2 3 1 3 0 0 4 1 2 2 1 2 4 4 3 2 1 1 0 2 4 3 2 2 2 3 6 2 1 1 1 2 1 5 4 1 2 2 3 1 2 6 1 1 1 0 1 1 2 1 5 2 1 1 2 1 2 5 2 0 2 5 1 1 3 2 2 3 2 3 2 2 3 1 2 1 3 1 3 0 0 1 2 2 4 1 2 4 0 0 4 2 1 5 1 0 1 3 2 2 2 2 3 2 3 2 3 4 0 1 0 2 3 0 3 1 3 1 0 0 3 1 3 4 1 2 2 3 3 2 1 2 3 0 2 2 3 1 4 2 2 2 2 3 1 6 1 2 0 2 1 1 1 1 2 1 3 2 5 3 4 0 0 2 1 2 1 2 2 6 2 2 2 2 2 1 2 0 2 0 0 1 1 5 5 1 1 1 6 0 1 2 2 1 1 2 4 2 2 2 2 0 0 2 3 4 1 0 1 2 0 0 2 1 3 3 3 3 1 0 1 1 1 2 3 1 5 1 3 0 1 4 2 2 3 4 1 2 2 2 4 2 1 3 2 2 2 3 1 0 2 2 2 2 3 1 3 1 2 2 2 1 1 2 0 3 1 0 3 2 2 1 1 3 3 3 1 2 2 2 3 4 1 1 2 2 3 2 1 1 1 2 3 2 4 2 1 3 4 1 2 1 1 0 2 1 1 1 6 3 5 2 2 1 0 5 2 1 1 0 0 2 3 3 2 0 1 3 1 0 0 1 6 1 0 1 5 2 3 0 2 1 0 3 1 0 3 0 2 2 0 5 1 5 0 0 2 0 6 0 1 1 2 0 2 0 2 2 1 3 2 4 3 6 3 2 3 0 1 1 1 2 6 1 1 0 1 2 1 2 1 4 3 2 1 4 2 2 2 5 0 0 0 3 0 4 1 1 2 3 3 3 2 2 3 0 2 2 2 1 1 3 2 0 3 2 6 2 2 1 1 1 2 3 2 0 1 3 2 2 1 2 1 1 3 1 2 5 3 1 0 0 0 1 5 3 3 3 1 3 5 3 2 0 3 1 1 2 2 2 3 2 3 3 2 0 3 0 3 0 3 1 5 2 2 3 2 1 4 0 1 1 2 1 5 3 0 1 3 5 3 0 0 0 0 1 3 0 1 2 4 4 4 3 1 2 2 2 1 1 2 2 4 3 3 1 3 2 5 1 4 0 1 0 4 4 1 3 1 2 1 2 2 4 1 1 2 3 1 1 2 2 4 1 1 0 2 2 4 1 2 1 3 1 2 4 4 6 0 0 1 3 1 1 1 3 2 3 1 1 6 0 4 1 1 3 2 1 4 3 5 1 0 1 0 5 0 1 0 4 2 1 2 1 2 2 3 2 5 3 5 2 1 2 0 2 2 3 0 1 4 3 1 2 6 3 2 0 1 1 3 3 2 1 1 2 2 7 0 2 1 3 2 3 1 1 2 3 1 3 2 1 1 2 2 4 1 0 2 4 2 5 2 0 1 2 2 2 1 3 1 1 2 3 7 3 0 0 2 6 1 2 2 3 1 0 5 1 0 4 0 0 1 3 1 6 3 1 2 1 2 2 3 4 1 1 1 3 0 3 0 0 2 1 3 4 1 2 0 3 2 3 2 2 1 3 1 1 1 0 0 2 4 1 2 3 4 1 1 1 0 2 2 1 3 3 3 1 3 0 2 3 1 1 2 4 3 3 0 3 2 4 1 2 2 1 0 2 1 3 2 0 3 3 1 3 4 2 2 5 1 4 0 3 3 1 4 1 4 4 2 1 4 4 1 4 0 1 7 0 0 5 3 3 1 1 1 2 4 1 5 4 3 2 2 1 2 1 3 3 1 1 3 2 1 0 1 3 1 2 2 3 3 0 2 2 3 3 2 2 1 3 2 0 2 0 3 2 3 2 2 0 0 2 2 3 1 2 1 0 6 1 1 3 1 0 2 3 0 2 0 2 2 2 1 5 2 2 1 0 2 5 1 2 1 4 2 0 2 4 1 1 0 1 3 2 2 1 0 1 7 4 5 1 2 0 0 3 1 1 3 0 2 4 0 0 4 2 3 2 0 4 2 1 2 1 2 0 4 3 2 2 4 3 0 0 1 2 4 4 1 3 0 4 1 1 2 4 2 2 0 3 0 0 4 2 1 2 4 2 3 3 0 2 2 1 3 2 2 3 1 2 3 0 1 2 1 1 1 5 2 0 4 5 4 0 7 0 0 0 1 1 1 3 0 0 4 3 2 2 5 2 1 2 1 2 1 1 2 1 0 3 2 2 1 2 3 2 3 2 1 4 1 1 1 3 2 2 3 2 3 2 0 2 1 4 6 2 1 3 1 4 0 2 4 4 1 1 0 2 3 2 3 0 2 1 1 3 1 2 3 0 4 1 5 1 2 1 5 0 1 3 1 2 0 2 3 1 3 3 2 1 1 1 3 4 0 0 2 1 1 6 4 2 2 0 4 2 0 2 2 1 3 3 3 2 4 2 1 1 0 5 1 2 1 2 1 3 1 3 1 3 2 1 3 0 1 2 2 1 1 4 1 4 1 0 0 1 2 2 3 1 1 2 1 7 3 2 1 1 5 2 2 1 2 1 3 4 2 1 5 0 3 6 1 0 1 2 1 5 3 3 0 1 1 2 2 3 1 2 4 0 0 2 3 0 1 3 3 4 2 0 0 3 1 0 1 4 2 1 6 1 1 2 4 1 1 1 2 1 0 1 3 2 3 2 4 0 1 1 2 2 1 5 2 1 4 0 2 1 1 2 2 0 2 0 2 2 3 2 1 1 3 1 1 1 0 1 0 0 3 1 1 4 1 2 2 1 2 1 2 2 4 0 3 0 2 2 4 4 1 0 2 3 3 2 2 2 2 2 1 0 3 2 1 1 1 3 3 2 2 2 1 2 1 2 0 1 0 3 1 3 5 0 5 0 0 2 0 1 3 3 3 1 1 3 0 2 2 2 1 3 2 2 3 0 1 4 2 2 1 3 2 3 0 3 1 2 4 0 0 1 3 1 0 2 2 3 2 1 2 1 3 2 3 1 1 0 2 2 0 3 1 3 0 0 1 0 3 2 3 2 3 4 6 3 0 0 2 1 2 2 1 1 3 1 2 1 2 3 1 1 3 3 1 3 1 1 4 1 0 2 5 0 1 3 2 1 1 3 2 3 2 0 4 4 0 0 1 3 2 1 4 0 3 0 5 3 2 3 4 2 2 3 1 2 1 1 1 3 1 4 3 2 1 1 1 1 2 2 2 1 3 3 0 1 0 2 0 3 2 4 1 3 3 2 2 2 1 0 2 4 3 4 2 3 2 2 1 1 1 1 2 2 0 1 1 4 2 2 0 2 1 2 1 1 3 3 2 2 2 2 3 0 2 2 0 2 3 1 2 2 1 3 2 1 1 1 2 3 1 0 0 2 1 2 3 3 1 2 3 0 2 3 3 3 3 4 1 1 1 0 2 0 5 3 3 5 4 1 2 3 4 0 1 2 1 2 1 1 4 1 0 1 3 1 3 1 4 4 2 1 1 2 0 1 0 3 2 1 4 1 3 3 2 2 4 0 4 2 1 1 2 0 2 2 3 3 0 0 4 3 2 1 2 1 3 5 3 1 1 1 0 2 3 5 2 0 0 3 1 2 3 1 3 4 2 2 1 2 2 0 3 2 1 3 1 2 1 1 1 1 3 1 1 5 2 1 2 1 0 1 3 4 1 1 0 3 1 4 1 2 1 4 2 2 3 3 3 2 5 2 1 3 4 2 0 4 1 1 3 1 3 0 1 1 2 2 2 1 4 1 3 4 1 0 7 1 3 1 3 2 1 2 2 3 1 1 4 2 0 5 2 3 2 3 0 5 3 2 2 1 5 1 5 2 2 3 1 3 3 0 4 2 3 0 2 3 2 1 2 3 1 2 0 2 1 2 4 1 5 0 3 2 2 1 6 3 0 2 4 3 3 0 1 4 0 1 3 2 0 3 2 1 0 3 3 2 1 2 2 3 0 0 4 3 1 1 1 0 1 2 1 1 1 4 5 3 2 1 4 2 4 1 3 3 2 1 0 2 4 1 0 1 2 4 2 2 2 4 0 0 1 2 5 3 2 1 1 1 1 2 1 2 4 1 1 3 1 5 1 1 3 4 1 2 1 2 2 1 0 3 2 1 0 1 2 3 0 2 0 2 2 3 3 1 2 2 1 2 4 0 2 0 3 3 3 1 2 1 3 2 2 1 3 2 4 1 1 0 0 1 0 7 3 1 2 2 3 1 1 3 1 3 0 2 1 1 4 4 3 3 1 2 1 1 2 1 0 3 3 2 1 2 2 1 2 1 1 2 3 2 2 0 2 1 2 2 3 0 1 0 0 1 4 1 2 4 4 4 4 3 3 0 0 1 2 3 1 1 4 2 3 0 4 5 1 2 3 0 4 1 1 3 3 2 3 2 2 2 1 0 1 1 2 2 3 4 0 1 2 2 2 3 3 0 0 5 2 3 2 2 3 1 1 2 3 2 0 2 2 2 2 4 3 2 2 3 3 1 2 3 2 3 1 2 1 4 1 4 2 3 1 2 1 4 2 2 3 1 1 1 3 1 2 2 4 0 3 0 3 0 0 3 3 2 4 2 1 2 4 3 4 2 0 1 3 1 1 2 6 1 2 2 2 3 2 4 6 2 3 1 3 1 2 4 0 4 4 1 4 4 3 1 1 2 3 2 1 1 5 5 2 1 0 2 2 2 4 1 2 5 2 6 2 0 2 2 2 3 1 3 2 2 1 1 1 3 2 2 3 1 1 2 0 2 1 1 2 3 2 3 1 2 1 0 0 3 1 1 6 1 1 4 2 2 2 2 1 2 3 0 2 4 1 6 2 1 2 1 2 4 2 2 2 3 3 2 2 2 3 2 2 3 0 3 1 1 2 2 1 2 3 2 0 2 2 2 4 2 1 5 2 0 2 4 2 1 5 1 3 3 2 0 1 3 3 1 3 1 2 1 2 2 0 3 5 1 4 2 2 3 0 1 1 5 1 1 1 3 2 1 2 2 2 3 4 1 1 2 0 2 1 2 0 2 3 6 2 2 2 0 0 3 2 3 0 2 2 3 0 4 0 2 2 3 0 0 3 1 0 2 2 4 3 5 0 2 4 2 3 3 1 3 3 0 5 4 0 3 2 1 1 1 4 0 3 2 3 2 0 2 0 1 2 3 2 2 3 1 2 2 3 1 4 1 2 4 0 3 0 3 5 2 1 0 4 4 1 0 2 1 2 3 3 1 2 1 1 3 4 1 2 4 4 2 0 3 2 1 2 0 2 1 1 4 1 2 1 4 5 2 4 3 2 1 2 1 1 2 3 0 2 1 0 2 2 3 4 0 1 1 5 2 2 3 2 1 1 4 0 0 3 1 1 1 0 2 1 2 5 1 3 0 0 1 2 1 3 1 2 3 0 3 2 2 0 3 4 4 1 3 1 2 2 0 2 1 8 2 0 2 1 4 2 1 2 0 1 6 2 2 2 2 3 4 2 1 0 3 1 1 1 0 2 3 4 3 1 4 1 2 1 1 5 2 2 2 2 1 1 1 0 5 0 6 3 2 1 2 2 2 0 3 1 3 3 1 1 2 1 1 0 1 2 5 1 2 2 3 2 3 1 1 2 3 1 2 2 2 3 2 1 2 2 1 3 4 1 2 4 1 0 2 1 2 1 2 3 3 3 0 1 3 2 1 4 3 1 1 1 0 2 1 3 1 2 3 2 1 2 0 2 1 3 1 2 2 2 3 3 3 3 2 2 2 1 1 1 1 1 3 2 1 2 2 0 0 3 3 0 3 2 1 1 2 0 1 4 5 2 0 3 2 0 1 0 0 1 2 1 0 3 3 2 4 4 0 3 1 1 3 1 5 1 1 3 2 3 2 5 2 1 1 0 0 1 2 1 2 2 0 3 3 4 1 2 5 3 1 1 0 3 4 0 1 4 2 1 4 3 0 2 2 2 3 1 3 2 1 1 3 1 1 3 3 2 1 2 3 2 3 0 2 3 1 1 1 2 3 1 3 2 2 3 1 2 0 3 2 4 3 1 5 1 2 5 1 0 2 2 2 2 4 1 2 0 5 2 4 0 0 2 4 1 2 0 0 3 0 1 2 6 1 0 2 0 2 4 2 4 2 0 5 1 1 3 1 1 1 0 1 3 2 1 1 2 1 2 3 2 3 1 4 4 3 0 4 1 0 0 6 1 4 2 1 3 1 4 2 2 1 2 3 1 1 1 3 3 2 2 5 2 2 3 0 4 1 1 1 1 3 1 0 2 2 6 3 1 2 3 2 2 1 1 3 2 2 1 2 3 3 3 2 2 2 1 2 4 1 4 3 2 3 3 2 1 2 2 1 3 2 1 1 2 2 9 1 0 1 3 4 5 4 2 1 0 2 0 5 2 0 4 1 0 4 1 2 3 4 3 2 1 0 1 3 5 5 1 1 2 2 4 4 1 0 3 3 3 3 1 1 4 1 4 1 1 7 1 4 0 2 2 1 1 3 5 2 2 3 2 4 2 1 1 3 2 2 1 0 3 5 3 1 3 2 4 0 1 1 3 2 0 1 3 2 1 0 2 0 5 3 0 4 0 2 0 3 3 3 0 1 3 2 5 1 3 1 4 3 2 3 3 2 2 2 2 1 2 4 1 1 1 0 2 2 1 4 0 1 2 5 0 3 1 7 1 1 1 1 1 3 2 3 1 2 4 2 3 0 1 3 2 2 2 2 1 2 0 1 1 3 3 1 4 0 0 2 2 4 1 1 4 2 1 3 3 4 0 3 2 3 3 4 2 1 1 2 1 3 1 1 1 4 4 1 3 1 2 4 1 0 3 3 3 1 3 2 4 1 2 0 3 0 0 6 3 2 2 0 0 3 3 2 4 0 2 1 1 1 1 3 1 2 2 3 3 2 1 2 3 2 1 3 1 1 1 3 2 2 1 0 5 3 3 1 2 4 2 1 0 1 3 1 2 2 2 1 0 1 4 2 2 1 2 5 1 5 2 0 0 1 1 2 1 2 1 3 4 3 2 4 3 1 1 0 3 1 0 2 3 1 3 0 1 3 2 3 1 2 1 0 2 1 2 3 3 1 1 2 1 2 3 2 2 2 2 2 0 1 2 2 2 1 1 2 5 1 1 1 0 0 2 1 1 0 3 3 3 3 0 0 0 2 2 0 3 4 1 2 4 1 2 1 2 2 0 3 3 1 2 0 1 1 2 1 0 2 2 4 4 0 1 1 2 3 1 5 1 1 2 2 1 1 1 3 4 0 0 3 0 4 0 3 2 1 1 2 1 2 3 2 3 2 3 3 1 1 3 1 2 1 3 2 0 1 3 2 1 4 2 4 1 4 1 1 2 3 0 0 1 1 3 1 3 2 3 2 1 1 1 1 4 2 0 3 0 1 4 2 3 1 1 3 4 0 4 1 2 4 4 1 3 2 4 2 1 2 2 2 1 4 3 3 3 0 2 2 1 2 2 5 1 1 2 2 3 2 3 3 4 3 0 3 1 1 1 2 3 3 3 3 2 1 4 2 3 0 2 0 1 1 2 0 3 3 0 2 2 3 3 1 3 1 5 3 0 3 1 2 3 4 0 2 0 2 4 0 3 3 1 2 5 0 1 1 3 2 2 1 6 1 4 5 2 0 2 2 0 2 1 0 7 3 1 0 3 3 6 2 1 3 3 0 1 2 2 2 2 2 3 3 3 3 1 1 2 0 2 4 1 3 2 0 2 5 2 2 1 1 3 0 1 1 1 3 3 2 1 3 2 1 1 0 0 2 1 3 1 2 2 0 2 2 2 2 3 2 2 2 2 3 1 1 1 1 1 2 0 1 1 3 1 1 1 3 2 5 3 0 1 2 2 0 1 2 1 1 0 3 1 0 4 2 1 2 1 2 0 1 3 2 1 3 0 3 2 2 1 2 3 0 0 1 2 1 4 3 2 3 3 2 1 3 3 2 0 2 0 2 3 2 3 1 1 3 1 0 4 2 1 3 1 0 0 0 3 3 4 1 0 1 2 2 2 1 4 1 4 1 2 3 4 1 1 2 1 0 3 3 4 1 3 1 3 2 1 0 3 2 3 1 3 4 1 2 2 1 1 0 2 2 5 0 0 1 0 2 1 2 1 4 4 2 0 1 2 1 2 2 3 2 5 1 0 2 1 3 1 3 1 2 2 3 2 1 0 3 0 3 5 2 7 0 2 1 1 4 2 1 3 0 0 5 2 3 4 2 2 1 0 3 2 4 2 5 1 2 0 2 2 2 2 1 4 2 4 3 1 1 1 1 0 2 2 0 1 3 3 3 0 0 4 2 5 2 1 2 0 1 2 0 4 5 3 0 1 0 6 2 1 1 1 5 1 1 3 1 2 2 2 2 3 2 3 1 6 2 3 1 1 3 2 2 0 2 3 0 0 3 3 4 0 2 3 3 0 2 2 0 0 1 2 1 2 4 1 3 1 2 6 0 0 2 1 1 1 2 2 5 4 1 2 0 1 2 5 0 2 1 3 3 4 1 3 1 2 0 2 1 3 4 2 1 1 2 3 2 2 3 3 1 2 1 3 2 1 1 1 2 0 4 1 1 1 3 0 2 1 2 3 1 4 2 3 1 3 2 0 4 1 3 2 6 1 1 1 2 1 3 0 0 2 2 1 3 2 5 0 2 0 0 2 1 2 0 3 4 3 2 5 1 3 3 1 1 0 2 1 3 5 0 3 5 3 1 0 2 2 2 2 1 2 1 1 2 1 2 2 1 0 0 3 2 0 4 3 2 0 4 1 2 1 0 1 2 2 2 1 2 0 3 1 1 2 4 2 0 3 1 1 3 2 3 5 4 0 3 2 0 0 1 0 0 4 4 2 4 2 2 3 4 2 1 2 2 2 1 1 4 2 2 0 5 3 1 4 2 2 0 1 4 0 4 1 2 4 3 0 2 3 1 0 3 5 2 5 2 1 2 2 0 3 0 1 0 2 4 4 1 1 1 2 3 3 2 2 4 5 0 2 4 1 3 0 1 0 0 4 1 4 4 2 1 3 2 1 0 1 0 4 5 1 0 3 0 4 2 3 2 0 3 3 3 0 0 3 2 2 4 2 1 4 2 2 3 3 0 1 1 1 2 5 2 2 2 5 1 5 1 1 4 2 2 2 1 2 2 3 1 1 2 0 3 1 3 2 1 4 2 1 2 0 0 4 3 3 2 1 1 1 1 1 2 2 3 4 3 1 1 1 2 3 2 0 1 5 0 1 3 2 1 1 2 0 2 4 3 1 4 1 0 1 4 2 3 3 3 4 0 0 3 3 2 4 2 0 1 1 3 1 2 1 3 1 1 2 2 1 1 2 3 2 0 2 1 1 4 3 2 3 1 2 1 1 4 1 0 2 5 0 2 3 4 4 1 5 1 0 4 2 2 1 1 0 0 0 0 3 0 1 2 3 2 2 0 0 3 2 4 1 1 3 1 2 3 3 4 1 2 2 0 3 2 0 2 2 1 4 5 1 2 2 0 2 1 2 2 2 2 2 2 2 0 1 1 3 2 3 7 1 3 2 0 1 3 1 0 3 1 2 3 3 0 1 4 0 2 1 2 3 4 2 2 0 1 1 0 2 3 2 1 1 1 4 3 1 2 2 0 2 1 5 1 2 1 1 1 1 3 1 6 2 3 1 2 2 2 4 0 2 1 4 0 2 4 2 1 3 1 0 2 4 5 3 3 2 2 1 1 0 3 3 1 3 2 0 1 2 1 0 1 1 1 1 3 5 3 3 2 4 1 2 1 0 3 1 3 2 4 0 1 0 1 1 2 2 3 2 2 1 2 3 2 3 1 2 4 1 3 2 2 3 1 2 0 3 2 0 3 2 3 3 4 3 3 1 1 2 2 4 1 0 1 1 2 1 5 0 1 2 0 2 3 1 4 1 1 1 3 0 3 0 0 3 1 0 5 3 2 5 3 0 0 4 3 2 1 2 0 2 3 1 4 1 2 3 5 2 1 2 3 4 2 0 2 2 0 3 0 1 3 0 2 1 2 2 3 2 3 0 1 2 1 2 3 1 2 2 2 4 2 1 2 0 1 1 1 2 0 1 1 4 1 1 1 4 3 1 1 3 1 2 3 0 1 3 3 4 1 2 0 0 1 2 1 4 2 3 1 2 1 1 1 2 1 4 4 2 3 2 2 4 2 7 0 2 2 2 2 0 2 2 3 3 0 3 4 1 2 1 2 1 2 4 2 0 1 1 0 2 0 1 4 4 2 0 0 3 3 3 0 3 2 3 3 3 3 2 4 4 2 0 1 3 3 2 0 0 2 2 3 4 2 0 0 5 0 2 1 2 1 2 2 1 1 3 2 2 2 1 1 3 1 1 3 3 0 3 0 4 2 2 1 2 3 1 1 3 3 3 2 3 3 1 1 2 3 2 0 3 2 2 3 1 2 3 4 1 2 4 1 0 4 3 5 4 2 2 0 3 4 2 3 2 1 4 2 2 2 3 1 2 4 2 1 3 3 2 1 4 3 1 1 2 2 2 1 2 3 1 1 5 1 1 1 2 5 1 2 3 3 2 2 2 1 4 1 2 2 3 2 0 2 2 0 4 0 2 2 3 1 2 1 0 3 0 1 1 2 2 0 1 1 3 0 0 5 2 1 2 2 1 2 0 4 2 2 2 0 1 2 2 1 5 1 3 5 3 1 2 0 2 1 2 3 3 4 4 2 0 2 1 3 4 2 3 2 2 1 2 1 1 0 2 2 4 2 1 2 2 2 2 0 1 1 2 3 0 0 2 3 4 4 2 0 2 0 1 4 3 2 1 2 1 4 3 5 0 0 1 1 1 3 0 1 1 2 3 1 1 2 6 4 2 3 1 1 1 0 2 1 2 1 2 1 1 2 1 2 3 1 2 0 3 5 3 2 3 4 1 2 0 2 2 0 1 2 4 1 3 3 0 2 2 2 1 1 2 0 5 1 2 4 2 2 2 4 1 3 2 0 1 2 0 3 1 2 4 3 4 2 1 2 2 1 0 4 1 1 0 1 3 2 1 1 0 2 1 5 1 1 1 1 2 0 2 4 2 4 3 1 3 3 3 0 6 2 1 2 4 2 2 1 0 1 2 2 1 2 3 1 1 2 4 1 0 2 5 2 5 1 0 5 1 0 2 6 2 1 5 0 3 0 2 2 0 2 1 3 1 4 3 3 2 3 1 1 3 0 1 1 2 2 2 1 1 1 0 0 1 3 0 2 2 4 0 1 3 4 3 1 1 1 1 4 4 2 2 2 2 0 3 1 2 3 1 2 3 2 2 1 1 2 1 1 1 0 3 1 1 1 3 2 2 0 2 4 3 3 0 2 2 1 1 3 1 2 2 2 2 0 2 3 0 1 0 2 4 0 2 2 5 1 2 3 2 0 1 0 2 1 0 2 1 4 2 1 3 1 0 0 2 2 1 2 2 2 3 2 0 3 2 1 1 3 0 4 2 0 1 1 3 1 2 2 2 6 1 0 2 3 4 0 3 1 1 2 4 4 1 1 0 4 0 1 1 4 4 2 0 4 2 1 3 0 1 2 2 4 1 3 1 1 1 2 3 2 1 1 2 2 0 2 1 1 1 3 2 4 5 5 3 1 1 1 3 1 2 0 0 0 1 5 1 2 1 2 2 3 3 3 1 3 0 0 0 2 1 1 6 6 1 3 2 1 3 2 3 2 1 2 1 0 4 3 0 3 3 1 0 4 3 1 0 2 2 4 1 3 1 4 1 3 2 1 2 1 2 1 3 2 5 3 1 0 2 1 3 5 1 1 1 1 1 2 2 4 1 3 1 4 1 2 2 4 1 0 1 1 1 3 2 2 3 0 2 2 1 3 3 2 0 1 2 0 1 1 2 2 3 1 3 1 3 2 2 2 1 3 2 1 1 3 1 1 3 2 0 3 1 0 6 1 2 1 0 3 0 0 0 3 2 4 6 2 1 0 1 1 1 1 1 2 1 1 0 1 3 1 2 3 0 3 3 1 0 1 1 1 0 3 0 1 3 1 4 0 2 3 3 1 3 2 2 2 1 0 5 1 1 4 4 5 4 3 3 0 2 4 3 1 2 1 2 0 2 3 1 3 0 3 2 1 1 4 3 1 4 2 3 4 4 3 1 0 2 3 1 3 1 3 3 1 0 0 1 4 3 1 3 1 1 5 2 1 0 2 2 0 0 2 0 2 2 2 1 4 5 1 1 2 2 5 0 0 2 1 4 1 5 1 2 2 1 1 4 2 0 1 2 1 3 2 1 1 1 4 2 3 2 1 1 1 3 5 1 2 0 0 0 2 4 3 1 1 0 2 3 1 4 0 2 4 3 2 0 3 1 0 2 1 4 7 3 1 0 0 1 1 1 1 1 3 3 2 3 2 2 2 4 1 3 2 1 4 3 2 0 1 0 3 3 1 0 3 3 1 2 2 3 3 1 2 1 2 0 3 1 4 1 1 4 2 1 0 3 2 2 0 4 4 0 1 3 2 3 1 3 2 5 2 3 3 2 1 4 1 0 3 2 0 1 2 5 0 2 2 3 2 2 4 4 1 0 2 0 2 2 3 3 2 4 1 0 2 4 0 2 3 3 2 2 6 3 3 0 1 1 3 3 1 1 2 2 1 2 0 1 4 2 4 2 4 2 1 2 2 2 4 3 3 4 1 0 1 0 1 4 2 2 5 3 1 1 1 2 0 2 1 1 0 4 0 3 2 2 2 1 2 6 1 0 2 0 2 1 4 2 1 0 3 1 0 1 1 3 4 2 2 3 3 3 1 1 2 1 1 2 0 1 1 2 0 2 3 0 1 0 3 1 2 3 3 2 2 1 3 2 2 3 1 2 1 1 0 5 1 0 6 0 0 1 3 2 0 4 0 2 0 0 2 2 2 1 5 3 2 1 1 5 1 2 1 4 2 2 1 2 0 3 3 2 3 2 0 4 1 1 2 2 0 4 2 1 2 3 4 1 2 2 3 3 2 3 2 3 2 0 1 1 1 3 2 2 4 3 0 1 3 3 6 0 2 2 2 2 1 4 4 2 1 2 1 2 1 2 1 1 5 1 0 2 1 1 0 3 2 1 3 2 1 1 1 0 3 1 3 5 3 0 1 2 2 1 3 0 2 2 3 0 0 1 0 0 2 2 3 1 1 2 4 4 3 1 4 0 2 2 3 1 2 4 1 1 0 2 2 3 0 3 5 1 2 0 3 1 1 3 5 1 1 2 2 4 3 3 1 2 2 3 2 1 2 2 3 0 3 3 3 1 0 2 0 4 3 0 3 2 3 3 4 0 1 1 2 0 1 1 0 4 4 1 3 1 3 3 0 3 1 0 2 1 2 2 3 3 2 2 1 2 3 4 2 2 1 2 2 1 0 1 7 5 1 1 1 1 4 1 3 0 4 6 2 1 1 1 1 2 2 2 3 0 3 1 4 0 4 4 0 3 2 1 1 2 1 1 0 2 3 2 1 4 2 2 2 3 1 3 1 1 2 0 1 1 6 2 4 2 2 1 0 2 1 1 1 3 3 3 2 6 3 2 3 2 2 1 0 2 0 3 3 1 3 4 2 2 1 3 1 1 5 2 4 2 0 3 3 2 1 4 3 2 3 2 2 4 3 2 2 2 1 0 3 2 1 1 2 1 3 3 1 2 2 2 4 3 2 2 3 1 0 2 3 1 0 3 0 1 3 0 1 5 2 3 3 5 3 1 5 2 2 3 3 2 1 2 3 3 2 2 1 3 2 1 0 2 3 1 2 2 2 2 3 4 2 1 1 4 1 1 1 2 2 3 0 0 2 4 0 1 0 5 0 4 2 1 1 2 1 1 0 1 3 3 3 1 1 0 1 2 0 3 2 2 5 2 1 3 1 2 0 2 2 4 1 0 1 0 4 3 2 3 0 3 6 4 2 1 3 0 0 2 2 4 3 3 4 2 0 3 1 1 4 3 2 1 3 1 3 0 2 2 1 4 1 6 1 3 3 2 3 3 0 0 1 2 3 1 3 3 4 4 1 2 3 1 4 1 4 2 1 1 0 1 1 2 1 2 1 2 2 1 1 1 4 4 1 2 1 4 2 1 2 3 4 3 5 1 4 3 2 3 3 0 2 1 2 0 2 2 4 2 3 2 1 2 4 0 2 5 1 1 3 1 1 4 2 3 0 1 2 2 4 2 3 1 2 2 1 1 3 1 6 0 2 1 3 1 1 2 1 3 3 1 3 4 1 0 0 0 2 1 1 2 3 4 3 1 3 0 1 5 0 3 2 1 1 4 0 4 2 3 0 5 1 2 1 1 4 3 0 0 1 2 1 4 2 0 4 0 0 4 3 2 2 2 2 0 3 3 2 1 2 1 3 4 2 2 1 2 5 2 2 4 1 3 0 3 3 1 5 1 3 1 1 2 1 3 3 2 0 3 0 1 2 1 0 2 2 2 3 3 2 1 0 1 0 0 1 3 1 1 4 2 5 2 4 0 2 4 2 2 0 2 3 1 2 2 5 0 1 2 1 2 2 3 2 3 0 1 3 3 2 1 2 1 3 3 1 3 2 2 0 2 3 2 5 3 2 0 0 1 2 0 2 0 1 2 1 1 3 1 2 2 2 4 2 2 1 0 2 2 1 2 2 1 1 0 4 4 1 3 1 2 2 0 2 5 3 2 1 4 1 1 1 2 4 3 1 4 3 4 0 1 0 2 2 2 2 2 3 1 2 2 0 0 2 4 1 2 3 0 4 1 2 3 1 3 1 2 2 3 4 2 1 3 4 2 6 2 0 2 1 0 4 2 1 3 3 3 2 2 0 2 2 1 2 4 2 1 1 1 1 2 2 0 3 3 2 1 3 3 1 3 4 1 0 2 1 2 2 1 3 2 3 3 0 2 2 3 2 4 0 2 2 0 3 1 1 1 1 1 1 4 2 2 2 4 1 2 2 1 2 6 2 3 3 2 1 0 1 1 3 5 0 6 2 3 2 1 2 0 0 3 5 1 1 3 2 1 1 2 4 1 4 1 3 2 0 3 3 1 0 1 1 1 0 2 1 2 1 5 1 2 1 3 4 5 2 3 2 2 3 2 2 0 3 0 3 3 1 1 2 2 1 1 3 1 2 2 2 2 1 1 1 2 1 0 1 1 1 0 1 2 0 3 2 3 3 1 2 3 1 1 2 1 1 6 4 3 1 0 1 2 0 2 4 2 2 1 1 3 3 1 1 4 2 2 1 3 1 2 2 2 2 1 1 2 2 1 1 2 1 2 2 1 3 0 4 1 3 1 2 0 1 3 2 4 2 0 3 3 4 1 2 2 0 1 1 1 0 2 1 3 7 1 1 1 0 4 3 1 1 1 2 0 1 0 3 2 4 4 1 5 2 2 2 1 2 2 2 2 0 1 3 3 0 1 4 2 1 2 3 3 2 2 1 1 2 1 2 1 1 2 0 1 1 2 1 0 1 1 5 2 4 1 2 4 2 1 3 2 3 1 2 4 2 0 2 4 1 2 2 2 2 2 5 2 0 1 4 2 5 1 2 1 0 4 2 2 0 3 4 0 3 1 2 2 1 1 4 1 1 0 2 0 2 0 5 4 3 3 4 4 2 1 1 1 3 4 4 2 1 4 1 2 0 4 2 4 5 2 2 1 3 3 0 1 1 3 3 1 2 0 2 1 2 3 1 0 1 4 1 2 1 3 2 3 1 0 2 2 3 1 3 1 2 2 3 1 0 1 1 3 3 0 1 3 1 2 3 3 2 1 4 2 1 1 1 2 2 2 4 1 0 0 4 0 4 5 1 1 1 1 1 2 2 3 0 2 3 3 0 2 4 2 3 2 1 3 2 3 3 2 1 2 1 2 3 0 4 2 1 0 0 1 2 3 0 3 7 4 2 4 3 0 2 2 3 2 5 2 0 1 2 3 1 0 2 0 1 1 1 5 0 2 2 3 0 1 5 2 3 0 1 1 0 1 2 3 4 0 1 2 1 5 4 0 1 5 0 2 2 2 1 1 1 2 6 2 2 0 3 3 2 2 1 0 2 2 3 0 7 3 3 1 3 2 1 1 0 4 2 3 5 1 1 1 3 3 4 2 2 1 1 5 4 2 1 0 2 1 2 1 3 5 0 1 2 4 2 0 2 3 3 1 2 0 2 3 3 2 1 1 4 1 3 1 3 2 3 2 1 2 3 3 1 1 2 3 2 1 3 0 3 2 2 0 4 4 1 1 5 3 1 3 1 3 0 2 1 3 4 4 1 2 3 2 2 3 0 4 2 1 1 0 0 0 3 1 3 3 2 3 2 2 2 2 2 1 2 5 1 4 3 3 0 3 2 4 3 1 3 0 4 2 2 1 1 2 2 2 0 2 2 1 2 1 1 1 3 1 2 3 2 2 2 1 0 2 2 3 1 3 2 4 0 2 2 3 1 3 4 2 2 0 1 0 1 2 4 2 1 5 2 2 4 0 4 1 2 3 0 3 1 2 1 0 3 3 4 1 4 1 3 2 1 1 3 1 3 2 0 2 1 1 3 2 4 0 3 1 4 1 2 2 2 1 1 3 1 2 4 1 0 1 2 3 0 0 3 1 3 0 1 1 3 4 7 1 3 3 1 2 1 3 1 0 2 3 0 3 0 0 2 3 2 7 2 2 3 1 1 2 0 3 2 1 1 2 3 0 1 1 2 2 1 1 0 1 3 1 3 1 4 3 4 2 1 2 2 2 2 0 4 1 3 0 2 5 4 1 0 3 0 3 2 4 0 2 4 1 1 5 1 2 0 3 3 1 4 2 0 2 1 1 2 1 3 2 4 1 2 2 1 6 3 2 2 0 1 3 2 2 2 2 2 0 2 2 3 4 2 1 2 1 2 3 1 0 2 3 3 2 1 0 3 1 1 2 2 2 2 0 2 1 3 0 1 4 2 4 1 3 2 2 2 3 2 1 3 1 1 2 4 2 3 0 3 3 1 0 2 2 0 3 6 0 1 1 1 2 1 2 5 1 2 1 1 1 5 2 3 2 2 0 2 0 3 2 0 2 0 2 1 4 5 4 1 3 1 2 0 1 2 4 4 1 4 4 1 2 2 1 1 1 0 3 3 1 3 3 4 2 2 1 1 1 3 1 5 2 3 2 1 2 5 3 3 0 1 1 3 3 0 2 4 1 4 4 2 3 5 2 4 1 2 3 0 2 2 4 2 2 2 0 1 2 1 2 1 1 5 5 4 4 1 1 1 0 3 1 2 0 0 3 0 6 6 1 4 1 3 1 1 1 1 0 1 4 1 3 2 3 4 4 1 2 2 2 1 1 2 6 2 2 1 2 5 1 2 3 1 1 3 4 3 0 0 1 2 5 2 2 2 3 2 5 2 1 0 5 2 0 0 2 2 0 1 3 1 1 2 2 2 1 1 0 0 2 2 3 2 1 3 2 3 0 2 3 1 2 4 0 3 4 2 2 2 3 3 1 1 2 2 2 1 1 5 2 1 1 0 1 2 2 3 2 2 2 1 4 1 1 1 4 2 1 2 1 3 2 0 2 4 3 4 2 1 5 0 2 2 3 1 3 3 1 1 0 5 1 0 2 4 3 0 3 0 1 4 2 1 1 3 1 3 0 1 3 4 3 0 2 2 3 0 3 1 3 3 2 3 2 3 3 3 0 4 0 2 3 2 1 2 1 2 2 4 6 0 0 0 0 2 2 0 3 2 1 3 2 2 5 1 1 0 2 3 0 3 1 1 3 3 3 0 1 0 3 0 1 1 2 5 2 2 4 1 2 2 3 1 3 0 2 3 2 1 3 2 2 1 0 1 2 3 2 5 3 2 2 2 3 2 2 2 0 0 2 0 4 2 4 0 1 2 2 0 2 1 1 3 3 5 0 3 1 0 3 2 1 0 4 3 2 1 2 2 0 2 1 0 2 1 1 1 2 1 4 2 1 4 2 3 1 2 1 1 3 1 2 2 3 2 0 3 2 2 0 2 1 2 0 1 3 0 1 2 0 0 3 3 2 2 0 3 3 3 3 0 4 1 1 2 0 0 3 1 3 0 3 3 0 3 3 4 1 0 3 2 1 0 3 3 2 3 0 5 2 3 2 0 2 3 1 3 1 3 2 3 1 1 0 1 0 3 4 2 1 1 3 1 0 3 1 0 4 4 4 1 4 2 1 2 4 1 1 3 1 1 2 0 4 0 0 1 3 2 1 1 2 0 1 2 3 2 2 2 4 3 2 1 0 2 4 3 1 2 0 1 1 0 1 1 2 1 0 4 1 3 1 4 2 1 3 1 2 2 1 3 1 1 1 5 0 3 7 0 3 0 4 1 1 1 1 2 4 2 0 1 1 2 1 1 2 3 3 1 1 0 1 3 4 2 2 6 1 2 2 2 2 2 4 2 2 0 3 0 2 3 1 0 3 2 5 0 4 0 2 2 1 2 1 6 3 2 2 3 1 0 0 1 5 4 4 3 2 1 1 1 3 4 3 2 2 0 2 4 3 4 5 3 1 1 1 2 2 1 2 1 3 4 3 2 1 1 2 2 1 5 3 0 1 2 0 1 2 3 4 0 3 2 0 3 2 0 3 2 4 3 2 1 2 2 1 3 4 1 0 2 3 1 2 2 1 4 2 2 3 2 2 3 4 3 1 1 3 3 1 2 1 4 0 2 4 2 0 1 2 0 4 2 5 0 5 1 0 2 3 2 0 1 5 4 4 0 1 2 1 2 0 1 4 0 3 1 1 0 3 0 0 0 3 2 5 1 0 4 1 4 0 2 4 0 1 1 0 5 0 3 0 1 1 1 1 1 2 2 0 2 4 4 3 0 3 7 2 3 2 1 0 2 0 4 4 4 5 0 0 5 4 0 2 3 0 2 0 0 0 2 6 3 0 3 3 1 3 1 3 2 3 1 0 0 5 0 2 5 4 1 3 1 1 1 0 1 2 2 1 3 2 1 5 6 3 0 5 0 1 0 0 2 0 2 1 2 1 1 2 1 4 1 1 5 1 0 4 0 0 1 2 5 2 3 1 1 1 2 2 2 3 0 3 1 0 2 3 1 1 3 3 1 1 2 2 5 4 1 0 4 0 3 1 2 0 1 3 3 1 1 3 2 1 3 3 1 5 2 2 1 2 2 3 2 2 1 1 2 8 2 3 1 4 1 1 0 1 2 3 2 3 1 1 1 1 3 3 4 2 2 1 3 3 2 2 1 0 3 3 3 3 3 3 3 3 1 3 3 1 2 0 0 3 6 1 2 2 4 3 2 1 1 4 2 3 2 5 2 2 0 2 1 3 2 3 1 2 2 5 1 4 2 7 2 2 2 5 3 4 0 2 2 0 0 1 1 4 2 5 5 1 3 1 1 0 1 2 3 1 0 1 3 1 0 0 6 4 4 3 2 1 5 0 2 3 3 1 2 1 3 2 2 2 0 3 4 3 1 1 4 0 2 3 3 1 1 2 0 1 2 3 2 4 2 3 1 3 2 1 1 1 0 5 0 1 0 2 4 4 1 0 2 2 2 3 1 2 3 7 4 1 0 3 2 0 3 1 2 2 6 1 6 0 2 0 2 3 0 2 3 3 0 0 3 3 1 1 1 2 3 2 3 1 3 1 2 1 2 0 5 1 2 3 5 2 2 2 0 1 0 4 1 2 2 5 1 0 0 2 1 1 2 1 0 3 3 2 1 3 1 2 0 1 0 2 0 1 3 5 3 3 3 3 1 1 2 2 0 2 1 2 3 2 1 3 2 3 5 1 0 2 1 3 3 2 1 1 2 0 0 2 0 1 1 3 2 1 5 2 4 1 1 2 2 2 1 1 3 3 2 5 0 2 1 2 0 3 5 1 1 1 2 0 1 0 2 4 2 1 1 3 5 2 3 2 2 2 1 0 4 0 0 3 2 1 3 1 0 1 2 1 2 4 1 3 2 2 5 1 0 2 0 2 3 8 3 1 1 1 1 2 1 2 5 3 0 3 1 4 2 1 1 0 4 2 2 3 4 2 6 1 1 2 3 0 0 1 1 4 3 3 2 3 2 1 3 1 1 3 2 3 0 0 3 1 3 3 4 2 3 3 1 0 1 1 0 3 2 5 5 4 2 3 0 2 4 2 2 1 0 4 2 1 0 3 2 1 3 2 4 3 2 1 2 2 5 3 3 3 0 3 3 5 1 1 2 1 0 0 1 2 1 4 2 4 1 3 1 1 2 3 1 5 1 3 4 0 0 2 1 1 5 1 3 2 3 3 1 4 0 3 2 2 2 1 0 1 0 4 1 0 2 5 1 0 3 5 2 1 2 2 0 1 3 2 3 5 0 1 3 1 1 2 1 2 1 0 2 4 2 3 2 3 0 0 1 1 1 2 1 2 5 3 0 1 2 2 1 2 3 2 1 2 1 2 1 2 2 3 0 1 2 1 3 4 3 2 1 4 3 2 2 2 3 0 3 0 2 2 2 4 1 1 3 3 3 1 2 2 2 1 2 5 1 3 2 3 2 1 3 1 1 4 0 5 1 0 0 3 1 0 2 2 3 1 1 2 4 1 2 1 0 3 2 1 0 4 1 1 1 1 4 3 1 2 6 0 2 3 1 2 3 2 0 1 3 2 2 3 0 0 3 2 2 1 4 2 0 2 1 3 4 2 2 3 2 3 1 2 5 3 2 5 2 3 1 4 1 2 3 1 4 3 2 1 1 1 5 1 1 5 3 2 3 2 3 2 0 2 1 0 3 3 2 1 2 1 3 2 2 1 0 2 1 1 0 1 3 1 1 2 0 0 3 2 3 2 1 5 1 0 2 1 1 1 1 5 3 2 1 0 4 5 0 2 2 0 2 1 0 3 1 3 1 2 1 5 2 5 1 2 0 2 2 2 0 2 1 1 1 0 1 1 1 1 3 4 4 1 1 1 1 2 1 4 0 2 2 2 3 3 4 2 2 0 1 0 1 3 0 5 3 2 0 4 5 3 1 1 1 2 2 1 3 3 2 2 1 2 0 3 3 0 4 2 1 1 1 1 0 4 0 3 3 0 1 3 2 2 1 1 5 1 1 2 1 1 3 3 1 1 1 2 1 1 1 5 2 3 3 1 2 1 3 2 2 3 2 3 4 2 1 1 1 2 3 3 2 2 0 1 3 2 1 1 3 0 1 4 0 1 2 2 5 4 2 4 2 3 0 2 0 0 1 1 2 2 0 2 1 3 0 2 2 1 2 3 3 2 1 1 1 2 1 2 3 2 2 2 1 1 3 3 0 4 2 2 0 5 1 0 2 1 3 0 3 2 1 3 5 2 2 0 3 3 2 3 0 3 2 1 2 3 1 2 1 4 3 3 1 2 2 4 3 2 0 1 2 3 3 0 1 3 1 4 3 2 2 3 2 3 0 2 2 1 3 3 2 2 1 3 3 0 4 6 1 1 2 1 3 3 3 4 2 3 1 1 0 4 2 3 1 4 0 3 0 1 5 1 0 1 1 2 2 4 3 1 1 4 2 1 2 2 2 2 3 1 0 1 1 0 3 2 2 3 1 2 4 3 3 5 1 0 6 1 1 1 2 2 2 1 0 1 1 5 0 3 5 1 2 2 1 3 0 0 3 2 2 5 2 0 2 1 0 2 6 2 1 1 2 1 2 0 3 3 4 1 3 4 7 2 1 1 0 2 1 3 1 2 2 5 1 1 1 1 1 2 2 0 2 4 0 4 1 1 3 0 2 0 2 2 0 4 2 3 5 1 2 3 1 2 6 1 2 3 1 2 1 2 2 1 3 1 2 2 1 2 2 2 5 4 2 1 2 4 3 1 1 2 3 0 2 2 3 1 0 4 2 2 4 1 2 2 5 0 3 1 5 1 3 1 2 1 2 0 0 2 3 4 3 3 3 4 2 0 1 1 0 1 1 0 0 2 1 4 1 1 5 2 3 1 2 2 2 1 2 2 2 2 4 0 2 2 1 0 1 2 0 2 1 0 3 1 3 5 0 3 4 3 3 1 1 2 0 2 3 1 6 2 1 0 1 1 3 1 2 0 4 1 0 1 2 1 2 0 0 2 4 2 1 2 1 1 0 4 0 2 2 3 2 1 1 1 4 3 1 0 2 2 3 2 1 2 3 3 0 4 1 1 1 0 3 2 3 5 4 1 1 3 2 2 1 2 2 2 3 2 2 1 1 1 1 2 2 2 2 2 2 1 3 3 0 3 3 0 2 2 1 1 2 0 0 5 2 2 5 3 4 1 1 2 1 3 0 3 2 3 2 4 2 3 2 4 3 1 1 1 0 2 0 4 5 2 3 0 3 1 2 2 1 3 1 1 0 4 5 0 5 0 0 1 0 4 1 0 2 2 3 1 2 2 2 2 1 1 2 1 4 0 0 2 3 2 2 3 2 5 0 2 0 0 2 4 3 1 2 2 0 0 2 4 5 2 4 2 1 5 1 1 4 1 3 3 1 0 1 3 2 1 1 1 3 1 1 2 2 1 3 3 2 0 1 3 1 2 3 0 2 1 1 0 1 1 1 2 1 1 1 1 1 1 2 4 2 0 0 1 2 5 3 0 4 3 5 7 2 0 0 3 2 0 3 1 1 3 1 2 2 4 1 0 0 2 2 4 1 2 2 1 2 3 2 3 0 2 3 1 2 1 1 2 1 3 2 1 4 3 1 0 4 2 1 4 2 3 2 1 1 2 0 1 2 4 1 1 0 0 3 1 4 1 1 1 5 3 1 2 3 0 2 1 2 4 2 2 2 3 3 2 1 1 1 1 1 5 2 2 1 2 2 3 2 2 3 1 0 1 1 0 2 7 2 1 2 2 1 5 2 2 2 2 2 2 1 1 0 2 0 1 1 3 4 2 2 4 1 1 2 4 2 2 2 3 2 2 2 1 4 2 2 0 4 1 2 2 4 2 1 1 4 1 0 1 2 5 3 0 2 3 4 4 1 2 4 2 3 2 2 2 2 1 2 1 2 2 2 1 2 2 0 2 2 4 5 2 3 6 2 3 3 0 2 2 1 0 1 3 1 5 1 2 3 1 5 0 2 2 1 3 4 1 0 4 4 1 2 2 1 2 1 1 2 2 2 2 2 1 5 4 2 1 2 2 1 1 1 5 2 3 2 2 0 2 1 0 2 2 3 4 0 1 2 2 1 6 1 1 0 1 1 3 4 4 1 2 2 1 2 3 5 2 0 3 1 1 5 2 1 1 2 1 2 3 3 4 0 1 0 2 3 3 1 0 3 0 2 1 1 3 4 1 1 1 3 2 5 3 1 6 2 2 0 2 2 1 3 0 5 4 2 2 4 1 0 3 2 1 3 3 0 4 3 2 1 1 1 2 0 0 3 4 3 7 3 3 1 1 2 1 1 0 2 3 1 4 1 1 0 2 3 3 3 3 5 4 1 3 0 2 1 0 4 1 1 3 4 1 0 1 3 4 2 3 1 2 5 2 2 1 3 1 1 3 3 0 0 4 2 4 2 2 1 8 1 0 1 0 0 5 0 0 0 1 3 3 1 2 0 2 3 2 0 1 2 2 4 0 3 4 2 1 1 3 2 0 0 3 3 2 4 1 3 4 2 5 1 3 0 1 0 1 1 2 2 4 1 2 0 1 2 5 1 0 2 0 2 1 4 4 5 1 0 1 3 0 1 0 1 1 0 2 3 3 3 1 3 3 1 1 1 1 1 3 1 1 0 1 1 1 3 1 6 2 4 4 3 2 1 2 1 1 1 2 3 1 2 0 2 2 0 1 1 1 1 1 5 2 2 5 1 2 4 2 0 2 1 5 2 1 4 1 2 3 2 2 2 0 2 2 1 4 2 1 4 3 2 3 0 0 2 2 3 2 4 0 1 3 3 2 1 1 4 1 4 4 2 3 2 2 0 3 3 2 1 2 2 2 3 0 1 2 4 4 1 2 1 3 2 1 0 1 5 3 3 1 1 2 4 5 2 1 1 2 3 1 3 2 0 1 2 4 0 0 3 1 5 1 3 1 4 3 4 2 1 2 1 4 1 1 1 1 3 4 1 2 1 3 3 0 4 0 0 1 1 0 2 2 2 1 1 1 1 2 0 1 3 2 3 4 3 1 1 2 1 3 3 0 0 0 1 0 1 3 3 3 4 4 2 0 1 4 0 2 0 1 3 1 3 2 2 6 1 2 3 1 2 3 2 4 1 3 2 2 0 3 3 1 2 0 4 3 3 0 6 2 1 2 3 0 1 1 4 2 3 3 0 3 1 4 3 1 2 2 0 5 1 0 2 2 1 1 1 6 2 0 1 4 0 1 3 1 2 1 2 0 0 1 1 3 1 0 2 2 2 1 5 2 1 0 4 3 0 0 2 2 1 5 0 3 2 1 1 2 1 3 3 1 1 0 2 1 2 1 2 0 2 1 1 1 4 1 2 1 7 1 0 2 1 0 0 2 2 2 0 1 7 3 2 3 0 2 1 1 2 4 2 2 1 4 2 1 2 1 2 3 2 3 4 0 4 2 3 1 1 3 2 3 1 0 3 2 0 5 4 0 1 3 0 0 1 1 0 4 3 3 1 0 3 0 1 1 1 2 2 0 6 0 1 1 2 2 1 1 4 3 1 3 0 0 2 0 2 1 3 2 2 4 0 1 3 5 4 2 3 4 2 5 2 0 0 2 1 1 3 2 2 5 0 2 2 1 2 2 2 2 1 1 2 1 1 0 2 4 5 4 0 2 1 1 2 3 1 1 0 1 4 0 2 4 3 3 3 1 2 0 2 0 2 1 3 1 2 0 3 2 2 3 2 3 4 2 1 4 1 0 1 5 2 0 0 2 4 0 4 1 2 2 1 2 2 2 2 1 3 2 5 2 2 1 4 2 3 0 2 7 2 2 1 3 2 1 1 4 2 3 1 0 4 1 0 4 3 2 1 1 3 0 4 4 1 3 0 3 1 1 1 1 3 2 2 3 1 1 1 6 2 4 1 1 0 1 0 1 1 3 0 4 0 1 2 3 1 4 2 2 3 2 2 1 0 0 0 1 2 1 0 1 2 5 1 5 1 0 1 1 2 0 3 4 3 3 2 2 1 1 4 4 0 4 2 3 2 2 2 2 2 1 2 2 2 1 4 1 1 2 1 2 2 2 4 6 3 1 3 1 3 1 3 2 0 3 2 1 1 1 4 2 3 2 2 1 5 3 2 2 1 3 4 4 1 1 2 1 4 2 2 1 1 1 1 5 2 1 3 0 1 5 5 0 1 1 2 2 2 1 3 1 0 4 1 1 2 4 1 2 0 3 4 2 1 1 5 3 0 2 0 4 4 4 0 0 2 4 1 2 4 0 1 0 1 3 1 3 5 1 2 2 0 3 1 0 1 3 0 2 0 2 2 4 3 2 3 4 1 1 1 3 2 3 1 1 3 1 1 3 4 0 1 2 2 3 1 3 1 3 2 3 0 2 1 0 1 3 1 2 1 1 3 3 6 3 0 5 1 1 4 3 1 1 3 1 1 2 2 1 3 0 0 2 2 0 4 3 0 3 1 0 2 1 2 0 3 1 2 2 1 2 0 3 2 0 2 2 2 1 2 2 3 2 2 3 3 3 2 0 1 1 1 0 0 1 1 1 5 2 3 4 1 2 3 2 0 2 2 4 1 3 0 1 2 1 2 2 1 2 2 3 1 1 3 3 2 2 0 2 4 0 3 2 0 4 3 0 1 1 3 3 0 1 2 1 3 1 3 0 0 2 4 2 2 0 3 1 0 2 1 2 4 3 3 1 3 2 2 0 0 0 1 1 3 0 0 2 3 4 2 1 4 1 1 1 3 1 4 4 0 2 3 2 1 2 1 0 4 3 2 3 0 0 4 0 5 1 1 4 0 2 2 4 1 3 2 2 0 2 2 2 0 4 2 0 1 2 5 2 1 1 1 5 2 1 3 1 0 2 4 3 2 2 1 1 3 3 4 2 5 0 2 0 0 3 2 1 1 1 2 3 1 1 6 1 2 2 4 2 1 3 2 1 4 0 0 3 0 0 1 2 1 2 0 3 5 3 4 1 1 1 1 2 3 3 5 0 1 3 1 0 0 4 1 3 1 0 1 0 3 1 3 2 1 1 4 1 5 1 1 2 3 2 0 4 1 4 2 3 3 2 0 1 2 0 1 0 1 2 5 2 0 1 3 3 0 5 1 2 5 0 0 2 2 1 1 2 2 4 2 1 3 1 3 1 3 1 1 2 0 2 2 1 3 2 1 0 0 2 3 0 1 0 1 6 1 3 3 2 0 2 2 3 0 1 2 2 5 2 3 1 2 0 3 1 0 2 4 1 2 2 1 2 2 0 0 2 1 2 3 1 2 1 0 4 3 2 0 0 3 4 3 4 4 2 2 0 3 1 1 1 2 3 1 1 4 3 0 5 1 1 3 0 4 0 2 2 1 2 3 2 1 2 3 6 1 0 3 3 3 1 3 3 3 1 0 2 3 3 0 2 2 1 2 3 2 0 1 2 0 1 1 2 1 3 2 5 2 1 0 2 2 1 3 0 4 1 1 5 3 0 4 3 4 1 0 2 0 0 1 3 2 1 3 3 4 2 4 0 1 4 1 1 1 1 3 3 0 2 0 5 2 1 2 3 1 0 2 1 3 1 1 3 0 4 1 3 1 1 0 2 3 2 2 3 4 1 2 1 4 0 3 0 1 2 2 1 1 1 2 1 3 3 2 3 4 2 2 3 2 2 0 0 4 4 3 1 1 1 2 2 2 0 2 4 4 3 2 1 1 3 2 1 1 0 4 4 5 1 1 1 2 0 1 0 4 0 5 2 2 2 2 2 1 2 2 2 2 0 3 2 2 1 2 2 2 2 2 3 3 0 3 2 2 1 4 0 2 1 2 0 2 0 3 2 3 4 3 1 4 1 1 2 1 2 2 4 1 1 1 3 2 1 1 1 0 3 3 5 2 6 0 0 2 2 2 5 3 2 0 2 2 0 2 0 5 3 5 1 0 1 2 3 1 5 3 1 3 1 2 6 0 3 2 1 1 5 4 3 1 2 0 2 1 3 2 1 2 3 3 1 2 1 1 1 5 3 2 1 1 1 4 3 4 3 2 2 3 3 1 3 4 1 4 3 4 0 0 3 4 3 2 1 1 3 2 1 8 1 2 2 1 4 1 2 2 3 3 0 2 1 2 0 0 2 2 1 4 3 2 2 1 3 2 2 2 3 0 1 0 1 3 1 1 1 0 2 2 1 3 3 2 4 3 0 2 1 3 3 1 0 3 3 3 2 2 2 2 0 2 2 2 2 3 3 1 3 0 5 1 1 2 6 1 2 1 1 3 5 5 4 2 1 3 1 2 3 1 3 2 2 1 1 2 0 2 3 0 1 0 6 3 2 3 1 3 1 2 3 1 3 2 0 1 3 3 2 3 1 1 1 4 0 2 3 2 2 1 3 4 2 1 4 1 3 2 4 3 1 1 2 2 1 2 2 3 2 5 3 2 1 1 2 2 2 1 2 3 4 1 2 1 1 1 3 2 2 0 3 3 0 1 3 1 0 1 3 2 4 2 1 4 1 2 1 1 2 1 3 1 3 1 2 1 1 1 0 5 2 3 1 1 1 2 2 0 1 1 1 2 3 2 1 4 2 3 0 3 2 1 0 3 1 2 3 2 0 3 2 2 4 1 2 3 4 0 1 3 2 0 1 3 0 3 3 2 3 3 3 0 3 1 2 2 2 3 0 1 0 1 1 2 6 3 5 2 0 1 2 2 3 0 4 1 3 5 3 4 2 1 0 3 1 1 3 2 1 1 1 0 1 2 5 4 1 0 4 2 1 1 4 1 1 1 1 0 0 4 2 2 1 2 1 1 2 4 1 3 0 3 3 0 3 5 5 3 0 2 5 1 1 1 1 2 1 5 0 2 1 2 1 1 1 3 1 7 1 1 3 1 1 1 3 3 2 0 2 3 1 1 0 3 3 1 4 3 2 1 4 2 3 0 2 3 3 2 3 1 2 1 2 3 2 0 2 5 3 2 3 1 2 3 1 3 0 3 3 3 1 0 1 2 1 2 1 2 3 3 3 0 1 6 2 1 1 2 5 1 1 1 1 3 3 0 3 2 2 2 1 3 0 0 4 3 4 3 2 2 2 2 3 2 2 1 1 0 2 1 1 1 3 3 3 1 2 0 1 1 2 2 1 3 4 2 3 3 3 0 2 3 3 3 4 4 2 1 3 2 2 1 4 0 3 3 2 0 4 3 2 3 1 2 0 2 0 2 7 3 0 1 0 5 4 1 4 3 0 1 2 0 1 3 1 2 1 1 1 2 1 0 1 1 2 3 1 2 2 2 2 2 1 0 2 2 2 3 3 2 4 2 3 2 1 2 0 2 3 1 3 0 1 3 3 1 2 1 4 1 1 2 4 0 3 0 1 2 0 5 1 2 2 2 2 2 2 4 3 2 2 0 3 3 2 3 2 2 3 3 1 2 1 1 2 5 3 2 3 0 2 2 3 1 4 3 2 3 0 2 2 2 1 5 3 0 2 0 2 1 2 0 2 0 5 5 3 3 1 0 2 0 2 2 3 1 2 3 4 1 2 0 0 4 2 1 2 0 1 3 0 5 2 1 3 2 2 4 2 2 2 1 1 2 2 1 1 0 2 2 1 3 3 3 2 1 2 2 2 5 3 0 0 3 0 4 1 1 3 2 0 4 0 1 1 1 1 1 3 3 3 4 0 3 0 3 2 2 4 0 1 1 3 2 1 3 4 3 1 1 1 2 1 1 2 2 0 1 2 4 2 2 1 4 3 2 0 4 2 4 2 2 4 1 0 2 3 2 3 3 2 2 2 0 3 2 1 3 2 2 0 3 2 1 0 3 1 4 4 2 1 2 0 2 3 3 1 0 0 3 1 4 1 2 0 3 0 0 1 2 3 4 2 1 3 1 1 1 2 1 1 1 3 2 3 1 4 2 2 0 4 1 1 2 2 1 0 5 0 2 2 2 2 2 1 3 3 1 1 1 1 5 2 1 1 2 0 1 1 1 3 3 6 1 3 1 2 0 1 1 3 4 1 2 1 3 1 1 0 3 3 1 1 4 0 2 2 4 1 2 1 0 3 1 1 2 1 3 1 4 2 0 2 0 2 3 2 1 2 4 1 1 2 1 3 3 0 3 1 3 3 2 1 1 0 3 2 0 5 3 2 2 0 2 2 3 3 2 2 4 0 0 1 2 1 2 2 8 4 2 1 3 2 3 1 2 2 1 3 2 1 1 3 1 2 3 2 2 1 3 2 4 1 1 0 3 3 0 3 3 2 3 4 2 1 2 4 3 2 0 5 2 2 1 1 1 2 0 3 2 3 3 1 2 3 2 1 4 3 2 6 2 0 0 1 2 1 2 3 2 1 2 1 2 3 5 1 5 1 2 2 6 1 1 2 0 1 4 2 1 4 1 1 3 2 1 0 3 1 2 1 2 4 1 4 4 3 1 2 0 2 5 0 2 3 2 1 1 1 2 3 8 2 3 5 3 1 0 3 0 2 3 3 1 1 2 3 1 3 1 2 0 1 1 3 1 4 1 0 2 4 1 1 4 1 0 1 3 3 1 0 4 1 2 1 0 2 1 2 2 1 5 0 2 2 1 2 4 3 2 2 0 1 4 1 2 0 1 2 2 2 4 2 1 3 1 1 4 4 2 2 1 3 1 1 1 3 1 2 2 3 1 1 2 2 5 1 1 2 1 2 6 1 0 1 4 2 2 4 1 3 2 1 1 2 2 0 1 3 2 2 2 3 2 3 1 0 0 1 3 3 2 4 0 1 1 2 4 1 2 1 2 3 1 0 1 2 1 3 2 0 2 1 0 1 5 1 1 3 1 1 1 2 1 5 2 1 1 4 2 2 2 1 4 1 0 3 1 2 1 2 0 1 3 0 1 3 4 2 1 3 0 1 3 0 3 0 0 2 5 2 0 1 2 1 2 4 3 0 2 1 0 1 1 2 1 3 1 2 2 3 2 4 0 1 3 3 2 1 4 2 1 2 2 2 3 1 3 2 2 2 1 4 0 1 2 1 0 1 3 3 1 3 2 2 5 1 1 0 2 0 2 2 1 2 1 5 4 0 1 2 2 1 1 2 1 1 3 5 0 1 3 0 4 5 6 1 3 1 1 0 2 1 3 1 1 1 2 3 4 2 1 1 3 0 2 3 1 0 0 1 4 3 2 5 3 0 1 3 1 1 3 2 0 4 3 1 1 4 3 3 3 3 3 1 3 1 0 1 3 0 1 1 3 2 3 3 3 0 1 1 2 6 0 1 2 1 1 2 1 1 2 2 4 1 0 2 1 0 1 2 2 2 1 1 3 2 5 1 1 2 3 1 2 2 3 2 2 4 4 2 0 0 1 3 4 1 5 2 5 3 2 0 3 3 1 1 3 2 2 4 2 3 1 1 4 2 2 1 3 2 1 0 2 4 4 2 1 1 4 3 1 2 0 2 0 1 2 5 1 1 4 0 2 5 2 2 2 1 4 1 1 4 3 1 2 2 0 5 0 2 2 2 2 2 2 4 0 1 2 4 2 1 1 1 3 2 4 4 2 1 3 2 0 5 0 1 2 2 2 3 3 5 2 0 2 2 1 2 3 1 5 2 2 3 1 3 2 1 2 3 4 1 1 2 2 3 1 0 2 3 1 2 1 2 4 6 1 2 2 1 1 2 1 2 2 2 1 4 2 1 4 2 2 2 1 1 5 2 1 2 1 3 1 0 3 1 3 6 3 1 2 1 2 2 2 1 2 2 2 3 2 1 0 2 1 2 2 2 1 1 2 4 2 1 2 3 2 0 2 2 1 4 1 2 4 3 2 1 2 1 0 2 2 4 1 1 1 2 4 1 1 2 1 3 0 2 3 1 1 0 3 1 2 3 2 0 1 0 5 2 4 2 2 1 2 3 3 1 1 3 3 2 0 5 3 0 1 3 2 2 2 2 6 1 2 0 1 3 4 1 3 1 1 1 4 2 1 2 3 0 0 5 2 3 3 2 2 3 2 5 2 5 2 0 3 2 1 1 0 1 0 1 6 4 2 0 1 0 5 3 3 4 2 0 1 5 5 2 4 1 0 1 0 1 2 4 0 1 0 2 1 1 2 2 2 1 1 2 0 2 0 1 0 3 1 3 5 2 5 3 2 1 2 1 2 2 2 0 0 3 2 1 0 2 1 2 2 3 3 3 3 2 2 2 5 1 3 2 0 2 3 2 1 3 2 0 4 1 1 2 3 2 1 5 1 2 2 1 1 2 1 0 1 4 4 1 1 2 3 3 3 1 1 2 2 4 5 2 7 1 4 1 3 1 1 0 1 2 5 2 2 1 1 0 3 1 2 1 2 1 0 1 3 1 0 5 4 3 3 3 0 1 3 1 2 1 4 2 4 4 1 2 1 5 0 4 1 3 4 0 2 2 2 1 2 3 3 3 0 1 0 0 0 3 1 5 3 4 0 1 0 1 4 1 2 1 2 1 4 0 1 2 2 2 5 2 3 3 1 1 4 3 1 3 1 2 1 2 2 4 1 1 0 7 0 0 2 2 3 2 3 0 3 0 2 6 5 1 1 1 1 1 2 3 0 4 2 0 2 1 1 0 2 2 0 2 1 2 2 3 3 2 2 4 0 3 2 1 0 4 3 1 1 4 1 4 1 2 7 2 3 5 1 1 1 0 3 1 3 2 0 0 6 1 2 3 1 0 2 3 1 2 1 0 2 4 2 2 1 1 2 1 5 0 1 1 0 3 4 3 1 4 0 1 2 0 4 2 4 0 2 2 4 1 0 0 2 3 2 0 2 2 3 2 2 1 2 1 3 2 1 2 4 0 3 3 4 1 2 2 1 3 0 0 2 3 4 2 4 0 1 2 6 0 2 4 1 1 3 2 4 3 4 1 1 3 2 3 3 3 2 2 4 2 2 3 4 2 2 2 4 1 2 0 2 1 2 1 1 2 2 2 3 3 1 3 0 0 1 1 5 2 3 2 1 2 2 2 2 2 1 2 0 1 2 1 1 4 3 3 0 1 2 4 8 1 2 2 1 0 1 0 3 0 3 1 2 0 3 2 3 2 1 2 2 2 2 3 2 3 1 2 2 4 1 2 0 2 0 2 2 5 5 1 3 1 3 1 1 2 1 2 1 3 2 2 6 2 2 2 3 2 1 2 2 2 1 1 1 2 0 2 2 0 6 3 2 3 0 0 1 5 1 1 5 1 2 1 2 1 3 1 5 3 0 0 2 4 3 2 2 3 1 3 0 3 0 1 2 2 1 1 3 1 2 0 8 0 0 2 4 6 2 0 0 2 3 1 2 3 2 3 3 3 1 0 1 1 1 3 0 1 3 0 2 1 2 4 1 2 3 2 1 2 0 0 4 2 2 0 2 5 2 5 4 2 1 1 0 2 0 1 2 1 2 1 3 1 3 3 1 4 3 1 1 3 0 2 3 1 5 1 2 3 4 1 3 2 5 1 2 1 2 1 1 0 2 1 2 3 0 2 1 2 2 2 5 4 1 3 1 2 0 2 2 3 1 2 1 2 1 2 1 0 2 1 2 2 1 2 2 0 5 0 3 2 1 0 1 1 0 3 0 4 2 2 1 1 2 0 3 3 1 0 0 4 1 1 2 3 0 1 3 3 0 1 2 3 0 3 1 2 1 2 2 0 0 2 1 1 3 2 3 1 3 0 2 4 2 2 2 3 3 1 4 2 3 1 5 1 2 2 1 1 2 5 1 1 2 2 3 2 3 3 1 2 3 1 1 1 2 6 0 2 1 0 3 1 2 1 3 2 4 4 2 3 2 0 1 1 2 3 5 0 0 2 2 0 1 0 4 1 3 0 0 1 1 0 3 3 1 3 4 3 0 1 3 2 1 1 4 6 0 2 2 5 2 1 1 2 3 3 1 1 2 1 2 1 2 0 3 3 1 4 1 3 1 3 2 1 1 2 1 1 4 1 1 1 1 0 1 2 4 1 2 2 1 4 3 3 2 3 2 0 4 2 4 2 3 3 3 2 5 1 2 1 1 4 2 1 0 2 1 3 1 2 1 1 2 4 6 2 2 2 1 1 4 3 2 1 5 0 1 5 4 2 3 0 0 4 0 2 2 2 2 2 2 2 3 1 0 2 4 1 3 3 2 2 2 4 3 2 3 0 2 0 4 2 1 3 1 4 3 2 1 1 0 6 2 2 3 0 1 3 1 1 2 3 0 4 2 3 2 5 2 4 2 2 1 2 2 1 1 1 1 2 4 1 3 4 3 3 2 1 2 2 1 3 1 0 0 0 3 2 3 5 2 2 2 2 5 0 4 4 0 1 2 2 0 4 5 1 2 1 5 4 2 1 0 2 5 0 1 1 2 2 1 3 1 1 2 2 2 0 2 4 0 2 3 3 2 1 2 1 2 4 0 2 1 3 3 2 1 3 0 0 2 2 1 0 3 4 1 2 0 2 1 5 1 4 1 3 1 1 1 3 1 2 3 1 1 3 0 1 4 2 4 0 1 3 1 2 1 1 2 2 3 2 1 2 3 3 3 2 4 1 0 0 1 2 2 2 1 3 2 2 1 1 0 1 1 3 1 2 4 2 2 1 1 3 4 2 0 2 1 3 4 3 2 0 2 2 1 2 2 1 2 1 2 1 1 3 0 2 1 2 3 2 4 2 1 2 3 2 4 3 3 1 4 4 0 1 2 0 2 0 2 1 1 5 3 1 0 3 3 2 1 0 2 2 1 2 1 1 4 1 3 1 4 0 1 2 1 1 1 1 2 0 2 2 0 4 4 1 2 2 1 2 1 2 2 3 0 0 4 1 1 4 4 2 0 2 4 1 2 2 0 1 1 1 4 1 2 2 3 4 5 3 1 1 3 4 2 2 3 2 2 2 2 2 3 3 2 1 3 1 2 3 3 1 2 2 3 2 0 1 0 4 2 2 1 0 4 3 2 0 5 2 2 2 2 4 1 2 1 2 3 0 3 1 2 3 1 2 2 2 2 2 1 3 0 1 2 3 2 2 2 2 1 2 3 4 0 4 1 2 0 3 1 1 3 3 3 1 1 3 1 4 1 3 1 1 2 1 1 3 1 2 3 2 3 0 2 2 2 3 2 1 1 2 3 5 4 2 3 1 2 2 2 3 7 1 0 3 1 2 0 1 1 0 1 0 0 3 3 4 1 3 3 2 1 2 2 3 2 1 1 3 1 0 3 5 0 1 1 3 6 1 0 2 3 3 3 1 0 2 1 1 0 1 3 4 2 3 2 2 1 1 2 2 0 4 3 2 1 3 1 1 4 4 2 1 1 0 2 1 2 3 1 3 3 2 2 1 0 2 4 0 4 1 2 4 3 1 2 2 2 3 5 5 1 1 1 1 0 3 3 2 0 2 4 4 1 1 0 2 1 2 1 0 2 3 3 5 0 2 3 1 3 2 0 1 3 1 1 3 3 2 3 2 3 0 1 1 2 0 2 1 1 2 0 0 1 5 0 1 4 3 1 2 2 2 1 0 1 2 3 4 2 2 1 1 2 5 2 1 2 2 3 0 3 0 5 0 0 2 2 3 3 2 4 2 1 1 2 1 2 2 4 0 3 1 2 1 2 1 3 2 2 1 2 0 1 2 1 0 4 2 1 2 2 2 0 4 2 0 0 2 2 0 4 4 3 2 1 5 2 2 1 3 2 1 2 3 2 1 5 3 0 2 2 0 5 1 0 0 2 4 1 3 1 0 0 1 3 3 3 1 1 4 3 0 1 4 0 1 1 2 1 3 2 3 0 3 1 0 2 0 2 4 3 1 0 2 1 0 1 3 3 3 2 3 5 0 0 1 2 2 3 1 1 3 4 2 5 2 1 0 2 2 0 2 3 1 5 4 2 5 1 1 1 0 2 4 2 1 2 1 1 3 1 1 1 2 3 8 2 3 2 1 1 3 1 0 1 1 2 3 2 2 3 3 3 1 0 2 2 2 0 4 2 5 1 2 2 2 2 2 0 4 3 1 2 3 2 1 0 1 4 4 4 2 1 1 2 3 1 0 3 2 2 2 3 3 3 0 1 3 1 2 1 2 0 2 2 1 4 1 2 1 4 1 1 4 2 0 1 3 2 1 3 0 0 2 1 3 1 3 5 0 2 1 2 0 5 0 3 2 4 2 1 2 0 2 1 3 3 0 1 2 1 0 1 2 3 5 3 1 0 1 0 1 0 4 2 3 4 2 0 3 1 4 1 3 2 1 1 4 3 4 1 0 3 1 1 0 2 4 4 3 3 2 2 2 2 1 1 0 3 2 2 2 1 3 1 3 2 5 2 0 1 3 1 2 1 3 2 3 3 1 0 2 0 0 3 1 1 4 3 4 4 2 0 2 4 2 3 1 0 2 1 2 4 1 2 2 3 1 1 3 2 2 1 2 1 3 5 1 1 2 2 0 1 1 2 1 2 3 4 2 2 2 4 1 4 2 0 1 1 1 0 4 1 4 0 5 1 3 2 2 0 0 5 1 5 2 4 2 1 2 1 2 2 2 1 2 1 1 1 0 1 1 4 2 3 3 1 3 0 2 4 3 2 0 2 2 3 2 5 3 1 0 2 1 4 1 1 2 2 1 2 1 0 3 1 4 2 3 4 2 1 3 1 1 3 0 4 1 3 2 2 2 0 5 2 3 5 2 1 2 1 2 4 0 4 4 1 3 2 2 2 4 1 3 1 1 3 2 2 2 1 2 1 1 0 2 0 1 1 2 4 1 1 1 1 1 3 3 1 1 2 0 4 2 3 3 1 1 2 2 3 1 1 0 3 2 1 0 2 1 2 2 5 3 3 3 2 1 1 2 3 0 2 2 1 0 3 4 1 1 3 1 5 5 7 0 4 1 1 0 1 2 1 3 2 2 0 1 2 1 1 2 0 2 2 4 0 5 2 3 5 1 0 5 2 1 2 2 0 1 2 2 3 1 2 0 1 2 2 2 3 1 3 3 3 0 1 2 2 0 0 2 0 1 3 1 1 3 1 0 1 0 0 1 3 6 1 5 2 2 1 1 2 4 2 5 1 2 1 2 1 3 1 1 3 1 2 2 3 0 2 2 3 1 2 2 0 3 4 2 1 1 2 2 1 2 2 1 1 1 5 3 3 1 2 4 1 3 2 2 3 0 3 1 0 2 3 4 1 1 1 1 3 1 0 4 3 1 1 2 2 1 1 2 1 2 3 2 2 2 2 4 1 3 2 5 3 1 1 2 3 1 0 2 6 6 2 0 0 3 1 2 3 0 1 2 3 3 2 1 2 0 2 2 1 0 3 2 1 0 1 2 1 3 0 4 2 2 3 1 2 4 2 1 1 4 4 1 1 1 4 4 0 2 2 1 2 0 2 0 3 1 3 3 2 3 2 2 1 2 1 1 4 1 0 4 3 2 5 4 1 1 3 3 4 2 3 0 4 2 0 5 4 2 2 1 3 1 1 1 0 5 2 2 1 2 4 2 4 2 5 0 2 0 1 1 0 0 1 1 0 2 2 2 3 4 2 3 1 2 0 0 2 2 4 2 4 0 2 2 1 1 1 0 2 1 3 0 3 3 2 3 1 1 3 0 4 4 0 0 2 1 2 1 2 0 3 1 2 4 2 2 3 0 5 2 5 1 2 0 4 2 3 1 2 2 1 0 2 4 2 1 2 3 1 3 0 4 2 1 5 1 3 0 4 0 3 2 3 2 1 3 2 3 1 2 2 1 3 2 2 3 2 3 0 2 2 1 2 1 2 1 1 1 0 0 3 1 3 0 1 3 1 1 4 2 1 0 0 2 1 1 2 4 1 4 3 1 0 3 1 3 0 0 0 0 1 1 2 1 4 2 1 1 2 2 2 1 3 2 4 3 2 1 1 2 2 2 3 0 6 2 2 1 2 4 0 1 0 3 4 1 0 2 4 1 2 2 2 0 2 2 1 3 2 2 3 4 2 1 1 1 1 1 4 0 2 2 0 2 0 4 4 1 0 1 0 3 0 3 1 0 2 3 2 3 2 3 1 2 2 2 2 1 0 2 2 2 1 3 3 5 2 0 3 3 2 2 0 3 2 3 1 2 2 0 3 2 3 0 3 4 6 1 2 1 2 1 1 0 0 3 3 3 7 0 2 2 0 1 2 4 2 3 1 1 2 1 3 4 2 2 3 2 3 1 1 4 0 2 0 1 0 1 2 4 2 2 3 3 1 2 1 3 2 3 2 3 0 1 3 1 2 2 1 3 3 2 5 0 1 1 2 4 3 1 1 3 2 1 2 2 3 2 4 1 3 2 2 3 6 2 2 0 4 1 1 3 1 1 4 1 2 2 2 3 2 3 1 6 2 1 0 3 1 2 3 2 1 3 3 2 3 3 0 0 2 0 1 1 1 3 3 0 2 0 3 3 2 1 1 0 3 3 1 2 1 1 3 3 1 2 1 3 2 1 3 2 4 4 1 1 1 3 4 0 0 1 1 0 2 0 4 4 0 0 1 1 2 2 2 2 1 3 2 4 3 5 4 2 1 0 0 1 0 2 3 2 6 1 0 4 2 0 3 2 1 1 3 1 1 6 3 3 0 3 3 5 2 3 1 1 0 1 1 2 3 0 0 3 5 0 2 0 2 1 2 2 1 0 3 1 5 1 2 2 5 3 0 4 1 2 4 3 1 2 2 0 2 2 1 2 2 3 1 2 3 5 2 1 3 1 0 2 2 5 3 2 1 2 1 3 1 2 1 2 2 4 0 2 4 1 2 2 2 3 0 2 3 2 2 1 4 2 1 1 1 1 5 4 1 7 1 3 0 1 1 1 3 1 3 1 1 1 2 4 5 0 2 2 1 2 3 2 2 1 2 1 0 5 1 2 1 0 1 2 1 2 3 3 4 1 3 1 3 5 2 1 2 0 0 3 1 3 3 5 0 2 1 6 1 3 2 0 1 1 1 0 1 3 2 0 2 2 1 1 2 4 1 3 1 1 2 2 3 2 0 3 2 1 1 1 3 3 2 1 4 1 1 1 1 2 1 3 1 5 3 1 0 2 2 4 4 0 3 2 1 2 0 2 2 6 3 1 2 2 3 2 0 2 1 0 1 1 7 2 0 2 3 1 4 1 0 3 2 5 3 3 2 0 1 0 1 1 1 2 1 1 4 4 4 4 2 2 1 0 2 0 1 1 3 0 5 0 3 4 1 3 4 2 2 1 2 0 2 1 5 2 3 2 3 1 1 2 0 1 5 2 3 3 0 1 2 2 2 1 0 2 1 3 3 0 3 3 3 2 6 3 2 1 0 1 1 4 2 4 1 2 2 3 3 1 1 3 3 1 1 3 3 2 0 3 1 1 3 4 1 2 1 4 1 2 3 1 3 2 0 0 0 4 1 0 3 1 2 0 2 3 2 3 2 1 6 3 1 2 6 1 4 1 4 3 3 0 1 1 3 3 3 2 0 1 3 3 2 0 5 2 1 2 2 0 2 0 2 1 1 0 3 4 0 1 2 3 3 0 5 3 3 2 0 1 2 3 2 0 1 7 2 3 1 3 0 1 4 2 2 2 1 4 2 2 5 1 3 2 0 3 0 4 1 0 3 1 3 1 0 2 2 2 5 1 3 1 1 3 3 3 2 3 0 2 3 1 2 0 3 1 0 4 4 0 3 4 2 1 1 1 0 1 5 2 2 5 0 2 0 1 0 2 2 0 2 2 2 1 0 2 3 1 3 3 1 3 2 4 1 2 1 2 1 1 7 3 1 1 1 4 1 1 4 3 1 2 1 0 2 3 2 3 1 0 6 3 3 3 1 3 2 2 3 1 2 3 0 3 1 1 4 0 3 1 1 2 2 0 3 2 3 2 1 1 3 1 5 3 1 0 5 2 1 0 2 1 1 3 2 0 1 2 1 0 3 2 0 3 1 1 0 0 3 3 2 4 3 4 2 3 1 4 2 4 1 1 2 0 2 2 5 3 2 2 4 2 1 0 0 2 2 1 1 1 5 1 1 1 3 4 0 2 1 2 0 3 2 0 3 2 6 3 1 3 3 0 1 2 2 0 2 2 3 1 2 5 2 3 3 1 2 2 2 1 2 4 1 8 1 2 2 2 2 2 1 1 3 2 0 2 2 3 5 1 0 2 2 0 3 4 1 4 1 3 0 0 2 1 4 4 0 1 2 5 0 2 4 1 5 5 2 2 3 2 4 3 2 0 3 0 3 1 1 4 1 0 2 7 2 3 1 3 0 2 3 2 2 3 0 0 2 3 0 1 3 0 1 1 1 1 4 2 2 0 1 3 4 0 0 3 0 1 1 1 3 5 3 1 5 0 5 1 1 2 2 2 3 0 1 2 4 3 3 3 3 2 5 2 1 1 1 0 1 3 1 5 4 0 4 2 1 2 2 0 2 3 1 2 1 2 1 4 1 4 2 3 2 1 1 1 1 3 0 3 4 0 3 1 1 1 1 2 3 3 3 1 0 0 2 2 3 1 1 1 4 2 2 1 2 0 1 2 3 3 1 2 2 4 1 1 2 1 2 2 3 2 1 1 2 3 0 0 0 2 2 2 1 1 1 5 1 1 1 2 3 2 0 2 0 1 0 2 2 1 4 3 3 2 2 6 2 2 3 1 2 2 0 3 2 4 1 2 2 4 1 0 1 2 2 1 1 3 0 3 1 2 1 0 3 2 5 4 1 3 3 1 0 3 1 2 4 1 3 0 2 0 1 2 0 2 2 2 2 4 3 2 0 1 0 2 3 1 3 0 1 2 5 1 3 1 1 3 3 0 0 3 2 4 5 0 3 2 2 1 2 1 1 3 2 1 2 1 1 0 1 2 0 5 4 3 2 1 2 6 3 2 0 4 1 0 2 4 2 0 5 4 1 0 0 2 2 0 0 2 2 5 1 2 3 4 0 2 3 2 1 2 1 3 1 1 2 1 2 1 2 2 2 1 4 2 3 0 3 2 4 2 1 2 0 4 0 0 2 1 3 4 1 4 1 4 1 3 2 3 0 0 0 2 3 4 3 1 1 6 3 2 1 3 2 2 1 3 2 2 1 2 3 3 1 3 3 0 3 3 2 3 1 2 4 2 0 2 0 4 1 1 4 3 2 2 3 1 1 1 1 2 2 3 1 4 4 4 3 3 4 3 2 1 0 2 3 4 1 1 2 2 1 2 4 2 2 2 1 2 1 0 2 1 2 3 3 0 2 3 1 1 2 2 1 0 4 0 2 2 2 3 1 2 1 1 3 1 2 1 3 4 0 2 2 1 2 0 1 3 0 4 1 1 3 3 2 3 1 2 4 2 0 2 2 1 2 0 3 1 0 1 3 1 2 4 1 4 2 3 1 2 0 2 2 1 1 2 4 1 7 2 1 0 1 1 2 0 2 1 3 2 3 1 2 2 2 1 1 2 0 2 1 2 1 2 0 5 1 0 1 1 1 4 2 3 0 0 2 2 4 2 3 2 1 1 2 1 2 1 0 3 2 6 1 4 2 1 1 0 3 3 2 2 2 3 4 0 1 3 1 4 0 2 1 0 3 2 2 5 1 1 2 1 2 4 4 1 2 2 5 4 1 2 1 1 3 2 2 2 4 5 3 1 2 1 2 3 3 2 1 1 0 3 2 2 0 2 1 1 2 3 3 3 1 1 3 1 1 3 4 1 0 2 4 3 2 3 2 2 2 1 1 3 0 2 4 6 0 1 0 3 1 4 3 2 1 1 0 0 3 2 5 2 0 0 2 2 3 3 2 1 3 3 3 1 2 1 1 2 2 3 2 3 3 1 4 3 0 2 0 3 2 3 1 2 3 3 2 3 1 2 2 2 1 2 3 0 1 2 4 1 2 4 2 3 5 3 0 0 1 1 2 2 2 2 3 2 5 2 1 4 1 0 2 2 0 1 3 4 5 4 1 5 1 2 1 2 1 3 2 4 3 1 1 2 1 2 2 2 1 3 3 2 6 2 1 2 1 3 2 0 1 4 0 1 2 1 0 0 3 2 2 2 3 7 0 1 0 2 1 4 3 2 1 4 1 1 0 2 0 2 3 4 2 1 4 2 2 2 2 0 3 5 4 1 4 3 2 3 3 0 2 0 0 3 1 1 1 2 2 0 3 3 0 2 6 6 4 2 4 2 0 1 3 1 1 1 2 2 3 2 2 1 2 4 3 0 2 3 2 2 0 1 2 2 1 2 4 1 3 1 1 2 0 3 4 0 1 1 2 4 4 1 1 0 2 2 2 2 2 2 3 2 0 2 0 0 3 2 0 3 7 2 2 2 2 5 2 3 1 1 2 1 2 2 3 2 3 1 1 0 0 1 1 2 0 2 2 3 3 3 1 0 3 1 3 3 0 3 2 3 1 3 0 0 1 2 3 1 2 2 0 3 5 3 4 2 3 2 1 2 3 0 1 3 3 2 3 2 1 1 3 2 3 4 1 1 1 1 2 1 1 2 4 0 3 0 1 0 4 3 1 3 2 3 2 3 3 0 3 1 2 2 2 2 1 3 3 4 2 2 2 4 1 2 0 2 0 2 5 4 2 2 0 0 1 4 2 2 1 0 3 2 0 2 2 2 3 3 1 0 0 0 3 4 2 2 1 1 1 2 4 1 3 2 2 1 4 1 3 0 4 1 2 2 2 2 2 3 1 0 3 4 2 1 1 1 3 2 1 3 1 2 3 2 0 4 5 1 5 1 1 4 0 1 0 1 3 4 0 3 5 4 1 3 2 0 1 0 0 1 2 0 4 1 3 2 0 2 1 1 2 2 2 3 1 1 4 3 0 1 2 4 0 3 0 5 2 4 1 1 2 0 3 1 0 0 1 2 1 1 2 0 3 4 3 4 0 4 0 0 1 2 3 2 1 1 4 2 3 2 2 2 4 1 2 2 2 1 1 0 2 5 6 0 1 2 0 2 1 2 2 3 2 3 3 2 2 2 1 3 1 1 1 1 1 3 0 1 3 2 3 3 2 3 4 2 3 3 1 3 0 2 6 3 4 3 5 3 2 1 0 2 2 4 1 2 1 2 1 2 1 7 0 2 2 4 3 3 1 2 3 3 3 4 1 1 3 2 1 5 2 1 4 0 5 3 2 5 1 2 1 2 4 1 2 1 2 0 1 1 2 1 3 1 1 0 1 2 4 3 3 2 0 1 1 0 1 2 3 3 4 4 2 2 2 4 3 1 0 3 0 3 2 2 4 0 3 2 1 3 3 1 3 1 2 4 2 6 2 1 1 3 1 5 0 1 3 0 5 1 2 1 1 0 5 3 1 4 1 0 2 3 1 0 4 2 2 1 3 1 3 3 3 2 4 0 1 3 2 3 2 0 2 3 3 1 2 1 2 3 0 3 2 3 3 3 1 2 2 2 3 1 1 1 4 1 3 1 1 4 2 1 0 2 2 1 2 3 2 3 2 5 2 1 1 3 1 2 3 3 3 2 1 5 1 3 2 4 4 2 0 1 2 3 2 3 3 1 1 2 7 1 1 2 4 1 1 2 0 2 1 2 2 3 1 1 1 2 3 2 1 4 2 0 2 2 2 2 1 3 1 2 2 3 1 2 2 2 4 2 3 0 3 0 3 2 3 5 0 2 2 3 2 2 4 0 3 0 1 2 3 2 2 1 2 2 1 2 2 1 1 2 0 1 1 4 0 0 2 3 1 0 4 1 1 2 2 3 1 1 1 3 3 3 1 1 4 2 0 4 3 3 3 0 2 3 2 6 0 2 2 2 1 4 4 2 3 2 1 2 2 5 0 3 2 3 1 0 3 1 3 0 1 2 1 2 3 2 1 1 2 1 5 5 0 4 2 0 0 2 3 1 2 3 2 5 3 1 2 2 2 5 5 1 5 2 1 1 3 0 1 1 2 1 1 1 3 3 1 4 0 2 3 0 2 2 5 1 2 2 2 1 4 2 3 3 1 1 4 1 2 3 2 7 0 1 0 3 1 0 2 1 2 1 5 1 0 1 2 3 0 1 1 2 2 0 4 2 2 4 3 4 1 4 1 1 1 4 5 0 2 3 1 2 0 2 1 2 2 2 3 1 0 2 2 1 1 0 2 2 2 1 3 1 2 2 1 3 0 2 2 6 1 5 0 2 0 3 0 3 1 4 0 3 3 2 0 2 3 1 1 1 4 3 3 0 2 2 1 3 2 3 3 2 1 3 1 2 3 2 3 2 2 1 5 1 4 1 2 4 3 4 2 2 2 1 3 5 3 2 1 2 1 2 1 1 3 0 4 4 0 4 3 0 1 0 4 1 4 0 1 0 3 0 6 1 2 4 4 0 3 1 1 3 2 2 2 1 2 0 3 3 3 1 2 2 1 1 2 2 2 0 4 3 2 3 3 3 1 3 2 1 4 2 2 0 1 4 2 0 0 3 1 2 5 2 2 1 3 2 2 2 1 0 1 3 2 0 3 1 0 1 1 3 3 1 1 1 1 3 2 2 1 4 0 0 4 1 3 2 1 2 2 1 2 3 2 0 3 2 0 5 0 0 4 1 2 1 3 4 2 1 2 2 2 1 3 2 4 3 0 3 1 3 1 2 4 4 3 2 0 3 4 0 2 1 2 2 2 1 3 2 0 1 3 1 0 3 1 1 1 2 3 1 1 3 3 2 1 2 2 1 1 1 4 2 0 1 4 3 2 1 3 3 1 3 2 0 2 3 2 3 2 2 4 2 2 0 3 2 0 1 1 3 2 4 2 3 2 2 0 1 2 3 0 7 2 3 1 0 2 3 2 1 3 0 1 2 2 2 1 2 3 0 3 2 2 2 2 3 1 0 3 2 1 6 4 3 2 3 2 2 1 3 1 4 2 2 3 2 0 1 1 0 1 1 2 1 3 1 3 2 2 0 3 4 3 2 0 3 2 2 1 1 1 4 0 1 1 4 2 2 3 0 3 2 2 5 1 3 2 2 1 4 2 5 3 1 1 1 1 1 1 0 2 0 0 4 1 3 5 2 0 1 1 1 2 4 2 1 1 2 2 0 3 2 1 1 1 4 3 2 1 0 7 2 1 1 2 3 4 1 3 4 1 1 3 1 2 3 4 0 4 1 2 3 0 2 2 1 0 1 2 4 3 2 1 1 4 2 1 2 3 4 1 1 1 3 0 2 2 1 3 2 4 1 3 2 2 0 2 3 3 1 3 1 1 2 1 3 1 4 1 1 4 1 3 3 2 2 1 2 0 3 2 1 4 1 2 2 0 2 0 2 3 0 4 3 4 1 1 2 2 4 1 2 2 2 3 1 1 0 1 2 1 3 1 1 2 3 2 1 2 1 3 1 1 3 2 2 3 2 0 2 3 1 5 5 3 0 0 0 1 4 1 1 3 0 2 5 1 2 2 1 0 2 5 2 1 2 1 0 2 3 1 4 2 4 1 5 4 0 1 2 2 0 1 2 2 3 2 5 1 3 1 2 2 2 2 1 0 1 3 1 2 1 2 2 3 3 1 1 0 0 1 1 7 2 4 1 0 3 5 3 4 2 1 0 1 4 2 5 0 4 3 1 2 3 0 2 4 0 3 1 4 0 2 3 1 1 3 3 3 1 1 3 3 3 2 0 1 2 3 3 0 3 0 6 3 4 2 1 2 3 1 0 5 1 1 2 1 4 2 2 1 5 1 2 1 3 2 4 3 0 0 3 2 4 3 2 4 0 4 1 3 4 3 1 4 2 1 3 0 1 2 0 2 2 1 5 1 2 3 3 2 0 2 1 3 2 1 3 3 0 3 6 2 1 1 4 1 1 1 0 3 3 0 1 2 0 3 2 4 2 1 5 3 1 0 3 1 3 1 4 1 0 2 2 0 4 5 3 1 2 0 2 2 3 3 1 1 0 3 2 0 6 2 2 1 4 2 2 0 1 2 1 0 2 3 0 2 4 3 3 3 4 2 0 0 2 1 3 2 5 3 3 4 2 1 0 5 1 0 3 0 3 2 5 2 1 2 2 1 1 4 1 1 2 2 3 1 3 3 1 0 2 0 1 1 3 2 1 3 2 1 3 3 0 3 1 3 3 2 2 2 2 2 1 3 2 2 0 1 1 1 2 1 3 1 1 7 0 2 3 0 3 1 2 2 2 1 1 0 1 2 2 2 3 3 2 1 2 2 3 2 1 3 1 3 3 4 2 2 2 1 0 0 0 3 1 1 2 2 0 0 2 4 2 1 2 2 3 2 0 2 3 1 3 3 2 2 3 1 6 2 1 3 0 0 2 3 2 2 3 2 2 1 3 4 2 1 2 4 1 0 3 2 4 3 1 0 2 5 3 1 1 2 2 4 0 1 1 2 3 3 0 8 0 4 1 3 4 1 0 1 5 2 1 0 3 4 2 2 1 1 3 1 2 3 1 2 2 4 1 3 0 1 2 4 4 3 0 0 3 3 1 0 2 1 2 2 1 3 1 2 2 3 1 1 0 0 1 2 1 2 4 4 1 0 4 3 3 2 0 1 2 1 0 2 1 3 1 2 4 2 0 3 1 1 3 3 2 7 0 1 2 1 3 3 0 0 0 4 2 5 0 2 0 1 1 1 3 1 5 2 2 2 3 0 3 5 1 0 1 1 1 2 1 2 6 1 1 1 1 1 0 2 3 2 2 1 3 2 1 2 1 1 2 0 2 0 3 0 2 1 1 1 0 2 3 3 1 7 1 0 1 2 1 2 1 5 1 0 4 4 1 2 2 2 3 2 4 6 1 3 1 1 0 3 1 1 2 0 2 3 1 3 1 5 1 2 1 1 0 1 3 2 4 3 2 2 0 2 1 2 1 1 1 2 3 0 1 2 3 0 2 2 3 0 3 3 3 2 1 1 1 4 2 1 3 1 0 2 2 2 2 1 4 2 2 3 2 2 0 2 0 1 2 0 2 0 3 2 3 3 0 1 1 5 3 0 2 1 3 2 4 3 1 1 1 1 1 1 0 3 3 1 0 1 1 1 2 1 4 1 4 3 1 3 2 0 1 2 1 0 3 4 1 1 0 3 1 0 1 2 1 6 5 3 2 3 2 1 1 3 1 1 3 1 0 2 1 3 4 3 0 2 2 3 3 2 6 1 0 2 2 1 1 5 1 1 0 0 2 2 3 0 2 1 0 1 5 2 2 4 3 0 2 3 0 5 0 1 2 2 2 2 2 1 2 0 0 3 3 2 1 1 2 2 1 3 3 1 1 1 3 2 3 2 2 3 1 4 4 4 1 1 2 3 2 3 2 1 1 3 1 3 4 0 2 3 5 2 2 3 1 1 1 2 2 1 4 1 1 2 3 4 3 3 0 2 2 4 2 4 2 1 1 1 2 0 4 1 3 3 1 3 2 1 0 2 1 2 3 1 4 0 3 0 0 3 1 2 5 2 3 0 0 3 1 2 5 3 1 0 2 1 2 1 1 3 1 1 4 3 1 2 4 2 2 3 0 3 1 1 2 2 3 2 2 2 2 1 1 2 2 3 1 2 0 3 1 1 3 6 2 1 1 3 3 3 0 1 2 1 1 1 1 1 0 0 3 1 3 6 2 2 0 4 2 2 4 1 2 2 4 2 0 4 0 2 1 1 1 2 1 1 2 2 4 3 1 2 3 0 1 1 0 2 3 3 4 2 3 1 2 1 4 1 2 2 0 2 1 4 2 2 0 3 2 4 2 3 2 1 1 1 4 3 1 4 1 0 1 1 3 0 3 2 1 1 0 2 1 3 2 2 2 4 1 0 2 2 2 2 1 4 2 0 1 1 2 3 1 2 2 0 2 1 1 3 2 3 0 0 1 3 0 1 2 2 2 2 0 3 1 3 4 1 3 1 2 0 2 2 3 0 3 2 3 4 1 3 1 1 4 3 2 1 1 1 2 1 4 1 1 2 2 3 0 1 1 1 1 2 2 5 2 1 1 2 1 0 1 3 3 2 2 1 2 3 0 2 0 3 1 0 4 1 0 0 2 4 0 2 3 3 2 0 3 0 0 3 2 1 1 4 1 4 4 1 0 0 2 3 0 1 2 1 1 2 2 1 2 4 1 2 1 4 1 2 1 1 2 3 5 4 1 1 0 3 2 5 3 7 0 1 0 1 2 1 5 1 2 2 5 1 1 1 2 6 2 0 1 2 1 5 3 1 1 4 3 2 1 4 3 1 1 1 1 3 0 1 0 3 2 3 2 2 3 3 4 2 4 3 2 1 3 1 3 1 0 0 1 1 3 2 3 1 1 4 4 0 1 1 2 2 1 1 4 2 1 4 2 2 2 4 1 4 2 4 2 0 0 1 2 1 2 5 2 2 0 1 4 4 0 1 4 2 1 4 0 3 4 3 1 1 1 5 5 4 2 1 1 2 2 0 2 2 2 3 2 3 1 2 4 3 0 2 1 1 3 2 1 3 4 1 7 1 2 2 4 1 0 1 3 3 2 3 0 6 0 1 1 0 1 3 4 1 1 5 1 0 0 3 3 4 2 2 1 0 3 4 0 1 3 0 4 1 2 2 5 1 2 2 1 1 1 4 2 2 3 0 1 0 5 4 2 0 2 0 1 3 0 2 0 5 3 1 0 0 2 1 0 1 0 3 0 1 3 1 6 2 1 1 1 4 2 3 0 2 1 1 3 2 4 2 2 3 2 3 3 2 2 1 0 4 1 1 6 4 2 2 3 2 2 2 1 2 1 3 0 0 1 3 4 2 1 1 3 2 1 0 1 2 2 1 1 2 1 4 2 1 2 2 0 1 6 4 2 2 0 1 1 2 2 2 1 2 2 1 1 1 3 0 4 0 3 1 0 3 0 5 1 1 2 5 1 2 2 2 0 3 2 2 4 2 1 1 3 2 3 4 2 2 3 2 2 2 1 4 3 2 1 1 2 3 1 1 4 0 1 2 3 2 1 4 1 0 2 1 2 3 1 2 3 2 3 1 3 3 0 3 0 2 1 0 5 2 1 3 3 1 3 1 5 3 0 2 2 1 1 1 3 6 0 0 3 1 5 1 2 3 3 1 0 2 1 3 0 6 3 5 0 1 1 0 2 1 4 1 0 1 2 5 3 2 0 2 2 3 2 0 1 3 0 1 3 4 1 2 1 1 1 2 1 3 2 1 1 2 2 2 1 5 2 1 1 2 0 2 4 4 2 2 1 0 5 1 4 1 2 2 1 2 1 1 0 1 3 4 3 5 0 3 4 0 2 0 1 0 3 5 2 1 3 0 2 1 1 1 1 1 3 1 3 3 2 1 0 2 0 0 1 2 1 1 2 1 3 3 0 2 1 4 2 5 3 2 2 0 1 1 2 2 2 1 1 1 1 2 6 1 4 3 1 0 5 2 2 0 2 1 3 2 2 1 0 3 1 3 1 5 2 4 3 0 2 3 4 2 2 2 3 0 2 3 2 1 2 1 0 1 2 3 1 2 1 1 2 1 1 1 2 4 1 5 2 0 2 0 1 0 4 2 1 1 4 1 3 1 4 2 2 2 1 1 2 2 2 3 2 0 0 2 1 2 0 6 2 4 1 1 4 5 5 4 2 1 4 4 2 4 1 1 3 1 1 3 1 0 1 4 2 3 2 5 1 2 1 2 3 1 4 3 1 3 2 2 1 2 3 2 2 2 1 3 0 1 3 4 2 5 2 2 2 0 2 2 3 2 1 3 0 0 1 5 3 2 0 1 2 5 3 3 0 3 2 1 2 5 1 1 2 0 0 0 4 2 1 0 4 0 0 0 1 1 3 3 2 2 3 2 1 3 3 5 1 0 2 0 1 2 2 4 1 2 1 2 1 2 3 2 4 1 4 2 3 3 1 1 0 2 5 2 3 6 2 4 1 2 0 5 2 2 2 5 0 2 2 3 3 2 3 2 1 1 6 2 3 2 3 2 3 1 2 0 2 3 1 2 2 1 3 1 3 2 2 2 0 1 6 7 2 5 1 4 3 0 2 5 1 3 3 2 1 0 3 2 2 3 2 2 2 2 2 2 4 2 0 3 1 3 2 0 1 0 1 1 3 1 1 1 4 1 3 1 2 4 2 2 2 1 4 1 1 2 3 2 2 4 3 0 0 2 6 4 3 1 1 0 0 0 0 2 2 1 1 4 1 4 3 1 2 3 4 1 0 1 6 2 0 2 1 1 0 5 2 1 2 1 2 0 0 2 0 2 2 4 1 0 2 4 1 3 3 2 4 2 2 0 2 0 2 1 1 0 1 2 2 1 1 2 2 3 4 2 1 3 2 4 0 6 2 3 1 0 3 2 1 2 3 1 3 3 3 1 1 0 2 1 1 2 3 4 2 1 0 1 1 0 1 0 3 3 1 2 3 2 1 2 1 2 3 3 2 1 0 2 1 1 1 4 3 1 6 2 3 2 1 1 1 0 2 4 1 3 3 0 1 3 3 3 0 0 0 4 2 2 1 2 2 4 4 3 4 1 0 2 0 2 2 2 2 1 3 0 1 2 4 0 3 2 1 2 1 1 3 3 0 2 2 1 4 2 1 3 2 0 3 0 2 2 3 3 3 3 0 2 1 3 0 1 1 4 3 1 2 3 1 1 2 2 1 3 2 2 4 3 0 2 2 2 5 2 4 0 2 3 1 1 2 2 4 1 3 0 2 2 0 0 1 4 1 0 3 0 3 4 1 2 4 2 2 1 6 1 1 2 1 2 2 0 4 2 2 2 3 4 3 4 0 3 1 2 4 2 2 2 4 0 3 1 0 4 0 1 2 5 3 2 3 1 1 2 1 5 1 2 2 4 1 3 3 1 0 3 1 0 4 5 2 1 0 3 2 2 1 2 0 4 3 2 1 4 2 6 3 1 1 3 4 1 2 2 1 2 2 4 2 1 1 1 0 3 2 3 2 2 2 1 0 0 3 3 3 0 2 1 1 3 1 3 0 3 2 2 2 1 2 1 2 3 3 3 2 1 1 3 2 3 3 1 2 2 5 3 1 1 2 2 2 1 2 2 0 1 0 2 2 1 1 2 2 2 3 1 2 1 0 2 0 1 2 4 1 2 3 2 1 4 3 2 1 2 0 1 4 3 1 2 0 2 1 3 3 0 2 2 3 0 2 2 4 1 2 2 3 1 2 1 2 2 0 2 6 1 2 2 2 1 1 0 4 3 2 0 1 2 2 1 4 2 2 2 2 1 2 3 2 0 2 1 2 5 4 3 2 1 2 3 3 4 1 1 3 3 0 4 3 3 1 0 4 3 1 3 0 3 3 1 0 2 2 0 2 2 0 3 2 2 4 2 1 2 3 2 1 2 1 1 5 2 0 5 1 1 1 3 4 0 3 1 2 1 2 0 0 8 2 1 1 2 1 4 1 1 2 7 0 1 0 3 3 3 0 1 4 2 3 0 0 1 2 2 0 1 2 0 0 6 2 3 3 3 1 0 3 2 1 1 6 5 2 4 3 2 1 3 2 1 2 3 1 3 2 2 3 1 0 2 0 2 1 4 0 4 4 1 3 3 2 2 1 3 2 4 3 6 2 0 0 2 3 1 2 2 1 4 1 1 1 2 2 0 4 3 2 2 2 2 3 2 2 2 1 0 2 5 2 3 4 0 3 0 3 4 2 0 1 4 1 5 1 1 1 3 2 4 1 1 1 1 4 1 1 3 0 1 1 1 2 4 2 2 3 1 0 3 3 4 1 1 0 3 2 1 2 4 2 2 3 1 2 1 1 0 2 2 1 1 1 1 1 0 2 2 4 1 2 1 1 5 5 3 2 1 1 3 1 2 4 2 5 2 0 1 2 1 1 3 5 0 1 4 2 3 4 1 1 3 2 4 1 1 1 0 2 2 1 6 0 1 1 1 2 0 2 2 2 1 4 3 1 0 1 4 2 3 5 2 1 1 2 3 4 3 2 2 1 3 0 5 0 4 0 1 2 2 0 3 2 2 0 3 1 1 2 3 4 3 1 1 1 2 3 4 2 1 1 5 0 0 1 4 3 4 4 3 0 1 3 0 2 1 7 2 4 1 1 3 2 1 1 2 1 1 0 3 0 2 2 2 5 1 4 1 0 1 1 0 1 1 3 2 4 1 4 3 5 1 3 2 2 0 1 1 4 2 1 1 1 1 0 3 3 5 3 3 5 1 6 2 0 1 1 0 1 0 2 0 2 1 3 1 3 3 2 3 1 3 2 3 2 1 2 1 1 2 2 1 3 3 1 1 1 1 4 2 2 3 0 0 2 4 1 1 3 4 1 3 2 1 3 0 2 3 0 2 0 3 2 2 5 2 2 2 5 0 2 3 0 2 3 0 3 0 0 2 3 2 1 2 3 2 0 4 2 2 0 2 3 1 6 3 3 4 3 0 2 4 1 0 1 2 0 5 0 4 2 4 2 2 1 2 2 1 4 1 2 1 1 3 0 3 3 3 4 2 1 3 2 1 2 1 2 1 1 0 2 4 4 3 4 5 3 0 2 1 2 2 3 1 0 1 0 4 4 2 1 2 3 1 0 1 2 2 3 2 1 1 1 1 2 2 1 0 1 4 3 0 0 2 1 2 4 3 4 1 1 2 2 2 0 3 2 1 1 3 3 4 2 1 0 2 2 3 3 1 2 1 0 2 3 2 1 5 0 3 4 3 2 3 0 2 4 2 2 3 0 2 2 0 1 3 2 3 2 2 2 2 1 1 0 3 0 4 7 2 0 3 5 1 0 2 1 2 2 1 0 3 1 2 4 2 0 1 1 2 2 3 3 1 3 0 1 3 1 2 2 5 0 2 1 2 1 2 0 3 3 1 0 2 2 2 2 1 2 1 2 2 6 0 0 2 2 2 1 0 1 3 2 2 2 1 5 2 0 1 2 0 2 4 3 0 4 2 2 3 0 0 1 2 4 0 5 0 1 2 3 2 1 2 3 3 0 2 2 2 1 0 1 1 2 0 1 6 2 3 3 4 2 0 0 1 2 1 3 4 1 2 0 1 0 2 3 1 0 5 3 3 1 2 4 2 2 4 0 1 1 5 2 0 2 1 4 3 3 2 3 0 2 2 1 1 2 3 3 4 1 0 2 1 5 0 2 1 3 1 2 3 2 1 0 1 1 0 1 3 4 2 0 3 2 4 1 1 0 2 1 0 4 2 1 0 1 4 1 5 2 5 1 1 3 2 0 1 1 1 4 5 1 1 2 4 1 2 2 3 2 1 5 3 3 2 4 2 3 3 1 2 3 2 2 1 2 2 2 1 0 2 1 1 0 4 0 1 4 3 3 0 2 2 2 1 4 4 1 4 1 0 1 4 0 4 4 2 3 0 1 1 0 0 0 3 2 1 3 1 2 1 3 2 3 3 2 3 1 2 3 1 3 4 1 2 0 2 4 2 0 2 2 3 2 1 1 3 4 2 2 4 5 2 2 0 1 2 3 2 3 3 1 3 1 3 0 3 4 2 0 4 5 0 6 0 1 1 3 2 6 4 1 1 0 1 3 3 6 1 3 5 3 0 2 1 4 1 3 1 3 3 0 3 3 2 0 1 0 3 4 1 3 2 3 1 1 4 1 2 1 1 3 4 0 3 2 2 0 3 0 3 1 2 4 0 1 2 3 1 2 2 2 2 6 2 1 2 0 1 4 2 0 1 0 2 1 0 3 1 2 0 2 2 2 1 1 3 2 2 4 1 0 1 1 1 1 1 3 2 1 3 3 6 0 1 4 1 2 2 1 0 1 2 2 2 2 2 0 3 5 1 1 3 1 4 2 3 0 1 0 0 2 3 3 2 2 2 3 0 1 0 2 2 5 3 2 2 1 1 4 3 2 1 0 1 1 1 2 1 2 2 1 1 1 1 2 1 3 4 5 2 1 2 1 2 3 2 1 1 2 2 1 3 0 1 1 4 1 5 4 1 0 3 0 1 3 2 2 1 2 3 1 3 2 0 4 2 0 3 0 4 0 0 5 1 2 5 0 4 1 0 1 1 1 2 2 4 1 3 3 0 4 4 1 4 1 1 1 1 4 1 0 2 2 4 4 1 2 3 1 1 1 2 2 2 4 2 1 2 4 3 2 3 1 3 0 3 1 3 1 1 3 1 1 3 0 0 1 2 1 5 3 0 3 4 3 2 2 3 2 2 0 4 0 3 0 5 1 2 2 3 3 0 2 3 1 1 1 1 1 3 2 1 1 2 2 4 0 2 6 1 2 6 1 1 1 3 2 2 1 2 0 1 2 1 0 1 2 4 1 3 0 2 4 1 4 0 2 1 2 4 2 2 1 2 1 2 3 1 1 1 0 3 2 0 2 4 3 3 1 1 1 3 3 2 1 5 1 2 0 1 2 2 1 4 2 2 0 6 1 2 0 3 2 1 1 0 1 3 3 0 1 4 2 2 3 3 5 3 0 1 4 2 2 5 2 2 0 1 2 3 0 1 1 3 1 5 2 4 1 2 3 1 4 3 2 1 1 3 4 1 3 1 3 4 2 1 1 2 4 2 6 0 1 2 5 1 1 2 1 5 2 3 7 2 2 2 1 1 2 0 3 3 5 4 2 2 2 0 1 3 1 3 3 1 3 1 2 1 3 3 2 2 2 2 3 0 0 4 2 2 2 1 2 2 5 1 2 1 5 3 3 0 2 3 3 0 0 1 4 0 0 3 3 3 1 1 1 1 1 0 1 1 4 1 3 5 2 0 2 0 1 2 4 1 2 6 3 2 2 1 1 4 0 2 0 6 2 0 3 3 3 1 2 2 0 3 4 3 2 2 4 1 0 1 2 1 2 3 3 3 1 0 3 3 2 2 1 3 2 3 5 1 1 0 1 2 4 2 1 2 5 2 2 1 2 2 2 2 1 2 2 2 2 1 3 1 4 2 5 6 1 0 3 1 0 3 0 2 4 4 2 0 4 1 2 1 2 2 1 0 2 1 1 1 1 2 2 3 0 3 2 2 1 2 4 3 1 0 3 1 4 4 2 4 2 1 2 2 3 1 3 2 1 0 3 1 2 0 4 5 3 3 3 0 0 1 3 1 0 2 1 1 2 4 3 2 2 3 3 4 1 2 1 3 2 6 3 1 3 1 1 0 1 1 4 3 2 3 3 2 4 1 2 0 1 2 2 1 2 1 0 1 3 3 3 1 2 4 1 1 1 3 1 1 7 2 0 1 1 2 3 0 2 4 2 2 1 4 3 1 3 0 1 3 1 2 3 0 2 1 0 0 3 2 3 4 3 2 0 1 1 3 6 4 1 0 3 2 4 1 1 5 1 5 3 0 2 0 3 6 1 0 0 3 3 1 2 1 4 1 1 3 2 0 2 2 1 3 3 1 2 2 2 4 2 1 2 0 4 3 3 1 1 1 1 3 3 0 4 4 2 2 4 1 2 0 1 5 1 0 1 2 2 2 1 1 1 3 1 2 2 2 4 4 1 1 4 2 1 1 2 1 3 6 1 2 2 3 2 2 5 1 2 3 1 2 3 1 3 1 2 2 0 0 0 3 2 0 0 2 4 3 3 4 1 2 1 1 4 0 1 1 2 1 1 2 1 0 4 5 0 0 3 0 3 3 1 2 2 1 2 2 3 1 3 0 1 2 2 6 1 3 0 0 1 4 2 2 2 2 3 0 0 2 5 0 3 3 3 2 3 4 2 1 1 5 0 0 3 2 1 2 4 1 0 2 2 2 3 1 2 2 3 1 3 3 1 3 1 1 6 1 3 2 4 0 3 2 2 4 1 4 1 2 0 2 2 0 3 1 1 1 4 2 2 1 2 6 1 3 0 2 2 1 1 2 0 3 2 1 3 1 1 4 2 3 2 1 2 3 5 2 0 1 1 0 1 1 2 1 4 2 4 2 3 0 3 3 1 1 3 2 1 2 2 2 1 5 2 1 0 1 4 0 3 1 4 3 4 1 2 3 0 3 4 3 1 0 2 0 1 2 3 1 2 4 5 1 2 2 0 1 1 1 3 2 3 0 2 1 4 1 4 2 4 1 0 4 2 4 0 3 0 1 0 3 0 2 3 3 3 3 0 1 2 4 1 4 1 3 0 3 2 1 1 1 1 3 2 2 1 4 2 2 4 0 1 4 0 2 2 3 3 3 2 1 0 1 3 4 3 2 6 4 3 4 1 0 3 0 2 3 1 4 0 4 2 1 2 1 1 3 3 2 3 2 0 2 0 1 1 3 4 0 0 2 1 2 1 0 3 4 5 2 0 3 0 2 1 1 0 2 3 0 3 4 1 2 4 2 0 1 2 0 3 2 2 0 0 3 4 2 4 1 3 0 2 3 0 2 5 2 2 3 2 1 3 1 0 0 3 1 3 1 3 4 6 1 0 4 2 2 3 3 1 4 3 1 1 2 0 2 3 1 2 2 1 6 3 9 2 2 3 0 0 1 1 1 1 0 3 4 1 0 3 3 3 1 1 8 1 1 2 1 1 1 3 3 6 1 2 4 1 3 1 0 1 4 1 1 4 2 0 0 5 1 2 1 3 4 1 6 2 7 1 1 0 0 1 2 4 0 3 2 2 1 2 1 4 0 3 1 1 2 2 4 2 2 4 2 1 1 3 0 3 0 1 1 4 3 2 3 1 1 3 1 2 1 3 1 1 4 3 2 3 2 3 2 3 3 2 3 1 1 3 1 1 2 3 2 1 1 2 2 3 2 0 1 0 2 3 1 1 1 1 1 4 4 4 2 5 0 1 2 2 2 4 2 2 2 1 5 3 1 4 1 0 3 1 1 1 0 4 3 1 0 2 1 2 8 3 3 2 3 1 0 3 3 0 5 3 1 3 1 0 2 3 2 2 1 0 0 3 1 1 1 8 1 2 3 0 2 1 4 5 1 7 2 1 0 0 1 1 2 1 3 4 5 2 2 2 1 1 2 1 2 0 2 2 1 0 2 3 3 4 1 3 1 2 2 3 2 4 2 2 2 2 2 2 5 4 2 3 0 0 4 0 3 2 4 4 2 1 3 1 2 1 0 4 1 2 1 1 4 1 1 2 2 5 1 1 0 0 6 5 2 0 1 4 0 6 4 1 2 0 1 1 2 3 0 2 3 1 2 1 2 3 1 2 1 2 2 2 3 1 3 2 4 4 2 0 3 0 0 2 3 0 3 2 1 3 1 7 2 0 4 2 0 0 3 2 0 3 2 5 0 4 1 5 2 0 3 3 1 3 0 2 1 3 1 3 2 3 1 1 2 2 1 0 2 0 1 4 4 2 3 2 3 0 2 1 0 0 0 1 2 2 2 2 1 2 1 3 3 1 4 1 2 1 1 2 1 2 0 2 3 6 1 1 2 1 3 1 2 2 2 4 0 2 0 3 4 4 1 1 1 3 4 4 2 5 3 1 3 0 3 0 2 3 4 2 3 3 2 0 1 1 3 1 1 3 1 2 0 1 2 2 2 1 2 1 2 1 1 1 4 2 5 1 2 1 1 0 4 3 0 2 3 2 1 4 1 2 3 3 5 0 1 1 1 1 1 4 3 0 3 0 1 1 2 1 2 3 1 1 2 1 4 3 2 0 1 1 1 2 2 3 4 1 2 0 4 3 2 0 3 2 1 1 2 1 1 2 0 1 2 2 1 3 2 1 1 1 1 2 2 2 1 3 0 2 3 4 6 0 1 1 3 2 1 1 6 1 1 0 1 1 2 1 1 1 4 4 2 4 5 0 2 3 1 3 2 1 1 2 2 1 2 1 0 5 4 1 0 2 3 1 2 2 2 2 2 3 2 1 2 3 4 4 1 2 2 0 2 1 2 2 0 0 5 6 4 3 3 1 1 0 4 0 4 2 3 1 3 0 1 0 3 5 3 3 7 1 1 4 0 2 0 1 2 1 1 4 2 1 1 2 6 0 0 1 1 3 2 0 1 1 4 1 3 1 4 2 4 2 1 0 3 2 0 2 2 1 2 2 1 1 4 3 2 1 0 0 0 2 3 2 4 3 3 2 2 1 3 2 1 2 0 0 2 2 1 4 1 2 2 1 0 5 2 1 3 1 3 1 1 2 0 1 5 2 2 0 1 4 1 1 5 3 1 2 1 2 3 2 5 2 3 1 1 1 1 0 4 4 5 3 1 2 1 1 0 2 2 3 3 2 1 2 2 1 2 1 1 1 4 5 2 3 2 2 3 0 2 1 0 3 1 1 1 0 3 1 3 3 1 3 0 1 0 4 2 2 2 2 6 1 1 4 2 0 4 1 1 1 1 1 1 3 4 3 0 1 4 4 2 0 2 1 0 3 2 2 2 0 2 1 3 2 2 2 1 1 2 5 5 3 1 2 2 1 2 2 4 5 2 0 1 2 4 2 1 1 1 0 4 3 1 2 3 1 3 2 1 3 2 4 2 3 0 3 1 2 3 4 0 2 1 0 3 4 2 2 2 3 3 1 3 0 2 1 1 0 4 2 3 4 2 1 4 2 1 1 1 1 0 2 0 4 1 3 1 1 5 0 1 2 1 0 4 1 1 2 2 4 0 5 4 3 1 2 2 3 2 1 2 2 3 1 1 1 1 3 3 1 3 2 2 4 1 0 4 0 1 1 1 2 0 6 0 0 2 2 3 2 4 6 1 1 3 1 3 0 0 6 2 5 3 0 2 2 2 1 0 1 3 2 1 3 4 1 2 1 1 3 3 1 3 2 1 1 2 0 1 2 1 3 1 3 4 1 2 1 3 3 1 3 2 5 2 1 0 2 0 5 2 2 0 3 2 2 1 0 2 0 1 3 4 3 1 2 1 0 4 1 1 0 3 0 3 0 1 0 0 4 1 2 1 2 3 4 0 1 2 1 2 1 1 1 1 3 1 1 6 2 2 1 3 0 2 2 6 2 3 2 5 2 1 2 5 0 2 2 3 1 3 1 1 1 2 0 1 1 2 1 0 4 1 1 1 1 2 2 1 0 4 3 3 4 3 1 0 0 2 1 1 2 3 1 4 1 1 4 1 1 1 2 0 1 1 2 2 4 3 2 1 5 1 1 0 0 1 3 3 0 2 2 3 2 2 1 3 3 3 3 1 1 3 1 2 1 2 3 1 1 3 3 3 2 2 1 4 4 3 1 2 2 1 5 2 1 5 3 0 4 3 1 2 3 1 2 4 2 4 2 0 1 1 2 2 2 0 2 1 4 1 5 1 7 1 0 2 1 2 1 3 1 2 3 1 2 2 4 0 0 2 2 4 4 1 6 3 0 1 1 0 1 2 0 3 1 3 1 3 0 3 2 0 3 2 3 2 7 4 1 1 2 1 2 2 2 2 0 3 6 2 2 2 1 4 1 3 1 1 0 1 2 0 2 3 2 2 5 0 2 1 1 1 5 1 1 1 0 0 6 2 2 2 2 2 3 6 5 1 2 1 3 2 2 2 1 2 4 5 1 1 2 2 1 1 7 2 2 0 1 1 2 1 2 0 2 3 0 3 5 1 0 1 3 5 0 3 2 0 1 0 3 5 3 3 0 4 1 3 3 2 2 8 0 1 2 2 2 1 2 4 1 1 3 2 2 0 1 2 4 1 2 2 4 1 2 5 2 1 3 2 1 2 4 1 2 3 3 5 1 5 1 1 6 1 2 1 2 2 3 4 2 1 0 3 0 3 0 2 1 0 3 3 1 2 2 1 2 4 2 0 1 1 1 1 4 2 1 3 2 3 2 2 5 1 2 2 3 2 0 2 2 2 2 2 1 0 3 3 1 2 1 0 3 1 1 1 0 4 0 2 2 2 3 1 5 4 2 1 2 2 1 2 4 4 4 1 1 0 1 2 0 6 1 2 5 2 3 1 1 0 4 1 3 2 1 1 3 3 2 0 1 3 0 0 2 2 0 3 0 2 2 3 4 0 0 2 3 2 3 4 0 0 5 1 3 3 2 6 0 2 1 1 1 2 3 2 1 5 1 2 2 3 2 1 3 0 3 4 0 2 3 2 3 2 1 1 3 1 1 1 2 2 4 2 5 1 1 0 3 4 4 2 3 0 2 1 2 2 1 3 2 3 1 3 0 1 2 3 3 1 4 0 1 1 4 1 1 3 2 0 2 4 1 1 4 3 2 2 2 1 2 1 2 2 2 3 1 1 3 1 1 4 2 2 2 1 2 3 3 2 1 2 4 0 2 1 2 2 4 2 1 0 1 1 5 0 6 1 2 2 3 3 5 0 1 0 0 2 1 1 2 7 2 4 4 0 3 2 3 0 0 2 2 2 4 2 3 3 0 3 2 1 2 3 1 1 1 3 3 2 0 2 3 3 3 2 3 3 4 3 0 3 2 0 1 4 3 3 1 1 2 4 0 1 1 1 4 0 2 2 2 1 1 1 0 3 4 1 3 2 2 2 0 1 1 1 4 3 1 3 4 1 2 0 1 3 1 2 3 2 0 0 3 1 1 1 1 5 4 2 2 2 3 1 1 2 3 3 2 5 5 0 1 0 1 2 1 4 2 1 3 1 2 1 1 6 2 1 3 3 1 4 4 0 3 2 3 3 0 2 0 3 1 0 1 1 2 4 3 4 3 1 2 1 4 1 2 1 4 5 0 0 2 2 1 4 3 4 5 2 2 4 0 1 2 2 1 2 1 2 4 3 2 2 1 1 0 1 2 4 1 4 2 3 2 2 2 1 2 2 1 1 2 2 1 1 4 3 2 2 1 2 1 5 2 0 3 3 3 1 2 2 2 1 2 2 3 1 0 3 2 3 3 1 2 6 4 0 1 1 3 1 3 1 1 5 1 3 0 1 3 3 1 2 2 3 3 2 5 2 2 2 3 3 2 2 2 4 4 3 0 2 2 2 1 2 4 4 3 3 0 2 0 2 3 2 2 2 4 1 3 0 3 1 0 2 0 1 5 3 1 2 3 3 1 1 0 0 2 3 0 1 3 2 2 3 4 2 1 3 1 0 0 3 1 3 1 0 1 3 3 0 2 0 4 2 2 1 3 1 3 2 3 4 5 1 4 1 0 2 4 2 1 2 1 0 2 2 1 1 4 3 2 2 3 3 1 0 2 3 3 2 5 1 1 1 3 0 0 2 2 1 1 2 1 2 4 3 5 2 2 1 2 2 2 4 1 2 3 2 0 1 1 2 0 2 1 1 2 2 0 3 5 2 3 2 1 4 0 1 1 1 1 3 2 5 0 4 2 3 0 3 1 2 5 2 1 3 2 0 2 2 2 3 1 2 3 0 3 2 0 5 2 3 1 1 1 4 2 3 0 1 2 0 1 2 0 1 1 1 3 1 2 3 2 4 3 1 0 1 0 3 2 2 1 4 0 0 2 1 3 6 2 0 1 3 1 1 0 3 1 2 0 0 1 0 2 4 1 2 3 1 3 3 1 2 3 1 4 3 1 1 3 1 3 4 1 2 1 2 2 3 1 1 1 6 2 2 1 3 1 1 5 2 0 1 8 0 2 1 2 1 0 3 0 1 1 1 1 4 2 2 1 3 1 0 2 2 0 2 3 4 2 3 1 1 1 3 2 0 7 1 1 0 2 4 0 3 6 2 1 1 5 2 0 0 2 0 0 2 7 1 3 1 2 3 2 2 1 1 6 1 1 3 1 8 1 2 0 3 3 0 1 1 2 3 2 3 1 1 4 0 1 2 3 1 6 2 4 0 3 2 5 2 3 1 2 1 0 3 1 2 2 1 0 1 2 0 2 1 4 0 4 3 3 1 1 3 3 0 4 2 2 1 0 2 3 2 3 5 2 1 1 1 1 4 0 0 4 3 0 1 3 1 1 2 2 3 1 1 5 1 3 0 2 2 1 0 3 2 1 4 3 0 2 1 0 3 2 1 3 7 0 0 3 3 0 1 0 2 4 6 2 1 2 2 1 1 3 5 1 4 1 1 3 2 2 1 4 1 0 4 4 1 0 1 2 1 2 1 5 3 3 2 1 2 1 1 2 1 1 2 0 4 1 1 3 1 0 3 4 2 1 5 2 1 0 3 2 4 2 4 1 2 0 1 1 1 1 1 3 3 1 5 2 1 4 3 2 1 3 3 1 4 1 4 3 5 0 1 4 2 3 1 3 1 1 1 0 1 2 4 2 1 3 2 2 2 0 1 0 0 3 2 1 1 1 5 1 1 4 1 0 4 3 2 2 0 1 2 2 5 4 1 3 2 2 0 2 1 3 3 4 1 2 2 2 4 1 1 2 6 1 2 2 2 2 2 2 1 2 1 2 1 2 0 2 4 4 3 3 1 4 3 2 3 2 1 1 1 2 0 0 2 1 4 1 4 0 0 3 1 3 2 3 0 2 0 5 1 3 3 2 1 3 1 3 2 4 1 2 1 2 2 2 1 5 4 1 3 2 3 1 2 1 1 2 4 1 1 2 1 3 1 3 0 0 2 1 7 3 1 3 3 0 1 1 0 2 3 2 1 1 1 1 2 5 3 3 2 0 3 3 0 3 1 1 1 2 2 3 1 3 2 2 4 2 2 1 0 1 2 1 0 0 4 0 5 1 2 1 3 6 1 0 2 3 1 2 1 5 5 0 2 4 1 3 1 3 1 2 1 1 5 3 2 2 2 1 1 0 4 5 3 0 3 1 4 1 0 1 4 1 2 4 1 4 0 1 2 0 2 1 2 6 3 1 7 1 2 2 0 2 4 1 2 1 1 1 3 3 2 1 2 2 3 3 0 4 0 1 3 3 1 1 0 4 1 4 1 0 4 1 1 2 3 2 2 1 3 3 1 3 0 3 4 1 1 2 6 2 5 0 1 2 5 0 3 1 0 2 1 2 2 3 1 3 2 2 1 1 4 1 3 1 1 4 5 1 4 6 1 2 1 1 2 0 1 2 1 3 1 5 2 3 7 0 1 3 3 1 2 2 1 2 2 3 4 1 6 0 2 0 4 2 3 3 2 5 2 0 2 1 4 2 3 3 2 3 1 1 2 1 2 1 2 3 3 2 1 2 2 4 1 2 1 1 2 1 2 4 3 3 0 3 2 2 4 2 2 1 1 4 1 3 0 2 2 3 1 2 2 5 3 3 1 1 4 0 1 2 3 4 1 6 0 1 5 1 2 1 3 1 3 1 2 1 2 3 1 3 2 2 1 2 4 1 3 0 1 3 0 1 0 0 0 4 1 2 2 1 2 0 1 2 1 3 4 2 1 3 6 0 0 1 2 4 1 0 1 2 4 2 1 0 7 1 0 2 1 1 2 2 2 2 2 0 0 3 4 1 3 4 3 3 0 1 3 3 1 0 0 1 4 3 1 1 3 0 1 3 0 1 3 2 3 3 1 1 1 0 4 4 3 0 2 0 0 2 2 2 2 0 2 1 3 1 4 4 2 1 1 4 6 1 1 2 0 3 3 1 3 2 2 5 2 2 1 1 4 1 4 1 4 3 4 1 3 0 2 0 2 2 3 1 2 4 1 4 4 4 1 1 2 1 2 1 0 2 5 4 0 3 1 4 2 2 3 4 3 0 1 0 1 4 1 2 3 4 0 1 3 0 4 3 1 0 1 0 3 6 2 2 0 3 3 1 2 3 2 2 1 0 1 1 5 3 3 2 3 4 5 2 2 1 4 0 2 3 1 1 4 4 5 0 0 2 1 2 1 3 1 1 4 2 0 2 1 3 0 2 2 1 1 1 0 7 2 3 6 5 1 3 1 2 0 1 2 3 3 1 1 2 1 2 2 2 1 2 2 2 1 1 0 2 2 0 3 1 1 0 0 3 1 1 2 3 0 1 2 2 3 3 1 2 3 3 2 2 1 1 3 2 0 3 0 1 3 1 5 5 2 0 2 1 2 5 2 4 0 0 1 3 3 4 1 3 3 1 1 4 1 2 3 1 2 3 1 1 4 0 1 1 1 6 0 2 2 3 1 2 2 1 2 3 3 3 3 0 1 2 2 1 0 5 2 1 3 0 1 2 4 1 1 2 4 0 3 0 3 0 0 4 0 3 2 3 1 1 3 2 1 0 3 3 2 5 1 2 3 3 0 3 3 2 2 0 5 2 2 2 3 2 1 2 0 4 0 0 1 2 2 2 2 0 2 2 1 1 5 2 3 3 1 3 1 1 4 4 2 2 2 4 2 0 0 1 3 3 2 2 2 1 3 2 1 1 1 3 2 2 5 1 1 2 2 3 1 2 0 3 1 0 2 2 2 5 1 2 1 1 2 2 0 2 2 1 2 1 2 0 2 2 0 1 2 2 2 5 3 1 1 0 0 1 2 1 1 2 3 1 2 2 1 1 1 1 4 6 3 1 2 1 0 3 3 3 1 4 5 1 0 3 0 2 3 0 2 3 1 1 4 3 1 1 0 4 5 2 3 5 2 2 0 4 0 2 5 2 1 6 2 3 1 0 3 3 3 3 3 3 1 1 2 3 2 3 3 3 2 2 2 2 2 0 2 1 4 2 5 3 2 1 2 3 0 2 2 2 2 4 0 1 1 1 5 2 4 1 3 1 3 3 1 1 1 2 1 4 0 2 1 1 0 3 1 3 4 1 5 1 3 2 0 1 0 3 2 2 3 2 4 0 1 3 1 3 1 5 0 2 4 1 3 1 2 5 4 0 1 2 4 2 3 2 3 0 1 1 2 3 2 0 3 2 2 1 1 2 0 3 4 2 1 1 1 1 3 3 3 2 1 4 2 1 2 1 1 0 0 3 2 4 1 4 3 0 2 2 1 0 3 0 1 1 4 1 4 2 8 3 4 3 0 2 3 1 5 1 1 3 0 3 5 2 3 4 1 2 2 2 2 4 1 2 3 2 3 2 3 2 0 2 1 1 3 3 2 3 2 0 1 4 3 2 1 2 3 3 2 0 5 2 5 1 3 3 2 4 1 2 3 1 0 3 1 2 3 5 4 2 1 3 1 3 2 1 3 2 3 2 2 2 0 0 3 3 2 1 2 0 2 3 2 4 1 1 0 2 1 1 3 3 2 2 0 2 3 4 1 4 1 3 2 3 1 2 1 2 0 0 1 2 2 1 4 0 3 1 2 1 3 2 1 3 2 3 3 5 4 2 0 2 0 2 3 2 0 2 2 1 4 0 1 3 0 1 2 2 2 1 2 3 3 1 1 3 3 0 5 1 0 0 1 1 1 2 1 4 3 6 3 3 1 1 3 1 2 1 1 2 0 3 3 4 2 2 2 1 0 0 3 5 1 3 4 4 2 2 4 1 5 1 4 2 1 2 3 1 1 3 1 1 1 2 1 0 1 3 4 3 5 2 1 0 3 1 2 5 0 2 2 1 2 1 1 3 4 2 2 4 3 2 2 2 1 2 1 2 1 1 2 3 0 2 0 2 0 3 4 0 4 0 4 0 1 1 1 3 1 5 5 3 0 1 1 1 0 3 0 2 3 2 2 0 3 1 2 2 3 0 3 3 1 2 1 5 5 1 1 2 0 2 0 0 2 1 3 3 2 3 3 4 1 1 6 0 2 6 0 5 1 3 1 0 1 0 7 3 0 4 5 1 3 1 1 4 2 0 4 6 2 1 0 2 2 1 4 1 3 3 2 5 1 6 0 2 2 0 3 1 2 2 0 2 1 2 2 1 3 3 4 0 7 2 2 1 3 0 1 2 1 2 5 4 1 2 1 5 3 2 2 2 2 2 0 2 1 2 3 2 1 1 1 0 1 2 2 3 3 7 0 3 1 4 3 0 2 0 6 3 2 1 1 3 1 0 2 1 3 4 1 2 3 0 1 1 0 0 2 1 4 2 1 3 4 5 3 0 0 0 1 0 2 2 2 2 2 5 3 4 1 5 0 2 1 2 1 0 4 2 1 5 0 4 1 1 1 4 4 2 0 2 2 1 0 4 4 1 5 1 1 2 2 1 2 1 1 2 1 4 3 2 1 0 2 1 2 2 3 2 3 1 3 2 1 1 2 1 1 2 4 1 3 1 2 2 1 6 2 0 1 1 1 3 1 2 2 3 1 2 2 0 5 1 2 1 1 2 2 1 3 2 4 4 3 1 0 2 1 0 2 3 2 6 1 5 3 2 2 0 0 0 5 4 3 2 3 4 0 2 3 1 0 4 1 2 1 1 2 2 4 2 4 1 1 2 2 3 1 1 0 1 1 4 1 2 3 4 1 3 3 0 5 2 1 2 1 0 2 5 2 1 3 1 3 1 0 5 3 4 2 2 3 1 5 0 0 3 2 2 0 2 3 2 2 4 1 1 0 2 4 3 2 4 2 2 1 3 2 1 0 1 0 0 1 1 4 1 1 0 2 2 1 3 1 3 0 3 2 2 5 1 2 2 2 1 1 4 2 0 4 2 1 1 2 4 1 3 0 1 0 2 3 2 3 2 1 2 1 2 4 0 1 4 1 0 3 3 4 0 2 2 4 1 2 2 4 0 1 3 0 2 2 1 2 2 2 0 4 5 1 3 3 3 1 3 1 2 3 2 1 1 0 1 3 1 1 1 1 2 2 2 3 2 4 0 1 1 1 1 4 2 1 2 2 2 4 5 3 1 0 2 1 3 1 0 1 2 2 2 4 1 0 1 5 2 0 3 2 2 3 0 4 1 1 2 1 4 3 3 1 1 2 3 1 2 1 1 1 2 6 0 2 5 4 2 3 0 3 0 3 2 0 2 1 2 2 2 1 1 4 0 4 1 4 1 2 4 2 2 4 3 4 1 2 1 1 1 1 0 2 1 0 1 2 2 4 3 5 0 5 1 0 2 0 5 0 3 1 6 1 2 0 2 1 1 1 2 0 1 1 1 5 6 2 1 2 2 2 4 1 2 2 7 7 0 2 0 0 3 1 2 1 1 0 2 1 3 1 2 1 0 1 0 4 4 2 1 0 2 2 2 2 3 2 1 3 1 2 1 3 2 3 2 3 0 1 2 2 1 1 1 0 2 3 1 1 3 2 1 3 1 2 2 0 1 3 3 0 2 3 2 3 3 1 2 4 2 6 3 1 3 1 0 1 1 1 0 3 3 1 2 2 0 11 2 3 2 0 2 1 4 1 2 3 2 3 4 0 2 1 2 3 0 2 0 2 0 3 1 1 3 4 0 2 2 1 1 2 2 2 1 0 2 3 2 0 3 2 2 0 1 4 2 4 3 2 0 2 3 4 3 3 1 0 3 3 1 2 3 1 4 0 2 2 2 1 3 3 5 3 2 3 3 0 3 2 1 2 2 2 1 4 3 1 1 1 1 2 4 1 1 2 0 1 3 0 1 4 1 2 4 3 1 1 1 2 2 3 0 1 3 2 2 2 3 4 2 3 4 1 3 4 1 3 2 3 3 0 2 4 2 2 5 1 1 1 2 1 3 6 1 1 0 4 1 3 1 2 4 1 2 4 1 1 4 2 4 2 6 0 1 2 3 0 5 4 1 2 1 7 3 1 1 2 3 1 0 1 1 3 2 1 2 2 4 2 1 0 4 3 0 2 1 1 5 1 4 4 1 0 1 5 2 3 1 0 1 4 0 1 3 2 3 3 1 0 2 3 1 2 2 2 3 2 2 1 3 0 6 2 3 3 2 3 1 3 2 0 1 1 0 3 1 2 2 1 3 2 2 2 3 0 2 0 2 3 0 2 1 6 1 4 1 1 0 1 4 2 3 0 3 2 0 4 1 2 1 0 0 0 2 2 2 2 2 1 1 2 1 2 2 1 3 3 2 4 3 2 1 1 2 1 0 2 0 3 3 2 2 3 2 1 0 3 4 2 1 3 5 2 0 0 5 0 1 1 3 1 1 1 2 4 4 1 1 1 1 0 1 3 1 3 3 1 1 2 1 3 2 3 4 1 2 2 2 2 4 6 0 2 4 2 5 1 2 1 1 1 0 1 4 0 1 1 3 2 2 2 2 3 2 2 0 3 3 2 4 2 2 0 3 3 1 0 2 2 3 0 3 3 1 4 1 2 0 1 1 4 3 0 1 3 2 2 0 2 2 4 2 2 3 0 4 3 1 1 3 1 2 6 2 1 2 6 1 0 0 1 2 1 5 1 0 2 1 1 2 1 2 0 1 3 4 3 3 1 2 2 4 2 3 1 4 0 2 3 3 2 1 1 0 2 3 3 3 1 0 3 1 3 4 1 2 1 2 2 1 4 3 1 3 0 4 1 1 2 1 1 0 3 0 2 1 4 0 3 2 2 2 2 2 2 3 0 2 0 1 1 1 1 4 3 2 2 0 3 6 3 0 2 1 2 3 1 0 2 3 1 1 3 1 0 1 2 5 3 3 4 3 0 0 3 4 1 2 3 1 2 3 2 0 1 2 3 4 2 2 1 3 1 1 3 1 3 2 0 3 3 3 2 1 1 0 0 3 2 3 5 2 0 3 2 0 0 2 1 1 3 1 3 1 0 1 3 2 1 2 0 1 2 2 3 3 1 2 3 1 1 1 1 3 0 1 2 4 2 3 1 4 2 1 3 2 0 1 2 4 6 2 2 2 3 4 1 1 1 0 1 3 1 4 6 1 0 0 1 2 0 3 1 2 2 1 4 2 1 3 2 1 0 2 0 1 2 1 2 1 3 1 3 2 1 3 0 2 1 2 1 1 2 1 0 4 2 2 1 2 4 3 1 2 5 2 1 3 1 1 1 1 4 2 0 1 0 1 5 3 1 1 2 5 1 1 1 1 2 5 2 1 1 0 2 2 3 3 1 1 2 1 1 0 2 3 3 2 2 2 2 3 2 1 5 2 1 1 1 1 1 1 2 2 3 2 3 1 1 1 2 3 2 2 1 4 1 2 3 2 3 1 1 3 5 3 1 1 2 1 2 0 0 1 4 2 2 5 0 1 3 0 2 3 2 2 5 1 2 0 1 5 3 3 4 3 2 0 1 0 3 2 3 1 4 1 3 1 4 1 1 0 1 0 0 1 1 0 1 3 3 3 1 5 2 1 0 1 2 0 1 4 2 3 1 3 1 0 1 1 3 1 1 3 5 3 2 4 1 0 1 4 2 0 2 2 1 1 1 4 4 5 1 0 3 3 1 2 1 2 5 2 3 1 1 1 2 1 1 3 2 2 3 2 1 2 1 2 0 3 0 1 0 4 0 5 2 1 2 0 2 2 3 1 3 1 4 0 1 3 3 0 3 1 1 0 2 3 3 0 1 1 2 0 1 5 4 2 2 1 3 2 5 2 2 3 1 1 0 2 1 3 2 3 1 3 3 2 2 1 2 3 2 0 4 3 0 2 1 3 0 0 0 1 0 2 2 1 2 2 4 1 0 5 2 1 1 0 0 3 3 3 2 2 1 0 1 2 2 2 3 1 4 0 1 1 1 2 8 3 1 3 3 5 2 2 1 3 3 3 4 1 1 0 3 1 4 1 1 2 0 1 2 2 0 2 4 3 1 1 1 4 3 2 1 0 2 1 1 1 1 1 1 2 4 3 4 1 1 0 2 0 2 1 4 2 3 3 2 2 1 1 4 1 1 2 1 1 3 0 2 0 3 2 3 3 0 2 1 0 3 3 1 1 2 2 3 0 1 3 4 1 2 2 5 1 1 0 1 1 2 2 2 1 3 1 1 3 3 1 1 1 1 0 3 2 3 5 1 1 6 3 1 2 0 0 3 3 3 3 3 0 2 1 2 3 5 3 1 0 4 2 0 0 7 2 1 5 3 2 1 3 0 2 3 2 2 3 2 5 1 2 1 0 1 3 4 1 0 3 2 1 0 3 5 0 0 0 3 0 1 0 3 1 1 0 1 5 2 3 2 0 2 3 1 1 1 0 1 5 2 0 1 3 2 1 4 2 1 3 0 4 0 4 2 2 1 0 0 2 3 2 1 2 3 4 4 0 1 1 5 1 0 2 5 1 3 1 1 1 1 2 0 2 5 1 3 3 2 2 3 2 3 0 2 3 5 2 5 1 1 2 0 2 3 1 2 3 5 3 1 2 4 5 3 2 1 1 3 2 2 0 1 3 1 2 2 0 3 0 3 1 1 3 1 0 0 1 0 2 5 1 1 0 2 2 1 0 6 4 0 3 2 4 2 1 1 2 1 3 1 3 0 3 4 4 0 0 0 0 3 0 2 5 1 2 3 2 1 0 2 3 6 1 3 0 1 2 3 4 1 3 4 1 3 4 2 1 4 1 1 3 2 1 1 1 3 3 2 1 1 4 0 2 3 4 1 2 1 1 2 1 1 4 1 2 1 2 2 4 1 1 2 0 1 2 1 1 4 2 3 1 0 2 1 4 4 3 2 3 3 3 2 1 1 4 1 2 2 3 3 1 2 5 1 1 2 1 1 2 0 2 4 0 4 9 0 2 3 0 2 2 3 1 1 1 3 1 1 1 3 2 0 4 0 4 3 2 3 0 2 3 3 1 0 3 4 4 1 6 2 2 3 0 4 2 2 3 1 1 0 0 2 2 4 1 0 3 1 3 3 2 1 1 3 2 3 2 2 1 2 2 1 4 5 1 1 3 5 0 1 3 3 2 3 2 1 2 4 2 3 1 1 2 1 4 1 2 6 2 3 3 0 2 2 3 3 3 3 3 0 2 4 0 1 1 3 4 1 3 4 3 2 0 0 1 3 2 5 4 3 1 4 1 2 2 1 3 0 3 2 1 5 3 1 2 2 1 5 0 2 0 1 3 1 2 3 3 0 1 4 2 3 3 3 1 2 2 0 1 3 2 3 3 5 2 1 2 2 2 0 5 0 0 2 2 1 5 0 3 1 2 0 2 1 5 2 2 1 4 1 2 0 0 1 5 1 3 0 2 0 0 6 2 3 3 1 0 5 2 2 1 1 2 1 3 2 1 3 3 0 4 1 2 1 3 3 3 3 5 2 2 2 0 0 3 3 0 2 2 0 5 2 4 0 5 2 2 3 2 3 2 2 2 2 4 1 2 0 1 3 1 3 0 0 4 1 1 4 4 2 5 1 1 2 2 1 2 1 2 2 2 2 4 2 1 2 3 1 2 1 2 4 4 1 3 2 2 5 1 1 2 2 3 3 1 3 2 3 4 1 1 3 1 3 2 2 5 1 0 1 1 4 0 0 1 2 2 3 1 2 6 2 2 2 2 2 3 1 2 2 4 1 1 3 3 5 0 2 1 4 0 1 3 3 3 2 0 0 2 2 1 3 2 1 2 2 5 2 2 1 2 0 3 0 2 2 3 3 1 0 2 2 4 3 4 2 0 1 1 0 1 0 2 0 0 4 1 4 1 5 2 1 1 0 5 2 3 4 1 2 0 1 3 0 2 6 2 1 2 1 0 1 1 1 5 2 5 1 0 0 1 1 4 1 2 2 1 2 4 0 1 2 1 2 3 3 1 0 2 3 2 4 3 1 1 1 3 0 2 1 2 2 1 0 2 1 2 3 2 1 4 3 1 3 4 1 3 1 0 0 2 3 1 1 3 4 0 4 3 3 2 2 3 1 1 0 2 1 2 3 2 4 2 1 2 2 0 4 2 0 2 3 2 3 1 2 3 1 2 1 2 3 3 3 3 1 2 1 4 1 0 6 1 2 3 3 2 2 2 5 5 1 1 2 2 3 2 1 2 1 3 2 2 2 6 1 1 1 1 3 5 1 1 2 2 2 0 0 2 1 1 2 1 2 1 2 1 3 2 1 0 1 1 1 1 0 4 2 5 2 7 1 1 0 3 3 2 4 1 3 2 6 0 2 2 2 1 1 2 1 4 3 2 2 2 1 3 0 3 2 2 2 2 0 2 5 3 5 1 1 4 0 0 1 2 0 1 2 3 2 1 1 1 2 3 2 3 1 3 2 3 0 3 4 2 0 3 1 2 2 2 2 3 3 3 0 1 1 2 4 4 3 4 1 0 6 0 5 4 1 1 3 0 4 1 3 1 2 5 2 1 0 3 1 2 2 3 1 1 2 2 3 4 0 1 1 2 2 1 0 3 2 1 5 2 2 1 3 4 4 2 1 2 2 0 4 1 1 1 1 2 2 4 2 5 5 3 1 3 0 2 2 2 1 4 3 0 2 3 2 3 1 1 5 2 4 4 0 1 1 2 5 3 3 4 1 3 3 1 2 1 1 2 3 4 1 1 4 3 0 2 2 1 2 1 2 3 2 4 2 2 2 1 3 1 4 3 6 2 6 2 2 2 1 2 3 2 3 1 2 6 1 4 2 3 0 3 1 3 1 2 5 1 1 2 1 2 2 2 2 2 1 4 1 0 2 2 2 2 3 2 4 2 1 2 3 3 1 2 3 2 4 2 1 3 5 1 2 3 0 1 2 3 2 2 3 1 3 1 2 1 2 4 2 3 4 3 0 4 1 2 3 2 5 2 0 3 3 0 2 5 1 0 5 4 2 2 0 0 2 0 3 4 2 2 1 1 4 2 0 1 1 1 1 3 4 2 4 4 0 2 2 1 2 2 3 1 1 4 1 2 3 2 3 0 5 1 1 2 5 1 2 1 4 1 3 1 0 2 2 0 3 1 3 0 2 0 1 3 4 0 3 2 2 1 0 2 3 4 1 0 1 0 1 1 3 2 5 1 3 2 3 3 1 2 0 1 2 4 2 1 0 3 2 2 1 2 0 3 5 3 1 1 2 4 2 2 3 2 1 0 1 3 0 1 0 1 3 2 3 5 3 2 2 3 0 1 1 4 2 2 1 4 1 4 4 0 2 3 2 2 3 1 2 4 2 1 3 1 5 4 1 0 4 2 1 4 3 2 2 1 2 3 2 2 1 2 4 0 1 2 0 1 2 1 2 1 3 4 0 1 1 2 1 1 3 1 3 2 4 0 2 5 2 3 4 1 1 0 2 0 2 2 4 1 0 4 1 4 3 3 2 1 2 4 1 3 0 4 2 2 4 3 1 0 1 3 1 1 2 2 4 4 4 2 1 4 2 2 1 1 1 3 1 0 3 3 3 1 3 2 3 1 2 4 1 1 2 0 0 2 1 5 3 3 1 5 0 2 3 1 3 3 1 2 2 1 2 1 4 4 1 1 3 1 2 4 0 2 2 4 0 2 1 1 0 1 1 2 4 0 3 1 3 0 2 4 2 3 1 4 1 2 2 4 2 4 4 1 1 3 3 1 0 4 2 4 1 2 2 3 3 1 3 1 3 4 0 1 4 2 1 4 1 0 1 2 3 3 2 1 4 1 2 1 2 5 1 0 2 2 0 1 1 1 3 3 2 1 6 3 0 0 0 4 1 1 4 0 3 3 3 3 1 2 1 3 0 1 4 1 1 2 2 3 2 2 3 4 5 1 1 3 1 1 1 1 1 4 3 2 4 4 2 3 1 1 1 0 3 3 3 3 2 3 2 0 1 3 4 1 1 1 0 2 0 4 6 3 1 3 1 5 1 2 4 1 5 0 0 0 0 6 1 2 2 2 1 0 1 1 0 1 2 1 5 1 4 1 2 2 3 1 2 2 3 1 2 3 2 2 2 2 1 2 5 5 2 4 0 1 4 2 1 2 3 3 3 3 1 1 1 3 3 1 0 2 0 1 2 2 0 2 3 3 4 1 4 1 1 1 5 2 0 4 0 1 1 3 5 3 1 4 2 2 2 4 0 2 0 2 6 1 1 1 0 3 4 0 0 7 3 1 1 2 3 1 3 0 3 1 3 1 3 0 2 4 2 2 0 2 0 1 2 1 4 3 1 2 2 4 0 1 1 1 2 1 4 0 3 2 3 0 2 0 2 5 2 1 2 5 2 3 2 4 1 2 2 2 2 0 1 2 1 2 1 4 5 2 2 3 1 0 1 1 2 1 1 2 1 2 3 0 5 1 1 2 2 4 1 3 1 2 2 3 0 0 1 4 0 2 2 0 3 2 6 3 1 2 2 0 0 3 2 2 1 3 5 0 2 1 1 1 1 2 3 1 3 3 2 1 0 2 2 2 1 0 1 0 2 2 2 2 2 1 1 4 1 0 1 2 4 3 1 5 2 1 1 3 0 3 2 3 1 1 1 4 1 1 5 3 1 1 1 2 2 1 1 2 3 4 3 2 2 3 1 3 2 2 1 3 0 1 2 1 4 2 4 2 1 2 1 2 1 3 2 0 6 2 1 2 1 3 1 1 2 6 1 3 0 2 1 0 3 2 2 1 1 2 1 1 2 4 1 3 0 3 2 1 4 3 2 0 3 1 2 3 4 4 0 3 1 0 2 3 4 4 1 2 2 2 1 1 5 2 0 0 0 0 1 2 2 1 1 4 4 4 4 2 1 2 2 2 0 1 3 1 4 1 1 2 4 0 1 0 2 3 2 1 4 0 3 3 3 0 1 2 3 2 4 2 1 1 0 2 0 3 1 1 4 1 2 2 4 2 0 5 3 0 4 4 3 1 2 2 3 1 2 0 3 1 1 1 3 2 1 3 3 9 1 1 2 2 3 1 2 0 2 0 2 1 1 3 3 1 2 3 2 2 1 1 2 1 1 4 1 1 1 1 2 3 1 1 2 2 3 2 2 3 3 0 1 2 0 0 0 2 4 2 2 1 3 0 2 2 1 0 1 0 2 2 3 0 4 2 2 3 2 2 0 2 1 3 0 1 5 3 2 2 1 2 0 3 2 4 3 2 4 2 3 
</Matrix>
   <Matrix name="xloc" type="complete" rows="1" columns="900" multiplier="1.0">
   0 1 2 3 4 5 6 7 8 9 10 11 12 13 14 15 16 17 18 19 20 21 22 23 24 25 26 27 28 29 0 1 2 3 4 5 6 7 8 9 10 11 12 13 14 15 16 17 18 19 20 21 22 23 24 25 26 27 28 29 0 1 2 3 4 5 6 7 8 9 10 11 12 13 14 15 16 17 18 19 20 21 22 23 24 25 26 27 28 29 0 1 2 3 4 5 6 7 8 9 10 11 12 13 14 15 16 17 18 19 20 21 22 23 24 25 26 27 28 29 0 1 2 3 4 5 6 7 8 9 10 11 12 13 14 15 16 17 18 19 20 21 22 23 24 25 26 27 28 29 0 1 2 3 4 5 6 7 8 9 10 11 12 13 14 15 16 17 18 19 20 21 22 23 24 25 26 27 28 29 0 1 2 3 4 5 6 7 8 9 10 11 12 13 14 15 16 17 18 19 20 21 22 23 24 25 26 27 28 29 0 1 2 3 4 5 6 7 8 9 10 11 12 13 14 15 16 17 18 19 20 21 22 23 24 25 26 27 28 29 0 1 2 3 4 5 6 7 8 9 10 11 12 13 14 15 16 17 18 19 20 21 22 23 24 25 26 27 28 29 0 1 2 3 4 5 6 7 8 9 10 11 12 13 14 15 16 17 18 19 20 21 22 23 24 25 26 27 28 29 0 1 2 3 4 5 6 7 8 9 10 11 12 13 14 15 16 17 18 19 20 21 22 23 24 25 26 27 28 29 0 1 2 3 4 5 6 7 8 9 10 11 12 13 14 15 16 17 18 19 20 21 22 23 24 25 26 27 28 29 0 1 2 3 4 5 6 7 8 9 10 11 12 13 14 15 16 17 18 19 20 21 22 23 24 25 26 27 28 29 0 1 2 3 4 5 6 7 8 9 10 11 12 13 14 15 16 17 18 19 20 21 22 23 24 25 26 27 28 29 0 1 2 3 4 5 6 7 8 9 10 11 12 13 14 15 16 17 18 19 20 21 22 23 24 25 26 27 28 29 0 1 2 3 4 5 6 7 8 9 10 11 12 13 14 15 16 17 18 19 20 21 22 23 24 25 26 27 28 29 0 1 2 3 4 5 6 7 8 9 10 11 12 13 14 15 16 17 18 19 20 21 22 23 24 25 26 27 28 29 0 1 2 3 4 5 6 7 8 9 10 11 12 13 14 15 16 17 18 19 20 21 22 23 24 25 26 27 28 29 0 1 2 3 4 5 6 7 8 9 10 11 12 13 14 15 16 17 18 19 20 21 22 23 24 25 26 27 28 29 0 1 2 3 4 5 6 7 8 9 10 11 12 13 14 15 16 17 18 19 20 21 22 23 24 25 26 27 28 29 0 1 2 3 4 5 6 7 8 9 10 11 12 13 14 15 16 17 18 19 20 21 22 23 24 25 26 27 28 29 0 1 2 3 4 5 6 7 8 9 10 11 12 13 14 15 16 17 18 19 20 21 22 23 24 25 26 27 28 29 0 1 2 3 4 5 6 7 8 9 10 11 12 13 14 15 16 17 18 19 20 21 22 23 24 25 26 27 28 29 0 1 2 3 4 5 6 7 8 9 10 11 12 13 14 15 16 17 18 19 20 21 22 23 24 25 26 27 28 29 0 1 2 3 4 5 6 7 8 9 10 11 12 13 14 15 16 17 18 19 20 21 22 23 24 25 26 27 28 29 0 1 2 3 4 5 6 7 8 9 10 11 12 13 14 15 16 17 18 19 20 21 22 23 24 25 26 27 28 29 0 1 2 3 4 5 6 7 8 9 10 11 12 13 14 15 16 17 18 19 20 21 22 23 24 25 26 27 28 29 0 1 2 3 4 5 6 7 8 9 10 11 12 13 14 15 16 17 18 19 20 21 22 23 24 25 26 27 28 29 0 1 2 3 4 5 6 7 8 9 10 11 12 13 14 15 16 17 18 19 20 21 22 23 24 25 26 27 28 29 0 1 2 3 4 5 6 7 8 9 10 11 12 13 14 15 16 17 18 19 20 21 22 23 24 25 26 27 28 29 
</Matrix>
   <Matrix name="yloc" type="complete" rows="1" columns="900" multiplier="1.0">
   0 0 0 0 0 0 0 0 0 0 0 0 0 0 0 0 0 0 0 0 0 0 0 0 0 0 0 0 0 0 1 1 1 1 1 1 1 1 1 1 1 1 1 1 1 1 1 1 1 1 1 1 1 1 1 1 1 1 1 1 2 2 2 2 2 2 2 2 2 2 2 2 2 2 2 2 2 2 2 2 2 2 2 2 2 2 2 2 2 2 3 3 3 3 3 3 3 3 3 3 3 3 3 3 3 3 3 3 3 3 3 3 3 3 3 3 3 3 3 3 4 4 4 4 4 4 4 4 4 4 4 4 4 4 4 4 4 4 4 4 4 4 4 4 4 4 4 4 4 4 5 5 5 5 5 5 5 5 5 5 5 5 5 5 5 5 5 5 5 5 5 5 5 5 5 5 5 5 5 5 6 6 6 6 6 6 6 6 6 6 6 6 6 6 6 6 6 6 6 6 6 6 6 6 6 6 6 6 6 6 7 7 7 7 7 7 7 7 7 7 7 7 7 7 7 7 7 7 7 7 7 7 7 7 7 7 7 7 7 7 8 8 8 8 8 8 8 8 8 8 8 8 8 8 8 8 8 8 8 8 8 8 8 8 8 8 8 8 8 8 9 9 9 9 9 9 9 9 9 9 9 9 9 9 9 9 9 9 9 9 9 9 9 9 9 9 9 9 9 9 10 10 10 10 10 10 10 10 10 10 10 10 10 10 10 10 10 10 10 10 10 10 10 10 10 10 10 10 10 10 11 11 11 11 11 11 11 11 11 11 11 11 11 11 11 11 11 11 11 11 11 11 11 11 11 11 11 11 11 11 12 12 12 12 12 12 12 12 12 12 12 12 12 12 12 12 12 12 12 12 12 12 12 12 12 12 12 12 12 12 13 13 13 13 13 13 13 13 13 13 13 13 13 13 13 13 13 13 13 13 13 13 13 13 13 13 13 13 13 13 14 14 14 14 14 14 14 14 14 14 14 14 14 14 14 14 14 14 14 14 14 14 14 14 14 14 14 14 14 14 15 15 15 15 15 15 15 15 15 15 15 15 15 15 15 15 15 15 15 15 15 15 15 15 15 15 15 15 15 15 16 16 16 16 16 16 16 16 16 16 16 16 16 16 16 16 16 16 16 16 16 16 16 16 16 16 16 16 16 16 17 17 17 17 17 17 17 17 17 17 17 17 17 17 17 17 17 17 17 17 17 17 17 17 17 17 17 17 17 17 18 18 18 18 18 18 18 18 18 18 18 18 18 18 18 18 18 18 18 18 18 18 18 18 18 18 18 18 18 18 19 19 19 19 19 19 19 19 19 19 19 19 19 19 19 19 19 19 19 19 19 19 19 19 19 19 19 19 19 19 20 20 20 20 20 20 20 20 20 20 20 20 20 20 20 20 20 20 20 20 20 20 20 20 20 20 20 20 20 20 21 21 21 21 21 21 21 21 21 21 21 21 21 21 21 21 21 21 21 21 21 21 21 21 21 21 21 21 21 21 22 22 22 22 22 22 22 22 22 22 22 22 22 22 22 22 22 22 22 22 22 22 22 22 22 22 22 22 22 22 23 23 23 23 23 23 23 23 23 23 23 23 23 23 23 23 23 23 23 23 23 23 23 23 23 23 23 23 23 23 24 24 24 24 24 24 24 24 24 24 24 24 24 24 24 24 24 24 24 24 24 24 24 24 24 24 24 24 24 24 25 25 25 25 25 25 25 25 25 25 25 25 25 25 25 25 25 25 25 25 25 25 25 25 25 25 25 25 25 25 26 26 26 26 26 26 26 26 26 26 26 26 26 26 26 26 26 26 26 26 26 26 26 26 26 26 26 26 26 26 27 27 27 27 27 27 27 27 27 27 27 27 27 27 27 27 27 27 27 27 27 27 27 27 27 27 27 27 27 27 28 28 28 28 28 28 28 28 28 28 28 28 28 28 28 28 28 28 28 28 28 28 28 28 28 28 28 28 28 28 29 29 29 29 29 29 29 29 29 29 29 29 29 29 29 29 29 29 29 29 29 29 29 29 29 29 29 29 29 29 
</Matrix>
   <Matrix name="neuronTypes" type="complete" rows="1" columns="900" multiplier="1.0">
   2 2 2 2 2 2 2 2 2 2 2 2 2 2 2 2 2 2 2 2 2 2 2 2 2 2 2 2 2 2 2 2 2 2 2 2 2 2 2 2 2 2 2 2 2 2 2 2 2 2 2 2 2 2 2 2 2 2 2 2 2 2 2 2 2 2 2 2 2 2 2 2 2 2 2 2 2 2 2 2 2 2 2 2 2 2 2 2 2 2 2 2 2 1 2 2 2 2 2 2 2 2 2 1 2 2 2 2 2 2 2 2 2 1 2 2 2 2 2 2 2 2 2 2 2 2 2 2 2 2 2 2 2 2 2 2 2 2 2 2 2 2 2 2 2 2 2 2 2 2 2 2 2 2 2 2 2 2 2 2 2 2 2 2 2 2 2 2 2 2 2 2 2 2 2 2 2 2 2 2 2 2 2 2 2 2 1 2 2 2 2 2 2 2 2 2 1 2 2 2 2 2 2 2 2 2 1 2 2 2 2 2 2 2 2 2 2 2 2 2 2 2 2 2 2 2 2 2 2 2 2 2 2 2 2 2 2 2 2 2 2 2 2 2 2 2 2 2 2 2 2 2 2 2 2 2 2 2 2 2 2 2 2 2 2 2 2 2 2 2 2 2 2 2 2 2 2 2 2 2 2 2 2 2 2 2 2 2 2 2 2 2 2 2 2 2 2 2 2 2 2 2 2 2 2 2 2 2 2 2 2 2 2 2 2 2 2 2 2 2 2 2 2 2 2 2 2 2 2 2 2 2 2 2 2 2 2 2 2 2 2 2 2 2 2 2 2 2 2 2 2 2 2 2 2 2 2 2 2 2 2 2 2 2 2 2 2 2 2 2 2 2 2 2 2 2 2 2 2 2 2 2 2 2 2 2 2 2 2 2 2 2 2 1 2 2 2 2 2 2 2 2 2 1 2 2 2 2 2 2 2 2 2 1 2 2 2 2 2 2 2 2 2 2 2 2 2 2 2 2 2 2 2 2 2 2 2 2 2 2 2 2 2 2 2 2 2 2 2 2 2 2 2 2 2 2 2 2 2 2 2 2 2 2 2 2 2 2 2 2 2 2 2 2 2 2 2 2 2 2 2 2 2 2 2 2 1 2 2 2 2 2 2 2 2 2 1 2 2 2 2 2 2 2 2 2 1 2 2 2 2 2 2 2 2 2 2 2 2 2 2 2 2 2 2 2 2 2 2 2 2 2 2 2 2 2 2 2 2 2 2 2 2 2 2 2 2 2 2 2 2 2 2 2 2 2 2 2 2 2 2 2 2 2 2 2 2 2 2 2 2 2 2 2 2 2 2 2 2 2 2 2 2 2 2 2 2 2 2 2 2 2 2 2 2 2 2 2 2 2 2 2 2 2 2 2 2 2 2 2 2 2 2 2 2 2 2 2 2 2 2 2 2 2 2 2 2 2 2 2 2 2 2 2 2 2 2 2 2 2 2 2 2 2 2 2 2 2 2 2 2 2 2 2 2 2 2 2 2 2 2 2 2 2 2 2 2 2 2 2 2 2 2 2 2 2 2 2 2 2 2 2 2 2 2 2 2 2 2 2 2 2 2 1 2 2 2 2 2 2 2 2 2 1 2 2 2 2 2 2 2 2 2 1 2 2 2 2 2 2 2 2 2 2 2 2 2 2 2 2 2 2 2 2 2 2 2 2 2 2 2 2 2 2 2 2 2 2 2 2 2 2 2 2 2 2 2 2 2 2 2 2 2 2 2 2 2 2 2 2 2 2 2 2 2 2 2 2 2 2 2 2 2 2 2 2 1 2 2 2 2 2 2 2 2 2 1 2 2 2 2 2 2 2 2 2 1 2 2 2 2 2 2 2 2 2 2 2 2 2 2 2 2 2 2 2 2 2 2 2 2 2 2 2 2 2 2 2 2 2 2 2 2 2 2 2 2 2 2 2 2 2 2 2 2 2 2 2 2 2 2 2 2 2 2 2 2 2 2 2 2 2 2 2 2 2 2 2 2 2 2 2 2 2 2 2 2 2 2 2 2 2 2 2 2 2 2 2 2 2 
</Matrix>
   <Matrix name="starterNeurons" type="complete" rows="1" columns="90" multiplier="1.0">
   31 121 211 331 421 511 631 721 811 34 124 214 334 424 514 634 724 814 7 97 187 277 307 397 487 577 607 697 787 877 41 131 221 341 431 521 641 731 821 44 134 224 344 434 524 644 734 824 17 107 197 287 317 407 497 587 617 707 797 887 51 141 231 351 441 531 651 741 831 54 144 234 354 444 534 654 744 834 27 117 207 297 327 417 507 597 627 717 807 897 
</Matrix>
   <Matrix name="neuronThresh" type="complete" rows="1" columns="900" multiplier="1.0">
   0.015 0.015 0.015 0.015 0.015 0.015 0.015 0.0136439 0.015 0.015 0.015 0.015 0.015 0.015 0.015 0.015 0.015 0.0135698 0.015 0.015 0.015 0.015 0.015 0.015 0.015 0.015 0.015 0.0136035 0.015 0.015 0.015 0.0136205 0.015 0.015 0.0136548 0.015 0.015 0.015 0.015 0.015 0.015 0.0136523 0.015 0.015 0.0135773 0.015 0.015 0.015 0.015 0.015 0.015 0.0136396 0.015 0.015 0.0135992 0.015 0.015 0.015 0.015 0.015 0.015 0.015 0.015 0.015 0.015 0.015 0.015 0.015 0.015 0.015 0.015 0.015 0.015 0.015 0.015 0.015 0.015 0.015 0.015 0.015 0.015 0.015 0.015 0.015 0.015 0.015 0.015 0.015 0.015 0.015 0.015 0.015 0.015 0.015 0.015 0.015 0.015 0.0136163 0.015 0.015 0.015 0.015 0.015 0.015 0.015 0.015 0.015 0.0136357 0.015 0.015 0.015 0.015 0.015 0.015 0.015 0.015 0.015 0.0136223 0.015 0.015 0.015 0.0136272 0.015 0.015 0.0135701 0.015 0.015 0.015 0.015 0.015 0.015 0.0135748 0.015 0.015 0.0135779 0.015 0.015 0.015 0.015 0.015 0.015 0.0136135 0.015 0.015 0.0136465 0.015 0.015 0.015 0.015 0.015 0.015 0.015 0.015 0.015 0.015 0.015 0.015 0.015 0.015 0.015 0.015 0.015 0.015 0.015 0.015 0.015 0.015 0.015 0.015 0.015 0.015 0.015 0.015 0.015 0.015 0.015 0.015 0.015 0.015 0.015 0.015 0.015 0.015 0.015 0.015 0.015 0.015 0.0136323 0.015 0.015 0.015 0.015 0.015 0.015 0.015 0.015 0.015 0.013608 0.015 0.015 0.015 0.015 0.015 0.015 0.015 0.015 0.015 0.0136095 0.015 0.015 0.015 0.013569 0.015 0.015 0.0135809 0.015 0.015 0.015 0.015 0.015 0.015 0.0136278 0.015 0.015 0.0135908 0.015 0.015 0.015 0.015 0.015 0.015 0.0136468 0.015 0.015 0.0135825 0.015 0.015 0.015 0.015 0.015 0.015 0.015 0.015 0.015 0.015 0.015 0.015 0.015 0.015 0.015 0.015 0.015 0.015 0.015 0.015 0.015 0.015 0.015 0.015 0.015 0.015 0.015 0.015 0.015 0.015 0.015 0.015 0.015 0.015 0.015 0.015 0.015 0.015 0.015 0.015 0.015 0.015 0.0136072 0.015 0.015 0.015 0.015 0.015 0.015 0.015 0.015 0.015 0.0135994 0.015 0.015 0.015 0.015 0.015 0.015 0.015 0.015 0.015 0.0136304 0.015 0.015 0.015 0.015 0.015 0.015 0.015 0.015 0.015 0.0135665 0.015 0.015 0.015 0.015 0.015 0.015 0.015 0.015 0.015 0.0136164 0.015 0.015 0.015 0.015 0.015 0.015 0.015 0.015 0.015 0.0135824 0.015 0.015 0.015 0.0136507 0.015 0.015 0.0136407 0.015 0.015 0.015 0.015 0.015 0.015 0.0135699 0.015 0.015 0.0136457 0.015 0.015 0.015 0.015 0.015 0.015 0.0136186 0.015 0.015 0.0135945 0.015 0.015 0.015 0.015 0.015 0.015 0.015 0.015 0.015 0.015 0.015 0.015 0.015 0.015 0.015 0.015 0.015 0.015 0.015 0.015 0.015 0.015 0.015 0.015 0.015 0.015 0.015 0.015 0.015 0.015 0.015 0.015 0.015 0.015 0.015 0.015 0.015 0.015 0.015 0.015 0.015 0.015 0.0136527 0.015 0.015 0.015 0.015 0.015 0.015 0.015 0.015 0.015 0.0135869 0.015 0.015 0.015 0.015 0.015 0.015 0.015 0.015 0.015 0.0136385 0.015 0.015 0.015 0.0136004 0.015 0.015 0.0136322 0.015 0.015 0.015 0.015 0.015 0.015 0.0136261 0.015 0.015 0.0135684 0.015 0.015 0.015 0.015 0.015 0.015 0.0135713 0.015 0.015 0.0135878 0.015 0.015 0.015 0.015 0.015 0.015 0.015 0.015 0.015 0.015 0.015 0.015 0.015 0.015 0.015 0.015 0.015 0.015 0.015 0.015 0.015 0.015 0.015 0.015 0.015 0.015 0.015 0.015 0.015 0.015 0.015 0.015 0.015 0.015 0.015 0.015 0.015 0.015 0.015 0.015 0.015 0.015 0.0136541 0.015 0.015 0.015 0.015 0.015 0.015 0.015 0.015 0.015 0.013566 0.015 0.015 0.015 0.015 0.015 0.015 0.015 0.015 0.015 0.0135852 0.015 0.015 0.015 0.0136505 0.015 0.015 0.0135879 0.015 0.015 0.015 0.015 0.015 0.015 0.0136236 0.015 0.015 0.0136144 0.015 0.015 0.015 0.015 0.015 0.015 0.0136034 0.015 0.015 0.0135984 0.015 0.015 0.015 0.015 0.015 0.015 0.015 0.015 0.015 0.015 0.015 0.015 0.015 0.015 0.015 0.015 0.015 0.015 0.015 0.015 0.015 0.015 0.015 0.015 0.015 0.015 0.015 0.015 0.015 0.015 0.015 0.015 0.015 0.015 0.015 0.015 0.015 0.015 0.015 0.015 0.015 0.015 0.0136147 0.015 0.015 0.015 0.015 0.015 0.015 0.015 0.015 0.015 0.0136514 0.015 0.015 0.015 0.015 0.015 0.015 0.015 0.015 0.015 0.0136411 0.015 0.015 0.015 0.015 0.015 0.015 0.015 0.015 0.015 0.0136191 0.015 0.015 0.015 0.015 0.015 0.015 0.015 0.015 0.015 0.0135718 0.015 0.015 0.015 0.015 0.015 0.015 0.015 0.015 0.015 0.013576 0.015 0.015 0.015 0.0136071 0.015 0.015 0.0136263 0.015 0.015 0.015 0.015 0.015 0.015 0.0136053 0.015 0.015 0.0136438 0.015 0.015 0.015 0.015 0.015 0.015 0.0136535 0.015 0.015 0.0136371 0.015 0.015 0.015 0.015 0.015 0.015 0.015 0.015 0.015 0.015 0.015 0.015 0.015 0.015 0.015 0.015 0.015 0.015 0.015 0.015 0.015 0.015 0.015 0.015 0.015 0.015 0.015 0.015 0.015 0.015 0.015 0.015 0.015 0.015 0.015 0.015 0.015 0.015 0.015 0.015 0.015 0.015 0.0136276 0.015 0.015 0.015 0.015 0.015 0.015 0.015 0.015 0.015 0.0135897 0.015 0.015 0.015 0.015 0.015 0.015 0.015 0.015 0.015 0.0135677 0.015 0.015 0.015 0.0135831 0.015 0.015 0.0136462 0.015 0.015 0.015 0.015 0.015 0.015 0.0135891 0.015 0.015 0.0136239 0.015 0.015 0.015 0.015 0.015 0.015 0.0136447 0.015 0.015 0.0135898 0.015 0.015 0.015 0.015 0.015 0.015 0.015 0.015 0.015 0.015 0.015 0.015 0.015 0.015 0.015 0.015 0.015 0.015 0.015 0.015 0.015 0.015 0.015 0.015 0.015 0.015 0.015 0.015 0.015 0.015 0.015 0.015 0.015 0.015 0.015 0.015 0.015 0.015 0.015 0.015 0.015 0.015 0.0135851 0.015 0.015 0.015 0.015 0.015 0.015 0.015 0.015 0.015 0.0136368 0.015 0.015 0.015 0.015 0.015 0.015 0.015 0.015 0.015 0.0136232 0.015 0.015 0.015 0.0135709 0.015 0.015 0.0135869 0.015 0.015 0.015 0.015 0.015 0.015 0.013615 0.015 0.015 0.0136361 0.015 0.015 0.015 0.015 0.015 0.015 0.013633 0.015 0.015 0.0135895 0.015 0.015 0.015 0.015 0.015 0.015 0.015 0.015 0.015 0.015 0.015 0.015 0.015 0.015 0.015 0.015 0.015 0.015 0.015 0.015 0.015 0.015 0.015 0.015 0.015 0.015 0.015 0.015 0.015 0.015 0.015 0.015 0.015 0.015 0.015 0.015 0.015 0.015 0.015 0.015 0.015 0.015 0.0136087 0.015 0.015 0.015 0.015 0.015 0.015 0.015 0.015 0.015 0.0136257 0.015 0.015 0.015 0.015 0.015 0.015 0.015 0.015 0.015 0.0136321 0.015 0.015 
</Matrix>
   <Matrix name="Tsim" type="complete" rows="1" columns="1" multiplier="1.0">
   100
</Matrix>
   <Matrix name="simulationEndTime" type="complete" rows="1" columns="1" multiplier="1.0">
   2000
</Matrix>
</SimState>
